[2024-12-22T07:26:59.696+0000] {processor.py:161} INFO - Started process (PID=96) to work on /home/airflow/.local/lib/python3.12/site-packages/airflow/example_dags/example_datasets.py
[2024-12-22T07:26:59.698+0000] {processor.py:830} INFO - Processing file /home/airflow/.local/lib/python3.12/site-packages/airflow/example_dags/example_datasets.py for tasks to queue
[2024-12-22T07:26:59.700+0000] {logging_mixin.py:188} INFO - [2024-12-22T07:26:59.699+0000] {dagbag.py:545} INFO - Filling up the DagBag from /home/airflow/.local/lib/python3.12/site-packages/airflow/example_dags/example_datasets.py
[2024-12-22T07:26:59.725+0000] {processor.py:840} INFO - DAG(s) 'dataset_consumes_1', 'consume_1_or_both_2_and_3_with_dataset_expressions', 'dataset_consumes_1_and_2', 'dataset_consumes_1_never_scheduled', 'consume_1_or_2_with_dataset_expressions', 'consume_1_and_2_with_dataset_expressions', 'dataset_consumes_unknown_never_scheduled', 'dataset_produces_1', 'conditional_dataset_and_time_based_timetable', 'dataset_produces_2' retrieved from /home/airflow/.local/lib/python3.12/site-packages/airflow/example_dags/example_datasets.py
[2024-12-22T07:26:59.812+0000] {logging_mixin.py:188} INFO - [2024-12-22T07:26:59.811+0000] {dag.py:3096} INFO - Sync 10 DAGs
[2024-12-22T07:26:59.851+0000] {logging_mixin.py:188} INFO - [2024-12-22T07:26:59.851+0000] {dag.py:3954} INFO - Setting next_dagrun for conditional_dataset_and_time_based_timetable to 2024-12-18 01:00:00+00:00, run_after=2024-12-18 01:00:00+00:00
[2024-12-22T07:26:59.858+0000] {logging_mixin.py:188} INFO - [2024-12-22T07:26:59.858+0000] {dag.py:3954} INFO - Setting next_dagrun for consume_1_and_2_with_dataset_expressions to None, run_after=None
[2024-12-22T07:26:59.861+0000] {logging_mixin.py:188} INFO - [2024-12-22T07:26:59.861+0000] {dag.py:3954} INFO - Setting next_dagrun for consume_1_or_2_with_dataset_expressions to None, run_after=None
[2024-12-22T07:26:59.864+0000] {logging_mixin.py:188} INFO - [2024-12-22T07:26:59.864+0000] {dag.py:3954} INFO - Setting next_dagrun for consume_1_or_both_2_and_3_with_dataset_expressions to None, run_after=None
[2024-12-22T07:26:59.867+0000] {logging_mixin.py:188} INFO - [2024-12-22T07:26:59.866+0000] {dag.py:3954} INFO - Setting next_dagrun for dataset_consumes_1 to None, run_after=None
[2024-12-22T07:26:59.869+0000] {logging_mixin.py:188} INFO - [2024-12-22T07:26:59.869+0000] {dag.py:3954} INFO - Setting next_dagrun for dataset_consumes_1_and_2 to None, run_after=None
[2024-12-22T07:26:59.872+0000] {logging_mixin.py:188} INFO - [2024-12-22T07:26:59.872+0000] {dag.py:3954} INFO - Setting next_dagrun for dataset_consumes_1_never_scheduled to None, run_after=None
[2024-12-22T07:26:59.874+0000] {logging_mixin.py:188} INFO - [2024-12-22T07:26:59.874+0000] {dag.py:3954} INFO - Setting next_dagrun for dataset_consumes_unknown_never_scheduled to None, run_after=None
[2024-12-22T07:26:59.879+0000] {logging_mixin.py:188} INFO - [2024-12-22T07:26:59.878+0000] {dag.py:3954} INFO - Setting next_dagrun for dataset_produces_1 to 2024-12-21 00:00:00+00:00, run_after=2024-12-22 00:00:00+00:00
[2024-12-22T07:26:59.881+0000] {logging_mixin.py:188} INFO - [2024-12-22T07:26:59.881+0000] {dag.py:3954} INFO - Setting next_dagrun for dataset_produces_2 to None, run_after=None
[2024-12-22T07:26:59.968+0000] {processor.py:183} INFO - Processing /home/airflow/.local/lib/python3.12/site-packages/airflow/example_dags/example_datasets.py took 0.277 seconds
[2024-12-22T07:27:31.066+0000] {processor.py:161} INFO - Started process (PID=154) to work on /home/airflow/.local/lib/python3.12/site-packages/airflow/example_dags/example_datasets.py
[2024-12-22T07:27:31.067+0000] {processor.py:830} INFO - Processing file /home/airflow/.local/lib/python3.12/site-packages/airflow/example_dags/example_datasets.py for tasks to queue
[2024-12-22T07:27:31.070+0000] {logging_mixin.py:188} INFO - [2024-12-22T07:27:31.069+0000] {dagbag.py:545} INFO - Filling up the DagBag from /home/airflow/.local/lib/python3.12/site-packages/airflow/example_dags/example_datasets.py
[2024-12-22T07:27:31.090+0000] {processor.py:840} INFO - DAG(s) 'consume_1_or_2_with_dataset_expressions', 'dataset_consumes_1_and_2', 'consume_1_or_both_2_and_3_with_dataset_expressions', 'consume_1_and_2_with_dataset_expressions', 'dataset_produces_1', 'conditional_dataset_and_time_based_timetable', 'dataset_produces_2', 'dataset_consumes_1', 'dataset_consumes_1_never_scheduled', 'dataset_consumes_unknown_never_scheduled' retrieved from /home/airflow/.local/lib/python3.12/site-packages/airflow/example_dags/example_datasets.py
[2024-12-22T07:27:31.200+0000] {logging_mixin.py:188} INFO - [2024-12-22T07:27:31.199+0000] {dag.py:3096} INFO - Sync 10 DAGs
[2024-12-22T07:27:31.258+0000] {logging_mixin.py:188} INFO - [2024-12-22T07:27:31.257+0000] {dag.py:3954} INFO - Setting next_dagrun for conditional_dataset_and_time_based_timetable to 2024-12-18 01:00:00+00:00, run_after=2024-12-18 01:00:00+00:00
[2024-12-22T07:27:31.266+0000] {logging_mixin.py:188} INFO - [2024-12-22T07:27:31.266+0000] {dag.py:3954} INFO - Setting next_dagrun for consume_1_and_2_with_dataset_expressions to None, run_after=None
[2024-12-22T07:27:31.270+0000] {logging_mixin.py:188} INFO - [2024-12-22T07:27:31.270+0000] {dag.py:3954} INFO - Setting next_dagrun for consume_1_or_2_with_dataset_expressions to None, run_after=None
[2024-12-22T07:27:31.274+0000] {logging_mixin.py:188} INFO - [2024-12-22T07:27:31.273+0000] {dag.py:3954} INFO - Setting next_dagrun for consume_1_or_both_2_and_3_with_dataset_expressions to None, run_after=None
[2024-12-22T07:27:31.277+0000] {logging_mixin.py:188} INFO - [2024-12-22T07:27:31.277+0000] {dag.py:3954} INFO - Setting next_dagrun for dataset_consumes_1 to None, run_after=None
[2024-12-22T07:27:31.283+0000] {logging_mixin.py:188} INFO - [2024-12-22T07:27:31.283+0000] {dag.py:3954} INFO - Setting next_dagrun for dataset_consumes_1_and_2 to None, run_after=None
[2024-12-22T07:27:31.287+0000] {logging_mixin.py:188} INFO - [2024-12-22T07:27:31.287+0000] {dag.py:3954} INFO - Setting next_dagrun for dataset_consumes_1_never_scheduled to None, run_after=None
[2024-12-22T07:27:31.291+0000] {logging_mixin.py:188} INFO - [2024-12-22T07:27:31.290+0000] {dag.py:3954} INFO - Setting next_dagrun for dataset_consumes_unknown_never_scheduled to None, run_after=None
[2024-12-22T07:27:31.299+0000] {logging_mixin.py:188} INFO - [2024-12-22T07:27:31.298+0000] {dag.py:3954} INFO - Setting next_dagrun for dataset_produces_1 to 2024-12-21 00:00:00+00:00, run_after=2024-12-22 00:00:00+00:00
[2024-12-22T07:27:31.305+0000] {logging_mixin.py:188} INFO - [2024-12-22T07:27:31.304+0000] {dag.py:3954} INFO - Setting next_dagrun for dataset_produces_2 to None, run_after=None
[2024-12-22T07:27:31.884+0000] {logging_mixin.py:188} INFO - [2024-12-22T07:27:31.883+0000] {process_utils.py:263} INFO - Waiting up to 5 seconds for processes to exit...
