[2024-12-23T17:17:35.070+0000] {local_task_job_runner.py:120} INFO - ::group::Pre task execution logs
[2024-12-23T17:17:35.104+0000] {taskinstance.py:2076} INFO - Dependencies all met for dep_context=non-requeueable deps ti=<TaskInstance: streaming_pipeline.start manual__2024-12-23T17:17:32.821041+00:00 [queued]>
[2024-12-23T17:17:35.115+0000] {taskinstance.py:2076} INFO - Dependencies all met for dep_context=requeueable deps ti=<TaskInstance: streaming_pipeline.start manual__2024-12-23T17:17:32.821041+00:00 [queued]>
[2024-12-23T17:17:35.117+0000] {taskinstance.py:2306} INFO - Starting attempt 1 of 1
[2024-12-23T17:17:35.135+0000] {taskinstance.py:2330} INFO - Executing <Task(PythonOperator): start> on 2024-12-23 17:17:32.821041+00:00
[2024-12-23T17:17:35.142+0000] {standard_task_runner.py:63} INFO - Started process 232 to run task
[2024-12-23T17:17:35.145+0000] {standard_task_runner.py:90} INFO - Running: ['***', 'tasks', 'run', 'streaming_pipeline', 'start', 'manual__2024-12-23T17:17:32.821041+00:00', '--job-id', '135', '--raw', '--subdir', 'DAGS_FOLDER/pipeline_stream.py', '--cfg-path', '/tmp/tmpnplly2hi']
[2024-12-23T17:17:35.147+0000] {standard_task_runner.py:91} INFO - Job 135: Subtask start
[2024-12-23T17:17:35.206+0000] {task_command.py:426} INFO - Running <TaskInstance: streaming_pipeline.start manual__2024-12-23T17:17:32.821041+00:00 [running]> on host 0b4a5bf62610
[2024-12-23T17:17:35.311+0000] {taskinstance.py:2648} INFO - Exporting env vars: AIRFLOW_CTX_DAG_OWNER='***' AIRFLOW_CTX_DAG_ID='streaming_pipeline' AIRFLOW_CTX_TASK_ID='start' AIRFLOW_CTX_EXECUTION_DATE='2024-12-23T17:17:32.821041+00:00' AIRFLOW_CTX_TRY_NUMBER='1' AIRFLOW_CTX_DAG_RUN_ID='manual__2024-12-23T17:17:32.821041+00:00'
[2024-12-23T17:17:35.312+0000] {taskinstance.py:430} INFO - ::endgroup::
[2024-12-23T17:17:35.341+0000] {logging_mixin.py:188} INFO - Hello from func_1
[2024-12-23T17:17:35.342+0000] {logging_mixin.py:188} INFO - File:  /opt/***/dags/pipeline_stream.py
[2024-12-23T17:17:35.343+0000] {logging_mixin.py:188} INFO - Path:  /opt/***/dags/pipeline_stream.py
[2024-12-23T17:17:35.344+0000] {logging_mixin.py:188} INFO - Root:  E:/BigData_2/MyProject
[2024-12-23T17:17:35.344+0000] {logging_mixin.py:188} INFO - File test:  /opt/***/data/new/2024/green_tripdata_2024-03.parquet
[2024-12-23T17:17:35.345+0000] {logging_mixin.py:188} INFO - Args simulation:  Args(table_name='green_trip_raw_2024_3', time_sleep=2, file_path='/opt/***/data/new/2024/green_tripdata_2024-03.parquet', bootstrap_servers='broker:29092', topic_image='raw_image_2024_3', topic_speech='raw_speech_2024_3', max_message_size=5242880, clear_table_first=False, signal_file=None, image_path='/opt/***/data/image/green_taxi_image.jpg', speech_path='/opt/***/data/speech/taxi_conversation.mp3')
[2024-12-23T17:17:35.347+0000] {logging_mixin.py:188} INFO - Args spark streaming:  Args(jars_dir='/opt/***/jars', bootstrap_servers='broker:29092', bucket_name='raw', year='2024', month='3', topic_cdc_db='streaming.public.green_trip_raw_2024_3', minio_access_key='Xs27nx9M4HgPQ5PXZiUE', minio_secret_key='8iifKZlUZh1NRbepsISUMdg1CxlaIC6OSPQk5X59', minio_endpoint='192.168.1.9:9000')
[2024-12-23T17:17:35.348+0000] {logging_mixin.py:188} INFO - Args image streaming:  Args(minio_endpoint='192.168.1.9:9000', minio_access_key='Xs27nx9M4HgPQ5PXZiUE', minio_secret_key='8iifKZlUZh1NRbepsISUMdg1CxlaIC6OSPQk5X59', bucket_name='raw', prefix='image', kafka_topic='raw_image_2024_3', bootstrap_servers='broker:29092')
[2024-12-23T17:17:35.349+0000] {logging_mixin.py:188} INFO - Args speech streaming:  Args(minio_endpoint='192.168.1.9:9000', minio_access_key='Xs27nx9M4HgPQ5PXZiUE', minio_secret_key='8iifKZlUZh1NRbepsISUMdg1CxlaIC6OSPQk5X59', bucket_name='raw', prefix='speech', kafka_topic='raw_speech_2024_3', bootstrap_servers='broker:29092')
[2024-12-23T17:17:35.350+0000] {python.py:237} INFO - Done. Returned value was: None
[2024-12-23T17:17:35.351+0000] {taskinstance.py:441} INFO - ::group::Post task execution logs
[2024-12-23T17:17:35.363+0000] {taskinstance.py:1206} INFO - Marking task as SUCCESS. dag_id=streaming_pipeline, task_id=start, run_id=manual__2024-12-23T17:17:32.821041+00:00, execution_date=20241223T171732, start_date=20241223T171735, end_date=20241223T171735
[2024-12-23T17:17:35.398+0000] {local_task_job_runner.py:240} INFO - Task exited with return code 0
[2024-12-23T17:17:35.424+0000] {taskinstance.py:3503} INFO - 4 downstream tasks scheduled from follow-on schedule check
[2024-12-23T17:17:35.428+0000] {local_task_job_runner.py:222} INFO - ::endgroup::
