[2024-12-23T15:45:30.139+0000] {local_task_job_runner.py:120} INFO - ::group::Pre task execution logs
[2024-12-23T15:45:30.177+0000] {taskinstance.py:2076} INFO - Dependencies all met for dep_context=non-requeueable deps ti=<TaskInstance: streaming_pipeline.image_to_datalake manual__2024-12-23T15:45:25.571079+00:00 [queued]>
[2024-12-23T15:45:30.191+0000] {taskinstance.py:2076} INFO - Dependencies all met for dep_context=requeueable deps ti=<TaskInstance: streaming_pipeline.image_to_datalake manual__2024-12-23T15:45:25.571079+00:00 [queued]>
[2024-12-23T15:45:30.192+0000] {taskinstance.py:2306} INFO - Starting attempt 1 of 1
[2024-12-23T15:45:30.210+0000] {taskinstance.py:2330} INFO - Executing <Task(PythonOperator): image_to_datalake> on 2024-12-23 15:45:25.571079+00:00
[2024-12-23T15:45:30.219+0000] {standard_task_runner.py:63} INFO - Started process 539 to run task
[2024-12-23T15:45:30.222+0000] {standard_task_runner.py:90} INFO - Running: ['***', 'tasks', 'run', 'streaming_pipeline', 'image_to_datalake', 'manual__2024-12-23T15:45:25.571079+00:00', '--job-id', '130', '--raw', '--subdir', 'DAGS_FOLDER/pipeline_stream.py', '--cfg-path', '/tmp/tmpegu99b0c']
[2024-12-23T15:45:30.225+0000] {standard_task_runner.py:91} INFO - Job 130: Subtask image_to_datalake
[2024-12-23T15:45:30.293+0000] {task_command.py:426} INFO - Running <TaskInstance: streaming_pipeline.image_to_datalake manual__2024-12-23T15:45:25.571079+00:00 [running]> on host 0b4a5bf62610
[2024-12-23T15:45:30.406+0000] {taskinstance.py:2648} INFO - Exporting env vars: AIRFLOW_CTX_DAG_OWNER='***' AIRFLOW_CTX_DAG_ID='streaming_pipeline' AIRFLOW_CTX_TASK_ID='image_to_datalake' AIRFLOW_CTX_EXECUTION_DATE='2024-12-23T15:45:25.571079+00:00' AIRFLOW_CTX_TRY_NUMBER='1' AIRFLOW_CTX_DAG_RUN_ID='manual__2024-12-23T15:45:25.571079+00:00'
[2024-12-23T15:45:30.408+0000] {taskinstance.py:430} INFO - ::endgroup::
[2024-12-23T15:45:30.453+0000] {logging_mixin.py:188} INFO - Bucket raw already exists, skip creating!
[2024-12-23T15:45:30.457+0000] {conn.py:362} INFO - <BrokerConnection node_id=bootstrap-0 host=broker:29092 <connecting> [IPv4 ('172.19.0.4', 29092)]>: connecting to broker:29092 [('172.19.0.4', 29092) IPv4]
[2024-12-23T15:45:30.459+0000] {conn.py:957} INFO - Probing node bootstrap-0 broker version
[2024-12-23T15:45:30.461+0000] {conn.py:393} INFO - <BrokerConnection node_id=bootstrap-0 host=broker:29092 <connecting> [IPv4 ('172.19.0.4', 29092)]>: Connection complete.
[2024-12-23T15:45:30.576+0000] {conn.py:1019} INFO - Broker version identified as 2.6.0
[2024-12-23T15:45:30.578+0000] {conn.py:1020} INFO - Set configuration api_version=(2, 6, 0) to skip auto check_version requests on startup
[2024-12-23T15:45:30.580+0000] {consumer.py:122} WARNING - group_id is None: disabling auto-commit.
[2024-12-23T15:45:30.582+0000] {subscription_state.py:167} INFO - Updating subscribed topics to: ('raw_image_2024_3',)
[2024-12-23T15:45:30.583+0000] {logging_mixin.py:188} INFO - Start consuming messages...
[2024-12-23T15:45:30.889+0000] {subscription_state.py:253} INFO - Updated partition assignment: [('raw_image_2024_3', 0)]
[2024-12-23T15:45:30.891+0000] {conn.py:362} INFO - <BrokerConnection node_id=1 host=broker:29092 <connecting> [IPv4 ('172.19.0.4', 29092)]>: connecting to broker:29092 [('172.19.0.4', 29092) IPv4]
[2024-12-23T15:45:30.892+0000] {conn.py:393} INFO - <BrokerConnection node_id=1 host=broker:29092 <connecting> [IPv4 ('172.19.0.4', 29092)]>: Connection complete.
[2024-12-23T15:45:30.893+0000] {conn.py:673} INFO - <BrokerConnection node_id=bootstrap-0 host=broker:29092 <connected> [IPv4 ('172.19.0.4', 29092)]>: Closing connection. 
[2024-12-23T15:45:31.334+0000] {logging_mixin.py:188} INFO - File đã được lưu thành công vào MinIO: image/2024/3/20240300000001.jpg
[2024-12-23T15:45:33.733+0000] {logging_mixin.py:188} INFO - File đã được lưu thành công vào MinIO: image/2024/3/20240300000002.jpg
[2024-12-23T15:45:36.050+0000] {logging_mixin.py:188} INFO - File đã được lưu thành công vào MinIO: image/2024/3/20240300000003.jpg
[2024-12-23T15:45:38.348+0000] {logging_mixin.py:188} INFO - File đã được lưu thành công vào MinIO: image/2024/3/20240300000004.jpg
[2024-12-23T15:45:40.666+0000] {logging_mixin.py:188} INFO - File đã được lưu thành công vào MinIO: image/2024/3/20240300000005.jpg
[2024-12-23T15:45:42.965+0000] {logging_mixin.py:188} INFO - File đã được lưu thành công vào MinIO: image/2024/3/20240300000006.jpg
[2024-12-23T15:45:45.289+0000] {logging_mixin.py:188} INFO - File đã được lưu thành công vào MinIO: image/2024/3/20240300000007.jpg
[2024-12-23T15:45:47.575+0000] {logging_mixin.py:188} INFO - File đã được lưu thành công vào MinIO: image/2024/3/20240300000008.jpg
[2024-12-23T15:45:49.852+0000] {logging_mixin.py:188} INFO - File đã được lưu thành công vào MinIO: image/2024/3/20240300000009.jpg
[2024-12-23T15:45:52.167+0000] {logging_mixin.py:188} INFO - File đã được lưu thành công vào MinIO: image/2024/3/20240300000010.jpg
[2024-12-23T15:45:54.507+0000] {logging_mixin.py:188} INFO - File đã được lưu thành công vào MinIO: image/2024/3/20240300000011.jpg
[2024-12-23T15:45:56.800+0000] {logging_mixin.py:188} INFO - File đã được lưu thành công vào MinIO: image/2024/3/20240300000012.jpg
[2024-12-23T15:45:59.169+0000] {logging_mixin.py:188} INFO - File đã được lưu thành công vào MinIO: image/2024/3/20240300000013.jpg
[2024-12-23T15:46:01.453+0000] {logging_mixin.py:188} INFO - File đã được lưu thành công vào MinIO: image/2024/3/20240300000014.jpg
[2024-12-23T15:46:03.739+0000] {logging_mixin.py:188} INFO - File đã được lưu thành công vào MinIO: image/2024/3/20240300000015.jpg
[2024-12-23T15:46:06.054+0000] {logging_mixin.py:188} INFO - File đã được lưu thành công vào MinIO: image/2024/3/20240300000016.jpg
[2024-12-23T15:46:08.787+0000] {logging_mixin.py:188} INFO - File đã được lưu thành công vào MinIO: image/2024/3/20240300000017.jpg
[2024-12-23T15:46:11.072+0000] {logging_mixin.py:188} INFO - File đã được lưu thành công vào MinIO: image/2024/3/20240300000018.jpg
[2024-12-23T15:46:13.350+0000] {logging_mixin.py:188} INFO - File đã được lưu thành công vào MinIO: image/2024/3/20240300000019.jpg
[2024-12-23T15:46:15.652+0000] {logging_mixin.py:188} INFO - File đã được lưu thành công vào MinIO: image/2024/3/20240300000020.jpg
[2024-12-23T15:46:18.000+0000] {logging_mixin.py:188} INFO - File đã được lưu thành công vào MinIO: image/2024/3/20240300000021.jpg
[2024-12-23T15:46:20.640+0000] {logging_mixin.py:188} INFO - File đã được lưu thành công vào MinIO: image/2024/3/20240300000022.jpg
[2024-12-23T15:46:23.011+0000] {logging_mixin.py:188} INFO - File đã được lưu thành công vào MinIO: image/2024/3/20240300000023.jpg
[2024-12-23T15:46:25.511+0000] {logging_mixin.py:188} INFO - File đã được lưu thành công vào MinIO: image/2024/3/20240300000024.jpg
[2024-12-23T15:46:27.912+0000] {logging_mixin.py:188} INFO - File đã được lưu thành công vào MinIO: image/2024/3/20240300000025.jpg
[2024-12-23T15:46:30.182+0000] {logging_mixin.py:188} INFO - File đã được lưu thành công vào MinIO: image/2024/3/20240300000026.jpg
[2024-12-23T15:46:32.480+0000] {logging_mixin.py:188} INFO - File đã được lưu thành công vào MinIO: image/2024/3/20240300000027.jpg
[2024-12-23T15:46:34.829+0000] {logging_mixin.py:188} INFO - File đã được lưu thành công vào MinIO: image/2024/3/20240300000028.jpg
[2024-12-23T15:46:37.161+0000] {logging_mixin.py:188} INFO - File đã được lưu thành công vào MinIO: image/2024/3/20240300000029.jpg
[2024-12-23T15:46:39.505+0000] {logging_mixin.py:188} INFO - File đã được lưu thành công vào MinIO: image/2024/3/20240300000030.jpg
[2024-12-23T15:46:41.974+0000] {logging_mixin.py:188} INFO - File đã được lưu thành công vào MinIO: image/2024/3/20240300000031.jpg
[2024-12-23T15:46:44.304+0000] {logging_mixin.py:188} INFO - File đã được lưu thành công vào MinIO: image/2024/3/20240300000032.jpg
[2024-12-23T15:46:46.572+0000] {logging_mixin.py:188} INFO - File đã được lưu thành công vào MinIO: image/2024/3/20240300000033.jpg
[2024-12-23T15:46:48.848+0000] {logging_mixin.py:188} INFO - File đã được lưu thành công vào MinIO: image/2024/3/20240300000034.jpg
[2024-12-23T15:46:51.166+0000] {logging_mixin.py:188} INFO - File đã được lưu thành công vào MinIO: image/2024/3/20240300000035.jpg
[2024-12-23T15:46:53.518+0000] {logging_mixin.py:188} INFO - File đã được lưu thành công vào MinIO: image/2024/3/20240300000036.jpg
[2024-12-23T15:46:55.997+0000] {logging_mixin.py:188} INFO - File đã được lưu thành công vào MinIO: image/2024/3/20240300000037.jpg
[2024-12-23T15:46:58.562+0000] {logging_mixin.py:188} INFO - File đã được lưu thành công vào MinIO: image/2024/3/20240300000038.jpg
[2024-12-23T15:47:00.850+0000] {logging_mixin.py:188} INFO - File đã được lưu thành công vào MinIO: image/2024/3/20240300000039.jpg
[2024-12-23T15:47:03.143+0000] {logging_mixin.py:188} INFO - File đã được lưu thành công vào MinIO: image/2024/3/20240300000040.jpg
[2024-12-23T15:47:05.468+0000] {logging_mixin.py:188} INFO - File đã được lưu thành công vào MinIO: image/2024/3/20240300000041.jpg
[2024-12-23T15:47:07.814+0000] {logging_mixin.py:188} INFO - File đã được lưu thành công vào MinIO: image/2024/3/20240300000042.jpg
[2024-12-23T15:47:10.253+0000] {logging_mixin.py:188} INFO - File đã được lưu thành công vào MinIO: image/2024/3/20240300000043.jpg
[2024-12-23T15:47:12.660+0000] {logging_mixin.py:188} INFO - File đã được lưu thành công vào MinIO: image/2024/3/20240300000044.jpg
[2024-12-23T15:47:14.978+0000] {logging_mixin.py:188} INFO - File đã được lưu thành công vào MinIO: image/2024/3/20240300000045.jpg
[2024-12-23T15:47:17.244+0000] {logging_mixin.py:188} INFO - File đã được lưu thành công vào MinIO: image/2024/3/20240300000046.jpg
[2024-12-23T15:47:19.527+0000] {logging_mixin.py:188} INFO - File đã được lưu thành công vào MinIO: image/2024/3/20240300000047.jpg
[2024-12-23T15:47:21.811+0000] {logging_mixin.py:188} INFO - File đã được lưu thành công vào MinIO: image/2024/3/20240300000048.jpg
[2024-12-23T15:47:24.163+0000] {logging_mixin.py:188} INFO - File đã được lưu thành công vào MinIO: image/2024/3/20240300000049.jpg
[2024-12-23T15:47:26.496+0000] {logging_mixin.py:188} INFO - File đã được lưu thành công vào MinIO: image/2024/3/20240300000050.jpg
[2024-12-23T15:47:28.787+0000] {logging_mixin.py:188} INFO - File đã được lưu thành công vào MinIO: image/2024/3/20240300000051.jpg
[2024-12-23T15:47:31.105+0000] {logging_mixin.py:188} INFO - File đã được lưu thành công vào MinIO: image/2024/3/20240300000052.jpg
[2024-12-23T15:47:33.403+0000] {logging_mixin.py:188} INFO - File đã được lưu thành công vào MinIO: image/2024/3/20240300000053.jpg
[2024-12-23T15:47:35.785+0000] {logging_mixin.py:188} INFO - File đã được lưu thành công vào MinIO: image/2024/3/20240300000054.jpg
[2024-12-23T15:47:38.045+0000] {logging_mixin.py:188} INFO - File đã được lưu thành công vào MinIO: image/2024/3/20240300000055.jpg
[2024-12-23T15:47:40.322+0000] {logging_mixin.py:188} INFO - File đã được lưu thành công vào MinIO: image/2024/3/20240300000056.jpg
[2024-12-23T15:47:42.589+0000] {logging_mixin.py:188} INFO - File đã được lưu thành công vào MinIO: image/2024/3/20240300000057.jpg
[2024-12-23T15:47:44.907+0000] {logging_mixin.py:188} INFO - File đã được lưu thành công vào MinIO: image/2024/3/20240300000058.jpg
[2024-12-23T15:47:47.266+0000] {logging_mixin.py:188} INFO - File đã được lưu thành công vào MinIO: image/2024/3/20240300000059.jpg
[2024-12-23T15:47:49.523+0000] {logging_mixin.py:188} INFO - File đã được lưu thành công vào MinIO: image/2024/3/20240300000060.jpg
[2024-12-23T15:47:51.788+0000] {logging_mixin.py:188} INFO - File đã được lưu thành công vào MinIO: image/2024/3/20240300000061.jpg
[2024-12-23T15:47:54.071+0000] {logging_mixin.py:188} INFO - File đã được lưu thành công vào MinIO: image/2024/3/20240300000062.jpg
[2024-12-23T15:47:56.400+0000] {logging_mixin.py:188} INFO - File đã được lưu thành công vào MinIO: image/2024/3/20240300000063.jpg
[2024-12-23T15:47:58.715+0000] {logging_mixin.py:188} INFO - File đã được lưu thành công vào MinIO: image/2024/3/20240300000064.jpg
[2024-12-23T15:48:01.007+0000] {logging_mixin.py:188} INFO - File đã được lưu thành công vào MinIO: image/2024/3/20240300000065.jpg
[2024-12-23T15:48:03.366+0000] {logging_mixin.py:188} INFO - File đã được lưu thành công vào MinIO: image/2024/3/20240300000066.jpg
[2024-12-23T15:48:05.660+0000] {logging_mixin.py:188} INFO - File đã được lưu thành công vào MinIO: image/2024/3/20240300000067.jpg
[2024-12-23T15:48:08.017+0000] {logging_mixin.py:188} INFO - File đã được lưu thành công vào MinIO: image/2024/3/20240300000068.jpg
[2024-12-23T15:48:10.420+0000] {logging_mixin.py:188} INFO - File đã được lưu thành công vào MinIO: image/2024/3/20240300000069.jpg
[2024-12-23T15:48:12.794+0000] {logging_mixin.py:188} INFO - File đã được lưu thành công vào MinIO: image/2024/3/20240300000070.jpg
[2024-12-23T15:48:15.096+0000] {logging_mixin.py:188} INFO - File đã được lưu thành công vào MinIO: image/2024/3/20240300000071.jpg
[2024-12-23T15:48:17.379+0000] {logging_mixin.py:188} INFO - File đã được lưu thành công vào MinIO: image/2024/3/20240300000072.jpg
[2024-12-23T15:48:19.689+0000] {logging_mixin.py:188} INFO - File đã được lưu thành công vào MinIO: image/2024/3/20240300000073.jpg
[2024-12-23T15:48:21.993+0000] {logging_mixin.py:188} INFO - File đã được lưu thành công vào MinIO: image/2024/3/20240300000074.jpg
[2024-12-23T15:48:24.278+0000] {logging_mixin.py:188} INFO - File đã được lưu thành công vào MinIO: image/2024/3/20240300000075.jpg
[2024-12-23T15:48:26.549+0000] {logging_mixin.py:188} INFO - File đã được lưu thành công vào MinIO: image/2024/3/20240300000076.jpg
[2024-12-23T15:48:26.834+0000] {local_task_job_runner.py:124} ERROR - Received SIGTERM. Terminating subprocesses
[2024-12-23T15:48:26.839+0000] {process_utils.py:132} INFO - Sending 15 to group 539. PIDs of all processes in the group: [539]
[2024-12-23T15:48:26.840+0000] {process_utils.py:87} INFO - Sending the signal 15 to group 539
[2024-12-23T15:48:26.848+0000] {taskinstance.py:2611} ERROR - Received SIGTERM. Terminating subprocesses.
[2024-12-23T15:48:26.852+0000] {taskinstance.py:441} INFO - ::group::Post task execution logs
[2024-12-23T15:48:26.889+0000] {taskinstance.py:2905} ERROR - Task failed with exception
Traceback (most recent call last):
  File "/home/airflow/.local/lib/python3.12/site-packages/airflow/models/taskinstance.py", line 465, in _execute_task
    result = _execute_callable(context=context, **execute_callable_kwargs)
             ^^^^^^^^^^^^^^^^^^^^^^^^^^^^^^^^^^^^^^^^^^^^^^^^^^^^^^^^^^^^^
  File "/home/airflow/.local/lib/python3.12/site-packages/airflow/models/taskinstance.py", line 432, in _execute_callable
    return execute_callable(context=context, **execute_callable_kwargs)
           ^^^^^^^^^^^^^^^^^^^^^^^^^^^^^^^^^^^^^^^^^^^^^^^^^^^^^^^^^^^^
  File "/home/airflow/.local/lib/python3.12/site-packages/airflow/models/baseoperator.py", line 401, in wrapper
    return func(self, *args, **kwargs)
           ^^^^^^^^^^^^^^^^^^^^^^^^^^^
  File "/home/airflow/.local/lib/python3.12/site-packages/airflow/operators/python.py", line 235, in execute
    return_value = self.execute_callable()
                   ^^^^^^^^^^^^^^^^^^^^^^^
  File "/home/airflow/.local/lib/python3.12/site-packages/airflow/operators/python.py", line 252, in execute_callable
    return self.python_callable(*self.op_args, **self.op_kwargs)
           ^^^^^^^^^^^^^^^^^^^^^^^^^^^^^^^^^^^^^^^^^^^^^^^^^^^^^
  File "/opt/airflow/dags/stream_processing/streaming_image_to_dl.py", line 59, in image_to_dl
    for message in consumer:
  File "/home/airflow/.local/lib/python3.12/site-packages/kafka/consumer/group.py", line 1203, in __next__
    return self.next_v2()
           ^^^^^^^^^^^^^^
  File "/home/airflow/.local/lib/python3.12/site-packages/kafka/consumer/group.py", line 1211, in next_v2
    return next(self._iterator)
           ^^^^^^^^^^^^^^^^^^^^
  File "/home/airflow/.local/lib/python3.12/site-packages/kafka/consumer/group.py", line 1126, in _message_generator_v2
    record_map = self.poll(timeout_ms=timeout_ms, update_offsets=False)
                 ^^^^^^^^^^^^^^^^^^^^^^^^^^^^^^^^^^^^^^^^^^^^^^^^^^^^^^
  File "/home/airflow/.local/lib/python3.12/site-packages/kafka/consumer/group.py", line 663, in poll
    records = self._poll_once(remaining, max_records, update_offsets=update_offsets)
              ^^^^^^^^^^^^^^^^^^^^^^^^^^^^^^^^^^^^^^^^^^^^^^^^^^^^^^^^^^^^^^^^^^^^^^
  File "/home/airflow/.local/lib/python3.12/site-packages/kafka/consumer/group.py", line 712, in _poll_once
    self._client.poll(timeout_ms=timeout_ms)
  File "/home/airflow/.local/lib/python3.12/site-packages/kafka/client_async.py", line 601, in poll
    self._poll(timeout / 1000)
  File "/home/airflow/.local/lib/python3.12/site-packages/kafka/client_async.py", line 633, in _poll
    ready = self._selector.select(timeout)
            ^^^^^^^^^^^^^^^^^^^^^^^^^^^^^^
  File "/usr/local/lib/python3.12/selectors.py", line 468, in select
    fd_event_list = self._selector.poll(timeout, max_ev)
                    ^^^^^^^^^^^^^^^^^^^^^^^^^^^^^^^^^^^^
  File "/home/airflow/.local/lib/python3.12/site-packages/airflow/models/taskinstance.py", line 2613, in signal_handler
    raise AirflowTaskTerminated("Task received SIGTERM signal")
airflow.exceptions.AirflowTaskTerminated: Task received SIGTERM signal
[2024-12-23T15:48:26.911+0000] {taskinstance.py:1206} INFO - Marking task as FAILED. dag_id=streaming_pipeline, task_id=image_to_datalake, run_id=manual__2024-12-23T15:45:25.571079+00:00, execution_date=20241223T154525, start_date=20241223T154530, end_date=20241223T154826
[2024-12-23T15:48:27.036+0000] {process_utils.py:80} INFO - Process psutil.Process(pid=539, status='terminated', exitcode=2, started='15:45:29') (539) terminated with exit code 2
[2024-12-23T15:48:27.038+0000] {local_task_job_runner.py:240} INFO - Task exited with return code 143
[2024-12-23T15:48:27.066+0000] {taskinstance.py:3503} INFO - 0 downstream tasks scheduled from follow-on schedule check
[2024-12-23T15:48:27.108+0000] {local_task_job_runner.py:222} INFO - ::endgroup::
