[2024-12-24T03:57:53.434+0000] {local_task_job_runner.py:120} INFO - ::group::Pre task execution logs
[2024-12-24T03:57:53.473+0000] {taskinstance.py:2076} INFO - Dependencies all met for dep_context=non-requeueable deps ti=<TaskInstance: streaming_pipeline.speech_to_datalake manual__2024-12-24T03:57:49.646388+00:00 [queued]>
[2024-12-24T03:57:53.484+0000] {taskinstance.py:2076} INFO - Dependencies all met for dep_context=requeueable deps ti=<TaskInstance: streaming_pipeline.speech_to_datalake manual__2024-12-24T03:57:49.646388+00:00 [queued]>
[2024-12-24T03:57:53.485+0000] {taskinstance.py:2306} INFO - Starting attempt 1 of 1
[2024-12-24T03:57:53.505+0000] {taskinstance.py:2330} INFO - Executing <Task(PythonOperator): speech_to_datalake> on 2024-12-24 03:57:49.646388+00:00
[2024-12-24T03:57:53.515+0000] {standard_task_runner.py:63} INFO - Started process 7186 to run task
[2024-12-24T03:57:53.518+0000] {standard_task_runner.py:90} INFO - Running: ['***', 'tasks', 'run', 'streaming_pipeline', 'speech_to_datalake', 'manual__2024-12-24T03:57:49.646388+00:00', '--job-id', '186', '--raw', '--subdir', 'DAGS_FOLDER/pipeline_stream.py', '--cfg-path', '/tmp/tmpp5n0f7db']
[2024-12-24T03:57:53.520+0000] {standard_task_runner.py:91} INFO - Job 186: Subtask speech_to_datalake
[2024-12-24T03:57:53.594+0000] {task_command.py:426} INFO - Running <TaskInstance: streaming_pipeline.speech_to_datalake manual__2024-12-24T03:57:49.646388+00:00 [running]> on host 0b4a5bf62610
[2024-12-24T03:57:53.703+0000] {taskinstance.py:2648} INFO - Exporting env vars: AIRFLOW_CTX_DAG_OWNER='***' AIRFLOW_CTX_DAG_ID='streaming_pipeline' AIRFLOW_CTX_TASK_ID='speech_to_datalake' AIRFLOW_CTX_EXECUTION_DATE='2024-12-24T03:57:49.646388+00:00' AIRFLOW_CTX_TRY_NUMBER='1' AIRFLOW_CTX_DAG_RUN_ID='manual__2024-12-24T03:57:49.646388+00:00'
[2024-12-24T03:57:53.704+0000] {taskinstance.py:430} INFO - ::endgroup::
[2024-12-24T03:57:53.734+0000] {logging_mixin.py:188} INFO - Bucket raw already exists, skip creating!
[2024-12-24T03:57:53.738+0000] {conn.py:362} INFO - <BrokerConnection node_id=bootstrap-0 host=broker:29092 <connecting> [IPv4 ('172.19.0.9', 29092)]>: connecting to broker:29092 [('172.19.0.9', 29092) IPv4]
[2024-12-24T03:57:53.739+0000] {conn.py:957} INFO - Probing node bootstrap-0 broker version
[2024-12-24T03:57:53.741+0000] {conn.py:393} INFO - <BrokerConnection node_id=bootstrap-0 host=broker:29092 <connecting> [IPv4 ('172.19.0.9', 29092)]>: Connection complete.
[2024-12-24T03:57:53.848+0000] {conn.py:1019} INFO - Broker version identified as 2.6.0
[2024-12-24T03:57:53.849+0000] {conn.py:1020} INFO - Set configuration api_version=(2, 6, 0) to skip auto check_version requests on startup
[2024-12-24T03:57:53.850+0000] {consumer.py:122} WARNING - group_id is None: disabling auto-commit.
[2024-12-24T03:57:53.851+0000] {subscription_state.py:167} INFO - Updating subscribed topics to: ('raw_speech_2024_02_01',)
[2024-12-24T03:57:53.852+0000] {logging_mixin.py:188} INFO - Start consuming messages...
[2024-12-24T03:57:53.974+0000] {subscription_state.py:253} INFO - Updated partition assignment: [('raw_speech_2024_02_01', 0)]
[2024-12-24T03:57:53.976+0000] {conn.py:362} INFO - <BrokerConnection node_id=1 host=broker:29092 <connecting> [IPv4 ('172.19.0.9', 29092)]>: connecting to broker:29092 [('172.19.0.9', 29092) IPv4]
[2024-12-24T03:57:53.977+0000] {conn.py:393} INFO - <BrokerConnection node_id=1 host=broker:29092 <connecting> [IPv4 ('172.19.0.9', 29092)]>: Connection complete.
[2024-12-24T03:57:53.978+0000] {conn.py:673} INFO - <BrokerConnection node_id=bootstrap-0 host=broker:29092 <connected> [IPv4 ('172.19.0.9', 29092)]>: Closing connection. 
[2024-12-24T03:57:54.977+0000] {logging_mixin.py:188} INFO - File đã được lưu thành công vào MinIO: speech/2024/02/01/20240200000001.mp3
[2024-12-24T03:57:57.240+0000] {logging_mixin.py:188} INFO - File đã được lưu thành công vào MinIO: speech/2024/02/01/20240200000003.mp3
[2024-12-24T03:57:59.562+0000] {logging_mixin.py:188} INFO - File đã được lưu thành công vào MinIO: speech/2024/02/01/20240200000005.mp3
[2024-12-24T03:58:01.869+0000] {logging_mixin.py:188} INFO - File đã được lưu thành công vào MinIO: speech/2024/02/01/20240200000006.mp3
[2024-12-24T03:58:04.173+0000] {logging_mixin.py:188} INFO - File đã được lưu thành công vào MinIO: speech/2024/02/01/20240200000007.mp3
[2024-12-24T03:58:06.456+0000] {logging_mixin.py:188} INFO - File đã được lưu thành công vào MinIO: speech/2024/02/01/20240200000008.mp3
[2024-12-24T03:58:08.718+0000] {logging_mixin.py:188} INFO - File đã được lưu thành công vào MinIO: speech/2024/02/01/20240200000009.mp3
[2024-12-24T03:58:10.992+0000] {logging_mixin.py:188} INFO - File đã được lưu thành công vào MinIO: speech/2024/02/01/20240200000010.mp3
[2024-12-24T03:58:13.337+0000] {logging_mixin.py:188} INFO - File đã được lưu thành công vào MinIO: speech/2024/02/01/20240200000011.mp3
[2024-12-24T03:58:15.637+0000] {logging_mixin.py:188} INFO - File đã được lưu thành công vào MinIO: speech/2024/02/01/20240200000012.mp3
[2024-12-24T03:58:17.967+0000] {logging_mixin.py:188} INFO - File đã được lưu thành công vào MinIO: speech/2024/02/01/20240200000013.mp3
[2024-12-24T03:58:20.243+0000] {logging_mixin.py:188} INFO - File đã được lưu thành công vào MinIO: speech/2024/02/01/20240200000014.mp3
[2024-12-24T03:58:22.499+0000] {logging_mixin.py:188} INFO - File đã được lưu thành công vào MinIO: speech/2024/02/01/20240200000015.mp3
[2024-12-24T03:58:24.813+0000] {logging_mixin.py:188} INFO - File đã được lưu thành công vào MinIO: speech/2024/02/01/20240200000016.mp3
[2024-12-24T03:58:27.113+0000] {logging_mixin.py:188} INFO - File đã được lưu thành công vào MinIO: speech/2024/02/01/20240200000017.mp3
[2024-12-24T03:58:29.841+0000] {logging_mixin.py:188} INFO - File đã được lưu thành công vào MinIO: speech/2024/02/01/20240200000018.mp3
[2024-12-24T03:58:32.034+0000] {logging_mixin.py:188} INFO - File đã được lưu thành công vào MinIO: speech/2024/02/01/20240200000019.mp3
[2024-12-24T03:58:34.417+0000] {logging_mixin.py:188} INFO - File đã được lưu thành công vào MinIO: speech/2024/02/01/20240200000020.mp3
[2024-12-24T03:58:36.935+0000] {logging_mixin.py:188} INFO - File đã được lưu thành công vào MinIO: speech/2024/02/01/20240200000021.mp3
[2024-12-24T03:58:39.291+0000] {logging_mixin.py:188} INFO - File đã được lưu thành công vào MinIO: speech/2024/02/01/20240200000022.mp3
[2024-12-24T03:58:41.614+0000] {logging_mixin.py:188} INFO - File đã được lưu thành công vào MinIO: speech/2024/02/01/20240200000023.mp3
[2024-12-24T03:58:43.954+0000] {logging_mixin.py:188} INFO - File đã được lưu thành công vào MinIO: speech/2024/02/01/20240200000024.mp3
[2024-12-24T03:58:46.263+0000] {logging_mixin.py:188} INFO - File đã được lưu thành công vào MinIO: speech/2024/02/01/20240200000025.mp3
[2024-12-24T03:58:48.579+0000] {logging_mixin.py:188} INFO - File đã được lưu thành công vào MinIO: speech/2024/02/01/20240200000026.mp3
[2024-12-24T03:58:50.980+0000] {logging_mixin.py:188} INFO - File đã được lưu thành công vào MinIO: speech/2024/02/01/20240200000027.mp3
[2024-12-24T03:58:53.360+0000] {logging_mixin.py:188} INFO - File đã được lưu thành công vào MinIO: speech/2024/02/01/20240200000028.mp3
[2024-12-24T03:58:55.635+0000] {logging_mixin.py:188} INFO - File đã được lưu thành công vào MinIO: speech/2024/02/01/20240200000029.mp3
[2024-12-24T03:58:57.927+0000] {logging_mixin.py:188} INFO - File đã được lưu thành công vào MinIO: speech/2024/02/01/20240200000030.mp3
[2024-12-24T03:59:00.214+0000] {logging_mixin.py:188} INFO - File đã được lưu thành công vào MinIO: speech/2024/02/01/20240200000031.mp3
[2024-12-24T03:59:02.711+0000] {logging_mixin.py:188} INFO - File đã được lưu thành công vào MinIO: speech/2024/02/01/20240200000032.mp3
[2024-12-24T03:59:04.964+0000] {logging_mixin.py:188} INFO - File đã được lưu thành công vào MinIO: speech/2024/02/01/20240200000033.mp3
[2024-12-24T03:59:07.321+0000] {logging_mixin.py:188} INFO - File đã được lưu thành công vào MinIO: speech/2024/02/01/20240200000035.mp3
[2024-12-24T03:59:09.943+0000] {logging_mixin.py:188} INFO - File đã được lưu thành công vào MinIO: speech/2024/02/01/20240200000036.mp3
[2024-12-24T03:59:12.293+0000] {logging_mixin.py:188} INFO - File đã được lưu thành công vào MinIO: speech/2024/02/01/20240200000037.mp3
[2024-12-24T03:59:14.672+0000] {logging_mixin.py:188} INFO - File đã được lưu thành công vào MinIO: speech/2024/02/01/20240200000038.mp3
[2024-12-24T03:59:16.944+0000] {logging_mixin.py:188} INFO - File đã được lưu thành công vào MinIO: speech/2024/02/01/20240200000039.mp3
[2024-12-24T03:59:19.441+0000] {logging_mixin.py:188} INFO - File đã được lưu thành công vào MinIO: speech/2024/02/01/20240200000040.mp3
[2024-12-24T03:59:22.285+0000] {logging_mixin.py:188} INFO - File đã được lưu thành công vào MinIO: speech/2024/02/01/20240200000041.mp3
[2024-12-24T04:00:04.398+0000] {logging_mixin.py:188} INFO - File đã được lưu thành công vào MinIO: speech/2024/02/01/20240200000042.mp3
[2024-12-24T04:00:04.614+0000] {logging_mixin.py:188} INFO - File đã được lưu thành công vào MinIO: speech/2024/02/01/20240200000043.mp3
[2024-12-24T04:00:07.354+0000] {logging_mixin.py:188} INFO - File đã được lưu thành công vào MinIO: speech/2024/02/01/20240200000044.mp3
[2024-12-24T04:00:13.084+0000] {logging_mixin.py:188} INFO - File đã được lưu thành công vào MinIO: speech/2024/02/01/20240200000045.mp3
[2024-12-24T04:00:15.576+0000] {logging_mixin.py:188} INFO - File đã được lưu thành công vào MinIO: speech/2024/02/01/20240200000046.mp3
[2024-12-24T04:00:18.044+0000] {logging_mixin.py:188} INFO - File đã được lưu thành công vào MinIO: speech/2024/02/01/20240200000047.mp3
[2024-12-24T04:00:20.451+0000] {logging_mixin.py:188} INFO - File đã được lưu thành công vào MinIO: speech/2024/02/01/20240200000048.mp3
[2024-12-24T04:00:22.814+0000] {logging_mixin.py:188} INFO - File đã được lưu thành công vào MinIO: speech/2024/02/01/20240200000049.mp3
[2024-12-24T04:00:25.302+0000] {logging_mixin.py:188} INFO - File đã được lưu thành công vào MinIO: speech/2024/02/01/20240200000050.mp3
[2024-12-24T04:00:27.689+0000] {logging_mixin.py:188} INFO - File đã được lưu thành công vào MinIO: speech/2024/02/01/20240200000051.mp3
[2024-12-24T04:00:30.386+0000] {logging_mixin.py:188} INFO - File đã được lưu thành công vào MinIO: speech/2024/02/01/20240200000052.mp3
[2024-12-24T04:00:32.600+0000] {logging_mixin.py:188} INFO - File đã được lưu thành công vào MinIO: speech/2024/02/01/20240200000054.mp3
[2024-12-24T04:00:34.893+0000] {logging_mixin.py:188} INFO - File đã được lưu thành công vào MinIO: speech/2024/02/01/20240200000055.mp3
[2024-12-24T04:00:37.177+0000] {logging_mixin.py:188} INFO - File đã được lưu thành công vào MinIO: speech/2024/02/01/20240200000056.mp3
[2024-12-24T04:00:39.701+0000] {logging_mixin.py:188} INFO - File đã được lưu thành công vào MinIO: speech/2024/02/01/20240200000057.mp3
[2024-12-24T04:00:42.181+0000] {logging_mixin.py:188} INFO - File đã được lưu thành công vào MinIO: speech/2024/02/01/20240200000058.mp3
[2024-12-24T04:00:44.565+0000] {logging_mixin.py:188} INFO - File đã được lưu thành công vào MinIO: speech/2024/02/01/20240200000059.mp3
[2024-12-24T04:00:46.918+0000] {logging_mixin.py:188} INFO - File đã được lưu thành công vào MinIO: speech/2024/02/01/20240200000060.mp3
[2024-12-24T04:01:12.105+0000] {logging_mixin.py:188} INFO - File đã được lưu thành công vào MinIO: speech/2024/02/01/20240200000062.mp3
[2024-12-24T04:01:14.560+0000] {logging_mixin.py:188} INFO - File đã được lưu thành công vào MinIO: speech/2024/02/01/20240200000063.mp3
[2024-12-24T04:01:16.835+0000] {logging_mixin.py:188} INFO - File đã được lưu thành công vào MinIO: speech/2024/02/01/20240200000064.mp3
[2024-12-24T04:01:19.125+0000] {logging_mixin.py:188} INFO - File đã được lưu thành công vào MinIO: speech/2024/02/01/20240200000065.mp3
[2024-12-24T04:01:21.411+0000] {logging_mixin.py:188} INFO - File đã được lưu thành công vào MinIO: speech/2024/02/01/20240200000066.mp3
[2024-12-24T04:01:23.680+0000] {logging_mixin.py:188} INFO - File đã được lưu thành công vào MinIO: speech/2024/02/01/20240200000067.mp3
[2024-12-24T04:01:25.958+0000] {logging_mixin.py:188} INFO - File đã được lưu thành công vào MinIO: speech/2024/02/01/20240200000068.mp3
[2024-12-24T04:01:28.222+0000] {logging_mixin.py:188} INFO - File đã được lưu thành công vào MinIO: speech/2024/02/01/20240200000069.mp3
[2024-12-24T04:01:30.478+0000] {logging_mixin.py:188} INFO - File đã được lưu thành công vào MinIO: speech/2024/02/01/20240200000070.mp3
[2024-12-24T04:01:32.760+0000] {logging_mixin.py:188} INFO - File đã được lưu thành công vào MinIO: speech/2024/02/01/20240200000071.mp3
[2024-12-24T04:01:35.008+0000] {logging_mixin.py:188} INFO - File đã được lưu thành công vào MinIO: speech/2024/02/01/20240200000072.mp3
[2024-12-24T04:01:37.313+0000] {logging_mixin.py:188} INFO - File đã được lưu thành công vào MinIO: speech/2024/02/01/20240200000073.mp3
[2024-12-24T04:01:39.567+0000] {logging_mixin.py:188} INFO - File đã được lưu thành công vào MinIO: speech/2024/02/01/20240200000074.mp3
[2024-12-24T04:01:41.860+0000] {logging_mixin.py:188} INFO - File đã được lưu thành công vào MinIO: speech/2024/02/01/20240200000075.mp3
[2024-12-24T04:01:44.156+0000] {logging_mixin.py:188} INFO - File đã được lưu thành công vào MinIO: speech/2024/02/01/20240200000076.mp3
[2024-12-24T04:01:46.410+0000] {logging_mixin.py:188} INFO - File đã được lưu thành công vào MinIO: speech/2024/02/01/20240200000077.mp3
[2024-12-24T04:01:48.704+0000] {logging_mixin.py:188} INFO - File đã được lưu thành công vào MinIO: speech/2024/02/01/20240200000078.mp3
[2024-12-24T04:01:50.986+0000] {logging_mixin.py:188} INFO - File đã được lưu thành công vào MinIO: speech/2024/02/01/20240200000079.mp3
[2024-12-24T04:01:53.241+0000] {logging_mixin.py:188} INFO - File đã được lưu thành công vào MinIO: speech/2024/02/01/20240200000080.mp3
[2024-12-24T04:01:55.521+0000] {logging_mixin.py:188} INFO - File đã được lưu thành công vào MinIO: speech/2024/02/01/20240200000081.mp3
[2024-12-24T04:01:57.794+0000] {logging_mixin.py:188} INFO - File đã được lưu thành công vào MinIO: speech/2024/02/01/20240200000082.mp3
[2024-12-24T04:02:00.045+0000] {logging_mixin.py:188} INFO - File đã được lưu thành công vào MinIO: speech/2024/02/01/20240200000083.mp3
[2024-12-24T04:02:02.309+0000] {logging_mixin.py:188} INFO - File đã được lưu thành công vào MinIO: speech/2024/02/01/20240200000084.mp3
[2024-12-24T04:02:04.661+0000] {logging_mixin.py:188} INFO - File đã được lưu thành công vào MinIO: speech/2024/02/01/20240200000085.mp3
[2024-12-24T04:02:06.914+0000] {logging_mixin.py:188} INFO - File đã được lưu thành công vào MinIO: speech/2024/02/01/20240200000086.mp3
[2024-12-24T04:02:09.179+0000] {logging_mixin.py:188} INFO - File đã được lưu thành công vào MinIO: speech/2024/02/01/20240200000087.mp3
[2024-12-24T04:02:11.455+0000] {logging_mixin.py:188} INFO - File đã được lưu thành công vào MinIO: speech/2024/02/01/20240200000088.mp3
[2024-12-24T04:02:13.719+0000] {logging_mixin.py:188} INFO - File đã được lưu thành công vào MinIO: speech/2024/02/01/20240200000089.mp3
[2024-12-24T04:02:16.016+0000] {logging_mixin.py:188} INFO - File đã được lưu thành công vào MinIO: speech/2024/02/01/20240200000090.mp3
[2024-12-24T04:02:18.286+0000] {logging_mixin.py:188} INFO - File đã được lưu thành công vào MinIO: speech/2024/02/01/20240200000091.mp3
[2024-12-24T04:02:20.569+0000] {logging_mixin.py:188} INFO - File đã được lưu thành công vào MinIO: speech/2024/02/01/20240200000092.mp3
[2024-12-24T04:02:22.908+0000] {logging_mixin.py:188} INFO - File đã được lưu thành công vào MinIO: speech/2024/02/01/20240200000093.mp3
[2024-12-24T04:02:25.168+0000] {logging_mixin.py:188} INFO - File đã được lưu thành công vào MinIO: speech/2024/02/01/20240200000094.mp3
[2024-12-24T04:02:27.446+0000] {logging_mixin.py:188} INFO - File đã được lưu thành công vào MinIO: speech/2024/02/01/20240200000095.mp3
[2024-12-24T04:02:27.768+0000] {local_task_job_runner.py:310} WARNING - State of this instance has been externally set to None. Terminating instance.
[2024-12-24T04:02:27.769+0000] {local_task_job_runner.py:222} INFO - ::endgroup::
[2024-12-24T04:02:27.772+0000] {process_utils.py:132} INFO - Sending 15 to group 7186. PIDs of all processes in the group: [7186]
[2024-12-24T04:02:27.772+0000] {process_utils.py:87} INFO - Sending the signal 15 to group 7186
[2024-12-24T04:02:27.773+0000] {taskinstance.py:2611} ERROR - Received SIGTERM. Terminating subprocesses.
[2024-12-24T04:02:27.774+0000] {taskinstance.py:441} INFO - ::group::Post task execution logs
[2024-12-24T04:02:27.785+0000] {taskinstance.py:2905} ERROR - Task failed with exception
Traceback (most recent call last):
  File "/home/airflow/.local/lib/python3.12/site-packages/airflow/models/taskinstance.py", line 465, in _execute_task
    result = _execute_callable(context=context, **execute_callable_kwargs)
             ^^^^^^^^^^^^^^^^^^^^^^^^^^^^^^^^^^^^^^^^^^^^^^^^^^^^^^^^^^^^^
  File "/home/airflow/.local/lib/python3.12/site-packages/airflow/models/taskinstance.py", line 432, in _execute_callable
    return execute_callable(context=context, **execute_callable_kwargs)
           ^^^^^^^^^^^^^^^^^^^^^^^^^^^^^^^^^^^^^^^^^^^^^^^^^^^^^^^^^^^^
  File "/home/airflow/.local/lib/python3.12/site-packages/airflow/models/baseoperator.py", line 401, in wrapper
    return func(self, *args, **kwargs)
           ^^^^^^^^^^^^^^^^^^^^^^^^^^^
  File "/home/airflow/.local/lib/python3.12/site-packages/airflow/operators/python.py", line 235, in execute
    return_value = self.execute_callable()
                   ^^^^^^^^^^^^^^^^^^^^^^^
  File "/home/airflow/.local/lib/python3.12/site-packages/airflow/operators/python.py", line 252, in execute_callable
    return self.python_callable(*self.op_args, **self.op_kwargs)
           ^^^^^^^^^^^^^^^^^^^^^^^^^^^^^^^^^^^^^^^^^^^^^^^^^^^^^
  File "/opt/airflow/dags/stream_processing/streaming_speech_to_dl.py", line 66, in speech_to_dl
    for message in consumer:
  File "/home/airflow/.local/lib/python3.12/site-packages/kafka/consumer/group.py", line 1203, in __next__
    return self.next_v2()
           ^^^^^^^^^^^^^^
  File "/home/airflow/.local/lib/python3.12/site-packages/kafka/consumer/group.py", line 1211, in next_v2
    return next(self._iterator)
           ^^^^^^^^^^^^^^^^^^^^
  File "/home/airflow/.local/lib/python3.12/site-packages/kafka/consumer/group.py", line 1126, in _message_generator_v2
    record_map = self.poll(timeout_ms=timeout_ms, update_offsets=False)
                 ^^^^^^^^^^^^^^^^^^^^^^^^^^^^^^^^^^^^^^^^^^^^^^^^^^^^^^
  File "/home/airflow/.local/lib/python3.12/site-packages/kafka/consumer/group.py", line 663, in poll
    records = self._poll_once(remaining, max_records, update_offsets=update_offsets)
              ^^^^^^^^^^^^^^^^^^^^^^^^^^^^^^^^^^^^^^^^^^^^^^^^^^^^^^^^^^^^^^^^^^^^^^
  File "/home/airflow/.local/lib/python3.12/site-packages/kafka/consumer/group.py", line 712, in _poll_once
    self._client.poll(timeout_ms=timeout_ms)
  File "/home/airflow/.local/lib/python3.12/site-packages/kafka/client_async.py", line 601, in poll
    self._poll(timeout / 1000)
  File "/home/airflow/.local/lib/python3.12/site-packages/kafka/client_async.py", line 633, in _poll
    ready = self._selector.select(timeout)
            ^^^^^^^^^^^^^^^^^^^^^^^^^^^^^^
  File "/usr/local/lib/python3.12/selectors.py", line 468, in select
    fd_event_list = self._selector.poll(timeout, max_ev)
                    ^^^^^^^^^^^^^^^^^^^^^^^^^^^^^^^^^^^^
  File "/home/airflow/.local/lib/python3.12/site-packages/airflow/models/taskinstance.py", line 2613, in signal_handler
    raise AirflowTaskTerminated("Task received SIGTERM signal")
airflow.exceptions.AirflowTaskTerminated: Task received SIGTERM signal
[2024-12-24T04:02:27.802+0000] {taskinstance.py:1206} INFO - Marking task as FAILED. dag_id=streaming_pipeline, task_id=speech_to_datalake, run_id=manual__2024-12-24T03:57:49.646388+00:00, execution_date=20241224T035749, start_date=20241224T035753, end_date=20241224T040227
[2024-12-24T04:02:27.822+0000] {standard_task_runner.py:110} ERROR - Failed to execute job 186 for task speech_to_datalake ((psycopg2.errors.ForeignKeyViolation) insert or update on table "task_fail" violates foreign key constraint "task_fail_ti_fkey"
DETAIL:  Key (dag_id, task_id, run_id, map_index)=(streaming_pipeline, speech_to_datalake, manual__2024-12-24T03:57:49.646388+00:00, -1) is not present in table "task_instance".

[SQL: INSERT INTO task_fail (task_id, dag_id, run_id, map_index, start_date, end_date, duration) VALUES (%(task_id)s, %(dag_id)s, %(run_id)s, %(map_index)s, %(start_date)s, %(end_date)s, %(duration)s) RETURNING task_fail.id]
[parameters: {'task_id': 'speech_to_datalake', 'dag_id': 'streaming_pipeline', 'run_id': 'manual__2024-12-24T03:57:49.646388+00:00', 'map_index': -1, 'start_date': datetime.datetime(2024, 12, 24, 3, 57, 53, 474027, tzinfo=Timezone('UTC')), 'end_date': datetime.datetime(2024, 12, 24, 4, 2, 27, 802081, tzinfo=Timezone('UTC')), 'duration': 274}]
(Background on this error at: https://sqlalche.me/e/14/gkpj); 7186)
[2024-12-24T04:02:27.866+0000] {process_utils.py:80} INFO - Process psutil.Process(pid=7186, status='terminated', exitcode=1, started='03:57:52') (7186) terminated with exit code 1
