[2024-12-23T08:37:35.899+0000] {local_task_job_runner.py:120} INFO - ::group::Pre task execution logs
[2024-12-23T08:37:35.937+0000] {taskinstance.py:2076} INFO - Dependencies all met for dep_context=non-requeueable deps ti=<TaskInstance: streaming_pipeline.start manual__2024-12-23T08:37:34.113449+00:00 [queued]>
[2024-12-23T08:37:35.948+0000] {taskinstance.py:2076} INFO - Dependencies all met for dep_context=requeueable deps ti=<TaskInstance: streaming_pipeline.start manual__2024-12-23T08:37:34.113449+00:00 [queued]>
[2024-12-23T08:37:35.949+0000] {taskinstance.py:2306} INFO - Starting attempt 1 of 1
[2024-12-23T08:37:35.965+0000] {taskinstance.py:2330} INFO - Executing <Task(PythonOperator): start> on 2024-12-23 08:37:34.113449+00:00
[2024-12-23T08:37:35.973+0000] {standard_task_runner.py:63} INFO - Started process 735 to run task
[2024-12-23T08:37:35.976+0000] {standard_task_runner.py:90} INFO - Running: ['***', 'tasks', 'run', 'streaming_pipeline', 'start', 'manual__2024-12-23T08:37:34.113449+00:00', '--job-id', '59', '--raw', '--subdir', 'DAGS_FOLDER/pipline_stream.py', '--cfg-path', '/tmp/tmprssgoqux']
[2024-12-23T08:37:35.980+0000] {standard_task_runner.py:91} INFO - Job 59: Subtask start
[2024-12-23T08:37:36.056+0000] {task_command.py:426} INFO - Running <TaskInstance: streaming_pipeline.start manual__2024-12-23T08:37:34.113449+00:00 [running]> on host 0b4a5bf62610
[2024-12-23T08:37:36.167+0000] {taskinstance.py:2648} INFO - Exporting env vars: AIRFLOW_CTX_DAG_OWNER='***' AIRFLOW_CTX_DAG_ID='streaming_pipeline' AIRFLOW_CTX_TASK_ID='start' AIRFLOW_CTX_EXECUTION_DATE='2024-12-23T08:37:34.113449+00:00' AIRFLOW_CTX_TRY_NUMBER='1' AIRFLOW_CTX_DAG_RUN_ID='manual__2024-12-23T08:37:34.113449+00:00'
[2024-12-23T08:37:36.170+0000] {taskinstance.py:430} INFO - ::endgroup::
[2024-12-23T08:37:36.192+0000] {logging_mixin.py:188} INFO - Hello from func_1
[2024-12-23T08:37:36.193+0000] {logging_mixin.py:188} INFO - File:  /opt/***/dags/pipline_stream.py
[2024-12-23T08:37:36.194+0000] {logging_mixin.py:188} INFO - Path:  /opt/***/dags/pipline_stream.py
[2024-12-23T08:37:36.195+0000] {logging_mixin.py:188} INFO - Root:  E:/BigData_2/MyProject
[2024-12-23T08:37:36.196+0000] {logging_mixin.py:188} INFO - File test:  /opt/***/data/new/2024/green_tripdata_2024-02.parquet
[2024-12-23T08:37:36.197+0000] {logging_mixin.py:188} INFO - Args simulation:  Args(table_name='green_trip_raw', time_sleep=2, file_path='/opt/***/data/new/2024/green_tripdata_2024-02.parquet', bootstrap_servers='broker:29092', topic_image='raw_image', topic_speech='raw_speech', max_message_size=5242880, clear_table_first=True, signal_file=None)
[2024-12-23T08:37:36.198+0000] {logging_mixin.py:188} INFO - Args spark streaming:  Args(jars_dir='/opt/***/jars', topic_cdc_db='streaming.public.green_trip_raw', bootstrap_servers='broker:29092', bucket_name='raw', year='2024', month='2', minio_access_key='Xs27nx9M4HgPQ5PXZiUE', minio_secret_key='8iifKZlUZh1NRbepsISUMdg1CxlaIC6OSPQk5X59', minio_endpoint='localhost:9000')
[2024-12-23T08:37:36.199+0000] {logging_mixin.py:188} INFO - Args image streaming:  Args(minio_endpoint='localhost:9000', minio_access_key='Xs27nx9M4HgPQ5PXZiUE', minio_secret_key='8iifKZlUZh1NRbepsISUMdg1CxlaIC6OSPQk5X59', bucket_name='raw', prefix='image', kafka_topic='raw_image', bootstrap_servers='broker:29092')
[2024-12-23T08:37:36.199+0000] {logging_mixin.py:188} INFO - Args speech streaming:  Args(minio_endpoint='localhost:9000', minio_access_key='Xs27nx9M4HgPQ5PXZiUE', minio_secret_key='8iifKZlUZh1NRbepsISUMdg1CxlaIC6OSPQk5X59', bucket_name='raw', prefix='speech', kafka_topic='raw_speech', bootstrap_servers='broker:29092')
[2024-12-23T08:37:36.200+0000] {python.py:237} INFO - Done. Returned value was: None
[2024-12-23T08:37:36.201+0000] {taskinstance.py:441} INFO - ::group::Post task execution logs
[2024-12-23T08:37:36.215+0000] {taskinstance.py:1206} INFO - Marking task as SUCCESS. dag_id=streaming_pipeline, task_id=start, run_id=manual__2024-12-23T08:37:34.113449+00:00, execution_date=20241223T083734, start_date=20241223T083735, end_date=20241223T083736
[2024-12-23T08:37:36.270+0000] {local_task_job_runner.py:240} INFO - Task exited with return code 0
[2024-12-23T08:37:36.309+0000] {taskinstance.py:3503} INFO - 2 downstream tasks scheduled from follow-on schedule check
[2024-12-23T08:37:36.313+0000] {local_task_job_runner.py:222} INFO - ::endgroup::
