[2024-12-23T07:18:17.967+0000] {local_task_job_runner.py:120} INFO - ::group::Pre task execution logs
[2024-12-23T07:18:18.005+0000] {taskinstance.py:2076} INFO - Dependencies all met for dep_context=non-requeueable deps ti=<TaskInstance: streaming_pipeline.func_1 manual__2024-12-23T07:18:15.038951+00:00 [queued]>
[2024-12-23T07:18:18.018+0000] {taskinstance.py:2076} INFO - Dependencies all met for dep_context=requeueable deps ti=<TaskInstance: streaming_pipeline.func_1 manual__2024-12-23T07:18:15.038951+00:00 [queued]>
[2024-12-23T07:18:18.020+0000] {taskinstance.py:2306} INFO - Starting attempt 1 of 1
[2024-12-23T07:18:18.037+0000] {taskinstance.py:2330} INFO - Executing <Task(PythonOperator): func_1> on 2024-12-23 07:18:15.038951+00:00
[2024-12-23T07:18:18.044+0000] {standard_task_runner.py:63} INFO - Started process 339 to run task
[2024-12-23T07:18:18.046+0000] {standard_task_runner.py:90} INFO - Running: ['***', 'tasks', 'run', 'streaming_pipeline', 'func_1', 'manual__2024-12-23T07:18:15.038951+00:00', '--job-id', '33', '--raw', '--subdir', 'DAGS_FOLDER/pipline_stream.py', '--cfg-path', '/tmp/tmpxmgh9au1']
[2024-12-23T07:18:18.049+0000] {standard_task_runner.py:91} INFO - Job 33: Subtask func_1
[2024-12-23T07:18:18.103+0000] {task_command.py:426} INFO - Running <TaskInstance: streaming_pipeline.func_1 manual__2024-12-23T07:18:15.038951+00:00 [running]> on host 45ad5a543c58
[2024-12-23T07:18:18.208+0000] {taskinstance.py:2648} INFO - Exporting env vars: AIRFLOW_CTX_DAG_OWNER='***' AIRFLOW_CTX_DAG_ID='streaming_pipeline' AIRFLOW_CTX_TASK_ID='func_1' AIRFLOW_CTX_EXECUTION_DATE='2024-12-23T07:18:15.038951+00:00' AIRFLOW_CTX_TRY_NUMBER='1' AIRFLOW_CTX_DAG_RUN_ID='manual__2024-12-23T07:18:15.038951+00:00'
[2024-12-23T07:18:18.210+0000] {taskinstance.py:430} INFO - ::endgroup::
[2024-12-23T07:18:18.249+0000] {logging_mixin.py:188} INFO - Hello from func_1
[2024-12-23T07:18:18.249+0000] {logging_mixin.py:188} INFO - File:  /opt/***/dags/pipline_stream.py
[2024-12-23T07:18:18.250+0000] {logging_mixin.py:188} INFO - Path:  /opt/***/dags/pipline_stream.py
[2024-12-23T07:18:18.251+0000] {logging_mixin.py:188} INFO - Root:  E:/BigData_2/MyProject
[2024-12-23T07:18:18.251+0000] {logging_mixin.py:188} INFO - Args simulation:  Args(table_name='streaming.public.green_trip_raw', time_sleep=5, file_path='/2024/green_tripdata_2024-01.parquet', bootstrap_servers='localhost:9092', topic_image='raw_image', topic_speech='raw_speech', max_message_size=5242880, signal_file=None)
[2024-12-23T07:18:18.252+0000] {logging_mixin.py:188} INFO - Args spark streaming:  Args(jars_dir='E:/BigData_2/MyProject/jars', topic_cdc_db='streaming.public.green_trip_raw', bootstrap_servers='localhost:9092', bucket_name='raw', year='2024', month='1')
[2024-12-23T07:18:18.252+0000] {logging_mixin.py:188} INFO - Args image streaming:  Args(minio_endpoint='localhost:9000', minio_access_key='Xs27nx9M4HgPQ5PXZiUE', minio_secret_key='8iifKZlUZh1NRbepsISUMdg1CxlaIC6OSPQk5X59', bucket_name='raw', prefix='image', kafka_topic='raw_image', bootstrap_servers='localhost:9092')
[2024-12-23T07:18:18.253+0000] {logging_mixin.py:188} INFO - Args speech streaming:  Args(minio_endpoint='localhost:9000', minio_access_key='Xs27nx9M4HgPQ5PXZiUE', minio_secret_key='8iifKZlUZh1NRbepsISUMdg1CxlaIC6OSPQk5X59', bucket_name='raw', prefix='speech', kafka_topic='raw_speech', bootstrap_servers='localhost:9092')
[2024-12-23T07:18:18.253+0000] {python.py:237} INFO - Done. Returned value was: None
[2024-12-23T07:18:18.254+0000] {taskinstance.py:441} INFO - ::group::Post task execution logs
[2024-12-23T07:18:18.266+0000] {taskinstance.py:1206} INFO - Marking task as SUCCESS. dag_id=streaming_pipeline, task_id=func_1, run_id=manual__2024-12-23T07:18:15.038951+00:00, execution_date=20241223T071815, start_date=20241223T071818, end_date=20241223T071818
[2024-12-23T07:18:18.301+0000] {local_task_job_runner.py:240} INFO - Task exited with return code 0
[2024-12-23T07:18:18.320+0000] {taskinstance.py:3503} INFO - 0 downstream tasks scheduled from follow-on schedule check
[2024-12-23T07:18:18.324+0000] {local_task_job_runner.py:222} INFO - ::endgroup::
