[2024-12-21T08:01:25.335+0000] {processor.py:161} INFO - Started process (PID=80) to work on /home/airflow/.local/lib/python3.12/site-packages/airflow/example_dags/example_sensors.py
[2024-12-21T08:01:25.336+0000] {processor.py:830} INFO - Processing file /home/airflow/.local/lib/python3.12/site-packages/airflow/example_dags/example_sensors.py for tasks to queue
[2024-12-21T08:01:25.341+0000] {logging_mixin.py:188} INFO - [2024-12-21T08:01:25.340+0000] {dagbag.py:545} INFO - Filling up the DagBag from /home/airflow/.local/lib/python3.12/site-packages/airflow/example_dags/example_sensors.py
[2024-12-21T08:01:25.361+0000] {processor.py:840} INFO - DAG(s) 'example_sensors' retrieved from /home/airflow/.local/lib/python3.12/site-packages/airflow/example_dags/example_sensors.py
[2024-12-21T08:01:25.439+0000] {logging_mixin.py:188} INFO - [2024-12-21T08:01:25.438+0000] {dag.py:3096} INFO - Sync 1 DAGs
[2024-12-21T08:01:25.478+0000] {logging_mixin.py:188} INFO - [2024-12-21T08:01:25.477+0000] {dag.py:3954} INFO - Setting next_dagrun for example_sensors to None, run_after=None
[2024-12-21T08:01:25.546+0000] {processor.py:183} INFO - Processing /home/airflow/.local/lib/python3.12/site-packages/airflow/example_dags/example_sensors.py took 0.220 seconds
[2024-12-21T08:01:55.763+0000] {processor.py:161} INFO - Started process (PID=138) to work on /home/airflow/.local/lib/python3.12/site-packages/airflow/example_dags/example_sensors.py
[2024-12-21T08:01:55.764+0000] {processor.py:830} INFO - Processing file /home/airflow/.local/lib/python3.12/site-packages/airflow/example_dags/example_sensors.py for tasks to queue
[2024-12-21T08:01:55.767+0000] {logging_mixin.py:188} INFO - [2024-12-21T08:01:55.766+0000] {dagbag.py:545} INFO - Filling up the DagBag from /home/airflow/.local/lib/python3.12/site-packages/airflow/example_dags/example_sensors.py
[2024-12-21T08:01:55.777+0000] {processor.py:840} INFO - DAG(s) 'example_sensors' retrieved from /home/airflow/.local/lib/python3.12/site-packages/airflow/example_dags/example_sensors.py
[2024-12-21T08:01:55.807+0000] {logging_mixin.py:188} INFO - [2024-12-21T08:01:55.806+0000] {dag.py:3096} INFO - Sync 1 DAGs
[2024-12-21T08:01:55.821+0000] {logging_mixin.py:188} INFO - [2024-12-21T08:01:55.820+0000] {dag.py:3954} INFO - Setting next_dagrun for example_sensors to None, run_after=None
[2024-12-21T08:01:55.846+0000] {processor.py:183} INFO - Processing /home/airflow/.local/lib/python3.12/site-packages/airflow/example_dags/example_sensors.py took 0.089 seconds
[2024-12-21T08:02:27.029+0000] {processor.py:161} INFO - Started process (PID=196) to work on /home/airflow/.local/lib/python3.12/site-packages/airflow/example_dags/example_sensors.py
[2024-12-21T08:02:27.034+0000] {processor.py:830} INFO - Processing file /home/airflow/.local/lib/python3.12/site-packages/airflow/example_dags/example_sensors.py for tasks to queue
[2024-12-21T08:02:27.038+0000] {logging_mixin.py:188} INFO - [2024-12-21T08:02:27.038+0000] {dagbag.py:545} INFO - Filling up the DagBag from /home/airflow/.local/lib/python3.12/site-packages/airflow/example_dags/example_sensors.py
[2024-12-21T08:02:27.063+0000] {processor.py:840} INFO - DAG(s) 'example_sensors' retrieved from /home/airflow/.local/lib/python3.12/site-packages/airflow/example_dags/example_sensors.py
[2024-12-21T08:02:27.109+0000] {logging_mixin.py:188} INFO - [2024-12-21T08:02:27.109+0000] {dag.py:3096} INFO - Sync 1 DAGs
[2024-12-21T08:02:27.130+0000] {logging_mixin.py:188} INFO - [2024-12-21T08:02:27.129+0000] {dag.py:3954} INFO - Setting next_dagrun for example_sensors to None, run_after=None
[2024-12-21T08:02:27.162+0000] {processor.py:183} INFO - Processing /home/airflow/.local/lib/python3.12/site-packages/airflow/example_dags/example_sensors.py took 0.149 seconds
[2024-12-21T08:02:57.840+0000] {processor.py:161} INFO - Started process (PID=254) to work on /home/airflow/.local/lib/python3.12/site-packages/airflow/example_dags/example_sensors.py
[2024-12-21T08:02:57.842+0000] {processor.py:830} INFO - Processing file /home/airflow/.local/lib/python3.12/site-packages/airflow/example_dags/example_sensors.py for tasks to queue
[2024-12-21T08:02:57.845+0000] {logging_mixin.py:188} INFO - [2024-12-21T08:02:57.844+0000] {dagbag.py:545} INFO - Filling up the DagBag from /home/airflow/.local/lib/python3.12/site-packages/airflow/example_dags/example_sensors.py
[2024-12-21T08:02:57.857+0000] {processor.py:840} INFO - DAG(s) 'example_sensors' retrieved from /home/airflow/.local/lib/python3.12/site-packages/airflow/example_dags/example_sensors.py
[2024-12-21T08:02:57.905+0000] {logging_mixin.py:188} INFO - [2024-12-21T08:02:57.905+0000] {dag.py:3096} INFO - Sync 1 DAGs
[2024-12-21T08:02:57.927+0000] {logging_mixin.py:188} INFO - [2024-12-21T08:02:57.927+0000] {dag.py:3954} INFO - Setting next_dagrun for example_sensors to None, run_after=None
[2024-12-21T08:02:57.960+0000] {processor.py:183} INFO - Processing /home/airflow/.local/lib/python3.12/site-packages/airflow/example_dags/example_sensors.py took 0.127 seconds
[2024-12-21T08:03:29.199+0000] {processor.py:161} INFO - Started process (PID=312) to work on /home/airflow/.local/lib/python3.12/site-packages/airflow/example_dags/example_sensors.py
[2024-12-21T08:03:29.202+0000] {processor.py:830} INFO - Processing file /home/airflow/.local/lib/python3.12/site-packages/airflow/example_dags/example_sensors.py for tasks to queue
[2024-12-21T08:03:29.206+0000] {logging_mixin.py:188} INFO - [2024-12-21T08:03:29.205+0000] {dagbag.py:545} INFO - Filling up the DagBag from /home/airflow/.local/lib/python3.12/site-packages/airflow/example_dags/example_sensors.py
[2024-12-21T08:03:29.228+0000] {processor.py:840} INFO - DAG(s) 'example_sensors' retrieved from /home/airflow/.local/lib/python3.12/site-packages/airflow/example_dags/example_sensors.py
[2024-12-21T08:03:29.305+0000] {logging_mixin.py:188} INFO - [2024-12-21T08:03:29.302+0000] {dag.py:3096} INFO - Sync 1 DAGs
[2024-12-21T08:03:29.345+0000] {logging_mixin.py:188} INFO - [2024-12-21T08:03:29.344+0000] {dag.py:3954} INFO - Setting next_dagrun for example_sensors to None, run_after=None
[2024-12-21T08:03:29.425+0000] {processor.py:183} INFO - Processing /home/airflow/.local/lib/python3.12/site-packages/airflow/example_dags/example_sensors.py took 0.242 seconds
[2024-12-21T08:03:59.864+0000] {processor.py:161} INFO - Started process (PID=370) to work on /home/airflow/.local/lib/python3.12/site-packages/airflow/example_dags/example_sensors.py
[2024-12-21T08:03:59.866+0000] {processor.py:830} INFO - Processing file /home/airflow/.local/lib/python3.12/site-packages/airflow/example_dags/example_sensors.py for tasks to queue
[2024-12-21T08:03:59.871+0000] {logging_mixin.py:188} INFO - [2024-12-21T08:03:59.870+0000] {dagbag.py:545} INFO - Filling up the DagBag from /home/airflow/.local/lib/python3.12/site-packages/airflow/example_dags/example_sensors.py
[2024-12-21T08:03:59.888+0000] {processor.py:840} INFO - DAG(s) 'example_sensors' retrieved from /home/airflow/.local/lib/python3.12/site-packages/airflow/example_dags/example_sensors.py
[2024-12-21T08:03:59.924+0000] {logging_mixin.py:188} INFO - [2024-12-21T08:03:59.923+0000] {dag.py:3096} INFO - Sync 1 DAGs
[2024-12-21T08:03:59.942+0000] {logging_mixin.py:188} INFO - [2024-12-21T08:03:59.941+0000] {dag.py:3954} INFO - Setting next_dagrun for example_sensors to None, run_after=None
[2024-12-21T08:03:59.967+0000] {processor.py:183} INFO - Processing /home/airflow/.local/lib/python3.12/site-packages/airflow/example_dags/example_sensors.py took 0.112 seconds
[2024-12-21T08:04:30.100+0000] {processor.py:161} INFO - Started process (PID=428) to work on /home/airflow/.local/lib/python3.12/site-packages/airflow/example_dags/example_sensors.py
[2024-12-21T08:04:30.101+0000] {processor.py:830} INFO - Processing file /home/airflow/.local/lib/python3.12/site-packages/airflow/example_dags/example_sensors.py for tasks to queue
[2024-12-21T08:04:30.104+0000] {logging_mixin.py:188} INFO - [2024-12-21T08:04:30.104+0000] {dagbag.py:545} INFO - Filling up the DagBag from /home/airflow/.local/lib/python3.12/site-packages/airflow/example_dags/example_sensors.py
[2024-12-21T08:04:30.113+0000] {processor.py:840} INFO - DAG(s) 'example_sensors' retrieved from /home/airflow/.local/lib/python3.12/site-packages/airflow/example_dags/example_sensors.py
[2024-12-21T08:04:30.152+0000] {logging_mixin.py:188} INFO - [2024-12-21T08:04:30.152+0000] {dag.py:3096} INFO - Sync 1 DAGs
[2024-12-21T08:04:30.168+0000] {logging_mixin.py:188} INFO - [2024-12-21T08:04:30.168+0000] {dag.py:3954} INFO - Setting next_dagrun for example_sensors to None, run_after=None
[2024-12-21T08:04:30.200+0000] {processor.py:183} INFO - Processing /home/airflow/.local/lib/python3.12/site-packages/airflow/example_dags/example_sensors.py took 0.107 seconds
[2024-12-21T08:05:00.318+0000] {processor.py:161} INFO - Started process (PID=486) to work on /home/airflow/.local/lib/python3.12/site-packages/airflow/example_dags/example_sensors.py
[2024-12-21T08:05:00.320+0000] {processor.py:830} INFO - Processing file /home/airflow/.local/lib/python3.12/site-packages/airflow/example_dags/example_sensors.py for tasks to queue
[2024-12-21T08:05:00.323+0000] {logging_mixin.py:188} INFO - [2024-12-21T08:05:00.322+0000] {dagbag.py:545} INFO - Filling up the DagBag from /home/airflow/.local/lib/python3.12/site-packages/airflow/example_dags/example_sensors.py
[2024-12-21T08:05:00.331+0000] {processor.py:840} INFO - DAG(s) 'example_sensors' retrieved from /home/airflow/.local/lib/python3.12/site-packages/airflow/example_dags/example_sensors.py
[2024-12-21T08:05:00.365+0000] {logging_mixin.py:188} INFO - [2024-12-21T08:05:00.365+0000] {dag.py:3096} INFO - Sync 1 DAGs
[2024-12-21T08:05:00.379+0000] {logging_mixin.py:188} INFO - [2024-12-21T08:05:00.378+0000] {dag.py:3954} INFO - Setting next_dagrun for example_sensors to None, run_after=None
[2024-12-21T08:05:00.404+0000] {processor.py:183} INFO - Processing /home/airflow/.local/lib/python3.12/site-packages/airflow/example_dags/example_sensors.py took 0.091 seconds
[2024-12-21T18:50:57.001+0000] {processor.py:161} INFO - Started process (PID=81) to work on /home/airflow/.local/lib/python3.12/site-packages/airflow/example_dags/example_sensors.py
[2024-12-21T18:50:57.003+0000] {processor.py:830} INFO - Processing file /home/airflow/.local/lib/python3.12/site-packages/airflow/example_dags/example_sensors.py for tasks to queue
[2024-12-21T18:50:57.007+0000] {logging_mixin.py:188} INFO - [2024-12-21T18:50:57.006+0000] {dagbag.py:545} INFO - Filling up the DagBag from /home/airflow/.local/lib/python3.12/site-packages/airflow/example_dags/example_sensors.py
[2024-12-21T18:50:57.026+0000] {processor.py:840} INFO - DAG(s) 'example_sensors' retrieved from /home/airflow/.local/lib/python3.12/site-packages/airflow/example_dags/example_sensors.py
[2024-12-21T18:50:57.077+0000] {logging_mixin.py:188} INFO - [2024-12-21T18:50:57.076+0000] {dag.py:3096} INFO - Sync 1 DAGs
[2024-12-21T18:50:57.102+0000] {logging_mixin.py:188} INFO - [2024-12-21T18:50:57.101+0000] {dag.py:3954} INFO - Setting next_dagrun for example_sensors to None, run_after=None
[2024-12-21T18:50:57.142+0000] {processor.py:183} INFO - Processing /home/airflow/.local/lib/python3.12/site-packages/airflow/example_dags/example_sensors.py took 0.154 seconds
[2024-12-21T18:51:27.693+0000] {processor.py:161} INFO - Started process (PID=139) to work on /home/airflow/.local/lib/python3.12/site-packages/airflow/example_dags/example_sensors.py
[2024-12-21T18:51:27.694+0000] {processor.py:830} INFO - Processing file /home/airflow/.local/lib/python3.12/site-packages/airflow/example_dags/example_sensors.py for tasks to queue
[2024-12-21T18:51:27.697+0000] {logging_mixin.py:188} INFO - [2024-12-21T18:51:27.697+0000] {dagbag.py:545} INFO - Filling up the DagBag from /home/airflow/.local/lib/python3.12/site-packages/airflow/example_dags/example_sensors.py
[2024-12-21T18:51:27.705+0000] {processor.py:840} INFO - DAG(s) 'example_sensors' retrieved from /home/airflow/.local/lib/python3.12/site-packages/airflow/example_dags/example_sensors.py
[2024-12-21T18:51:27.733+0000] {logging_mixin.py:188} INFO - [2024-12-21T18:51:27.732+0000] {dag.py:3096} INFO - Sync 1 DAGs
[2024-12-21T18:51:27.746+0000] {logging_mixin.py:188} INFO - [2024-12-21T18:51:27.746+0000] {dag.py:3954} INFO - Setting next_dagrun for example_sensors to None, run_after=None
[2024-12-21T18:51:27.772+0000] {processor.py:183} INFO - Processing /home/airflow/.local/lib/python3.12/site-packages/airflow/example_dags/example_sensors.py took 0.084 seconds
[2024-12-21T18:51:58.100+0000] {processor.py:161} INFO - Started process (PID=197) to work on /home/airflow/.local/lib/python3.12/site-packages/airflow/example_dags/example_sensors.py
[2024-12-21T18:51:58.101+0000] {processor.py:830} INFO - Processing file /home/airflow/.local/lib/python3.12/site-packages/airflow/example_dags/example_sensors.py for tasks to queue
[2024-12-21T18:51:58.104+0000] {logging_mixin.py:188} INFO - [2024-12-21T18:51:58.103+0000] {dagbag.py:545} INFO - Filling up the DagBag from /home/airflow/.local/lib/python3.12/site-packages/airflow/example_dags/example_sensors.py
[2024-12-21T18:51:58.113+0000] {processor.py:840} INFO - DAG(s) 'example_sensors' retrieved from /home/airflow/.local/lib/python3.12/site-packages/airflow/example_dags/example_sensors.py
[2024-12-21T18:51:58.146+0000] {logging_mixin.py:188} INFO - [2024-12-21T18:51:58.146+0000] {dag.py:3096} INFO - Sync 1 DAGs
[2024-12-21T18:51:58.163+0000] {logging_mixin.py:188} INFO - [2024-12-21T18:51:58.162+0000] {dag.py:3954} INFO - Setting next_dagrun for example_sensors to None, run_after=None
[2024-12-21T18:51:58.188+0000] {processor.py:183} INFO - Processing /home/airflow/.local/lib/python3.12/site-packages/airflow/example_dags/example_sensors.py took 0.095 seconds
[2024-12-21T18:52:28.447+0000] {processor.py:161} INFO - Started process (PID=255) to work on /home/airflow/.local/lib/python3.12/site-packages/airflow/example_dags/example_sensors.py
[2024-12-21T18:52:28.448+0000] {processor.py:830} INFO - Processing file /home/airflow/.local/lib/python3.12/site-packages/airflow/example_dags/example_sensors.py for tasks to queue
[2024-12-21T18:52:28.450+0000] {logging_mixin.py:188} INFO - [2024-12-21T18:52:28.450+0000] {dagbag.py:545} INFO - Filling up the DagBag from /home/airflow/.local/lib/python3.12/site-packages/airflow/example_dags/example_sensors.py
[2024-12-21T18:52:28.460+0000] {processor.py:840} INFO - DAG(s) 'example_sensors' retrieved from /home/airflow/.local/lib/python3.12/site-packages/airflow/example_dags/example_sensors.py
[2024-12-21T18:52:28.489+0000] {logging_mixin.py:188} INFO - [2024-12-21T18:52:28.489+0000] {dag.py:3096} INFO - Sync 1 DAGs
[2024-12-21T18:52:28.503+0000] {logging_mixin.py:188} INFO - [2024-12-21T18:52:28.503+0000] {dag.py:3954} INFO - Setting next_dagrun for example_sensors to None, run_after=None
[2024-12-21T18:52:28.529+0000] {processor.py:183} INFO - Processing /home/airflow/.local/lib/python3.12/site-packages/airflow/example_dags/example_sensors.py took 0.089 seconds
[2024-12-21T18:57:41.539+0000] {processor.py:161} INFO - Started process (PID=76) to work on /home/airflow/.local/lib/python3.12/site-packages/airflow/example_dags/example_sensors.py
[2024-12-21T18:57:41.540+0000] {processor.py:830} INFO - Processing file /home/airflow/.local/lib/python3.12/site-packages/airflow/example_dags/example_sensors.py for tasks to queue
[2024-12-21T18:57:41.544+0000] {logging_mixin.py:188} INFO - [2024-12-21T18:57:41.543+0000] {dagbag.py:545} INFO - Filling up the DagBag from /home/airflow/.local/lib/python3.12/site-packages/airflow/example_dags/example_sensors.py
[2024-12-21T18:57:41.564+0000] {processor.py:840} INFO - DAG(s) 'example_sensors' retrieved from /home/airflow/.local/lib/python3.12/site-packages/airflow/example_dags/example_sensors.py
[2024-12-21T18:57:41.606+0000] {logging_mixin.py:188} INFO - [2024-12-21T18:57:41.606+0000] {dag.py:3096} INFO - Sync 1 DAGs
[2024-12-21T18:57:41.629+0000] {logging_mixin.py:188} INFO - [2024-12-21T18:57:41.628+0000] {dag.py:3954} INFO - Setting next_dagrun for example_sensors to None, run_after=None
[2024-12-21T18:57:41.689+0000] {processor.py:183} INFO - Processing /home/airflow/.local/lib/python3.12/site-packages/airflow/example_dags/example_sensors.py took 0.160 seconds
[2024-12-21T18:58:11.759+0000] {processor.py:161} INFO - Started process (PID=132) to work on /home/airflow/.local/lib/python3.12/site-packages/airflow/example_dags/example_sensors.py
[2024-12-21T18:58:11.760+0000] {processor.py:830} INFO - Processing file /home/airflow/.local/lib/python3.12/site-packages/airflow/example_dags/example_sensors.py for tasks to queue
[2024-12-21T18:58:11.762+0000] {logging_mixin.py:188} INFO - [2024-12-21T18:58:11.762+0000] {dagbag.py:545} INFO - Filling up the DagBag from /home/airflow/.local/lib/python3.12/site-packages/airflow/example_dags/example_sensors.py
[2024-12-21T18:58:11.771+0000] {processor.py:840} INFO - DAG(s) 'example_sensors' retrieved from /home/airflow/.local/lib/python3.12/site-packages/airflow/example_dags/example_sensors.py
[2024-12-21T18:58:11.802+0000] {logging_mixin.py:188} INFO - [2024-12-21T18:58:11.802+0000] {dag.py:3096} INFO - Sync 1 DAGs
[2024-12-21T18:58:11.816+0000] {logging_mixin.py:188} INFO - [2024-12-21T18:58:11.815+0000] {dag.py:3954} INFO - Setting next_dagrun for example_sensors to None, run_after=None
[2024-12-21T18:58:11.843+0000] {processor.py:183} INFO - Processing /home/airflow/.local/lib/python3.12/site-packages/airflow/example_dags/example_sensors.py took 0.090 seconds
[2024-12-21T18:58:42.311+0000] {processor.py:161} INFO - Started process (PID=196) to work on /home/airflow/.local/lib/python3.12/site-packages/airflow/example_dags/example_sensors.py
[2024-12-21T18:58:42.312+0000] {processor.py:830} INFO - Processing file /home/airflow/.local/lib/python3.12/site-packages/airflow/example_dags/example_sensors.py for tasks to queue
[2024-12-21T18:58:42.315+0000] {logging_mixin.py:188} INFO - [2024-12-21T18:58:42.314+0000] {dagbag.py:545} INFO - Filling up the DagBag from /home/airflow/.local/lib/python3.12/site-packages/airflow/example_dags/example_sensors.py
[2024-12-21T18:58:42.328+0000] {processor.py:840} INFO - DAG(s) 'example_sensors' retrieved from /home/airflow/.local/lib/python3.12/site-packages/airflow/example_dags/example_sensors.py
[2024-12-21T18:58:42.393+0000] {logging_mixin.py:188} INFO - [2024-12-21T18:58:42.393+0000] {dag.py:3096} INFO - Sync 1 DAGs
[2024-12-21T18:58:42.418+0000] {logging_mixin.py:188} INFO - [2024-12-21T18:58:42.418+0000] {dag.py:3954} INFO - Setting next_dagrun for example_sensors to None, run_after=None
[2024-12-21T18:58:42.459+0000] {processor.py:183} INFO - Processing /home/airflow/.local/lib/python3.12/site-packages/airflow/example_dags/example_sensors.py took 0.158 seconds
[2024-12-21T18:59:12.968+0000] {processor.py:161} INFO - Started process (PID=255) to work on /home/airflow/.local/lib/python3.12/site-packages/airflow/example_dags/example_sensors.py
[2024-12-21T18:59:12.969+0000] {processor.py:830} INFO - Processing file /home/airflow/.local/lib/python3.12/site-packages/airflow/example_dags/example_sensors.py for tasks to queue
[2024-12-21T18:59:12.972+0000] {logging_mixin.py:188} INFO - [2024-12-21T18:59:12.972+0000] {dagbag.py:545} INFO - Filling up the DagBag from /home/airflow/.local/lib/python3.12/site-packages/airflow/example_dags/example_sensors.py
[2024-12-21T18:59:12.982+0000] {processor.py:840} INFO - DAG(s) 'example_sensors' retrieved from /home/airflow/.local/lib/python3.12/site-packages/airflow/example_dags/example_sensors.py
[2024-12-21T18:59:13.013+0000] {logging_mixin.py:188} INFO - [2024-12-21T18:59:13.013+0000] {dag.py:3096} INFO - Sync 1 DAGs
[2024-12-21T18:59:13.028+0000] {logging_mixin.py:188} INFO - [2024-12-21T18:59:13.028+0000] {dag.py:3954} INFO - Setting next_dagrun for example_sensors to None, run_after=None
[2024-12-21T18:59:13.056+0000] {processor.py:183} INFO - Processing /home/airflow/.local/lib/python3.12/site-packages/airflow/example_dags/example_sensors.py took 0.094 seconds
[2024-12-21T18:59:44.076+0000] {processor.py:161} INFO - Started process (PID=313) to work on /home/airflow/.local/lib/python3.12/site-packages/airflow/example_dags/example_sensors.py
[2024-12-21T18:59:44.078+0000] {processor.py:830} INFO - Processing file /home/airflow/.local/lib/python3.12/site-packages/airflow/example_dags/example_sensors.py for tasks to queue
[2024-12-21T18:59:44.081+0000] {logging_mixin.py:188} INFO - [2024-12-21T18:59:44.080+0000] {dagbag.py:545} INFO - Filling up the DagBag from /home/airflow/.local/lib/python3.12/site-packages/airflow/example_dags/example_sensors.py
[2024-12-21T18:59:44.093+0000] {processor.py:840} INFO - DAG(s) 'example_sensors' retrieved from /home/airflow/.local/lib/python3.12/site-packages/airflow/example_dags/example_sensors.py
[2024-12-21T18:59:44.128+0000] {logging_mixin.py:188} INFO - [2024-12-21T18:59:44.128+0000] {dag.py:3096} INFO - Sync 1 DAGs
[2024-12-21T18:59:44.146+0000] {logging_mixin.py:188} INFO - [2024-12-21T18:59:44.145+0000] {dag.py:3954} INFO - Setting next_dagrun for example_sensors to None, run_after=None
[2024-12-21T18:59:44.173+0000] {processor.py:183} INFO - Processing /home/airflow/.local/lib/python3.12/site-packages/airflow/example_dags/example_sensors.py took 0.104 seconds
[2024-12-21T19:00:14.486+0000] {processor.py:161} INFO - Started process (PID=371) to work on /home/airflow/.local/lib/python3.12/site-packages/airflow/example_dags/example_sensors.py
[2024-12-21T19:00:14.487+0000] {processor.py:830} INFO - Processing file /home/airflow/.local/lib/python3.12/site-packages/airflow/example_dags/example_sensors.py for tasks to queue
[2024-12-21T19:00:14.490+0000] {logging_mixin.py:188} INFO - [2024-12-21T19:00:14.489+0000] {dagbag.py:545} INFO - Filling up the DagBag from /home/airflow/.local/lib/python3.12/site-packages/airflow/example_dags/example_sensors.py
[2024-12-21T19:00:14.500+0000] {processor.py:840} INFO - DAG(s) 'example_sensors' retrieved from /home/airflow/.local/lib/python3.12/site-packages/airflow/example_dags/example_sensors.py
[2024-12-21T19:00:14.536+0000] {logging_mixin.py:188} INFO - [2024-12-21T19:00:14.536+0000] {dag.py:3096} INFO - Sync 1 DAGs
[2024-12-21T19:00:14.552+0000] {logging_mixin.py:188} INFO - [2024-12-21T19:00:14.551+0000] {dag.py:3954} INFO - Setting next_dagrun for example_sensors to None, run_after=None
[2024-12-21T19:00:14.579+0000] {processor.py:183} INFO - Processing /home/airflow/.local/lib/python3.12/site-packages/airflow/example_dags/example_sensors.py took 0.099 seconds
[2024-12-21T19:00:45.487+0000] {processor.py:161} INFO - Started process (PID=429) to work on /home/airflow/.local/lib/python3.12/site-packages/airflow/example_dags/example_sensors.py
[2024-12-21T19:00:45.488+0000] {processor.py:830} INFO - Processing file /home/airflow/.local/lib/python3.12/site-packages/airflow/example_dags/example_sensors.py for tasks to queue
[2024-12-21T19:00:45.490+0000] {logging_mixin.py:188} INFO - [2024-12-21T19:00:45.490+0000] {dagbag.py:545} INFO - Filling up the DagBag from /home/airflow/.local/lib/python3.12/site-packages/airflow/example_dags/example_sensors.py
[2024-12-21T19:00:45.498+0000] {processor.py:840} INFO - DAG(s) 'example_sensors' retrieved from /home/airflow/.local/lib/python3.12/site-packages/airflow/example_dags/example_sensors.py
[2024-12-21T19:00:45.528+0000] {logging_mixin.py:188} INFO - [2024-12-21T19:00:45.528+0000] {dag.py:3096} INFO - Sync 1 DAGs
[2024-12-21T19:00:45.541+0000] {logging_mixin.py:188} INFO - [2024-12-21T19:00:45.541+0000] {dag.py:3954} INFO - Setting next_dagrun for example_sensors to None, run_after=None
[2024-12-21T19:00:45.568+0000] {processor.py:183} INFO - Processing /home/airflow/.local/lib/python3.12/site-packages/airflow/example_dags/example_sensors.py took 0.086 seconds
[2024-12-21T19:01:15.761+0000] {processor.py:161} INFO - Started process (PID=487) to work on /home/airflow/.local/lib/python3.12/site-packages/airflow/example_dags/example_sensors.py
[2024-12-21T19:01:15.763+0000] {processor.py:830} INFO - Processing file /home/airflow/.local/lib/python3.12/site-packages/airflow/example_dags/example_sensors.py for tasks to queue
[2024-12-21T19:01:15.765+0000] {logging_mixin.py:188} INFO - [2024-12-21T19:01:15.764+0000] {dagbag.py:545} INFO - Filling up the DagBag from /home/airflow/.local/lib/python3.12/site-packages/airflow/example_dags/example_sensors.py
[2024-12-21T19:01:15.774+0000] {processor.py:840} INFO - DAG(s) 'example_sensors' retrieved from /home/airflow/.local/lib/python3.12/site-packages/airflow/example_dags/example_sensors.py
[2024-12-21T19:01:15.802+0000] {logging_mixin.py:188} INFO - [2024-12-21T19:01:15.802+0000] {dag.py:3096} INFO - Sync 1 DAGs
[2024-12-21T19:01:15.815+0000] {logging_mixin.py:188} INFO - [2024-12-21T19:01:15.814+0000] {dag.py:3954} INFO - Setting next_dagrun for example_sensors to None, run_after=None
[2024-12-21T19:01:15.840+0000] {processor.py:183} INFO - Processing /home/airflow/.local/lib/python3.12/site-packages/airflow/example_dags/example_sensors.py took 0.084 seconds
[2024-12-21T19:01:46.463+0000] {processor.py:161} INFO - Started process (PID=545) to work on /home/airflow/.local/lib/python3.12/site-packages/airflow/example_dags/example_sensors.py
[2024-12-21T19:01:46.464+0000] {processor.py:830} INFO - Processing file /home/airflow/.local/lib/python3.12/site-packages/airflow/example_dags/example_sensors.py for tasks to queue
[2024-12-21T19:01:46.467+0000] {logging_mixin.py:188} INFO - [2024-12-21T19:01:46.466+0000] {dagbag.py:545} INFO - Filling up the DagBag from /home/airflow/.local/lib/python3.12/site-packages/airflow/example_dags/example_sensors.py
[2024-12-21T19:01:46.477+0000] {processor.py:840} INFO - DAG(s) 'example_sensors' retrieved from /home/airflow/.local/lib/python3.12/site-packages/airflow/example_dags/example_sensors.py
[2024-12-21T19:01:46.512+0000] {logging_mixin.py:188} INFO - [2024-12-21T19:01:46.512+0000] {dag.py:3096} INFO - Sync 1 DAGs
[2024-12-21T19:01:46.529+0000] {logging_mixin.py:188} INFO - [2024-12-21T19:01:46.529+0000] {dag.py:3954} INFO - Setting next_dagrun for example_sensors to None, run_after=None
[2024-12-21T19:01:46.559+0000] {processor.py:183} INFO - Processing /home/airflow/.local/lib/python3.12/site-packages/airflow/example_dags/example_sensors.py took 0.102 seconds
[2024-12-21T19:02:16.850+0000] {processor.py:161} INFO - Started process (PID=603) to work on /home/airflow/.local/lib/python3.12/site-packages/airflow/example_dags/example_sensors.py
[2024-12-21T19:02:16.851+0000] {processor.py:830} INFO - Processing file /home/airflow/.local/lib/python3.12/site-packages/airflow/example_dags/example_sensors.py for tasks to queue
[2024-12-21T19:02:16.854+0000] {logging_mixin.py:188} INFO - [2024-12-21T19:02:16.853+0000] {dagbag.py:545} INFO - Filling up the DagBag from /home/airflow/.local/lib/python3.12/site-packages/airflow/example_dags/example_sensors.py
[2024-12-21T19:02:16.862+0000] {processor.py:840} INFO - DAG(s) 'example_sensors' retrieved from /home/airflow/.local/lib/python3.12/site-packages/airflow/example_dags/example_sensors.py
[2024-12-21T19:02:16.892+0000] {logging_mixin.py:188} INFO - [2024-12-21T19:02:16.892+0000] {dag.py:3096} INFO - Sync 1 DAGs
[2024-12-21T19:02:16.908+0000] {logging_mixin.py:188} INFO - [2024-12-21T19:02:16.907+0000] {dag.py:3954} INFO - Setting next_dagrun for example_sensors to None, run_after=None
[2024-12-21T19:02:16.946+0000] {processor.py:183} INFO - Processing /home/airflow/.local/lib/python3.12/site-packages/airflow/example_dags/example_sensors.py took 0.101 seconds
[2024-12-21T19:02:47.407+0000] {processor.py:161} INFO - Started process (PID=661) to work on /home/airflow/.local/lib/python3.12/site-packages/airflow/example_dags/example_sensors.py
[2024-12-21T19:02:47.408+0000] {processor.py:830} INFO - Processing file /home/airflow/.local/lib/python3.12/site-packages/airflow/example_dags/example_sensors.py for tasks to queue
[2024-12-21T19:02:47.411+0000] {logging_mixin.py:188} INFO - [2024-12-21T19:02:47.410+0000] {dagbag.py:545} INFO - Filling up the DagBag from /home/airflow/.local/lib/python3.12/site-packages/airflow/example_dags/example_sensors.py
[2024-12-21T19:02:47.422+0000] {processor.py:840} INFO - DAG(s) 'example_sensors' retrieved from /home/airflow/.local/lib/python3.12/site-packages/airflow/example_dags/example_sensors.py
[2024-12-21T19:02:47.456+0000] {logging_mixin.py:188} INFO - [2024-12-21T19:02:47.456+0000] {dag.py:3096} INFO - Sync 1 DAGs
[2024-12-21T19:02:47.472+0000] {logging_mixin.py:188} INFO - [2024-12-21T19:02:47.472+0000] {dag.py:3954} INFO - Setting next_dagrun for example_sensors to None, run_after=None
[2024-12-21T19:02:47.503+0000] {processor.py:183} INFO - Processing /home/airflow/.local/lib/python3.12/site-packages/airflow/example_dags/example_sensors.py took 0.103 seconds
[2024-12-21T19:03:18.411+0000] {processor.py:161} INFO - Started process (PID=719) to work on /home/airflow/.local/lib/python3.12/site-packages/airflow/example_dags/example_sensors.py
[2024-12-21T19:03:18.412+0000] {processor.py:830} INFO - Processing file /home/airflow/.local/lib/python3.12/site-packages/airflow/example_dags/example_sensors.py for tasks to queue
[2024-12-21T19:03:18.415+0000] {logging_mixin.py:188} INFO - [2024-12-21T19:03:18.414+0000] {dagbag.py:545} INFO - Filling up the DagBag from /home/airflow/.local/lib/python3.12/site-packages/airflow/example_dags/example_sensors.py
[2024-12-21T19:03:18.426+0000] {processor.py:840} INFO - DAG(s) 'example_sensors' retrieved from /home/airflow/.local/lib/python3.12/site-packages/airflow/example_dags/example_sensors.py
[2024-12-21T19:03:18.476+0000] {logging_mixin.py:188} INFO - [2024-12-21T19:03:18.475+0000] {dag.py:3096} INFO - Sync 1 DAGs
[2024-12-21T19:03:18.498+0000] {logging_mixin.py:188} INFO - [2024-12-21T19:03:18.497+0000] {dag.py:3954} INFO - Setting next_dagrun for example_sensors to None, run_after=None
[2024-12-21T19:03:18.529+0000] {processor.py:183} INFO - Processing /home/airflow/.local/lib/python3.12/site-packages/airflow/example_dags/example_sensors.py took 0.124 seconds
[2024-12-21T19:03:48.598+0000] {processor.py:161} INFO - Started process (PID=776) to work on /home/airflow/.local/lib/python3.12/site-packages/airflow/example_dags/example_sensors.py
[2024-12-21T19:03:48.599+0000] {processor.py:830} INFO - Processing file /home/airflow/.local/lib/python3.12/site-packages/airflow/example_dags/example_sensors.py for tasks to queue
[2024-12-21T19:03:48.602+0000] {logging_mixin.py:188} INFO - [2024-12-21T19:03:48.602+0000] {dagbag.py:545} INFO - Filling up the DagBag from /home/airflow/.local/lib/python3.12/site-packages/airflow/example_dags/example_sensors.py
[2024-12-21T19:03:48.613+0000] {processor.py:840} INFO - DAG(s) 'example_sensors' retrieved from /home/airflow/.local/lib/python3.12/site-packages/airflow/example_dags/example_sensors.py
[2024-12-21T19:03:48.651+0000] {logging_mixin.py:188} INFO - [2024-12-21T19:03:48.651+0000] {dag.py:3096} INFO - Sync 1 DAGs
[2024-12-21T19:03:48.681+0000] {logging_mixin.py:188} INFO - [2024-12-21T19:03:48.678+0000] {dag.py:3954} INFO - Setting next_dagrun for example_sensors to None, run_after=None
[2024-12-21T19:03:48.736+0000] {processor.py:183} INFO - Processing /home/airflow/.local/lib/python3.12/site-packages/airflow/example_dags/example_sensors.py took 0.146 seconds
[2024-12-21T19:04:19.029+0000] {processor.py:161} INFO - Started process (PID=834) to work on /home/airflow/.local/lib/python3.12/site-packages/airflow/example_dags/example_sensors.py
[2024-12-21T19:04:19.030+0000] {processor.py:830} INFO - Processing file /home/airflow/.local/lib/python3.12/site-packages/airflow/example_dags/example_sensors.py for tasks to queue
[2024-12-21T19:04:19.033+0000] {logging_mixin.py:188} INFO - [2024-12-21T19:04:19.032+0000] {dagbag.py:545} INFO - Filling up the DagBag from /home/airflow/.local/lib/python3.12/site-packages/airflow/example_dags/example_sensors.py
[2024-12-21T19:04:19.041+0000] {processor.py:840} INFO - DAG(s) 'example_sensors' retrieved from /home/airflow/.local/lib/python3.12/site-packages/airflow/example_dags/example_sensors.py
[2024-12-21T19:04:19.072+0000] {logging_mixin.py:188} INFO - [2024-12-21T19:04:19.071+0000] {dag.py:3096} INFO - Sync 1 DAGs
[2024-12-21T19:04:19.086+0000] {logging_mixin.py:188} INFO - [2024-12-21T19:04:19.086+0000] {dag.py:3954} INFO - Setting next_dagrun for example_sensors to None, run_after=None
[2024-12-21T19:04:19.111+0000] {processor.py:183} INFO - Processing /home/airflow/.local/lib/python3.12/site-packages/airflow/example_dags/example_sensors.py took 0.087 seconds
[2024-12-21T19:04:49.304+0000] {processor.py:161} INFO - Started process (PID=892) to work on /home/airflow/.local/lib/python3.12/site-packages/airflow/example_dags/example_sensors.py
[2024-12-21T19:04:49.305+0000] {processor.py:830} INFO - Processing file /home/airflow/.local/lib/python3.12/site-packages/airflow/example_dags/example_sensors.py for tasks to queue
[2024-12-21T19:04:49.308+0000] {logging_mixin.py:188} INFO - [2024-12-21T19:04:49.307+0000] {dagbag.py:545} INFO - Filling up the DagBag from /home/airflow/.local/lib/python3.12/site-packages/airflow/example_dags/example_sensors.py
[2024-12-21T19:04:49.321+0000] {processor.py:840} INFO - DAG(s) 'example_sensors' retrieved from /home/airflow/.local/lib/python3.12/site-packages/airflow/example_dags/example_sensors.py
[2024-12-21T19:04:49.359+0000] {logging_mixin.py:188} INFO - [2024-12-21T19:04:49.359+0000] {dag.py:3096} INFO - Sync 1 DAGs
[2024-12-21T19:04:49.374+0000] {logging_mixin.py:188} INFO - [2024-12-21T19:04:49.373+0000] {dag.py:3954} INFO - Setting next_dagrun for example_sensors to None, run_after=None
[2024-12-21T19:04:49.409+0000] {processor.py:183} INFO - Processing /home/airflow/.local/lib/python3.12/site-packages/airflow/example_dags/example_sensors.py took 0.113 seconds
[2024-12-21T19:05:19.675+0000] {processor.py:161} INFO - Started process (PID=950) to work on /home/airflow/.local/lib/python3.12/site-packages/airflow/example_dags/example_sensors.py
[2024-12-21T19:05:19.676+0000] {processor.py:830} INFO - Processing file /home/airflow/.local/lib/python3.12/site-packages/airflow/example_dags/example_sensors.py for tasks to queue
[2024-12-21T19:05:19.679+0000] {logging_mixin.py:188} INFO - [2024-12-21T19:05:19.678+0000] {dagbag.py:545} INFO - Filling up the DagBag from /home/airflow/.local/lib/python3.12/site-packages/airflow/example_dags/example_sensors.py
[2024-12-21T19:05:19.686+0000] {processor.py:840} INFO - DAG(s) 'example_sensors' retrieved from /home/airflow/.local/lib/python3.12/site-packages/airflow/example_dags/example_sensors.py
[2024-12-21T19:05:19.716+0000] {logging_mixin.py:188} INFO - [2024-12-21T19:05:19.715+0000] {dag.py:3096} INFO - Sync 1 DAGs
[2024-12-21T19:05:19.730+0000] {logging_mixin.py:188} INFO - [2024-12-21T19:05:19.730+0000] {dag.py:3954} INFO - Setting next_dagrun for example_sensors to None, run_after=None
[2024-12-21T19:05:19.758+0000] {processor.py:183} INFO - Processing /home/airflow/.local/lib/python3.12/site-packages/airflow/example_dags/example_sensors.py took 0.088 seconds
[2024-12-21T19:05:49.931+0000] {processor.py:161} INFO - Started process (PID=1008) to work on /home/airflow/.local/lib/python3.12/site-packages/airflow/example_dags/example_sensors.py
[2024-12-21T19:05:49.932+0000] {processor.py:830} INFO - Processing file /home/airflow/.local/lib/python3.12/site-packages/airflow/example_dags/example_sensors.py for tasks to queue
[2024-12-21T19:05:49.934+0000] {logging_mixin.py:188} INFO - [2024-12-21T19:05:49.934+0000] {dagbag.py:545} INFO - Filling up the DagBag from /home/airflow/.local/lib/python3.12/site-packages/airflow/example_dags/example_sensors.py
[2024-12-21T19:05:49.942+0000] {processor.py:840} INFO - DAG(s) 'example_sensors' retrieved from /home/airflow/.local/lib/python3.12/site-packages/airflow/example_dags/example_sensors.py
[2024-12-21T19:05:49.980+0000] {logging_mixin.py:188} INFO - [2024-12-21T19:05:49.979+0000] {dag.py:3096} INFO - Sync 1 DAGs
[2024-12-21T19:05:50.000+0000] {logging_mixin.py:188} INFO - [2024-12-21T19:05:50.000+0000] {dag.py:3954} INFO - Setting next_dagrun for example_sensors to None, run_after=None
[2024-12-21T19:05:50.032+0000] {processor.py:183} INFO - Processing /home/airflow/.local/lib/python3.12/site-packages/airflow/example_dags/example_sensors.py took 0.106 seconds
[2024-12-21T19:06:20.440+0000] {processor.py:161} INFO - Started process (PID=1066) to work on /home/airflow/.local/lib/python3.12/site-packages/airflow/example_dags/example_sensors.py
[2024-12-21T19:06:20.441+0000] {processor.py:830} INFO - Processing file /home/airflow/.local/lib/python3.12/site-packages/airflow/example_dags/example_sensors.py for tasks to queue
[2024-12-21T19:06:20.444+0000] {logging_mixin.py:188} INFO - [2024-12-21T19:06:20.444+0000] {dagbag.py:545} INFO - Filling up the DagBag from /home/airflow/.local/lib/python3.12/site-packages/airflow/example_dags/example_sensors.py
[2024-12-21T19:06:20.453+0000] {processor.py:840} INFO - DAG(s) 'example_sensors' retrieved from /home/airflow/.local/lib/python3.12/site-packages/airflow/example_dags/example_sensors.py
[2024-12-21T19:06:20.492+0000] {logging_mixin.py:188} INFO - [2024-12-21T19:06:20.491+0000] {dag.py:3096} INFO - Sync 1 DAGs
[2024-12-21T19:06:20.508+0000] {logging_mixin.py:188} INFO - [2024-12-21T19:06:20.508+0000] {dag.py:3954} INFO - Setting next_dagrun for example_sensors to None, run_after=None
[2024-12-21T19:06:20.535+0000] {processor.py:183} INFO - Processing /home/airflow/.local/lib/python3.12/site-packages/airflow/example_dags/example_sensors.py took 0.100 seconds
[2024-12-21T19:06:50.793+0000] {processor.py:161} INFO - Started process (PID=1124) to work on /home/airflow/.local/lib/python3.12/site-packages/airflow/example_dags/example_sensors.py
[2024-12-21T19:06:50.795+0000] {processor.py:830} INFO - Processing file /home/airflow/.local/lib/python3.12/site-packages/airflow/example_dags/example_sensors.py for tasks to queue
[2024-12-21T19:06:50.798+0000] {logging_mixin.py:188} INFO - [2024-12-21T19:06:50.798+0000] {dagbag.py:545} INFO - Filling up the DagBag from /home/airflow/.local/lib/python3.12/site-packages/airflow/example_dags/example_sensors.py
[2024-12-21T19:06:50.814+0000] {processor.py:840} INFO - DAG(s) 'example_sensors' retrieved from /home/airflow/.local/lib/python3.12/site-packages/airflow/example_dags/example_sensors.py
[2024-12-21T19:06:50.870+0000] {logging_mixin.py:188} INFO - [2024-12-21T19:06:50.869+0000] {dag.py:3096} INFO - Sync 1 DAGs
[2024-12-21T19:06:50.896+0000] {logging_mixin.py:188} INFO - [2024-12-21T19:06:50.895+0000] {dag.py:3954} INFO - Setting next_dagrun for example_sensors to None, run_after=None
[2024-12-21T19:06:50.938+0000] {processor.py:183} INFO - Processing /home/airflow/.local/lib/python3.12/site-packages/airflow/example_dags/example_sensors.py took 0.151 seconds
[2024-12-21T19:07:21.382+0000] {processor.py:161} INFO - Started process (PID=1182) to work on /home/airflow/.local/lib/python3.12/site-packages/airflow/example_dags/example_sensors.py
[2024-12-21T19:07:21.384+0000] {processor.py:830} INFO - Processing file /home/airflow/.local/lib/python3.12/site-packages/airflow/example_dags/example_sensors.py for tasks to queue
[2024-12-21T19:07:21.386+0000] {logging_mixin.py:188} INFO - [2024-12-21T19:07:21.386+0000] {dagbag.py:545} INFO - Filling up the DagBag from /home/airflow/.local/lib/python3.12/site-packages/airflow/example_dags/example_sensors.py
[2024-12-21T19:07:21.395+0000] {processor.py:840} INFO - DAG(s) 'example_sensors' retrieved from /home/airflow/.local/lib/python3.12/site-packages/airflow/example_dags/example_sensors.py
[2024-12-21T19:07:21.424+0000] {logging_mixin.py:188} INFO - [2024-12-21T19:07:21.424+0000] {dag.py:3096} INFO - Sync 1 DAGs
[2024-12-21T19:07:21.438+0000] {logging_mixin.py:188} INFO - [2024-12-21T19:07:21.438+0000] {dag.py:3954} INFO - Setting next_dagrun for example_sensors to None, run_after=None
[2024-12-21T19:07:21.464+0000] {processor.py:183} INFO - Processing /home/airflow/.local/lib/python3.12/site-packages/airflow/example_dags/example_sensors.py took 0.086 seconds
[2024-12-21T19:07:52.366+0000] {processor.py:161} INFO - Started process (PID=1240) to work on /home/airflow/.local/lib/python3.12/site-packages/airflow/example_dags/example_sensors.py
[2024-12-21T19:07:52.368+0000] {processor.py:830} INFO - Processing file /home/airflow/.local/lib/python3.12/site-packages/airflow/example_dags/example_sensors.py for tasks to queue
[2024-12-21T19:07:52.370+0000] {logging_mixin.py:188} INFO - [2024-12-21T19:07:52.370+0000] {dagbag.py:545} INFO - Filling up the DagBag from /home/airflow/.local/lib/python3.12/site-packages/airflow/example_dags/example_sensors.py
[2024-12-21T19:07:52.382+0000] {processor.py:840} INFO - DAG(s) 'example_sensors' retrieved from /home/airflow/.local/lib/python3.12/site-packages/airflow/example_dags/example_sensors.py
[2024-12-21T19:07:52.425+0000] {logging_mixin.py:188} INFO - [2024-12-21T19:07:52.425+0000] {dag.py:3096} INFO - Sync 1 DAGs
[2024-12-21T19:07:52.442+0000] {logging_mixin.py:188} INFO - [2024-12-21T19:07:52.442+0000] {dag.py:3954} INFO - Setting next_dagrun for example_sensors to None, run_after=None
[2024-12-21T19:07:52.474+0000] {processor.py:183} INFO - Processing /home/airflow/.local/lib/python3.12/site-packages/airflow/example_dags/example_sensors.py took 0.117 seconds
[2024-12-21T19:08:23.226+0000] {processor.py:161} INFO - Started process (PID=1298) to work on /home/airflow/.local/lib/python3.12/site-packages/airflow/example_dags/example_sensors.py
[2024-12-21T19:08:23.228+0000] {processor.py:830} INFO - Processing file /home/airflow/.local/lib/python3.12/site-packages/airflow/example_dags/example_sensors.py for tasks to queue
[2024-12-21T19:08:23.230+0000] {logging_mixin.py:188} INFO - [2024-12-21T19:08:23.230+0000] {dagbag.py:545} INFO - Filling up the DagBag from /home/airflow/.local/lib/python3.12/site-packages/airflow/example_dags/example_sensors.py
[2024-12-21T19:08:23.240+0000] {processor.py:840} INFO - DAG(s) 'example_sensors' retrieved from /home/airflow/.local/lib/python3.12/site-packages/airflow/example_dags/example_sensors.py
[2024-12-21T19:08:23.270+0000] {logging_mixin.py:188} INFO - [2024-12-21T19:08:23.270+0000] {dag.py:3096} INFO - Sync 1 DAGs
[2024-12-21T19:08:23.284+0000] {logging_mixin.py:188} INFO - [2024-12-21T19:08:23.284+0000] {dag.py:3954} INFO - Setting next_dagrun for example_sensors to None, run_after=None
[2024-12-21T19:08:23.310+0000] {processor.py:183} INFO - Processing /home/airflow/.local/lib/python3.12/site-packages/airflow/example_dags/example_sensors.py took 0.091 seconds
[2024-12-21T19:08:53.694+0000] {processor.py:161} INFO - Started process (PID=1356) to work on /home/airflow/.local/lib/python3.12/site-packages/airflow/example_dags/example_sensors.py
[2024-12-21T19:08:53.695+0000] {processor.py:830} INFO - Processing file /home/airflow/.local/lib/python3.12/site-packages/airflow/example_dags/example_sensors.py for tasks to queue
[2024-12-21T19:08:53.698+0000] {logging_mixin.py:188} INFO - [2024-12-21T19:08:53.697+0000] {dagbag.py:545} INFO - Filling up the DagBag from /home/airflow/.local/lib/python3.12/site-packages/airflow/example_dags/example_sensors.py
[2024-12-21T19:08:53.708+0000] {processor.py:840} INFO - DAG(s) 'example_sensors' retrieved from /home/airflow/.local/lib/python3.12/site-packages/airflow/example_dags/example_sensors.py
[2024-12-21T19:08:53.743+0000] {logging_mixin.py:188} INFO - [2024-12-21T19:08:53.742+0000] {dag.py:3096} INFO - Sync 1 DAGs
[2024-12-21T19:08:53.759+0000] {logging_mixin.py:188} INFO - [2024-12-21T19:08:53.759+0000] {dag.py:3954} INFO - Setting next_dagrun for example_sensors to None, run_after=None
[2024-12-21T19:08:53.789+0000] {processor.py:183} INFO - Processing /home/airflow/.local/lib/python3.12/site-packages/airflow/example_dags/example_sensors.py took 0.101 seconds
[2024-12-21T19:09:24.687+0000] {processor.py:161} INFO - Started process (PID=1414) to work on /home/airflow/.local/lib/python3.12/site-packages/airflow/example_dags/example_sensors.py
[2024-12-21T19:09:24.689+0000] {processor.py:830} INFO - Processing file /home/airflow/.local/lib/python3.12/site-packages/airflow/example_dags/example_sensors.py for tasks to queue
[2024-12-21T19:09:24.692+0000] {logging_mixin.py:188} INFO - [2024-12-21T19:09:24.692+0000] {dagbag.py:545} INFO - Filling up the DagBag from /home/airflow/.local/lib/python3.12/site-packages/airflow/example_dags/example_sensors.py
[2024-12-21T19:09:24.707+0000] {processor.py:840} INFO - DAG(s) 'example_sensors' retrieved from /home/airflow/.local/lib/python3.12/site-packages/airflow/example_dags/example_sensors.py
[2024-12-21T19:09:24.747+0000] {logging_mixin.py:188} INFO - [2024-12-21T19:09:24.746+0000] {dag.py:3096} INFO - Sync 1 DAGs
[2024-12-21T19:09:24.768+0000] {logging_mixin.py:188} INFO - [2024-12-21T19:09:24.767+0000] {dag.py:3954} INFO - Setting next_dagrun for example_sensors to None, run_after=None
[2024-12-21T19:09:24.808+0000] {processor.py:183} INFO - Processing /home/airflow/.local/lib/python3.12/site-packages/airflow/example_dags/example_sensors.py took 0.132 seconds
[2024-12-21T19:09:55.366+0000] {processor.py:161} INFO - Started process (PID=1472) to work on /home/airflow/.local/lib/python3.12/site-packages/airflow/example_dags/example_sensors.py
[2024-12-21T19:09:55.367+0000] {processor.py:830} INFO - Processing file /home/airflow/.local/lib/python3.12/site-packages/airflow/example_dags/example_sensors.py for tasks to queue
[2024-12-21T19:09:55.369+0000] {logging_mixin.py:188} INFO - [2024-12-21T19:09:55.369+0000] {dagbag.py:545} INFO - Filling up the DagBag from /home/airflow/.local/lib/python3.12/site-packages/airflow/example_dags/example_sensors.py
[2024-12-21T19:09:55.377+0000] {processor.py:840} INFO - DAG(s) 'example_sensors' retrieved from /home/airflow/.local/lib/python3.12/site-packages/airflow/example_dags/example_sensors.py
[2024-12-21T19:09:55.417+0000] {logging_mixin.py:188} INFO - [2024-12-21T19:09:55.416+0000] {dag.py:3096} INFO - Sync 1 DAGs
[2024-12-21T19:09:55.440+0000] {logging_mixin.py:188} INFO - [2024-12-21T19:09:55.440+0000] {dag.py:3954} INFO - Setting next_dagrun for example_sensors to None, run_after=None
[2024-12-21T19:09:55.518+0000] {processor.py:183} INFO - Processing /home/airflow/.local/lib/python3.12/site-packages/airflow/example_dags/example_sensors.py took 0.158 seconds
[2024-12-21T19:10:25.794+0000] {processor.py:161} INFO - Started process (PID=1530) to work on /home/airflow/.local/lib/python3.12/site-packages/airflow/example_dags/example_sensors.py
[2024-12-21T19:10:25.795+0000] {processor.py:830} INFO - Processing file /home/airflow/.local/lib/python3.12/site-packages/airflow/example_dags/example_sensors.py for tasks to queue
[2024-12-21T19:10:25.797+0000] {logging_mixin.py:188} INFO - [2024-12-21T19:10:25.797+0000] {dagbag.py:545} INFO - Filling up the DagBag from /home/airflow/.local/lib/python3.12/site-packages/airflow/example_dags/example_sensors.py
[2024-12-21T19:10:25.811+0000] {processor.py:840} INFO - DAG(s) 'example_sensors' retrieved from /home/airflow/.local/lib/python3.12/site-packages/airflow/example_dags/example_sensors.py
[2024-12-21T19:10:25.853+0000] {logging_mixin.py:188} INFO - [2024-12-21T19:10:25.852+0000] {dag.py:3096} INFO - Sync 1 DAGs
[2024-12-21T19:10:25.877+0000] {logging_mixin.py:188} INFO - [2024-12-21T19:10:25.875+0000] {dag.py:3954} INFO - Setting next_dagrun for example_sensors to None, run_after=None
[2024-12-21T19:10:25.922+0000] {processor.py:183} INFO - Processing /home/airflow/.local/lib/python3.12/site-packages/airflow/example_dags/example_sensors.py took 0.134 seconds
[2024-12-21T19:10:56.012+0000] {processor.py:161} INFO - Started process (PID=1587) to work on /home/airflow/.local/lib/python3.12/site-packages/airflow/example_dags/example_sensors.py
[2024-12-21T19:10:56.014+0000] {processor.py:830} INFO - Processing file /home/airflow/.local/lib/python3.12/site-packages/airflow/example_dags/example_sensors.py for tasks to queue
[2024-12-21T19:10:56.017+0000] {logging_mixin.py:188} INFO - [2024-12-21T19:10:56.017+0000] {dagbag.py:545} INFO - Filling up the DagBag from /home/airflow/.local/lib/python3.12/site-packages/airflow/example_dags/example_sensors.py
[2024-12-21T19:10:56.032+0000] {processor.py:840} INFO - DAG(s) 'example_sensors' retrieved from /home/airflow/.local/lib/python3.12/site-packages/airflow/example_dags/example_sensors.py
[2024-12-21T19:10:56.067+0000] {logging_mixin.py:188} INFO - [2024-12-21T19:10:56.066+0000] {dag.py:3096} INFO - Sync 1 DAGs
[2024-12-21T19:10:56.080+0000] {logging_mixin.py:188} INFO - [2024-12-21T19:10:56.080+0000] {dag.py:3954} INFO - Setting next_dagrun for example_sensors to None, run_after=None
[2024-12-21T19:10:56.110+0000] {processor.py:183} INFO - Processing /home/airflow/.local/lib/python3.12/site-packages/airflow/example_dags/example_sensors.py took 0.107 seconds
[2024-12-21T19:11:26.408+0000] {processor.py:161} INFO - Started process (PID=1646) to work on /home/airflow/.local/lib/python3.12/site-packages/airflow/example_dags/example_sensors.py
[2024-12-21T19:11:26.409+0000] {processor.py:830} INFO - Processing file /home/airflow/.local/lib/python3.12/site-packages/airflow/example_dags/example_sensors.py for tasks to queue
[2024-12-21T19:11:26.412+0000] {logging_mixin.py:188} INFO - [2024-12-21T19:11:26.411+0000] {dagbag.py:545} INFO - Filling up the DagBag from /home/airflow/.local/lib/python3.12/site-packages/airflow/example_dags/example_sensors.py
[2024-12-21T19:11:26.422+0000] {processor.py:840} INFO - DAG(s) 'example_sensors' retrieved from /home/airflow/.local/lib/python3.12/site-packages/airflow/example_dags/example_sensors.py
[2024-12-21T19:11:26.452+0000] {logging_mixin.py:188} INFO - [2024-12-21T19:11:26.452+0000] {dag.py:3096} INFO - Sync 1 DAGs
[2024-12-21T19:11:26.467+0000] {logging_mixin.py:188} INFO - [2024-12-21T19:11:26.466+0000] {dag.py:3954} INFO - Setting next_dagrun for example_sensors to None, run_after=None
[2024-12-21T19:11:26.494+0000] {processor.py:183} INFO - Processing /home/airflow/.local/lib/python3.12/site-packages/airflow/example_dags/example_sensors.py took 0.092 seconds
[2024-12-21T19:11:56.973+0000] {processor.py:161} INFO - Started process (PID=1704) to work on /home/airflow/.local/lib/python3.12/site-packages/airflow/example_dags/example_sensors.py
[2024-12-21T19:11:56.974+0000] {processor.py:830} INFO - Processing file /home/airflow/.local/lib/python3.12/site-packages/airflow/example_dags/example_sensors.py for tasks to queue
[2024-12-21T19:11:56.977+0000] {logging_mixin.py:188} INFO - [2024-12-21T19:11:56.976+0000] {dagbag.py:545} INFO - Filling up the DagBag from /home/airflow/.local/lib/python3.12/site-packages/airflow/example_dags/example_sensors.py
[2024-12-21T19:11:56.987+0000] {processor.py:840} INFO - DAG(s) 'example_sensors' retrieved from /home/airflow/.local/lib/python3.12/site-packages/airflow/example_dags/example_sensors.py
[2024-12-21T19:11:57.024+0000] {logging_mixin.py:188} INFO - [2024-12-21T19:11:57.023+0000] {dag.py:3096} INFO - Sync 1 DAGs
[2024-12-21T19:11:57.040+0000] {logging_mixin.py:188} INFO - [2024-12-21T19:11:57.040+0000] {dag.py:3954} INFO - Setting next_dagrun for example_sensors to None, run_after=None
[2024-12-21T19:11:57.068+0000] {processor.py:183} INFO - Processing /home/airflow/.local/lib/python3.12/site-packages/airflow/example_dags/example_sensors.py took 0.103 seconds
[2024-12-21T19:12:27.874+0000] {processor.py:161} INFO - Started process (PID=1761) to work on /home/airflow/.local/lib/python3.12/site-packages/airflow/example_dags/example_sensors.py
[2024-12-21T19:12:27.875+0000] {processor.py:830} INFO - Processing file /home/airflow/.local/lib/python3.12/site-packages/airflow/example_dags/example_sensors.py for tasks to queue
[2024-12-21T19:12:27.877+0000] {logging_mixin.py:188} INFO - [2024-12-21T19:12:27.877+0000] {dagbag.py:545} INFO - Filling up the DagBag from /home/airflow/.local/lib/python3.12/site-packages/airflow/example_dags/example_sensors.py
[2024-12-21T19:12:27.885+0000] {processor.py:840} INFO - DAG(s) 'example_sensors' retrieved from /home/airflow/.local/lib/python3.12/site-packages/airflow/example_dags/example_sensors.py
[2024-12-21T19:12:27.915+0000] {logging_mixin.py:188} INFO - [2024-12-21T19:12:27.915+0000] {dag.py:3096} INFO - Sync 1 DAGs
[2024-12-21T19:12:27.929+0000] {logging_mixin.py:188} INFO - [2024-12-21T19:12:27.929+0000] {dag.py:3954} INFO - Setting next_dagrun for example_sensors to None, run_after=None
[2024-12-21T19:12:27.956+0000] {processor.py:183} INFO - Processing /home/airflow/.local/lib/python3.12/site-packages/airflow/example_dags/example_sensors.py took 0.088 seconds
