[2024-12-21T08:01:26.501+0000] {processor.py:161} INFO - Started process (PID=88) to work on /home/airflow/.local/lib/python3.12/site-packages/airflow/example_dags/example_python_decorator.py
[2024-12-21T08:01:26.503+0000] {processor.py:830} INFO - Processing file /home/airflow/.local/lib/python3.12/site-packages/airflow/example_dags/example_python_decorator.py for tasks to queue
[2024-12-21T08:01:26.507+0000] {logging_mixin.py:188} INFO - [2024-12-21T08:01:26.506+0000] {dagbag.py:545} INFO - Filling up the DagBag from /home/airflow/.local/lib/python3.12/site-packages/airflow/example_dags/example_python_decorator.py
[2024-12-21T08:01:26.535+0000] {processor.py:840} INFO - DAG(s) 'example_python_decorator' retrieved from /home/airflow/.local/lib/python3.12/site-packages/airflow/example_dags/example_python_decorator.py
[2024-12-21T08:01:26.735+0000] {logging_mixin.py:188} INFO - [2024-12-21T08:01:26.734+0000] {dag.py:3096} INFO - Sync 1 DAGs
[2024-12-21T08:01:26.752+0000] {logging_mixin.py:188} INFO - [2024-12-21T08:01:26.752+0000] {dag.py:3954} INFO - Setting next_dagrun for example_python_decorator to None, run_after=None
[2024-12-21T08:01:26.804+0000] {processor.py:183} INFO - Processing /home/airflow/.local/lib/python3.12/site-packages/airflow/example_dags/example_python_decorator.py took 0.311 seconds
[2024-12-21T08:01:57.531+0000] {processor.py:161} INFO - Started process (PID=146) to work on /home/airflow/.local/lib/python3.12/site-packages/airflow/example_dags/example_python_decorator.py
[2024-12-21T08:01:57.533+0000] {processor.py:830} INFO - Processing file /home/airflow/.local/lib/python3.12/site-packages/airflow/example_dags/example_python_decorator.py for tasks to queue
[2024-12-21T08:01:57.536+0000] {logging_mixin.py:188} INFO - [2024-12-21T08:01:57.535+0000] {dagbag.py:545} INFO - Filling up the DagBag from /home/airflow/.local/lib/python3.12/site-packages/airflow/example_dags/example_python_decorator.py
[2024-12-21T08:01:57.553+0000] {processor.py:840} INFO - DAG(s) 'example_python_decorator' retrieved from /home/airflow/.local/lib/python3.12/site-packages/airflow/example_dags/example_python_decorator.py
[2024-12-21T08:01:57.595+0000] {logging_mixin.py:188} INFO - [2024-12-21T08:01:57.594+0000] {dag.py:3096} INFO - Sync 1 DAGs
[2024-12-21T08:01:57.629+0000] {logging_mixin.py:188} INFO - [2024-12-21T08:01:57.629+0000] {dag.py:3954} INFO - Setting next_dagrun for example_python_decorator to None, run_after=None
[2024-12-21T08:01:57.666+0000] {processor.py:183} INFO - Processing /home/airflow/.local/lib/python3.12/site-packages/airflow/example_dags/example_python_decorator.py took 0.143 seconds
[2024-12-21T08:02:27.972+0000] {processor.py:161} INFO - Started process (PID=204) to work on /home/airflow/.local/lib/python3.12/site-packages/airflow/example_dags/example_python_decorator.py
[2024-12-21T08:02:27.974+0000] {processor.py:830} INFO - Processing file /home/airflow/.local/lib/python3.12/site-packages/airflow/example_dags/example_python_decorator.py for tasks to queue
[2024-12-21T08:02:27.977+0000] {logging_mixin.py:188} INFO - [2024-12-21T08:02:27.977+0000] {dagbag.py:545} INFO - Filling up the DagBag from /home/airflow/.local/lib/python3.12/site-packages/airflow/example_dags/example_python_decorator.py
[2024-12-21T08:02:28.013+0000] {processor.py:840} INFO - DAG(s) 'example_python_decorator' retrieved from /home/airflow/.local/lib/python3.12/site-packages/airflow/example_dags/example_python_decorator.py
[2024-12-21T08:02:28.078+0000] {logging_mixin.py:188} INFO - [2024-12-21T08:02:28.078+0000] {dag.py:3096} INFO - Sync 1 DAGs
[2024-12-21T08:02:28.096+0000] {logging_mixin.py:188} INFO - [2024-12-21T08:02:28.096+0000] {dag.py:3954} INFO - Setting next_dagrun for example_python_decorator to None, run_after=None
[2024-12-21T08:02:28.134+0000] {processor.py:183} INFO - Processing /home/airflow/.local/lib/python3.12/site-packages/airflow/example_dags/example_python_decorator.py took 0.171 seconds
[2024-12-21T08:02:58.442+0000] {processor.py:161} INFO - Started process (PID=262) to work on /home/airflow/.local/lib/python3.12/site-packages/airflow/example_dags/example_python_decorator.py
[2024-12-21T08:02:58.443+0000] {processor.py:830} INFO - Processing file /home/airflow/.local/lib/python3.12/site-packages/airflow/example_dags/example_python_decorator.py for tasks to queue
[2024-12-21T08:02:58.446+0000] {logging_mixin.py:188} INFO - [2024-12-21T08:02:58.445+0000] {dagbag.py:545} INFO - Filling up the DagBag from /home/airflow/.local/lib/python3.12/site-packages/airflow/example_dags/example_python_decorator.py
[2024-12-21T08:02:58.458+0000] {processor.py:840} INFO - DAG(s) 'example_python_decorator' retrieved from /home/airflow/.local/lib/python3.12/site-packages/airflow/example_dags/example_python_decorator.py
[2024-12-21T08:02:58.485+0000] {logging_mixin.py:188} INFO - [2024-12-21T08:02:58.484+0000] {dag.py:3096} INFO - Sync 1 DAGs
[2024-12-21T08:02:58.500+0000] {logging_mixin.py:188} INFO - [2024-12-21T08:02:58.500+0000] {dag.py:3954} INFO - Setting next_dagrun for example_python_decorator to None, run_after=None
[2024-12-21T08:02:58.528+0000] {processor.py:183} INFO - Processing /home/airflow/.local/lib/python3.12/site-packages/airflow/example_dags/example_python_decorator.py took 0.092 seconds
[2024-12-21T08:03:30.263+0000] {processor.py:161} INFO - Started process (PID=320) to work on /home/airflow/.local/lib/python3.12/site-packages/airflow/example_dags/example_python_decorator.py
[2024-12-21T08:03:30.264+0000] {processor.py:830} INFO - Processing file /home/airflow/.local/lib/python3.12/site-packages/airflow/example_dags/example_python_decorator.py for tasks to queue
[2024-12-21T08:03:30.268+0000] {logging_mixin.py:188} INFO - [2024-12-21T08:03:30.267+0000] {dagbag.py:545} INFO - Filling up the DagBag from /home/airflow/.local/lib/python3.12/site-packages/airflow/example_dags/example_python_decorator.py
[2024-12-21T08:03:30.297+0000] {processor.py:840} INFO - DAG(s) 'example_python_decorator' retrieved from /home/airflow/.local/lib/python3.12/site-packages/airflow/example_dags/example_python_decorator.py
[2024-12-21T08:03:30.333+0000] {logging_mixin.py:188} INFO - [2024-12-21T08:03:30.333+0000] {dag.py:3096} INFO - Sync 1 DAGs
[2024-12-21T08:03:30.361+0000] {logging_mixin.py:188} INFO - [2024-12-21T08:03:30.361+0000] {dag.py:3954} INFO - Setting next_dagrun for example_python_decorator to None, run_after=None
[2024-12-21T08:03:30.413+0000] {processor.py:183} INFO - Processing /home/airflow/.local/lib/python3.12/site-packages/airflow/example_dags/example_python_decorator.py took 0.160 seconds
[2024-12-21T08:04:00.521+0000] {processor.py:161} INFO - Started process (PID=378) to work on /home/airflow/.local/lib/python3.12/site-packages/airflow/example_dags/example_python_decorator.py
[2024-12-21T08:04:00.523+0000] {processor.py:830} INFO - Processing file /home/airflow/.local/lib/python3.12/site-packages/airflow/example_dags/example_python_decorator.py for tasks to queue
[2024-12-21T08:04:00.525+0000] {logging_mixin.py:188} INFO - [2024-12-21T08:04:00.525+0000] {dagbag.py:545} INFO - Filling up the DagBag from /home/airflow/.local/lib/python3.12/site-packages/airflow/example_dags/example_python_decorator.py
[2024-12-21T08:04:00.537+0000] {processor.py:840} INFO - DAG(s) 'example_python_decorator' retrieved from /home/airflow/.local/lib/python3.12/site-packages/airflow/example_dags/example_python_decorator.py
[2024-12-21T08:04:00.564+0000] {logging_mixin.py:188} INFO - [2024-12-21T08:04:00.564+0000] {dag.py:3096} INFO - Sync 1 DAGs
[2024-12-21T08:04:00.577+0000] {logging_mixin.py:188} INFO - [2024-12-21T08:04:00.577+0000] {dag.py:3954} INFO - Setting next_dagrun for example_python_decorator to None, run_after=None
[2024-12-21T08:04:00.603+0000] {processor.py:183} INFO - Processing /home/airflow/.local/lib/python3.12/site-packages/airflow/example_dags/example_python_decorator.py took 0.087 seconds
[2024-12-21T08:04:30.871+0000] {processor.py:161} INFO - Started process (PID=436) to work on /home/airflow/.local/lib/python3.12/site-packages/airflow/example_dags/example_python_decorator.py
[2024-12-21T08:04:30.872+0000] {processor.py:830} INFO - Processing file /home/airflow/.local/lib/python3.12/site-packages/airflow/example_dags/example_python_decorator.py for tasks to queue
[2024-12-21T08:04:30.874+0000] {logging_mixin.py:188} INFO - [2024-12-21T08:04:30.874+0000] {dagbag.py:545} INFO - Filling up the DagBag from /home/airflow/.local/lib/python3.12/site-packages/airflow/example_dags/example_python_decorator.py
[2024-12-21T08:04:30.886+0000] {processor.py:840} INFO - DAG(s) 'example_python_decorator' retrieved from /home/airflow/.local/lib/python3.12/site-packages/airflow/example_dags/example_python_decorator.py
[2024-12-21T08:04:30.913+0000] {logging_mixin.py:188} INFO - [2024-12-21T08:04:30.913+0000] {dag.py:3096} INFO - Sync 1 DAGs
[2024-12-21T08:04:30.927+0000] {logging_mixin.py:188} INFO - [2024-12-21T08:04:30.927+0000] {dag.py:3954} INFO - Setting next_dagrun for example_python_decorator to None, run_after=None
[2024-12-21T08:04:30.957+0000] {processor.py:183} INFO - Processing /home/airflow/.local/lib/python3.12/site-packages/airflow/example_dags/example_python_decorator.py took 0.091 seconds
[2024-12-21T08:05:01.154+0000] {processor.py:161} INFO - Started process (PID=494) to work on /home/airflow/.local/lib/python3.12/site-packages/airflow/example_dags/example_python_decorator.py
[2024-12-21T08:05:01.155+0000] {processor.py:830} INFO - Processing file /home/airflow/.local/lib/python3.12/site-packages/airflow/example_dags/example_python_decorator.py for tasks to queue
[2024-12-21T08:05:01.158+0000] {logging_mixin.py:188} INFO - [2024-12-21T08:05:01.158+0000] {dagbag.py:545} INFO - Filling up the DagBag from /home/airflow/.local/lib/python3.12/site-packages/airflow/example_dags/example_python_decorator.py
[2024-12-21T08:05:01.173+0000] {processor.py:840} INFO - DAG(s) 'example_python_decorator' retrieved from /home/airflow/.local/lib/python3.12/site-packages/airflow/example_dags/example_python_decorator.py
[2024-12-21T08:05:01.202+0000] {logging_mixin.py:188} INFO - [2024-12-21T08:05:01.201+0000] {dag.py:3096} INFO - Sync 1 DAGs
[2024-12-21T08:05:01.217+0000] {logging_mixin.py:188} INFO - [2024-12-21T08:05:01.217+0000] {dag.py:3954} INFO - Setting next_dagrun for example_python_decorator to None, run_after=None
[2024-12-21T08:05:01.249+0000] {processor.py:183} INFO - Processing /home/airflow/.local/lib/python3.12/site-packages/airflow/example_dags/example_python_decorator.py took 0.100 seconds
[2024-12-21T18:50:57.978+0000] {processor.py:161} INFO - Started process (PID=89) to work on /home/airflow/.local/lib/python3.12/site-packages/airflow/example_dags/example_python_decorator.py
[2024-12-21T18:50:57.980+0000] {processor.py:830} INFO - Processing file /home/airflow/.local/lib/python3.12/site-packages/airflow/example_dags/example_python_decorator.py for tasks to queue
[2024-12-21T18:50:57.983+0000] {logging_mixin.py:188} INFO - [2024-12-21T18:50:57.982+0000] {dagbag.py:545} INFO - Filling up the DagBag from /home/airflow/.local/lib/python3.12/site-packages/airflow/example_dags/example_python_decorator.py
[2024-12-21T18:50:58.007+0000] {processor.py:840} INFO - DAG(s) 'example_python_decorator' retrieved from /home/airflow/.local/lib/python3.12/site-packages/airflow/example_dags/example_python_decorator.py
[2024-12-21T18:50:58.204+0000] {logging_mixin.py:188} INFO - [2024-12-21T18:50:58.204+0000] {dag.py:3096} INFO - Sync 1 DAGs
[2024-12-21T18:50:58.233+0000] {logging_mixin.py:188} INFO - [2024-12-21T18:50:58.231+0000] {dag.py:3954} INFO - Setting next_dagrun for example_python_decorator to None, run_after=None
[2024-12-21T18:50:58.294+0000] {processor.py:183} INFO - Processing /home/airflow/.local/lib/python3.12/site-packages/airflow/example_dags/example_python_decorator.py took 0.323 seconds
[2024-12-21T18:51:28.624+0000] {processor.py:161} INFO - Started process (PID=148) to work on /home/airflow/.local/lib/python3.12/site-packages/airflow/example_dags/example_python_decorator.py
[2024-12-21T18:51:28.625+0000] {processor.py:830} INFO - Processing file /home/airflow/.local/lib/python3.12/site-packages/airflow/example_dags/example_python_decorator.py for tasks to queue
[2024-12-21T18:51:28.627+0000] {logging_mixin.py:188} INFO - [2024-12-21T18:51:28.627+0000] {dagbag.py:545} INFO - Filling up the DagBag from /home/airflow/.local/lib/python3.12/site-packages/airflow/example_dags/example_python_decorator.py
[2024-12-21T18:51:28.643+0000] {processor.py:840} INFO - DAG(s) 'example_python_decorator' retrieved from /home/airflow/.local/lib/python3.12/site-packages/airflow/example_dags/example_python_decorator.py
[2024-12-21T18:51:28.677+0000] {logging_mixin.py:188} INFO - [2024-12-21T18:51:28.677+0000] {dag.py:3096} INFO - Sync 1 DAGs
[2024-12-21T18:51:28.691+0000] {logging_mixin.py:188} INFO - [2024-12-21T18:51:28.691+0000] {dag.py:3954} INFO - Setting next_dagrun for example_python_decorator to None, run_after=None
[2024-12-21T18:51:28.716+0000] {processor.py:183} INFO - Processing /home/airflow/.local/lib/python3.12/site-packages/airflow/example_dags/example_python_decorator.py took 0.097 seconds
[2024-12-21T18:51:59.022+0000] {processor.py:161} INFO - Started process (PID=206) to work on /home/airflow/.local/lib/python3.12/site-packages/airflow/example_dags/example_python_decorator.py
[2024-12-21T18:51:59.023+0000] {processor.py:830} INFO - Processing file /home/airflow/.local/lib/python3.12/site-packages/airflow/example_dags/example_python_decorator.py for tasks to queue
[2024-12-21T18:51:59.026+0000] {logging_mixin.py:188} INFO - [2024-12-21T18:51:59.025+0000] {dagbag.py:545} INFO - Filling up the DagBag from /home/airflow/.local/lib/python3.12/site-packages/airflow/example_dags/example_python_decorator.py
[2024-12-21T18:51:59.038+0000] {processor.py:840} INFO - DAG(s) 'example_python_decorator' retrieved from /home/airflow/.local/lib/python3.12/site-packages/airflow/example_dags/example_python_decorator.py
[2024-12-21T18:51:59.073+0000] {logging_mixin.py:188} INFO - [2024-12-21T18:51:59.072+0000] {dag.py:3096} INFO - Sync 1 DAGs
[2024-12-21T18:51:59.087+0000] {logging_mixin.py:188} INFO - [2024-12-21T18:51:59.087+0000] {dag.py:3954} INFO - Setting next_dagrun for example_python_decorator to None, run_after=None
[2024-12-21T18:51:59.116+0000] {processor.py:183} INFO - Processing /home/airflow/.local/lib/python3.12/site-packages/airflow/example_dags/example_python_decorator.py took 0.101 seconds
[2024-12-21T18:52:30.056+0000] {processor.py:161} INFO - Started process (PID=263) to work on /home/airflow/.local/lib/python3.12/site-packages/airflow/example_dags/example_python_decorator.py
[2024-12-21T18:52:30.058+0000] {processor.py:830} INFO - Processing file /home/airflow/.local/lib/python3.12/site-packages/airflow/example_dags/example_python_decorator.py for tasks to queue
[2024-12-21T18:52:30.063+0000] {logging_mixin.py:188} INFO - [2024-12-21T18:52:30.062+0000] {dagbag.py:545} INFO - Filling up the DagBag from /home/airflow/.local/lib/python3.12/site-packages/airflow/example_dags/example_python_decorator.py
[2024-12-21T18:52:30.100+0000] {processor.py:840} INFO - DAG(s) 'example_python_decorator' retrieved from /home/airflow/.local/lib/python3.12/site-packages/airflow/example_dags/example_python_decorator.py
[2024-12-21T18:52:30.151+0000] {logging_mixin.py:188} INFO - [2024-12-21T18:52:30.150+0000] {dag.py:3096} INFO - Sync 1 DAGs
[2024-12-21T18:52:30.174+0000] {logging_mixin.py:188} INFO - [2024-12-21T18:52:30.173+0000] {dag.py:3954} INFO - Setting next_dagrun for example_python_decorator to None, run_after=None
[2024-12-21T18:52:30.215+0000] {processor.py:183} INFO - Processing /home/airflow/.local/lib/python3.12/site-packages/airflow/example_dags/example_python_decorator.py took 0.173 seconds
[2024-12-21T18:57:42.510+0000] {processor.py:161} INFO - Started process (PID=89) to work on /home/airflow/.local/lib/python3.12/site-packages/airflow/example_dags/example_python_decorator.py
[2024-12-21T18:57:42.511+0000] {processor.py:830} INFO - Processing file /home/airflow/.local/lib/python3.12/site-packages/airflow/example_dags/example_python_decorator.py for tasks to queue
[2024-12-21T18:57:42.515+0000] {logging_mixin.py:188} INFO - [2024-12-21T18:57:42.514+0000] {dagbag.py:545} INFO - Filling up the DagBag from /home/airflow/.local/lib/python3.12/site-packages/airflow/example_dags/example_python_decorator.py
[2024-12-21T18:57:42.535+0000] {processor.py:840} INFO - DAG(s) 'example_python_decorator' retrieved from /home/airflow/.local/lib/python3.12/site-packages/airflow/example_dags/example_python_decorator.py
[2024-12-21T18:57:42.719+0000] {logging_mixin.py:188} INFO - [2024-12-21T18:57:42.718+0000] {dag.py:3096} INFO - Sync 1 DAGs
[2024-12-21T18:57:42.745+0000] {logging_mixin.py:188} INFO - [2024-12-21T18:57:42.744+0000] {dag.py:3954} INFO - Setting next_dagrun for example_python_decorator to None, run_after=None
[2024-12-21T18:57:42.792+0000] {processor.py:183} INFO - Processing /home/airflow/.local/lib/python3.12/site-packages/airflow/example_dags/example_python_decorator.py took 0.292 seconds
[2024-12-21T18:58:12.914+0000] {processor.py:161} INFO - Started process (PID=148) to work on /home/airflow/.local/lib/python3.12/site-packages/airflow/example_dags/example_python_decorator.py
[2024-12-21T18:58:12.916+0000] {processor.py:830} INFO - Processing file /home/airflow/.local/lib/python3.12/site-packages/airflow/example_dags/example_python_decorator.py for tasks to queue
[2024-12-21T18:58:12.918+0000] {logging_mixin.py:188} INFO - [2024-12-21T18:58:12.918+0000] {dagbag.py:545} INFO - Filling up the DagBag from /home/airflow/.local/lib/python3.12/site-packages/airflow/example_dags/example_python_decorator.py
[2024-12-21T18:58:12.932+0000] {processor.py:840} INFO - DAG(s) 'example_python_decorator' retrieved from /home/airflow/.local/lib/python3.12/site-packages/airflow/example_dags/example_python_decorator.py
[2024-12-21T18:58:12.967+0000] {logging_mixin.py:188} INFO - [2024-12-21T18:58:12.967+0000] {dag.py:3096} INFO - Sync 1 DAGs
[2024-12-21T18:58:12.988+0000] {logging_mixin.py:188} INFO - [2024-12-21T18:58:12.988+0000] {dag.py:3954} INFO - Setting next_dagrun for example_python_decorator to None, run_after=None
[2024-12-21T18:58:13.018+0000] {processor.py:183} INFO - Processing /home/airflow/.local/lib/python3.12/site-packages/airflow/example_dags/example_python_decorator.py took 0.110 seconds
[2024-12-21T18:58:43.548+0000] {processor.py:161} INFO - Started process (PID=206) to work on /home/airflow/.local/lib/python3.12/site-packages/airflow/example_dags/example_python_decorator.py
[2024-12-21T18:58:43.550+0000] {processor.py:830} INFO - Processing file /home/airflow/.local/lib/python3.12/site-packages/airflow/example_dags/example_python_decorator.py for tasks to queue
[2024-12-21T18:58:43.554+0000] {logging_mixin.py:188} INFO - [2024-12-21T18:58:43.553+0000] {dagbag.py:545} INFO - Filling up the DagBag from /home/airflow/.local/lib/python3.12/site-packages/airflow/example_dags/example_python_decorator.py
[2024-12-21T18:58:43.578+0000] {processor.py:840} INFO - DAG(s) 'example_python_decorator' retrieved from /home/airflow/.local/lib/python3.12/site-packages/airflow/example_dags/example_python_decorator.py
[2024-12-21T18:58:43.617+0000] {logging_mixin.py:188} INFO - [2024-12-21T18:58:43.616+0000] {dag.py:3096} INFO - Sync 1 DAGs
[2024-12-21T18:58:43.637+0000] {logging_mixin.py:188} INFO - [2024-12-21T18:58:43.637+0000] {dag.py:3954} INFO - Setting next_dagrun for example_python_decorator to None, run_after=None
[2024-12-21T18:58:43.675+0000] {processor.py:183} INFO - Processing /home/airflow/.local/lib/python3.12/site-packages/airflow/example_dags/example_python_decorator.py took 0.137 seconds
[2024-12-21T18:59:13.761+0000] {processor.py:161} INFO - Started process (PID=263) to work on /home/airflow/.local/lib/python3.12/site-packages/airflow/example_dags/example_python_decorator.py
[2024-12-21T18:59:13.763+0000] {processor.py:830} INFO - Processing file /home/airflow/.local/lib/python3.12/site-packages/airflow/example_dags/example_python_decorator.py for tasks to queue
[2024-12-21T18:59:13.766+0000] {logging_mixin.py:188} INFO - [2024-12-21T18:59:13.766+0000] {dagbag.py:545} INFO - Filling up the DagBag from /home/airflow/.local/lib/python3.12/site-packages/airflow/example_dags/example_python_decorator.py
[2024-12-21T18:59:13.780+0000] {processor.py:840} INFO - DAG(s) 'example_python_decorator' retrieved from /home/airflow/.local/lib/python3.12/site-packages/airflow/example_dags/example_python_decorator.py
[2024-12-21T18:59:13.811+0000] {logging_mixin.py:188} INFO - [2024-12-21T18:59:13.811+0000] {dag.py:3096} INFO - Sync 1 DAGs
[2024-12-21T18:59:13.825+0000] {logging_mixin.py:188} INFO - [2024-12-21T18:59:13.825+0000] {dag.py:3954} INFO - Setting next_dagrun for example_python_decorator to None, run_after=None
[2024-12-21T18:59:13.854+0000] {processor.py:183} INFO - Processing /home/airflow/.local/lib/python3.12/site-packages/airflow/example_dags/example_python_decorator.py took 0.098 seconds
[2024-12-21T18:59:44.707+0000] {processor.py:161} INFO - Started process (PID=321) to work on /home/airflow/.local/lib/python3.12/site-packages/airflow/example_dags/example_python_decorator.py
[2024-12-21T18:59:44.708+0000] {processor.py:830} INFO - Processing file /home/airflow/.local/lib/python3.12/site-packages/airflow/example_dags/example_python_decorator.py for tasks to queue
[2024-12-21T18:59:44.711+0000] {logging_mixin.py:188} INFO - [2024-12-21T18:59:44.710+0000] {dagbag.py:545} INFO - Filling up the DagBag from /home/airflow/.local/lib/python3.12/site-packages/airflow/example_dags/example_python_decorator.py
[2024-12-21T18:59:44.726+0000] {processor.py:840} INFO - DAG(s) 'example_python_decorator' retrieved from /home/airflow/.local/lib/python3.12/site-packages/airflow/example_dags/example_python_decorator.py
[2024-12-21T18:59:44.754+0000] {logging_mixin.py:188} INFO - [2024-12-21T18:59:44.754+0000] {dag.py:3096} INFO - Sync 1 DAGs
[2024-12-21T18:59:44.770+0000] {logging_mixin.py:188} INFO - [2024-12-21T18:59:44.769+0000] {dag.py:3954} INFO - Setting next_dagrun for example_python_decorator to None, run_after=None
[2024-12-21T18:59:44.799+0000] {processor.py:183} INFO - Processing /home/airflow/.local/lib/python3.12/site-packages/airflow/example_dags/example_python_decorator.py took 0.098 seconds
[2024-12-21T19:00:15.030+0000] {processor.py:161} INFO - Started process (PID=379) to work on /home/airflow/.local/lib/python3.12/site-packages/airflow/example_dags/example_python_decorator.py
[2024-12-21T19:00:15.031+0000] {processor.py:830} INFO - Processing file /home/airflow/.local/lib/python3.12/site-packages/airflow/example_dags/example_python_decorator.py for tasks to queue
[2024-12-21T19:00:15.033+0000] {logging_mixin.py:188} INFO - [2024-12-21T19:00:15.033+0000] {dagbag.py:545} INFO - Filling up the DagBag from /home/airflow/.local/lib/python3.12/site-packages/airflow/example_dags/example_python_decorator.py
[2024-12-21T19:00:15.050+0000] {processor.py:840} INFO - DAG(s) 'example_python_decorator' retrieved from /home/airflow/.local/lib/python3.12/site-packages/airflow/example_dags/example_python_decorator.py
[2024-12-21T19:00:15.081+0000] {logging_mixin.py:188} INFO - [2024-12-21T19:00:15.080+0000] {dag.py:3096} INFO - Sync 1 DAGs
[2024-12-21T19:00:15.099+0000] {logging_mixin.py:188} INFO - [2024-12-21T19:00:15.099+0000] {dag.py:3954} INFO - Setting next_dagrun for example_python_decorator to None, run_after=None
[2024-12-21T19:00:15.126+0000] {processor.py:183} INFO - Processing /home/airflow/.local/lib/python3.12/site-packages/airflow/example_dags/example_python_decorator.py took 0.102 seconds
[2024-12-21T19:00:46.515+0000] {processor.py:161} INFO - Started process (PID=437) to work on /home/airflow/.local/lib/python3.12/site-packages/airflow/example_dags/example_python_decorator.py
[2024-12-21T19:00:46.517+0000] {processor.py:830} INFO - Processing file /home/airflow/.local/lib/python3.12/site-packages/airflow/example_dags/example_python_decorator.py for tasks to queue
[2024-12-21T19:00:46.521+0000] {logging_mixin.py:188} INFO - [2024-12-21T19:00:46.520+0000] {dagbag.py:545} INFO - Filling up the DagBag from /home/airflow/.local/lib/python3.12/site-packages/airflow/example_dags/example_python_decorator.py
[2024-12-21T19:00:46.553+0000] {processor.py:840} INFO - DAG(s) 'example_python_decorator' retrieved from /home/airflow/.local/lib/python3.12/site-packages/airflow/example_dags/example_python_decorator.py
[2024-12-21T19:00:46.592+0000] {logging_mixin.py:188} INFO - [2024-12-21T19:00:46.591+0000] {dag.py:3096} INFO - Sync 1 DAGs
[2024-12-21T19:00:46.613+0000] {logging_mixin.py:188} INFO - [2024-12-21T19:00:46.612+0000] {dag.py:3954} INFO - Setting next_dagrun for example_python_decorator to None, run_after=None
[2024-12-21T19:00:46.648+0000] {processor.py:183} INFO - Processing /home/airflow/.local/lib/python3.12/site-packages/airflow/example_dags/example_python_decorator.py took 0.142 seconds
[2024-12-21T19:01:17.449+0000] {processor.py:161} INFO - Started process (PID=495) to work on /home/airflow/.local/lib/python3.12/site-packages/airflow/example_dags/example_python_decorator.py
[2024-12-21T19:01:17.450+0000] {processor.py:830} INFO - Processing file /home/airflow/.local/lib/python3.12/site-packages/airflow/example_dags/example_python_decorator.py for tasks to queue
[2024-12-21T19:01:17.452+0000] {logging_mixin.py:188} INFO - [2024-12-21T19:01:17.452+0000] {dagbag.py:545} INFO - Filling up the DagBag from /home/airflow/.local/lib/python3.12/site-packages/airflow/example_dags/example_python_decorator.py
[2024-12-21T19:01:17.465+0000] {processor.py:840} INFO - DAG(s) 'example_python_decorator' retrieved from /home/airflow/.local/lib/python3.12/site-packages/airflow/example_dags/example_python_decorator.py
[2024-12-21T19:01:17.490+0000] {logging_mixin.py:188} INFO - [2024-12-21T19:01:17.490+0000] {dag.py:3096} INFO - Sync 1 DAGs
[2024-12-21T19:01:17.507+0000] {logging_mixin.py:188} INFO - [2024-12-21T19:01:17.507+0000] {dag.py:3954} INFO - Setting next_dagrun for example_python_decorator to None, run_after=None
[2024-12-21T19:01:17.532+0000] {processor.py:183} INFO - Processing /home/airflow/.local/lib/python3.12/site-packages/airflow/example_dags/example_python_decorator.py took 0.089 seconds
[2024-12-21T19:01:48.311+0000] {processor.py:161} INFO - Started process (PID=553) to work on /home/airflow/.local/lib/python3.12/site-packages/airflow/example_dags/example_python_decorator.py
[2024-12-21T19:01:48.312+0000] {processor.py:830} INFO - Processing file /home/airflow/.local/lib/python3.12/site-packages/airflow/example_dags/example_python_decorator.py for tasks to queue
[2024-12-21T19:01:48.315+0000] {logging_mixin.py:188} INFO - [2024-12-21T19:01:48.314+0000] {dagbag.py:545} INFO - Filling up the DagBag from /home/airflow/.local/lib/python3.12/site-packages/airflow/example_dags/example_python_decorator.py
[2024-12-21T19:01:48.327+0000] {processor.py:840} INFO - DAG(s) 'example_python_decorator' retrieved from /home/airflow/.local/lib/python3.12/site-packages/airflow/example_dags/example_python_decorator.py
[2024-12-21T19:01:48.352+0000] {logging_mixin.py:188} INFO - [2024-12-21T19:01:48.352+0000] {dag.py:3096} INFO - Sync 1 DAGs
[2024-12-21T19:01:48.366+0000] {logging_mixin.py:188} INFO - [2024-12-21T19:01:48.366+0000] {dag.py:3954} INFO - Setting next_dagrun for example_python_decorator to None, run_after=None
[2024-12-21T19:01:48.394+0000] {processor.py:183} INFO - Processing /home/airflow/.local/lib/python3.12/site-packages/airflow/example_dags/example_python_decorator.py took 0.089 seconds
[2024-12-21T19:02:18.661+0000] {processor.py:161} INFO - Started process (PID=611) to work on /home/airflow/.local/lib/python3.12/site-packages/airflow/example_dags/example_python_decorator.py
[2024-12-21T19:02:18.662+0000] {processor.py:830} INFO - Processing file /home/airflow/.local/lib/python3.12/site-packages/airflow/example_dags/example_python_decorator.py for tasks to queue
[2024-12-21T19:02:18.665+0000] {logging_mixin.py:188} INFO - [2024-12-21T19:02:18.664+0000] {dagbag.py:545} INFO - Filling up the DagBag from /home/airflow/.local/lib/python3.12/site-packages/airflow/example_dags/example_python_decorator.py
[2024-12-21T19:02:18.677+0000] {processor.py:840} INFO - DAG(s) 'example_python_decorator' retrieved from /home/airflow/.local/lib/python3.12/site-packages/airflow/example_dags/example_python_decorator.py
[2024-12-21T19:02:18.702+0000] {logging_mixin.py:188} INFO - [2024-12-21T19:02:18.702+0000] {dag.py:3096} INFO - Sync 1 DAGs
[2024-12-21T19:02:18.716+0000] {logging_mixin.py:188} INFO - [2024-12-21T19:02:18.716+0000] {dag.py:3954} INFO - Setting next_dagrun for example_python_decorator to None, run_after=None
[2024-12-21T19:02:18.743+0000] {processor.py:183} INFO - Processing /home/airflow/.local/lib/python3.12/site-packages/airflow/example_dags/example_python_decorator.py took 0.088 seconds
[2024-12-21T19:02:49.112+0000] {processor.py:161} INFO - Started process (PID=669) to work on /home/airflow/.local/lib/python3.12/site-packages/airflow/example_dags/example_python_decorator.py
[2024-12-21T19:02:49.113+0000] {processor.py:830} INFO - Processing file /home/airflow/.local/lib/python3.12/site-packages/airflow/example_dags/example_python_decorator.py for tasks to queue
[2024-12-21T19:02:49.116+0000] {logging_mixin.py:188} INFO - [2024-12-21T19:02:49.115+0000] {dagbag.py:545} INFO - Filling up the DagBag from /home/airflow/.local/lib/python3.12/site-packages/airflow/example_dags/example_python_decorator.py
[2024-12-21T19:02:49.132+0000] {processor.py:840} INFO - DAG(s) 'example_python_decorator' retrieved from /home/airflow/.local/lib/python3.12/site-packages/airflow/example_dags/example_python_decorator.py
[2024-12-21T19:02:49.166+0000] {logging_mixin.py:188} INFO - [2024-12-21T19:02:49.166+0000] {dag.py:3096} INFO - Sync 1 DAGs
[2024-12-21T19:02:49.180+0000] {logging_mixin.py:188} INFO - [2024-12-21T19:02:49.180+0000] {dag.py:3954} INFO - Setting next_dagrun for example_python_decorator to None, run_after=None
[2024-12-21T19:02:49.206+0000] {processor.py:183} INFO - Processing /home/airflow/.local/lib/python3.12/site-packages/airflow/example_dags/example_python_decorator.py took 0.099 seconds
[2024-12-21T19:03:20.212+0000] {processor.py:161} INFO - Started process (PID=727) to work on /home/airflow/.local/lib/python3.12/site-packages/airflow/example_dags/example_python_decorator.py
[2024-12-21T19:03:20.213+0000] {processor.py:830} INFO - Processing file /home/airflow/.local/lib/python3.12/site-packages/airflow/example_dags/example_python_decorator.py for tasks to queue
[2024-12-21T19:03:20.215+0000] {logging_mixin.py:188} INFO - [2024-12-21T19:03:20.215+0000] {dagbag.py:545} INFO - Filling up the DagBag from /home/airflow/.local/lib/python3.12/site-packages/airflow/example_dags/example_python_decorator.py
[2024-12-21T19:03:20.228+0000] {processor.py:840} INFO - DAG(s) 'example_python_decorator' retrieved from /home/airflow/.local/lib/python3.12/site-packages/airflow/example_dags/example_python_decorator.py
[2024-12-21T19:03:20.254+0000] {logging_mixin.py:188} INFO - [2024-12-21T19:03:20.254+0000] {dag.py:3096} INFO - Sync 1 DAGs
[2024-12-21T19:03:20.273+0000] {logging_mixin.py:188} INFO - [2024-12-21T19:03:20.272+0000] {dag.py:3954} INFO - Setting next_dagrun for example_python_decorator to None, run_after=None
[2024-12-21T19:03:20.341+0000] {processor.py:183} INFO - Processing /home/airflow/.local/lib/python3.12/site-packages/airflow/example_dags/example_python_decorator.py took 0.135 seconds
[2024-12-21T19:03:50.614+0000] {processor.py:161} INFO - Started process (PID=785) to work on /home/airflow/.local/lib/python3.12/site-packages/airflow/example_dags/example_python_decorator.py
[2024-12-21T19:03:50.615+0000] {processor.py:830} INFO - Processing file /home/airflow/.local/lib/python3.12/site-packages/airflow/example_dags/example_python_decorator.py for tasks to queue
[2024-12-21T19:03:50.617+0000] {logging_mixin.py:188} INFO - [2024-12-21T19:03:50.617+0000] {dagbag.py:545} INFO - Filling up the DagBag from /home/airflow/.local/lib/python3.12/site-packages/airflow/example_dags/example_python_decorator.py
[2024-12-21T19:03:50.629+0000] {processor.py:840} INFO - DAG(s) 'example_python_decorator' retrieved from /home/airflow/.local/lib/python3.12/site-packages/airflow/example_dags/example_python_decorator.py
[2024-12-21T19:03:50.656+0000] {logging_mixin.py:188} INFO - [2024-12-21T19:03:50.655+0000] {dag.py:3096} INFO - Sync 1 DAGs
[2024-12-21T19:03:50.672+0000] {logging_mixin.py:188} INFO - [2024-12-21T19:03:50.671+0000] {dag.py:3954} INFO - Setting next_dagrun for example_python_decorator to None, run_after=None
[2024-12-21T19:03:50.701+0000] {processor.py:183} INFO - Processing /home/airflow/.local/lib/python3.12/site-packages/airflow/example_dags/example_python_decorator.py took 0.094 seconds
[2024-12-21T19:04:20.857+0000] {processor.py:161} INFO - Started process (PID=843) to work on /home/airflow/.local/lib/python3.12/site-packages/airflow/example_dags/example_python_decorator.py
[2024-12-21T19:04:20.858+0000] {processor.py:830} INFO - Processing file /home/airflow/.local/lib/python3.12/site-packages/airflow/example_dags/example_python_decorator.py for tasks to queue
[2024-12-21T19:04:20.860+0000] {logging_mixin.py:188} INFO - [2024-12-21T19:04:20.860+0000] {dagbag.py:545} INFO - Filling up the DagBag from /home/airflow/.local/lib/python3.12/site-packages/airflow/example_dags/example_python_decorator.py
[2024-12-21T19:04:20.873+0000] {processor.py:840} INFO - DAG(s) 'example_python_decorator' retrieved from /home/airflow/.local/lib/python3.12/site-packages/airflow/example_dags/example_python_decorator.py
[2024-12-21T19:04:20.898+0000] {logging_mixin.py:188} INFO - [2024-12-21T19:04:20.898+0000] {dag.py:3096} INFO - Sync 1 DAGs
[2024-12-21T19:04:20.913+0000] {logging_mixin.py:188} INFO - [2024-12-21T19:04:20.913+0000] {dag.py:3954} INFO - Setting next_dagrun for example_python_decorator to None, run_after=None
[2024-12-21T19:04:20.939+0000] {processor.py:183} INFO - Processing /home/airflow/.local/lib/python3.12/site-packages/airflow/example_dags/example_python_decorator.py took 0.087 seconds
[2024-12-21T19:04:51.986+0000] {processor.py:161} INFO - Started process (PID=901) to work on /home/airflow/.local/lib/python3.12/site-packages/airflow/example_dags/example_python_decorator.py
[2024-12-21T19:04:51.990+0000] {processor.py:830} INFO - Processing file /home/airflow/.local/lib/python3.12/site-packages/airflow/example_dags/example_python_decorator.py for tasks to queue
[2024-12-21T19:04:51.994+0000] {logging_mixin.py:188} INFO - [2024-12-21T19:04:51.993+0000] {dagbag.py:545} INFO - Filling up the DagBag from /home/airflow/.local/lib/python3.12/site-packages/airflow/example_dags/example_python_decorator.py
[2024-12-21T19:04:52.017+0000] {processor.py:840} INFO - DAG(s) 'example_python_decorator' retrieved from /home/airflow/.local/lib/python3.12/site-packages/airflow/example_dags/example_python_decorator.py
[2024-12-21T19:04:52.061+0000] {logging_mixin.py:188} INFO - [2024-12-21T19:04:52.061+0000] {dag.py:3096} INFO - Sync 1 DAGs
[2024-12-21T19:04:52.079+0000] {logging_mixin.py:188} INFO - [2024-12-21T19:04:52.079+0000] {dag.py:3954} INFO - Setting next_dagrun for example_python_decorator to None, run_after=None
[2024-12-21T19:04:52.113+0000] {processor.py:183} INFO - Processing /home/airflow/.local/lib/python3.12/site-packages/airflow/example_dags/example_python_decorator.py took 0.140 seconds
[2024-12-21T19:05:22.529+0000] {processor.py:161} INFO - Started process (PID=959) to work on /home/airflow/.local/lib/python3.12/site-packages/airflow/example_dags/example_python_decorator.py
[2024-12-21T19:05:22.531+0000] {processor.py:830} INFO - Processing file /home/airflow/.local/lib/python3.12/site-packages/airflow/example_dags/example_python_decorator.py for tasks to queue
[2024-12-21T19:05:22.533+0000] {logging_mixin.py:188} INFO - [2024-12-21T19:05:22.533+0000] {dagbag.py:545} INFO - Filling up the DagBag from /home/airflow/.local/lib/python3.12/site-packages/airflow/example_dags/example_python_decorator.py
[2024-12-21T19:05:22.545+0000] {processor.py:840} INFO - DAG(s) 'example_python_decorator' retrieved from /home/airflow/.local/lib/python3.12/site-packages/airflow/example_dags/example_python_decorator.py
[2024-12-21T19:05:22.573+0000] {logging_mixin.py:188} INFO - [2024-12-21T19:05:22.573+0000] {dag.py:3096} INFO - Sync 1 DAGs
[2024-12-21T19:05:22.587+0000] {logging_mixin.py:188} INFO - [2024-12-21T19:05:22.587+0000] {dag.py:3954} INFO - Setting next_dagrun for example_python_decorator to None, run_after=None
[2024-12-21T19:05:22.616+0000] {processor.py:183} INFO - Processing /home/airflow/.local/lib/python3.12/site-packages/airflow/example_dags/example_python_decorator.py took 0.093 seconds
[2024-12-21T19:05:52.817+0000] {processor.py:161} INFO - Started process (PID=1017) to work on /home/airflow/.local/lib/python3.12/site-packages/airflow/example_dags/example_python_decorator.py
[2024-12-21T19:05:52.818+0000] {processor.py:830} INFO - Processing file /home/airflow/.local/lib/python3.12/site-packages/airflow/example_dags/example_python_decorator.py for tasks to queue
[2024-12-21T19:05:52.821+0000] {logging_mixin.py:188} INFO - [2024-12-21T19:05:52.820+0000] {dagbag.py:545} INFO - Filling up the DagBag from /home/airflow/.local/lib/python3.12/site-packages/airflow/example_dags/example_python_decorator.py
[2024-12-21T19:05:52.833+0000] {processor.py:840} INFO - DAG(s) 'example_python_decorator' retrieved from /home/airflow/.local/lib/python3.12/site-packages/airflow/example_dags/example_python_decorator.py
[2024-12-21T19:05:52.867+0000] {logging_mixin.py:188} INFO - [2024-12-21T19:05:52.867+0000] {dag.py:3096} INFO - Sync 1 DAGs
[2024-12-21T19:05:52.888+0000] {logging_mixin.py:188} INFO - [2024-12-21T19:05:52.887+0000] {dag.py:3954} INFO - Setting next_dagrun for example_python_decorator to None, run_after=None
[2024-12-21T19:05:52.919+0000] {processor.py:183} INFO - Processing /home/airflow/.local/lib/python3.12/site-packages/airflow/example_dags/example_python_decorator.py took 0.108 seconds
[2024-12-21T19:06:23.146+0000] {processor.py:161} INFO - Started process (PID=1075) to work on /home/airflow/.local/lib/python3.12/site-packages/airflow/example_dags/example_python_decorator.py
[2024-12-21T19:06:23.148+0000] {processor.py:830} INFO - Processing file /home/airflow/.local/lib/python3.12/site-packages/airflow/example_dags/example_python_decorator.py for tasks to queue
[2024-12-21T19:06:23.150+0000] {logging_mixin.py:188} INFO - [2024-12-21T19:06:23.150+0000] {dagbag.py:545} INFO - Filling up the DagBag from /home/airflow/.local/lib/python3.12/site-packages/airflow/example_dags/example_python_decorator.py
[2024-12-21T19:06:23.163+0000] {processor.py:840} INFO - DAG(s) 'example_python_decorator' retrieved from /home/airflow/.local/lib/python3.12/site-packages/airflow/example_dags/example_python_decorator.py
[2024-12-21T19:06:23.188+0000] {logging_mixin.py:188} INFO - [2024-12-21T19:06:23.188+0000] {dag.py:3096} INFO - Sync 1 DAGs
[2024-12-21T19:06:23.201+0000] {logging_mixin.py:188} INFO - [2024-12-21T19:06:23.201+0000] {dag.py:3954} INFO - Setting next_dagrun for example_python_decorator to None, run_after=None
[2024-12-21T19:06:23.226+0000] {processor.py:183} INFO - Processing /home/airflow/.local/lib/python3.12/site-packages/airflow/example_dags/example_python_decorator.py took 0.085 seconds
[2024-12-21T19:06:53.766+0000] {processor.py:161} INFO - Started process (PID=1133) to work on /home/airflow/.local/lib/python3.12/site-packages/airflow/example_dags/example_python_decorator.py
[2024-12-21T19:06:53.768+0000] {processor.py:830} INFO - Processing file /home/airflow/.local/lib/python3.12/site-packages/airflow/example_dags/example_python_decorator.py for tasks to queue
[2024-12-21T19:06:53.770+0000] {logging_mixin.py:188} INFO - [2024-12-21T19:06:53.770+0000] {dagbag.py:545} INFO - Filling up the DagBag from /home/airflow/.local/lib/python3.12/site-packages/airflow/example_dags/example_python_decorator.py
[2024-12-21T19:06:53.790+0000] {processor.py:840} INFO - DAG(s) 'example_python_decorator' retrieved from /home/airflow/.local/lib/python3.12/site-packages/airflow/example_dags/example_python_decorator.py
[2024-12-21T19:06:53.823+0000] {logging_mixin.py:188} INFO - [2024-12-21T19:06:53.822+0000] {dag.py:3096} INFO - Sync 1 DAGs
[2024-12-21T19:06:53.837+0000] {logging_mixin.py:188} INFO - [2024-12-21T19:06:53.837+0000] {dag.py:3954} INFO - Setting next_dagrun for example_python_decorator to None, run_after=None
[2024-12-21T19:06:53.870+0000] {processor.py:183} INFO - Processing /home/airflow/.local/lib/python3.12/site-packages/airflow/example_dags/example_python_decorator.py took 0.110 seconds
[2024-12-21T19:07:24.824+0000] {processor.py:161} INFO - Started process (PID=1190) to work on /home/airflow/.local/lib/python3.12/site-packages/airflow/example_dags/example_python_decorator.py
[2024-12-21T19:07:24.825+0000] {processor.py:830} INFO - Processing file /home/airflow/.local/lib/python3.12/site-packages/airflow/example_dags/example_python_decorator.py for tasks to queue
[2024-12-21T19:07:24.827+0000] {logging_mixin.py:188} INFO - [2024-12-21T19:07:24.827+0000] {dagbag.py:545} INFO - Filling up the DagBag from /home/airflow/.local/lib/python3.12/site-packages/airflow/example_dags/example_python_decorator.py
[2024-12-21T19:07:24.840+0000] {processor.py:840} INFO - DAG(s) 'example_python_decorator' retrieved from /home/airflow/.local/lib/python3.12/site-packages/airflow/example_dags/example_python_decorator.py
[2024-12-21T19:07:24.867+0000] {logging_mixin.py:188} INFO - [2024-12-21T19:07:24.866+0000] {dag.py:3096} INFO - Sync 1 DAGs
[2024-12-21T19:07:24.881+0000] {logging_mixin.py:188} INFO - [2024-12-21T19:07:24.880+0000] {dag.py:3954} INFO - Setting next_dagrun for example_python_decorator to None, run_after=None
[2024-12-21T19:07:24.905+0000] {processor.py:183} INFO - Processing /home/airflow/.local/lib/python3.12/site-packages/airflow/example_dags/example_python_decorator.py took 0.087 seconds
[2024-12-21T19:07:55.175+0000] {processor.py:161} INFO - Started process (PID=1248) to work on /home/airflow/.local/lib/python3.12/site-packages/airflow/example_dags/example_python_decorator.py
[2024-12-21T19:07:55.176+0000] {processor.py:830} INFO - Processing file /home/airflow/.local/lib/python3.12/site-packages/airflow/example_dags/example_python_decorator.py for tasks to queue
[2024-12-21T19:07:55.178+0000] {logging_mixin.py:188} INFO - [2024-12-21T19:07:55.178+0000] {dagbag.py:545} INFO - Filling up the DagBag from /home/airflow/.local/lib/python3.12/site-packages/airflow/example_dags/example_python_decorator.py
[2024-12-21T19:07:55.191+0000] {processor.py:840} INFO - DAG(s) 'example_python_decorator' retrieved from /home/airflow/.local/lib/python3.12/site-packages/airflow/example_dags/example_python_decorator.py
[2024-12-21T19:07:55.217+0000] {logging_mixin.py:188} INFO - [2024-12-21T19:07:55.217+0000] {dag.py:3096} INFO - Sync 1 DAGs
[2024-12-21T19:07:55.229+0000] {logging_mixin.py:188} INFO - [2024-12-21T19:07:55.229+0000] {dag.py:3954} INFO - Setting next_dagrun for example_python_decorator to None, run_after=None
[2024-12-21T19:07:55.255+0000] {processor.py:183} INFO - Processing /home/airflow/.local/lib/python3.12/site-packages/airflow/example_dags/example_python_decorator.py took 0.087 seconds
[2024-12-21T19:08:25.801+0000] {processor.py:161} INFO - Started process (PID=1306) to work on /home/airflow/.local/lib/python3.12/site-packages/airflow/example_dags/example_python_decorator.py
[2024-12-21T19:08:25.802+0000] {processor.py:830} INFO - Processing file /home/airflow/.local/lib/python3.12/site-packages/airflow/example_dags/example_python_decorator.py for tasks to queue
[2024-12-21T19:08:25.805+0000] {logging_mixin.py:188} INFO - [2024-12-21T19:08:25.804+0000] {dagbag.py:545} INFO - Filling up the DagBag from /home/airflow/.local/lib/python3.12/site-packages/airflow/example_dags/example_python_decorator.py
[2024-12-21T19:08:25.819+0000] {processor.py:840} INFO - DAG(s) 'example_python_decorator' retrieved from /home/airflow/.local/lib/python3.12/site-packages/airflow/example_dags/example_python_decorator.py
[2024-12-21T19:08:25.846+0000] {logging_mixin.py:188} INFO - [2024-12-21T19:08:25.846+0000] {dag.py:3096} INFO - Sync 1 DAGs
[2024-12-21T19:08:25.861+0000] {logging_mixin.py:188} INFO - [2024-12-21T19:08:25.861+0000] {dag.py:3954} INFO - Setting next_dagrun for example_python_decorator to None, run_after=None
[2024-12-21T19:08:25.891+0000] {processor.py:183} INFO - Processing /home/airflow/.local/lib/python3.12/site-packages/airflow/example_dags/example_python_decorator.py took 0.096 seconds
[2024-12-21T19:08:56.313+0000] {processor.py:161} INFO - Started process (PID=1364) to work on /home/airflow/.local/lib/python3.12/site-packages/airflow/example_dags/example_python_decorator.py
[2024-12-21T19:08:56.314+0000] {processor.py:830} INFO - Processing file /home/airflow/.local/lib/python3.12/site-packages/airflow/example_dags/example_python_decorator.py for tasks to queue
[2024-12-21T19:08:56.317+0000] {logging_mixin.py:188} INFO - [2024-12-21T19:08:56.316+0000] {dagbag.py:545} INFO - Filling up the DagBag from /home/airflow/.local/lib/python3.12/site-packages/airflow/example_dags/example_python_decorator.py
[2024-12-21T19:08:56.328+0000] {processor.py:840} INFO - DAG(s) 'example_python_decorator' retrieved from /home/airflow/.local/lib/python3.12/site-packages/airflow/example_dags/example_python_decorator.py
[2024-12-21T19:08:56.354+0000] {logging_mixin.py:188} INFO - [2024-12-21T19:08:56.354+0000] {dag.py:3096} INFO - Sync 1 DAGs
[2024-12-21T19:08:56.368+0000] {logging_mixin.py:188} INFO - [2024-12-21T19:08:56.368+0000] {dag.py:3954} INFO - Setting next_dagrun for example_python_decorator to None, run_after=None
[2024-12-21T19:08:56.394+0000] {processor.py:183} INFO - Processing /home/airflow/.local/lib/python3.12/site-packages/airflow/example_dags/example_python_decorator.py took 0.086 seconds
[2024-12-21T19:09:27.230+0000] {processor.py:161} INFO - Started process (PID=1423) to work on /home/airflow/.local/lib/python3.12/site-packages/airflow/example_dags/example_python_decorator.py
[2024-12-21T19:09:27.231+0000] {processor.py:830} INFO - Processing file /home/airflow/.local/lib/python3.12/site-packages/airflow/example_dags/example_python_decorator.py for tasks to queue
[2024-12-21T19:09:27.233+0000] {logging_mixin.py:188} INFO - [2024-12-21T19:09:27.233+0000] {dagbag.py:545} INFO - Filling up the DagBag from /home/airflow/.local/lib/python3.12/site-packages/airflow/example_dags/example_python_decorator.py
[2024-12-21T19:09:27.250+0000] {processor.py:840} INFO - DAG(s) 'example_python_decorator' retrieved from /home/airflow/.local/lib/python3.12/site-packages/airflow/example_dags/example_python_decorator.py
[2024-12-21T19:09:27.285+0000] {logging_mixin.py:188} INFO - [2024-12-21T19:09:27.285+0000] {dag.py:3096} INFO - Sync 1 DAGs
[2024-12-21T19:09:27.305+0000] {logging_mixin.py:188} INFO - [2024-12-21T19:09:27.305+0000] {dag.py:3954} INFO - Setting next_dagrun for example_python_decorator to None, run_after=None
[2024-12-21T19:09:27.344+0000] {processor.py:183} INFO - Processing /home/airflow/.local/lib/python3.12/site-packages/airflow/example_dags/example_python_decorator.py took 0.121 seconds
[2024-12-21T19:09:58.095+0000] {processor.py:161} INFO - Started process (PID=1481) to work on /home/airflow/.local/lib/python3.12/site-packages/airflow/example_dags/example_python_decorator.py
[2024-12-21T19:09:58.096+0000] {processor.py:830} INFO - Processing file /home/airflow/.local/lib/python3.12/site-packages/airflow/example_dags/example_python_decorator.py for tasks to queue
[2024-12-21T19:09:58.099+0000] {logging_mixin.py:188} INFO - [2024-12-21T19:09:58.099+0000] {dagbag.py:545} INFO - Filling up the DagBag from /home/airflow/.local/lib/python3.12/site-packages/airflow/example_dags/example_python_decorator.py
[2024-12-21T19:09:58.114+0000] {processor.py:840} INFO - DAG(s) 'example_python_decorator' retrieved from /home/airflow/.local/lib/python3.12/site-packages/airflow/example_dags/example_python_decorator.py
[2024-12-21T19:09:58.142+0000] {logging_mixin.py:188} INFO - [2024-12-21T19:09:58.142+0000] {dag.py:3096} INFO - Sync 1 DAGs
[2024-12-21T19:09:58.157+0000] {logging_mixin.py:188} INFO - [2024-12-21T19:09:58.157+0000] {dag.py:3954} INFO - Setting next_dagrun for example_python_decorator to None, run_after=None
[2024-12-21T19:09:58.184+0000] {processor.py:183} INFO - Processing /home/airflow/.local/lib/python3.12/site-packages/airflow/example_dags/example_python_decorator.py took 0.097 seconds
[2024-12-21T19:10:28.623+0000] {processor.py:161} INFO - Started process (PID=1538) to work on /home/airflow/.local/lib/python3.12/site-packages/airflow/example_dags/example_python_decorator.py
[2024-12-21T19:10:28.624+0000] {processor.py:830} INFO - Processing file /home/airflow/.local/lib/python3.12/site-packages/airflow/example_dags/example_python_decorator.py for tasks to queue
[2024-12-21T19:10:28.626+0000] {logging_mixin.py:188} INFO - [2024-12-21T19:10:28.626+0000] {dagbag.py:545} INFO - Filling up the DagBag from /home/airflow/.local/lib/python3.12/site-packages/airflow/example_dags/example_python_decorator.py
[2024-12-21T19:10:28.639+0000] {processor.py:840} INFO - DAG(s) 'example_python_decorator' retrieved from /home/airflow/.local/lib/python3.12/site-packages/airflow/example_dags/example_python_decorator.py
[2024-12-21T19:10:28.665+0000] {logging_mixin.py:188} INFO - [2024-12-21T19:10:28.665+0000] {dag.py:3096} INFO - Sync 1 DAGs
[2024-12-21T19:10:28.681+0000] {logging_mixin.py:188} INFO - [2024-12-21T19:10:28.680+0000] {dag.py:3954} INFO - Setting next_dagrun for example_python_decorator to None, run_after=None
[2024-12-21T19:10:28.737+0000] {processor.py:183} INFO - Processing /home/airflow/.local/lib/python3.12/site-packages/airflow/example_dags/example_python_decorator.py took 0.119 seconds
[2024-12-21T19:10:58.951+0000] {processor.py:161} INFO - Started process (PID=1596) to work on /home/airflow/.local/lib/python3.12/site-packages/airflow/example_dags/example_python_decorator.py
[2024-12-21T19:10:58.953+0000] {processor.py:830} INFO - Processing file /home/airflow/.local/lib/python3.12/site-packages/airflow/example_dags/example_python_decorator.py for tasks to queue
[2024-12-21T19:10:58.956+0000] {logging_mixin.py:188} INFO - [2024-12-21T19:10:58.955+0000] {dagbag.py:545} INFO - Filling up the DagBag from /home/airflow/.local/lib/python3.12/site-packages/airflow/example_dags/example_python_decorator.py
[2024-12-21T19:10:58.971+0000] {processor.py:840} INFO - DAG(s) 'example_python_decorator' retrieved from /home/airflow/.local/lib/python3.12/site-packages/airflow/example_dags/example_python_decorator.py
[2024-12-21T19:10:58.999+0000] {logging_mixin.py:188} INFO - [2024-12-21T19:10:58.999+0000] {dag.py:3096} INFO - Sync 1 DAGs
[2024-12-21T19:10:59.015+0000] {logging_mixin.py:188} INFO - [2024-12-21T19:10:59.014+0000] {dag.py:3954} INFO - Setting next_dagrun for example_python_decorator to None, run_after=None
[2024-12-21T19:10:59.042+0000] {processor.py:183} INFO - Processing /home/airflow/.local/lib/python3.12/site-packages/airflow/example_dags/example_python_decorator.py took 0.097 seconds
[2024-12-21T19:11:29.421+0000] {processor.py:161} INFO - Started process (PID=1654) to work on /home/airflow/.local/lib/python3.12/site-packages/airflow/example_dags/example_python_decorator.py
[2024-12-21T19:11:29.423+0000] {processor.py:830} INFO - Processing file /home/airflow/.local/lib/python3.12/site-packages/airflow/example_dags/example_python_decorator.py for tasks to queue
[2024-12-21T19:11:29.425+0000] {logging_mixin.py:188} INFO - [2024-12-21T19:11:29.425+0000] {dagbag.py:545} INFO - Filling up the DagBag from /home/airflow/.local/lib/python3.12/site-packages/airflow/example_dags/example_python_decorator.py
[2024-12-21T19:11:29.448+0000] {processor.py:840} INFO - DAG(s) 'example_python_decorator' retrieved from /home/airflow/.local/lib/python3.12/site-packages/airflow/example_dags/example_python_decorator.py
[2024-12-21T19:11:29.482+0000] {logging_mixin.py:188} INFO - [2024-12-21T19:11:29.482+0000] {dag.py:3096} INFO - Sync 1 DAGs
[2024-12-21T19:11:29.500+0000] {logging_mixin.py:188} INFO - [2024-12-21T19:11:29.500+0000] {dag.py:3954} INFO - Setting next_dagrun for example_python_decorator to None, run_after=None
[2024-12-21T19:11:29.537+0000] {processor.py:183} INFO - Processing /home/airflow/.local/lib/python3.12/site-packages/airflow/example_dags/example_python_decorator.py took 0.122 seconds
[2024-12-21T19:12:00.061+0000] {processor.py:161} INFO - Started process (PID=1712) to work on /home/airflow/.local/lib/python3.12/site-packages/airflow/example_dags/example_python_decorator.py
[2024-12-21T19:12:00.069+0000] {processor.py:830} INFO - Processing file /home/airflow/.local/lib/python3.12/site-packages/airflow/example_dags/example_python_decorator.py for tasks to queue
[2024-12-21T19:12:00.101+0000] {logging_mixin.py:188} INFO - [2024-12-21T19:12:00.091+0000] {dagbag.py:545} INFO - Filling up the DagBag from /home/airflow/.local/lib/python3.12/site-packages/airflow/example_dags/example_python_decorator.py
[2024-12-21T19:12:00.156+0000] {processor.py:840} INFO - DAG(s) 'example_python_decorator' retrieved from /home/airflow/.local/lib/python3.12/site-packages/airflow/example_dags/example_python_decorator.py
[2024-12-21T19:12:00.233+0000] {logging_mixin.py:188} INFO - [2024-12-21T19:12:00.233+0000] {dag.py:3096} INFO - Sync 1 DAGs
[2024-12-21T19:12:00.267+0000] {logging_mixin.py:188} INFO - [2024-12-21T19:12:00.266+0000] {dag.py:3954} INFO - Setting next_dagrun for example_python_decorator to None, run_after=None
[2024-12-21T19:12:00.305+0000] {processor.py:183} INFO - Processing /home/airflow/.local/lib/python3.12/site-packages/airflow/example_dags/example_python_decorator.py took 0.272 seconds
[2024-12-21T19:12:30.448+0000] {processor.py:161} INFO - Started process (PID=1769) to work on /home/airflow/.local/lib/python3.12/site-packages/airflow/example_dags/example_python_decorator.py
[2024-12-21T19:12:30.449+0000] {processor.py:830} INFO - Processing file /home/airflow/.local/lib/python3.12/site-packages/airflow/example_dags/example_python_decorator.py for tasks to queue
[2024-12-21T19:12:30.452+0000] {logging_mixin.py:188} INFO - [2024-12-21T19:12:30.451+0000] {dagbag.py:545} INFO - Filling up the DagBag from /home/airflow/.local/lib/python3.12/site-packages/airflow/example_dags/example_python_decorator.py
[2024-12-21T19:12:30.465+0000] {processor.py:840} INFO - DAG(s) 'example_python_decorator' retrieved from /home/airflow/.local/lib/python3.12/site-packages/airflow/example_dags/example_python_decorator.py
[2024-12-21T19:12:30.492+0000] {logging_mixin.py:188} INFO - [2024-12-21T19:12:30.491+0000] {dag.py:3096} INFO - Sync 1 DAGs
[2024-12-21T19:12:30.505+0000] {logging_mixin.py:188} INFO - [2024-12-21T19:12:30.505+0000] {dag.py:3954} INFO - Setting next_dagrun for example_python_decorator to None, run_after=None
[2024-12-21T19:12:30.533+0000] {processor.py:183} INFO - Processing /home/airflow/.local/lib/python3.12/site-packages/airflow/example_dags/example_python_decorator.py took 0.090 seconds
