[2024-12-21T08:01:23.064+0000] {processor.py:161} INFO - Started process (PID=65) to work on /home/airflow/.local/lib/python3.12/site-packages/airflow/example_dags/example_task_group.py
[2024-12-21T08:01:23.066+0000] {processor.py:830} INFO - Processing file /home/airflow/.local/lib/python3.12/site-packages/airflow/example_dags/example_task_group.py for tasks to queue
[2024-12-21T08:01:23.075+0000] {logging_mixin.py:188} INFO - [2024-12-21T08:01:23.074+0000] {dagbag.py:545} INFO - Filling up the DagBag from /home/airflow/.local/lib/python3.12/site-packages/airflow/example_dags/example_task_group.py
[2024-12-21T08:01:23.092+0000] {processor.py:840} INFO - DAG(s) 'example_task_group' retrieved from /home/airflow/.local/lib/python3.12/site-packages/airflow/example_dags/example_task_group.py
[2024-12-21T08:01:23.164+0000] {logging_mixin.py:188} INFO - [2024-12-21T08:01:23.163+0000] {dag.py:3096} INFO - Sync 1 DAGs
[2024-12-21T08:01:23.233+0000] {logging_mixin.py:188} INFO - [2024-12-21T08:01:23.232+0000] {dag.py:3954} INFO - Setting next_dagrun for example_task_group to 2024-12-20 00:00:00+00:00, run_after=2024-12-21 00:00:00+00:00
[2024-12-21T08:01:23.301+0000] {processor.py:183} INFO - Processing /home/airflow/.local/lib/python3.12/site-packages/airflow/example_dags/example_task_group.py took 0.250 seconds
[2024-12-21T08:01:53.530+0000] {processor.py:161} INFO - Started process (PID=123) to work on /home/airflow/.local/lib/python3.12/site-packages/airflow/example_dags/example_task_group.py
[2024-12-21T08:01:53.531+0000] {processor.py:830} INFO - Processing file /home/airflow/.local/lib/python3.12/site-packages/airflow/example_dags/example_task_group.py for tasks to queue
[2024-12-21T08:01:53.534+0000] {logging_mixin.py:188} INFO - [2024-12-21T08:01:53.533+0000] {dagbag.py:545} INFO - Filling up the DagBag from /home/airflow/.local/lib/python3.12/site-packages/airflow/example_dags/example_task_group.py
[2024-12-21T08:01:53.541+0000] {processor.py:840} INFO - DAG(s) 'example_task_group' retrieved from /home/airflow/.local/lib/python3.12/site-packages/airflow/example_dags/example_task_group.py
[2024-12-21T08:01:53.568+0000] {logging_mixin.py:188} INFO - [2024-12-21T08:01:53.568+0000] {dag.py:3096} INFO - Sync 1 DAGs
[2024-12-21T08:01:53.593+0000] {logging_mixin.py:188} INFO - [2024-12-21T08:01:53.593+0000] {dag.py:3954} INFO - Setting next_dagrun for example_task_group to 2024-12-20 00:00:00+00:00, run_after=2024-12-21 00:00:00+00:00
[2024-12-21T08:01:53.621+0000] {processor.py:183} INFO - Processing /home/airflow/.local/lib/python3.12/site-packages/airflow/example_dags/example_task_group.py took 0.097 seconds
[2024-12-21T08:02:24.536+0000] {processor.py:161} INFO - Started process (PID=181) to work on /home/airflow/.local/lib/python3.12/site-packages/airflow/example_dags/example_task_group.py
[2024-12-21T08:02:24.537+0000] {processor.py:830} INFO - Processing file /home/airflow/.local/lib/python3.12/site-packages/airflow/example_dags/example_task_group.py for tasks to queue
[2024-12-21T08:02:24.540+0000] {logging_mixin.py:188} INFO - [2024-12-21T08:02:24.540+0000] {dagbag.py:545} INFO - Filling up the DagBag from /home/airflow/.local/lib/python3.12/site-packages/airflow/example_dags/example_task_group.py
[2024-12-21T08:02:24.549+0000] {processor.py:840} INFO - DAG(s) 'example_task_group' retrieved from /home/airflow/.local/lib/python3.12/site-packages/airflow/example_dags/example_task_group.py
[2024-12-21T08:02:24.579+0000] {logging_mixin.py:188} INFO - [2024-12-21T08:02:24.578+0000] {dag.py:3096} INFO - Sync 1 DAGs
[2024-12-21T08:02:24.611+0000] {logging_mixin.py:188} INFO - [2024-12-21T08:02:24.610+0000] {dag.py:3954} INFO - Setting next_dagrun for example_task_group to 2024-12-20 00:00:00+00:00, run_after=2024-12-21 00:00:00+00:00
[2024-12-21T08:02:24.647+0000] {processor.py:183} INFO - Processing /home/airflow/.local/lib/python3.12/site-packages/airflow/example_dags/example_task_group.py took 0.117 seconds
[2024-12-21T08:02:55.331+0000] {processor.py:161} INFO - Started process (PID=239) to work on /home/airflow/.local/lib/python3.12/site-packages/airflow/example_dags/example_task_group.py
[2024-12-21T08:02:55.333+0000] {processor.py:830} INFO - Processing file /home/airflow/.local/lib/python3.12/site-packages/airflow/example_dags/example_task_group.py for tasks to queue
[2024-12-21T08:02:55.336+0000] {logging_mixin.py:188} INFO - [2024-12-21T08:02:55.335+0000] {dagbag.py:545} INFO - Filling up the DagBag from /home/airflow/.local/lib/python3.12/site-packages/airflow/example_dags/example_task_group.py
[2024-12-21T08:02:55.344+0000] {processor.py:840} INFO - DAG(s) 'example_task_group' retrieved from /home/airflow/.local/lib/python3.12/site-packages/airflow/example_dags/example_task_group.py
[2024-12-21T08:02:55.370+0000] {logging_mixin.py:188} INFO - [2024-12-21T08:02:55.370+0000] {dag.py:3096} INFO - Sync 1 DAGs
[2024-12-21T08:02:55.402+0000] {logging_mixin.py:188} INFO - [2024-12-21T08:02:55.401+0000] {dag.py:3954} INFO - Setting next_dagrun for example_task_group to 2024-12-20 00:00:00+00:00, run_after=2024-12-21 00:00:00+00:00
[2024-12-21T08:02:55.447+0000] {processor.py:183} INFO - Processing /home/airflow/.local/lib/python3.12/site-packages/airflow/example_dags/example_task_group.py took 0.124 seconds
[2024-12-21T08:03:25.531+0000] {processor.py:161} INFO - Started process (PID=297) to work on /home/airflow/.local/lib/python3.12/site-packages/airflow/example_dags/example_task_group.py
[2024-12-21T08:03:25.533+0000] {processor.py:830} INFO - Processing file /home/airflow/.local/lib/python3.12/site-packages/airflow/example_dags/example_task_group.py for tasks to queue
[2024-12-21T08:03:25.535+0000] {logging_mixin.py:188} INFO - [2024-12-21T08:03:25.535+0000] {dagbag.py:545} INFO - Filling up the DagBag from /home/airflow/.local/lib/python3.12/site-packages/airflow/example_dags/example_task_group.py
[2024-12-21T08:03:25.543+0000] {processor.py:840} INFO - DAG(s) 'example_task_group' retrieved from /home/airflow/.local/lib/python3.12/site-packages/airflow/example_dags/example_task_group.py
[2024-12-21T08:03:25.569+0000] {logging_mixin.py:188} INFO - [2024-12-21T08:03:25.569+0000] {dag.py:3096} INFO - Sync 1 DAGs
[2024-12-21T08:03:25.593+0000] {logging_mixin.py:188} INFO - [2024-12-21T08:03:25.593+0000] {dag.py:3954} INFO - Setting next_dagrun for example_task_group to 2024-12-20 00:00:00+00:00, run_after=2024-12-21 00:00:00+00:00
[2024-12-21T08:03:25.620+0000] {processor.py:183} INFO - Processing /home/airflow/.local/lib/python3.12/site-packages/airflow/example_dags/example_task_group.py took 0.095 seconds
[2024-12-21T08:03:56.318+0000] {processor.py:161} INFO - Started process (PID=355) to work on /home/airflow/.local/lib/python3.12/site-packages/airflow/example_dags/example_task_group.py
[2024-12-21T08:03:56.319+0000] {processor.py:830} INFO - Processing file /home/airflow/.local/lib/python3.12/site-packages/airflow/example_dags/example_task_group.py for tasks to queue
[2024-12-21T08:03:56.322+0000] {logging_mixin.py:188} INFO - [2024-12-21T08:03:56.322+0000] {dagbag.py:545} INFO - Filling up the DagBag from /home/airflow/.local/lib/python3.12/site-packages/airflow/example_dags/example_task_group.py
[2024-12-21T08:03:56.335+0000] {processor.py:840} INFO - DAG(s) 'example_task_group' retrieved from /home/airflow/.local/lib/python3.12/site-packages/airflow/example_dags/example_task_group.py
[2024-12-21T08:03:56.366+0000] {logging_mixin.py:188} INFO - [2024-12-21T08:03:56.366+0000] {dag.py:3096} INFO - Sync 1 DAGs
[2024-12-21T08:03:56.399+0000] {logging_mixin.py:188} INFO - [2024-12-21T08:03:56.398+0000] {dag.py:3954} INFO - Setting next_dagrun for example_task_group to 2024-12-20 00:00:00+00:00, run_after=2024-12-21 00:00:00+00:00
[2024-12-21T08:03:56.427+0000] {processor.py:183} INFO - Processing /home/airflow/.local/lib/python3.12/site-packages/airflow/example_dags/example_task_group.py took 0.116 seconds
[2024-12-21T08:04:26.538+0000] {processor.py:161} INFO - Started process (PID=413) to work on /home/airflow/.local/lib/python3.12/site-packages/airflow/example_dags/example_task_group.py
[2024-12-21T08:04:26.539+0000] {processor.py:830} INFO - Processing file /home/airflow/.local/lib/python3.12/site-packages/airflow/example_dags/example_task_group.py for tasks to queue
[2024-12-21T08:04:26.542+0000] {logging_mixin.py:188} INFO - [2024-12-21T08:04:26.541+0000] {dagbag.py:545} INFO - Filling up the DagBag from /home/airflow/.local/lib/python3.12/site-packages/airflow/example_dags/example_task_group.py
[2024-12-21T08:04:26.550+0000] {processor.py:840} INFO - DAG(s) 'example_task_group' retrieved from /home/airflow/.local/lib/python3.12/site-packages/airflow/example_dags/example_task_group.py
[2024-12-21T08:04:26.574+0000] {logging_mixin.py:188} INFO - [2024-12-21T08:04:26.574+0000] {dag.py:3096} INFO - Sync 1 DAGs
[2024-12-21T08:04:26.598+0000] {logging_mixin.py:188} INFO - [2024-12-21T08:04:26.598+0000] {dag.py:3954} INFO - Setting next_dagrun for example_task_group to 2024-12-20 00:00:00+00:00, run_after=2024-12-21 00:00:00+00:00
[2024-12-21T08:04:26.628+0000] {processor.py:183} INFO - Processing /home/airflow/.local/lib/python3.12/site-packages/airflow/example_dags/example_task_group.py took 0.096 seconds
[2024-12-21T08:04:56.806+0000] {processor.py:161} INFO - Started process (PID=471) to work on /home/airflow/.local/lib/python3.12/site-packages/airflow/example_dags/example_task_group.py
[2024-12-21T08:04:56.808+0000] {processor.py:830} INFO - Processing file /home/airflow/.local/lib/python3.12/site-packages/airflow/example_dags/example_task_group.py for tasks to queue
[2024-12-21T08:04:56.811+0000] {logging_mixin.py:188} INFO - [2024-12-21T08:04:56.811+0000] {dagbag.py:545} INFO - Filling up the DagBag from /home/airflow/.local/lib/python3.12/site-packages/airflow/example_dags/example_task_group.py
[2024-12-21T08:04:56.820+0000] {processor.py:840} INFO - DAG(s) 'example_task_group' retrieved from /home/airflow/.local/lib/python3.12/site-packages/airflow/example_dags/example_task_group.py
[2024-12-21T08:04:56.868+0000] {logging_mixin.py:188} INFO - [2024-12-21T08:04:56.867+0000] {dag.py:3096} INFO - Sync 1 DAGs
[2024-12-21T08:04:56.919+0000] {logging_mixin.py:188} INFO - [2024-12-21T08:04:56.919+0000] {dag.py:3954} INFO - Setting next_dagrun for example_task_group to 2024-12-20 00:00:00+00:00, run_after=2024-12-21 00:00:00+00:00
[2024-12-21T08:04:56.957+0000] {processor.py:183} INFO - Processing /home/airflow/.local/lib/python3.12/site-packages/airflow/example_dags/example_task_group.py took 0.158 seconds
[2024-12-21T18:50:54.803+0000] {processor.py:161} INFO - Started process (PID=60) to work on /home/airflow/.local/lib/python3.12/site-packages/airflow/example_dags/example_task_group.py
[2024-12-21T18:50:54.805+0000] {processor.py:830} INFO - Processing file /home/airflow/.local/lib/python3.12/site-packages/airflow/example_dags/example_task_group.py for tasks to queue
[2024-12-21T18:50:54.808+0000] {logging_mixin.py:188} INFO - [2024-12-21T18:50:54.808+0000] {dagbag.py:545} INFO - Filling up the DagBag from /home/airflow/.local/lib/python3.12/site-packages/airflow/example_dags/example_task_group.py
[2024-12-21T18:50:54.817+0000] {processor.py:840} INFO - DAG(s) 'example_task_group' retrieved from /home/airflow/.local/lib/python3.12/site-packages/airflow/example_dags/example_task_group.py
[2024-12-21T18:50:54.857+0000] {logging_mixin.py:188} INFO - [2024-12-21T18:50:54.856+0000] {dag.py:3096} INFO - Sync 1 DAGs
[2024-12-21T18:50:54.895+0000] {logging_mixin.py:188} INFO - [2024-12-21T18:50:54.895+0000] {dag.py:3954} INFO - Setting next_dagrun for example_task_group to 2024-12-20 00:00:00+00:00, run_after=2024-12-21 00:00:00+00:00
[2024-12-21T18:50:54.935+0000] {processor.py:183} INFO - Processing /home/airflow/.local/lib/python3.12/site-packages/airflow/example_dags/example_task_group.py took 0.139 seconds
[2024-12-21T18:51:25.359+0000] {processor.py:161} INFO - Started process (PID=118) to work on /home/airflow/.local/lib/python3.12/site-packages/airflow/example_dags/example_task_group.py
[2024-12-21T18:51:25.360+0000] {processor.py:830} INFO - Processing file /home/airflow/.local/lib/python3.12/site-packages/airflow/example_dags/example_task_group.py for tasks to queue
[2024-12-21T18:51:25.363+0000] {logging_mixin.py:188} INFO - [2024-12-21T18:51:25.362+0000] {dagbag.py:545} INFO - Filling up the DagBag from /home/airflow/.local/lib/python3.12/site-packages/airflow/example_dags/example_task_group.py
[2024-12-21T18:51:25.370+0000] {processor.py:840} INFO - DAG(s) 'example_task_group' retrieved from /home/airflow/.local/lib/python3.12/site-packages/airflow/example_dags/example_task_group.py
[2024-12-21T18:51:25.397+0000] {logging_mixin.py:188} INFO - [2024-12-21T18:51:25.396+0000] {dag.py:3096} INFO - Sync 1 DAGs
[2024-12-21T18:51:25.422+0000] {logging_mixin.py:188} INFO - [2024-12-21T18:51:25.421+0000] {dag.py:3954} INFO - Setting next_dagrun for example_task_group to 2024-12-20 00:00:00+00:00, run_after=2024-12-21 00:00:00+00:00
[2024-12-21T18:51:25.450+0000] {processor.py:183} INFO - Processing /home/airflow/.local/lib/python3.12/site-packages/airflow/example_dags/example_task_group.py took 0.097 seconds
[2024-12-21T18:51:55.746+0000] {processor.py:161} INFO - Started process (PID=176) to work on /home/airflow/.local/lib/python3.12/site-packages/airflow/example_dags/example_task_group.py
[2024-12-21T18:51:55.748+0000] {processor.py:830} INFO - Processing file /home/airflow/.local/lib/python3.12/site-packages/airflow/example_dags/example_task_group.py for tasks to queue
[2024-12-21T18:51:55.751+0000] {logging_mixin.py:188} INFO - [2024-12-21T18:51:55.750+0000] {dagbag.py:545} INFO - Filling up the DagBag from /home/airflow/.local/lib/python3.12/site-packages/airflow/example_dags/example_task_group.py
[2024-12-21T18:51:55.760+0000] {processor.py:840} INFO - DAG(s) 'example_task_group' retrieved from /home/airflow/.local/lib/python3.12/site-packages/airflow/example_dags/example_task_group.py
[2024-12-21T18:51:55.789+0000] {logging_mixin.py:188} INFO - [2024-12-21T18:51:55.788+0000] {dag.py:3096} INFO - Sync 1 DAGs
[2024-12-21T18:51:55.831+0000] {logging_mixin.py:188} INFO - [2024-12-21T18:51:55.831+0000] {dag.py:3954} INFO - Setting next_dagrun for example_task_group to 2024-12-20 00:00:00+00:00, run_after=2024-12-21 00:00:00+00:00
[2024-12-21T18:51:55.861+0000] {processor.py:183} INFO - Processing /home/airflow/.local/lib/python3.12/site-packages/airflow/example_dags/example_task_group.py took 0.123 seconds
[2024-12-21T18:52:25.955+0000] {processor.py:161} INFO - Started process (PID=234) to work on /home/airflow/.local/lib/python3.12/site-packages/airflow/example_dags/example_task_group.py
[2024-12-21T18:52:25.957+0000] {processor.py:830} INFO - Processing file /home/airflow/.local/lib/python3.12/site-packages/airflow/example_dags/example_task_group.py for tasks to queue
[2024-12-21T18:52:25.960+0000] {logging_mixin.py:188} INFO - [2024-12-21T18:52:25.959+0000] {dagbag.py:545} INFO - Filling up the DagBag from /home/airflow/.local/lib/python3.12/site-packages/airflow/example_dags/example_task_group.py
[2024-12-21T18:52:25.969+0000] {processor.py:840} INFO - DAG(s) 'example_task_group' retrieved from /home/airflow/.local/lib/python3.12/site-packages/airflow/example_dags/example_task_group.py
[2024-12-21T18:52:25.996+0000] {logging_mixin.py:188} INFO - [2024-12-21T18:52:25.996+0000] {dag.py:3096} INFO - Sync 1 DAGs
[2024-12-21T18:52:26.022+0000] {logging_mixin.py:188} INFO - [2024-12-21T18:52:26.022+0000] {dag.py:3954} INFO - Setting next_dagrun for example_task_group to 2024-12-20 00:00:00+00:00, run_after=2024-12-21 00:00:00+00:00
[2024-12-21T18:52:26.052+0000] {processor.py:183} INFO - Processing /home/airflow/.local/lib/python3.12/site-packages/airflow/example_dags/example_task_group.py took 0.104 seconds
[2024-12-21T18:57:39.209+0000] {processor.py:161} INFO - Started process (PID=61) to work on /home/airflow/.local/lib/python3.12/site-packages/airflow/example_dags/example_task_group.py
[2024-12-21T18:57:39.213+0000] {processor.py:830} INFO - Processing file /home/airflow/.local/lib/python3.12/site-packages/airflow/example_dags/example_task_group.py for tasks to queue
[2024-12-21T18:57:39.220+0000] {logging_mixin.py:188} INFO - [2024-12-21T18:57:39.219+0000] {dagbag.py:545} INFO - Filling up the DagBag from /home/airflow/.local/lib/python3.12/site-packages/airflow/example_dags/example_task_group.py
[2024-12-21T18:57:39.248+0000] {processor.py:840} INFO - DAG(s) 'example_task_group' retrieved from /home/airflow/.local/lib/python3.12/site-packages/airflow/example_dags/example_task_group.py
[2024-12-21T18:57:39.310+0000] {logging_mixin.py:188} INFO - [2024-12-21T18:57:39.310+0000] {dag.py:3096} INFO - Sync 1 DAGs
[2024-12-21T18:57:39.367+0000] {logging_mixin.py:188} INFO - [2024-12-21T18:57:39.366+0000] {dag.py:3954} INFO - Setting next_dagrun for example_task_group to 2024-12-20 00:00:00+00:00, run_after=2024-12-21 00:00:00+00:00
[2024-12-21T18:57:39.410+0000] {processor.py:183} INFO - Processing /home/airflow/.local/lib/python3.12/site-packages/airflow/example_dags/example_task_group.py took 0.219 seconds
[2024-12-21T18:58:09.647+0000] {processor.py:161} INFO - Started process (PID=118) to work on /home/airflow/.local/lib/python3.12/site-packages/airflow/example_dags/example_task_group.py
[2024-12-21T18:58:09.648+0000] {processor.py:830} INFO - Processing file /home/airflow/.local/lib/python3.12/site-packages/airflow/example_dags/example_task_group.py for tasks to queue
[2024-12-21T18:58:09.651+0000] {logging_mixin.py:188} INFO - [2024-12-21T18:58:09.650+0000] {dagbag.py:545} INFO - Filling up the DagBag from /home/airflow/.local/lib/python3.12/site-packages/airflow/example_dags/example_task_group.py
[2024-12-21T18:58:09.659+0000] {processor.py:840} INFO - DAG(s) 'example_task_group' retrieved from /home/airflow/.local/lib/python3.12/site-packages/airflow/example_dags/example_task_group.py
[2024-12-21T18:58:09.684+0000] {logging_mixin.py:188} INFO - [2024-12-21T18:58:09.684+0000] {dag.py:3096} INFO - Sync 1 DAGs
[2024-12-21T18:58:09.707+0000] {logging_mixin.py:188} INFO - [2024-12-21T18:58:09.707+0000] {dag.py:3954} INFO - Setting next_dagrun for example_task_group to 2024-12-20 00:00:00+00:00, run_after=2024-12-21 00:00:00+00:00
[2024-12-21T18:58:09.735+0000] {processor.py:183} INFO - Processing /home/airflow/.local/lib/python3.12/site-packages/airflow/example_dags/example_task_group.py took 0.093 seconds
[2024-12-21T18:58:39.988+0000] {processor.py:161} INFO - Started process (PID=176) to work on /home/airflow/.local/lib/python3.12/site-packages/airflow/example_dags/example_task_group.py
[2024-12-21T18:58:39.989+0000] {processor.py:830} INFO - Processing file /home/airflow/.local/lib/python3.12/site-packages/airflow/example_dags/example_task_group.py for tasks to queue
[2024-12-21T18:58:39.993+0000] {logging_mixin.py:188} INFO - [2024-12-21T18:58:39.992+0000] {dagbag.py:545} INFO - Filling up the DagBag from /home/airflow/.local/lib/python3.12/site-packages/airflow/example_dags/example_task_group.py
[2024-12-21T18:58:40.004+0000] {processor.py:840} INFO - DAG(s) 'example_task_group' retrieved from /home/airflow/.local/lib/python3.12/site-packages/airflow/example_dags/example_task_group.py
[2024-12-21T18:58:40.036+0000] {logging_mixin.py:188} INFO - [2024-12-21T18:58:40.036+0000] {dag.py:3096} INFO - Sync 1 DAGs
[2024-12-21T18:58:40.077+0000] {logging_mixin.py:188} INFO - [2024-12-21T18:58:40.077+0000] {dag.py:3954} INFO - Setting next_dagrun for example_task_group to 2024-12-20 00:00:00+00:00, run_after=2024-12-21 00:00:00+00:00
[2024-12-21T18:58:40.116+0000] {processor.py:183} INFO - Processing /home/airflow/.local/lib/python3.12/site-packages/airflow/example_dags/example_task_group.py took 0.135 seconds
[2024-12-21T18:59:10.189+0000] {processor.py:161} INFO - Started process (PID=234) to work on /home/airflow/.local/lib/python3.12/site-packages/airflow/example_dags/example_task_group.py
[2024-12-21T18:59:10.191+0000] {processor.py:830} INFO - Processing file /home/airflow/.local/lib/python3.12/site-packages/airflow/example_dags/example_task_group.py for tasks to queue
[2024-12-21T18:59:10.195+0000] {logging_mixin.py:188} INFO - [2024-12-21T18:59:10.194+0000] {dagbag.py:545} INFO - Filling up the DagBag from /home/airflow/.local/lib/python3.12/site-packages/airflow/example_dags/example_task_group.py
[2024-12-21T18:59:10.207+0000] {processor.py:840} INFO - DAG(s) 'example_task_group' retrieved from /home/airflow/.local/lib/python3.12/site-packages/airflow/example_dags/example_task_group.py
[2024-12-21T18:59:10.243+0000] {logging_mixin.py:188} INFO - [2024-12-21T18:59:10.243+0000] {dag.py:3096} INFO - Sync 1 DAGs
[2024-12-21T18:59:10.275+0000] {logging_mixin.py:188} INFO - [2024-12-21T18:59:10.275+0000] {dag.py:3954} INFO - Setting next_dagrun for example_task_group to 2024-12-20 00:00:00+00:00, run_after=2024-12-21 00:00:00+00:00
[2024-12-21T18:59:10.309+0000] {processor.py:183} INFO - Processing /home/airflow/.local/lib/python3.12/site-packages/airflow/example_dags/example_task_group.py took 0.127 seconds
[2024-12-21T18:59:40.591+0000] {processor.py:161} INFO - Started process (PID=292) to work on /home/airflow/.local/lib/python3.12/site-packages/airflow/example_dags/example_task_group.py
[2024-12-21T18:59:40.592+0000] {processor.py:830} INFO - Processing file /home/airflow/.local/lib/python3.12/site-packages/airflow/example_dags/example_task_group.py for tasks to queue
[2024-12-21T18:59:40.595+0000] {logging_mixin.py:188} INFO - [2024-12-21T18:59:40.594+0000] {dagbag.py:545} INFO - Filling up the DagBag from /home/airflow/.local/lib/python3.12/site-packages/airflow/example_dags/example_task_group.py
[2024-12-21T18:59:40.606+0000] {processor.py:840} INFO - DAG(s) 'example_task_group' retrieved from /home/airflow/.local/lib/python3.12/site-packages/airflow/example_dags/example_task_group.py
[2024-12-21T18:59:40.631+0000] {logging_mixin.py:188} INFO - [2024-12-21T18:59:40.631+0000] {dag.py:3096} INFO - Sync 1 DAGs
[2024-12-21T18:59:40.660+0000] {logging_mixin.py:188} INFO - [2024-12-21T18:59:40.660+0000] {dag.py:3954} INFO - Setting next_dagrun for example_task_group to 2024-12-20 00:00:00+00:00, run_after=2024-12-21 00:00:00+00:00
[2024-12-21T18:59:40.693+0000] {processor.py:183} INFO - Processing /home/airflow/.local/lib/python3.12/site-packages/airflow/example_dags/example_task_group.py took 0.107 seconds
[2024-12-21T19:00:10.872+0000] {processor.py:161} INFO - Started process (PID=350) to work on /home/airflow/.local/lib/python3.12/site-packages/airflow/example_dags/example_task_group.py
[2024-12-21T19:00:10.873+0000] {processor.py:830} INFO - Processing file /home/airflow/.local/lib/python3.12/site-packages/airflow/example_dags/example_task_group.py for tasks to queue
[2024-12-21T19:00:10.875+0000] {logging_mixin.py:188} INFO - [2024-12-21T19:00:10.875+0000] {dagbag.py:545} INFO - Filling up the DagBag from /home/airflow/.local/lib/python3.12/site-packages/airflow/example_dags/example_task_group.py
[2024-12-21T19:00:10.883+0000] {processor.py:840} INFO - DAG(s) 'example_task_group' retrieved from /home/airflow/.local/lib/python3.12/site-packages/airflow/example_dags/example_task_group.py
[2024-12-21T19:00:10.910+0000] {logging_mixin.py:188} INFO - [2024-12-21T19:00:10.910+0000] {dag.py:3096} INFO - Sync 1 DAGs
[2024-12-21T19:00:10.944+0000] {logging_mixin.py:188} INFO - [2024-12-21T19:00:10.944+0000] {dag.py:3954} INFO - Setting next_dagrun for example_task_group to 2024-12-20 00:00:00+00:00, run_after=2024-12-21 00:00:00+00:00
[2024-12-21T19:00:10.982+0000] {processor.py:183} INFO - Processing /home/airflow/.local/lib/python3.12/site-packages/airflow/example_dags/example_task_group.py took 0.116 seconds
[2024-12-21T19:00:41.139+0000] {processor.py:161} INFO - Started process (PID=408) to work on /home/airflow/.local/lib/python3.12/site-packages/airflow/example_dags/example_task_group.py
[2024-12-21T19:00:41.141+0000] {processor.py:830} INFO - Processing file /home/airflow/.local/lib/python3.12/site-packages/airflow/example_dags/example_task_group.py for tasks to queue
[2024-12-21T19:00:41.143+0000] {logging_mixin.py:188} INFO - [2024-12-21T19:00:41.142+0000] {dagbag.py:545} INFO - Filling up the DagBag from /home/airflow/.local/lib/python3.12/site-packages/airflow/example_dags/example_task_group.py
[2024-12-21T19:00:41.152+0000] {processor.py:840} INFO - DAG(s) 'example_task_group' retrieved from /home/airflow/.local/lib/python3.12/site-packages/airflow/example_dags/example_task_group.py
[2024-12-21T19:00:41.178+0000] {logging_mixin.py:188} INFO - [2024-12-21T19:00:41.177+0000] {dag.py:3096} INFO - Sync 1 DAGs
[2024-12-21T19:00:41.202+0000] {logging_mixin.py:188} INFO - [2024-12-21T19:00:41.201+0000] {dag.py:3954} INFO - Setting next_dagrun for example_task_group to 2024-12-20 00:00:00+00:00, run_after=2024-12-21 00:00:00+00:00
[2024-12-21T19:00:41.226+0000] {processor.py:183} INFO - Processing /home/airflow/.local/lib/python3.12/site-packages/airflow/example_dags/example_task_group.py took 0.092 seconds
[2024-12-21T19:01:11.550+0000] {processor.py:161} INFO - Started process (PID=466) to work on /home/airflow/.local/lib/python3.12/site-packages/airflow/example_dags/example_task_group.py
[2024-12-21T19:01:11.551+0000] {processor.py:830} INFO - Processing file /home/airflow/.local/lib/python3.12/site-packages/airflow/example_dags/example_task_group.py for tasks to queue
[2024-12-21T19:01:11.554+0000] {logging_mixin.py:188} INFO - [2024-12-21T19:01:11.553+0000] {dagbag.py:545} INFO - Filling up the DagBag from /home/airflow/.local/lib/python3.12/site-packages/airflow/example_dags/example_task_group.py
[2024-12-21T19:01:11.561+0000] {processor.py:840} INFO - DAG(s) 'example_task_group' retrieved from /home/airflow/.local/lib/python3.12/site-packages/airflow/example_dags/example_task_group.py
[2024-12-21T19:01:11.588+0000] {logging_mixin.py:188} INFO - [2024-12-21T19:01:11.588+0000] {dag.py:3096} INFO - Sync 1 DAGs
[2024-12-21T19:01:11.612+0000] {logging_mixin.py:188} INFO - [2024-12-21T19:01:11.611+0000] {dag.py:3954} INFO - Setting next_dagrun for example_task_group to 2024-12-20 00:00:00+00:00, run_after=2024-12-21 00:00:00+00:00
[2024-12-21T19:01:11.635+0000] {processor.py:183} INFO - Processing /home/airflow/.local/lib/python3.12/site-packages/airflow/example_dags/example_task_group.py took 0.091 seconds
[2024-12-21T19:01:42.222+0000] {processor.py:161} INFO - Started process (PID=524) to work on /home/airflow/.local/lib/python3.12/site-packages/airflow/example_dags/example_task_group.py
[2024-12-21T19:01:42.224+0000] {processor.py:830} INFO - Processing file /home/airflow/.local/lib/python3.12/site-packages/airflow/example_dags/example_task_group.py for tasks to queue
[2024-12-21T19:01:42.227+0000] {logging_mixin.py:188} INFO - [2024-12-21T19:01:42.227+0000] {dagbag.py:545} INFO - Filling up the DagBag from /home/airflow/.local/lib/python3.12/site-packages/airflow/example_dags/example_task_group.py
[2024-12-21T19:01:42.239+0000] {processor.py:840} INFO - DAG(s) 'example_task_group' retrieved from /home/airflow/.local/lib/python3.12/site-packages/airflow/example_dags/example_task_group.py
[2024-12-21T19:01:42.270+0000] {logging_mixin.py:188} INFO - [2024-12-21T19:01:42.270+0000] {dag.py:3096} INFO - Sync 1 DAGs
[2024-12-21T19:01:42.311+0000] {logging_mixin.py:188} INFO - [2024-12-21T19:01:42.310+0000] {dag.py:3954} INFO - Setting next_dagrun for example_task_group to 2024-12-20 00:00:00+00:00, run_after=2024-12-21 00:00:00+00:00
[2024-12-21T19:01:42.349+0000] {processor.py:183} INFO - Processing /home/airflow/.local/lib/python3.12/site-packages/airflow/example_dags/example_task_group.py took 0.137 seconds
[2024-12-21T19:02:12.513+0000] {processor.py:161} INFO - Started process (PID=582) to work on /home/airflow/.local/lib/python3.12/site-packages/airflow/example_dags/example_task_group.py
[2024-12-21T19:02:12.514+0000] {processor.py:830} INFO - Processing file /home/airflow/.local/lib/python3.12/site-packages/airflow/example_dags/example_task_group.py for tasks to queue
[2024-12-21T19:02:12.517+0000] {logging_mixin.py:188} INFO - [2024-12-21T19:02:12.517+0000] {dagbag.py:545} INFO - Filling up the DagBag from /home/airflow/.local/lib/python3.12/site-packages/airflow/example_dags/example_task_group.py
[2024-12-21T19:02:12.527+0000] {processor.py:840} INFO - DAG(s) 'example_task_group' retrieved from /home/airflow/.local/lib/python3.12/site-packages/airflow/example_dags/example_task_group.py
[2024-12-21T19:02:12.555+0000] {logging_mixin.py:188} INFO - [2024-12-21T19:02:12.555+0000] {dag.py:3096} INFO - Sync 1 DAGs
[2024-12-21T19:02:12.589+0000] {logging_mixin.py:188} INFO - [2024-12-21T19:02:12.589+0000] {dag.py:3954} INFO - Setting next_dagrun for example_task_group to 2024-12-20 00:00:00+00:00, run_after=2024-12-21 00:00:00+00:00
[2024-12-21T19:02:12.620+0000] {processor.py:183} INFO - Processing /home/airflow/.local/lib/python3.12/site-packages/airflow/example_dags/example_task_group.py took 0.115 seconds
[2024-12-21T19:02:42.884+0000] {processor.py:161} INFO - Started process (PID=646) to work on /home/airflow/.local/lib/python3.12/site-packages/airflow/example_dags/example_task_group.py
[2024-12-21T19:02:42.885+0000] {processor.py:830} INFO - Processing file /home/airflow/.local/lib/python3.12/site-packages/airflow/example_dags/example_task_group.py for tasks to queue
[2024-12-21T19:02:42.888+0000] {logging_mixin.py:188} INFO - [2024-12-21T19:02:42.887+0000] {dagbag.py:545} INFO - Filling up the DagBag from /home/airflow/.local/lib/python3.12/site-packages/airflow/example_dags/example_task_group.py
[2024-12-21T19:02:42.898+0000] {processor.py:840} INFO - DAG(s) 'example_task_group' retrieved from /home/airflow/.local/lib/python3.12/site-packages/airflow/example_dags/example_task_group.py
[2024-12-21T19:02:42.924+0000] {logging_mixin.py:188} INFO - [2024-12-21T19:02:42.924+0000] {dag.py:3096} INFO - Sync 1 DAGs
[2024-12-21T19:02:42.949+0000] {logging_mixin.py:188} INFO - [2024-12-21T19:02:42.948+0000] {dag.py:3954} INFO - Setting next_dagrun for example_task_group to 2024-12-20 00:00:00+00:00, run_after=2024-12-21 00:00:00+00:00
[2024-12-21T19:02:42.978+0000] {processor.py:183} INFO - Processing /home/airflow/.local/lib/python3.12/site-packages/airflow/example_dags/example_task_group.py took 0.100 seconds
[2024-12-21T19:03:13.457+0000] {processor.py:161} INFO - Started process (PID=704) to work on /home/airflow/.local/lib/python3.12/site-packages/airflow/example_dags/example_task_group.py
[2024-12-21T19:03:13.458+0000] {processor.py:830} INFO - Processing file /home/airflow/.local/lib/python3.12/site-packages/airflow/example_dags/example_task_group.py for tasks to queue
[2024-12-21T19:03:13.460+0000] {logging_mixin.py:188} INFO - [2024-12-21T19:03:13.460+0000] {dagbag.py:545} INFO - Filling up the DagBag from /home/airflow/.local/lib/python3.12/site-packages/airflow/example_dags/example_task_group.py
[2024-12-21T19:03:13.467+0000] {processor.py:840} INFO - DAG(s) 'example_task_group' retrieved from /home/airflow/.local/lib/python3.12/site-packages/airflow/example_dags/example_task_group.py
[2024-12-21T19:03:13.493+0000] {logging_mixin.py:188} INFO - [2024-12-21T19:03:13.493+0000] {dag.py:3096} INFO - Sync 1 DAGs
[2024-12-21T19:03:13.519+0000] {logging_mixin.py:188} INFO - [2024-12-21T19:03:13.518+0000] {dag.py:3954} INFO - Setting next_dagrun for example_task_group to 2024-12-20 00:00:00+00:00, run_after=2024-12-21 00:00:00+00:00
[2024-12-21T19:03:13.545+0000] {processor.py:183} INFO - Processing /home/airflow/.local/lib/python3.12/site-packages/airflow/example_dags/example_task_group.py took 0.093 seconds
[2024-12-21T19:03:43.625+0000] {processor.py:161} INFO - Started process (PID=762) to work on /home/airflow/.local/lib/python3.12/site-packages/airflow/example_dags/example_task_group.py
[2024-12-21T19:03:43.626+0000] {processor.py:830} INFO - Processing file /home/airflow/.local/lib/python3.12/site-packages/airflow/example_dags/example_task_group.py for tasks to queue
[2024-12-21T19:03:43.629+0000] {logging_mixin.py:188} INFO - [2024-12-21T19:03:43.629+0000] {dagbag.py:545} INFO - Filling up the DagBag from /home/airflow/.local/lib/python3.12/site-packages/airflow/example_dags/example_task_group.py
[2024-12-21T19:03:43.636+0000] {processor.py:840} INFO - DAG(s) 'example_task_group' retrieved from /home/airflow/.local/lib/python3.12/site-packages/airflow/example_dags/example_task_group.py
[2024-12-21T19:03:43.659+0000] {logging_mixin.py:188} INFO - [2024-12-21T19:03:43.659+0000] {dag.py:3096} INFO - Sync 1 DAGs
[2024-12-21T19:03:43.697+0000] {logging_mixin.py:188} INFO - [2024-12-21T19:03:43.697+0000] {dag.py:3954} INFO - Setting next_dagrun for example_task_group to 2024-12-20 00:00:00+00:00, run_after=2024-12-21 00:00:00+00:00
[2024-12-21T19:03:43.731+0000] {processor.py:183} INFO - Processing /home/airflow/.local/lib/python3.12/site-packages/airflow/example_dags/example_task_group.py took 0.111 seconds
[2024-12-21T19:04:13.848+0000] {processor.py:161} INFO - Started process (PID=820) to work on /home/airflow/.local/lib/python3.12/site-packages/airflow/example_dags/example_task_group.py
[2024-12-21T19:04:13.850+0000] {processor.py:830} INFO - Processing file /home/airflow/.local/lib/python3.12/site-packages/airflow/example_dags/example_task_group.py for tasks to queue
[2024-12-21T19:04:13.852+0000] {logging_mixin.py:188} INFO - [2024-12-21T19:04:13.852+0000] {dagbag.py:545} INFO - Filling up the DagBag from /home/airflow/.local/lib/python3.12/site-packages/airflow/example_dags/example_task_group.py
[2024-12-21T19:04:13.859+0000] {processor.py:840} INFO - DAG(s) 'example_task_group' retrieved from /home/airflow/.local/lib/python3.12/site-packages/airflow/example_dags/example_task_group.py
[2024-12-21T19:04:13.883+0000] {logging_mixin.py:188} INFO - [2024-12-21T19:04:13.883+0000] {dag.py:3096} INFO - Sync 1 DAGs
[2024-12-21T19:04:13.907+0000] {logging_mixin.py:188} INFO - [2024-12-21T19:04:13.907+0000] {dag.py:3954} INFO - Setting next_dagrun for example_task_group to 2024-12-20 00:00:00+00:00, run_after=2024-12-21 00:00:00+00:00
[2024-12-21T19:04:13.936+0000] {processor.py:183} INFO - Processing /home/airflow/.local/lib/python3.12/site-packages/airflow/example_dags/example_task_group.py took 0.093 seconds
[2024-12-21T19:04:44.100+0000] {processor.py:161} INFO - Started process (PID=878) to work on /home/airflow/.local/lib/python3.12/site-packages/airflow/example_dags/example_task_group.py
[2024-12-21T19:04:44.101+0000] {processor.py:830} INFO - Processing file /home/airflow/.local/lib/python3.12/site-packages/airflow/example_dags/example_task_group.py for tasks to queue
[2024-12-21T19:04:44.104+0000] {logging_mixin.py:188} INFO - [2024-12-21T19:04:44.103+0000] {dagbag.py:545} INFO - Filling up the DagBag from /home/airflow/.local/lib/python3.12/site-packages/airflow/example_dags/example_task_group.py
[2024-12-21T19:04:44.113+0000] {processor.py:840} INFO - DAG(s) 'example_task_group' retrieved from /home/airflow/.local/lib/python3.12/site-packages/airflow/example_dags/example_task_group.py
[2024-12-21T19:04:44.137+0000] {logging_mixin.py:188} INFO - [2024-12-21T19:04:44.137+0000] {dag.py:3096} INFO - Sync 1 DAGs
[2024-12-21T19:04:44.160+0000] {logging_mixin.py:188} INFO - [2024-12-21T19:04:44.159+0000] {dag.py:3954} INFO - Setting next_dagrun for example_task_group to 2024-12-20 00:00:00+00:00, run_after=2024-12-21 00:00:00+00:00
[2024-12-21T19:04:44.185+0000] {processor.py:183} INFO - Processing /home/airflow/.local/lib/python3.12/site-packages/airflow/example_dags/example_task_group.py took 0.095 seconds
[2024-12-21T19:05:14.581+0000] {processor.py:161} INFO - Started process (PID=936) to work on /home/airflow/.local/lib/python3.12/site-packages/airflow/example_dags/example_task_group.py
[2024-12-21T19:05:14.583+0000] {processor.py:830} INFO - Processing file /home/airflow/.local/lib/python3.12/site-packages/airflow/example_dags/example_task_group.py for tasks to queue
[2024-12-21T19:05:14.588+0000] {logging_mixin.py:188} INFO - [2024-12-21T19:05:14.587+0000] {dagbag.py:545} INFO - Filling up the DagBag from /home/airflow/.local/lib/python3.12/site-packages/airflow/example_dags/example_task_group.py
[2024-12-21T19:05:14.600+0000] {processor.py:840} INFO - DAG(s) 'example_task_group' retrieved from /home/airflow/.local/lib/python3.12/site-packages/airflow/example_dags/example_task_group.py
[2024-12-21T19:05:14.637+0000] {logging_mixin.py:188} INFO - [2024-12-21T19:05:14.637+0000] {dag.py:3096} INFO - Sync 1 DAGs
[2024-12-21T19:05:14.672+0000] {logging_mixin.py:188} INFO - [2024-12-21T19:05:14.671+0000] {dag.py:3954} INFO - Setting next_dagrun for example_task_group to 2024-12-20 00:00:00+00:00, run_after=2024-12-21 00:00:00+00:00
[2024-12-21T19:05:14.704+0000] {processor.py:183} INFO - Processing /home/airflow/.local/lib/python3.12/site-packages/airflow/example_dags/example_task_group.py took 0.135 seconds
[2024-12-21T19:05:44.857+0000] {processor.py:161} INFO - Started process (PID=994) to work on /home/airflow/.local/lib/python3.12/site-packages/airflow/example_dags/example_task_group.py
[2024-12-21T19:05:44.858+0000] {processor.py:830} INFO - Processing file /home/airflow/.local/lib/python3.12/site-packages/airflow/example_dags/example_task_group.py for tasks to queue
[2024-12-21T19:05:44.861+0000] {logging_mixin.py:188} INFO - [2024-12-21T19:05:44.860+0000] {dagbag.py:545} INFO - Filling up the DagBag from /home/airflow/.local/lib/python3.12/site-packages/airflow/example_dags/example_task_group.py
[2024-12-21T19:05:44.868+0000] {processor.py:840} INFO - DAG(s) 'example_task_group' retrieved from /home/airflow/.local/lib/python3.12/site-packages/airflow/example_dags/example_task_group.py
[2024-12-21T19:05:44.892+0000] {logging_mixin.py:188} INFO - [2024-12-21T19:05:44.892+0000] {dag.py:3096} INFO - Sync 1 DAGs
[2024-12-21T19:05:44.920+0000] {logging_mixin.py:188} INFO - [2024-12-21T19:05:44.920+0000] {dag.py:3954} INFO - Setting next_dagrun for example_task_group to 2024-12-20 00:00:00+00:00, run_after=2024-12-21 00:00:00+00:00
[2024-12-21T19:05:44.947+0000] {processor.py:183} INFO - Processing /home/airflow/.local/lib/python3.12/site-packages/airflow/example_dags/example_task_group.py took 0.095 seconds
[2024-12-21T19:06:15.540+0000] {processor.py:161} INFO - Started process (PID=1052) to work on /home/airflow/.local/lib/python3.12/site-packages/airflow/example_dags/example_task_group.py
[2024-12-21T19:06:15.541+0000] {processor.py:830} INFO - Processing file /home/airflow/.local/lib/python3.12/site-packages/airflow/example_dags/example_task_group.py for tasks to queue
[2024-12-21T19:06:15.543+0000] {logging_mixin.py:188} INFO - [2024-12-21T19:06:15.543+0000] {dagbag.py:545} INFO - Filling up the DagBag from /home/airflow/.local/lib/python3.12/site-packages/airflow/example_dags/example_task_group.py
[2024-12-21T19:06:15.551+0000] {processor.py:840} INFO - DAG(s) 'example_task_group' retrieved from /home/airflow/.local/lib/python3.12/site-packages/airflow/example_dags/example_task_group.py
[2024-12-21T19:06:15.577+0000] {logging_mixin.py:188} INFO - [2024-12-21T19:06:15.577+0000] {dag.py:3096} INFO - Sync 1 DAGs
[2024-12-21T19:06:15.603+0000] {logging_mixin.py:188} INFO - [2024-12-21T19:06:15.603+0000] {dag.py:3954} INFO - Setting next_dagrun for example_task_group to 2024-12-20 00:00:00+00:00, run_after=2024-12-21 00:00:00+00:00
[2024-12-21T19:06:15.632+0000] {processor.py:183} INFO - Processing /home/airflow/.local/lib/python3.12/site-packages/airflow/example_dags/example_task_group.py took 0.098 seconds
[2024-12-21T19:06:45.862+0000] {processor.py:161} INFO - Started process (PID=1110) to work on /home/airflow/.local/lib/python3.12/site-packages/airflow/example_dags/example_task_group.py
[2024-12-21T19:06:45.863+0000] {processor.py:830} INFO - Processing file /home/airflow/.local/lib/python3.12/site-packages/airflow/example_dags/example_task_group.py for tasks to queue
[2024-12-21T19:06:45.866+0000] {logging_mixin.py:188} INFO - [2024-12-21T19:06:45.866+0000] {dagbag.py:545} INFO - Filling up the DagBag from /home/airflow/.local/lib/python3.12/site-packages/airflow/example_dags/example_task_group.py
[2024-12-21T19:06:45.874+0000] {processor.py:840} INFO - DAG(s) 'example_task_group' retrieved from /home/airflow/.local/lib/python3.12/site-packages/airflow/example_dags/example_task_group.py
[2024-12-21T19:06:45.903+0000] {logging_mixin.py:188} INFO - [2024-12-21T19:06:45.903+0000] {dag.py:3096} INFO - Sync 1 DAGs
[2024-12-21T19:06:45.928+0000] {logging_mixin.py:188} INFO - [2024-12-21T19:06:45.927+0000] {dag.py:3954} INFO - Setting next_dagrun for example_task_group to 2024-12-20 00:00:00+00:00, run_after=2024-12-21 00:00:00+00:00
[2024-12-21T19:06:45.955+0000] {processor.py:183} INFO - Processing /home/airflow/.local/lib/python3.12/site-packages/airflow/example_dags/example_task_group.py took 0.099 seconds
[2024-12-21T19:07:16.376+0000] {processor.py:161} INFO - Started process (PID=1168) to work on /home/airflow/.local/lib/python3.12/site-packages/airflow/example_dags/example_task_group.py
[2024-12-21T19:07:16.377+0000] {processor.py:830} INFO - Processing file /home/airflow/.local/lib/python3.12/site-packages/airflow/example_dags/example_task_group.py for tasks to queue
[2024-12-21T19:07:16.380+0000] {logging_mixin.py:188} INFO - [2024-12-21T19:07:16.380+0000] {dagbag.py:545} INFO - Filling up the DagBag from /home/airflow/.local/lib/python3.12/site-packages/airflow/example_dags/example_task_group.py
[2024-12-21T19:07:16.390+0000] {processor.py:840} INFO - DAG(s) 'example_task_group' retrieved from /home/airflow/.local/lib/python3.12/site-packages/airflow/example_dags/example_task_group.py
[2024-12-21T19:07:16.424+0000] {logging_mixin.py:188} INFO - [2024-12-21T19:07:16.423+0000] {dag.py:3096} INFO - Sync 1 DAGs
[2024-12-21T19:07:16.465+0000] {logging_mixin.py:188} INFO - [2024-12-21T19:07:16.465+0000] {dag.py:3954} INFO - Setting next_dagrun for example_task_group to 2024-12-20 00:00:00+00:00, run_after=2024-12-21 00:00:00+00:00
[2024-12-21T19:07:16.505+0000] {processor.py:183} INFO - Processing /home/airflow/.local/lib/python3.12/site-packages/airflow/example_dags/example_task_group.py took 0.138 seconds
[2024-12-21T19:07:46.596+0000] {processor.py:161} INFO - Started process (PID=1226) to work on /home/airflow/.local/lib/python3.12/site-packages/airflow/example_dags/example_task_group.py
[2024-12-21T19:07:46.597+0000] {processor.py:830} INFO - Processing file /home/airflow/.local/lib/python3.12/site-packages/airflow/example_dags/example_task_group.py for tasks to queue
[2024-12-21T19:07:46.599+0000] {logging_mixin.py:188} INFO - [2024-12-21T19:07:46.599+0000] {dagbag.py:545} INFO - Filling up the DagBag from /home/airflow/.local/lib/python3.12/site-packages/airflow/example_dags/example_task_group.py
[2024-12-21T19:07:46.606+0000] {processor.py:840} INFO - DAG(s) 'example_task_group' retrieved from /home/airflow/.local/lib/python3.12/site-packages/airflow/example_dags/example_task_group.py
[2024-12-21T19:07:46.645+0000] {logging_mixin.py:188} INFO - [2024-12-21T19:07:46.645+0000] {dag.py:3096} INFO - Sync 1 DAGs
[2024-12-21T19:07:46.672+0000] {logging_mixin.py:188} INFO - [2024-12-21T19:07:46.672+0000] {dag.py:3954} INFO - Setting next_dagrun for example_task_group to 2024-12-20 00:00:00+00:00, run_after=2024-12-21 00:00:00+00:00
[2024-12-21T19:07:46.705+0000] {processor.py:183} INFO - Processing /home/airflow/.local/lib/python3.12/site-packages/airflow/example_dags/example_task_group.py took 0.114 seconds
[2024-12-21T19:08:17.208+0000] {processor.py:161} INFO - Started process (PID=1284) to work on /home/airflow/.local/lib/python3.12/site-packages/airflow/example_dags/example_task_group.py
[2024-12-21T19:08:17.209+0000] {processor.py:830} INFO - Processing file /home/airflow/.local/lib/python3.12/site-packages/airflow/example_dags/example_task_group.py for tasks to queue
[2024-12-21T19:08:17.212+0000] {logging_mixin.py:188} INFO - [2024-12-21T19:08:17.211+0000] {dagbag.py:545} INFO - Filling up the DagBag from /home/airflow/.local/lib/python3.12/site-packages/airflow/example_dags/example_task_group.py
[2024-12-21T19:08:17.220+0000] {processor.py:840} INFO - DAG(s) 'example_task_group' retrieved from /home/airflow/.local/lib/python3.12/site-packages/airflow/example_dags/example_task_group.py
[2024-12-21T19:08:17.247+0000] {logging_mixin.py:188} INFO - [2024-12-21T19:08:17.247+0000] {dag.py:3096} INFO - Sync 1 DAGs
[2024-12-21T19:08:17.272+0000] {logging_mixin.py:188} INFO - [2024-12-21T19:08:17.272+0000] {dag.py:3954} INFO - Setting next_dagrun for example_task_group to 2024-12-20 00:00:00+00:00, run_after=2024-12-21 00:00:00+00:00
[2024-12-21T19:08:17.301+0000] {processor.py:183} INFO - Processing /home/airflow/.local/lib/python3.12/site-packages/airflow/example_dags/example_task_group.py took 0.099 seconds
[2024-12-21T19:08:47.543+0000] {processor.py:161} INFO - Started process (PID=1342) to work on /home/airflow/.local/lib/python3.12/site-packages/airflow/example_dags/example_task_group.py
[2024-12-21T19:08:47.544+0000] {processor.py:830} INFO - Processing file /home/airflow/.local/lib/python3.12/site-packages/airflow/example_dags/example_task_group.py for tasks to queue
[2024-12-21T19:08:47.546+0000] {logging_mixin.py:188} INFO - [2024-12-21T19:08:47.546+0000] {dagbag.py:545} INFO - Filling up the DagBag from /home/airflow/.local/lib/python3.12/site-packages/airflow/example_dags/example_task_group.py
[2024-12-21T19:08:47.553+0000] {processor.py:840} INFO - DAG(s) 'example_task_group' retrieved from /home/airflow/.local/lib/python3.12/site-packages/airflow/example_dags/example_task_group.py
[2024-12-21T19:08:47.577+0000] {logging_mixin.py:188} INFO - [2024-12-21T19:08:47.576+0000] {dag.py:3096} INFO - Sync 1 DAGs
[2024-12-21T19:08:47.600+0000] {logging_mixin.py:188} INFO - [2024-12-21T19:08:47.600+0000] {dag.py:3954} INFO - Setting next_dagrun for example_task_group to 2024-12-20 00:00:00+00:00, run_after=2024-12-21 00:00:00+00:00
[2024-12-21T19:08:47.624+0000] {processor.py:183} INFO - Processing /home/airflow/.local/lib/python3.12/site-packages/airflow/example_dags/example_task_group.py took 0.087 seconds
[2024-12-21T19:09:17.877+0000] {processor.py:161} INFO - Started process (PID=1400) to work on /home/airflow/.local/lib/python3.12/site-packages/airflow/example_dags/example_task_group.py
[2024-12-21T19:09:17.879+0000] {processor.py:830} INFO - Processing file /home/airflow/.local/lib/python3.12/site-packages/airflow/example_dags/example_task_group.py for tasks to queue
[2024-12-21T19:09:17.882+0000] {logging_mixin.py:188} INFO - [2024-12-21T19:09:17.882+0000] {dagbag.py:545} INFO - Filling up the DagBag from /home/airflow/.local/lib/python3.12/site-packages/airflow/example_dags/example_task_group.py
[2024-12-21T19:09:17.891+0000] {processor.py:840} INFO - DAG(s) 'example_task_group' retrieved from /home/airflow/.local/lib/python3.12/site-packages/airflow/example_dags/example_task_group.py
[2024-12-21T19:09:17.925+0000] {logging_mixin.py:188} INFO - [2024-12-21T19:09:17.925+0000] {dag.py:3096} INFO - Sync 1 DAGs
[2024-12-21T19:09:17.952+0000] {logging_mixin.py:188} INFO - [2024-12-21T19:09:17.952+0000] {dag.py:3954} INFO - Setting next_dagrun for example_task_group to 2024-12-20 00:00:00+00:00, run_after=2024-12-21 00:00:00+00:00
[2024-12-21T19:09:17.987+0000] {processor.py:183} INFO - Processing /home/airflow/.local/lib/python3.12/site-packages/airflow/example_dags/example_task_group.py took 0.116 seconds
[2024-12-21T19:09:48.511+0000] {processor.py:161} INFO - Started process (PID=1458) to work on /home/airflow/.local/lib/python3.12/site-packages/airflow/example_dags/example_task_group.py
[2024-12-21T19:09:48.512+0000] {processor.py:830} INFO - Processing file /home/airflow/.local/lib/python3.12/site-packages/airflow/example_dags/example_task_group.py for tasks to queue
[2024-12-21T19:09:48.514+0000] {logging_mixin.py:188} INFO - [2024-12-21T19:09:48.514+0000] {dagbag.py:545} INFO - Filling up the DagBag from /home/airflow/.local/lib/python3.12/site-packages/airflow/example_dags/example_task_group.py
[2024-12-21T19:09:48.523+0000] {processor.py:840} INFO - DAG(s) 'example_task_group' retrieved from /home/airflow/.local/lib/python3.12/site-packages/airflow/example_dags/example_task_group.py
[2024-12-21T19:09:48.548+0000] {logging_mixin.py:188} INFO - [2024-12-21T19:09:48.548+0000] {dag.py:3096} INFO - Sync 1 DAGs
[2024-12-21T19:09:48.573+0000] {logging_mixin.py:188} INFO - [2024-12-21T19:09:48.573+0000] {dag.py:3954} INFO - Setting next_dagrun for example_task_group to 2024-12-20 00:00:00+00:00, run_after=2024-12-21 00:00:00+00:00
[2024-12-21T19:09:48.602+0000] {processor.py:183} INFO - Processing /home/airflow/.local/lib/python3.12/site-packages/airflow/example_dags/example_task_group.py took 0.097 seconds
[2024-12-21T19:10:18.947+0000] {processor.py:161} INFO - Started process (PID=1516) to work on /home/airflow/.local/lib/python3.12/site-packages/airflow/example_dags/example_task_group.py
[2024-12-21T19:10:18.949+0000] {processor.py:830} INFO - Processing file /home/airflow/.local/lib/python3.12/site-packages/airflow/example_dags/example_task_group.py for tasks to queue
[2024-12-21T19:10:18.951+0000] {logging_mixin.py:188} INFO - [2024-12-21T19:10:18.951+0000] {dagbag.py:545} INFO - Filling up the DagBag from /home/airflow/.local/lib/python3.12/site-packages/airflow/example_dags/example_task_group.py
[2024-12-21T19:10:18.958+0000] {processor.py:840} INFO - DAG(s) 'example_task_group' retrieved from /home/airflow/.local/lib/python3.12/site-packages/airflow/example_dags/example_task_group.py
[2024-12-21T19:10:18.989+0000] {logging_mixin.py:188} INFO - [2024-12-21T19:10:18.989+0000] {dag.py:3096} INFO - Sync 1 DAGs
[2024-12-21T19:10:19.022+0000] {logging_mixin.py:188} INFO - [2024-12-21T19:10:19.021+0000] {dag.py:3954} INFO - Setting next_dagrun for example_task_group to 2024-12-20 00:00:00+00:00, run_after=2024-12-21 00:00:00+00:00
[2024-12-21T19:10:19.049+0000] {processor.py:183} INFO - Processing /home/airflow/.local/lib/python3.12/site-packages/airflow/example_dags/example_task_group.py took 0.107 seconds
[2024-12-21T19:10:49.136+0000] {processor.py:161} INFO - Started process (PID=1574) to work on /home/airflow/.local/lib/python3.12/site-packages/airflow/example_dags/example_task_group.py
[2024-12-21T19:10:49.137+0000] {processor.py:830} INFO - Processing file /home/airflow/.local/lib/python3.12/site-packages/airflow/example_dags/example_task_group.py for tasks to queue
[2024-12-21T19:10:49.139+0000] {logging_mixin.py:188} INFO - [2024-12-21T19:10:49.139+0000] {dagbag.py:545} INFO - Filling up the DagBag from /home/airflow/.local/lib/python3.12/site-packages/airflow/example_dags/example_task_group.py
[2024-12-21T19:10:49.147+0000] {processor.py:840} INFO - DAG(s) 'example_task_group' retrieved from /home/airflow/.local/lib/python3.12/site-packages/airflow/example_dags/example_task_group.py
[2024-12-21T19:10:49.175+0000] {logging_mixin.py:188} INFO - [2024-12-21T19:10:49.175+0000] {dag.py:3096} INFO - Sync 1 DAGs
[2024-12-21T19:10:49.205+0000] {logging_mixin.py:188} INFO - [2024-12-21T19:10:49.205+0000] {dag.py:3954} INFO - Setting next_dagrun for example_task_group to 2024-12-20 00:00:00+00:00, run_after=2024-12-21 00:00:00+00:00
[2024-12-21T19:10:49.245+0000] {processor.py:183} INFO - Processing /home/airflow/.local/lib/python3.12/site-packages/airflow/example_dags/example_task_group.py took 0.114 seconds
[2024-12-21T19:11:19.592+0000] {processor.py:161} INFO - Started process (PID=1632) to work on /home/airflow/.local/lib/python3.12/site-packages/airflow/example_dags/example_task_group.py
[2024-12-21T19:11:19.594+0000] {processor.py:830} INFO - Processing file /home/airflow/.local/lib/python3.12/site-packages/airflow/example_dags/example_task_group.py for tasks to queue
[2024-12-21T19:11:19.596+0000] {logging_mixin.py:188} INFO - [2024-12-21T19:11:19.596+0000] {dagbag.py:545} INFO - Filling up the DagBag from /home/airflow/.local/lib/python3.12/site-packages/airflow/example_dags/example_task_group.py
[2024-12-21T19:11:19.604+0000] {processor.py:840} INFO - DAG(s) 'example_task_group' retrieved from /home/airflow/.local/lib/python3.12/site-packages/airflow/example_dags/example_task_group.py
[2024-12-21T19:11:19.629+0000] {logging_mixin.py:188} INFO - [2024-12-21T19:11:19.628+0000] {dag.py:3096} INFO - Sync 1 DAGs
[2024-12-21T19:11:19.656+0000] {logging_mixin.py:188} INFO - [2024-12-21T19:11:19.656+0000] {dag.py:3954} INFO - Setting next_dagrun for example_task_group to 2024-12-20 00:00:00+00:00, run_after=2024-12-21 00:00:00+00:00
[2024-12-21T19:11:19.689+0000] {processor.py:183} INFO - Processing /home/airflow/.local/lib/python3.12/site-packages/airflow/example_dags/example_task_group.py took 0.102 seconds
[2024-12-21T19:11:50.302+0000] {processor.py:161} INFO - Started process (PID=1690) to work on /home/airflow/.local/lib/python3.12/site-packages/airflow/example_dags/example_task_group.py
[2024-12-21T19:11:50.303+0000] {processor.py:830} INFO - Processing file /home/airflow/.local/lib/python3.12/site-packages/airflow/example_dags/example_task_group.py for tasks to queue
[2024-12-21T19:11:50.306+0000] {logging_mixin.py:188} INFO - [2024-12-21T19:11:50.305+0000] {dagbag.py:545} INFO - Filling up the DagBag from /home/airflow/.local/lib/python3.12/site-packages/airflow/example_dags/example_task_group.py
[2024-12-21T19:11:50.312+0000] {processor.py:840} INFO - DAG(s) 'example_task_group' retrieved from /home/airflow/.local/lib/python3.12/site-packages/airflow/example_dags/example_task_group.py
[2024-12-21T19:11:50.339+0000] {logging_mixin.py:188} INFO - [2024-12-21T19:11:50.338+0000] {dag.py:3096} INFO - Sync 1 DAGs
[2024-12-21T19:11:50.366+0000] {logging_mixin.py:188} INFO - [2024-12-21T19:11:50.366+0000] {dag.py:3954} INFO - Setting next_dagrun for example_task_group to 2024-12-20 00:00:00+00:00, run_after=2024-12-21 00:00:00+00:00
[2024-12-21T19:11:50.392+0000] {processor.py:183} INFO - Processing /home/airflow/.local/lib/python3.12/site-packages/airflow/example_dags/example_task_group.py took 0.097 seconds
[2024-12-21T19:12:20.823+0000] {processor.py:161} INFO - Started process (PID=1747) to work on /home/airflow/.local/lib/python3.12/site-packages/airflow/example_dags/example_task_group.py
[2024-12-21T19:12:20.824+0000] {processor.py:830} INFO - Processing file /home/airflow/.local/lib/python3.12/site-packages/airflow/example_dags/example_task_group.py for tasks to queue
[2024-12-21T19:12:20.826+0000] {logging_mixin.py:188} INFO - [2024-12-21T19:12:20.826+0000] {dagbag.py:545} INFO - Filling up the DagBag from /home/airflow/.local/lib/python3.12/site-packages/airflow/example_dags/example_task_group.py
[2024-12-21T19:12:20.834+0000] {processor.py:840} INFO - DAG(s) 'example_task_group' retrieved from /home/airflow/.local/lib/python3.12/site-packages/airflow/example_dags/example_task_group.py
[2024-12-21T19:12:20.862+0000] {logging_mixin.py:188} INFO - [2024-12-21T19:12:20.862+0000] {dag.py:3096} INFO - Sync 1 DAGs
[2024-12-21T19:12:20.888+0000] {logging_mixin.py:188} INFO - [2024-12-21T19:12:20.888+0000] {dag.py:3954} INFO - Setting next_dagrun for example_task_group to 2024-12-20 00:00:00+00:00, run_after=2024-12-21 00:00:00+00:00
[2024-12-21T19:12:20.916+0000] {processor.py:183} INFO - Processing /home/airflow/.local/lib/python3.12/site-packages/airflow/example_dags/example_task_group.py took 0.099 seconds
