[2024-12-21T08:01:28.781+0000] {processor.py:161} INFO - Started process (PID=106) to work on /home/airflow/.local/lib/python3.12/site-packages/airflow/example_dags/example_sla_dag.py
[2024-12-21T08:01:28.784+0000] {processor.py:830} INFO - Processing file /home/airflow/.local/lib/python3.12/site-packages/airflow/example_dags/example_sla_dag.py for tasks to queue
[2024-12-21T08:01:28.789+0000] {logging_mixin.py:188} INFO - [2024-12-21T08:01:28.787+0000] {dagbag.py:545} INFO - Filling up the DagBag from /home/airflow/.local/lib/python3.12/site-packages/airflow/example_dags/example_sla_dag.py
[2024-12-21T08:01:28.813+0000] {processor.py:840} INFO - DAG(s) 'example_sla_dag' retrieved from /home/airflow/.local/lib/python3.12/site-packages/airflow/example_dags/example_sla_dag.py
[2024-12-21T08:01:28.875+0000] {logging_mixin.py:188} INFO - [2024-12-21T08:01:28.872+0000] {dag.py:3096} INFO - Sync 1 DAGs
[2024-12-21T08:01:28.971+0000] {logging_mixin.py:188} INFO - [2024-12-21T08:01:28.970+0000] {dag.py:3954} INFO - Setting next_dagrun for example_sla_dag to 2024-12-21 07:58:00+00:00, run_after=2024-12-21 08:00:00+00:00
[2024-12-21T08:01:29.041+0000] {processor.py:183} INFO - Processing /home/airflow/.local/lib/python3.12/site-packages/airflow/example_dags/example_sla_dag.py took 0.274 seconds
[2024-12-21T08:01:59.867+0000] {processor.py:161} INFO - Started process (PID=164) to work on /home/airflow/.local/lib/python3.12/site-packages/airflow/example_dags/example_sla_dag.py
[2024-12-21T08:01:59.869+0000] {processor.py:830} INFO - Processing file /home/airflow/.local/lib/python3.12/site-packages/airflow/example_dags/example_sla_dag.py for tasks to queue
[2024-12-21T08:01:59.872+0000] {logging_mixin.py:188} INFO - [2024-12-21T08:01:59.871+0000] {dagbag.py:545} INFO - Filling up the DagBag from /home/airflow/.local/lib/python3.12/site-packages/airflow/example_dags/example_sla_dag.py
[2024-12-21T08:01:59.883+0000] {processor.py:840} INFO - DAG(s) 'example_sla_dag' retrieved from /home/airflow/.local/lib/python3.12/site-packages/airflow/example_dags/example_sla_dag.py
[2024-12-21T08:01:59.915+0000] {logging_mixin.py:188} INFO - [2024-12-21T08:01:59.915+0000] {dag.py:3096} INFO - Sync 1 DAGs
[2024-12-21T08:01:59.956+0000] {logging_mixin.py:188} INFO - [2024-12-21T08:01:59.955+0000] {dag.py:3954} INFO - Setting next_dagrun for example_sla_dag to 2024-12-21 07:58:00+00:00, run_after=2024-12-21 08:00:00+00:00
[2024-12-21T08:01:59.992+0000] {processor.py:183} INFO - Processing /home/airflow/.local/lib/python3.12/site-packages/airflow/example_dags/example_sla_dag.py took 0.135 seconds
[2024-12-21T08:02:30.799+0000] {processor.py:161} INFO - Started process (PID=222) to work on /home/airflow/.local/lib/python3.12/site-packages/airflow/example_dags/example_sla_dag.py
[2024-12-21T08:02:30.801+0000] {processor.py:830} INFO - Processing file /home/airflow/.local/lib/python3.12/site-packages/airflow/example_dags/example_sla_dag.py for tasks to queue
[2024-12-21T08:02:30.803+0000] {logging_mixin.py:188} INFO - [2024-12-21T08:02:30.803+0000] {dagbag.py:545} INFO - Filling up the DagBag from /home/airflow/.local/lib/python3.12/site-packages/airflow/example_dags/example_sla_dag.py
[2024-12-21T08:02:30.814+0000] {processor.py:840} INFO - DAG(s) 'example_sla_dag' retrieved from /home/airflow/.local/lib/python3.12/site-packages/airflow/example_dags/example_sla_dag.py
[2024-12-21T08:02:30.838+0000] {logging_mixin.py:188} INFO - [2024-12-21T08:02:30.837+0000] {dag.py:3096} INFO - Sync 1 DAGs
[2024-12-21T08:02:30.865+0000] {logging_mixin.py:188} INFO - [2024-12-21T08:02:30.864+0000] {dag.py:3954} INFO - Setting next_dagrun for example_sla_dag to 2024-12-21 08:00:00+00:00, run_after=2024-12-21 08:02:00+00:00
[2024-12-21T08:02:30.894+0000] {processor.py:183} INFO - Processing /home/airflow/.local/lib/python3.12/site-packages/airflow/example_dags/example_sla_dag.py took 0.100 seconds
[2024-12-21T08:03:01.192+0000] {processor.py:161} INFO - Started process (PID=280) to work on /home/airflow/.local/lib/python3.12/site-packages/airflow/example_dags/example_sla_dag.py
[2024-12-21T08:03:01.194+0000] {processor.py:830} INFO - Processing file /home/airflow/.local/lib/python3.12/site-packages/airflow/example_dags/example_sla_dag.py for tasks to queue
[2024-12-21T08:03:01.198+0000] {logging_mixin.py:188} INFO - [2024-12-21T08:03:01.197+0000] {dagbag.py:545} INFO - Filling up the DagBag from /home/airflow/.local/lib/python3.12/site-packages/airflow/example_dags/example_sla_dag.py
[2024-12-21T08:03:01.206+0000] {processor.py:840} INFO - DAG(s) 'example_sla_dag' retrieved from /home/airflow/.local/lib/python3.12/site-packages/airflow/example_dags/example_sla_dag.py
[2024-12-21T08:03:01.230+0000] {logging_mixin.py:188} INFO - [2024-12-21T08:03:01.230+0000] {dag.py:3096} INFO - Sync 1 DAGs
[2024-12-21T08:03:01.275+0000] {logging_mixin.py:188} INFO - [2024-12-21T08:03:01.274+0000] {dag.py:3954} INFO - Setting next_dagrun for example_sla_dag to 2024-12-21 08:00:00+00:00, run_after=2024-12-21 08:02:00+00:00
[2024-12-21T08:03:01.302+0000] {processor.py:183} INFO - Processing /home/airflow/.local/lib/python3.12/site-packages/airflow/example_dags/example_sla_dag.py took 0.115 seconds
[2024-12-21T08:03:32.821+0000] {processor.py:161} INFO - Started process (PID=338) to work on /home/airflow/.local/lib/python3.12/site-packages/airflow/example_dags/example_sla_dag.py
[2024-12-21T08:03:32.823+0000] {processor.py:830} INFO - Processing file /home/airflow/.local/lib/python3.12/site-packages/airflow/example_dags/example_sla_dag.py for tasks to queue
[2024-12-21T08:03:32.825+0000] {logging_mixin.py:188} INFO - [2024-12-21T08:03:32.825+0000] {dagbag.py:545} INFO - Filling up the DagBag from /home/airflow/.local/lib/python3.12/site-packages/airflow/example_dags/example_sla_dag.py
[2024-12-21T08:03:32.838+0000] {processor.py:840} INFO - DAG(s) 'example_sla_dag' retrieved from /home/airflow/.local/lib/python3.12/site-packages/airflow/example_dags/example_sla_dag.py
[2024-12-21T08:03:32.863+0000] {logging_mixin.py:188} INFO - [2024-12-21T08:03:32.863+0000] {dag.py:3096} INFO - Sync 1 DAGs
[2024-12-21T08:03:32.893+0000] {logging_mixin.py:188} INFO - [2024-12-21T08:03:32.892+0000] {dag.py:3954} INFO - Setting next_dagrun for example_sla_dag to 2024-12-21 08:00:00+00:00, run_after=2024-12-21 08:02:00+00:00
[2024-12-21T08:03:32.926+0000] {processor.py:183} INFO - Processing /home/airflow/.local/lib/python3.12/site-packages/airflow/example_dags/example_sla_dag.py took 0.113 seconds
[2024-12-21T08:04:03.238+0000] {processor.py:161} INFO - Started process (PID=396) to work on /home/airflow/.local/lib/python3.12/site-packages/airflow/example_dags/example_sla_dag.py
[2024-12-21T08:04:03.239+0000] {processor.py:830} INFO - Processing file /home/airflow/.local/lib/python3.12/site-packages/airflow/example_dags/example_sla_dag.py for tasks to queue
[2024-12-21T08:04:03.242+0000] {logging_mixin.py:188} INFO - [2024-12-21T08:04:03.241+0000] {dagbag.py:545} INFO - Filling up the DagBag from /home/airflow/.local/lib/python3.12/site-packages/airflow/example_dags/example_sla_dag.py
[2024-12-21T08:04:03.250+0000] {processor.py:840} INFO - DAG(s) 'example_sla_dag' retrieved from /home/airflow/.local/lib/python3.12/site-packages/airflow/example_dags/example_sla_dag.py
[2024-12-21T08:04:03.272+0000] {logging_mixin.py:188} INFO - [2024-12-21T08:04:03.272+0000] {dag.py:3096} INFO - Sync 1 DAGs
[2024-12-21T08:04:03.298+0000] {logging_mixin.py:188} INFO - [2024-12-21T08:04:03.298+0000] {dag.py:3954} INFO - Setting next_dagrun for example_sla_dag to 2024-12-21 08:02:00+00:00, run_after=2024-12-21 08:04:00+00:00
[2024-12-21T08:04:03.325+0000] {processor.py:183} INFO - Processing /home/airflow/.local/lib/python3.12/site-packages/airflow/example_dags/example_sla_dag.py took 0.094 seconds
[2024-12-21T08:04:34.041+0000] {processor.py:161} INFO - Started process (PID=454) to work on /home/airflow/.local/lib/python3.12/site-packages/airflow/example_dags/example_sla_dag.py
[2024-12-21T08:04:34.043+0000] {processor.py:830} INFO - Processing file /home/airflow/.local/lib/python3.12/site-packages/airflow/example_dags/example_sla_dag.py for tasks to queue
[2024-12-21T08:04:34.045+0000] {logging_mixin.py:188} INFO - [2024-12-21T08:04:34.045+0000] {dagbag.py:545} INFO - Filling up the DagBag from /home/airflow/.local/lib/python3.12/site-packages/airflow/example_dags/example_sla_dag.py
[2024-12-21T08:04:34.056+0000] {processor.py:840} INFO - DAG(s) 'example_sla_dag' retrieved from /home/airflow/.local/lib/python3.12/site-packages/airflow/example_dags/example_sla_dag.py
[2024-12-21T08:04:34.092+0000] {logging_mixin.py:188} INFO - [2024-12-21T08:04:34.091+0000] {dag.py:3096} INFO - Sync 1 DAGs
[2024-12-21T08:04:34.135+0000] {logging_mixin.py:188} INFO - [2024-12-21T08:04:34.134+0000] {dag.py:3954} INFO - Setting next_dagrun for example_sla_dag to 2024-12-21 08:02:00+00:00, run_after=2024-12-21 08:04:00+00:00
[2024-12-21T08:04:34.174+0000] {processor.py:183} INFO - Processing /home/airflow/.local/lib/python3.12/site-packages/airflow/example_dags/example_sla_dag.py took 0.139 seconds
[2024-12-21T08:05:04.376+0000] {processor.py:161} INFO - Started process (PID=512) to work on /home/airflow/.local/lib/python3.12/site-packages/airflow/example_dags/example_sla_dag.py
[2024-12-21T08:05:04.377+0000] {processor.py:830} INFO - Processing file /home/airflow/.local/lib/python3.12/site-packages/airflow/example_dags/example_sla_dag.py for tasks to queue
[2024-12-21T08:05:04.380+0000] {logging_mixin.py:188} INFO - [2024-12-21T08:05:04.380+0000] {dagbag.py:545} INFO - Filling up the DagBag from /home/airflow/.local/lib/python3.12/site-packages/airflow/example_dags/example_sla_dag.py
[2024-12-21T08:05:04.389+0000] {processor.py:840} INFO - DAG(s) 'example_sla_dag' retrieved from /home/airflow/.local/lib/python3.12/site-packages/airflow/example_dags/example_sla_dag.py
[2024-12-21T08:05:04.411+0000] {logging_mixin.py:188} INFO - [2024-12-21T08:05:04.410+0000] {dag.py:3096} INFO - Sync 1 DAGs
[2024-12-21T08:05:04.438+0000] {logging_mixin.py:188} INFO - [2024-12-21T08:05:04.438+0000] {dag.py:3954} INFO - Setting next_dagrun for example_sla_dag to 2024-12-21 08:02:00+00:00, run_after=2024-12-21 08:04:00+00:00
[2024-12-21T08:05:04.463+0000] {processor.py:183} INFO - Processing /home/airflow/.local/lib/python3.12/site-packages/airflow/example_dags/example_sla_dag.py took 0.093 seconds
[2024-12-21T18:50:59.755+0000] {processor.py:161} INFO - Started process (PID=107) to work on /home/airflow/.local/lib/python3.12/site-packages/airflow/example_dags/example_sla_dag.py
[2024-12-21T18:50:59.756+0000] {processor.py:830} INFO - Processing file /home/airflow/.local/lib/python3.12/site-packages/airflow/example_dags/example_sla_dag.py for tasks to queue
[2024-12-21T18:50:59.759+0000] {logging_mixin.py:188} INFO - [2024-12-21T18:50:59.758+0000] {dagbag.py:545} INFO - Filling up the DagBag from /home/airflow/.local/lib/python3.12/site-packages/airflow/example_dags/example_sla_dag.py
[2024-12-21T18:50:59.768+0000] {processor.py:840} INFO - DAG(s) 'example_sla_dag' retrieved from /home/airflow/.local/lib/python3.12/site-packages/airflow/example_dags/example_sla_dag.py
[2024-12-21T18:50:59.797+0000] {logging_mixin.py:188} INFO - [2024-12-21T18:50:59.797+0000] {dag.py:3096} INFO - Sync 1 DAGs
[2024-12-21T18:50:59.829+0000] {logging_mixin.py:188} INFO - [2024-12-21T18:50:59.829+0000] {dag.py:3954} INFO - Setting next_dagrun for example_sla_dag to 2024-12-21 18:48:00+00:00, run_after=2024-12-21 18:50:00+00:00
[2024-12-21T18:50:59.857+0000] {processor.py:183} INFO - Processing /home/airflow/.local/lib/python3.12/site-packages/airflow/example_dags/example_sla_dag.py took 0.108 seconds
[2024-12-21T18:51:30.097+0000] {processor.py:161} INFO - Started process (PID=165) to work on /home/airflow/.local/lib/python3.12/site-packages/airflow/example_dags/example_sla_dag.py
[2024-12-21T18:51:30.099+0000] {processor.py:830} INFO - Processing file /home/airflow/.local/lib/python3.12/site-packages/airflow/example_dags/example_sla_dag.py for tasks to queue
[2024-12-21T18:51:30.102+0000] {logging_mixin.py:188} INFO - [2024-12-21T18:51:30.101+0000] {dagbag.py:545} INFO - Filling up the DagBag from /home/airflow/.local/lib/python3.12/site-packages/airflow/example_dags/example_sla_dag.py
[2024-12-21T18:51:30.111+0000] {processor.py:840} INFO - DAG(s) 'example_sla_dag' retrieved from /home/airflow/.local/lib/python3.12/site-packages/airflow/example_dags/example_sla_dag.py
[2024-12-21T18:51:30.136+0000] {logging_mixin.py:188} INFO - [2024-12-21T18:51:30.135+0000] {dag.py:3096} INFO - Sync 1 DAGs
[2024-12-21T18:51:30.167+0000] {logging_mixin.py:188} INFO - [2024-12-21T18:51:30.167+0000] {dag.py:3954} INFO - Setting next_dagrun for example_sla_dag to 2024-12-21 18:48:00+00:00, run_after=2024-12-21 18:50:00+00:00
[2024-12-21T18:51:30.195+0000] {processor.py:183} INFO - Processing /home/airflow/.local/lib/python3.12/site-packages/airflow/example_dags/example_sla_dag.py took 0.103 seconds
[2024-12-21T18:52:00.468+0000] {processor.py:161} INFO - Started process (PID=223) to work on /home/airflow/.local/lib/python3.12/site-packages/airflow/example_dags/example_sla_dag.py
[2024-12-21T18:52:00.470+0000] {processor.py:830} INFO - Processing file /home/airflow/.local/lib/python3.12/site-packages/airflow/example_dags/example_sla_dag.py for tasks to queue
[2024-12-21T18:52:00.472+0000] {logging_mixin.py:188} INFO - [2024-12-21T18:52:00.472+0000] {dagbag.py:545} INFO - Filling up the DagBag from /home/airflow/.local/lib/python3.12/site-packages/airflow/example_dags/example_sla_dag.py
[2024-12-21T18:52:00.481+0000] {processor.py:840} INFO - DAG(s) 'example_sla_dag' retrieved from /home/airflow/.local/lib/python3.12/site-packages/airflow/example_dags/example_sla_dag.py
[2024-12-21T18:52:00.505+0000] {logging_mixin.py:188} INFO - [2024-12-21T18:52:00.505+0000] {dag.py:3096} INFO - Sync 1 DAGs
[2024-12-21T18:52:00.534+0000] {logging_mixin.py:188} INFO - [2024-12-21T18:52:00.534+0000] {dag.py:3954} INFO - Setting next_dagrun for example_sla_dag to 2024-12-21 18:50:00+00:00, run_after=2024-12-21 18:52:00+00:00
[2024-12-21T18:52:00.561+0000] {processor.py:183} INFO - Processing /home/airflow/.local/lib/python3.12/site-packages/airflow/example_dags/example_sla_dag.py took 0.098 seconds
[2024-12-21T18:57:44.973+0000] {processor.py:161} INFO - Started process (PID=107) to work on /home/airflow/.local/lib/python3.12/site-packages/airflow/example_dags/example_sla_dag.py
[2024-12-21T18:57:44.974+0000] {processor.py:830} INFO - Processing file /home/airflow/.local/lib/python3.12/site-packages/airflow/example_dags/example_sla_dag.py for tasks to queue
[2024-12-21T18:57:44.978+0000] {logging_mixin.py:188} INFO - [2024-12-21T18:57:44.977+0000] {dagbag.py:545} INFO - Filling up the DagBag from /home/airflow/.local/lib/python3.12/site-packages/airflow/example_dags/example_sla_dag.py
[2024-12-21T18:57:44.990+0000] {processor.py:840} INFO - DAG(s) 'example_sla_dag' retrieved from /home/airflow/.local/lib/python3.12/site-packages/airflow/example_dags/example_sla_dag.py
[2024-12-21T18:57:45.045+0000] {logging_mixin.py:188} INFO - [2024-12-21T18:57:45.045+0000] {dag.py:3096} INFO - Sync 1 DAGs
[2024-12-21T18:57:45.083+0000] {logging_mixin.py:188} INFO - [2024-12-21T18:57:45.083+0000] {dag.py:3954} INFO - Setting next_dagrun for example_sla_dag to 2024-12-21 18:54:00+00:00, run_after=2024-12-21 18:56:00+00:00
[2024-12-21T18:57:45.117+0000] {processor.py:183} INFO - Processing /home/airflow/.local/lib/python3.12/site-packages/airflow/example_dags/example_sla_dag.py took 0.151 seconds
[2024-12-21T18:58:15.932+0000] {processor.py:161} INFO - Started process (PID=165) to work on /home/airflow/.local/lib/python3.12/site-packages/airflow/example_dags/example_sla_dag.py
[2024-12-21T18:58:15.933+0000] {processor.py:830} INFO - Processing file /home/airflow/.local/lib/python3.12/site-packages/airflow/example_dags/example_sla_dag.py for tasks to queue
[2024-12-21T18:58:15.935+0000] {logging_mixin.py:188} INFO - [2024-12-21T18:58:15.935+0000] {dagbag.py:545} INFO - Filling up the DagBag from /home/airflow/.local/lib/python3.12/site-packages/airflow/example_dags/example_sla_dag.py
[2024-12-21T18:58:15.947+0000] {processor.py:840} INFO - DAG(s) 'example_sla_dag' retrieved from /home/airflow/.local/lib/python3.12/site-packages/airflow/example_dags/example_sla_dag.py
[2024-12-21T18:58:15.980+0000] {logging_mixin.py:188} INFO - [2024-12-21T18:58:15.979+0000] {dag.py:3096} INFO - Sync 1 DAGs
[2024-12-21T18:58:16.012+0000] {logging_mixin.py:188} INFO - [2024-12-21T18:58:16.012+0000] {dag.py:3954} INFO - Setting next_dagrun for example_sla_dag to 2024-12-21 18:56:00+00:00, run_after=2024-12-21 18:58:00+00:00
[2024-12-21T18:58:16.041+0000] {processor.py:183} INFO - Processing /home/airflow/.local/lib/python3.12/site-packages/airflow/example_dags/example_sla_dag.py took 0.116 seconds
[2024-12-21T18:58:46.309+0000] {processor.py:161} INFO - Started process (PID=223) to work on /home/airflow/.local/lib/python3.12/site-packages/airflow/example_dags/example_sla_dag.py
[2024-12-21T18:58:46.311+0000] {processor.py:830} INFO - Processing file /home/airflow/.local/lib/python3.12/site-packages/airflow/example_dags/example_sla_dag.py for tasks to queue
[2024-12-21T18:58:46.314+0000] {logging_mixin.py:188} INFO - [2024-12-21T18:58:46.314+0000] {dagbag.py:545} INFO - Filling up the DagBag from /home/airflow/.local/lib/python3.12/site-packages/airflow/example_dags/example_sla_dag.py
[2024-12-21T18:58:46.325+0000] {processor.py:840} INFO - DAG(s) 'example_sla_dag' retrieved from /home/airflow/.local/lib/python3.12/site-packages/airflow/example_dags/example_sla_dag.py
[2024-12-21T18:58:46.349+0000] {logging_mixin.py:188} INFO - [2024-12-21T18:58:46.349+0000] {dag.py:3096} INFO - Sync 1 DAGs
[2024-12-21T18:58:46.410+0000] {logging_mixin.py:188} INFO - [2024-12-21T18:58:46.410+0000] {dag.py:3954} INFO - Setting next_dagrun for example_sla_dag to 2024-12-21 18:56:00+00:00, run_after=2024-12-21 18:58:00+00:00
[2024-12-21T18:58:46.458+0000] {processor.py:183} INFO - Processing /home/airflow/.local/lib/python3.12/site-packages/airflow/example_dags/example_sla_dag.py took 0.153 seconds
[2024-12-21T18:59:17.212+0000] {processor.py:161} INFO - Started process (PID=281) to work on /home/airflow/.local/lib/python3.12/site-packages/airflow/example_dags/example_sla_dag.py
[2024-12-21T18:59:17.213+0000] {processor.py:830} INFO - Processing file /home/airflow/.local/lib/python3.12/site-packages/airflow/example_dags/example_sla_dag.py for tasks to queue
[2024-12-21T18:59:17.216+0000] {logging_mixin.py:188} INFO - [2024-12-21T18:59:17.215+0000] {dagbag.py:545} INFO - Filling up the DagBag from /home/airflow/.local/lib/python3.12/site-packages/airflow/example_dags/example_sla_dag.py
[2024-12-21T18:59:17.226+0000] {processor.py:840} INFO - DAG(s) 'example_sla_dag' retrieved from /home/airflow/.local/lib/python3.12/site-packages/airflow/example_dags/example_sla_dag.py
[2024-12-21T18:59:17.248+0000] {logging_mixin.py:188} INFO - [2024-12-21T18:59:17.248+0000] {dag.py:3096} INFO - Sync 1 DAGs
[2024-12-21T18:59:17.278+0000] {logging_mixin.py:188} INFO - [2024-12-21T18:59:17.278+0000] {dag.py:3954} INFO - Setting next_dagrun for example_sla_dag to 2024-12-21 18:56:00+00:00, run_after=2024-12-21 18:58:00+00:00
[2024-12-21T18:59:17.305+0000] {processor.py:183} INFO - Processing /home/airflow/.local/lib/python3.12/site-packages/airflow/example_dags/example_sla_dag.py took 0.099 seconds
[2024-12-21T18:59:48.073+0000] {processor.py:161} INFO - Started process (PID=339) to work on /home/airflow/.local/lib/python3.12/site-packages/airflow/example_dags/example_sla_dag.py
[2024-12-21T18:59:48.075+0000] {processor.py:830} INFO - Processing file /home/airflow/.local/lib/python3.12/site-packages/airflow/example_dags/example_sla_dag.py for tasks to queue
[2024-12-21T18:59:48.078+0000] {logging_mixin.py:188} INFO - [2024-12-21T18:59:48.077+0000] {dagbag.py:545} INFO - Filling up the DagBag from /home/airflow/.local/lib/python3.12/site-packages/airflow/example_dags/example_sla_dag.py
[2024-12-21T18:59:48.087+0000] {processor.py:840} INFO - DAG(s) 'example_sla_dag' retrieved from /home/airflow/.local/lib/python3.12/site-packages/airflow/example_dags/example_sla_dag.py
[2024-12-21T18:59:48.110+0000] {logging_mixin.py:188} INFO - [2024-12-21T18:59:48.110+0000] {dag.py:3096} INFO - Sync 1 DAGs
[2024-12-21T18:59:48.152+0000] {logging_mixin.py:188} INFO - [2024-12-21T18:59:48.152+0000] {dag.py:3954} INFO - Setting next_dagrun for example_sla_dag to 2024-12-21 18:56:00+00:00, run_after=2024-12-21 18:58:00+00:00
[2024-12-21T18:59:48.180+0000] {processor.py:183} INFO - Processing /home/airflow/.local/lib/python3.12/site-packages/airflow/example_dags/example_sla_dag.py took 0.114 seconds
[2024-12-21T19:00:18.612+0000] {processor.py:161} INFO - Started process (PID=397) to work on /home/airflow/.local/lib/python3.12/site-packages/airflow/example_dags/example_sla_dag.py
[2024-12-21T19:00:18.613+0000] {processor.py:830} INFO - Processing file /home/airflow/.local/lib/python3.12/site-packages/airflow/example_dags/example_sla_dag.py for tasks to queue
[2024-12-21T19:00:18.616+0000] {logging_mixin.py:188} INFO - [2024-12-21T19:00:18.615+0000] {dagbag.py:545} INFO - Filling up the DagBag from /home/airflow/.local/lib/python3.12/site-packages/airflow/example_dags/example_sla_dag.py
[2024-12-21T19:00:18.627+0000] {processor.py:840} INFO - DAG(s) 'example_sla_dag' retrieved from /home/airflow/.local/lib/python3.12/site-packages/airflow/example_dags/example_sla_dag.py
[2024-12-21T19:00:18.653+0000] {logging_mixin.py:188} INFO - [2024-12-21T19:00:18.652+0000] {dag.py:3096} INFO - Sync 1 DAGs
[2024-12-21T19:00:18.683+0000] {logging_mixin.py:188} INFO - [2024-12-21T19:00:18.682+0000] {dag.py:3954} INFO - Setting next_dagrun for example_sla_dag to 2024-12-21 18:58:00+00:00, run_after=2024-12-21 19:00:00+00:00
[2024-12-21T19:00:18.710+0000] {processor.py:183} INFO - Processing /home/airflow/.local/lib/python3.12/site-packages/airflow/example_dags/example_sla_dag.py took 0.104 seconds
[2024-12-21T19:00:49.183+0000] {processor.py:161} INFO - Started process (PID=455) to work on /home/airflow/.local/lib/python3.12/site-packages/airflow/example_dags/example_sla_dag.py
[2024-12-21T19:00:49.185+0000] {processor.py:830} INFO - Processing file /home/airflow/.local/lib/python3.12/site-packages/airflow/example_dags/example_sla_dag.py for tasks to queue
[2024-12-21T19:00:49.187+0000] {logging_mixin.py:188} INFO - [2024-12-21T19:00:49.187+0000] {dagbag.py:545} INFO - Filling up the DagBag from /home/airflow/.local/lib/python3.12/site-packages/airflow/example_dags/example_sla_dag.py
[2024-12-21T19:00:49.199+0000] {processor.py:840} INFO - DAG(s) 'example_sla_dag' retrieved from /home/airflow/.local/lib/python3.12/site-packages/airflow/example_dags/example_sla_dag.py
[2024-12-21T19:00:49.226+0000] {logging_mixin.py:188} INFO - [2024-12-21T19:00:49.226+0000] {dag.py:3096} INFO - Sync 1 DAGs
[2024-12-21T19:00:49.252+0000] {logging_mixin.py:188} INFO - [2024-12-21T19:00:49.252+0000] {dag.py:3954} INFO - Setting next_dagrun for example_sla_dag to 2024-12-21 18:58:00+00:00, run_after=2024-12-21 19:00:00+00:00
[2024-12-21T19:00:49.276+0000] {processor.py:183} INFO - Processing /home/airflow/.local/lib/python3.12/site-packages/airflow/example_dags/example_sla_dag.py took 0.100 seconds
[2024-12-21T19:01:19.369+0000] {processor.py:161} INFO - Started process (PID=513) to work on /home/airflow/.local/lib/python3.12/site-packages/airflow/example_dags/example_sla_dag.py
[2024-12-21T19:01:19.371+0000] {processor.py:830} INFO - Processing file /home/airflow/.local/lib/python3.12/site-packages/airflow/example_dags/example_sla_dag.py for tasks to queue
[2024-12-21T19:01:19.373+0000] {logging_mixin.py:188} INFO - [2024-12-21T19:01:19.373+0000] {dagbag.py:545} INFO - Filling up the DagBag from /home/airflow/.local/lib/python3.12/site-packages/airflow/example_dags/example_sla_dag.py
[2024-12-21T19:01:19.382+0000] {processor.py:840} INFO - DAG(s) 'example_sla_dag' retrieved from /home/airflow/.local/lib/python3.12/site-packages/airflow/example_dags/example_sla_dag.py
[2024-12-21T19:01:19.405+0000] {logging_mixin.py:188} INFO - [2024-12-21T19:01:19.405+0000] {dag.py:3096} INFO - Sync 1 DAGs
[2024-12-21T19:01:19.433+0000] {logging_mixin.py:188} INFO - [2024-12-21T19:01:19.432+0000] {dag.py:3954} INFO - Setting next_dagrun for example_sla_dag to 2024-12-21 18:58:00+00:00, run_after=2024-12-21 19:00:00+00:00
[2024-12-21T19:01:19.462+0000] {processor.py:183} INFO - Processing /home/airflow/.local/lib/python3.12/site-packages/airflow/example_dags/example_sla_dag.py took 0.099 seconds
[2024-12-21T19:01:49.666+0000] {processor.py:161} INFO - Started process (PID=571) to work on /home/airflow/.local/lib/python3.12/site-packages/airflow/example_dags/example_sla_dag.py
[2024-12-21T19:01:49.667+0000] {processor.py:830} INFO - Processing file /home/airflow/.local/lib/python3.12/site-packages/airflow/example_dags/example_sla_dag.py for tasks to queue
[2024-12-21T19:01:49.670+0000] {logging_mixin.py:188} INFO - [2024-12-21T19:01:49.669+0000] {dagbag.py:545} INFO - Filling up the DagBag from /home/airflow/.local/lib/python3.12/site-packages/airflow/example_dags/example_sla_dag.py
[2024-12-21T19:01:49.677+0000] {processor.py:840} INFO - DAG(s) 'example_sla_dag' retrieved from /home/airflow/.local/lib/python3.12/site-packages/airflow/example_dags/example_sla_dag.py
[2024-12-21T19:01:49.699+0000] {logging_mixin.py:188} INFO - [2024-12-21T19:01:49.699+0000] {dag.py:3096} INFO - Sync 1 DAGs
[2024-12-21T19:01:49.725+0000] {logging_mixin.py:188} INFO - [2024-12-21T19:01:49.725+0000] {dag.py:3954} INFO - Setting next_dagrun for example_sla_dag to 2024-12-21 18:58:00+00:00, run_after=2024-12-21 19:00:00+00:00
[2024-12-21T19:01:49.751+0000] {processor.py:183} INFO - Processing /home/airflow/.local/lib/python3.12/site-packages/airflow/example_dags/example_sla_dag.py took 0.091 seconds
[2024-12-21T19:02:19.995+0000] {processor.py:161} INFO - Started process (PID=629) to work on /home/airflow/.local/lib/python3.12/site-packages/airflow/example_dags/example_sla_dag.py
[2024-12-21T19:02:19.997+0000] {processor.py:830} INFO - Processing file /home/airflow/.local/lib/python3.12/site-packages/airflow/example_dags/example_sla_dag.py for tasks to queue
[2024-12-21T19:02:20.000+0000] {logging_mixin.py:188} INFO - [2024-12-21T19:02:19.999+0000] {dagbag.py:545} INFO - Filling up the DagBag from /home/airflow/.local/lib/python3.12/site-packages/airflow/example_dags/example_sla_dag.py
[2024-12-21T19:02:20.012+0000] {processor.py:840} INFO - DAG(s) 'example_sla_dag' retrieved from /home/airflow/.local/lib/python3.12/site-packages/airflow/example_dags/example_sla_dag.py
[2024-12-21T19:02:20.040+0000] {logging_mixin.py:188} INFO - [2024-12-21T19:02:20.040+0000] {dag.py:3096} INFO - Sync 1 DAGs
[2024-12-21T19:02:20.086+0000] {logging_mixin.py:188} INFO - [2024-12-21T19:02:20.085+0000] {dag.py:3954} INFO - Setting next_dagrun for example_sla_dag to 2024-12-21 19:00:00+00:00, run_after=2024-12-21 19:02:00+00:00
[2024-12-21T19:02:20.125+0000] {processor.py:183} INFO - Processing /home/airflow/.local/lib/python3.12/site-packages/airflow/example_dags/example_sla_dag.py took 0.138 seconds
[2024-12-21T19:02:51.000+0000] {processor.py:161} INFO - Started process (PID=687) to work on /home/airflow/.local/lib/python3.12/site-packages/airflow/example_dags/example_sla_dag.py
[2024-12-21T19:02:51.001+0000] {processor.py:830} INFO - Processing file /home/airflow/.local/lib/python3.12/site-packages/airflow/example_dags/example_sla_dag.py for tasks to queue
[2024-12-21T19:02:51.004+0000] {logging_mixin.py:188} INFO - [2024-12-21T19:02:51.003+0000] {dagbag.py:545} INFO - Filling up the DagBag from /home/airflow/.local/lib/python3.12/site-packages/airflow/example_dags/example_sla_dag.py
[2024-12-21T19:02:51.014+0000] {processor.py:840} INFO - DAG(s) 'example_sla_dag' retrieved from /home/airflow/.local/lib/python3.12/site-packages/airflow/example_dags/example_sla_dag.py
[2024-12-21T19:02:51.040+0000] {logging_mixin.py:188} INFO - [2024-12-21T19:02:51.040+0000] {dag.py:3096} INFO - Sync 1 DAGs
[2024-12-21T19:02:51.077+0000] {logging_mixin.py:188} INFO - [2024-12-21T19:02:51.076+0000] {dag.py:3954} INFO - Setting next_dagrun for example_sla_dag to 2024-12-21 19:00:00+00:00, run_after=2024-12-21 19:02:00+00:00
[2024-12-21T19:02:51.103+0000] {processor.py:183} INFO - Processing /home/airflow/.local/lib/python3.12/site-packages/airflow/example_dags/example_sla_dag.py took 0.109 seconds
[2024-12-21T19:03:21.849+0000] {processor.py:161} INFO - Started process (PID=745) to work on /home/airflow/.local/lib/python3.12/site-packages/airflow/example_dags/example_sla_dag.py
[2024-12-21T19:03:21.850+0000] {processor.py:830} INFO - Processing file /home/airflow/.local/lib/python3.12/site-packages/airflow/example_dags/example_sla_dag.py for tasks to queue
[2024-12-21T19:03:21.852+0000] {logging_mixin.py:188} INFO - [2024-12-21T19:03:21.851+0000] {dagbag.py:545} INFO - Filling up the DagBag from /home/airflow/.local/lib/python3.12/site-packages/airflow/example_dags/example_sla_dag.py
[2024-12-21T19:03:21.860+0000] {processor.py:840} INFO - DAG(s) 'example_sla_dag' retrieved from /home/airflow/.local/lib/python3.12/site-packages/airflow/example_dags/example_sla_dag.py
[2024-12-21T19:03:21.886+0000] {logging_mixin.py:188} INFO - [2024-12-21T19:03:21.886+0000] {dag.py:3096} INFO - Sync 1 DAGs
[2024-12-21T19:03:21.914+0000] {logging_mixin.py:188} INFO - [2024-12-21T19:03:21.914+0000] {dag.py:3954} INFO - Setting next_dagrun for example_sla_dag to 2024-12-21 19:00:00+00:00, run_after=2024-12-21 19:02:00+00:00
[2024-12-21T19:03:21.941+0000] {processor.py:183} INFO - Processing /home/airflow/.local/lib/python3.12/site-packages/airflow/example_dags/example_sla_dag.py took 0.099 seconds
[2024-12-21T19:03:52.092+0000] {processor.py:161} INFO - Started process (PID=803) to work on /home/airflow/.local/lib/python3.12/site-packages/airflow/example_dags/example_sla_dag.py
[2024-12-21T19:03:52.093+0000] {processor.py:830} INFO - Processing file /home/airflow/.local/lib/python3.12/site-packages/airflow/example_dags/example_sla_dag.py for tasks to queue
[2024-12-21T19:03:52.096+0000] {logging_mixin.py:188} INFO - [2024-12-21T19:03:52.095+0000] {dagbag.py:545} INFO - Filling up the DagBag from /home/airflow/.local/lib/python3.12/site-packages/airflow/example_dags/example_sla_dag.py
[2024-12-21T19:03:52.107+0000] {processor.py:840} INFO - DAG(s) 'example_sla_dag' retrieved from /home/airflow/.local/lib/python3.12/site-packages/airflow/example_dags/example_sla_dag.py
[2024-12-21T19:03:52.135+0000] {logging_mixin.py:188} INFO - [2024-12-21T19:03:52.135+0000] {dag.py:3096} INFO - Sync 1 DAGs
[2024-12-21T19:03:52.163+0000] {logging_mixin.py:188} INFO - [2024-12-21T19:03:52.162+0000] {dag.py:3954} INFO - Setting next_dagrun for example_sla_dag to 2024-12-21 19:00:00+00:00, run_after=2024-12-21 19:02:00+00:00
[2024-12-21T19:03:52.191+0000] {processor.py:183} INFO - Processing /home/airflow/.local/lib/python3.12/site-packages/airflow/example_dags/example_sla_dag.py took 0.105 seconds
[2024-12-21T19:04:22.373+0000] {processor.py:161} INFO - Started process (PID=861) to work on /home/airflow/.local/lib/python3.12/site-packages/airflow/example_dags/example_sla_dag.py
[2024-12-21T19:04:22.374+0000] {processor.py:830} INFO - Processing file /home/airflow/.local/lib/python3.12/site-packages/airflow/example_dags/example_sla_dag.py for tasks to queue
[2024-12-21T19:04:22.377+0000] {logging_mixin.py:188} INFO - [2024-12-21T19:04:22.376+0000] {dagbag.py:545} INFO - Filling up the DagBag from /home/airflow/.local/lib/python3.12/site-packages/airflow/example_dags/example_sla_dag.py
[2024-12-21T19:04:22.386+0000] {processor.py:840} INFO - DAG(s) 'example_sla_dag' retrieved from /home/airflow/.local/lib/python3.12/site-packages/airflow/example_dags/example_sla_dag.py
[2024-12-21T19:04:22.409+0000] {logging_mixin.py:188} INFO - [2024-12-21T19:04:22.409+0000] {dag.py:3096} INFO - Sync 1 DAGs
[2024-12-21T19:04:22.436+0000] {logging_mixin.py:188} INFO - [2024-12-21T19:04:22.436+0000] {dag.py:3954} INFO - Setting next_dagrun for example_sla_dag to 2024-12-21 19:02:00+00:00, run_after=2024-12-21 19:04:00+00:00
[2024-12-21T19:04:22.461+0000] {processor.py:183} INFO - Processing /home/airflow/.local/lib/python3.12/site-packages/airflow/example_dags/example_sla_dag.py took 0.094 seconds
[2024-12-21T19:04:53.870+0000] {processor.py:161} INFO - Started process (PID=919) to work on /home/airflow/.local/lib/python3.12/site-packages/airflow/example_dags/example_sla_dag.py
[2024-12-21T19:04:53.872+0000] {processor.py:830} INFO - Processing file /home/airflow/.local/lib/python3.12/site-packages/airflow/example_dags/example_sla_dag.py for tasks to queue
[2024-12-21T19:04:53.875+0000] {logging_mixin.py:188} INFO - [2024-12-21T19:04:53.874+0000] {dagbag.py:545} INFO - Filling up the DagBag from /home/airflow/.local/lib/python3.12/site-packages/airflow/example_dags/example_sla_dag.py
[2024-12-21T19:04:53.883+0000] {processor.py:840} INFO - DAG(s) 'example_sla_dag' retrieved from /home/airflow/.local/lib/python3.12/site-packages/airflow/example_dags/example_sla_dag.py
[2024-12-21T19:04:53.910+0000] {logging_mixin.py:188} INFO - [2024-12-21T19:04:53.910+0000] {dag.py:3096} INFO - Sync 1 DAGs
[2024-12-21T19:04:53.942+0000] {logging_mixin.py:188} INFO - [2024-12-21T19:04:53.942+0000] {dag.py:3954} INFO - Setting next_dagrun for example_sla_dag to 2024-12-21 19:02:00+00:00, run_after=2024-12-21 19:04:00+00:00
[2024-12-21T19:04:53.979+0000] {processor.py:183} INFO - Processing /home/airflow/.local/lib/python3.12/site-packages/airflow/example_dags/example_sla_dag.py took 0.114 seconds
[2024-12-21T19:05:24.562+0000] {processor.py:161} INFO - Started process (PID=977) to work on /home/airflow/.local/lib/python3.12/site-packages/airflow/example_dags/example_sla_dag.py
[2024-12-21T19:05:24.563+0000] {processor.py:830} INFO - Processing file /home/airflow/.local/lib/python3.12/site-packages/airflow/example_dags/example_sla_dag.py for tasks to queue
[2024-12-21T19:05:24.566+0000] {logging_mixin.py:188} INFO - [2024-12-21T19:05:24.565+0000] {dagbag.py:545} INFO - Filling up the DagBag from /home/airflow/.local/lib/python3.12/site-packages/airflow/example_dags/example_sla_dag.py
[2024-12-21T19:05:24.575+0000] {processor.py:840} INFO - DAG(s) 'example_sla_dag' retrieved from /home/airflow/.local/lib/python3.12/site-packages/airflow/example_dags/example_sla_dag.py
[2024-12-21T19:05:24.602+0000] {logging_mixin.py:188} INFO - [2024-12-21T19:05:24.601+0000] {dag.py:3096} INFO - Sync 1 DAGs
[2024-12-21T19:05:24.637+0000] {logging_mixin.py:188} INFO - [2024-12-21T19:05:24.637+0000] {dag.py:3954} INFO - Setting next_dagrun for example_sla_dag to 2024-12-21 19:02:00+00:00, run_after=2024-12-21 19:04:00+00:00
[2024-12-21T19:05:24.666+0000] {processor.py:183} INFO - Processing /home/airflow/.local/lib/python3.12/site-packages/airflow/example_dags/example_sla_dag.py took 0.109 seconds
[2024-12-21T19:05:55.284+0000] {processor.py:161} INFO - Started process (PID=1035) to work on /home/airflow/.local/lib/python3.12/site-packages/airflow/example_dags/example_sla_dag.py
[2024-12-21T19:05:55.285+0000] {processor.py:830} INFO - Processing file /home/airflow/.local/lib/python3.12/site-packages/airflow/example_dags/example_sla_dag.py for tasks to queue
[2024-12-21T19:05:55.288+0000] {logging_mixin.py:188} INFO - [2024-12-21T19:05:55.287+0000] {dagbag.py:545} INFO - Filling up the DagBag from /home/airflow/.local/lib/python3.12/site-packages/airflow/example_dags/example_sla_dag.py
[2024-12-21T19:05:55.296+0000] {processor.py:840} INFO - DAG(s) 'example_sla_dag' retrieved from /home/airflow/.local/lib/python3.12/site-packages/airflow/example_dags/example_sla_dag.py
[2024-12-21T19:05:55.320+0000] {logging_mixin.py:188} INFO - [2024-12-21T19:05:55.320+0000] {dag.py:3096} INFO - Sync 1 DAGs
[2024-12-21T19:05:55.347+0000] {logging_mixin.py:188} INFO - [2024-12-21T19:05:55.346+0000] {dag.py:3954} INFO - Setting next_dagrun for example_sla_dag to 2024-12-21 19:02:00+00:00, run_after=2024-12-21 19:04:00+00:00
[2024-12-21T19:05:55.372+0000] {processor.py:183} INFO - Processing /home/airflow/.local/lib/python3.12/site-packages/airflow/example_dags/example_sla_dag.py took 0.094 seconds
[2024-12-21T19:06:25.651+0000] {processor.py:161} INFO - Started process (PID=1093) to work on /home/airflow/.local/lib/python3.12/site-packages/airflow/example_dags/example_sla_dag.py
[2024-12-21T19:06:25.653+0000] {processor.py:830} INFO - Processing file /home/airflow/.local/lib/python3.12/site-packages/airflow/example_dags/example_sla_dag.py for tasks to queue
[2024-12-21T19:06:25.655+0000] {logging_mixin.py:188} INFO - [2024-12-21T19:06:25.654+0000] {dagbag.py:545} INFO - Filling up the DagBag from /home/airflow/.local/lib/python3.12/site-packages/airflow/example_dags/example_sla_dag.py
[2024-12-21T19:06:25.664+0000] {processor.py:840} INFO - DAG(s) 'example_sla_dag' retrieved from /home/airflow/.local/lib/python3.12/site-packages/airflow/example_dags/example_sla_dag.py
[2024-12-21T19:06:25.687+0000] {logging_mixin.py:188} INFO - [2024-12-21T19:06:25.687+0000] {dag.py:3096} INFO - Sync 1 DAGs
[2024-12-21T19:06:25.719+0000] {logging_mixin.py:188} INFO - [2024-12-21T19:06:25.718+0000] {dag.py:3954} INFO - Setting next_dagrun for example_sla_dag to 2024-12-21 19:04:00+00:00, run_after=2024-12-21 19:06:00+00:00
[2024-12-21T19:06:25.745+0000] {processor.py:183} INFO - Processing /home/airflow/.local/lib/python3.12/site-packages/airflow/example_dags/example_sla_dag.py took 0.101 seconds
[2024-12-21T19:06:56.478+0000] {processor.py:161} INFO - Started process (PID=1151) to work on /home/airflow/.local/lib/python3.12/site-packages/airflow/example_dags/example_sla_dag.py
[2024-12-21T19:06:56.479+0000] {processor.py:830} INFO - Processing file /home/airflow/.local/lib/python3.12/site-packages/airflow/example_dags/example_sla_dag.py for tasks to queue
[2024-12-21T19:06:56.482+0000] {logging_mixin.py:188} INFO - [2024-12-21T19:06:56.481+0000] {dagbag.py:545} INFO - Filling up the DagBag from /home/airflow/.local/lib/python3.12/site-packages/airflow/example_dags/example_sla_dag.py
[2024-12-21T19:06:56.490+0000] {processor.py:840} INFO - DAG(s) 'example_sla_dag' retrieved from /home/airflow/.local/lib/python3.12/site-packages/airflow/example_dags/example_sla_dag.py
[2024-12-21T19:06:56.513+0000] {logging_mixin.py:188} INFO - [2024-12-21T19:06:56.512+0000] {dag.py:3096} INFO - Sync 1 DAGs
[2024-12-21T19:06:56.539+0000] {logging_mixin.py:188} INFO - [2024-12-21T19:06:56.539+0000] {dag.py:3954} INFO - Setting next_dagrun for example_sla_dag to 2024-12-21 19:04:00+00:00, run_after=2024-12-21 19:06:00+00:00
[2024-12-21T19:06:56.565+0000] {processor.py:183} INFO - Processing /home/airflow/.local/lib/python3.12/site-packages/airflow/example_dags/example_sla_dag.py took 0.092 seconds
[2024-12-21T19:07:26.744+0000] {processor.py:161} INFO - Started process (PID=1209) to work on /home/airflow/.local/lib/python3.12/site-packages/airflow/example_dags/example_sla_dag.py
[2024-12-21T19:07:26.745+0000] {processor.py:830} INFO - Processing file /home/airflow/.local/lib/python3.12/site-packages/airflow/example_dags/example_sla_dag.py for tasks to queue
[2024-12-21T19:07:26.748+0000] {logging_mixin.py:188} INFO - [2024-12-21T19:07:26.748+0000] {dagbag.py:545} INFO - Filling up the DagBag from /home/airflow/.local/lib/python3.12/site-packages/airflow/example_dags/example_sla_dag.py
[2024-12-21T19:07:26.760+0000] {processor.py:840} INFO - DAG(s) 'example_sla_dag' retrieved from /home/airflow/.local/lib/python3.12/site-packages/airflow/example_dags/example_sla_dag.py
[2024-12-21T19:07:26.792+0000] {logging_mixin.py:188} INFO - [2024-12-21T19:07:26.791+0000] {dag.py:3096} INFO - Sync 1 DAGs
[2024-12-21T19:07:26.835+0000] {logging_mixin.py:188} INFO - [2024-12-21T19:07:26.835+0000] {dag.py:3954} INFO - Setting next_dagrun for example_sla_dag to 2024-12-21 19:04:00+00:00, run_after=2024-12-21 19:06:00+00:00
[2024-12-21T19:07:26.874+0000] {processor.py:183} INFO - Processing /home/airflow/.local/lib/python3.12/site-packages/airflow/example_dags/example_sla_dag.py took 0.136 seconds
[2024-12-21T19:07:57.848+0000] {processor.py:161} INFO - Started process (PID=1267) to work on /home/airflow/.local/lib/python3.12/site-packages/airflow/example_dags/example_sla_dag.py
[2024-12-21T19:07:57.850+0000] {processor.py:830} INFO - Processing file /home/airflow/.local/lib/python3.12/site-packages/airflow/example_dags/example_sla_dag.py for tasks to queue
[2024-12-21T19:07:57.852+0000] {logging_mixin.py:188} INFO - [2024-12-21T19:07:57.851+0000] {dagbag.py:545} INFO - Filling up the DagBag from /home/airflow/.local/lib/python3.12/site-packages/airflow/example_dags/example_sla_dag.py
[2024-12-21T19:07:57.861+0000] {processor.py:840} INFO - DAG(s) 'example_sla_dag' retrieved from /home/airflow/.local/lib/python3.12/site-packages/airflow/example_dags/example_sla_dag.py
[2024-12-21T19:07:57.884+0000] {logging_mixin.py:188} INFO - [2024-12-21T19:07:57.883+0000] {dag.py:3096} INFO - Sync 1 DAGs
[2024-12-21T19:07:57.911+0000] {logging_mixin.py:188} INFO - [2024-12-21T19:07:57.911+0000] {dag.py:3954} INFO - Setting next_dagrun for example_sla_dag to 2024-12-21 19:04:00+00:00, run_after=2024-12-21 19:06:00+00:00
[2024-12-21T19:07:57.935+0000] {processor.py:183} INFO - Processing /home/airflow/.local/lib/python3.12/site-packages/airflow/example_dags/example_sla_dag.py took 0.092 seconds
[2024-12-21T19:08:28.620+0000] {processor.py:161} INFO - Started process (PID=1325) to work on /home/airflow/.local/lib/python3.12/site-packages/airflow/example_dags/example_sla_dag.py
[2024-12-21T19:08:28.622+0000] {processor.py:830} INFO - Processing file /home/airflow/.local/lib/python3.12/site-packages/airflow/example_dags/example_sla_dag.py for tasks to queue
[2024-12-21T19:08:28.625+0000] {logging_mixin.py:188} INFO - [2024-12-21T19:08:28.624+0000] {dagbag.py:545} INFO - Filling up the DagBag from /home/airflow/.local/lib/python3.12/site-packages/airflow/example_dags/example_sla_dag.py
[2024-12-21T19:08:28.634+0000] {processor.py:840} INFO - DAG(s) 'example_sla_dag' retrieved from /home/airflow/.local/lib/python3.12/site-packages/airflow/example_dags/example_sla_dag.py
[2024-12-21T19:08:28.660+0000] {logging_mixin.py:188} INFO - [2024-12-21T19:08:28.660+0000] {dag.py:3096} INFO - Sync 1 DAGs
[2024-12-21T19:08:28.692+0000] {logging_mixin.py:188} INFO - [2024-12-21T19:08:28.692+0000] {dag.py:3954} INFO - Setting next_dagrun for example_sla_dag to 2024-12-21 19:06:00+00:00, run_after=2024-12-21 19:08:00+00:00
[2024-12-21T19:08:28.716+0000] {processor.py:183} INFO - Processing /home/airflow/.local/lib/python3.12/site-packages/airflow/example_dags/example_sla_dag.py took 0.102 seconds
[2024-12-21T19:08:58.873+0000] {processor.py:161} INFO - Started process (PID=1383) to work on /home/airflow/.local/lib/python3.12/site-packages/airflow/example_dags/example_sla_dag.py
[2024-12-21T19:08:58.874+0000] {processor.py:830} INFO - Processing file /home/airflow/.local/lib/python3.12/site-packages/airflow/example_dags/example_sla_dag.py for tasks to queue
[2024-12-21T19:08:58.877+0000] {logging_mixin.py:188} INFO - [2024-12-21T19:08:58.877+0000] {dagbag.py:545} INFO - Filling up the DagBag from /home/airflow/.local/lib/python3.12/site-packages/airflow/example_dags/example_sla_dag.py
[2024-12-21T19:08:58.887+0000] {processor.py:840} INFO - DAG(s) 'example_sla_dag' retrieved from /home/airflow/.local/lib/python3.12/site-packages/airflow/example_dags/example_sla_dag.py
[2024-12-21T19:08:58.909+0000] {logging_mixin.py:188} INFO - [2024-12-21T19:08:58.908+0000] {dag.py:3096} INFO - Sync 1 DAGs
[2024-12-21T19:08:58.937+0000] {logging_mixin.py:188} INFO - [2024-12-21T19:08:58.937+0000] {dag.py:3954} INFO - Setting next_dagrun for example_sla_dag to 2024-12-21 19:06:00+00:00, run_after=2024-12-21 19:08:00+00:00
[2024-12-21T19:08:58.966+0000] {processor.py:183} INFO - Processing /home/airflow/.local/lib/python3.12/site-packages/airflow/example_dags/example_sla_dag.py took 0.098 seconds
[2024-12-21T19:09:29.217+0000] {processor.py:161} INFO - Started process (PID=1441) to work on /home/airflow/.local/lib/python3.12/site-packages/airflow/example_dags/example_sla_dag.py
[2024-12-21T19:09:29.218+0000] {processor.py:830} INFO - Processing file /home/airflow/.local/lib/python3.12/site-packages/airflow/example_dags/example_sla_dag.py for tasks to queue
[2024-12-21T19:09:29.221+0000] {logging_mixin.py:188} INFO - [2024-12-21T19:09:29.220+0000] {dagbag.py:545} INFO - Filling up the DagBag from /home/airflow/.local/lib/python3.12/site-packages/airflow/example_dags/example_sla_dag.py
[2024-12-21T19:09:29.229+0000] {processor.py:840} INFO - DAG(s) 'example_sla_dag' retrieved from /home/airflow/.local/lib/python3.12/site-packages/airflow/example_dags/example_sla_dag.py
[2024-12-21T19:09:29.253+0000] {logging_mixin.py:188} INFO - [2024-12-21T19:09:29.253+0000] {dag.py:3096} INFO - Sync 1 DAGs
[2024-12-21T19:09:29.286+0000] {logging_mixin.py:188} INFO - [2024-12-21T19:09:29.286+0000] {dag.py:3954} INFO - Setting next_dagrun for example_sla_dag to 2024-12-21 19:06:00+00:00, run_after=2024-12-21 19:08:00+00:00
[2024-12-21T19:09:29.312+0000] {processor.py:183} INFO - Processing /home/airflow/.local/lib/python3.12/site-packages/airflow/example_dags/example_sla_dag.py took 0.101 seconds
[2024-12-21T19:09:59.716+0000] {processor.py:161} INFO - Started process (PID=1499) to work on /home/airflow/.local/lib/python3.12/site-packages/airflow/example_dags/example_sla_dag.py
[2024-12-21T19:09:59.717+0000] {processor.py:830} INFO - Processing file /home/airflow/.local/lib/python3.12/site-packages/airflow/example_dags/example_sla_dag.py for tasks to queue
[2024-12-21T19:09:59.720+0000] {logging_mixin.py:188} INFO - [2024-12-21T19:09:59.719+0000] {dagbag.py:545} INFO - Filling up the DagBag from /home/airflow/.local/lib/python3.12/site-packages/airflow/example_dags/example_sla_dag.py
[2024-12-21T19:09:59.731+0000] {processor.py:840} INFO - DAG(s) 'example_sla_dag' retrieved from /home/airflow/.local/lib/python3.12/site-packages/airflow/example_dags/example_sla_dag.py
[2024-12-21T19:09:59.756+0000] {logging_mixin.py:188} INFO - [2024-12-21T19:09:59.756+0000] {dag.py:3096} INFO - Sync 1 DAGs
[2024-12-21T19:09:59.783+0000] {logging_mixin.py:188} INFO - [2024-12-21T19:09:59.783+0000] {dag.py:3954} INFO - Setting next_dagrun for example_sla_dag to 2024-12-21 19:06:00+00:00, run_after=2024-12-21 19:08:00+00:00
[2024-12-21T19:09:59.806+0000] {processor.py:183} INFO - Processing /home/airflow/.local/lib/python3.12/site-packages/airflow/example_dags/example_sla_dag.py took 0.096 seconds
[2024-12-21T19:10:30.667+0000] {processor.py:161} INFO - Started process (PID=1557) to work on /home/airflow/.local/lib/python3.12/site-packages/airflow/example_dags/example_sla_dag.py
[2024-12-21T19:10:30.669+0000] {processor.py:830} INFO - Processing file /home/airflow/.local/lib/python3.12/site-packages/airflow/example_dags/example_sla_dag.py for tasks to queue
[2024-12-21T19:10:30.672+0000] {logging_mixin.py:188} INFO - [2024-12-21T19:10:30.671+0000] {dagbag.py:545} INFO - Filling up the DagBag from /home/airflow/.local/lib/python3.12/site-packages/airflow/example_dags/example_sla_dag.py
[2024-12-21T19:10:30.686+0000] {processor.py:840} INFO - DAG(s) 'example_sla_dag' retrieved from /home/airflow/.local/lib/python3.12/site-packages/airflow/example_dags/example_sla_dag.py
[2024-12-21T19:10:30.719+0000] {logging_mixin.py:188} INFO - [2024-12-21T19:10:30.718+0000] {dag.py:3096} INFO - Sync 1 DAGs
[2024-12-21T19:10:30.767+0000] {logging_mixin.py:188} INFO - [2024-12-21T19:10:30.766+0000] {dag.py:3954} INFO - Setting next_dagrun for example_sla_dag to 2024-12-21 19:08:00+00:00, run_after=2024-12-21 19:10:00+00:00
[2024-12-21T19:10:30.807+0000] {processor.py:183} INFO - Processing /home/airflow/.local/lib/python3.12/site-packages/airflow/example_dags/example_sla_dag.py took 0.147 seconds
[2024-12-21T19:11:01.141+0000] {processor.py:161} INFO - Started process (PID=1615) to work on /home/airflow/.local/lib/python3.12/site-packages/airflow/example_dags/example_sla_dag.py
[2024-12-21T19:11:01.142+0000] {processor.py:830} INFO - Processing file /home/airflow/.local/lib/python3.12/site-packages/airflow/example_dags/example_sla_dag.py for tasks to queue
[2024-12-21T19:11:01.146+0000] {logging_mixin.py:188} INFO - [2024-12-21T19:11:01.145+0000] {dagbag.py:545} INFO - Filling up the DagBag from /home/airflow/.local/lib/python3.12/site-packages/airflow/example_dags/example_sla_dag.py
[2024-12-21T19:11:01.158+0000] {processor.py:840} INFO - DAG(s) 'example_sla_dag' retrieved from /home/airflow/.local/lib/python3.12/site-packages/airflow/example_dags/example_sla_dag.py
[2024-12-21T19:11:01.205+0000] {logging_mixin.py:188} INFO - [2024-12-21T19:11:01.204+0000] {dag.py:3096} INFO - Sync 1 DAGs
[2024-12-21T19:11:01.252+0000] {logging_mixin.py:188} INFO - [2024-12-21T19:11:01.251+0000] {dag.py:3954} INFO - Setting next_dagrun for example_sla_dag to 2024-12-21 19:08:00+00:00, run_after=2024-12-21 19:10:00+00:00
[2024-12-21T19:11:01.286+0000] {processor.py:183} INFO - Processing /home/airflow/.local/lib/python3.12/site-packages/airflow/example_dags/example_sla_dag.py took 0.152 seconds
[2024-12-21T19:11:31.739+0000] {processor.py:161} INFO - Started process (PID=1673) to work on /home/airflow/.local/lib/python3.12/site-packages/airflow/example_dags/example_sla_dag.py
[2024-12-21T19:11:31.741+0000] {processor.py:830} INFO - Processing file /home/airflow/.local/lib/python3.12/site-packages/airflow/example_dags/example_sla_dag.py for tasks to queue
[2024-12-21T19:11:31.745+0000] {logging_mixin.py:188} INFO - [2024-12-21T19:11:31.744+0000] {dagbag.py:545} INFO - Filling up the DagBag from /home/airflow/.local/lib/python3.12/site-packages/airflow/example_dags/example_sla_dag.py
[2024-12-21T19:11:31.762+0000] {processor.py:840} INFO - DAG(s) 'example_sla_dag' retrieved from /home/airflow/.local/lib/python3.12/site-packages/airflow/example_dags/example_sla_dag.py
[2024-12-21T19:11:31.795+0000] {logging_mixin.py:188} INFO - [2024-12-21T19:11:31.795+0000] {dag.py:3096} INFO - Sync 1 DAGs
[2024-12-21T19:11:31.847+0000] {logging_mixin.py:188} INFO - [2024-12-21T19:11:31.847+0000] {dag.py:3954} INFO - Setting next_dagrun for example_sla_dag to 2024-12-21 19:08:00+00:00, run_after=2024-12-21 19:10:00+00:00
[2024-12-21T19:11:31.903+0000] {processor.py:183} INFO - Processing /home/airflow/.local/lib/python3.12/site-packages/airflow/example_dags/example_sla_dag.py took 0.173 seconds
[2024-12-21T19:12:01.979+0000] {processor.py:161} INFO - Started process (PID=1731) to work on /home/airflow/.local/lib/python3.12/site-packages/airflow/example_dags/example_sla_dag.py
[2024-12-21T19:12:01.981+0000] {processor.py:830} INFO - Processing file /home/airflow/.local/lib/python3.12/site-packages/airflow/example_dags/example_sla_dag.py for tasks to queue
[2024-12-21T19:12:01.984+0000] {logging_mixin.py:188} INFO - [2024-12-21T19:12:01.983+0000] {dagbag.py:545} INFO - Filling up the DagBag from /home/airflow/.local/lib/python3.12/site-packages/airflow/example_dags/example_sla_dag.py
[2024-12-21T19:12:01.994+0000] {processor.py:840} INFO - DAG(s) 'example_sla_dag' retrieved from /home/airflow/.local/lib/python3.12/site-packages/airflow/example_dags/example_sla_dag.py
[2024-12-21T19:12:02.024+0000] {logging_mixin.py:188} INFO - [2024-12-21T19:12:02.024+0000] {dag.py:3096} INFO - Sync 1 DAGs
[2024-12-21T19:12:02.059+0000] {logging_mixin.py:188} INFO - [2024-12-21T19:12:02.059+0000] {dag.py:3954} INFO - Setting next_dagrun for example_sla_dag to 2024-12-21 19:10:00+00:00, run_after=2024-12-21 19:12:00+00:00
[2024-12-21T19:12:02.085+0000] {processor.py:183} INFO - Processing /home/airflow/.local/lib/python3.12/site-packages/airflow/example_dags/example_sla_dag.py took 0.113 seconds
