[2024-12-21T08:01:28.867+0000] {processor.py:161} INFO - Started process (PID=107) to work on /home/airflow/.local/lib/python3.12/site-packages/airflow/example_dags/example_latest_only.py
[2024-12-21T08:01:28.870+0000] {processor.py:830} INFO - Processing file /home/airflow/.local/lib/python3.12/site-packages/airflow/example_dags/example_latest_only.py for tasks to queue
[2024-12-21T08:01:28.874+0000] {logging_mixin.py:188} INFO - [2024-12-21T08:01:28.874+0000] {dagbag.py:545} INFO - Filling up the DagBag from /home/airflow/.local/lib/python3.12/site-packages/airflow/example_dags/example_latest_only.py
[2024-12-21T08:01:28.892+0000] {processor.py:840} INFO - DAG(s) 'latest_only' retrieved from /home/airflow/.local/lib/python3.12/site-packages/airflow/example_dags/example_latest_only.py
[2024-12-21T08:01:28.954+0000] {logging_mixin.py:188} INFO - [2024-12-21T08:01:28.953+0000] {dag.py:3096} INFO - Sync 1 DAGs
[2024-12-21T08:01:29.031+0000] {logging_mixin.py:188} INFO - [2024-12-21T08:01:29.031+0000] {dag.py:3954} INFO - Setting next_dagrun for latest_only to 2024-12-21 04:00:00+00:00, run_after=2024-12-21 08:00:00+00:00
[2024-12-21T08:01:29.102+0000] {processor.py:183} INFO - Processing /home/airflow/.local/lib/python3.12/site-packages/airflow/example_dags/example_latest_only.py took 0.252 seconds
[2024-12-21T08:02:00.015+0000] {processor.py:161} INFO - Started process (PID=165) to work on /home/airflow/.local/lib/python3.12/site-packages/airflow/example_dags/example_latest_only.py
[2024-12-21T08:02:00.017+0000] {processor.py:830} INFO - Processing file /home/airflow/.local/lib/python3.12/site-packages/airflow/example_dags/example_latest_only.py for tasks to queue
[2024-12-21T08:02:00.020+0000] {logging_mixin.py:188} INFO - [2024-12-21T08:02:00.020+0000] {dagbag.py:545} INFO - Filling up the DagBag from /home/airflow/.local/lib/python3.12/site-packages/airflow/example_dags/example_latest_only.py
[2024-12-21T08:02:00.026+0000] {processor.py:840} INFO - DAG(s) 'latest_only' retrieved from /home/airflow/.local/lib/python3.12/site-packages/airflow/example_dags/example_latest_only.py
[2024-12-21T08:02:00.054+0000] {logging_mixin.py:188} INFO - [2024-12-21T08:02:00.053+0000] {dag.py:3096} INFO - Sync 1 DAGs
[2024-12-21T08:02:00.085+0000] {logging_mixin.py:188} INFO - [2024-12-21T08:02:00.084+0000] {dag.py:3954} INFO - Setting next_dagrun for latest_only to 2024-12-21 04:00:00+00:00, run_after=2024-12-21 08:00:00+00:00
[2024-12-21T08:02:00.133+0000] {processor.py:183} INFO - Processing /home/airflow/.local/lib/python3.12/site-packages/airflow/example_dags/example_latest_only.py took 0.127 seconds
[2024-12-21T08:02:30.925+0000] {processor.py:161} INFO - Started process (PID=223) to work on /home/airflow/.local/lib/python3.12/site-packages/airflow/example_dags/example_latest_only.py
[2024-12-21T08:02:30.926+0000] {processor.py:830} INFO - Processing file /home/airflow/.local/lib/python3.12/site-packages/airflow/example_dags/example_latest_only.py for tasks to queue
[2024-12-21T08:02:30.929+0000] {logging_mixin.py:188} INFO - [2024-12-21T08:02:30.928+0000] {dagbag.py:545} INFO - Filling up the DagBag from /home/airflow/.local/lib/python3.12/site-packages/airflow/example_dags/example_latest_only.py
[2024-12-21T08:02:30.934+0000] {processor.py:840} INFO - DAG(s) 'latest_only' retrieved from /home/airflow/.local/lib/python3.12/site-packages/airflow/example_dags/example_latest_only.py
[2024-12-21T08:02:30.955+0000] {logging_mixin.py:188} INFO - [2024-12-21T08:02:30.954+0000] {dag.py:3096} INFO - Sync 1 DAGs
[2024-12-21T08:02:30.983+0000] {logging_mixin.py:188} INFO - [2024-12-21T08:02:30.983+0000] {dag.py:3954} INFO - Setting next_dagrun for latest_only to 2024-12-21 04:00:00+00:00, run_after=2024-12-21 08:00:00+00:00
[2024-12-21T08:02:31.023+0000] {processor.py:183} INFO - Processing /home/airflow/.local/lib/python3.12/site-packages/airflow/example_dags/example_latest_only.py took 0.103 seconds
[2024-12-21T08:03:01.319+0000] {processor.py:161} INFO - Started process (PID=281) to work on /home/airflow/.local/lib/python3.12/site-packages/airflow/example_dags/example_latest_only.py
[2024-12-21T08:03:01.321+0000] {processor.py:830} INFO - Processing file /home/airflow/.local/lib/python3.12/site-packages/airflow/example_dags/example_latest_only.py for tasks to queue
[2024-12-21T08:03:01.323+0000] {logging_mixin.py:188} INFO - [2024-12-21T08:03:01.323+0000] {dagbag.py:545} INFO - Filling up the DagBag from /home/airflow/.local/lib/python3.12/site-packages/airflow/example_dags/example_latest_only.py
[2024-12-21T08:03:01.329+0000] {processor.py:840} INFO - DAG(s) 'latest_only' retrieved from /home/airflow/.local/lib/python3.12/site-packages/airflow/example_dags/example_latest_only.py
[2024-12-21T08:03:01.353+0000] {logging_mixin.py:188} INFO - [2024-12-21T08:03:01.353+0000] {dag.py:3096} INFO - Sync 1 DAGs
[2024-12-21T08:03:01.379+0000] {logging_mixin.py:188} INFO - [2024-12-21T08:03:01.379+0000] {dag.py:3954} INFO - Setting next_dagrun for latest_only to 2024-12-21 04:00:00+00:00, run_after=2024-12-21 08:00:00+00:00
[2024-12-21T08:03:01.407+0000] {processor.py:183} INFO - Processing /home/airflow/.local/lib/python3.12/site-packages/airflow/example_dags/example_latest_only.py took 0.095 seconds
[2024-12-21T08:03:32.848+0000] {processor.py:161} INFO - Started process (PID=339) to work on /home/airflow/.local/lib/python3.12/site-packages/airflow/example_dags/example_latest_only.py
[2024-12-21T08:03:32.850+0000] {processor.py:830} INFO - Processing file /home/airflow/.local/lib/python3.12/site-packages/airflow/example_dags/example_latest_only.py for tasks to queue
[2024-12-21T08:03:32.853+0000] {logging_mixin.py:188} INFO - [2024-12-21T08:03:32.852+0000] {dagbag.py:545} INFO - Filling up the DagBag from /home/airflow/.local/lib/python3.12/site-packages/airflow/example_dags/example_latest_only.py
[2024-12-21T08:03:32.858+0000] {processor.py:840} INFO - DAG(s) 'latest_only' retrieved from /home/airflow/.local/lib/python3.12/site-packages/airflow/example_dags/example_latest_only.py
[2024-12-21T08:03:32.883+0000] {logging_mixin.py:188} INFO - [2024-12-21T08:03:32.883+0000] {dag.py:3096} INFO - Sync 1 DAGs
[2024-12-21T08:03:32.913+0000] {logging_mixin.py:188} INFO - [2024-12-21T08:03:32.912+0000] {dag.py:3954} INFO - Setting next_dagrun for latest_only to 2024-12-21 04:00:00+00:00, run_after=2024-12-21 08:00:00+00:00
[2024-12-21T08:03:32.943+0000] {processor.py:183} INFO - Processing /home/airflow/.local/lib/python3.12/site-packages/airflow/example_dags/example_latest_only.py took 0.104 seconds
[2024-12-21T08:04:03.247+0000] {processor.py:161} INFO - Started process (PID=397) to work on /home/airflow/.local/lib/python3.12/site-packages/airflow/example_dags/example_latest_only.py
[2024-12-21T08:04:03.249+0000] {processor.py:830} INFO - Processing file /home/airflow/.local/lib/python3.12/site-packages/airflow/example_dags/example_latest_only.py for tasks to queue
[2024-12-21T08:04:03.252+0000] {logging_mixin.py:188} INFO - [2024-12-21T08:04:03.251+0000] {dagbag.py:545} INFO - Filling up the DagBag from /home/airflow/.local/lib/python3.12/site-packages/airflow/example_dags/example_latest_only.py
[2024-12-21T08:04:03.257+0000] {processor.py:840} INFO - DAG(s) 'latest_only' retrieved from /home/airflow/.local/lib/python3.12/site-packages/airflow/example_dags/example_latest_only.py
[2024-12-21T08:04:03.280+0000] {logging_mixin.py:188} INFO - [2024-12-21T08:04:03.280+0000] {dag.py:3096} INFO - Sync 1 DAGs
[2024-12-21T08:04:03.305+0000] {logging_mixin.py:188} INFO - [2024-12-21T08:04:03.304+0000] {dag.py:3954} INFO - Setting next_dagrun for latest_only to 2024-12-21 04:00:00+00:00, run_after=2024-12-21 08:00:00+00:00
[2024-12-21T08:04:03.332+0000] {processor.py:183} INFO - Processing /home/airflow/.local/lib/python3.12/site-packages/airflow/example_dags/example_latest_only.py took 0.090 seconds
[2024-12-21T08:04:34.041+0000] {processor.py:161} INFO - Started process (PID=455) to work on /home/airflow/.local/lib/python3.12/site-packages/airflow/example_dags/example_latest_only.py
[2024-12-21T08:04:34.042+0000] {processor.py:830} INFO - Processing file /home/airflow/.local/lib/python3.12/site-packages/airflow/example_dags/example_latest_only.py for tasks to queue
[2024-12-21T08:04:34.045+0000] {logging_mixin.py:188} INFO - [2024-12-21T08:04:34.045+0000] {dagbag.py:545} INFO - Filling up the DagBag from /home/airflow/.local/lib/python3.12/site-packages/airflow/example_dags/example_latest_only.py
[2024-12-21T08:04:34.052+0000] {processor.py:840} INFO - DAG(s) 'latest_only' retrieved from /home/airflow/.local/lib/python3.12/site-packages/airflow/example_dags/example_latest_only.py
[2024-12-21T08:04:34.091+0000] {logging_mixin.py:188} INFO - [2024-12-21T08:04:34.090+0000] {dag.py:3096} INFO - Sync 1 DAGs
[2024-12-21T08:04:34.142+0000] {logging_mixin.py:188} INFO - [2024-12-21T08:04:34.142+0000] {dag.py:3954} INFO - Setting next_dagrun for latest_only to 2024-12-21 04:00:00+00:00, run_after=2024-12-21 08:00:00+00:00
[2024-12-21T08:04:34.181+0000] {processor.py:183} INFO - Processing /home/airflow/.local/lib/python3.12/site-packages/airflow/example_dags/example_latest_only.py took 0.146 seconds
[2024-12-21T08:05:04.462+0000] {processor.py:161} INFO - Started process (PID=513) to work on /home/airflow/.local/lib/python3.12/site-packages/airflow/example_dags/example_latest_only.py
[2024-12-21T08:05:04.463+0000] {processor.py:830} INFO - Processing file /home/airflow/.local/lib/python3.12/site-packages/airflow/example_dags/example_latest_only.py for tasks to queue
[2024-12-21T08:05:04.465+0000] {logging_mixin.py:188} INFO - [2024-12-21T08:05:04.464+0000] {dagbag.py:545} INFO - Filling up the DagBag from /home/airflow/.local/lib/python3.12/site-packages/airflow/example_dags/example_latest_only.py
[2024-12-21T08:05:04.470+0000] {processor.py:840} INFO - DAG(s) 'latest_only' retrieved from /home/airflow/.local/lib/python3.12/site-packages/airflow/example_dags/example_latest_only.py
[2024-12-21T08:05:04.493+0000] {logging_mixin.py:188} INFO - [2024-12-21T08:05:04.493+0000] {dag.py:3096} INFO - Sync 1 DAGs
[2024-12-21T08:05:04.518+0000] {logging_mixin.py:188} INFO - [2024-12-21T08:05:04.518+0000] {dag.py:3954} INFO - Setting next_dagrun for latest_only to 2024-12-21 04:00:00+00:00, run_after=2024-12-21 08:00:00+00:00
[2024-12-21T08:05:04.544+0000] {processor.py:183} INFO - Processing /home/airflow/.local/lib/python3.12/site-packages/airflow/example_dags/example_latest_only.py took 0.088 seconds
[2024-12-21T18:50:59.824+0000] {processor.py:161} INFO - Started process (PID=108) to work on /home/airflow/.local/lib/python3.12/site-packages/airflow/example_dags/example_latest_only.py
[2024-12-21T18:50:59.826+0000] {processor.py:830} INFO - Processing file /home/airflow/.local/lib/python3.12/site-packages/airflow/example_dags/example_latest_only.py for tasks to queue
[2024-12-21T18:50:59.828+0000] {logging_mixin.py:188} INFO - [2024-12-21T18:50:59.827+0000] {dagbag.py:545} INFO - Filling up the DagBag from /home/airflow/.local/lib/python3.12/site-packages/airflow/example_dags/example_latest_only.py
[2024-12-21T18:50:59.833+0000] {processor.py:840} INFO - DAG(s) 'latest_only' retrieved from /home/airflow/.local/lib/python3.12/site-packages/airflow/example_dags/example_latest_only.py
[2024-12-21T18:50:59.861+0000] {logging_mixin.py:188} INFO - [2024-12-21T18:50:59.861+0000] {dag.py:3096} INFO - Sync 1 DAGs
[2024-12-21T18:50:59.892+0000] {logging_mixin.py:188} INFO - [2024-12-21T18:50:59.891+0000] {dag.py:3954} INFO - Setting next_dagrun for latest_only to 2024-12-21 12:00:00+00:00, run_after=2024-12-21 16:00:00+00:00
[2024-12-21T18:50:59.929+0000] {processor.py:183} INFO - Processing /home/airflow/.local/lib/python3.12/site-packages/airflow/example_dags/example_latest_only.py took 0.110 seconds
[2024-12-21T18:51:30.097+0000] {processor.py:161} INFO - Started process (PID=166) to work on /home/airflow/.local/lib/python3.12/site-packages/airflow/example_dags/example_latest_only.py
[2024-12-21T18:51:30.099+0000] {processor.py:830} INFO - Processing file /home/airflow/.local/lib/python3.12/site-packages/airflow/example_dags/example_latest_only.py for tasks to queue
[2024-12-21T18:51:30.101+0000] {logging_mixin.py:188} INFO - [2024-12-21T18:51:30.101+0000] {dagbag.py:545} INFO - Filling up the DagBag from /home/airflow/.local/lib/python3.12/site-packages/airflow/example_dags/example_latest_only.py
[2024-12-21T18:51:30.107+0000] {processor.py:840} INFO - DAG(s) 'latest_only' retrieved from /home/airflow/.local/lib/python3.12/site-packages/airflow/example_dags/example_latest_only.py
[2024-12-21T18:51:30.133+0000] {logging_mixin.py:188} INFO - [2024-12-21T18:51:30.133+0000] {dag.py:3096} INFO - Sync 1 DAGs
[2024-12-21T18:51:30.159+0000] {logging_mixin.py:188} INFO - [2024-12-21T18:51:30.159+0000] {dag.py:3954} INFO - Setting next_dagrun for latest_only to 2024-12-21 12:00:00+00:00, run_after=2024-12-21 16:00:00+00:00
[2024-12-21T18:51:30.187+0000] {processor.py:183} INFO - Processing /home/airflow/.local/lib/python3.12/site-packages/airflow/example_dags/example_latest_only.py took 0.096 seconds
[2024-12-21T18:52:00.471+0000] {processor.py:161} INFO - Started process (PID=224) to work on /home/airflow/.local/lib/python3.12/site-packages/airflow/example_dags/example_latest_only.py
[2024-12-21T18:52:00.472+0000] {processor.py:830} INFO - Processing file /home/airflow/.local/lib/python3.12/site-packages/airflow/example_dags/example_latest_only.py for tasks to queue
[2024-12-21T18:52:00.474+0000] {logging_mixin.py:188} INFO - [2024-12-21T18:52:00.474+0000] {dagbag.py:545} INFO - Filling up the DagBag from /home/airflow/.local/lib/python3.12/site-packages/airflow/example_dags/example_latest_only.py
[2024-12-21T18:52:00.479+0000] {processor.py:840} INFO - DAG(s) 'latest_only' retrieved from /home/airflow/.local/lib/python3.12/site-packages/airflow/example_dags/example_latest_only.py
[2024-12-21T18:52:00.503+0000] {logging_mixin.py:188} INFO - [2024-12-21T18:52:00.503+0000] {dag.py:3096} INFO - Sync 1 DAGs
[2024-12-21T18:52:00.528+0000] {logging_mixin.py:188} INFO - [2024-12-21T18:52:00.528+0000] {dag.py:3954} INFO - Setting next_dagrun for latest_only to 2024-12-21 12:00:00+00:00, run_after=2024-12-21 16:00:00+00:00
[2024-12-21T18:52:00.556+0000] {processor.py:183} INFO - Processing /home/airflow/.local/lib/python3.12/site-packages/airflow/example_dags/example_latest_only.py took 0.090 seconds
[2024-12-21T18:57:45.159+0000] {processor.py:161} INFO - Started process (PID=108) to work on /home/airflow/.local/lib/python3.12/site-packages/airflow/example_dags/example_latest_only.py
[2024-12-21T18:57:45.160+0000] {processor.py:830} INFO - Processing file /home/airflow/.local/lib/python3.12/site-packages/airflow/example_dags/example_latest_only.py for tasks to queue
[2024-12-21T18:57:45.162+0000] {logging_mixin.py:188} INFO - [2024-12-21T18:57:45.162+0000] {dagbag.py:545} INFO - Filling up the DagBag from /home/airflow/.local/lib/python3.12/site-packages/airflow/example_dags/example_latest_only.py
[2024-12-21T18:57:45.169+0000] {processor.py:840} INFO - DAG(s) 'latest_only' retrieved from /home/airflow/.local/lib/python3.12/site-packages/airflow/example_dags/example_latest_only.py
[2024-12-21T18:57:45.199+0000] {logging_mixin.py:188} INFO - [2024-12-21T18:57:45.198+0000] {dag.py:3096} INFO - Sync 1 DAGs
[2024-12-21T18:57:45.222+0000] {logging_mixin.py:188} INFO - [2024-12-21T18:57:45.222+0000] {dag.py:3954} INFO - Setting next_dagrun for latest_only to 2024-12-21 12:00:00+00:00, run_after=2024-12-21 16:00:00+00:00
[2024-12-21T18:57:45.247+0000] {processor.py:183} INFO - Processing /home/airflow/.local/lib/python3.12/site-packages/airflow/example_dags/example_latest_only.py took 0.094 seconds
[2024-12-21T18:58:16.095+0000] {processor.py:161} INFO - Started process (PID=166) to work on /home/airflow/.local/lib/python3.12/site-packages/airflow/example_dags/example_latest_only.py
[2024-12-21T18:58:16.096+0000] {processor.py:830} INFO - Processing file /home/airflow/.local/lib/python3.12/site-packages/airflow/example_dags/example_latest_only.py for tasks to queue
[2024-12-21T18:58:16.098+0000] {logging_mixin.py:188} INFO - [2024-12-21T18:58:16.098+0000] {dagbag.py:545} INFO - Filling up the DagBag from /home/airflow/.local/lib/python3.12/site-packages/airflow/example_dags/example_latest_only.py
[2024-12-21T18:58:16.104+0000] {processor.py:840} INFO - DAG(s) 'latest_only' retrieved from /home/airflow/.local/lib/python3.12/site-packages/airflow/example_dags/example_latest_only.py
[2024-12-21T18:58:16.134+0000] {logging_mixin.py:188} INFO - [2024-12-21T18:58:16.133+0000] {dag.py:3096} INFO - Sync 1 DAGs
[2024-12-21T18:58:16.172+0000] {logging_mixin.py:188} INFO - [2024-12-21T18:58:16.172+0000] {dag.py:3954} INFO - Setting next_dagrun for latest_only to 2024-12-21 12:00:00+00:00, run_after=2024-12-21 16:00:00+00:00
[2024-12-21T18:58:16.205+0000] {processor.py:183} INFO - Processing /home/airflow/.local/lib/python3.12/site-packages/airflow/example_dags/example_latest_only.py took 0.117 seconds
[2024-12-21T18:58:46.605+0000] {processor.py:161} INFO - Started process (PID=225) to work on /home/airflow/.local/lib/python3.12/site-packages/airflow/example_dags/example_latest_only.py
[2024-12-21T18:58:46.607+0000] {processor.py:830} INFO - Processing file /home/airflow/.local/lib/python3.12/site-packages/airflow/example_dags/example_latest_only.py for tasks to queue
[2024-12-21T18:58:46.610+0000] {logging_mixin.py:188} INFO - [2024-12-21T18:58:46.609+0000] {dagbag.py:545} INFO - Filling up the DagBag from /home/airflow/.local/lib/python3.12/site-packages/airflow/example_dags/example_latest_only.py
[2024-12-21T18:58:46.616+0000] {processor.py:840} INFO - DAG(s) 'latest_only' retrieved from /home/airflow/.local/lib/python3.12/site-packages/airflow/example_dags/example_latest_only.py
[2024-12-21T18:58:46.636+0000] {logging_mixin.py:188} INFO - [2024-12-21T18:58:46.636+0000] {dag.py:3096} INFO - Sync 1 DAGs
[2024-12-21T18:58:46.672+0000] {logging_mixin.py:188} INFO - [2024-12-21T18:58:46.671+0000] {dag.py:3954} INFO - Setting next_dagrun for latest_only to 2024-12-21 12:00:00+00:00, run_after=2024-12-21 16:00:00+00:00
[2024-12-21T18:58:46.738+0000] {processor.py:183} INFO - Processing /home/airflow/.local/lib/python3.12/site-packages/airflow/example_dags/example_latest_only.py took 0.138 seconds
[2024-12-21T18:59:17.353+0000] {processor.py:161} INFO - Started process (PID=284) to work on /home/airflow/.local/lib/python3.12/site-packages/airflow/example_dags/example_latest_only.py
[2024-12-21T18:59:17.354+0000] {processor.py:830} INFO - Processing file /home/airflow/.local/lib/python3.12/site-packages/airflow/example_dags/example_latest_only.py for tasks to queue
[2024-12-21T18:59:17.356+0000] {logging_mixin.py:188} INFO - [2024-12-21T18:59:17.356+0000] {dagbag.py:545} INFO - Filling up the DagBag from /home/airflow/.local/lib/python3.12/site-packages/airflow/example_dags/example_latest_only.py
[2024-12-21T18:59:17.362+0000] {processor.py:840} INFO - DAG(s) 'latest_only' retrieved from /home/airflow/.local/lib/python3.12/site-packages/airflow/example_dags/example_latest_only.py
[2024-12-21T18:59:17.385+0000] {logging_mixin.py:188} INFO - [2024-12-21T18:59:17.385+0000] {dag.py:3096} INFO - Sync 1 DAGs
[2024-12-21T18:59:17.414+0000] {logging_mixin.py:188} INFO - [2024-12-21T18:59:17.414+0000] {dag.py:3954} INFO - Setting next_dagrun for latest_only to 2024-12-21 12:00:00+00:00, run_after=2024-12-21 16:00:00+00:00
[2024-12-21T18:59:17.442+0000] {processor.py:183} INFO - Processing /home/airflow/.local/lib/python3.12/site-packages/airflow/example_dags/example_latest_only.py took 0.095 seconds
[2024-12-21T18:59:48.172+0000] {processor.py:161} INFO - Started process (PID=340) to work on /home/airflow/.local/lib/python3.12/site-packages/airflow/example_dags/example_latest_only.py
[2024-12-21T18:59:48.173+0000] {processor.py:830} INFO - Processing file /home/airflow/.local/lib/python3.12/site-packages/airflow/example_dags/example_latest_only.py for tasks to queue
[2024-12-21T18:59:48.176+0000] {logging_mixin.py:188} INFO - [2024-12-21T18:59:48.175+0000] {dagbag.py:545} INFO - Filling up the DagBag from /home/airflow/.local/lib/python3.12/site-packages/airflow/example_dags/example_latest_only.py
[2024-12-21T18:59:48.182+0000] {processor.py:840} INFO - DAG(s) 'latest_only' retrieved from /home/airflow/.local/lib/python3.12/site-packages/airflow/example_dags/example_latest_only.py
[2024-12-21T18:59:48.211+0000] {logging_mixin.py:188} INFO - [2024-12-21T18:59:48.211+0000] {dag.py:3096} INFO - Sync 1 DAGs
[2024-12-21T18:59:48.237+0000] {logging_mixin.py:188} INFO - [2024-12-21T18:59:48.236+0000] {dag.py:3954} INFO - Setting next_dagrun for latest_only to 2024-12-21 12:00:00+00:00, run_after=2024-12-21 16:00:00+00:00
[2024-12-21T18:59:48.269+0000] {processor.py:183} INFO - Processing /home/airflow/.local/lib/python3.12/site-packages/airflow/example_dags/example_latest_only.py took 0.104 seconds
[2024-12-21T19:00:18.743+0000] {processor.py:161} INFO - Started process (PID=398) to work on /home/airflow/.local/lib/python3.12/site-packages/airflow/example_dags/example_latest_only.py
[2024-12-21T19:00:18.744+0000] {processor.py:830} INFO - Processing file /home/airflow/.local/lib/python3.12/site-packages/airflow/example_dags/example_latest_only.py for tasks to queue
[2024-12-21T19:00:18.746+0000] {logging_mixin.py:188} INFO - [2024-12-21T19:00:18.746+0000] {dagbag.py:545} INFO - Filling up the DagBag from /home/airflow/.local/lib/python3.12/site-packages/airflow/example_dags/example_latest_only.py
[2024-12-21T19:00:18.753+0000] {processor.py:840} INFO - DAG(s) 'latest_only' retrieved from /home/airflow/.local/lib/python3.12/site-packages/airflow/example_dags/example_latest_only.py
[2024-12-21T19:00:18.778+0000] {logging_mixin.py:188} INFO - [2024-12-21T19:00:18.777+0000] {dag.py:3096} INFO - Sync 1 DAGs
[2024-12-21T19:00:18.805+0000] {logging_mixin.py:188} INFO - [2024-12-21T19:00:18.805+0000] {dag.py:3954} INFO - Setting next_dagrun for latest_only to 2024-12-21 12:00:00+00:00, run_after=2024-12-21 16:00:00+00:00
[2024-12-21T19:00:18.835+0000] {processor.py:183} INFO - Processing /home/airflow/.local/lib/python3.12/site-packages/airflow/example_dags/example_latest_only.py took 0.098 seconds
[2024-12-21T19:00:49.184+0000] {processor.py:161} INFO - Started process (PID=456) to work on /home/airflow/.local/lib/python3.12/site-packages/airflow/example_dags/example_latest_only.py
[2024-12-21T19:00:49.185+0000] {processor.py:830} INFO - Processing file /home/airflow/.local/lib/python3.12/site-packages/airflow/example_dags/example_latest_only.py for tasks to queue
[2024-12-21T19:00:49.188+0000] {logging_mixin.py:188} INFO - [2024-12-21T19:00:49.187+0000] {dagbag.py:545} INFO - Filling up the DagBag from /home/airflow/.local/lib/python3.12/site-packages/airflow/example_dags/example_latest_only.py
[2024-12-21T19:00:49.196+0000] {processor.py:840} INFO - DAG(s) 'latest_only' retrieved from /home/airflow/.local/lib/python3.12/site-packages/airflow/example_dags/example_latest_only.py
[2024-12-21T19:00:49.223+0000] {logging_mixin.py:188} INFO - [2024-12-21T19:00:49.223+0000] {dag.py:3096} INFO - Sync 1 DAGs
[2024-12-21T19:00:49.247+0000] {logging_mixin.py:188} INFO - [2024-12-21T19:00:49.247+0000] {dag.py:3954} INFO - Setting next_dagrun for latest_only to 2024-12-21 12:00:00+00:00, run_after=2024-12-21 16:00:00+00:00
[2024-12-21T19:00:49.273+0000] {processor.py:183} INFO - Processing /home/airflow/.local/lib/python3.12/site-packages/airflow/example_dags/example_latest_only.py took 0.097 seconds
[2024-12-21T19:01:19.368+0000] {processor.py:161} INFO - Started process (PID=514) to work on /home/airflow/.local/lib/python3.12/site-packages/airflow/example_dags/example_latest_only.py
[2024-12-21T19:01:19.370+0000] {processor.py:830} INFO - Processing file /home/airflow/.local/lib/python3.12/site-packages/airflow/example_dags/example_latest_only.py for tasks to queue
[2024-12-21T19:01:19.372+0000] {logging_mixin.py:188} INFO - [2024-12-21T19:01:19.372+0000] {dagbag.py:545} INFO - Filling up the DagBag from /home/airflow/.local/lib/python3.12/site-packages/airflow/example_dags/example_latest_only.py
[2024-12-21T19:01:19.378+0000] {processor.py:840} INFO - DAG(s) 'latest_only' retrieved from /home/airflow/.local/lib/python3.12/site-packages/airflow/example_dags/example_latest_only.py
[2024-12-21T19:01:19.402+0000] {logging_mixin.py:188} INFO - [2024-12-21T19:01:19.401+0000] {dag.py:3096} INFO - Sync 1 DAGs
[2024-12-21T19:01:19.426+0000] {logging_mixin.py:188} INFO - [2024-12-21T19:01:19.426+0000] {dag.py:3954} INFO - Setting next_dagrun for latest_only to 2024-12-21 12:00:00+00:00, run_after=2024-12-21 16:00:00+00:00
[2024-12-21T19:01:19.456+0000] {processor.py:183} INFO - Processing /home/airflow/.local/lib/python3.12/site-packages/airflow/example_dags/example_latest_only.py took 0.093 seconds
[2024-12-21T19:01:49.736+0000] {processor.py:161} INFO - Started process (PID=572) to work on /home/airflow/.local/lib/python3.12/site-packages/airflow/example_dags/example_latest_only.py
[2024-12-21T19:01:49.737+0000] {processor.py:830} INFO - Processing file /home/airflow/.local/lib/python3.12/site-packages/airflow/example_dags/example_latest_only.py for tasks to queue
[2024-12-21T19:01:49.740+0000] {logging_mixin.py:188} INFO - [2024-12-21T19:01:49.739+0000] {dagbag.py:545} INFO - Filling up the DagBag from /home/airflow/.local/lib/python3.12/site-packages/airflow/example_dags/example_latest_only.py
[2024-12-21T19:01:49.746+0000] {processor.py:840} INFO - DAG(s) 'latest_only' retrieved from /home/airflow/.local/lib/python3.12/site-packages/airflow/example_dags/example_latest_only.py
[2024-12-21T19:01:49.769+0000] {logging_mixin.py:188} INFO - [2024-12-21T19:01:49.768+0000] {dag.py:3096} INFO - Sync 1 DAGs
[2024-12-21T19:01:49.795+0000] {logging_mixin.py:188} INFO - [2024-12-21T19:01:49.795+0000] {dag.py:3954} INFO - Setting next_dagrun for latest_only to 2024-12-21 12:00:00+00:00, run_after=2024-12-21 16:00:00+00:00
[2024-12-21T19:01:49.821+0000] {processor.py:183} INFO - Processing /home/airflow/.local/lib/python3.12/site-packages/airflow/example_dags/example_latest_only.py took 0.090 seconds
[2024-12-21T19:02:20.141+0000] {processor.py:161} INFO - Started process (PID=630) to work on /home/airflow/.local/lib/python3.12/site-packages/airflow/example_dags/example_latest_only.py
[2024-12-21T19:02:20.144+0000] {processor.py:830} INFO - Processing file /home/airflow/.local/lib/python3.12/site-packages/airflow/example_dags/example_latest_only.py for tasks to queue
[2024-12-21T19:02:20.147+0000] {logging_mixin.py:188} INFO - [2024-12-21T19:02:20.146+0000] {dagbag.py:545} INFO - Filling up the DagBag from /home/airflow/.local/lib/python3.12/site-packages/airflow/example_dags/example_latest_only.py
[2024-12-21T19:02:20.153+0000] {processor.py:840} INFO - DAG(s) 'latest_only' retrieved from /home/airflow/.local/lib/python3.12/site-packages/airflow/example_dags/example_latest_only.py
[2024-12-21T19:02:20.186+0000] {logging_mixin.py:188} INFO - [2024-12-21T19:02:20.186+0000] {dag.py:3096} INFO - Sync 1 DAGs
[2024-12-21T19:02:20.221+0000] {logging_mixin.py:188} INFO - [2024-12-21T19:02:20.221+0000] {dag.py:3954} INFO - Setting next_dagrun for latest_only to 2024-12-21 12:00:00+00:00, run_after=2024-12-21 16:00:00+00:00
[2024-12-21T19:02:20.251+0000] {processor.py:183} INFO - Processing /home/airflow/.local/lib/python3.12/site-packages/airflow/example_dags/example_latest_only.py took 0.117 seconds
[2024-12-21T19:02:51.080+0000] {processor.py:161} INFO - Started process (PID=688) to work on /home/airflow/.local/lib/python3.12/site-packages/airflow/example_dags/example_latest_only.py
[2024-12-21T19:02:51.081+0000] {processor.py:830} INFO - Processing file /home/airflow/.local/lib/python3.12/site-packages/airflow/example_dags/example_latest_only.py for tasks to queue
[2024-12-21T19:02:51.084+0000] {logging_mixin.py:188} INFO - [2024-12-21T19:02:51.083+0000] {dagbag.py:545} INFO - Filling up the DagBag from /home/airflow/.local/lib/python3.12/site-packages/airflow/example_dags/example_latest_only.py
[2024-12-21T19:02:51.089+0000] {processor.py:840} INFO - DAG(s) 'latest_only' retrieved from /home/airflow/.local/lib/python3.12/site-packages/airflow/example_dags/example_latest_only.py
[2024-12-21T19:02:51.112+0000] {logging_mixin.py:188} INFO - [2024-12-21T19:02:51.111+0000] {dag.py:3096} INFO - Sync 1 DAGs
[2024-12-21T19:02:51.140+0000] {logging_mixin.py:188} INFO - [2024-12-21T19:02:51.139+0000] {dag.py:3954} INFO - Setting next_dagrun for latest_only to 2024-12-21 12:00:00+00:00, run_after=2024-12-21 16:00:00+00:00
[2024-12-21T19:02:51.169+0000] {processor.py:183} INFO - Processing /home/airflow/.local/lib/python3.12/site-packages/airflow/example_dags/example_latest_only.py took 0.095 seconds
[2024-12-21T19:03:21.967+0000] {processor.py:161} INFO - Started process (PID=746) to work on /home/airflow/.local/lib/python3.12/site-packages/airflow/example_dags/example_latest_only.py
[2024-12-21T19:03:21.969+0000] {processor.py:830} INFO - Processing file /home/airflow/.local/lib/python3.12/site-packages/airflow/example_dags/example_latest_only.py for tasks to queue
[2024-12-21T19:03:21.971+0000] {logging_mixin.py:188} INFO - [2024-12-21T19:03:21.971+0000] {dagbag.py:545} INFO - Filling up the DagBag from /home/airflow/.local/lib/python3.12/site-packages/airflow/example_dags/example_latest_only.py
[2024-12-21T19:03:21.979+0000] {processor.py:840} INFO - DAG(s) 'latest_only' retrieved from /home/airflow/.local/lib/python3.12/site-packages/airflow/example_dags/example_latest_only.py
[2024-12-21T19:03:22.005+0000] {logging_mixin.py:188} INFO - [2024-12-21T19:03:22.004+0000] {dag.py:3096} INFO - Sync 1 DAGs
[2024-12-21T19:03:22.034+0000] {logging_mixin.py:188} INFO - [2024-12-21T19:03:22.034+0000] {dag.py:3954} INFO - Setting next_dagrun for latest_only to 2024-12-21 12:00:00+00:00, run_after=2024-12-21 16:00:00+00:00
[2024-12-21T19:03:22.063+0000] {processor.py:183} INFO - Processing /home/airflow/.local/lib/python3.12/site-packages/airflow/example_dags/example_latest_only.py took 0.101 seconds
[2024-12-21T19:03:52.134+0000] {processor.py:161} INFO - Started process (PID=804) to work on /home/airflow/.local/lib/python3.12/site-packages/airflow/example_dags/example_latest_only.py
[2024-12-21T19:03:52.136+0000] {processor.py:830} INFO - Processing file /home/airflow/.local/lib/python3.12/site-packages/airflow/example_dags/example_latest_only.py for tasks to queue
[2024-12-21T19:03:52.138+0000] {logging_mixin.py:188} INFO - [2024-12-21T19:03:52.137+0000] {dagbag.py:545} INFO - Filling up the DagBag from /home/airflow/.local/lib/python3.12/site-packages/airflow/example_dags/example_latest_only.py
[2024-12-21T19:03:52.143+0000] {processor.py:840} INFO - DAG(s) 'latest_only' retrieved from /home/airflow/.local/lib/python3.12/site-packages/airflow/example_dags/example_latest_only.py
[2024-12-21T19:03:52.167+0000] {logging_mixin.py:188} INFO - [2024-12-21T19:03:52.167+0000] {dag.py:3096} INFO - Sync 1 DAGs
[2024-12-21T19:03:52.193+0000] {logging_mixin.py:188} INFO - [2024-12-21T19:03:52.193+0000] {dag.py:3954} INFO - Setting next_dagrun for latest_only to 2024-12-21 12:00:00+00:00, run_after=2024-12-21 16:00:00+00:00
[2024-12-21T19:03:52.221+0000] {processor.py:183} INFO - Processing /home/airflow/.local/lib/python3.12/site-packages/airflow/example_dags/example_latest_only.py took 0.093 seconds
[2024-12-21T19:04:22.399+0000] {processor.py:161} INFO - Started process (PID=862) to work on /home/airflow/.local/lib/python3.12/site-packages/airflow/example_dags/example_latest_only.py
[2024-12-21T19:04:22.400+0000] {processor.py:830} INFO - Processing file /home/airflow/.local/lib/python3.12/site-packages/airflow/example_dags/example_latest_only.py for tasks to queue
[2024-12-21T19:04:22.402+0000] {logging_mixin.py:188} INFO - [2024-12-21T19:04:22.402+0000] {dagbag.py:545} INFO - Filling up the DagBag from /home/airflow/.local/lib/python3.12/site-packages/airflow/example_dags/example_latest_only.py
[2024-12-21T19:04:22.408+0000] {processor.py:840} INFO - DAG(s) 'latest_only' retrieved from /home/airflow/.local/lib/python3.12/site-packages/airflow/example_dags/example_latest_only.py
[2024-12-21T19:04:22.431+0000] {logging_mixin.py:188} INFO - [2024-12-21T19:04:22.430+0000] {dag.py:3096} INFO - Sync 1 DAGs
[2024-12-21T19:04:22.453+0000] {logging_mixin.py:188} INFO - [2024-12-21T19:04:22.453+0000] {dag.py:3954} INFO - Setting next_dagrun for latest_only to 2024-12-21 12:00:00+00:00, run_after=2024-12-21 16:00:00+00:00
[2024-12-21T19:04:22.479+0000] {processor.py:183} INFO - Processing /home/airflow/.local/lib/python3.12/site-packages/airflow/example_dags/example_latest_only.py took 0.087 seconds
[2024-12-21T19:04:53.997+0000] {processor.py:161} INFO - Started process (PID=920) to work on /home/airflow/.local/lib/python3.12/site-packages/airflow/example_dags/example_latest_only.py
[2024-12-21T19:04:53.998+0000] {processor.py:830} INFO - Processing file /home/airflow/.local/lib/python3.12/site-packages/airflow/example_dags/example_latest_only.py for tasks to queue
[2024-12-21T19:04:54.000+0000] {logging_mixin.py:188} INFO - [2024-12-21T19:04:54.000+0000] {dagbag.py:545} INFO - Filling up the DagBag from /home/airflow/.local/lib/python3.12/site-packages/airflow/example_dags/example_latest_only.py
[2024-12-21T19:04:54.007+0000] {processor.py:840} INFO - DAG(s) 'latest_only' retrieved from /home/airflow/.local/lib/python3.12/site-packages/airflow/example_dags/example_latest_only.py
[2024-12-21T19:04:54.031+0000] {logging_mixin.py:188} INFO - [2024-12-21T19:04:54.031+0000] {dag.py:3096} INFO - Sync 1 DAGs
[2024-12-21T19:04:54.058+0000] {logging_mixin.py:188} INFO - [2024-12-21T19:04:54.058+0000] {dag.py:3954} INFO - Setting next_dagrun for latest_only to 2024-12-21 12:00:00+00:00, run_after=2024-12-21 16:00:00+00:00
[2024-12-21T19:04:54.083+0000] {processor.py:183} INFO - Processing /home/airflow/.local/lib/python3.12/site-packages/airflow/example_dags/example_latest_only.py took 0.093 seconds
[2024-12-21T19:05:24.652+0000] {processor.py:161} INFO - Started process (PID=978) to work on /home/airflow/.local/lib/python3.12/site-packages/airflow/example_dags/example_latest_only.py
[2024-12-21T19:05:24.654+0000] {processor.py:830} INFO - Processing file /home/airflow/.local/lib/python3.12/site-packages/airflow/example_dags/example_latest_only.py for tasks to queue
[2024-12-21T19:05:24.656+0000] {logging_mixin.py:188} INFO - [2024-12-21T19:05:24.656+0000] {dagbag.py:545} INFO - Filling up the DagBag from /home/airflow/.local/lib/python3.12/site-packages/airflow/example_dags/example_latest_only.py
[2024-12-21T19:05:24.663+0000] {processor.py:840} INFO - DAG(s) 'latest_only' retrieved from /home/airflow/.local/lib/python3.12/site-packages/airflow/example_dags/example_latest_only.py
[2024-12-21T19:05:24.694+0000] {logging_mixin.py:188} INFO - [2024-12-21T19:05:24.694+0000] {dag.py:3096} INFO - Sync 1 DAGs
[2024-12-21T19:05:24.723+0000] {logging_mixin.py:188} INFO - [2024-12-21T19:05:24.723+0000] {dag.py:3954} INFO - Setting next_dagrun for latest_only to 2024-12-21 12:00:00+00:00, run_after=2024-12-21 16:00:00+00:00
[2024-12-21T19:05:24.754+0000] {processor.py:183} INFO - Processing /home/airflow/.local/lib/python3.12/site-packages/airflow/example_dags/example_latest_only.py took 0.107 seconds
[2024-12-21T19:05:55.323+0000] {processor.py:161} INFO - Started process (PID=1036) to work on /home/airflow/.local/lib/python3.12/site-packages/airflow/example_dags/example_latest_only.py
[2024-12-21T19:05:55.325+0000] {processor.py:830} INFO - Processing file /home/airflow/.local/lib/python3.12/site-packages/airflow/example_dags/example_latest_only.py for tasks to queue
[2024-12-21T19:05:55.327+0000] {logging_mixin.py:188} INFO - [2024-12-21T19:05:55.327+0000] {dagbag.py:545} INFO - Filling up the DagBag from /home/airflow/.local/lib/python3.12/site-packages/airflow/example_dags/example_latest_only.py
[2024-12-21T19:05:55.332+0000] {processor.py:840} INFO - DAG(s) 'latest_only' retrieved from /home/airflow/.local/lib/python3.12/site-packages/airflow/example_dags/example_latest_only.py
[2024-12-21T19:05:55.355+0000] {logging_mixin.py:188} INFO - [2024-12-21T19:05:55.355+0000] {dag.py:3096} INFO - Sync 1 DAGs
[2024-12-21T19:05:55.380+0000] {logging_mixin.py:188} INFO - [2024-12-21T19:05:55.379+0000] {dag.py:3954} INFO - Setting next_dagrun for latest_only to 2024-12-21 12:00:00+00:00, run_after=2024-12-21 16:00:00+00:00
[2024-12-21T19:05:55.407+0000] {processor.py:183} INFO - Processing /home/airflow/.local/lib/python3.12/site-packages/airflow/example_dags/example_latest_only.py took 0.090 seconds
[2024-12-21T19:06:25.726+0000] {processor.py:161} INFO - Started process (PID=1094) to work on /home/airflow/.local/lib/python3.12/site-packages/airflow/example_dags/example_latest_only.py
[2024-12-21T19:06:25.728+0000] {processor.py:830} INFO - Processing file /home/airflow/.local/lib/python3.12/site-packages/airflow/example_dags/example_latest_only.py for tasks to queue
[2024-12-21T19:06:25.730+0000] {logging_mixin.py:188} INFO - [2024-12-21T19:06:25.729+0000] {dagbag.py:545} INFO - Filling up the DagBag from /home/airflow/.local/lib/python3.12/site-packages/airflow/example_dags/example_latest_only.py
[2024-12-21T19:06:25.735+0000] {processor.py:840} INFO - DAG(s) 'latest_only' retrieved from /home/airflow/.local/lib/python3.12/site-packages/airflow/example_dags/example_latest_only.py
[2024-12-21T19:06:25.767+0000] {logging_mixin.py:188} INFO - [2024-12-21T19:06:25.766+0000] {dag.py:3096} INFO - Sync 1 DAGs
[2024-12-21T19:06:25.805+0000] {logging_mixin.py:188} INFO - [2024-12-21T19:06:25.805+0000] {dag.py:3954} INFO - Setting next_dagrun for latest_only to 2024-12-21 12:00:00+00:00, run_after=2024-12-21 16:00:00+00:00
[2024-12-21T19:06:25.842+0000] {processor.py:183} INFO - Processing /home/airflow/.local/lib/python3.12/site-packages/airflow/example_dags/example_latest_only.py took 0.123 seconds
[2024-12-21T19:06:56.610+0000] {processor.py:161} INFO - Started process (PID=1152) to work on /home/airflow/.local/lib/python3.12/site-packages/airflow/example_dags/example_latest_only.py
[2024-12-21T19:06:56.611+0000] {processor.py:830} INFO - Processing file /home/airflow/.local/lib/python3.12/site-packages/airflow/example_dags/example_latest_only.py for tasks to queue
[2024-12-21T19:06:56.614+0000] {logging_mixin.py:188} INFO - [2024-12-21T19:06:56.614+0000] {dagbag.py:545} INFO - Filling up the DagBag from /home/airflow/.local/lib/python3.12/site-packages/airflow/example_dags/example_latest_only.py
[2024-12-21T19:06:56.620+0000] {processor.py:840} INFO - DAG(s) 'latest_only' retrieved from /home/airflow/.local/lib/python3.12/site-packages/airflow/example_dags/example_latest_only.py
[2024-12-21T19:06:56.643+0000] {logging_mixin.py:188} INFO - [2024-12-21T19:06:56.642+0000] {dag.py:3096} INFO - Sync 1 DAGs
[2024-12-21T19:06:56.668+0000] {logging_mixin.py:188} INFO - [2024-12-21T19:06:56.668+0000] {dag.py:3954} INFO - Setting next_dagrun for latest_only to 2024-12-21 12:00:00+00:00, run_after=2024-12-21 16:00:00+00:00
[2024-12-21T19:06:56.694+0000] {processor.py:183} INFO - Processing /home/airflow/.local/lib/python3.12/site-packages/airflow/example_dags/example_latest_only.py took 0.089 seconds
[2024-12-21T19:07:26.757+0000] {processor.py:161} INFO - Started process (PID=1210) to work on /home/airflow/.local/lib/python3.12/site-packages/airflow/example_dags/example_latest_only.py
[2024-12-21T19:07:26.758+0000] {processor.py:830} INFO - Processing file /home/airflow/.local/lib/python3.12/site-packages/airflow/example_dags/example_latest_only.py for tasks to queue
[2024-12-21T19:07:26.761+0000] {logging_mixin.py:188} INFO - [2024-12-21T19:07:26.760+0000] {dagbag.py:545} INFO - Filling up the DagBag from /home/airflow/.local/lib/python3.12/site-packages/airflow/example_dags/example_latest_only.py
[2024-12-21T19:07:26.767+0000] {processor.py:840} INFO - DAG(s) 'latest_only' retrieved from /home/airflow/.local/lib/python3.12/site-packages/airflow/example_dags/example_latest_only.py
[2024-12-21T19:07:26.804+0000] {logging_mixin.py:188} INFO - [2024-12-21T19:07:26.803+0000] {dag.py:3096} INFO - Sync 1 DAGs
[2024-12-21T19:07:26.842+0000] {logging_mixin.py:188} INFO - [2024-12-21T19:07:26.842+0000] {dag.py:3954} INFO - Setting next_dagrun for latest_only to 2024-12-21 12:00:00+00:00, run_after=2024-12-21 16:00:00+00:00
[2024-12-21T19:07:26.881+0000] {processor.py:183} INFO - Processing /home/airflow/.local/lib/python3.12/site-packages/airflow/example_dags/example_latest_only.py took 0.129 seconds
[2024-12-21T19:07:57.979+0000] {processor.py:161} INFO - Started process (PID=1268) to work on /home/airflow/.local/lib/python3.12/site-packages/airflow/example_dags/example_latest_only.py
[2024-12-21T19:07:57.981+0000] {processor.py:830} INFO - Processing file /home/airflow/.local/lib/python3.12/site-packages/airflow/example_dags/example_latest_only.py for tasks to queue
[2024-12-21T19:07:57.984+0000] {logging_mixin.py:188} INFO - [2024-12-21T19:07:57.983+0000] {dagbag.py:545} INFO - Filling up the DagBag from /home/airflow/.local/lib/python3.12/site-packages/airflow/example_dags/example_latest_only.py
[2024-12-21T19:07:57.989+0000] {processor.py:840} INFO - DAG(s) 'latest_only' retrieved from /home/airflow/.local/lib/python3.12/site-packages/airflow/example_dags/example_latest_only.py
[2024-12-21T19:07:58.012+0000] {logging_mixin.py:188} INFO - [2024-12-21T19:07:58.012+0000] {dag.py:3096} INFO - Sync 1 DAGs
[2024-12-21T19:07:58.037+0000] {logging_mixin.py:188} INFO - [2024-12-21T19:07:58.036+0000] {dag.py:3954} INFO - Setting next_dagrun for latest_only to 2024-12-21 12:00:00+00:00, run_after=2024-12-21 16:00:00+00:00
[2024-12-21T19:07:58.064+0000] {processor.py:183} INFO - Processing /home/airflow/.local/lib/python3.12/site-packages/airflow/example_dags/example_latest_only.py took 0.090 seconds
[2024-12-21T19:08:28.769+0000] {processor.py:161} INFO - Started process (PID=1326) to work on /home/airflow/.local/lib/python3.12/site-packages/airflow/example_dags/example_latest_only.py
[2024-12-21T19:08:28.771+0000] {processor.py:830} INFO - Processing file /home/airflow/.local/lib/python3.12/site-packages/airflow/example_dags/example_latest_only.py for tasks to queue
[2024-12-21T19:08:28.773+0000] {logging_mixin.py:188} INFO - [2024-12-21T19:08:28.773+0000] {dagbag.py:545} INFO - Filling up the DagBag from /home/airflow/.local/lib/python3.12/site-packages/airflow/example_dags/example_latest_only.py
[2024-12-21T19:08:28.781+0000] {processor.py:840} INFO - DAG(s) 'latest_only' retrieved from /home/airflow/.local/lib/python3.12/site-packages/airflow/example_dags/example_latest_only.py
[2024-12-21T19:08:28.813+0000] {logging_mixin.py:188} INFO - [2024-12-21T19:08:28.813+0000] {dag.py:3096} INFO - Sync 1 DAGs
[2024-12-21T19:08:28.844+0000] {logging_mixin.py:188} INFO - [2024-12-21T19:08:28.844+0000] {dag.py:3954} INFO - Setting next_dagrun for latest_only to 2024-12-21 12:00:00+00:00, run_after=2024-12-21 16:00:00+00:00
[2024-12-21T19:08:28.900+0000] {processor.py:183} INFO - Processing /home/airflow/.local/lib/python3.12/site-packages/airflow/example_dags/example_latest_only.py took 0.138 seconds
[2024-12-21T19:08:58.957+0000] {processor.py:161} INFO - Started process (PID=1385) to work on /home/airflow/.local/lib/python3.12/site-packages/airflow/example_dags/example_latest_only.py
[2024-12-21T19:08:58.958+0000] {processor.py:830} INFO - Processing file /home/airflow/.local/lib/python3.12/site-packages/airflow/example_dags/example_latest_only.py for tasks to queue
[2024-12-21T19:08:58.960+0000] {logging_mixin.py:188} INFO - [2024-12-21T19:08:58.959+0000] {dagbag.py:545} INFO - Filling up the DagBag from /home/airflow/.local/lib/python3.12/site-packages/airflow/example_dags/example_latest_only.py
[2024-12-21T19:08:58.965+0000] {processor.py:840} INFO - DAG(s) 'latest_only' retrieved from /home/airflow/.local/lib/python3.12/site-packages/airflow/example_dags/example_latest_only.py
[2024-12-21T19:08:58.988+0000] {logging_mixin.py:188} INFO - [2024-12-21T19:08:58.988+0000] {dag.py:3096} INFO - Sync 1 DAGs
[2024-12-21T19:08:59.012+0000] {logging_mixin.py:188} INFO - [2024-12-21T19:08:59.012+0000] {dag.py:3954} INFO - Setting next_dagrun for latest_only to 2024-12-21 12:00:00+00:00, run_after=2024-12-21 16:00:00+00:00
[2024-12-21T19:08:59.039+0000] {processor.py:183} INFO - Processing /home/airflow/.local/lib/python3.12/site-packages/airflow/example_dags/example_latest_only.py took 0.088 seconds
[2024-12-21T19:09:29.304+0000] {processor.py:161} INFO - Started process (PID=1442) to work on /home/airflow/.local/lib/python3.12/site-packages/airflow/example_dags/example_latest_only.py
[2024-12-21T19:09:29.306+0000] {processor.py:830} INFO - Processing file /home/airflow/.local/lib/python3.12/site-packages/airflow/example_dags/example_latest_only.py for tasks to queue
[2024-12-21T19:09:29.308+0000] {logging_mixin.py:188} INFO - [2024-12-21T19:09:29.308+0000] {dagbag.py:545} INFO - Filling up the DagBag from /home/airflow/.local/lib/python3.12/site-packages/airflow/example_dags/example_latest_only.py
[2024-12-21T19:09:29.314+0000] {processor.py:840} INFO - DAG(s) 'latest_only' retrieved from /home/airflow/.local/lib/python3.12/site-packages/airflow/example_dags/example_latest_only.py
[2024-12-21T19:09:29.342+0000] {logging_mixin.py:188} INFO - [2024-12-21T19:09:29.341+0000] {dag.py:3096} INFO - Sync 1 DAGs
[2024-12-21T19:09:29.373+0000] {logging_mixin.py:188} INFO - [2024-12-21T19:09:29.373+0000] {dag.py:3954} INFO - Setting next_dagrun for latest_only to 2024-12-21 12:00:00+00:00, run_after=2024-12-21 16:00:00+00:00
[2024-12-21T19:09:29.405+0000] {processor.py:183} INFO - Processing /home/airflow/.local/lib/python3.12/site-packages/airflow/example_dags/example_latest_only.py took 0.107 seconds
[2024-12-21T19:09:59.757+0000] {processor.py:161} INFO - Started process (PID=1500) to work on /home/airflow/.local/lib/python3.12/site-packages/airflow/example_dags/example_latest_only.py
[2024-12-21T19:09:59.758+0000] {processor.py:830} INFO - Processing file /home/airflow/.local/lib/python3.12/site-packages/airflow/example_dags/example_latest_only.py for tasks to queue
[2024-12-21T19:09:59.761+0000] {logging_mixin.py:188} INFO - [2024-12-21T19:09:59.760+0000] {dagbag.py:545} INFO - Filling up the DagBag from /home/airflow/.local/lib/python3.12/site-packages/airflow/example_dags/example_latest_only.py
[2024-12-21T19:09:59.766+0000] {processor.py:840} INFO - DAG(s) 'latest_only' retrieved from /home/airflow/.local/lib/python3.12/site-packages/airflow/example_dags/example_latest_only.py
[2024-12-21T19:09:59.790+0000] {logging_mixin.py:188} INFO - [2024-12-21T19:09:59.789+0000] {dag.py:3096} INFO - Sync 1 DAGs
[2024-12-21T19:09:59.817+0000] {logging_mixin.py:188} INFO - [2024-12-21T19:09:59.817+0000] {dag.py:3954} INFO - Setting next_dagrun for latest_only to 2024-12-21 12:00:00+00:00, run_after=2024-12-21 16:00:00+00:00
[2024-12-21T19:09:59.843+0000] {processor.py:183} INFO - Processing /home/airflow/.local/lib/python3.12/site-packages/airflow/example_dags/example_latest_only.py took 0.093 seconds
[2024-12-21T19:10:30.796+0000] {processor.py:161} INFO - Started process (PID=1558) to work on /home/airflow/.local/lib/python3.12/site-packages/airflow/example_dags/example_latest_only.py
[2024-12-21T19:10:30.798+0000] {processor.py:830} INFO - Processing file /home/airflow/.local/lib/python3.12/site-packages/airflow/example_dags/example_latest_only.py for tasks to queue
[2024-12-21T19:10:30.801+0000] {logging_mixin.py:188} INFO - [2024-12-21T19:10:30.800+0000] {dagbag.py:545} INFO - Filling up the DagBag from /home/airflow/.local/lib/python3.12/site-packages/airflow/example_dags/example_latest_only.py
[2024-12-21T19:10:30.810+0000] {processor.py:840} INFO - DAG(s) 'latest_only' retrieved from /home/airflow/.local/lib/python3.12/site-packages/airflow/example_dags/example_latest_only.py
[2024-12-21T19:10:30.844+0000] {logging_mixin.py:188} INFO - [2024-12-21T19:10:30.844+0000] {dag.py:3096} INFO - Sync 1 DAGs
[2024-12-21T19:10:30.882+0000] {logging_mixin.py:188} INFO - [2024-12-21T19:10:30.882+0000] {dag.py:3954} INFO - Setting next_dagrun for latest_only to 2024-12-21 12:00:00+00:00, run_after=2024-12-21 16:00:00+00:00
[2024-12-21T19:10:30.922+0000] {processor.py:183} INFO - Processing /home/airflow/.local/lib/python3.12/site-packages/airflow/example_dags/example_latest_only.py took 0.135 seconds
[2024-12-21T19:11:01.141+0000] {processor.py:161} INFO - Started process (PID=1616) to work on /home/airflow/.local/lib/python3.12/site-packages/airflow/example_dags/example_latest_only.py
[2024-12-21T19:11:01.142+0000] {processor.py:830} INFO - Processing file /home/airflow/.local/lib/python3.12/site-packages/airflow/example_dags/example_latest_only.py for tasks to queue
[2024-12-21T19:11:01.146+0000] {logging_mixin.py:188} INFO - [2024-12-21T19:11:01.145+0000] {dagbag.py:545} INFO - Filling up the DagBag from /home/airflow/.local/lib/python3.12/site-packages/airflow/example_dags/example_latest_only.py
[2024-12-21T19:11:01.153+0000] {processor.py:840} INFO - DAG(s) 'latest_only' retrieved from /home/airflow/.local/lib/python3.12/site-packages/airflow/example_dags/example_latest_only.py
[2024-12-21T19:11:01.198+0000] {logging_mixin.py:188} INFO - [2024-12-21T19:11:01.194+0000] {dag.py:3096} INFO - Sync 1 DAGs
[2024-12-21T19:11:01.242+0000] {logging_mixin.py:188} INFO - [2024-12-21T19:11:01.242+0000] {dag.py:3954} INFO - Setting next_dagrun for latest_only to 2024-12-21 12:00:00+00:00, run_after=2024-12-21 16:00:00+00:00
[2024-12-21T19:11:01.277+0000] {processor.py:183} INFO - Processing /home/airflow/.local/lib/python3.12/site-packages/airflow/example_dags/example_latest_only.py took 0.143 seconds
[2024-12-21T19:11:31.891+0000] {processor.py:161} INFO - Started process (PID=1674) to work on /home/airflow/.local/lib/python3.12/site-packages/airflow/example_dags/example_latest_only.py
[2024-12-21T19:11:31.893+0000] {processor.py:830} INFO - Processing file /home/airflow/.local/lib/python3.12/site-packages/airflow/example_dags/example_latest_only.py for tasks to queue
[2024-12-21T19:11:31.897+0000] {logging_mixin.py:188} INFO - [2024-12-21T19:11:31.896+0000] {dagbag.py:545} INFO - Filling up the DagBag from /home/airflow/.local/lib/python3.12/site-packages/airflow/example_dags/example_latest_only.py
[2024-12-21T19:11:31.905+0000] {processor.py:840} INFO - DAG(s) 'latest_only' retrieved from /home/airflow/.local/lib/python3.12/site-packages/airflow/example_dags/example_latest_only.py
[2024-12-21T19:11:31.937+0000] {logging_mixin.py:188} INFO - [2024-12-21T19:11:31.937+0000] {dag.py:3096} INFO - Sync 1 DAGs
[2024-12-21T19:11:31.982+0000] {logging_mixin.py:188} INFO - [2024-12-21T19:11:31.982+0000] {dag.py:3954} INFO - Setting next_dagrun for latest_only to 2024-12-21 12:00:00+00:00, run_after=2024-12-21 16:00:00+00:00
[2024-12-21T19:11:32.034+0000] {processor.py:183} INFO - Processing /home/airflow/.local/lib/python3.12/site-packages/airflow/example_dags/example_latest_only.py took 0.152 seconds
[2024-12-21T19:12:02.122+0000] {processor.py:161} INFO - Started process (PID=1733) to work on /home/airflow/.local/lib/python3.12/site-packages/airflow/example_dags/example_latest_only.py
[2024-12-21T19:12:02.123+0000] {processor.py:830} INFO - Processing file /home/airflow/.local/lib/python3.12/site-packages/airflow/example_dags/example_latest_only.py for tasks to queue
[2024-12-21T19:12:02.125+0000] {logging_mixin.py:188} INFO - [2024-12-21T19:12:02.125+0000] {dagbag.py:545} INFO - Filling up the DagBag from /home/airflow/.local/lib/python3.12/site-packages/airflow/example_dags/example_latest_only.py
[2024-12-21T19:12:02.130+0000] {processor.py:840} INFO - DAG(s) 'latest_only' retrieved from /home/airflow/.local/lib/python3.12/site-packages/airflow/example_dags/example_latest_only.py
[2024-12-21T19:12:02.152+0000] {logging_mixin.py:188} INFO - [2024-12-21T19:12:02.152+0000] {dag.py:3096} INFO - Sync 1 DAGs
[2024-12-21T19:12:02.177+0000] {logging_mixin.py:188} INFO - [2024-12-21T19:12:02.177+0000] {dag.py:3954} INFO - Setting next_dagrun for latest_only to 2024-12-21 12:00:00+00:00, run_after=2024-12-21 16:00:00+00:00
[2024-12-21T19:12:02.200+0000] {processor.py:183} INFO - Processing /home/airflow/.local/lib/python3.12/site-packages/airflow/example_dags/example_latest_only.py took 0.084 seconds
