[2024-12-21T08:01:23.905+0000] {processor.py:161} INFO - Started process (PID=71) to work on /home/airflow/.local/lib/python3.12/site-packages/airflow/example_dags/example_python_operator.py
[2024-12-21T08:01:23.907+0000] {processor.py:830} INFO - Processing file /home/airflow/.local/lib/python3.12/site-packages/airflow/example_dags/example_python_operator.py for tasks to queue
[2024-12-21T08:01:23.911+0000] {logging_mixin.py:188} INFO - [2024-12-21T08:01:23.911+0000] {dagbag.py:545} INFO - Filling up the DagBag from /home/airflow/.local/lib/python3.12/site-packages/airflow/example_dags/example_python_operator.py
[2024-12-21T08:01:23.953+0000] {processor.py:840} INFO - DAG(s) 'example_python_operator' retrieved from /home/airflow/.local/lib/python3.12/site-packages/airflow/example_dags/example_python_operator.py
[2024-12-21T08:01:24.204+0000] {logging_mixin.py:188} INFO - [2024-12-21T08:01:24.203+0000] {dag.py:3096} INFO - Sync 1 DAGs
[2024-12-21T08:01:24.224+0000] {logging_mixin.py:188} INFO - [2024-12-21T08:01:24.224+0000] {dag.py:3954} INFO - Setting next_dagrun for example_python_operator to None, run_after=None
[2024-12-21T08:01:24.284+0000] {processor.py:183} INFO - Processing /home/airflow/.local/lib/python3.12/site-packages/airflow/example_dags/example_python_operator.py took 0.388 seconds
[2024-12-21T08:01:55.096+0000] {processor.py:161} INFO - Started process (PID=129) to work on /home/airflow/.local/lib/python3.12/site-packages/airflow/example_dags/example_python_operator.py
[2024-12-21T08:01:55.098+0000] {processor.py:830} INFO - Processing file /home/airflow/.local/lib/python3.12/site-packages/airflow/example_dags/example_python_operator.py for tasks to queue
[2024-12-21T08:01:55.100+0000] {logging_mixin.py:188} INFO - [2024-12-21T08:01:55.100+0000] {dagbag.py:545} INFO - Filling up the DagBag from /home/airflow/.local/lib/python3.12/site-packages/airflow/example_dags/example_python_operator.py
[2024-12-21T08:01:55.110+0000] {processor.py:840} INFO - DAG(s) 'example_python_operator' retrieved from /home/airflow/.local/lib/python3.12/site-packages/airflow/example_dags/example_python_operator.py
[2024-12-21T08:01:55.137+0000] {logging_mixin.py:188} INFO - [2024-12-21T08:01:55.136+0000] {dag.py:3096} INFO - Sync 1 DAGs
[2024-12-21T08:01:55.152+0000] {logging_mixin.py:188} INFO - [2024-12-21T08:01:55.152+0000] {dag.py:3954} INFO - Setting next_dagrun for example_python_operator to None, run_after=None
[2024-12-21T08:01:55.181+0000] {processor.py:183} INFO - Processing /home/airflow/.local/lib/python3.12/site-packages/airflow/example_dags/example_python_operator.py took 0.090 seconds
[2024-12-21T08:02:26.016+0000] {processor.py:161} INFO - Started process (PID=187) to work on /home/airflow/.local/lib/python3.12/site-packages/airflow/example_dags/example_python_operator.py
[2024-12-21T08:02:26.018+0000] {processor.py:830} INFO - Processing file /home/airflow/.local/lib/python3.12/site-packages/airflow/example_dags/example_python_operator.py for tasks to queue
[2024-12-21T08:02:26.020+0000] {logging_mixin.py:188} INFO - [2024-12-21T08:02:26.020+0000] {dagbag.py:545} INFO - Filling up the DagBag from /home/airflow/.local/lib/python3.12/site-packages/airflow/example_dags/example_python_operator.py
[2024-12-21T08:02:26.033+0000] {processor.py:840} INFO - DAG(s) 'example_python_operator' retrieved from /home/airflow/.local/lib/python3.12/site-packages/airflow/example_dags/example_python_operator.py
[2024-12-21T08:02:26.076+0000] {logging_mixin.py:188} INFO - [2024-12-21T08:02:26.075+0000] {dag.py:3096} INFO - Sync 1 DAGs
[2024-12-21T08:02:26.096+0000] {logging_mixin.py:188} INFO - [2024-12-21T08:02:26.095+0000] {dag.py:3954} INFO - Setting next_dagrun for example_python_operator to None, run_after=None
[2024-12-21T08:02:26.135+0000] {processor.py:183} INFO - Processing /home/airflow/.local/lib/python3.12/site-packages/airflow/example_dags/example_python_operator.py took 0.124 seconds
[2024-12-21T08:02:57.028+0000] {processor.py:161} INFO - Started process (PID=245) to work on /home/airflow/.local/lib/python3.12/site-packages/airflow/example_dags/example_python_operator.py
[2024-12-21T08:02:57.030+0000] {processor.py:830} INFO - Processing file /home/airflow/.local/lib/python3.12/site-packages/airflow/example_dags/example_python_operator.py for tasks to queue
[2024-12-21T08:02:57.034+0000] {logging_mixin.py:188} INFO - [2024-12-21T08:02:57.033+0000] {dagbag.py:545} INFO - Filling up the DagBag from /home/airflow/.local/lib/python3.12/site-packages/airflow/example_dags/example_python_operator.py
[2024-12-21T08:02:57.058+0000] {processor.py:840} INFO - DAG(s) 'example_python_operator' retrieved from /home/airflow/.local/lib/python3.12/site-packages/airflow/example_dags/example_python_operator.py
[2024-12-21T08:02:57.109+0000] {logging_mixin.py:188} INFO - [2024-12-21T08:02:57.109+0000] {dag.py:3096} INFO - Sync 1 DAGs
[2024-12-21T08:02:57.130+0000] {logging_mixin.py:188} INFO - [2024-12-21T08:02:57.130+0000] {dag.py:3954} INFO - Setting next_dagrun for example_python_operator to None, run_after=None
[2024-12-21T08:02:57.171+0000] {processor.py:183} INFO - Processing /home/airflow/.local/lib/python3.12/site-packages/airflow/example_dags/example_python_operator.py took 0.153 seconds
[2024-12-21T08:03:27.444+0000] {processor.py:161} INFO - Started process (PID=303) to work on /home/airflow/.local/lib/python3.12/site-packages/airflow/example_dags/example_python_operator.py
[2024-12-21T08:03:27.445+0000] {processor.py:830} INFO - Processing file /home/airflow/.local/lib/python3.12/site-packages/airflow/example_dags/example_python_operator.py for tasks to queue
[2024-12-21T08:03:27.449+0000] {logging_mixin.py:188} INFO - [2024-12-21T08:03:27.448+0000] {dagbag.py:545} INFO - Filling up the DagBag from /home/airflow/.local/lib/python3.12/site-packages/airflow/example_dags/example_python_operator.py
[2024-12-21T08:03:27.477+0000] {processor.py:840} INFO - DAG(s) 'example_python_operator' retrieved from /home/airflow/.local/lib/python3.12/site-packages/airflow/example_dags/example_python_operator.py
[2024-12-21T08:03:27.524+0000] {logging_mixin.py:188} INFO - [2024-12-21T08:03:27.523+0000] {dag.py:3096} INFO - Sync 1 DAGs
[2024-12-21T08:03:27.549+0000] {logging_mixin.py:188} INFO - [2024-12-21T08:03:27.549+0000] {dag.py:3954} INFO - Setting next_dagrun for example_python_operator to None, run_after=None
[2024-12-21T08:03:27.590+0000] {processor.py:183} INFO - Processing /home/airflow/.local/lib/python3.12/site-packages/airflow/example_dags/example_python_operator.py took 0.156 seconds
[2024-12-21T08:03:58.081+0000] {processor.py:161} INFO - Started process (PID=361) to work on /home/airflow/.local/lib/python3.12/site-packages/airflow/example_dags/example_python_operator.py
[2024-12-21T08:03:58.082+0000] {processor.py:830} INFO - Processing file /home/airflow/.local/lib/python3.12/site-packages/airflow/example_dags/example_python_operator.py for tasks to queue
[2024-12-21T08:03:58.085+0000] {logging_mixin.py:188} INFO - [2024-12-21T08:03:58.085+0000] {dagbag.py:545} INFO - Filling up the DagBag from /home/airflow/.local/lib/python3.12/site-packages/airflow/example_dags/example_python_operator.py
[2024-12-21T08:03:58.096+0000] {processor.py:840} INFO - DAG(s) 'example_python_operator' retrieved from /home/airflow/.local/lib/python3.12/site-packages/airflow/example_dags/example_python_operator.py
[2024-12-21T08:03:58.122+0000] {logging_mixin.py:188} INFO - [2024-12-21T08:03:58.122+0000] {dag.py:3096} INFO - Sync 1 DAGs
[2024-12-21T08:03:58.137+0000] {logging_mixin.py:188} INFO - [2024-12-21T08:03:58.136+0000] {dag.py:3954} INFO - Setting next_dagrun for example_python_operator to None, run_after=None
[2024-12-21T08:03:58.171+0000] {processor.py:183} INFO - Processing /home/airflow/.local/lib/python3.12/site-packages/airflow/example_dags/example_python_operator.py took 0.095 seconds
[2024-12-21T08:04:28.322+0000] {processor.py:161} INFO - Started process (PID=419) to work on /home/airflow/.local/lib/python3.12/site-packages/airflow/example_dags/example_python_operator.py
[2024-12-21T08:04:28.324+0000] {processor.py:830} INFO - Processing file /home/airflow/.local/lib/python3.12/site-packages/airflow/example_dags/example_python_operator.py for tasks to queue
[2024-12-21T08:04:28.326+0000] {logging_mixin.py:188} INFO - [2024-12-21T08:04:28.326+0000] {dagbag.py:545} INFO - Filling up the DagBag from /home/airflow/.local/lib/python3.12/site-packages/airflow/example_dags/example_python_operator.py
[2024-12-21T08:04:28.340+0000] {processor.py:840} INFO - DAG(s) 'example_python_operator' retrieved from /home/airflow/.local/lib/python3.12/site-packages/airflow/example_dags/example_python_operator.py
[2024-12-21T08:04:28.366+0000] {logging_mixin.py:188} INFO - [2024-12-21T08:04:28.366+0000] {dag.py:3096} INFO - Sync 1 DAGs
[2024-12-21T08:04:28.380+0000] {logging_mixin.py:188} INFO - [2024-12-21T08:04:28.379+0000] {dag.py:3954} INFO - Setting next_dagrun for example_python_operator to None, run_after=None
[2024-12-21T08:04:28.409+0000] {processor.py:183} INFO - Processing /home/airflow/.local/lib/python3.12/site-packages/airflow/example_dags/example_python_operator.py took 0.095 seconds
[2024-12-21T08:04:58.536+0000] {processor.py:161} INFO - Started process (PID=477) to work on /home/airflow/.local/lib/python3.12/site-packages/airflow/example_dags/example_python_operator.py
[2024-12-21T08:04:58.538+0000] {processor.py:830} INFO - Processing file /home/airflow/.local/lib/python3.12/site-packages/airflow/example_dags/example_python_operator.py for tasks to queue
[2024-12-21T08:04:58.541+0000] {logging_mixin.py:188} INFO - [2024-12-21T08:04:58.541+0000] {dagbag.py:545} INFO - Filling up the DagBag from /home/airflow/.local/lib/python3.12/site-packages/airflow/example_dags/example_python_operator.py
[2024-12-21T08:04:58.552+0000] {processor.py:840} INFO - DAG(s) 'example_python_operator' retrieved from /home/airflow/.local/lib/python3.12/site-packages/airflow/example_dags/example_python_operator.py
[2024-12-21T08:04:58.584+0000] {logging_mixin.py:188} INFO - [2024-12-21T08:04:58.584+0000] {dag.py:3096} INFO - Sync 1 DAGs
[2024-12-21T08:04:58.599+0000] {logging_mixin.py:188} INFO - [2024-12-21T08:04:58.599+0000] {dag.py:3954} INFO - Setting next_dagrun for example_python_operator to None, run_after=None
[2024-12-21T08:04:58.634+0000] {processor.py:183} INFO - Processing /home/airflow/.local/lib/python3.12/site-packages/airflow/example_dags/example_python_operator.py took 0.108 seconds
[2024-12-21T18:50:55.521+0000] {processor.py:161} INFO - Started process (PID=66) to work on /home/airflow/.local/lib/python3.12/site-packages/airflow/example_dags/example_python_operator.py
[2024-12-21T18:50:55.523+0000] {processor.py:830} INFO - Processing file /home/airflow/.local/lib/python3.12/site-packages/airflow/example_dags/example_python_operator.py for tasks to queue
[2024-12-21T18:50:55.525+0000] {logging_mixin.py:188} INFO - [2024-12-21T18:50:55.525+0000] {dagbag.py:545} INFO - Filling up the DagBag from /home/airflow/.local/lib/python3.12/site-packages/airflow/example_dags/example_python_operator.py
[2024-12-21T18:50:55.543+0000] {processor.py:840} INFO - DAG(s) 'example_python_operator' retrieved from /home/airflow/.local/lib/python3.12/site-packages/airflow/example_dags/example_python_operator.py
[2024-12-21T18:50:55.759+0000] {logging_mixin.py:188} INFO - [2024-12-21T18:50:55.759+0000] {dag.py:3096} INFO - Sync 1 DAGs
[2024-12-21T18:50:55.778+0000] {logging_mixin.py:188} INFO - [2024-12-21T18:50:55.778+0000] {dag.py:3954} INFO - Setting next_dagrun for example_python_operator to None, run_after=None
[2024-12-21T18:50:55.813+0000] {processor.py:183} INFO - Processing /home/airflow/.local/lib/python3.12/site-packages/airflow/example_dags/example_python_operator.py took 0.299 seconds
[2024-12-21T18:51:25.909+0000] {processor.py:161} INFO - Started process (PID=124) to work on /home/airflow/.local/lib/python3.12/site-packages/airflow/example_dags/example_python_operator.py
[2024-12-21T18:51:25.911+0000] {processor.py:830} INFO - Processing file /home/airflow/.local/lib/python3.12/site-packages/airflow/example_dags/example_python_operator.py for tasks to queue
[2024-12-21T18:51:25.913+0000] {logging_mixin.py:188} INFO - [2024-12-21T18:51:25.913+0000] {dagbag.py:545} INFO - Filling up the DagBag from /home/airflow/.local/lib/python3.12/site-packages/airflow/example_dags/example_python_operator.py
[2024-12-21T18:51:25.925+0000] {processor.py:840} INFO - DAG(s) 'example_python_operator' retrieved from /home/airflow/.local/lib/python3.12/site-packages/airflow/example_dags/example_python_operator.py
[2024-12-21T18:51:25.951+0000] {logging_mixin.py:188} INFO - [2024-12-21T18:51:25.951+0000] {dag.py:3096} INFO - Sync 1 DAGs
[2024-12-21T18:51:25.968+0000] {logging_mixin.py:188} INFO - [2024-12-21T18:51:25.968+0000] {dag.py:3954} INFO - Setting next_dagrun for example_python_operator to None, run_after=None
[2024-12-21T18:51:25.993+0000] {processor.py:183} INFO - Processing /home/airflow/.local/lib/python3.12/site-packages/airflow/example_dags/example_python_operator.py took 0.091 seconds
[2024-12-21T18:51:56.230+0000] {processor.py:161} INFO - Started process (PID=182) to work on /home/airflow/.local/lib/python3.12/site-packages/airflow/example_dags/example_python_operator.py
[2024-12-21T18:51:56.232+0000] {processor.py:830} INFO - Processing file /home/airflow/.local/lib/python3.12/site-packages/airflow/example_dags/example_python_operator.py for tasks to queue
[2024-12-21T18:51:56.236+0000] {logging_mixin.py:188} INFO - [2024-12-21T18:51:56.235+0000] {dagbag.py:545} INFO - Filling up the DagBag from /home/airflow/.local/lib/python3.12/site-packages/airflow/example_dags/example_python_operator.py
[2024-12-21T18:51:56.256+0000] {processor.py:840} INFO - DAG(s) 'example_python_operator' retrieved from /home/airflow/.local/lib/python3.12/site-packages/airflow/example_dags/example_python_operator.py
[2024-12-21T18:51:56.299+0000] {logging_mixin.py:188} INFO - [2024-12-21T18:51:56.298+0000] {dag.py:3096} INFO - Sync 1 DAGs
[2024-12-21T18:51:56.327+0000] {logging_mixin.py:188} INFO - [2024-12-21T18:51:56.326+0000] {dag.py:3954} INFO - Setting next_dagrun for example_python_operator to None, run_after=None
[2024-12-21T18:51:56.381+0000] {processor.py:183} INFO - Processing /home/airflow/.local/lib/python3.12/site-packages/airflow/example_dags/example_python_operator.py took 0.160 seconds
[2024-12-21T18:52:26.571+0000] {processor.py:161} INFO - Started process (PID=240) to work on /home/airflow/.local/lib/python3.12/site-packages/airflow/example_dags/example_python_operator.py
[2024-12-21T18:52:26.573+0000] {processor.py:830} INFO - Processing file /home/airflow/.local/lib/python3.12/site-packages/airflow/example_dags/example_python_operator.py for tasks to queue
[2024-12-21T18:52:26.575+0000] {logging_mixin.py:188} INFO - [2024-12-21T18:52:26.575+0000] {dagbag.py:545} INFO - Filling up the DagBag from /home/airflow/.local/lib/python3.12/site-packages/airflow/example_dags/example_python_operator.py
[2024-12-21T18:52:26.585+0000] {processor.py:840} INFO - DAG(s) 'example_python_operator' retrieved from /home/airflow/.local/lib/python3.12/site-packages/airflow/example_dags/example_python_operator.py
[2024-12-21T18:52:26.611+0000] {logging_mixin.py:188} INFO - [2024-12-21T18:52:26.610+0000] {dag.py:3096} INFO - Sync 1 DAGs
[2024-12-21T18:52:26.631+0000] {logging_mixin.py:188} INFO - [2024-12-21T18:52:26.630+0000] {dag.py:3954} INFO - Setting next_dagrun for example_python_operator to None, run_after=None
[2024-12-21T18:52:26.663+0000] {processor.py:183} INFO - Processing /home/airflow/.local/lib/python3.12/site-packages/airflow/example_dags/example_python_operator.py took 0.097 seconds
[2024-12-21T18:57:40.172+0000] {processor.py:161} INFO - Started process (PID=67) to work on /home/airflow/.local/lib/python3.12/site-packages/airflow/example_dags/example_python_operator.py
[2024-12-21T18:57:40.175+0000] {processor.py:830} INFO - Processing file /home/airflow/.local/lib/python3.12/site-packages/airflow/example_dags/example_python_operator.py for tasks to queue
[2024-12-21T18:57:40.180+0000] {logging_mixin.py:188} INFO - [2024-12-21T18:57:40.179+0000] {dagbag.py:545} INFO - Filling up the DagBag from /home/airflow/.local/lib/python3.12/site-packages/airflow/example_dags/example_python_operator.py
[2024-12-21T18:57:40.213+0000] {processor.py:840} INFO - DAG(s) 'example_python_operator' retrieved from /home/airflow/.local/lib/python3.12/site-packages/airflow/example_dags/example_python_operator.py
[2024-12-21T18:57:40.518+0000] {logging_mixin.py:188} INFO - [2024-12-21T18:57:40.518+0000] {dag.py:3096} INFO - Sync 1 DAGs
[2024-12-21T18:57:40.536+0000] {logging_mixin.py:188} INFO - [2024-12-21T18:57:40.536+0000] {dag.py:3954} INFO - Setting next_dagrun for example_python_operator to None, run_after=None
[2024-12-21T18:57:40.572+0000] {processor.py:183} INFO - Processing /home/airflow/.local/lib/python3.12/site-packages/airflow/example_dags/example_python_operator.py took 0.411 seconds
[2024-12-21T18:58:11.067+0000] {processor.py:161} INFO - Started process (PID=124) to work on /home/airflow/.local/lib/python3.12/site-packages/airflow/example_dags/example_python_operator.py
[2024-12-21T18:58:11.069+0000] {processor.py:830} INFO - Processing file /home/airflow/.local/lib/python3.12/site-packages/airflow/example_dags/example_python_operator.py for tasks to queue
[2024-12-21T18:58:11.071+0000] {logging_mixin.py:188} INFO - [2024-12-21T18:58:11.071+0000] {dagbag.py:545} INFO - Filling up the DagBag from /home/airflow/.local/lib/python3.12/site-packages/airflow/example_dags/example_python_operator.py
[2024-12-21T18:58:11.083+0000] {processor.py:840} INFO - DAG(s) 'example_python_operator' retrieved from /home/airflow/.local/lib/python3.12/site-packages/airflow/example_dags/example_python_operator.py
[2024-12-21T18:58:11.109+0000] {logging_mixin.py:188} INFO - [2024-12-21T18:58:11.109+0000] {dag.py:3096} INFO - Sync 1 DAGs
[2024-12-21T18:58:11.123+0000] {logging_mixin.py:188} INFO - [2024-12-21T18:58:11.123+0000] {dag.py:3954} INFO - Setting next_dagrun for example_python_operator to None, run_after=None
[2024-12-21T18:58:11.149+0000] {processor.py:183} INFO - Processing /home/airflow/.local/lib/python3.12/site-packages/airflow/example_dags/example_python_operator.py took 0.087 seconds
[2024-12-21T18:58:41.507+0000] {processor.py:161} INFO - Started process (PID=182) to work on /home/airflow/.local/lib/python3.12/site-packages/airflow/example_dags/example_python_operator.py
[2024-12-21T18:58:41.509+0000] {processor.py:830} INFO - Processing file /home/airflow/.local/lib/python3.12/site-packages/airflow/example_dags/example_python_operator.py for tasks to queue
[2024-12-21T18:58:41.512+0000] {logging_mixin.py:188} INFO - [2024-12-21T18:58:41.511+0000] {dagbag.py:545} INFO - Filling up the DagBag from /home/airflow/.local/lib/python3.12/site-packages/airflow/example_dags/example_python_operator.py
[2024-12-21T18:58:41.533+0000] {processor.py:840} INFO - DAG(s) 'example_python_operator' retrieved from /home/airflow/.local/lib/python3.12/site-packages/airflow/example_dags/example_python_operator.py
[2024-12-21T18:58:41.577+0000] {logging_mixin.py:188} INFO - [2024-12-21T18:58:41.576+0000] {dag.py:3096} INFO - Sync 1 DAGs
[2024-12-21T18:58:41.604+0000] {logging_mixin.py:188} INFO - [2024-12-21T18:58:41.603+0000] {dag.py:3954} INFO - Setting next_dagrun for example_python_operator to None, run_after=None
[2024-12-21T18:58:41.638+0000] {processor.py:183} INFO - Processing /home/airflow/.local/lib/python3.12/site-packages/airflow/example_dags/example_python_operator.py took 0.140 seconds
[2024-12-21T18:59:11.712+0000] {processor.py:161} INFO - Started process (PID=240) to work on /home/airflow/.local/lib/python3.12/site-packages/airflow/example_dags/example_python_operator.py
[2024-12-21T18:59:11.714+0000] {processor.py:830} INFO - Processing file /home/airflow/.local/lib/python3.12/site-packages/airflow/example_dags/example_python_operator.py for tasks to queue
[2024-12-21T18:59:11.717+0000] {logging_mixin.py:188} INFO - [2024-12-21T18:59:11.716+0000] {dagbag.py:545} INFO - Filling up the DagBag from /home/airflow/.local/lib/python3.12/site-packages/airflow/example_dags/example_python_operator.py
[2024-12-21T18:59:11.731+0000] {processor.py:840} INFO - DAG(s) 'example_python_operator' retrieved from /home/airflow/.local/lib/python3.12/site-packages/airflow/example_dags/example_python_operator.py
[2024-12-21T18:59:11.848+0000] {logging_mixin.py:188} INFO - [2024-12-21T18:59:11.847+0000] {dag.py:3096} INFO - Sync 1 DAGs
[2024-12-21T18:59:11.926+0000] {logging_mixin.py:188} INFO - [2024-12-21T18:59:11.925+0000] {dag.py:3954} INFO - Setting next_dagrun for example_python_operator to None, run_after=None
[2024-12-21T18:59:12.045+0000] {processor.py:183} INFO - Processing /home/airflow/.local/lib/python3.12/site-packages/airflow/example_dags/example_python_operator.py took 0.340 seconds
[2024-12-21T18:59:42.194+0000] {processor.py:161} INFO - Started process (PID=298) to work on /home/airflow/.local/lib/python3.12/site-packages/airflow/example_dags/example_python_operator.py
[2024-12-21T18:59:42.196+0000] {processor.py:830} INFO - Processing file /home/airflow/.local/lib/python3.12/site-packages/airflow/example_dags/example_python_operator.py for tasks to queue
[2024-12-21T18:59:42.198+0000] {logging_mixin.py:188} INFO - [2024-12-21T18:59:42.198+0000] {dagbag.py:545} INFO - Filling up the DagBag from /home/airflow/.local/lib/python3.12/site-packages/airflow/example_dags/example_python_operator.py
[2024-12-21T18:59:42.208+0000] {processor.py:840} INFO - DAG(s) 'example_python_operator' retrieved from /home/airflow/.local/lib/python3.12/site-packages/airflow/example_dags/example_python_operator.py
[2024-12-21T18:59:42.234+0000] {logging_mixin.py:188} INFO - [2024-12-21T18:59:42.234+0000] {dag.py:3096} INFO - Sync 1 DAGs
[2024-12-21T18:59:42.248+0000] {logging_mixin.py:188} INFO - [2024-12-21T18:59:42.247+0000] {dag.py:3954} INFO - Setting next_dagrun for example_python_operator to None, run_after=None
[2024-12-21T18:59:42.277+0000] {processor.py:183} INFO - Processing /home/airflow/.local/lib/python3.12/site-packages/airflow/example_dags/example_python_operator.py took 0.089 seconds
[2024-12-21T19:00:12.332+0000] {processor.py:161} INFO - Started process (PID=356) to work on /home/airflow/.local/lib/python3.12/site-packages/airflow/example_dags/example_python_operator.py
[2024-12-21T19:00:12.333+0000] {processor.py:830} INFO - Processing file /home/airflow/.local/lib/python3.12/site-packages/airflow/example_dags/example_python_operator.py for tasks to queue
[2024-12-21T19:00:12.336+0000] {logging_mixin.py:188} INFO - [2024-12-21T19:00:12.335+0000] {dagbag.py:545} INFO - Filling up the DagBag from /home/airflow/.local/lib/python3.12/site-packages/airflow/example_dags/example_python_operator.py
[2024-12-21T19:00:12.351+0000] {processor.py:840} INFO - DAG(s) 'example_python_operator' retrieved from /home/airflow/.local/lib/python3.12/site-packages/airflow/example_dags/example_python_operator.py
[2024-12-21T19:00:12.383+0000] {logging_mixin.py:188} INFO - [2024-12-21T19:00:12.383+0000] {dag.py:3096} INFO - Sync 1 DAGs
[2024-12-21T19:00:12.407+0000] {logging_mixin.py:188} INFO - [2024-12-21T19:00:12.407+0000] {dag.py:3954} INFO - Setting next_dagrun for example_python_operator to None, run_after=None
[2024-12-21T19:00:12.444+0000] {processor.py:183} INFO - Processing /home/airflow/.local/lib/python3.12/site-packages/airflow/example_dags/example_python_operator.py took 0.117 seconds
[2024-12-21T19:00:42.631+0000] {processor.py:161} INFO - Started process (PID=420) to work on /home/airflow/.local/lib/python3.12/site-packages/airflow/example_dags/example_python_operator.py
[2024-12-21T19:00:42.632+0000] {processor.py:830} INFO - Processing file /home/airflow/.local/lib/python3.12/site-packages/airflow/example_dags/example_python_operator.py for tasks to queue
[2024-12-21T19:00:42.635+0000] {logging_mixin.py:188} INFO - [2024-12-21T19:00:42.634+0000] {dagbag.py:545} INFO - Filling up the DagBag from /home/airflow/.local/lib/python3.12/site-packages/airflow/example_dags/example_python_operator.py
[2024-12-21T19:00:42.648+0000] {processor.py:840} INFO - DAG(s) 'example_python_operator' retrieved from /home/airflow/.local/lib/python3.12/site-packages/airflow/example_dags/example_python_operator.py
[2024-12-21T19:00:42.679+0000] {logging_mixin.py:188} INFO - [2024-12-21T19:00:42.678+0000] {dag.py:3096} INFO - Sync 1 DAGs
[2024-12-21T19:00:42.701+0000] {logging_mixin.py:188} INFO - [2024-12-21T19:00:42.701+0000] {dag.py:3954} INFO - Setting next_dagrun for example_python_operator to None, run_after=None
[2024-12-21T19:00:42.735+0000] {processor.py:183} INFO - Processing /home/airflow/.local/lib/python3.12/site-packages/airflow/example_dags/example_python_operator.py took 0.110 seconds
[2024-12-21T19:01:13.043+0000] {processor.py:161} INFO - Started process (PID=478) to work on /home/airflow/.local/lib/python3.12/site-packages/airflow/example_dags/example_python_operator.py
[2024-12-21T19:01:13.044+0000] {processor.py:830} INFO - Processing file /home/airflow/.local/lib/python3.12/site-packages/airflow/example_dags/example_python_operator.py for tasks to queue
[2024-12-21T19:01:13.047+0000] {logging_mixin.py:188} INFO - [2024-12-21T19:01:13.046+0000] {dagbag.py:545} INFO - Filling up the DagBag from /home/airflow/.local/lib/python3.12/site-packages/airflow/example_dags/example_python_operator.py
[2024-12-21T19:01:13.060+0000] {processor.py:840} INFO - DAG(s) 'example_python_operator' retrieved from /home/airflow/.local/lib/python3.12/site-packages/airflow/example_dags/example_python_operator.py
[2024-12-21T19:01:13.089+0000] {logging_mixin.py:188} INFO - [2024-12-21T19:01:13.089+0000] {dag.py:3096} INFO - Sync 1 DAGs
[2024-12-21T19:01:13.103+0000] {logging_mixin.py:188} INFO - [2024-12-21T19:01:13.103+0000] {dag.py:3954} INFO - Setting next_dagrun for example_python_operator to None, run_after=None
[2024-12-21T19:01:13.130+0000] {processor.py:183} INFO - Processing /home/airflow/.local/lib/python3.12/site-packages/airflow/example_dags/example_python_operator.py took 0.093 seconds
[2024-12-21T19:01:43.732+0000] {processor.py:161} INFO - Started process (PID=536) to work on /home/airflow/.local/lib/python3.12/site-packages/airflow/example_dags/example_python_operator.py
[2024-12-21T19:01:43.735+0000] {processor.py:830} INFO - Processing file /home/airflow/.local/lib/python3.12/site-packages/airflow/example_dags/example_python_operator.py for tasks to queue
[2024-12-21T19:01:43.739+0000] {logging_mixin.py:188} INFO - [2024-12-21T19:01:43.739+0000] {dagbag.py:545} INFO - Filling up the DagBag from /home/airflow/.local/lib/python3.12/site-packages/airflow/example_dags/example_python_operator.py
[2024-12-21T19:01:43.757+0000] {processor.py:840} INFO - DAG(s) 'example_python_operator' retrieved from /home/airflow/.local/lib/python3.12/site-packages/airflow/example_dags/example_python_operator.py
[2024-12-21T19:01:43.797+0000] {logging_mixin.py:188} INFO - [2024-12-21T19:01:43.796+0000] {dag.py:3096} INFO - Sync 1 DAGs
[2024-12-21T19:01:43.815+0000] {logging_mixin.py:188} INFO - [2024-12-21T19:01:43.814+0000] {dag.py:3954} INFO - Setting next_dagrun for example_python_operator to None, run_after=None
[2024-12-21T19:01:43.845+0000] {processor.py:183} INFO - Processing /home/airflow/.local/lib/python3.12/site-packages/airflow/example_dags/example_python_operator.py took 0.122 seconds
[2024-12-21T19:02:13.970+0000] {processor.py:161} INFO - Started process (PID=594) to work on /home/airflow/.local/lib/python3.12/site-packages/airflow/example_dags/example_python_operator.py
[2024-12-21T19:02:13.971+0000] {processor.py:830} INFO - Processing file /home/airflow/.local/lib/python3.12/site-packages/airflow/example_dags/example_python_operator.py for tasks to queue
[2024-12-21T19:02:13.974+0000] {logging_mixin.py:188} INFO - [2024-12-21T19:02:13.973+0000] {dagbag.py:545} INFO - Filling up the DagBag from /home/airflow/.local/lib/python3.12/site-packages/airflow/example_dags/example_python_operator.py
[2024-12-21T19:02:13.993+0000] {processor.py:840} INFO - DAG(s) 'example_python_operator' retrieved from /home/airflow/.local/lib/python3.12/site-packages/airflow/example_dags/example_python_operator.py
[2024-12-21T19:02:14.026+0000] {logging_mixin.py:188} INFO - [2024-12-21T19:02:14.026+0000] {dag.py:3096} INFO - Sync 1 DAGs
[2024-12-21T19:02:14.042+0000] {logging_mixin.py:188} INFO - [2024-12-21T19:02:14.042+0000] {dag.py:3954} INFO - Setting next_dagrun for example_python_operator to None, run_after=None
[2024-12-21T19:02:14.073+0000] {processor.py:183} INFO - Processing /home/airflow/.local/lib/python3.12/site-packages/airflow/example_dags/example_python_operator.py took 0.109 seconds
[2024-12-21T19:02:44.341+0000] {processor.py:161} INFO - Started process (PID=652) to work on /home/airflow/.local/lib/python3.12/site-packages/airflow/example_dags/example_python_operator.py
[2024-12-21T19:02:44.343+0000] {processor.py:830} INFO - Processing file /home/airflow/.local/lib/python3.12/site-packages/airflow/example_dags/example_python_operator.py for tasks to queue
[2024-12-21T19:02:44.346+0000] {logging_mixin.py:188} INFO - [2024-12-21T19:02:44.345+0000] {dagbag.py:545} INFO - Filling up the DagBag from /home/airflow/.local/lib/python3.12/site-packages/airflow/example_dags/example_python_operator.py
[2024-12-21T19:02:44.357+0000] {processor.py:840} INFO - DAG(s) 'example_python_operator' retrieved from /home/airflow/.local/lib/python3.12/site-packages/airflow/example_dags/example_python_operator.py
[2024-12-21T19:02:44.386+0000] {logging_mixin.py:188} INFO - [2024-12-21T19:02:44.385+0000] {dag.py:3096} INFO - Sync 1 DAGs
[2024-12-21T19:02:44.405+0000] {logging_mixin.py:188} INFO - [2024-12-21T19:02:44.405+0000] {dag.py:3954} INFO - Setting next_dagrun for example_python_operator to None, run_after=None
[2024-12-21T19:02:44.439+0000] {processor.py:183} INFO - Processing /home/airflow/.local/lib/python3.12/site-packages/airflow/example_dags/example_python_operator.py took 0.106 seconds
[2024-12-21T19:03:14.902+0000] {processor.py:161} INFO - Started process (PID=710) to work on /home/airflow/.local/lib/python3.12/site-packages/airflow/example_dags/example_python_operator.py
[2024-12-21T19:03:14.903+0000] {processor.py:830} INFO - Processing file /home/airflow/.local/lib/python3.12/site-packages/airflow/example_dags/example_python_operator.py for tasks to queue
[2024-12-21T19:03:14.905+0000] {logging_mixin.py:188} INFO - [2024-12-21T19:03:14.905+0000] {dagbag.py:545} INFO - Filling up the DagBag from /home/airflow/.local/lib/python3.12/site-packages/airflow/example_dags/example_python_operator.py
[2024-12-21T19:03:14.917+0000] {processor.py:840} INFO - DAG(s) 'example_python_operator' retrieved from /home/airflow/.local/lib/python3.12/site-packages/airflow/example_dags/example_python_operator.py
[2024-12-21T19:03:14.944+0000] {logging_mixin.py:188} INFO - [2024-12-21T19:03:14.943+0000] {dag.py:3096} INFO - Sync 1 DAGs
[2024-12-21T19:03:14.959+0000] {logging_mixin.py:188} INFO - [2024-12-21T19:03:14.959+0000] {dag.py:3954} INFO - Setting next_dagrun for example_python_operator to None, run_after=None
[2024-12-21T19:03:14.987+0000] {processor.py:183} INFO - Processing /home/airflow/.local/lib/python3.12/site-packages/airflow/example_dags/example_python_operator.py took 0.090 seconds
[2024-12-21T19:03:45.172+0000] {processor.py:161} INFO - Started process (PID=768) to work on /home/airflow/.local/lib/python3.12/site-packages/airflow/example_dags/example_python_operator.py
[2024-12-21T19:03:45.173+0000] {processor.py:830} INFO - Processing file /home/airflow/.local/lib/python3.12/site-packages/airflow/example_dags/example_python_operator.py for tasks to queue
[2024-12-21T19:03:45.176+0000] {logging_mixin.py:188} INFO - [2024-12-21T19:03:45.175+0000] {dagbag.py:545} INFO - Filling up the DagBag from /home/airflow/.local/lib/python3.12/site-packages/airflow/example_dags/example_python_operator.py
[2024-12-21T19:03:45.185+0000] {processor.py:840} INFO - DAG(s) 'example_python_operator' retrieved from /home/airflow/.local/lib/python3.12/site-packages/airflow/example_dags/example_python_operator.py
[2024-12-21T19:03:45.212+0000] {logging_mixin.py:188} INFO - [2024-12-21T19:03:45.212+0000] {dag.py:3096} INFO - Sync 1 DAGs
[2024-12-21T19:03:45.227+0000] {logging_mixin.py:188} INFO - [2024-12-21T19:03:45.227+0000] {dag.py:3954} INFO - Setting next_dagrun for example_python_operator to None, run_after=None
[2024-12-21T19:03:45.257+0000] {processor.py:183} INFO - Processing /home/airflow/.local/lib/python3.12/site-packages/airflow/example_dags/example_python_operator.py took 0.090 seconds
[2024-12-21T19:04:15.419+0000] {processor.py:161} INFO - Started process (PID=826) to work on /home/airflow/.local/lib/python3.12/site-packages/airflow/example_dags/example_python_operator.py
[2024-12-21T19:04:15.420+0000] {processor.py:830} INFO - Processing file /home/airflow/.local/lib/python3.12/site-packages/airflow/example_dags/example_python_operator.py for tasks to queue
[2024-12-21T19:04:15.423+0000] {logging_mixin.py:188} INFO - [2024-12-21T19:04:15.422+0000] {dagbag.py:545} INFO - Filling up the DagBag from /home/airflow/.local/lib/python3.12/site-packages/airflow/example_dags/example_python_operator.py
[2024-12-21T19:04:15.432+0000] {processor.py:840} INFO - DAG(s) 'example_python_operator' retrieved from /home/airflow/.local/lib/python3.12/site-packages/airflow/example_dags/example_python_operator.py
[2024-12-21T19:04:15.458+0000] {logging_mixin.py:188} INFO - [2024-12-21T19:04:15.458+0000] {dag.py:3096} INFO - Sync 1 DAGs
[2024-12-21T19:04:15.474+0000] {logging_mixin.py:188} INFO - [2024-12-21T19:04:15.474+0000] {dag.py:3954} INFO - Setting next_dagrun for example_python_operator to None, run_after=None
[2024-12-21T19:04:15.512+0000] {processor.py:183} INFO - Processing /home/airflow/.local/lib/python3.12/site-packages/airflow/example_dags/example_python_operator.py took 0.098 seconds
[2024-12-21T19:04:45.681+0000] {processor.py:161} INFO - Started process (PID=884) to work on /home/airflow/.local/lib/python3.12/site-packages/airflow/example_dags/example_python_operator.py
[2024-12-21T19:04:45.683+0000] {processor.py:830} INFO - Processing file /home/airflow/.local/lib/python3.12/site-packages/airflow/example_dags/example_python_operator.py for tasks to queue
[2024-12-21T19:04:45.686+0000] {logging_mixin.py:188} INFO - [2024-12-21T19:04:45.685+0000] {dagbag.py:545} INFO - Filling up the DagBag from /home/airflow/.local/lib/python3.12/site-packages/airflow/example_dags/example_python_operator.py
[2024-12-21T19:04:45.699+0000] {processor.py:840} INFO - DAG(s) 'example_python_operator' retrieved from /home/airflow/.local/lib/python3.12/site-packages/airflow/example_dags/example_python_operator.py
[2024-12-21T19:04:45.729+0000] {logging_mixin.py:188} INFO - [2024-12-21T19:04:45.729+0000] {dag.py:3096} INFO - Sync 1 DAGs
[2024-12-21T19:04:45.744+0000] {logging_mixin.py:188} INFO - [2024-12-21T19:04:45.743+0000] {dag.py:3954} INFO - Setting next_dagrun for example_python_operator to None, run_after=None
[2024-12-21T19:04:45.772+0000] {processor.py:183} INFO - Processing /home/airflow/.local/lib/python3.12/site-packages/airflow/example_dags/example_python_operator.py took 0.099 seconds
[2024-12-21T19:05:16.222+0000] {processor.py:161} INFO - Started process (PID=942) to work on /home/airflow/.local/lib/python3.12/site-packages/airflow/example_dags/example_python_operator.py
[2024-12-21T19:05:16.223+0000] {processor.py:830} INFO - Processing file /home/airflow/.local/lib/python3.12/site-packages/airflow/example_dags/example_python_operator.py for tasks to queue
[2024-12-21T19:05:16.226+0000] {logging_mixin.py:188} INFO - [2024-12-21T19:05:16.225+0000] {dagbag.py:545} INFO - Filling up the DagBag from /home/airflow/.local/lib/python3.12/site-packages/airflow/example_dags/example_python_operator.py
[2024-12-21T19:05:16.239+0000] {processor.py:840} INFO - DAG(s) 'example_python_operator' retrieved from /home/airflow/.local/lib/python3.12/site-packages/airflow/example_dags/example_python_operator.py
[2024-12-21T19:05:16.270+0000] {logging_mixin.py:188} INFO - [2024-12-21T19:05:16.270+0000] {dag.py:3096} INFO - Sync 1 DAGs
[2024-12-21T19:05:16.289+0000] {logging_mixin.py:188} INFO - [2024-12-21T19:05:16.289+0000] {dag.py:3954} INFO - Setting next_dagrun for example_python_operator to None, run_after=None
[2024-12-21T19:05:16.319+0000] {processor.py:183} INFO - Processing /home/airflow/.local/lib/python3.12/site-packages/airflow/example_dags/example_python_operator.py took 0.104 seconds
[2024-12-21T19:05:46.393+0000] {processor.py:161} INFO - Started process (PID=1000) to work on /home/airflow/.local/lib/python3.12/site-packages/airflow/example_dags/example_python_operator.py
[2024-12-21T19:05:46.395+0000] {processor.py:830} INFO - Processing file /home/airflow/.local/lib/python3.12/site-packages/airflow/example_dags/example_python_operator.py for tasks to queue
[2024-12-21T19:05:46.397+0000] {logging_mixin.py:188} INFO - [2024-12-21T19:05:46.396+0000] {dagbag.py:545} INFO - Filling up the DagBag from /home/airflow/.local/lib/python3.12/site-packages/airflow/example_dags/example_python_operator.py
[2024-12-21T19:05:46.407+0000] {processor.py:840} INFO - DAG(s) 'example_python_operator' retrieved from /home/airflow/.local/lib/python3.12/site-packages/airflow/example_dags/example_python_operator.py
[2024-12-21T19:05:46.434+0000] {logging_mixin.py:188} INFO - [2024-12-21T19:05:46.434+0000] {dag.py:3096} INFO - Sync 1 DAGs
[2024-12-21T19:05:46.454+0000] {logging_mixin.py:188} INFO - [2024-12-21T19:05:46.454+0000] {dag.py:3954} INFO - Setting next_dagrun for example_python_operator to None, run_after=None
[2024-12-21T19:05:46.483+0000] {processor.py:183} INFO - Processing /home/airflow/.local/lib/python3.12/site-packages/airflow/example_dags/example_python_operator.py took 0.095 seconds
[2024-12-21T19:06:17.011+0000] {processor.py:161} INFO - Started process (PID=1058) to work on /home/airflow/.local/lib/python3.12/site-packages/airflow/example_dags/example_python_operator.py
[2024-12-21T19:06:17.017+0000] {processor.py:830} INFO - Processing file /home/airflow/.local/lib/python3.12/site-packages/airflow/example_dags/example_python_operator.py for tasks to queue
[2024-12-21T19:06:17.021+0000] {logging_mixin.py:188} INFO - [2024-12-21T19:06:17.020+0000] {dagbag.py:545} INFO - Filling up the DagBag from /home/airflow/.local/lib/python3.12/site-packages/airflow/example_dags/example_python_operator.py
[2024-12-21T19:06:17.043+0000] {processor.py:840} INFO - DAG(s) 'example_python_operator' retrieved from /home/airflow/.local/lib/python3.12/site-packages/airflow/example_dags/example_python_operator.py
[2024-12-21T19:06:17.099+0000] {logging_mixin.py:188} INFO - [2024-12-21T19:06:17.098+0000] {dag.py:3096} INFO - Sync 1 DAGs
[2024-12-21T19:06:17.138+0000] {logging_mixin.py:188} INFO - [2024-12-21T19:06:17.138+0000] {dag.py:3954} INFO - Setting next_dagrun for example_python_operator to None, run_after=None
[2024-12-21T19:06:17.213+0000] {processor.py:183} INFO - Processing /home/airflow/.local/lib/python3.12/site-packages/airflow/example_dags/example_python_operator.py took 0.217 seconds
[2024-12-21T19:06:47.295+0000] {processor.py:161} INFO - Started process (PID=1116) to work on /home/airflow/.local/lib/python3.12/site-packages/airflow/example_dags/example_python_operator.py
[2024-12-21T19:06:47.297+0000] {processor.py:830} INFO - Processing file /home/airflow/.local/lib/python3.12/site-packages/airflow/example_dags/example_python_operator.py for tasks to queue
[2024-12-21T19:06:47.300+0000] {logging_mixin.py:188} INFO - [2024-12-21T19:06:47.299+0000] {dagbag.py:545} INFO - Filling up the DagBag from /home/airflow/.local/lib/python3.12/site-packages/airflow/example_dags/example_python_operator.py
[2024-12-21T19:06:47.314+0000] {processor.py:840} INFO - DAG(s) 'example_python_operator' retrieved from /home/airflow/.local/lib/python3.12/site-packages/airflow/example_dags/example_python_operator.py
[2024-12-21T19:06:47.352+0000] {logging_mixin.py:188} INFO - [2024-12-21T19:06:47.352+0000] {dag.py:3096} INFO - Sync 1 DAGs
[2024-12-21T19:06:47.370+0000] {logging_mixin.py:188} INFO - [2024-12-21T19:06:47.370+0000] {dag.py:3954} INFO - Setting next_dagrun for example_python_operator to None, run_after=None
[2024-12-21T19:06:47.403+0000] {processor.py:183} INFO - Processing /home/airflow/.local/lib/python3.12/site-packages/airflow/example_dags/example_python_operator.py took 0.114 seconds
[2024-12-21T19:07:17.975+0000] {processor.py:161} INFO - Started process (PID=1174) to work on /home/airflow/.local/lib/python3.12/site-packages/airflow/example_dags/example_python_operator.py
[2024-12-21T19:07:17.977+0000] {processor.py:830} INFO - Processing file /home/airflow/.local/lib/python3.12/site-packages/airflow/example_dags/example_python_operator.py for tasks to queue
[2024-12-21T19:07:17.980+0000] {logging_mixin.py:188} INFO - [2024-12-21T19:07:17.980+0000] {dagbag.py:545} INFO - Filling up the DagBag from /home/airflow/.local/lib/python3.12/site-packages/airflow/example_dags/example_python_operator.py
[2024-12-21T19:07:17.998+0000] {processor.py:840} INFO - DAG(s) 'example_python_operator' retrieved from /home/airflow/.local/lib/python3.12/site-packages/airflow/example_dags/example_python_operator.py
[2024-12-21T19:07:18.037+0000] {logging_mixin.py:188} INFO - [2024-12-21T19:07:18.037+0000] {dag.py:3096} INFO - Sync 1 DAGs
[2024-12-21T19:07:18.069+0000] {logging_mixin.py:188} INFO - [2024-12-21T19:07:18.069+0000] {dag.py:3954} INFO - Setting next_dagrun for example_python_operator to None, run_after=None
[2024-12-21T19:07:18.126+0000] {processor.py:183} INFO - Processing /home/airflow/.local/lib/python3.12/site-packages/airflow/example_dags/example_python_operator.py took 0.161 seconds
[2024-12-21T19:07:48.924+0000] {processor.py:161} INFO - Started process (PID=1232) to work on /home/airflow/.local/lib/python3.12/site-packages/airflow/example_dags/example_python_operator.py
[2024-12-21T19:07:48.925+0000] {processor.py:830} INFO - Processing file /home/airflow/.local/lib/python3.12/site-packages/airflow/example_dags/example_python_operator.py for tasks to queue
[2024-12-21T19:07:48.929+0000] {logging_mixin.py:188} INFO - [2024-12-21T19:07:48.928+0000] {dagbag.py:545} INFO - Filling up the DagBag from /home/airflow/.local/lib/python3.12/site-packages/airflow/example_dags/example_python_operator.py
[2024-12-21T19:07:48.942+0000] {processor.py:840} INFO - DAG(s) 'example_python_operator' retrieved from /home/airflow/.local/lib/python3.12/site-packages/airflow/example_dags/example_python_operator.py
[2024-12-21T19:07:48.968+0000] {logging_mixin.py:188} INFO - [2024-12-21T19:07:48.967+0000] {dag.py:3096} INFO - Sync 1 DAGs
[2024-12-21T19:07:48.983+0000] {logging_mixin.py:188} INFO - [2024-12-21T19:07:48.982+0000] {dag.py:3954} INFO - Setting next_dagrun for example_python_operator to None, run_after=None
[2024-12-21T19:07:49.013+0000] {processor.py:183} INFO - Processing /home/airflow/.local/lib/python3.12/site-packages/airflow/example_dags/example_python_operator.py took 0.095 seconds
[2024-12-21T19:08:19.896+0000] {processor.py:161} INFO - Started process (PID=1290) to work on /home/airflow/.local/lib/python3.12/site-packages/airflow/example_dags/example_python_operator.py
[2024-12-21T19:08:19.898+0000] {processor.py:830} INFO - Processing file /home/airflow/.local/lib/python3.12/site-packages/airflow/example_dags/example_python_operator.py for tasks to queue
[2024-12-21T19:08:19.901+0000] {logging_mixin.py:188} INFO - [2024-12-21T19:08:19.900+0000] {dagbag.py:545} INFO - Filling up the DagBag from /home/airflow/.local/lib/python3.12/site-packages/airflow/example_dags/example_python_operator.py
[2024-12-21T19:08:19.914+0000] {processor.py:840} INFO - DAG(s) 'example_python_operator' retrieved from /home/airflow/.local/lib/python3.12/site-packages/airflow/example_dags/example_python_operator.py
[2024-12-21T19:08:19.943+0000] {logging_mixin.py:188} INFO - [2024-12-21T19:08:19.943+0000] {dag.py:3096} INFO - Sync 1 DAGs
[2024-12-21T19:08:19.959+0000] {logging_mixin.py:188} INFO - [2024-12-21T19:08:19.958+0000] {dag.py:3954} INFO - Setting next_dagrun for example_python_operator to None, run_after=None
[2024-12-21T19:08:19.987+0000] {processor.py:183} INFO - Processing /home/airflow/.local/lib/python3.12/site-packages/airflow/example_dags/example_python_operator.py took 0.099 seconds
[2024-12-21T19:08:50.097+0000] {processor.py:161} INFO - Started process (PID=1348) to work on /home/airflow/.local/lib/python3.12/site-packages/airflow/example_dags/example_python_operator.py
[2024-12-21T19:08:50.099+0000] {processor.py:830} INFO - Processing file /home/airflow/.local/lib/python3.12/site-packages/airflow/example_dags/example_python_operator.py for tasks to queue
[2024-12-21T19:08:50.101+0000] {logging_mixin.py:188} INFO - [2024-12-21T19:08:50.101+0000] {dagbag.py:545} INFO - Filling up the DagBag from /home/airflow/.local/lib/python3.12/site-packages/airflow/example_dags/example_python_operator.py
[2024-12-21T19:08:50.111+0000] {processor.py:840} INFO - DAG(s) 'example_python_operator' retrieved from /home/airflow/.local/lib/python3.12/site-packages/airflow/example_dags/example_python_operator.py
[2024-12-21T19:08:50.139+0000] {logging_mixin.py:188} INFO - [2024-12-21T19:08:50.139+0000] {dag.py:3096} INFO - Sync 1 DAGs
[2024-12-21T19:08:50.155+0000] {logging_mixin.py:188} INFO - [2024-12-21T19:08:50.155+0000] {dag.py:3954} INFO - Setting next_dagrun for example_python_operator to None, run_after=None
[2024-12-21T19:08:50.184+0000] {processor.py:183} INFO - Processing /home/airflow/.local/lib/python3.12/site-packages/airflow/example_dags/example_python_operator.py took 0.092 seconds
[2024-12-21T19:09:20.360+0000] {processor.py:161} INFO - Started process (PID=1406) to work on /home/airflow/.local/lib/python3.12/site-packages/airflow/example_dags/example_python_operator.py
[2024-12-21T19:09:20.361+0000] {processor.py:830} INFO - Processing file /home/airflow/.local/lib/python3.12/site-packages/airflow/example_dags/example_python_operator.py for tasks to queue
[2024-12-21T19:09:20.364+0000] {logging_mixin.py:188} INFO - [2024-12-21T19:09:20.364+0000] {dagbag.py:545} INFO - Filling up the DagBag from /home/airflow/.local/lib/python3.12/site-packages/airflow/example_dags/example_python_operator.py
[2024-12-21T19:09:20.373+0000] {processor.py:840} INFO - DAG(s) 'example_python_operator' retrieved from /home/airflow/.local/lib/python3.12/site-packages/airflow/example_dags/example_python_operator.py
[2024-12-21T19:09:20.401+0000] {logging_mixin.py:188} INFO - [2024-12-21T19:09:20.401+0000] {dag.py:3096} INFO - Sync 1 DAGs
[2024-12-21T19:09:20.416+0000] {logging_mixin.py:188} INFO - [2024-12-21T19:09:20.416+0000] {dag.py:3954} INFO - Setting next_dagrun for example_python_operator to None, run_after=None
[2024-12-21T19:09:20.442+0000] {processor.py:183} INFO - Processing /home/airflow/.local/lib/python3.12/site-packages/airflow/example_dags/example_python_operator.py took 0.088 seconds
[2024-12-21T19:09:50.941+0000] {processor.py:161} INFO - Started process (PID=1464) to work on /home/airflow/.local/lib/python3.12/site-packages/airflow/example_dags/example_python_operator.py
[2024-12-21T19:09:50.942+0000] {processor.py:830} INFO - Processing file /home/airflow/.local/lib/python3.12/site-packages/airflow/example_dags/example_python_operator.py for tasks to queue
[2024-12-21T19:09:50.945+0000] {logging_mixin.py:188} INFO - [2024-12-21T19:09:50.944+0000] {dagbag.py:545} INFO - Filling up the DagBag from /home/airflow/.local/lib/python3.12/site-packages/airflow/example_dags/example_python_operator.py
[2024-12-21T19:09:50.959+0000] {processor.py:840} INFO - DAG(s) 'example_python_operator' retrieved from /home/airflow/.local/lib/python3.12/site-packages/airflow/example_dags/example_python_operator.py
[2024-12-21T19:09:50.995+0000] {logging_mixin.py:188} INFO - [2024-12-21T19:09:50.995+0000] {dag.py:3096} INFO - Sync 1 DAGs
[2024-12-21T19:09:51.015+0000] {logging_mixin.py:188} INFO - [2024-12-21T19:09:51.014+0000] {dag.py:3954} INFO - Setting next_dagrun for example_python_operator to None, run_after=None
[2024-12-21T19:09:51.046+0000] {processor.py:183} INFO - Processing /home/airflow/.local/lib/python3.12/site-packages/airflow/example_dags/example_python_operator.py took 0.112 seconds
[2024-12-21T19:10:21.369+0000] {processor.py:161} INFO - Started process (PID=1522) to work on /home/airflow/.local/lib/python3.12/site-packages/airflow/example_dags/example_python_operator.py
[2024-12-21T19:10:21.370+0000] {processor.py:830} INFO - Processing file /home/airflow/.local/lib/python3.12/site-packages/airflow/example_dags/example_python_operator.py for tasks to queue
[2024-12-21T19:10:21.373+0000] {logging_mixin.py:188} INFO - [2024-12-21T19:10:21.373+0000] {dagbag.py:545} INFO - Filling up the DagBag from /home/airflow/.local/lib/python3.12/site-packages/airflow/example_dags/example_python_operator.py
[2024-12-21T19:10:21.382+0000] {processor.py:840} INFO - DAG(s) 'example_python_operator' retrieved from /home/airflow/.local/lib/python3.12/site-packages/airflow/example_dags/example_python_operator.py
[2024-12-21T19:10:21.408+0000] {logging_mixin.py:188} INFO - [2024-12-21T19:10:21.407+0000] {dag.py:3096} INFO - Sync 1 DAGs
[2024-12-21T19:10:21.421+0000] {logging_mixin.py:188} INFO - [2024-12-21T19:10:21.421+0000] {dag.py:3954} INFO - Setting next_dagrun for example_python_operator to None, run_after=None
[2024-12-21T19:10:21.449+0000] {processor.py:183} INFO - Processing /home/airflow/.local/lib/python3.12/site-packages/airflow/example_dags/example_python_operator.py took 0.085 seconds
[2024-12-21T19:10:51.580+0000] {processor.py:161} INFO - Started process (PID=1580) to work on /home/airflow/.local/lib/python3.12/site-packages/airflow/example_dags/example_python_operator.py
[2024-12-21T19:10:51.581+0000] {processor.py:830} INFO - Processing file /home/airflow/.local/lib/python3.12/site-packages/airflow/example_dags/example_python_operator.py for tasks to queue
[2024-12-21T19:10:51.584+0000] {logging_mixin.py:188} INFO - [2024-12-21T19:10:51.583+0000] {dagbag.py:545} INFO - Filling up the DagBag from /home/airflow/.local/lib/python3.12/site-packages/airflow/example_dags/example_python_operator.py
[2024-12-21T19:10:51.593+0000] {processor.py:840} INFO - DAG(s) 'example_python_operator' retrieved from /home/airflow/.local/lib/python3.12/site-packages/airflow/example_dags/example_python_operator.py
[2024-12-21T19:10:51.620+0000] {logging_mixin.py:188} INFO - [2024-12-21T19:10:51.620+0000] {dag.py:3096} INFO - Sync 1 DAGs
[2024-12-21T19:10:51.635+0000] {logging_mixin.py:188} INFO - [2024-12-21T19:10:51.635+0000] {dag.py:3954} INFO - Setting next_dagrun for example_python_operator to None, run_after=None
[2024-12-21T19:10:51.665+0000] {processor.py:183} INFO - Processing /home/airflow/.local/lib/python3.12/site-packages/airflow/example_dags/example_python_operator.py took 0.090 seconds
[2024-12-21T19:11:22.097+0000] {processor.py:161} INFO - Started process (PID=1638) to work on /home/airflow/.local/lib/python3.12/site-packages/airflow/example_dags/example_python_operator.py
[2024-12-21T19:11:22.098+0000] {processor.py:830} INFO - Processing file /home/airflow/.local/lib/python3.12/site-packages/airflow/example_dags/example_python_operator.py for tasks to queue
[2024-12-21T19:11:22.100+0000] {logging_mixin.py:188} INFO - [2024-12-21T19:11:22.100+0000] {dagbag.py:545} INFO - Filling up the DagBag from /home/airflow/.local/lib/python3.12/site-packages/airflow/example_dags/example_python_operator.py
[2024-12-21T19:11:22.113+0000] {processor.py:840} INFO - DAG(s) 'example_python_operator' retrieved from /home/airflow/.local/lib/python3.12/site-packages/airflow/example_dags/example_python_operator.py
[2024-12-21T19:11:22.139+0000] {logging_mixin.py:188} INFO - [2024-12-21T19:11:22.139+0000] {dag.py:3096} INFO - Sync 1 DAGs
[2024-12-21T19:11:22.159+0000] {logging_mixin.py:188} INFO - [2024-12-21T19:11:22.158+0000] {dag.py:3954} INFO - Setting next_dagrun for example_python_operator to None, run_after=None
[2024-12-21T19:11:22.189+0000] {processor.py:183} INFO - Processing /home/airflow/.local/lib/python3.12/site-packages/airflow/example_dags/example_python_operator.py took 0.097 seconds
[2024-12-21T19:11:52.616+0000] {processor.py:161} INFO - Started process (PID=1696) to work on /home/airflow/.local/lib/python3.12/site-packages/airflow/example_dags/example_python_operator.py
[2024-12-21T19:11:52.618+0000] {processor.py:830} INFO - Processing file /home/airflow/.local/lib/python3.12/site-packages/airflow/example_dags/example_python_operator.py for tasks to queue
[2024-12-21T19:11:52.621+0000] {logging_mixin.py:188} INFO - [2024-12-21T19:11:52.621+0000] {dagbag.py:545} INFO - Filling up the DagBag from /home/airflow/.local/lib/python3.12/site-packages/airflow/example_dags/example_python_operator.py
[2024-12-21T19:11:52.634+0000] {processor.py:840} INFO - DAG(s) 'example_python_operator' retrieved from /home/airflow/.local/lib/python3.12/site-packages/airflow/example_dags/example_python_operator.py
[2024-12-21T19:11:52.661+0000] {logging_mixin.py:188} INFO - [2024-12-21T19:11:52.660+0000] {dag.py:3096} INFO - Sync 1 DAGs
[2024-12-21T19:11:52.674+0000] {logging_mixin.py:188} INFO - [2024-12-21T19:11:52.674+0000] {dag.py:3954} INFO - Setting next_dagrun for example_python_operator to None, run_after=None
[2024-12-21T19:11:52.702+0000] {processor.py:183} INFO - Processing /home/airflow/.local/lib/python3.12/site-packages/airflow/example_dags/example_python_operator.py took 0.092 seconds
[2024-12-21T19:12:23.285+0000] {processor.py:161} INFO - Started process (PID=1753) to work on /home/airflow/.local/lib/python3.12/site-packages/airflow/example_dags/example_python_operator.py
[2024-12-21T19:12:23.286+0000] {processor.py:830} INFO - Processing file /home/airflow/.local/lib/python3.12/site-packages/airflow/example_dags/example_python_operator.py for tasks to queue
[2024-12-21T19:12:23.289+0000] {logging_mixin.py:188} INFO - [2024-12-21T19:12:23.288+0000] {dagbag.py:545} INFO - Filling up the DagBag from /home/airflow/.local/lib/python3.12/site-packages/airflow/example_dags/example_python_operator.py
[2024-12-21T19:12:23.299+0000] {processor.py:840} INFO - DAG(s) 'example_python_operator' retrieved from /home/airflow/.local/lib/python3.12/site-packages/airflow/example_dags/example_python_operator.py
[2024-12-21T19:12:23.324+0000] {logging_mixin.py:188} INFO - [2024-12-21T19:12:23.324+0000] {dag.py:3096} INFO - Sync 1 DAGs
[2024-12-21T19:12:23.338+0000] {logging_mixin.py:188} INFO - [2024-12-21T19:12:23.337+0000] {dag.py:3954} INFO - Setting next_dagrun for example_python_operator to None, run_after=None
[2024-12-21T19:12:23.365+0000] {processor.py:183} INFO - Processing /home/airflow/.local/lib/python3.12/site-packages/airflow/example_dags/example_python_operator.py took 0.087 seconds
