[2024-12-21T08:01:27.721+0000] {processor.py:161} INFO - Started process (PID=99) to work on /home/airflow/.local/lib/python3.12/site-packages/airflow/example_dags/example_subdag_operator.py
[2024-12-21T08:01:27.723+0000] {processor.py:830} INFO - Processing file /home/airflow/.local/lib/python3.12/site-packages/airflow/example_dags/example_subdag_operator.py for tasks to queue
[2024-12-21T08:01:27.726+0000] {logging_mixin.py:188} INFO - [2024-12-21T08:01:27.725+0000] {dagbag.py:545} INFO - Filling up the DagBag from /home/airflow/.local/lib/python3.12/site-packages/airflow/example_dags/example_subdag_operator.py
[2024-12-21T08:01:27.757+0000] {processor.py:840} INFO - DAG(s) 'example_subdag_operator.section-1', 'example_subdag_operator.section-2', 'example_subdag_operator' retrieved from /home/airflow/.local/lib/python3.12/site-packages/airflow/example_dags/example_subdag_operator.py
[2024-12-21T08:01:27.775+0000] {logging_mixin.py:188} INFO - [2024-12-21T08:01:27.775+0000] {dag.py:3096} INFO - Sync 3 DAGs
[2024-12-21T08:01:27.806+0000] {logging_mixin.py:188} INFO - [2024-12-21T08:01:27.805+0000] {dag.py:3954} INFO - Setting next_dagrun for example_subdag_operator to 2022-01-01 00:00:00+00:00, run_after=2022-01-01 00:00:00+00:00
[2024-12-21T08:01:27.813+0000] {logging_mixin.py:188} INFO - [2024-12-21T08:01:27.812+0000] {dag.py:3954} INFO - Setting next_dagrun for example_subdag_operator.section-1 to None, run_after=None
[2024-12-21T08:01:27.816+0000] {logging_mixin.py:188} INFO - [2024-12-21T08:01:27.815+0000] {dag.py:3954} INFO - Setting next_dagrun for example_subdag_operator.section-2 to None, run_after=None
[2024-12-21T08:01:27.826+0000] {logging_mixin.py:188} INFO - [2024-12-21T08:01:27.826+0000] {dag.py:3096} INFO - Sync 2 DAGs
[2024-12-21T08:01:27.834+0000] {logging_mixin.py:188} INFO - [2024-12-21T08:01:27.834+0000] {dag.py:3954} INFO - Setting next_dagrun for example_subdag_operator.section-1 to None, run_after=None
[2024-12-21T08:01:27.835+0000] {logging_mixin.py:188} INFO - [2024-12-21T08:01:27.835+0000] {dag.py:3954} INFO - Setting next_dagrun for example_subdag_operator.section-2 to None, run_after=None
[2024-12-21T08:01:27.895+0000] {processor.py:183} INFO - Processing /home/airflow/.local/lib/python3.12/site-packages/airflow/example_dags/example_subdag_operator.py took 0.179 seconds
[2024-12-21T08:01:58.881+0000] {processor.py:161} INFO - Started process (PID=157) to work on /home/airflow/.local/lib/python3.12/site-packages/airflow/example_dags/example_subdag_operator.py
[2024-12-21T08:01:58.883+0000] {processor.py:830} INFO - Processing file /home/airflow/.local/lib/python3.12/site-packages/airflow/example_dags/example_subdag_operator.py for tasks to queue
[2024-12-21T08:01:58.887+0000] {logging_mixin.py:188} INFO - [2024-12-21T08:01:58.886+0000] {dagbag.py:545} INFO - Filling up the DagBag from /home/airflow/.local/lib/python3.12/site-packages/airflow/example_dags/example_subdag_operator.py
[2024-12-21T08:01:58.966+0000] {processor.py:840} INFO - DAG(s) 'example_subdag_operator.section-1', 'example_subdag_operator.section-2', 'example_subdag_operator' retrieved from /home/airflow/.local/lib/python3.12/site-packages/airflow/example_dags/example_subdag_operator.py
[2024-12-21T08:01:59.006+0000] {logging_mixin.py:188} INFO - [2024-12-21T08:01:59.005+0000] {dag.py:3096} INFO - Sync 3 DAGs
[2024-12-21T08:01:59.056+0000] {logging_mixin.py:188} INFO - [2024-12-21T08:01:59.055+0000] {dag.py:3954} INFO - Setting next_dagrun for example_subdag_operator to 2022-01-01 00:00:00+00:00, run_after=2022-01-01 00:00:00+00:00
[2024-12-21T08:01:59.067+0000] {logging_mixin.py:188} INFO - [2024-12-21T08:01:59.066+0000] {dag.py:3954} INFO - Setting next_dagrun for example_subdag_operator.section-1 to None, run_after=None
[2024-12-21T08:01:59.071+0000] {logging_mixin.py:188} INFO - [2024-12-21T08:01:59.071+0000] {dag.py:3954} INFO - Setting next_dagrun for example_subdag_operator.section-2 to None, run_after=None
[2024-12-21T08:01:59.092+0000] {logging_mixin.py:188} INFO - [2024-12-21T08:01:59.092+0000] {dag.py:3096} INFO - Sync 2 DAGs
[2024-12-21T08:01:59.107+0000] {logging_mixin.py:188} INFO - [2024-12-21T08:01:59.106+0000] {dag.py:3954} INFO - Setting next_dagrun for example_subdag_operator.section-1 to None, run_after=None
[2024-12-21T08:01:59.111+0000] {logging_mixin.py:188} INFO - [2024-12-21T08:01:59.111+0000] {dag.py:3954} INFO - Setting next_dagrun for example_subdag_operator.section-2 to None, run_after=None
[2024-12-21T08:01:59.142+0000] {processor.py:183} INFO - Processing /home/airflow/.local/lib/python3.12/site-packages/airflow/example_dags/example_subdag_operator.py took 0.277 seconds
[2024-12-21T08:02:29.237+0000] {processor.py:161} INFO - Started process (PID=215) to work on /home/airflow/.local/lib/python3.12/site-packages/airflow/example_dags/example_subdag_operator.py
[2024-12-21T08:02:29.238+0000] {processor.py:830} INFO - Processing file /home/airflow/.local/lib/python3.12/site-packages/airflow/example_dags/example_subdag_operator.py for tasks to queue
[2024-12-21T08:02:29.241+0000] {logging_mixin.py:188} INFO - [2024-12-21T08:02:29.240+0000] {dagbag.py:545} INFO - Filling up the DagBag from /home/airflow/.local/lib/python3.12/site-packages/airflow/example_dags/example_subdag_operator.py
[2024-12-21T08:02:29.287+0000] {processor.py:840} INFO - DAG(s) 'example_subdag_operator.section-1', 'example_subdag_operator.section-2', 'example_subdag_operator' retrieved from /home/airflow/.local/lib/python3.12/site-packages/airflow/example_dags/example_subdag_operator.py
[2024-12-21T08:02:29.309+0000] {logging_mixin.py:188} INFO - [2024-12-21T08:02:29.308+0000] {dag.py:3096} INFO - Sync 3 DAGs
[2024-12-21T08:02:29.340+0000] {logging_mixin.py:188} INFO - [2024-12-21T08:02:29.339+0000] {dag.py:3954} INFO - Setting next_dagrun for example_subdag_operator to 2022-01-01 00:00:00+00:00, run_after=2022-01-01 00:00:00+00:00
[2024-12-21T08:02:29.345+0000] {logging_mixin.py:188} INFO - [2024-12-21T08:02:29.345+0000] {dag.py:3954} INFO - Setting next_dagrun for example_subdag_operator.section-1 to None, run_after=None
[2024-12-21T08:02:29.348+0000] {logging_mixin.py:188} INFO - [2024-12-21T08:02:29.348+0000] {dag.py:3954} INFO - Setting next_dagrun for example_subdag_operator.section-2 to None, run_after=None
[2024-12-21T08:02:29.358+0000] {logging_mixin.py:188} INFO - [2024-12-21T08:02:29.358+0000] {dag.py:3096} INFO - Sync 2 DAGs
[2024-12-21T08:02:29.367+0000] {logging_mixin.py:188} INFO - [2024-12-21T08:02:29.366+0000] {dag.py:3954} INFO - Setting next_dagrun for example_subdag_operator.section-1 to None, run_after=None
[2024-12-21T08:02:29.368+0000] {logging_mixin.py:188} INFO - [2024-12-21T08:02:29.367+0000] {dag.py:3954} INFO - Setting next_dagrun for example_subdag_operator.section-2 to None, run_after=None
[2024-12-21T08:02:29.389+0000] {processor.py:183} INFO - Processing /home/airflow/.local/lib/python3.12/site-packages/airflow/example_dags/example_subdag_operator.py took 0.160 seconds
[2024-12-21T08:02:59.627+0000] {processor.py:161} INFO - Started process (PID=273) to work on /home/airflow/.local/lib/python3.12/site-packages/airflow/example_dags/example_subdag_operator.py
[2024-12-21T08:02:59.629+0000] {processor.py:830} INFO - Processing file /home/airflow/.local/lib/python3.12/site-packages/airflow/example_dags/example_subdag_operator.py for tasks to queue
[2024-12-21T08:02:59.631+0000] {logging_mixin.py:188} INFO - [2024-12-21T08:02:59.631+0000] {dagbag.py:545} INFO - Filling up the DagBag from /home/airflow/.local/lib/python3.12/site-packages/airflow/example_dags/example_subdag_operator.py
[2024-12-21T08:02:59.659+0000] {processor.py:840} INFO - DAG(s) 'example_subdag_operator.section-1', 'example_subdag_operator.section-2', 'example_subdag_operator' retrieved from /home/airflow/.local/lib/python3.12/site-packages/airflow/example_dags/example_subdag_operator.py
[2024-12-21T08:02:59.676+0000] {logging_mixin.py:188} INFO - [2024-12-21T08:02:59.675+0000] {dag.py:3096} INFO - Sync 3 DAGs
[2024-12-21T08:02:59.699+0000] {logging_mixin.py:188} INFO - [2024-12-21T08:02:59.699+0000] {dag.py:3954} INFO - Setting next_dagrun for example_subdag_operator to 2022-01-01 00:00:00+00:00, run_after=2022-01-01 00:00:00+00:00
[2024-12-21T08:02:59.705+0000] {logging_mixin.py:188} INFO - [2024-12-21T08:02:59.704+0000] {dag.py:3954} INFO - Setting next_dagrun for example_subdag_operator.section-1 to None, run_after=None
[2024-12-21T08:02:59.707+0000] {logging_mixin.py:188} INFO - [2024-12-21T08:02:59.707+0000] {dag.py:3954} INFO - Setting next_dagrun for example_subdag_operator.section-2 to None, run_after=None
[2024-12-21T08:02:59.716+0000] {logging_mixin.py:188} INFO - [2024-12-21T08:02:59.716+0000] {dag.py:3096} INFO - Sync 2 DAGs
[2024-12-21T08:02:59.725+0000] {logging_mixin.py:188} INFO - [2024-12-21T08:02:59.725+0000] {dag.py:3954} INFO - Setting next_dagrun for example_subdag_operator.section-1 to None, run_after=None
[2024-12-21T08:02:59.726+0000] {logging_mixin.py:188} INFO - [2024-12-21T08:02:59.726+0000] {dag.py:3954} INFO - Setting next_dagrun for example_subdag_operator.section-2 to None, run_after=None
[2024-12-21T08:02:59.745+0000] {processor.py:183} INFO - Processing /home/airflow/.local/lib/python3.12/site-packages/airflow/example_dags/example_subdag_operator.py took 0.123 seconds
[2024-12-21T08:03:31.896+0000] {processor.py:161} INFO - Started process (PID=331) to work on /home/airflow/.local/lib/python3.12/site-packages/airflow/example_dags/example_subdag_operator.py
[2024-12-21T08:03:31.898+0000] {processor.py:830} INFO - Processing file /home/airflow/.local/lib/python3.12/site-packages/airflow/example_dags/example_subdag_operator.py for tasks to queue
[2024-12-21T08:03:31.901+0000] {logging_mixin.py:188} INFO - [2024-12-21T08:03:31.900+0000] {dagbag.py:545} INFO - Filling up the DagBag from /home/airflow/.local/lib/python3.12/site-packages/airflow/example_dags/example_subdag_operator.py
[2024-12-21T08:03:31.956+0000] {processor.py:840} INFO - DAG(s) 'example_subdag_operator.section-1', 'example_subdag_operator.section-2', 'example_subdag_operator' retrieved from /home/airflow/.local/lib/python3.12/site-packages/airflow/example_dags/example_subdag_operator.py
[2024-12-21T08:03:31.989+0000] {logging_mixin.py:188} INFO - [2024-12-21T08:03:31.988+0000] {dag.py:3096} INFO - Sync 3 DAGs
[2024-12-21T08:03:32.034+0000] {logging_mixin.py:188} INFO - [2024-12-21T08:03:32.034+0000] {dag.py:3954} INFO - Setting next_dagrun for example_subdag_operator to 2022-01-01 00:00:00+00:00, run_after=2022-01-01 00:00:00+00:00
[2024-12-21T08:03:32.041+0000] {logging_mixin.py:188} INFO - [2024-12-21T08:03:32.040+0000] {dag.py:3954} INFO - Setting next_dagrun for example_subdag_operator.section-1 to None, run_after=None
[2024-12-21T08:03:32.044+0000] {logging_mixin.py:188} INFO - [2024-12-21T08:03:32.044+0000] {dag.py:3954} INFO - Setting next_dagrun for example_subdag_operator.section-2 to None, run_after=None
[2024-12-21T08:03:32.058+0000] {logging_mixin.py:188} INFO - [2024-12-21T08:03:32.057+0000] {dag.py:3096} INFO - Sync 2 DAGs
[2024-12-21T08:03:32.068+0000] {logging_mixin.py:188} INFO - [2024-12-21T08:03:32.067+0000] {dag.py:3954} INFO - Setting next_dagrun for example_subdag_operator.section-1 to None, run_after=None
[2024-12-21T08:03:32.069+0000] {logging_mixin.py:188} INFO - [2024-12-21T08:03:32.069+0000] {dag.py:3954} INFO - Setting next_dagrun for example_subdag_operator.section-2 to None, run_after=None
[2024-12-21T08:03:32.102+0000] {processor.py:183} INFO - Processing /home/airflow/.local/lib/python3.12/site-packages/airflow/example_dags/example_subdag_operator.py took 0.214 seconds
[2024-12-21T08:04:02.569+0000] {processor.py:161} INFO - Started process (PID=389) to work on /home/airflow/.local/lib/python3.12/site-packages/airflow/example_dags/example_subdag_operator.py
[2024-12-21T08:04:02.570+0000] {processor.py:830} INFO - Processing file /home/airflow/.local/lib/python3.12/site-packages/airflow/example_dags/example_subdag_operator.py for tasks to queue
[2024-12-21T08:04:02.573+0000] {logging_mixin.py:188} INFO - [2024-12-21T08:04:02.572+0000] {dagbag.py:545} INFO - Filling up the DagBag from /home/airflow/.local/lib/python3.12/site-packages/airflow/example_dags/example_subdag_operator.py
[2024-12-21T08:04:02.600+0000] {processor.py:840} INFO - DAG(s) 'example_subdag_operator.section-1', 'example_subdag_operator.section-2', 'example_subdag_operator' retrieved from /home/airflow/.local/lib/python3.12/site-packages/airflow/example_dags/example_subdag_operator.py
[2024-12-21T08:04:02.620+0000] {logging_mixin.py:188} INFO - [2024-12-21T08:04:02.620+0000] {dag.py:3096} INFO - Sync 3 DAGs
[2024-12-21T08:04:02.645+0000] {logging_mixin.py:188} INFO - [2024-12-21T08:04:02.644+0000] {dag.py:3954} INFO - Setting next_dagrun for example_subdag_operator to 2022-01-01 00:00:00+00:00, run_after=2022-01-01 00:00:00+00:00
[2024-12-21T08:04:02.651+0000] {logging_mixin.py:188} INFO - [2024-12-21T08:04:02.651+0000] {dag.py:3954} INFO - Setting next_dagrun for example_subdag_operator.section-1 to None, run_after=None
[2024-12-21T08:04:02.654+0000] {logging_mixin.py:188} INFO - [2024-12-21T08:04:02.653+0000] {dag.py:3954} INFO - Setting next_dagrun for example_subdag_operator.section-2 to None, run_after=None
[2024-12-21T08:04:02.664+0000] {logging_mixin.py:188} INFO - [2024-12-21T08:04:02.664+0000] {dag.py:3096} INFO - Sync 2 DAGs
[2024-12-21T08:04:02.673+0000] {logging_mixin.py:188} INFO - [2024-12-21T08:04:02.673+0000] {dag.py:3954} INFO - Setting next_dagrun for example_subdag_operator.section-1 to None, run_after=None
[2024-12-21T08:04:02.674+0000] {logging_mixin.py:188} INFO - [2024-12-21T08:04:02.674+0000] {dag.py:3954} INFO - Setting next_dagrun for example_subdag_operator.section-2 to None, run_after=None
[2024-12-21T08:04:02.692+0000] {processor.py:183} INFO - Processing /home/airflow/.local/lib/python3.12/site-packages/airflow/example_dags/example_subdag_operator.py took 0.129 seconds
[2024-12-21T08:04:33.326+0000] {processor.py:161} INFO - Started process (PID=447) to work on /home/airflow/.local/lib/python3.12/site-packages/airflow/example_dags/example_subdag_operator.py
[2024-12-21T08:04:33.327+0000] {processor.py:830} INFO - Processing file /home/airflow/.local/lib/python3.12/site-packages/airflow/example_dags/example_subdag_operator.py for tasks to queue
[2024-12-21T08:04:33.329+0000] {logging_mixin.py:188} INFO - [2024-12-21T08:04:33.329+0000] {dagbag.py:545} INFO - Filling up the DagBag from /home/airflow/.local/lib/python3.12/site-packages/airflow/example_dags/example_subdag_operator.py
[2024-12-21T08:04:33.357+0000] {processor.py:840} INFO - DAG(s) 'example_subdag_operator.section-1', 'example_subdag_operator.section-2', 'example_subdag_operator' retrieved from /home/airflow/.local/lib/python3.12/site-packages/airflow/example_dags/example_subdag_operator.py
[2024-12-21T08:04:33.374+0000] {logging_mixin.py:188} INFO - [2024-12-21T08:04:33.374+0000] {dag.py:3096} INFO - Sync 3 DAGs
[2024-12-21T08:04:33.402+0000] {logging_mixin.py:188} INFO - [2024-12-21T08:04:33.401+0000] {dag.py:3954} INFO - Setting next_dagrun for example_subdag_operator to 2022-01-01 00:00:00+00:00, run_after=2022-01-01 00:00:00+00:00
[2024-12-21T08:04:33.406+0000] {logging_mixin.py:188} INFO - [2024-12-21T08:04:33.406+0000] {dag.py:3954} INFO - Setting next_dagrun for example_subdag_operator.section-1 to None, run_after=None
[2024-12-21T08:04:33.409+0000] {logging_mixin.py:188} INFO - [2024-12-21T08:04:33.409+0000] {dag.py:3954} INFO - Setting next_dagrun for example_subdag_operator.section-2 to None, run_after=None
[2024-12-21T08:04:33.420+0000] {logging_mixin.py:188} INFO - [2024-12-21T08:04:33.419+0000] {dag.py:3096} INFO - Sync 2 DAGs
[2024-12-21T08:04:33.429+0000] {logging_mixin.py:188} INFO - [2024-12-21T08:04:33.429+0000] {dag.py:3954} INFO - Setting next_dagrun for example_subdag_operator.section-1 to None, run_after=None
[2024-12-21T08:04:33.430+0000] {logging_mixin.py:188} INFO - [2024-12-21T08:04:33.430+0000] {dag.py:3954} INFO - Setting next_dagrun for example_subdag_operator.section-2 to None, run_after=None
[2024-12-21T08:04:33.450+0000] {processor.py:183} INFO - Processing /home/airflow/.local/lib/python3.12/site-packages/airflow/example_dags/example_subdag_operator.py took 0.130 seconds
[2024-12-21T08:05:03.972+0000] {processor.py:161} INFO - Started process (PID=505) to work on /home/airflow/.local/lib/python3.12/site-packages/airflow/example_dags/example_subdag_operator.py
[2024-12-21T08:05:03.974+0000] {processor.py:830} INFO - Processing file /home/airflow/.local/lib/python3.12/site-packages/airflow/example_dags/example_subdag_operator.py for tasks to queue
[2024-12-21T08:05:03.976+0000] {logging_mixin.py:188} INFO - [2024-12-21T08:05:03.975+0000] {dagbag.py:545} INFO - Filling up the DagBag from /home/airflow/.local/lib/python3.12/site-packages/airflow/example_dags/example_subdag_operator.py
[2024-12-21T08:05:04.003+0000] {processor.py:840} INFO - DAG(s) 'example_subdag_operator.section-1', 'example_subdag_operator.section-2', 'example_subdag_operator' retrieved from /home/airflow/.local/lib/python3.12/site-packages/airflow/example_dags/example_subdag_operator.py
[2024-12-21T08:05:04.021+0000] {logging_mixin.py:188} INFO - [2024-12-21T08:05:04.021+0000] {dag.py:3096} INFO - Sync 3 DAGs
[2024-12-21T08:05:04.045+0000] {logging_mixin.py:188} INFO - [2024-12-21T08:05:04.044+0000] {dag.py:3954} INFO - Setting next_dagrun for example_subdag_operator to 2022-01-01 00:00:00+00:00, run_after=2022-01-01 00:00:00+00:00
[2024-12-21T08:05:04.049+0000] {logging_mixin.py:188} INFO - [2024-12-21T08:05:04.049+0000] {dag.py:3954} INFO - Setting next_dagrun for example_subdag_operator.section-1 to None, run_after=None
[2024-12-21T08:05:04.052+0000] {logging_mixin.py:188} INFO - [2024-12-21T08:05:04.051+0000] {dag.py:3954} INFO - Setting next_dagrun for example_subdag_operator.section-2 to None, run_after=None
[2024-12-21T08:05:04.060+0000] {logging_mixin.py:188} INFO - [2024-12-21T08:05:04.060+0000] {dag.py:3096} INFO - Sync 2 DAGs
[2024-12-21T08:05:04.068+0000] {logging_mixin.py:188} INFO - [2024-12-21T08:05:04.068+0000] {dag.py:3954} INFO - Setting next_dagrun for example_subdag_operator.section-1 to None, run_after=None
[2024-12-21T08:05:04.070+0000] {logging_mixin.py:188} INFO - [2024-12-21T08:05:04.069+0000] {dag.py:3954} INFO - Setting next_dagrun for example_subdag_operator.section-2 to None, run_after=None
[2024-12-21T08:05:04.088+0000] {processor.py:183} INFO - Processing /home/airflow/.local/lib/python3.12/site-packages/airflow/example_dags/example_subdag_operator.py took 0.122 seconds
[2024-12-21T18:50:59.098+0000] {processor.py:161} INFO - Started process (PID=100) to work on /home/airflow/.local/lib/python3.12/site-packages/airflow/example_dags/example_subdag_operator.py
[2024-12-21T18:50:59.100+0000] {processor.py:830} INFO - Processing file /home/airflow/.local/lib/python3.12/site-packages/airflow/example_dags/example_subdag_operator.py for tasks to queue
[2024-12-21T18:50:59.103+0000] {logging_mixin.py:188} INFO - [2024-12-21T18:50:59.103+0000] {dagbag.py:545} INFO - Filling up the DagBag from /home/airflow/.local/lib/python3.12/site-packages/airflow/example_dags/example_subdag_operator.py
[2024-12-21T18:50:59.145+0000] {processor.py:840} INFO - DAG(s) 'example_subdag_operator.section-1', 'example_subdag_operator.section-2', 'example_subdag_operator' retrieved from /home/airflow/.local/lib/python3.12/site-packages/airflow/example_dags/example_subdag_operator.py
[2024-12-21T18:50:59.175+0000] {logging_mixin.py:188} INFO - [2024-12-21T18:50:59.174+0000] {dag.py:3096} INFO - Sync 3 DAGs
[2024-12-21T18:50:59.212+0000] {logging_mixin.py:188} INFO - [2024-12-21T18:50:59.212+0000] {dag.py:3954} INFO - Setting next_dagrun for example_subdag_operator to 2022-01-01 00:00:00+00:00, run_after=2022-01-01 00:00:00+00:00
[2024-12-21T18:50:59.225+0000] {logging_mixin.py:188} INFO - [2024-12-21T18:50:59.224+0000] {dag.py:3954} INFO - Setting next_dagrun for example_subdag_operator.section-1 to None, run_after=None
[2024-12-21T18:50:59.228+0000] {logging_mixin.py:188} INFO - [2024-12-21T18:50:59.228+0000] {dag.py:3954} INFO - Setting next_dagrun for example_subdag_operator.section-2 to None, run_after=None
[2024-12-21T18:50:59.243+0000] {logging_mixin.py:188} INFO - [2024-12-21T18:50:59.243+0000] {dag.py:3096} INFO - Sync 2 DAGs
[2024-12-21T18:50:59.257+0000] {logging_mixin.py:188} INFO - [2024-12-21T18:50:59.257+0000] {dag.py:3954} INFO - Setting next_dagrun for example_subdag_operator.section-1 to None, run_after=None
[2024-12-21T18:50:59.259+0000] {logging_mixin.py:188} INFO - [2024-12-21T18:50:59.258+0000] {dag.py:3954} INFO - Setting next_dagrun for example_subdag_operator.section-2 to None, run_after=None
[2024-12-21T18:50:59.280+0000] {processor.py:183} INFO - Processing /home/airflow/.local/lib/python3.12/site-packages/airflow/example_dags/example_subdag_operator.py took 0.192 seconds
[2024-12-21T18:51:29.380+0000] {processor.py:161} INFO - Started process (PID=158) to work on /home/airflow/.local/lib/python3.12/site-packages/airflow/example_dags/example_subdag_operator.py
[2024-12-21T18:51:29.381+0000] {processor.py:830} INFO - Processing file /home/airflow/.local/lib/python3.12/site-packages/airflow/example_dags/example_subdag_operator.py for tasks to queue
[2024-12-21T18:51:29.384+0000] {logging_mixin.py:188} INFO - [2024-12-21T18:51:29.383+0000] {dagbag.py:545} INFO - Filling up the DagBag from /home/airflow/.local/lib/python3.12/site-packages/airflow/example_dags/example_subdag_operator.py
[2024-12-21T18:51:29.416+0000] {processor.py:840} INFO - DAG(s) 'example_subdag_operator.section-1', 'example_subdag_operator.section-2', 'example_subdag_operator' retrieved from /home/airflow/.local/lib/python3.12/site-packages/airflow/example_dags/example_subdag_operator.py
[2024-12-21T18:51:29.440+0000] {logging_mixin.py:188} INFO - [2024-12-21T18:51:29.440+0000] {dag.py:3096} INFO - Sync 3 DAGs
[2024-12-21T18:51:29.471+0000] {logging_mixin.py:188} INFO - [2024-12-21T18:51:29.471+0000] {dag.py:3954} INFO - Setting next_dagrun for example_subdag_operator to 2022-01-01 00:00:00+00:00, run_after=2022-01-01 00:00:00+00:00
[2024-12-21T18:51:29.477+0000] {logging_mixin.py:188} INFO - [2024-12-21T18:51:29.476+0000] {dag.py:3954} INFO - Setting next_dagrun for example_subdag_operator.section-1 to None, run_after=None
[2024-12-21T18:51:29.479+0000] {logging_mixin.py:188} INFO - [2024-12-21T18:51:29.479+0000] {dag.py:3954} INFO - Setting next_dagrun for example_subdag_operator.section-2 to None, run_after=None
[2024-12-21T18:51:29.489+0000] {logging_mixin.py:188} INFO - [2024-12-21T18:51:29.488+0000] {dag.py:3096} INFO - Sync 2 DAGs
[2024-12-21T18:51:29.497+0000] {logging_mixin.py:188} INFO - [2024-12-21T18:51:29.497+0000] {dag.py:3954} INFO - Setting next_dagrun for example_subdag_operator.section-1 to None, run_after=None
[2024-12-21T18:51:29.498+0000] {logging_mixin.py:188} INFO - [2024-12-21T18:51:29.498+0000] {dag.py:3954} INFO - Setting next_dagrun for example_subdag_operator.section-2 to None, run_after=None
[2024-12-21T18:51:29.516+0000] {processor.py:183} INFO - Processing /home/airflow/.local/lib/python3.12/site-packages/airflow/example_dags/example_subdag_operator.py took 0.143 seconds
[2024-12-21T18:51:59.911+0000] {processor.py:161} INFO - Started process (PID=216) to work on /home/airflow/.local/lib/python3.12/site-packages/airflow/example_dags/example_subdag_operator.py
[2024-12-21T18:51:59.912+0000] {processor.py:830} INFO - Processing file /home/airflow/.local/lib/python3.12/site-packages/airflow/example_dags/example_subdag_operator.py for tasks to queue
[2024-12-21T18:51:59.914+0000] {logging_mixin.py:188} INFO - [2024-12-21T18:51:59.913+0000] {dagbag.py:545} INFO - Filling up the DagBag from /home/airflow/.local/lib/python3.12/site-packages/airflow/example_dags/example_subdag_operator.py
[2024-12-21T18:51:59.945+0000] {processor.py:840} INFO - DAG(s) 'example_subdag_operator.section-1', 'example_subdag_operator.section-2', 'example_subdag_operator' retrieved from /home/airflow/.local/lib/python3.12/site-packages/airflow/example_dags/example_subdag_operator.py
[2024-12-21T18:51:59.972+0000] {logging_mixin.py:188} INFO - [2024-12-21T18:51:59.972+0000] {dag.py:3096} INFO - Sync 3 DAGs
[2024-12-21T18:52:00.007+0000] {logging_mixin.py:188} INFO - [2024-12-21T18:52:00.007+0000] {dag.py:3954} INFO - Setting next_dagrun for example_subdag_operator to 2022-01-01 00:00:00+00:00, run_after=2022-01-01 00:00:00+00:00
[2024-12-21T18:52:00.015+0000] {logging_mixin.py:188} INFO - [2024-12-21T18:52:00.014+0000] {dag.py:3954} INFO - Setting next_dagrun for example_subdag_operator.section-1 to None, run_after=None
[2024-12-21T18:52:00.019+0000] {logging_mixin.py:188} INFO - [2024-12-21T18:52:00.018+0000] {dag.py:3954} INFO - Setting next_dagrun for example_subdag_operator.section-2 to None, run_after=None
[2024-12-21T18:52:00.029+0000] {logging_mixin.py:188} INFO - [2024-12-21T18:52:00.029+0000] {dag.py:3096} INFO - Sync 2 DAGs
[2024-12-21T18:52:00.039+0000] {logging_mixin.py:188} INFO - [2024-12-21T18:52:00.039+0000] {dag.py:3954} INFO - Setting next_dagrun for example_subdag_operator.section-1 to None, run_after=None
[2024-12-21T18:52:00.041+0000] {logging_mixin.py:188} INFO - [2024-12-21T18:52:00.040+0000] {dag.py:3954} INFO - Setting next_dagrun for example_subdag_operator.section-2 to None, run_after=None
[2024-12-21T18:52:00.059+0000] {processor.py:183} INFO - Processing /home/airflow/.local/lib/python3.12/site-packages/airflow/example_dags/example_subdag_operator.py took 0.155 seconds
[2024-12-21T18:57:43.896+0000] {processor.py:161} INFO - Started process (PID=100) to work on /home/airflow/.local/lib/python3.12/site-packages/airflow/example_dags/example_subdag_operator.py
[2024-12-21T18:57:43.898+0000] {processor.py:830} INFO - Processing file /home/airflow/.local/lib/python3.12/site-packages/airflow/example_dags/example_subdag_operator.py for tasks to queue
[2024-12-21T18:57:43.901+0000] {logging_mixin.py:188} INFO - [2024-12-21T18:57:43.901+0000] {dagbag.py:545} INFO - Filling up the DagBag from /home/airflow/.local/lib/python3.12/site-packages/airflow/example_dags/example_subdag_operator.py
[2024-12-21T18:57:43.948+0000] {processor.py:840} INFO - DAG(s) 'example_subdag_operator.section-1', 'example_subdag_operator.section-2', 'example_subdag_operator' retrieved from /home/airflow/.local/lib/python3.12/site-packages/airflow/example_dags/example_subdag_operator.py
[2024-12-21T18:57:43.976+0000] {logging_mixin.py:188} INFO - [2024-12-21T18:57:43.976+0000] {dag.py:3096} INFO - Sync 3 DAGs
[2024-12-21T18:57:44.021+0000] {logging_mixin.py:188} INFO - [2024-12-21T18:57:44.020+0000] {dag.py:3954} INFO - Setting next_dagrun for example_subdag_operator to 2022-01-01 00:00:00+00:00, run_after=2022-01-01 00:00:00+00:00
[2024-12-21T18:57:44.046+0000] {logging_mixin.py:188} INFO - [2024-12-21T18:57:44.045+0000] {dag.py:3954} INFO - Setting next_dagrun for example_subdag_operator.section-1 to None, run_after=None
[2024-12-21T18:57:44.057+0000] {logging_mixin.py:188} INFO - [2024-12-21T18:57:44.056+0000] {dag.py:3954} INFO - Setting next_dagrun for example_subdag_operator.section-2 to None, run_after=None
[2024-12-21T18:57:44.079+0000] {logging_mixin.py:188} INFO - [2024-12-21T18:57:44.078+0000] {dag.py:3096} INFO - Sync 2 DAGs
[2024-12-21T18:57:44.109+0000] {logging_mixin.py:188} INFO - [2024-12-21T18:57:44.108+0000] {dag.py:3954} INFO - Setting next_dagrun for example_subdag_operator.section-1 to None, run_after=None
[2024-12-21T18:57:44.110+0000] {logging_mixin.py:188} INFO - [2024-12-21T18:57:44.110+0000] {dag.py:3954} INFO - Setting next_dagrun for example_subdag_operator.section-2 to None, run_after=None
[2024-12-21T18:57:44.165+0000] {processor.py:183} INFO - Processing /home/airflow/.local/lib/python3.12/site-packages/airflow/example_dags/example_subdag_operator.py took 0.279 seconds
[2024-12-21T18:58:14.268+0000] {processor.py:161} INFO - Started process (PID=158) to work on /home/airflow/.local/lib/python3.12/site-packages/airflow/example_dags/example_subdag_operator.py
[2024-12-21T18:58:14.270+0000] {processor.py:830} INFO - Processing file /home/airflow/.local/lib/python3.12/site-packages/airflow/example_dags/example_subdag_operator.py for tasks to queue
[2024-12-21T18:58:14.273+0000] {logging_mixin.py:188} INFO - [2024-12-21T18:58:14.273+0000] {dagbag.py:545} INFO - Filling up the DagBag from /home/airflow/.local/lib/python3.12/site-packages/airflow/example_dags/example_subdag_operator.py
[2024-12-21T18:58:14.307+0000] {processor.py:840} INFO - DAG(s) 'example_subdag_operator.section-1', 'example_subdag_operator.section-2', 'example_subdag_operator' retrieved from /home/airflow/.local/lib/python3.12/site-packages/airflow/example_dags/example_subdag_operator.py
[2024-12-21T18:58:14.325+0000] {logging_mixin.py:188} INFO - [2024-12-21T18:58:14.325+0000] {dag.py:3096} INFO - Sync 3 DAGs
[2024-12-21T18:58:14.349+0000] {logging_mixin.py:188} INFO - [2024-12-21T18:58:14.348+0000] {dag.py:3954} INFO - Setting next_dagrun for example_subdag_operator to 2022-01-01 00:00:00+00:00, run_after=2022-01-01 00:00:00+00:00
[2024-12-21T18:58:14.354+0000] {logging_mixin.py:188} INFO - [2024-12-21T18:58:14.354+0000] {dag.py:3954} INFO - Setting next_dagrun for example_subdag_operator.section-1 to None, run_after=None
[2024-12-21T18:58:14.357+0000] {logging_mixin.py:188} INFO - [2024-12-21T18:58:14.356+0000] {dag.py:3954} INFO - Setting next_dagrun for example_subdag_operator.section-2 to None, run_after=None
[2024-12-21T18:58:14.365+0000] {logging_mixin.py:188} INFO - [2024-12-21T18:58:14.365+0000] {dag.py:3096} INFO - Sync 2 DAGs
[2024-12-21T18:58:14.374+0000] {logging_mixin.py:188} INFO - [2024-12-21T18:58:14.374+0000] {dag.py:3954} INFO - Setting next_dagrun for example_subdag_operator.section-1 to None, run_after=None
[2024-12-21T18:58:14.375+0000] {logging_mixin.py:188} INFO - [2024-12-21T18:58:14.374+0000] {dag.py:3954} INFO - Setting next_dagrun for example_subdag_operator.section-2 to None, run_after=None
[2024-12-21T18:58:14.391+0000] {processor.py:183} INFO - Processing /home/airflow/.local/lib/python3.12/site-packages/airflow/example_dags/example_subdag_operator.py took 0.132 seconds
[2024-12-21T18:58:44.586+0000] {processor.py:161} INFO - Started process (PID=216) to work on /home/airflow/.local/lib/python3.12/site-packages/airflow/example_dags/example_subdag_operator.py
[2024-12-21T18:58:44.588+0000] {processor.py:830} INFO - Processing file /home/airflow/.local/lib/python3.12/site-packages/airflow/example_dags/example_subdag_operator.py for tasks to queue
[2024-12-21T18:58:44.592+0000] {logging_mixin.py:188} INFO - [2024-12-21T18:58:44.591+0000] {dagbag.py:545} INFO - Filling up the DagBag from /home/airflow/.local/lib/python3.12/site-packages/airflow/example_dags/example_subdag_operator.py
[2024-12-21T18:58:44.630+0000] {processor.py:840} INFO - DAG(s) 'example_subdag_operator.section-1', 'example_subdag_operator.section-2', 'example_subdag_operator' retrieved from /home/airflow/.local/lib/python3.12/site-packages/airflow/example_dags/example_subdag_operator.py
[2024-12-21T18:58:44.650+0000] {logging_mixin.py:188} INFO - [2024-12-21T18:58:44.649+0000] {dag.py:3096} INFO - Sync 3 DAGs
[2024-12-21T18:58:44.677+0000] {logging_mixin.py:188} INFO - [2024-12-21T18:58:44.676+0000] {dag.py:3954} INFO - Setting next_dagrun for example_subdag_operator to 2022-01-01 00:00:00+00:00, run_after=2022-01-01 00:00:00+00:00
[2024-12-21T18:58:44.682+0000] {logging_mixin.py:188} INFO - [2024-12-21T18:58:44.681+0000] {dag.py:3954} INFO - Setting next_dagrun for example_subdag_operator.section-1 to None, run_after=None
[2024-12-21T18:58:44.684+0000] {logging_mixin.py:188} INFO - [2024-12-21T18:58:44.684+0000] {dag.py:3954} INFO - Setting next_dagrun for example_subdag_operator.section-2 to None, run_after=None
[2024-12-21T18:58:44.694+0000] {logging_mixin.py:188} INFO - [2024-12-21T18:58:44.693+0000] {dag.py:3096} INFO - Sync 2 DAGs
[2024-12-21T18:58:44.702+0000] {logging_mixin.py:188} INFO - [2024-12-21T18:58:44.701+0000] {dag.py:3954} INFO - Setting next_dagrun for example_subdag_operator.section-1 to None, run_after=None
[2024-12-21T18:58:44.703+0000] {logging_mixin.py:188} INFO - [2024-12-21T18:58:44.703+0000] {dag.py:3954} INFO - Setting next_dagrun for example_subdag_operator.section-2 to None, run_after=None
[2024-12-21T18:58:44.720+0000] {processor.py:183} INFO - Processing /home/airflow/.local/lib/python3.12/site-packages/airflow/example_dags/example_subdag_operator.py took 0.143 seconds
[2024-12-21T18:59:15.582+0000] {processor.py:161} INFO - Started process (PID=274) to work on /home/airflow/.local/lib/python3.12/site-packages/airflow/example_dags/example_subdag_operator.py
[2024-12-21T18:59:15.583+0000] {processor.py:830} INFO - Processing file /home/airflow/.local/lib/python3.12/site-packages/airflow/example_dags/example_subdag_operator.py for tasks to queue
[2024-12-21T18:59:15.585+0000] {logging_mixin.py:188} INFO - [2024-12-21T18:59:15.585+0000] {dagbag.py:545} INFO - Filling up the DagBag from /home/airflow/.local/lib/python3.12/site-packages/airflow/example_dags/example_subdag_operator.py
[2024-12-21T18:59:15.612+0000] {processor.py:840} INFO - DAG(s) 'example_subdag_operator.section-1', 'example_subdag_operator.section-2', 'example_subdag_operator' retrieved from /home/airflow/.local/lib/python3.12/site-packages/airflow/example_dags/example_subdag_operator.py
[2024-12-21T18:59:15.629+0000] {logging_mixin.py:188} INFO - [2024-12-21T18:59:15.629+0000] {dag.py:3096} INFO - Sync 3 DAGs
[2024-12-21T18:59:15.656+0000] {logging_mixin.py:188} INFO - [2024-12-21T18:59:15.656+0000] {dag.py:3954} INFO - Setting next_dagrun for example_subdag_operator to 2022-01-01 00:00:00+00:00, run_after=2022-01-01 00:00:00+00:00
[2024-12-21T18:59:15.661+0000] {logging_mixin.py:188} INFO - [2024-12-21T18:59:15.661+0000] {dag.py:3954} INFO - Setting next_dagrun for example_subdag_operator.section-1 to None, run_after=None
[2024-12-21T18:59:15.664+0000] {logging_mixin.py:188} INFO - [2024-12-21T18:59:15.664+0000] {dag.py:3954} INFO - Setting next_dagrun for example_subdag_operator.section-2 to None, run_after=None
[2024-12-21T18:59:15.674+0000] {logging_mixin.py:188} INFO - [2024-12-21T18:59:15.673+0000] {dag.py:3096} INFO - Sync 2 DAGs
[2024-12-21T18:59:15.681+0000] {logging_mixin.py:188} INFO - [2024-12-21T18:59:15.681+0000] {dag.py:3954} INFO - Setting next_dagrun for example_subdag_operator.section-1 to None, run_after=None
[2024-12-21T18:59:15.682+0000] {logging_mixin.py:188} INFO - [2024-12-21T18:59:15.682+0000] {dag.py:3954} INFO - Setting next_dagrun for example_subdag_operator.section-2 to None, run_after=None
[2024-12-21T18:59:15.699+0000] {processor.py:183} INFO - Processing /home/airflow/.local/lib/python3.12/site-packages/airflow/example_dags/example_subdag_operator.py took 0.122 seconds
[2024-12-21T18:59:46.459+0000] {processor.py:161} INFO - Started process (PID=332) to work on /home/airflow/.local/lib/python3.12/site-packages/airflow/example_dags/example_subdag_operator.py
[2024-12-21T18:59:46.463+0000] {processor.py:830} INFO - Processing file /home/airflow/.local/lib/python3.12/site-packages/airflow/example_dags/example_subdag_operator.py for tasks to queue
[2024-12-21T18:59:46.467+0000] {logging_mixin.py:188} INFO - [2024-12-21T18:59:46.466+0000] {dagbag.py:545} INFO - Filling up the DagBag from /home/airflow/.local/lib/python3.12/site-packages/airflow/example_dags/example_subdag_operator.py
[2024-12-21T18:59:46.510+0000] {processor.py:840} INFO - DAG(s) 'example_subdag_operator.section-1', 'example_subdag_operator.section-2', 'example_subdag_operator' retrieved from /home/airflow/.local/lib/python3.12/site-packages/airflow/example_dags/example_subdag_operator.py
[2024-12-21T18:59:46.538+0000] {logging_mixin.py:188} INFO - [2024-12-21T18:59:46.538+0000] {dag.py:3096} INFO - Sync 3 DAGs
[2024-12-21T18:59:46.576+0000] {logging_mixin.py:188} INFO - [2024-12-21T18:59:46.576+0000] {dag.py:3954} INFO - Setting next_dagrun for example_subdag_operator to 2022-01-01 00:00:00+00:00, run_after=2022-01-01 00:00:00+00:00
[2024-12-21T18:59:46.582+0000] {logging_mixin.py:188} INFO - [2024-12-21T18:59:46.582+0000] {dag.py:3954} INFO - Setting next_dagrun for example_subdag_operator.section-1 to None, run_after=None
[2024-12-21T18:59:46.585+0000] {logging_mixin.py:188} INFO - [2024-12-21T18:59:46.585+0000] {dag.py:3954} INFO - Setting next_dagrun for example_subdag_operator.section-2 to None, run_after=None
[2024-12-21T18:59:46.595+0000] {logging_mixin.py:188} INFO - [2024-12-21T18:59:46.595+0000] {dag.py:3096} INFO - Sync 2 DAGs
[2024-12-21T18:59:46.604+0000] {logging_mixin.py:188} INFO - [2024-12-21T18:59:46.603+0000] {dag.py:3954} INFO - Setting next_dagrun for example_subdag_operator.section-1 to None, run_after=None
[2024-12-21T18:59:46.605+0000] {logging_mixin.py:188} INFO - [2024-12-21T18:59:46.605+0000] {dag.py:3954} INFO - Setting next_dagrun for example_subdag_operator.section-2 to None, run_after=None
[2024-12-21T18:59:46.624+0000] {processor.py:183} INFO - Processing /home/airflow/.local/lib/python3.12/site-packages/airflow/example_dags/example_subdag_operator.py took 0.173 seconds
[2024-12-21T19:00:16.882+0000] {processor.py:161} INFO - Started process (PID=390) to work on /home/airflow/.local/lib/python3.12/site-packages/airflow/example_dags/example_subdag_operator.py
[2024-12-21T19:00:16.884+0000] {processor.py:830} INFO - Processing file /home/airflow/.local/lib/python3.12/site-packages/airflow/example_dags/example_subdag_operator.py for tasks to queue
[2024-12-21T19:00:16.886+0000] {logging_mixin.py:188} INFO - [2024-12-21T19:00:16.885+0000] {dagbag.py:545} INFO - Filling up the DagBag from /home/airflow/.local/lib/python3.12/site-packages/airflow/example_dags/example_subdag_operator.py
[2024-12-21T19:00:16.921+0000] {processor.py:840} INFO - DAG(s) 'example_subdag_operator.section-1', 'example_subdag_operator.section-2', 'example_subdag_operator' retrieved from /home/airflow/.local/lib/python3.12/site-packages/airflow/example_dags/example_subdag_operator.py
[2024-12-21T19:00:16.961+0000] {logging_mixin.py:188} INFO - [2024-12-21T19:00:16.961+0000] {dag.py:3096} INFO - Sync 3 DAGs
[2024-12-21T19:00:17.022+0000] {logging_mixin.py:188} INFO - [2024-12-21T19:00:17.022+0000] {dag.py:3954} INFO - Setting next_dagrun for example_subdag_operator to 2022-01-01 00:00:00+00:00, run_after=2022-01-01 00:00:00+00:00
[2024-12-21T19:00:17.033+0000] {logging_mixin.py:188} INFO - [2024-12-21T19:00:17.033+0000] {dag.py:3954} INFO - Setting next_dagrun for example_subdag_operator.section-1 to None, run_after=None
[2024-12-21T19:00:17.039+0000] {logging_mixin.py:188} INFO - [2024-12-21T19:00:17.038+0000] {dag.py:3954} INFO - Setting next_dagrun for example_subdag_operator.section-2 to None, run_after=None
[2024-12-21T19:00:17.056+0000] {logging_mixin.py:188} INFO - [2024-12-21T19:00:17.056+0000] {dag.py:3096} INFO - Sync 2 DAGs
[2024-12-21T19:00:17.068+0000] {logging_mixin.py:188} INFO - [2024-12-21T19:00:17.068+0000] {dag.py:3954} INFO - Setting next_dagrun for example_subdag_operator.section-1 to None, run_after=None
[2024-12-21T19:00:17.070+0000] {logging_mixin.py:188} INFO - [2024-12-21T19:00:17.069+0000] {dag.py:3954} INFO - Setting next_dagrun for example_subdag_operator.section-2 to None, run_after=None
[2024-12-21T19:00:17.095+0000] {processor.py:183} INFO - Processing /home/airflow/.local/lib/python3.12/site-packages/airflow/example_dags/example_subdag_operator.py took 0.219 seconds
[2024-12-21T19:00:47.523+0000] {processor.py:161} INFO - Started process (PID=448) to work on /home/airflow/.local/lib/python3.12/site-packages/airflow/example_dags/example_subdag_operator.py
[2024-12-21T19:00:47.525+0000] {processor.py:830} INFO - Processing file /home/airflow/.local/lib/python3.12/site-packages/airflow/example_dags/example_subdag_operator.py for tasks to queue
[2024-12-21T19:00:47.529+0000] {logging_mixin.py:188} INFO - [2024-12-21T19:00:47.528+0000] {dagbag.py:545} INFO - Filling up the DagBag from /home/airflow/.local/lib/python3.12/site-packages/airflow/example_dags/example_subdag_operator.py
[2024-12-21T19:00:47.562+0000] {processor.py:840} INFO - DAG(s) 'example_subdag_operator.section-1', 'example_subdag_operator.section-2', 'example_subdag_operator' retrieved from /home/airflow/.local/lib/python3.12/site-packages/airflow/example_dags/example_subdag_operator.py
[2024-12-21T19:00:47.582+0000] {logging_mixin.py:188} INFO - [2024-12-21T19:00:47.581+0000] {dag.py:3096} INFO - Sync 3 DAGs
[2024-12-21T19:00:47.628+0000] {logging_mixin.py:188} INFO - [2024-12-21T19:00:47.627+0000] {dag.py:3954} INFO - Setting next_dagrun for example_subdag_operator to 2022-01-01 00:00:00+00:00, run_after=2022-01-01 00:00:00+00:00
[2024-12-21T19:00:47.636+0000] {logging_mixin.py:188} INFO - [2024-12-21T19:00:47.635+0000] {dag.py:3954} INFO - Setting next_dagrun for example_subdag_operator.section-1 to None, run_after=None
[2024-12-21T19:00:47.639+0000] {logging_mixin.py:188} INFO - [2024-12-21T19:00:47.638+0000] {dag.py:3954} INFO - Setting next_dagrun for example_subdag_operator.section-2 to None, run_after=None
[2024-12-21T19:00:47.652+0000] {logging_mixin.py:188} INFO - [2024-12-21T19:00:47.652+0000] {dag.py:3096} INFO - Sync 2 DAGs
[2024-12-21T19:00:47.662+0000] {logging_mixin.py:188} INFO - [2024-12-21T19:00:47.661+0000] {dag.py:3954} INFO - Setting next_dagrun for example_subdag_operator.section-1 to None, run_after=None
[2024-12-21T19:00:47.663+0000] {logging_mixin.py:188} INFO - [2024-12-21T19:00:47.663+0000] {dag.py:3954} INFO - Setting next_dagrun for example_subdag_operator.section-2 to None, run_after=None
[2024-12-21T19:00:47.682+0000] {processor.py:183} INFO - Processing /home/airflow/.local/lib/python3.12/site-packages/airflow/example_dags/example_subdag_operator.py took 0.168 seconds
[2024-12-21T19:01:18.593+0000] {processor.py:161} INFO - Started process (PID=506) to work on /home/airflow/.local/lib/python3.12/site-packages/airflow/example_dags/example_subdag_operator.py
[2024-12-21T19:01:18.596+0000] {processor.py:830} INFO - Processing file /home/airflow/.local/lib/python3.12/site-packages/airflow/example_dags/example_subdag_operator.py for tasks to queue
[2024-12-21T19:01:18.601+0000] {logging_mixin.py:188} INFO - [2024-12-21T19:01:18.601+0000] {dagbag.py:545} INFO - Filling up the DagBag from /home/airflow/.local/lib/python3.12/site-packages/airflow/example_dags/example_subdag_operator.py
[2024-12-21T19:01:18.650+0000] {processor.py:840} INFO - DAG(s) 'example_subdag_operator.section-1', 'example_subdag_operator.section-2', 'example_subdag_operator' retrieved from /home/airflow/.local/lib/python3.12/site-packages/airflow/example_dags/example_subdag_operator.py
[2024-12-21T19:01:18.686+0000] {logging_mixin.py:188} INFO - [2024-12-21T19:01:18.685+0000] {dag.py:3096} INFO - Sync 3 DAGs
[2024-12-21T19:01:18.745+0000] {logging_mixin.py:188} INFO - [2024-12-21T19:01:18.744+0000] {dag.py:3954} INFO - Setting next_dagrun for example_subdag_operator to 2022-01-01 00:00:00+00:00, run_after=2022-01-01 00:00:00+00:00
[2024-12-21T19:01:18.754+0000] {logging_mixin.py:188} INFO - [2024-12-21T19:01:18.753+0000] {dag.py:3954} INFO - Setting next_dagrun for example_subdag_operator.section-1 to None, run_after=None
[2024-12-21T19:01:18.759+0000] {logging_mixin.py:188} INFO - [2024-12-21T19:01:18.759+0000] {dag.py:3954} INFO - Setting next_dagrun for example_subdag_operator.section-2 to None, run_after=None
[2024-12-21T19:01:18.772+0000] {logging_mixin.py:188} INFO - [2024-12-21T19:01:18.772+0000] {dag.py:3096} INFO - Sync 2 DAGs
[2024-12-21T19:01:18.787+0000] {logging_mixin.py:188} INFO - [2024-12-21T19:01:18.787+0000] {dag.py:3954} INFO - Setting next_dagrun for example_subdag_operator.section-1 to None, run_after=None
[2024-12-21T19:01:18.789+0000] {logging_mixin.py:188} INFO - [2024-12-21T19:01:18.788+0000] {dag.py:3954} INFO - Setting next_dagrun for example_subdag_operator.section-2 to None, run_after=None
[2024-12-21T19:01:18.820+0000] {processor.py:183} INFO - Processing /home/airflow/.local/lib/python3.12/site-packages/airflow/example_dags/example_subdag_operator.py took 0.237 seconds
[2024-12-21T19:01:49.204+0000] {processor.py:161} INFO - Started process (PID=564) to work on /home/airflow/.local/lib/python3.12/site-packages/airflow/example_dags/example_subdag_operator.py
[2024-12-21T19:01:49.206+0000] {processor.py:830} INFO - Processing file /home/airflow/.local/lib/python3.12/site-packages/airflow/example_dags/example_subdag_operator.py for tasks to queue
[2024-12-21T19:01:49.208+0000] {logging_mixin.py:188} INFO - [2024-12-21T19:01:49.208+0000] {dagbag.py:545} INFO - Filling up the DagBag from /home/airflow/.local/lib/python3.12/site-packages/airflow/example_dags/example_subdag_operator.py
[2024-12-21T19:01:49.235+0000] {processor.py:840} INFO - DAG(s) 'example_subdag_operator.section-1', 'example_subdag_operator.section-2', 'example_subdag_operator' retrieved from /home/airflow/.local/lib/python3.12/site-packages/airflow/example_dags/example_subdag_operator.py
[2024-12-21T19:01:49.253+0000] {logging_mixin.py:188} INFO - [2024-12-21T19:01:49.253+0000] {dag.py:3096} INFO - Sync 3 DAGs
[2024-12-21T19:01:49.279+0000] {logging_mixin.py:188} INFO - [2024-12-21T19:01:49.278+0000] {dag.py:3954} INFO - Setting next_dagrun for example_subdag_operator to 2022-01-01 00:00:00+00:00, run_after=2022-01-01 00:00:00+00:00
[2024-12-21T19:01:49.284+0000] {logging_mixin.py:188} INFO - [2024-12-21T19:01:49.284+0000] {dag.py:3954} INFO - Setting next_dagrun for example_subdag_operator.section-1 to None, run_after=None
[2024-12-21T19:01:49.287+0000] {logging_mixin.py:188} INFO - [2024-12-21T19:01:49.287+0000] {dag.py:3954} INFO - Setting next_dagrun for example_subdag_operator.section-2 to None, run_after=None
[2024-12-21T19:01:49.296+0000] {logging_mixin.py:188} INFO - [2024-12-21T19:01:49.296+0000] {dag.py:3096} INFO - Sync 2 DAGs
[2024-12-21T19:01:49.304+0000] {logging_mixin.py:188} INFO - [2024-12-21T19:01:49.304+0000] {dag.py:3954} INFO - Setting next_dagrun for example_subdag_operator.section-1 to None, run_after=None
[2024-12-21T19:01:49.305+0000] {logging_mixin.py:188} INFO - [2024-12-21T19:01:49.305+0000] {dag.py:3954} INFO - Setting next_dagrun for example_subdag_operator.section-2 to None, run_after=None
[2024-12-21T19:01:49.325+0000] {processor.py:183} INFO - Processing /home/airflow/.local/lib/python3.12/site-packages/airflow/example_dags/example_subdag_operator.py took 0.126 seconds
[2024-12-21T19:02:19.496+0000] {processor.py:161} INFO - Started process (PID=622) to work on /home/airflow/.local/lib/python3.12/site-packages/airflow/example_dags/example_subdag_operator.py
[2024-12-21T19:02:19.497+0000] {processor.py:830} INFO - Processing file /home/airflow/.local/lib/python3.12/site-packages/airflow/example_dags/example_subdag_operator.py for tasks to queue
[2024-12-21T19:02:19.500+0000] {logging_mixin.py:188} INFO - [2024-12-21T19:02:19.499+0000] {dagbag.py:545} INFO - Filling up the DagBag from /home/airflow/.local/lib/python3.12/site-packages/airflow/example_dags/example_subdag_operator.py
[2024-12-21T19:02:19.530+0000] {processor.py:840} INFO - DAG(s) 'example_subdag_operator.section-1', 'example_subdag_operator.section-2', 'example_subdag_operator' retrieved from /home/airflow/.local/lib/python3.12/site-packages/airflow/example_dags/example_subdag_operator.py
[2024-12-21T19:02:19.566+0000] {logging_mixin.py:188} INFO - [2024-12-21T19:02:19.565+0000] {dag.py:3096} INFO - Sync 3 DAGs
[2024-12-21T19:02:19.607+0000] {logging_mixin.py:188} INFO - [2024-12-21T19:02:19.606+0000] {dag.py:3954} INFO - Setting next_dagrun for example_subdag_operator to 2022-01-01 00:00:00+00:00, run_after=2022-01-01 00:00:00+00:00
[2024-12-21T19:02:19.613+0000] {logging_mixin.py:188} INFO - [2024-12-21T19:02:19.612+0000] {dag.py:3954} INFO - Setting next_dagrun for example_subdag_operator.section-1 to None, run_after=None
[2024-12-21T19:02:19.616+0000] {logging_mixin.py:188} INFO - [2024-12-21T19:02:19.616+0000] {dag.py:3954} INFO - Setting next_dagrun for example_subdag_operator.section-2 to None, run_after=None
[2024-12-21T19:02:19.627+0000] {logging_mixin.py:188} INFO - [2024-12-21T19:02:19.627+0000] {dag.py:3096} INFO - Sync 2 DAGs
[2024-12-21T19:02:19.635+0000] {logging_mixin.py:188} INFO - [2024-12-21T19:02:19.635+0000] {dag.py:3954} INFO - Setting next_dagrun for example_subdag_operator.section-1 to None, run_after=None
[2024-12-21T19:02:19.636+0000] {logging_mixin.py:188} INFO - [2024-12-21T19:02:19.636+0000] {dag.py:3954} INFO - Setting next_dagrun for example_subdag_operator.section-2 to None, run_after=None
[2024-12-21T19:02:19.655+0000] {processor.py:183} INFO - Processing /home/airflow/.local/lib/python3.12/site-packages/airflow/example_dags/example_subdag_operator.py took 0.166 seconds
[2024-12-21T19:02:50.412+0000] {processor.py:161} INFO - Started process (PID=680) to work on /home/airflow/.local/lib/python3.12/site-packages/airflow/example_dags/example_subdag_operator.py
[2024-12-21T19:02:50.419+0000] {processor.py:830} INFO - Processing file /home/airflow/.local/lib/python3.12/site-packages/airflow/example_dags/example_subdag_operator.py for tasks to queue
[2024-12-21T19:02:50.422+0000] {logging_mixin.py:188} INFO - [2024-12-21T19:02:50.422+0000] {dagbag.py:545} INFO - Filling up the DagBag from /home/airflow/.local/lib/python3.12/site-packages/airflow/example_dags/example_subdag_operator.py
[2024-12-21T19:02:50.480+0000] {processor.py:840} INFO - DAG(s) 'example_subdag_operator.section-1', 'example_subdag_operator.section-2', 'example_subdag_operator' retrieved from /home/airflow/.local/lib/python3.12/site-packages/airflow/example_dags/example_subdag_operator.py
[2024-12-21T19:02:50.520+0000] {logging_mixin.py:188} INFO - [2024-12-21T19:02:50.520+0000] {dag.py:3096} INFO - Sync 3 DAGs
[2024-12-21T19:02:50.577+0000] {logging_mixin.py:188} INFO - [2024-12-21T19:02:50.576+0000] {dag.py:3954} INFO - Setting next_dagrun for example_subdag_operator to 2022-01-01 00:00:00+00:00, run_after=2022-01-01 00:00:00+00:00
[2024-12-21T19:02:50.581+0000] {logging_mixin.py:188} INFO - [2024-12-21T19:02:50.581+0000] {dag.py:3954} INFO - Setting next_dagrun for example_subdag_operator.section-1 to None, run_after=None
[2024-12-21T19:02:50.584+0000] {logging_mixin.py:188} INFO - [2024-12-21T19:02:50.584+0000] {dag.py:3954} INFO - Setting next_dagrun for example_subdag_operator.section-2 to None, run_after=None
[2024-12-21T19:02:50.598+0000] {logging_mixin.py:188} INFO - [2024-12-21T19:02:50.597+0000] {dag.py:3096} INFO - Sync 2 DAGs
[2024-12-21T19:02:50.609+0000] {logging_mixin.py:188} INFO - [2024-12-21T19:02:50.609+0000] {dag.py:3954} INFO - Setting next_dagrun for example_subdag_operator.section-1 to None, run_after=None
[2024-12-21T19:02:50.610+0000] {logging_mixin.py:188} INFO - [2024-12-21T19:02:50.610+0000] {dag.py:3954} INFO - Setting next_dagrun for example_subdag_operator.section-2 to None, run_after=None
[2024-12-21T19:02:50.637+0000] {processor.py:183} INFO - Processing /home/airflow/.local/lib/python3.12/site-packages/airflow/example_dags/example_subdag_operator.py took 0.235 seconds
[2024-12-21T19:03:21.145+0000] {processor.py:161} INFO - Started process (PID=738) to work on /home/airflow/.local/lib/python3.12/site-packages/airflow/example_dags/example_subdag_operator.py
[2024-12-21T19:03:21.147+0000] {processor.py:830} INFO - Processing file /home/airflow/.local/lib/python3.12/site-packages/airflow/example_dags/example_subdag_operator.py for tasks to queue
[2024-12-21T19:03:21.151+0000] {logging_mixin.py:188} INFO - [2024-12-21T19:03:21.150+0000] {dagbag.py:545} INFO - Filling up the DagBag from /home/airflow/.local/lib/python3.12/site-packages/airflow/example_dags/example_subdag_operator.py
[2024-12-21T19:03:21.195+0000] {processor.py:840} INFO - DAG(s) 'example_subdag_operator.section-1', 'example_subdag_operator.section-2', 'example_subdag_operator' retrieved from /home/airflow/.local/lib/python3.12/site-packages/airflow/example_dags/example_subdag_operator.py
[2024-12-21T19:03:21.222+0000] {logging_mixin.py:188} INFO - [2024-12-21T19:03:21.222+0000] {dag.py:3096} INFO - Sync 3 DAGs
[2024-12-21T19:03:21.261+0000] {logging_mixin.py:188} INFO - [2024-12-21T19:03:21.260+0000] {dag.py:3954} INFO - Setting next_dagrun for example_subdag_operator to 2022-01-01 00:00:00+00:00, run_after=2022-01-01 00:00:00+00:00
[2024-12-21T19:03:21.268+0000] {logging_mixin.py:188} INFO - [2024-12-21T19:03:21.267+0000] {dag.py:3954} INFO - Setting next_dagrun for example_subdag_operator.section-1 to None, run_after=None
[2024-12-21T19:03:21.271+0000] {logging_mixin.py:188} INFO - [2024-12-21T19:03:21.270+0000] {dag.py:3954} INFO - Setting next_dagrun for example_subdag_operator.section-2 to None, run_after=None
[2024-12-21T19:03:21.283+0000] {logging_mixin.py:188} INFO - [2024-12-21T19:03:21.283+0000] {dag.py:3096} INFO - Sync 2 DAGs
[2024-12-21T19:03:21.293+0000] {logging_mixin.py:188} INFO - [2024-12-21T19:03:21.293+0000] {dag.py:3954} INFO - Setting next_dagrun for example_subdag_operator.section-1 to None, run_after=None
[2024-12-21T19:03:21.295+0000] {logging_mixin.py:188} INFO - [2024-12-21T19:03:21.294+0000] {dag.py:3954} INFO - Setting next_dagrun for example_subdag_operator.section-2 to None, run_after=None
[2024-12-21T19:03:21.322+0000] {processor.py:183} INFO - Processing /home/airflow/.local/lib/python3.12/site-packages/airflow/example_dags/example_subdag_operator.py took 0.185 seconds
[2024-12-21T19:03:51.593+0000] {processor.py:161} INFO - Started process (PID=797) to work on /home/airflow/.local/lib/python3.12/site-packages/airflow/example_dags/example_subdag_operator.py
[2024-12-21T19:03:51.595+0000] {processor.py:830} INFO - Processing file /home/airflow/.local/lib/python3.12/site-packages/airflow/example_dags/example_subdag_operator.py for tasks to queue
[2024-12-21T19:03:51.597+0000] {logging_mixin.py:188} INFO - [2024-12-21T19:03:51.597+0000] {dagbag.py:545} INFO - Filling up the DagBag from /home/airflow/.local/lib/python3.12/site-packages/airflow/example_dags/example_subdag_operator.py
[2024-12-21T19:03:51.628+0000] {processor.py:840} INFO - DAG(s) 'example_subdag_operator.section-1', 'example_subdag_operator.section-2', 'example_subdag_operator' retrieved from /home/airflow/.local/lib/python3.12/site-packages/airflow/example_dags/example_subdag_operator.py
[2024-12-21T19:03:51.652+0000] {logging_mixin.py:188} INFO - [2024-12-21T19:03:51.651+0000] {dag.py:3096} INFO - Sync 3 DAGs
[2024-12-21T19:03:51.696+0000] {logging_mixin.py:188} INFO - [2024-12-21T19:03:51.696+0000] {dag.py:3954} INFO - Setting next_dagrun for example_subdag_operator to 2022-01-01 00:00:00+00:00, run_after=2022-01-01 00:00:00+00:00
[2024-12-21T19:03:51.705+0000] {logging_mixin.py:188} INFO - [2024-12-21T19:03:51.704+0000] {dag.py:3954} INFO - Setting next_dagrun for example_subdag_operator.section-1 to None, run_after=None
[2024-12-21T19:03:51.712+0000] {logging_mixin.py:188} INFO - [2024-12-21T19:03:51.712+0000] {dag.py:3954} INFO - Setting next_dagrun for example_subdag_operator.section-2 to None, run_after=None
[2024-12-21T19:03:51.727+0000] {logging_mixin.py:188} INFO - [2024-12-21T19:03:51.726+0000] {dag.py:3096} INFO - Sync 2 DAGs
[2024-12-21T19:03:51.738+0000] {logging_mixin.py:188} INFO - [2024-12-21T19:03:51.738+0000] {dag.py:3954} INFO - Setting next_dagrun for example_subdag_operator.section-1 to None, run_after=None
[2024-12-21T19:03:51.740+0000] {logging_mixin.py:188} INFO - [2024-12-21T19:03:51.739+0000] {dag.py:3954} INFO - Setting next_dagrun for example_subdag_operator.section-2 to None, run_after=None
[2024-12-21T19:03:51.761+0000] {processor.py:183} INFO - Processing /home/airflow/.local/lib/python3.12/site-packages/airflow/example_dags/example_subdag_operator.py took 0.175 seconds
[2024-12-21T19:04:21.998+0000] {processor.py:161} INFO - Started process (PID=855) to work on /home/airflow/.local/lib/python3.12/site-packages/airflow/example_dags/example_subdag_operator.py
[2024-12-21T19:04:22.000+0000] {processor.py:830} INFO - Processing file /home/airflow/.local/lib/python3.12/site-packages/airflow/example_dags/example_subdag_operator.py for tasks to queue
[2024-12-21T19:04:22.002+0000] {logging_mixin.py:188} INFO - [2024-12-21T19:04:22.002+0000] {dagbag.py:545} INFO - Filling up the DagBag from /home/airflow/.local/lib/python3.12/site-packages/airflow/example_dags/example_subdag_operator.py
[2024-12-21T19:04:22.030+0000] {processor.py:840} INFO - DAG(s) 'example_subdag_operator.section-1', 'example_subdag_operator.section-2', 'example_subdag_operator' retrieved from /home/airflow/.local/lib/python3.12/site-packages/airflow/example_dags/example_subdag_operator.py
[2024-12-21T19:04:22.049+0000] {logging_mixin.py:188} INFO - [2024-12-21T19:04:22.048+0000] {dag.py:3096} INFO - Sync 3 DAGs
[2024-12-21T19:04:22.072+0000] {logging_mixin.py:188} INFO - [2024-12-21T19:04:22.071+0000] {dag.py:3954} INFO - Setting next_dagrun for example_subdag_operator to 2022-01-01 00:00:00+00:00, run_after=2022-01-01 00:00:00+00:00
[2024-12-21T19:04:22.077+0000] {logging_mixin.py:188} INFO - [2024-12-21T19:04:22.077+0000] {dag.py:3954} INFO - Setting next_dagrun for example_subdag_operator.section-1 to None, run_after=None
[2024-12-21T19:04:22.080+0000] {logging_mixin.py:188} INFO - [2024-12-21T19:04:22.080+0000] {dag.py:3954} INFO - Setting next_dagrun for example_subdag_operator.section-2 to None, run_after=None
[2024-12-21T19:04:22.089+0000] {logging_mixin.py:188} INFO - [2024-12-21T19:04:22.089+0000] {dag.py:3096} INFO - Sync 2 DAGs
[2024-12-21T19:04:22.097+0000] {logging_mixin.py:188} INFO - [2024-12-21T19:04:22.096+0000] {dag.py:3954} INFO - Setting next_dagrun for example_subdag_operator.section-1 to None, run_after=None
[2024-12-21T19:04:22.098+0000] {logging_mixin.py:188} INFO - [2024-12-21T19:04:22.098+0000] {dag.py:3954} INFO - Setting next_dagrun for example_subdag_operator.section-2 to None, run_after=None
[2024-12-21T19:04:22.117+0000] {processor.py:183} INFO - Processing /home/airflow/.local/lib/python3.12/site-packages/airflow/example_dags/example_subdag_operator.py took 0.126 seconds
[2024-12-21T19:04:53.100+0000] {processor.py:161} INFO - Started process (PID=912) to work on /home/airflow/.local/lib/python3.12/site-packages/airflow/example_dags/example_subdag_operator.py
[2024-12-21T19:04:53.102+0000] {processor.py:830} INFO - Processing file /home/airflow/.local/lib/python3.12/site-packages/airflow/example_dags/example_subdag_operator.py for tasks to queue
[2024-12-21T19:04:53.105+0000] {logging_mixin.py:188} INFO - [2024-12-21T19:04:53.104+0000] {dagbag.py:545} INFO - Filling up the DagBag from /home/airflow/.local/lib/python3.12/site-packages/airflow/example_dags/example_subdag_operator.py
[2024-12-21T19:04:53.135+0000] {processor.py:840} INFO - DAG(s) 'example_subdag_operator.section-1', 'example_subdag_operator.section-2', 'example_subdag_operator' retrieved from /home/airflow/.local/lib/python3.12/site-packages/airflow/example_dags/example_subdag_operator.py
[2024-12-21T19:04:53.155+0000] {logging_mixin.py:188} INFO - [2024-12-21T19:04:53.154+0000] {dag.py:3096} INFO - Sync 3 DAGs
[2024-12-21T19:04:53.184+0000] {logging_mixin.py:188} INFO - [2024-12-21T19:04:53.184+0000] {dag.py:3954} INFO - Setting next_dagrun for example_subdag_operator to 2022-01-01 00:00:00+00:00, run_after=2022-01-01 00:00:00+00:00
[2024-12-21T19:04:53.194+0000] {logging_mixin.py:188} INFO - [2024-12-21T19:04:53.194+0000] {dag.py:3954} INFO - Setting next_dagrun for example_subdag_operator.section-1 to None, run_after=None
[2024-12-21T19:04:53.201+0000] {logging_mixin.py:188} INFO - [2024-12-21T19:04:53.199+0000] {dag.py:3954} INFO - Setting next_dagrun for example_subdag_operator.section-2 to None, run_after=None
[2024-12-21T19:04:53.219+0000] {logging_mixin.py:188} INFO - [2024-12-21T19:04:53.218+0000] {dag.py:3096} INFO - Sync 2 DAGs
[2024-12-21T19:04:53.240+0000] {logging_mixin.py:188} INFO - [2024-12-21T19:04:53.240+0000] {dag.py:3954} INFO - Setting next_dagrun for example_subdag_operator.section-1 to None, run_after=None
[2024-12-21T19:04:53.242+0000] {logging_mixin.py:188} INFO - [2024-12-21T19:04:53.242+0000] {dag.py:3954} INFO - Setting next_dagrun for example_subdag_operator.section-2 to None, run_after=None
[2024-12-21T19:04:53.293+0000] {processor.py:183} INFO - Processing /home/airflow/.local/lib/python3.12/site-packages/airflow/example_dags/example_subdag_operator.py took 0.199 seconds
[2024-12-21T19:05:24.065+0000] {processor.py:161} INFO - Started process (PID=970) to work on /home/airflow/.local/lib/python3.12/site-packages/airflow/example_dags/example_subdag_operator.py
[2024-12-21T19:05:24.068+0000] {processor.py:830} INFO - Processing file /home/airflow/.local/lib/python3.12/site-packages/airflow/example_dags/example_subdag_operator.py for tasks to queue
[2024-12-21T19:05:24.071+0000] {logging_mixin.py:188} INFO - [2024-12-21T19:05:24.071+0000] {dagbag.py:545} INFO - Filling up the DagBag from /home/airflow/.local/lib/python3.12/site-packages/airflow/example_dags/example_subdag_operator.py
[2024-12-21T19:05:24.111+0000] {processor.py:840} INFO - DAG(s) 'example_subdag_operator.section-1', 'example_subdag_operator.section-2', 'example_subdag_operator' retrieved from /home/airflow/.local/lib/python3.12/site-packages/airflow/example_dags/example_subdag_operator.py
[2024-12-21T19:05:24.138+0000] {logging_mixin.py:188} INFO - [2024-12-21T19:05:24.137+0000] {dag.py:3096} INFO - Sync 3 DAGs
[2024-12-21T19:05:24.169+0000] {logging_mixin.py:188} INFO - [2024-12-21T19:05:24.169+0000] {dag.py:3954} INFO - Setting next_dagrun for example_subdag_operator to 2022-01-01 00:00:00+00:00, run_after=2022-01-01 00:00:00+00:00
[2024-12-21T19:05:24.176+0000] {logging_mixin.py:188} INFO - [2024-12-21T19:05:24.176+0000] {dag.py:3954} INFO - Setting next_dagrun for example_subdag_operator.section-1 to None, run_after=None
[2024-12-21T19:05:24.180+0000] {logging_mixin.py:188} INFO - [2024-12-21T19:05:24.179+0000] {dag.py:3954} INFO - Setting next_dagrun for example_subdag_operator.section-2 to None, run_after=None
[2024-12-21T19:05:24.192+0000] {logging_mixin.py:188} INFO - [2024-12-21T19:05:24.191+0000] {dag.py:3096} INFO - Sync 2 DAGs
[2024-12-21T19:05:24.202+0000] {logging_mixin.py:188} INFO - [2024-12-21T19:05:24.202+0000] {dag.py:3954} INFO - Setting next_dagrun for example_subdag_operator.section-1 to None, run_after=None
[2024-12-21T19:05:24.204+0000] {logging_mixin.py:188} INFO - [2024-12-21T19:05:24.203+0000] {dag.py:3954} INFO - Setting next_dagrun for example_subdag_operator.section-2 to None, run_after=None
[2024-12-21T19:05:24.225+0000] {processor.py:183} INFO - Processing /home/airflow/.local/lib/python3.12/site-packages/airflow/example_dags/example_subdag_operator.py took 0.167 seconds
[2024-12-21T19:05:54.786+0000] {processor.py:161} INFO - Started process (PID=1028) to work on /home/airflow/.local/lib/python3.12/site-packages/airflow/example_dags/example_subdag_operator.py
[2024-12-21T19:05:54.787+0000] {processor.py:830} INFO - Processing file /home/airflow/.local/lib/python3.12/site-packages/airflow/example_dags/example_subdag_operator.py for tasks to queue
[2024-12-21T19:05:54.789+0000] {logging_mixin.py:188} INFO - [2024-12-21T19:05:54.789+0000] {dagbag.py:545} INFO - Filling up the DagBag from /home/airflow/.local/lib/python3.12/site-packages/airflow/example_dags/example_subdag_operator.py
[2024-12-21T19:05:54.816+0000] {processor.py:840} INFO - DAG(s) 'example_subdag_operator.section-1', 'example_subdag_operator.section-2', 'example_subdag_operator' retrieved from /home/airflow/.local/lib/python3.12/site-packages/airflow/example_dags/example_subdag_operator.py
[2024-12-21T19:05:54.835+0000] {logging_mixin.py:188} INFO - [2024-12-21T19:05:54.834+0000] {dag.py:3096} INFO - Sync 3 DAGs
[2024-12-21T19:05:54.866+0000] {logging_mixin.py:188} INFO - [2024-12-21T19:05:54.865+0000] {dag.py:3954} INFO - Setting next_dagrun for example_subdag_operator to 2022-01-01 00:00:00+00:00, run_after=2022-01-01 00:00:00+00:00
[2024-12-21T19:05:54.871+0000] {logging_mixin.py:188} INFO - [2024-12-21T19:05:54.871+0000] {dag.py:3954} INFO - Setting next_dagrun for example_subdag_operator.section-1 to None, run_after=None
[2024-12-21T19:05:54.874+0000] {logging_mixin.py:188} INFO - [2024-12-21T19:05:54.873+0000] {dag.py:3954} INFO - Setting next_dagrun for example_subdag_operator.section-2 to None, run_after=None
[2024-12-21T19:05:54.884+0000] {logging_mixin.py:188} INFO - [2024-12-21T19:05:54.883+0000] {dag.py:3096} INFO - Sync 2 DAGs
[2024-12-21T19:05:54.891+0000] {logging_mixin.py:188} INFO - [2024-12-21T19:05:54.890+0000] {dag.py:3954} INFO - Setting next_dagrun for example_subdag_operator.section-1 to None, run_after=None
[2024-12-21T19:05:54.892+0000] {logging_mixin.py:188} INFO - [2024-12-21T19:05:54.891+0000] {dag.py:3954} INFO - Setting next_dagrun for example_subdag_operator.section-2 to None, run_after=None
[2024-12-21T19:05:54.915+0000] {processor.py:183} INFO - Processing /home/airflow/.local/lib/python3.12/site-packages/airflow/example_dags/example_subdag_operator.py took 0.135 seconds
[2024-12-21T19:06:25.211+0000] {processor.py:161} INFO - Started process (PID=1086) to work on /home/airflow/.local/lib/python3.12/site-packages/airflow/example_dags/example_subdag_operator.py
[2024-12-21T19:06:25.212+0000] {processor.py:830} INFO - Processing file /home/airflow/.local/lib/python3.12/site-packages/airflow/example_dags/example_subdag_operator.py for tasks to queue
[2024-12-21T19:06:25.215+0000] {logging_mixin.py:188} INFO - [2024-12-21T19:06:25.214+0000] {dagbag.py:545} INFO - Filling up the DagBag from /home/airflow/.local/lib/python3.12/site-packages/airflow/example_dags/example_subdag_operator.py
[2024-12-21T19:06:25.242+0000] {processor.py:840} INFO - DAG(s) 'example_subdag_operator.section-1', 'example_subdag_operator.section-2', 'example_subdag_operator' retrieved from /home/airflow/.local/lib/python3.12/site-packages/airflow/example_dags/example_subdag_operator.py
[2024-12-21T19:06:25.261+0000] {logging_mixin.py:188} INFO - [2024-12-21T19:06:25.261+0000] {dag.py:3096} INFO - Sync 3 DAGs
[2024-12-21T19:06:25.288+0000] {logging_mixin.py:188} INFO - [2024-12-21T19:06:25.288+0000] {dag.py:3954} INFO - Setting next_dagrun for example_subdag_operator to 2022-01-01 00:00:00+00:00, run_after=2022-01-01 00:00:00+00:00
[2024-12-21T19:06:25.294+0000] {logging_mixin.py:188} INFO - [2024-12-21T19:06:25.293+0000] {dag.py:3954} INFO - Setting next_dagrun for example_subdag_operator.section-1 to None, run_after=None
[2024-12-21T19:06:25.297+0000] {logging_mixin.py:188} INFO - [2024-12-21T19:06:25.296+0000] {dag.py:3954} INFO - Setting next_dagrun for example_subdag_operator.section-2 to None, run_after=None
[2024-12-21T19:06:25.308+0000] {logging_mixin.py:188} INFO - [2024-12-21T19:06:25.308+0000] {dag.py:3096} INFO - Sync 2 DAGs
[2024-12-21T19:06:25.317+0000] {logging_mixin.py:188} INFO - [2024-12-21T19:06:25.317+0000] {dag.py:3954} INFO - Setting next_dagrun for example_subdag_operator.section-1 to None, run_after=None
[2024-12-21T19:06:25.319+0000] {logging_mixin.py:188} INFO - [2024-12-21T19:06:25.318+0000] {dag.py:3954} INFO - Setting next_dagrun for example_subdag_operator.section-2 to None, run_after=None
[2024-12-21T19:06:25.341+0000] {processor.py:183} INFO - Processing /home/airflow/.local/lib/python3.12/site-packages/airflow/example_dags/example_subdag_operator.py took 0.138 seconds
[2024-12-21T19:06:55.893+0000] {processor.py:161} INFO - Started process (PID=1145) to work on /home/airflow/.local/lib/python3.12/site-packages/airflow/example_dags/example_subdag_operator.py
[2024-12-21T19:06:55.894+0000] {processor.py:830} INFO - Processing file /home/airflow/.local/lib/python3.12/site-packages/airflow/example_dags/example_subdag_operator.py for tasks to queue
[2024-12-21T19:06:55.897+0000] {logging_mixin.py:188} INFO - [2024-12-21T19:06:55.896+0000] {dagbag.py:545} INFO - Filling up the DagBag from /home/airflow/.local/lib/python3.12/site-packages/airflow/example_dags/example_subdag_operator.py
[2024-12-21T19:06:55.930+0000] {processor.py:840} INFO - DAG(s) 'example_subdag_operator.section-1', 'example_subdag_operator.section-2', 'example_subdag_operator' retrieved from /home/airflow/.local/lib/python3.12/site-packages/airflow/example_dags/example_subdag_operator.py
[2024-12-21T19:06:55.959+0000] {logging_mixin.py:188} INFO - [2024-12-21T19:06:55.959+0000] {dag.py:3096} INFO - Sync 3 DAGs
[2024-12-21T19:06:55.993+0000] {logging_mixin.py:188} INFO - [2024-12-21T19:06:55.993+0000] {dag.py:3954} INFO - Setting next_dagrun for example_subdag_operator to 2022-01-01 00:00:00+00:00, run_after=2022-01-01 00:00:00+00:00
[2024-12-21T19:06:56.001+0000] {logging_mixin.py:188} INFO - [2024-12-21T19:06:56.001+0000] {dag.py:3954} INFO - Setting next_dagrun for example_subdag_operator.section-1 to None, run_after=None
[2024-12-21T19:06:56.005+0000] {logging_mixin.py:188} INFO - [2024-12-21T19:06:56.005+0000] {dag.py:3954} INFO - Setting next_dagrun for example_subdag_operator.section-2 to None, run_after=None
[2024-12-21T19:06:56.016+0000] {logging_mixin.py:188} INFO - [2024-12-21T19:06:56.016+0000] {dag.py:3096} INFO - Sync 2 DAGs
[2024-12-21T19:06:56.025+0000] {logging_mixin.py:188} INFO - [2024-12-21T19:06:56.024+0000] {dag.py:3954} INFO - Setting next_dagrun for example_subdag_operator.section-1 to None, run_after=None
[2024-12-21T19:06:56.026+0000] {logging_mixin.py:188} INFO - [2024-12-21T19:06:56.025+0000] {dag.py:3954} INFO - Setting next_dagrun for example_subdag_operator.section-2 to None, run_after=None
[2024-12-21T19:06:56.042+0000] {processor.py:183} INFO - Processing /home/airflow/.local/lib/python3.12/site-packages/airflow/example_dags/example_subdag_operator.py took 0.155 seconds
[2024-12-21T19:07:26.141+0000] {processor.py:161} INFO - Started process (PID=1203) to work on /home/airflow/.local/lib/python3.12/site-packages/airflow/example_dags/example_subdag_operator.py
[2024-12-21T19:07:26.143+0000] {processor.py:830} INFO - Processing file /home/airflow/.local/lib/python3.12/site-packages/airflow/example_dags/example_subdag_operator.py for tasks to queue
[2024-12-21T19:07:26.145+0000] {logging_mixin.py:188} INFO - [2024-12-21T19:07:26.145+0000] {dagbag.py:545} INFO - Filling up the DagBag from /home/airflow/.local/lib/python3.12/site-packages/airflow/example_dags/example_subdag_operator.py
[2024-12-21T19:07:26.179+0000] {processor.py:840} INFO - DAG(s) 'example_subdag_operator.section-1', 'example_subdag_operator.section-2', 'example_subdag_operator' retrieved from /home/airflow/.local/lib/python3.12/site-packages/airflow/example_dags/example_subdag_operator.py
[2024-12-21T19:07:26.200+0000] {logging_mixin.py:188} INFO - [2024-12-21T19:07:26.200+0000] {dag.py:3096} INFO - Sync 3 DAGs
[2024-12-21T19:07:26.229+0000] {logging_mixin.py:188} INFO - [2024-12-21T19:07:26.228+0000] {dag.py:3954} INFO - Setting next_dagrun for example_subdag_operator to 2022-01-01 00:00:00+00:00, run_after=2022-01-01 00:00:00+00:00
[2024-12-21T19:07:26.235+0000] {logging_mixin.py:188} INFO - [2024-12-21T19:07:26.234+0000] {dag.py:3954} INFO - Setting next_dagrun for example_subdag_operator.section-1 to None, run_after=None
[2024-12-21T19:07:26.238+0000] {logging_mixin.py:188} INFO - [2024-12-21T19:07:26.238+0000] {dag.py:3954} INFO - Setting next_dagrun for example_subdag_operator.section-2 to None, run_after=None
[2024-12-21T19:07:26.247+0000] {logging_mixin.py:188} INFO - [2024-12-21T19:07:26.247+0000] {dag.py:3096} INFO - Sync 2 DAGs
[2024-12-21T19:07:26.255+0000] {logging_mixin.py:188} INFO - [2024-12-21T19:07:26.255+0000] {dag.py:3954} INFO - Setting next_dagrun for example_subdag_operator.section-1 to None, run_after=None
[2024-12-21T19:07:26.256+0000] {logging_mixin.py:188} INFO - [2024-12-21T19:07:26.256+0000] {dag.py:3954} INFO - Setting next_dagrun for example_subdag_operator.section-2 to None, run_after=None
[2024-12-21T19:07:26.274+0000] {processor.py:183} INFO - Processing /home/airflow/.local/lib/python3.12/site-packages/airflow/example_dags/example_subdag_operator.py took 0.139 seconds
[2024-12-21T19:07:56.415+0000] {processor.py:161} INFO - Started process (PID=1261) to work on /home/airflow/.local/lib/python3.12/site-packages/airflow/example_dags/example_subdag_operator.py
[2024-12-21T19:07:56.416+0000] {processor.py:830} INFO - Processing file /home/airflow/.local/lib/python3.12/site-packages/airflow/example_dags/example_subdag_operator.py for tasks to queue
[2024-12-21T19:07:56.419+0000] {logging_mixin.py:188} INFO - [2024-12-21T19:07:56.418+0000] {dagbag.py:545} INFO - Filling up the DagBag from /home/airflow/.local/lib/python3.12/site-packages/airflow/example_dags/example_subdag_operator.py
[2024-12-21T19:07:56.456+0000] {processor.py:840} INFO - DAG(s) 'example_subdag_operator.section-1', 'example_subdag_operator.section-2', 'example_subdag_operator' retrieved from /home/airflow/.local/lib/python3.12/site-packages/airflow/example_dags/example_subdag_operator.py
[2024-12-21T19:07:56.477+0000] {logging_mixin.py:188} INFO - [2024-12-21T19:07:56.477+0000] {dag.py:3096} INFO - Sync 3 DAGs
[2024-12-21T19:07:56.504+0000] {logging_mixin.py:188} INFO - [2024-12-21T19:07:56.503+0000] {dag.py:3954} INFO - Setting next_dagrun for example_subdag_operator to 2022-01-01 00:00:00+00:00, run_after=2022-01-01 00:00:00+00:00
[2024-12-21T19:07:56.509+0000] {logging_mixin.py:188} INFO - [2024-12-21T19:07:56.509+0000] {dag.py:3954} INFO - Setting next_dagrun for example_subdag_operator.section-1 to None, run_after=None
[2024-12-21T19:07:56.511+0000] {logging_mixin.py:188} INFO - [2024-12-21T19:07:56.511+0000] {dag.py:3954} INFO - Setting next_dagrun for example_subdag_operator.section-2 to None, run_after=None
[2024-12-21T19:07:56.522+0000] {logging_mixin.py:188} INFO - [2024-12-21T19:07:56.521+0000] {dag.py:3096} INFO - Sync 2 DAGs
[2024-12-21T19:07:56.529+0000] {logging_mixin.py:188} INFO - [2024-12-21T19:07:56.529+0000] {dag.py:3954} INFO - Setting next_dagrun for example_subdag_operator.section-1 to None, run_after=None
[2024-12-21T19:07:56.531+0000] {logging_mixin.py:188} INFO - [2024-12-21T19:07:56.530+0000] {dag.py:3954} INFO - Setting next_dagrun for example_subdag_operator.section-2 to None, run_after=None
[2024-12-21T19:07:56.547+0000] {processor.py:183} INFO - Processing /home/airflow/.local/lib/python3.12/site-packages/airflow/example_dags/example_subdag_operator.py took 0.141 seconds
[2024-12-21T19:08:27.075+0000] {processor.py:161} INFO - Started process (PID=1318) to work on /home/airflow/.local/lib/python3.12/site-packages/airflow/example_dags/example_subdag_operator.py
[2024-12-21T19:08:27.076+0000] {processor.py:830} INFO - Processing file /home/airflow/.local/lib/python3.12/site-packages/airflow/example_dags/example_subdag_operator.py for tasks to queue
[2024-12-21T19:08:27.079+0000] {logging_mixin.py:188} INFO - [2024-12-21T19:08:27.079+0000] {dagbag.py:545} INFO - Filling up the DagBag from /home/airflow/.local/lib/python3.12/site-packages/airflow/example_dags/example_subdag_operator.py
[2024-12-21T19:08:27.111+0000] {processor.py:840} INFO - DAG(s) 'example_subdag_operator.section-1', 'example_subdag_operator.section-2', 'example_subdag_operator' retrieved from /home/airflow/.local/lib/python3.12/site-packages/airflow/example_dags/example_subdag_operator.py
[2024-12-21T19:08:27.137+0000] {logging_mixin.py:188} INFO - [2024-12-21T19:08:27.136+0000] {dag.py:3096} INFO - Sync 3 DAGs
[2024-12-21T19:08:27.170+0000] {logging_mixin.py:188} INFO - [2024-12-21T19:08:27.169+0000] {dag.py:3954} INFO - Setting next_dagrun for example_subdag_operator to 2022-01-01 00:00:00+00:00, run_after=2022-01-01 00:00:00+00:00
[2024-12-21T19:08:27.176+0000] {logging_mixin.py:188} INFO - [2024-12-21T19:08:27.176+0000] {dag.py:3954} INFO - Setting next_dagrun for example_subdag_operator.section-1 to None, run_after=None
[2024-12-21T19:08:27.180+0000] {logging_mixin.py:188} INFO - [2024-12-21T19:08:27.179+0000] {dag.py:3954} INFO - Setting next_dagrun for example_subdag_operator.section-2 to None, run_after=None
[2024-12-21T19:08:27.194+0000] {logging_mixin.py:188} INFO - [2024-12-21T19:08:27.193+0000] {dag.py:3096} INFO - Sync 2 DAGs
[2024-12-21T19:08:27.205+0000] {logging_mixin.py:188} INFO - [2024-12-21T19:08:27.205+0000] {dag.py:3954} INFO - Setting next_dagrun for example_subdag_operator.section-1 to None, run_after=None
[2024-12-21T19:08:27.207+0000] {logging_mixin.py:188} INFO - [2024-12-21T19:08:27.206+0000] {dag.py:3954} INFO - Setting next_dagrun for example_subdag_operator.section-2 to None, run_after=None
[2024-12-21T19:08:27.232+0000] {processor.py:183} INFO - Processing /home/airflow/.local/lib/python3.12/site-packages/airflow/example_dags/example_subdag_operator.py took 0.162 seconds
[2024-12-21T19:08:57.456+0000] {processor.py:161} INFO - Started process (PID=1376) to work on /home/airflow/.local/lib/python3.12/site-packages/airflow/example_dags/example_subdag_operator.py
[2024-12-21T19:08:57.457+0000] {processor.py:830} INFO - Processing file /home/airflow/.local/lib/python3.12/site-packages/airflow/example_dags/example_subdag_operator.py for tasks to queue
[2024-12-21T19:08:57.459+0000] {logging_mixin.py:188} INFO - [2024-12-21T19:08:57.459+0000] {dagbag.py:545} INFO - Filling up the DagBag from /home/airflow/.local/lib/python3.12/site-packages/airflow/example_dags/example_subdag_operator.py
[2024-12-21T19:08:57.486+0000] {processor.py:840} INFO - DAG(s) 'example_subdag_operator.section-1', 'example_subdag_operator.section-2', 'example_subdag_operator' retrieved from /home/airflow/.local/lib/python3.12/site-packages/airflow/example_dags/example_subdag_operator.py
[2024-12-21T19:08:57.504+0000] {logging_mixin.py:188} INFO - [2024-12-21T19:08:57.503+0000] {dag.py:3096} INFO - Sync 3 DAGs
[2024-12-21T19:08:57.526+0000] {logging_mixin.py:188} INFO - [2024-12-21T19:08:57.526+0000] {dag.py:3954} INFO - Setting next_dagrun for example_subdag_operator to 2022-01-01 00:00:00+00:00, run_after=2022-01-01 00:00:00+00:00
[2024-12-21T19:08:57.531+0000] {logging_mixin.py:188} INFO - [2024-12-21T19:08:57.531+0000] {dag.py:3954} INFO - Setting next_dagrun for example_subdag_operator.section-1 to None, run_after=None
[2024-12-21T19:08:57.533+0000] {logging_mixin.py:188} INFO - [2024-12-21T19:08:57.533+0000] {dag.py:3954} INFO - Setting next_dagrun for example_subdag_operator.section-2 to None, run_after=None
[2024-12-21T19:08:57.542+0000] {logging_mixin.py:188} INFO - [2024-12-21T19:08:57.542+0000] {dag.py:3096} INFO - Sync 2 DAGs
[2024-12-21T19:08:57.549+0000] {logging_mixin.py:188} INFO - [2024-12-21T19:08:57.549+0000] {dag.py:3954} INFO - Setting next_dagrun for example_subdag_operator.section-1 to None, run_after=None
[2024-12-21T19:08:57.550+0000] {logging_mixin.py:188} INFO - [2024-12-21T19:08:57.550+0000] {dag.py:3954} INFO - Setting next_dagrun for example_subdag_operator.section-2 to None, run_after=None
[2024-12-21T19:08:57.566+0000] {processor.py:183} INFO - Processing /home/airflow/.local/lib/python3.12/site-packages/airflow/example_dags/example_subdag_operator.py took 0.116 seconds
[2024-12-21T19:09:28.775+0000] {processor.py:161} INFO - Started process (PID=1434) to work on /home/airflow/.local/lib/python3.12/site-packages/airflow/example_dags/example_subdag_operator.py
[2024-12-21T19:09:28.776+0000] {processor.py:830} INFO - Processing file /home/airflow/.local/lib/python3.12/site-packages/airflow/example_dags/example_subdag_operator.py for tasks to queue
[2024-12-21T19:09:28.778+0000] {logging_mixin.py:188} INFO - [2024-12-21T19:09:28.778+0000] {dagbag.py:545} INFO - Filling up the DagBag from /home/airflow/.local/lib/python3.12/site-packages/airflow/example_dags/example_subdag_operator.py
[2024-12-21T19:09:28.807+0000] {processor.py:840} INFO - DAG(s) 'example_subdag_operator.section-1', 'example_subdag_operator.section-2', 'example_subdag_operator' retrieved from /home/airflow/.local/lib/python3.12/site-packages/airflow/example_dags/example_subdag_operator.py
[2024-12-21T19:09:28.828+0000] {logging_mixin.py:188} INFO - [2024-12-21T19:09:28.827+0000] {dag.py:3096} INFO - Sync 3 DAGs
[2024-12-21T19:09:28.856+0000] {logging_mixin.py:188} INFO - [2024-12-21T19:09:28.855+0000] {dag.py:3954} INFO - Setting next_dagrun for example_subdag_operator to 2022-01-01 00:00:00+00:00, run_after=2022-01-01 00:00:00+00:00
[2024-12-21T19:09:28.861+0000] {logging_mixin.py:188} INFO - [2024-12-21T19:09:28.860+0000] {dag.py:3954} INFO - Setting next_dagrun for example_subdag_operator.section-1 to None, run_after=None
[2024-12-21T19:09:28.864+0000] {logging_mixin.py:188} INFO - [2024-12-21T19:09:28.863+0000] {dag.py:3954} INFO - Setting next_dagrun for example_subdag_operator.section-2 to None, run_after=None
[2024-12-21T19:09:28.874+0000] {logging_mixin.py:188} INFO - [2024-12-21T19:09:28.874+0000] {dag.py:3096} INFO - Sync 2 DAGs
[2024-12-21T19:09:28.882+0000] {logging_mixin.py:188} INFO - [2024-12-21T19:09:28.882+0000] {dag.py:3954} INFO - Setting next_dagrun for example_subdag_operator.section-1 to None, run_after=None
[2024-12-21T19:09:28.883+0000] {logging_mixin.py:188} INFO - [2024-12-21T19:09:28.883+0000] {dag.py:3954} INFO - Setting next_dagrun for example_subdag_operator.section-2 to None, run_after=None
[2024-12-21T19:09:28.903+0000] {processor.py:183} INFO - Processing /home/airflow/.local/lib/python3.12/site-packages/airflow/example_dags/example_subdag_operator.py took 0.134 seconds
[2024-12-21T19:09:59.195+0000] {processor.py:161} INFO - Started process (PID=1492) to work on /home/airflow/.local/lib/python3.12/site-packages/airflow/example_dags/example_subdag_operator.py
[2024-12-21T19:09:59.196+0000] {processor.py:830} INFO - Processing file /home/airflow/.local/lib/python3.12/site-packages/airflow/example_dags/example_subdag_operator.py for tasks to queue
[2024-12-21T19:09:59.199+0000] {logging_mixin.py:188} INFO - [2024-12-21T19:09:59.198+0000] {dagbag.py:545} INFO - Filling up the DagBag from /home/airflow/.local/lib/python3.12/site-packages/airflow/example_dags/example_subdag_operator.py
[2024-12-21T19:09:59.227+0000] {processor.py:840} INFO - DAG(s) 'example_subdag_operator.section-1', 'example_subdag_operator.section-2', 'example_subdag_operator' retrieved from /home/airflow/.local/lib/python3.12/site-packages/airflow/example_dags/example_subdag_operator.py
[2024-12-21T19:09:59.246+0000] {logging_mixin.py:188} INFO - [2024-12-21T19:09:59.246+0000] {dag.py:3096} INFO - Sync 3 DAGs
[2024-12-21T19:09:59.269+0000] {logging_mixin.py:188} INFO - [2024-12-21T19:09:59.269+0000] {dag.py:3954} INFO - Setting next_dagrun for example_subdag_operator to 2022-01-01 00:00:00+00:00, run_after=2022-01-01 00:00:00+00:00
[2024-12-21T19:09:59.274+0000] {logging_mixin.py:188} INFO - [2024-12-21T19:09:59.274+0000] {dag.py:3954} INFO - Setting next_dagrun for example_subdag_operator.section-1 to None, run_after=None
[2024-12-21T19:09:59.277+0000] {logging_mixin.py:188} INFO - [2024-12-21T19:09:59.277+0000] {dag.py:3954} INFO - Setting next_dagrun for example_subdag_operator.section-2 to None, run_after=None
[2024-12-21T19:09:59.286+0000] {logging_mixin.py:188} INFO - [2024-12-21T19:09:59.285+0000] {dag.py:3096} INFO - Sync 2 DAGs
[2024-12-21T19:09:59.293+0000] {logging_mixin.py:188} INFO - [2024-12-21T19:09:59.293+0000] {dag.py:3954} INFO - Setting next_dagrun for example_subdag_operator.section-1 to None, run_after=None
[2024-12-21T19:09:59.294+0000] {logging_mixin.py:188} INFO - [2024-12-21T19:09:59.294+0000] {dag.py:3954} INFO - Setting next_dagrun for example_subdag_operator.section-2 to None, run_after=None
[2024-12-21T19:09:59.313+0000] {processor.py:183} INFO - Processing /home/airflow/.local/lib/python3.12/site-packages/airflow/example_dags/example_subdag_operator.py took 0.123 seconds
[2024-12-21T19:10:29.920+0000] {processor.py:161} INFO - Started process (PID=1550) to work on /home/airflow/.local/lib/python3.12/site-packages/airflow/example_dags/example_subdag_operator.py
[2024-12-21T19:10:29.922+0000] {processor.py:830} INFO - Processing file /home/airflow/.local/lib/python3.12/site-packages/airflow/example_dags/example_subdag_operator.py for tasks to queue
[2024-12-21T19:10:29.925+0000] {logging_mixin.py:188} INFO - [2024-12-21T19:10:29.924+0000] {dagbag.py:545} INFO - Filling up the DagBag from /home/airflow/.local/lib/python3.12/site-packages/airflow/example_dags/example_subdag_operator.py
[2024-12-21T19:10:29.964+0000] {processor.py:840} INFO - DAG(s) 'example_subdag_operator.section-1', 'example_subdag_operator.section-2', 'example_subdag_operator' retrieved from /home/airflow/.local/lib/python3.12/site-packages/airflow/example_dags/example_subdag_operator.py
[2024-12-21T19:10:29.995+0000] {logging_mixin.py:188} INFO - [2024-12-21T19:10:29.994+0000] {dag.py:3096} INFO - Sync 3 DAGs
[2024-12-21T19:10:30.041+0000] {logging_mixin.py:188} INFO - [2024-12-21T19:10:30.039+0000] {dag.py:3954} INFO - Setting next_dagrun for example_subdag_operator to 2022-01-01 00:00:00+00:00, run_after=2022-01-01 00:00:00+00:00
[2024-12-21T19:10:30.053+0000] {logging_mixin.py:188} INFO - [2024-12-21T19:10:30.052+0000] {dag.py:3954} INFO - Setting next_dagrun for example_subdag_operator.section-1 to None, run_after=None
[2024-12-21T19:10:30.058+0000] {logging_mixin.py:188} INFO - [2024-12-21T19:10:30.058+0000] {dag.py:3954} INFO - Setting next_dagrun for example_subdag_operator.section-2 to None, run_after=None
[2024-12-21T19:10:30.077+0000] {logging_mixin.py:188} INFO - [2024-12-21T19:10:30.077+0000] {dag.py:3096} INFO - Sync 2 DAGs
[2024-12-21T19:10:30.093+0000] {logging_mixin.py:188} INFO - [2024-12-21T19:10:30.093+0000] {dag.py:3954} INFO - Setting next_dagrun for example_subdag_operator.section-1 to None, run_after=None
[2024-12-21T19:10:30.095+0000] {logging_mixin.py:188} INFO - [2024-12-21T19:10:30.095+0000] {dag.py:3954} INFO - Setting next_dagrun for example_subdag_operator.section-2 to None, run_after=None
[2024-12-21T19:10:30.133+0000] {processor.py:183} INFO - Processing /home/airflow/.local/lib/python3.12/site-packages/airflow/example_dags/example_subdag_operator.py took 0.222 seconds
[2024-12-21T19:11:00.386+0000] {processor.py:161} INFO - Started process (PID=1608) to work on /home/airflow/.local/lib/python3.12/site-packages/airflow/example_dags/example_subdag_operator.py
[2024-12-21T19:11:00.388+0000] {processor.py:830} INFO - Processing file /home/airflow/.local/lib/python3.12/site-packages/airflow/example_dags/example_subdag_operator.py for tasks to queue
[2024-12-21T19:11:00.390+0000] {logging_mixin.py:188} INFO - [2024-12-21T19:11:00.389+0000] {dagbag.py:545} INFO - Filling up the DagBag from /home/airflow/.local/lib/python3.12/site-packages/airflow/example_dags/example_subdag_operator.py
[2024-12-21T19:11:00.421+0000] {processor.py:840} INFO - DAG(s) 'example_subdag_operator.section-1', 'example_subdag_operator.section-2', 'example_subdag_operator' retrieved from /home/airflow/.local/lib/python3.12/site-packages/airflow/example_dags/example_subdag_operator.py
[2024-12-21T19:11:00.439+0000] {logging_mixin.py:188} INFO - [2024-12-21T19:11:00.439+0000] {dag.py:3096} INFO - Sync 3 DAGs
[2024-12-21T19:11:00.470+0000] {logging_mixin.py:188} INFO - [2024-12-21T19:11:00.470+0000] {dag.py:3954} INFO - Setting next_dagrun for example_subdag_operator to 2022-01-01 00:00:00+00:00, run_after=2022-01-01 00:00:00+00:00
[2024-12-21T19:11:00.476+0000] {logging_mixin.py:188} INFO - [2024-12-21T19:11:00.476+0000] {dag.py:3954} INFO - Setting next_dagrun for example_subdag_operator.section-1 to None, run_after=None
[2024-12-21T19:11:00.480+0000] {logging_mixin.py:188} INFO - [2024-12-21T19:11:00.479+0000] {dag.py:3954} INFO - Setting next_dagrun for example_subdag_operator.section-2 to None, run_after=None
[2024-12-21T19:11:00.488+0000] {logging_mixin.py:188} INFO - [2024-12-21T19:11:00.488+0000] {dag.py:3096} INFO - Sync 2 DAGs
[2024-12-21T19:11:00.496+0000] {logging_mixin.py:188} INFO - [2024-12-21T19:11:00.496+0000] {dag.py:3954} INFO - Setting next_dagrun for example_subdag_operator.section-1 to None, run_after=None
[2024-12-21T19:11:00.497+0000] {logging_mixin.py:188} INFO - [2024-12-21T19:11:00.497+0000] {dag.py:3954} INFO - Setting next_dagrun for example_subdag_operator.section-2 to None, run_after=None
[2024-12-21T19:11:00.517+0000] {processor.py:183} INFO - Processing /home/airflow/.local/lib/python3.12/site-packages/airflow/example_dags/example_subdag_operator.py took 0.136 seconds
[2024-12-21T19:11:31.177+0000] {processor.py:161} INFO - Started process (PID=1666) to work on /home/airflow/.local/lib/python3.12/site-packages/airflow/example_dags/example_subdag_operator.py
[2024-12-21T19:11:31.186+0000] {processor.py:830} INFO - Processing file /home/airflow/.local/lib/python3.12/site-packages/airflow/example_dags/example_subdag_operator.py for tasks to queue
[2024-12-21T19:11:31.190+0000] {logging_mixin.py:188} INFO - [2024-12-21T19:11:31.189+0000] {dagbag.py:545} INFO - Filling up the DagBag from /home/airflow/.local/lib/python3.12/site-packages/airflow/example_dags/example_subdag_operator.py
[2024-12-21T19:11:31.242+0000] {processor.py:840} INFO - DAG(s) 'example_subdag_operator.section-1', 'example_subdag_operator.section-2', 'example_subdag_operator' retrieved from /home/airflow/.local/lib/python3.12/site-packages/airflow/example_dags/example_subdag_operator.py
[2024-12-21T19:11:31.275+0000] {logging_mixin.py:188} INFO - [2024-12-21T19:11:31.275+0000] {dag.py:3096} INFO - Sync 3 DAGs
[2024-12-21T19:11:31.322+0000] {logging_mixin.py:188} INFO - [2024-12-21T19:11:31.322+0000] {dag.py:3954} INFO - Setting next_dagrun for example_subdag_operator to 2022-01-01 00:00:00+00:00, run_after=2022-01-01 00:00:00+00:00
[2024-12-21T19:11:31.333+0000] {logging_mixin.py:188} INFO - [2024-12-21T19:11:31.332+0000] {dag.py:3954} INFO - Setting next_dagrun for example_subdag_operator.section-1 to None, run_after=None
[2024-12-21T19:11:31.337+0000] {logging_mixin.py:188} INFO - [2024-12-21T19:11:31.336+0000] {dag.py:3954} INFO - Setting next_dagrun for example_subdag_operator.section-2 to None, run_after=None
[2024-12-21T19:11:31.353+0000] {logging_mixin.py:188} INFO - [2024-12-21T19:11:31.352+0000] {dag.py:3096} INFO - Sync 2 DAGs
[2024-12-21T19:11:31.365+0000] {logging_mixin.py:188} INFO - [2024-12-21T19:11:31.365+0000] {dag.py:3954} INFO - Setting next_dagrun for example_subdag_operator.section-1 to None, run_after=None
[2024-12-21T19:11:31.368+0000] {logging_mixin.py:188} INFO - [2024-12-21T19:11:31.367+0000] {dag.py:3954} INFO - Setting next_dagrun for example_subdag_operator.section-2 to None, run_after=None
[2024-12-21T19:11:31.394+0000] {processor.py:183} INFO - Processing /home/airflow/.local/lib/python3.12/site-packages/airflow/example_dags/example_subdag_operator.py took 0.233 seconds
[2024-12-21T19:12:01.456+0000] {processor.py:161} INFO - Started process (PID=1724) to work on /home/airflow/.local/lib/python3.12/site-packages/airflow/example_dags/example_subdag_operator.py
[2024-12-21T19:12:01.458+0000] {processor.py:830} INFO - Processing file /home/airflow/.local/lib/python3.12/site-packages/airflow/example_dags/example_subdag_operator.py for tasks to queue
[2024-12-21T19:12:01.460+0000] {logging_mixin.py:188} INFO - [2024-12-21T19:12:01.460+0000] {dagbag.py:545} INFO - Filling up the DagBag from /home/airflow/.local/lib/python3.12/site-packages/airflow/example_dags/example_subdag_operator.py
[2024-12-21T19:12:01.487+0000] {processor.py:840} INFO - DAG(s) 'example_subdag_operator.section-1', 'example_subdag_operator.section-2', 'example_subdag_operator' retrieved from /home/airflow/.local/lib/python3.12/site-packages/airflow/example_dags/example_subdag_operator.py
[2024-12-21T19:12:01.506+0000] {logging_mixin.py:188} INFO - [2024-12-21T19:12:01.506+0000] {dag.py:3096} INFO - Sync 3 DAGs
[2024-12-21T19:12:01.532+0000] {logging_mixin.py:188} INFO - [2024-12-21T19:12:01.531+0000] {dag.py:3954} INFO - Setting next_dagrun for example_subdag_operator to 2022-01-01 00:00:00+00:00, run_after=2022-01-01 00:00:00+00:00
[2024-12-21T19:12:01.536+0000] {logging_mixin.py:188} INFO - [2024-12-21T19:12:01.536+0000] {dag.py:3954} INFO - Setting next_dagrun for example_subdag_operator.section-1 to None, run_after=None
[2024-12-21T19:12:01.540+0000] {logging_mixin.py:188} INFO - [2024-12-21T19:12:01.539+0000] {dag.py:3954} INFO - Setting next_dagrun for example_subdag_operator.section-2 to None, run_after=None
[2024-12-21T19:12:01.550+0000] {logging_mixin.py:188} INFO - [2024-12-21T19:12:01.550+0000] {dag.py:3096} INFO - Sync 2 DAGs
[2024-12-21T19:12:01.561+0000] {logging_mixin.py:188} INFO - [2024-12-21T19:12:01.561+0000] {dag.py:3954} INFO - Setting next_dagrun for example_subdag_operator.section-1 to None, run_after=None
[2024-12-21T19:12:01.563+0000] {logging_mixin.py:188} INFO - [2024-12-21T19:12:01.562+0000] {dag.py:3954} INFO - Setting next_dagrun for example_subdag_operator.section-2 to None, run_after=None
[2024-12-21T19:12:01.585+0000] {processor.py:183} INFO - Processing /home/airflow/.local/lib/python3.12/site-packages/airflow/example_dags/example_subdag_operator.py took 0.133 seconds
