[2024-12-21T08:01:27.745+0000] {processor.py:161} INFO - Started process (PID=100) to work on /home/airflow/.local/lib/python3.12/site-packages/airflow/example_dags/example_display_name.py
[2024-12-21T08:01:27.747+0000] {processor.py:830} INFO - Processing file /home/airflow/.local/lib/python3.12/site-packages/airflow/example_dags/example_display_name.py for tasks to queue
[2024-12-21T08:01:27.750+0000] {logging_mixin.py:188} INFO - [2024-12-21T08:01:27.749+0000] {dagbag.py:545} INFO - Filling up the DagBag from /home/airflow/.local/lib/python3.12/site-packages/airflow/example_dags/example_display_name.py
[2024-12-21T08:01:27.757+0000] {processor.py:840} INFO - DAG(s) 'example_display_name' retrieved from /home/airflow/.local/lib/python3.12/site-packages/airflow/example_dags/example_display_name.py
[2024-12-21T08:01:27.781+0000] {logging_mixin.py:188} INFO - [2024-12-21T08:01:27.781+0000] {dag.py:3096} INFO - Sync 1 DAGs
[2024-12-21T08:01:27.798+0000] {logging_mixin.py:188} INFO - [2024-12-21T08:01:27.798+0000] {dag.py:3954} INFO - Setting next_dagrun for example_display_name to None, run_after=None
[2024-12-21T08:01:27.829+0000] {processor.py:183} INFO - Processing /home/airflow/.local/lib/python3.12/site-packages/airflow/example_dags/example_display_name.py took 0.090 seconds
[2024-12-21T08:01:58.988+0000] {processor.py:161} INFO - Started process (PID=158) to work on /home/airflow/.local/lib/python3.12/site-packages/airflow/example_dags/example_display_name.py
[2024-12-21T08:01:58.990+0000] {processor.py:830} INFO - Processing file /home/airflow/.local/lib/python3.12/site-packages/airflow/example_dags/example_display_name.py for tasks to queue
[2024-12-21T08:01:58.993+0000] {logging_mixin.py:188} INFO - [2024-12-21T08:01:58.993+0000] {dagbag.py:545} INFO - Filling up the DagBag from /home/airflow/.local/lib/python3.12/site-packages/airflow/example_dags/example_display_name.py
[2024-12-21T08:01:59.003+0000] {processor.py:840} INFO - DAG(s) 'example_display_name' retrieved from /home/airflow/.local/lib/python3.12/site-packages/airflow/example_dags/example_display_name.py
[2024-12-21T08:01:59.047+0000] {logging_mixin.py:188} INFO - [2024-12-21T08:01:59.046+0000] {dag.py:3096} INFO - Sync 1 DAGs
[2024-12-21T08:01:59.080+0000] {logging_mixin.py:188} INFO - [2024-12-21T08:01:59.079+0000] {dag.py:3954} INFO - Setting next_dagrun for example_display_name to None, run_after=None
[2024-12-21T08:01:59.132+0000] {processor.py:183} INFO - Processing /home/airflow/.local/lib/python3.12/site-packages/airflow/example_dags/example_display_name.py took 0.155 seconds
[2024-12-21T08:02:29.371+0000] {processor.py:161} INFO - Started process (PID=216) to work on /home/airflow/.local/lib/python3.12/site-packages/airflow/example_dags/example_display_name.py
[2024-12-21T08:02:29.373+0000] {processor.py:830} INFO - Processing file /home/airflow/.local/lib/python3.12/site-packages/airflow/example_dags/example_display_name.py for tasks to queue
[2024-12-21T08:02:29.375+0000] {logging_mixin.py:188} INFO - [2024-12-21T08:02:29.375+0000] {dagbag.py:545} INFO - Filling up the DagBag from /home/airflow/.local/lib/python3.12/site-packages/airflow/example_dags/example_display_name.py
[2024-12-21T08:02:29.385+0000] {processor.py:840} INFO - DAG(s) 'example_display_name' retrieved from /home/airflow/.local/lib/python3.12/site-packages/airflow/example_dags/example_display_name.py
[2024-12-21T08:02:29.414+0000] {logging_mixin.py:188} INFO - [2024-12-21T08:02:29.414+0000] {dag.py:3096} INFO - Sync 1 DAGs
[2024-12-21T08:02:29.430+0000] {logging_mixin.py:188} INFO - [2024-12-21T08:02:29.430+0000] {dag.py:3954} INFO - Setting next_dagrun for example_display_name to None, run_after=None
[2024-12-21T08:02:29.459+0000] {processor.py:183} INFO - Processing /home/airflow/.local/lib/python3.12/site-packages/airflow/example_dags/example_display_name.py took 0.093 seconds
[2024-12-21T08:02:59.789+0000] {processor.py:161} INFO - Started process (PID=274) to work on /home/airflow/.local/lib/python3.12/site-packages/airflow/example_dags/example_display_name.py
[2024-12-21T08:02:59.790+0000] {processor.py:830} INFO - Processing file /home/airflow/.local/lib/python3.12/site-packages/airflow/example_dags/example_display_name.py for tasks to queue
[2024-12-21T08:02:59.793+0000] {logging_mixin.py:188} INFO - [2024-12-21T08:02:59.792+0000] {dagbag.py:545} INFO - Filling up the DagBag from /home/airflow/.local/lib/python3.12/site-packages/airflow/example_dags/example_display_name.py
[2024-12-21T08:02:59.799+0000] {processor.py:840} INFO - DAG(s) 'example_display_name' retrieved from /home/airflow/.local/lib/python3.12/site-packages/airflow/example_dags/example_display_name.py
[2024-12-21T08:02:59.822+0000] {logging_mixin.py:188} INFO - [2024-12-21T08:02:59.822+0000] {dag.py:3096} INFO - Sync 1 DAGs
[2024-12-21T08:02:59.837+0000] {logging_mixin.py:188} INFO - [2024-12-21T08:02:59.837+0000] {dag.py:3954} INFO - Setting next_dagrun for example_display_name to None, run_after=None
[2024-12-21T08:02:59.863+0000] {processor.py:183} INFO - Processing /home/airflow/.local/lib/python3.12/site-packages/airflow/example_dags/example_display_name.py took 0.079 seconds
[2024-12-21T08:03:32.174+0000] {processor.py:161} INFO - Started process (PID=332) to work on /home/airflow/.local/lib/python3.12/site-packages/airflow/example_dags/example_display_name.py
[2024-12-21T08:03:32.176+0000] {processor.py:830} INFO - Processing file /home/airflow/.local/lib/python3.12/site-packages/airflow/example_dags/example_display_name.py for tasks to queue
[2024-12-21T08:03:32.179+0000] {logging_mixin.py:188} INFO - [2024-12-21T08:03:32.178+0000] {dagbag.py:545} INFO - Filling up the DagBag from /home/airflow/.local/lib/python3.12/site-packages/airflow/example_dags/example_display_name.py
[2024-12-21T08:03:32.187+0000] {processor.py:840} INFO - DAG(s) 'example_display_name' retrieved from /home/airflow/.local/lib/python3.12/site-packages/airflow/example_dags/example_display_name.py
[2024-12-21T08:03:32.258+0000] {logging_mixin.py:188} INFO - [2024-12-21T08:03:32.257+0000] {dag.py:3096} INFO - Sync 1 DAGs
[2024-12-21T08:03:32.293+0000] {logging_mixin.py:188} INFO - [2024-12-21T08:03:32.293+0000] {dag.py:3954} INFO - Setting next_dagrun for example_display_name to None, run_after=None
[2024-12-21T08:03:32.338+0000] {processor.py:183} INFO - Processing /home/airflow/.local/lib/python3.12/site-packages/airflow/example_dags/example_display_name.py took 0.173 seconds
[2024-12-21T08:04:02.743+0000] {processor.py:161} INFO - Started process (PID=390) to work on /home/airflow/.local/lib/python3.12/site-packages/airflow/example_dags/example_display_name.py
[2024-12-21T08:04:02.745+0000] {processor.py:830} INFO - Processing file /home/airflow/.local/lib/python3.12/site-packages/airflow/example_dags/example_display_name.py for tasks to queue
[2024-12-21T08:04:02.747+0000] {logging_mixin.py:188} INFO - [2024-12-21T08:04:02.747+0000] {dagbag.py:545} INFO - Filling up the DagBag from /home/airflow/.local/lib/python3.12/site-packages/airflow/example_dags/example_display_name.py
[2024-12-21T08:04:02.753+0000] {processor.py:840} INFO - DAG(s) 'example_display_name' retrieved from /home/airflow/.local/lib/python3.12/site-packages/airflow/example_dags/example_display_name.py
[2024-12-21T08:04:02.774+0000] {logging_mixin.py:188} INFO - [2024-12-21T08:04:02.774+0000] {dag.py:3096} INFO - Sync 1 DAGs
[2024-12-21T08:04:02.787+0000] {logging_mixin.py:188} INFO - [2024-12-21T08:04:02.787+0000] {dag.py:3954} INFO - Setting next_dagrun for example_display_name to None, run_after=None
[2024-12-21T08:04:02.813+0000] {processor.py:183} INFO - Processing /home/airflow/.local/lib/python3.12/site-packages/airflow/example_dags/example_display_name.py took 0.077 seconds
[2024-12-21T08:04:33.494+0000] {processor.py:161} INFO - Started process (PID=448) to work on /home/airflow/.local/lib/python3.12/site-packages/airflow/example_dags/example_display_name.py
[2024-12-21T08:04:33.495+0000] {processor.py:830} INFO - Processing file /home/airflow/.local/lib/python3.12/site-packages/airflow/example_dags/example_display_name.py for tasks to queue
[2024-12-21T08:04:33.498+0000] {logging_mixin.py:188} INFO - [2024-12-21T08:04:33.497+0000] {dagbag.py:545} INFO - Filling up the DagBag from /home/airflow/.local/lib/python3.12/site-packages/airflow/example_dags/example_display_name.py
[2024-12-21T08:04:33.503+0000] {processor.py:840} INFO - DAG(s) 'example_display_name' retrieved from /home/airflow/.local/lib/python3.12/site-packages/airflow/example_dags/example_display_name.py
[2024-12-21T08:04:33.525+0000] {logging_mixin.py:188} INFO - [2024-12-21T08:04:33.524+0000] {dag.py:3096} INFO - Sync 1 DAGs
[2024-12-21T08:04:33.539+0000] {logging_mixin.py:188} INFO - [2024-12-21T08:04:33.539+0000] {dag.py:3954} INFO - Setting next_dagrun for example_display_name to None, run_after=None
[2024-12-21T08:04:33.567+0000] {processor.py:183} INFO - Processing /home/airflow/.local/lib/python3.12/site-packages/airflow/example_dags/example_display_name.py took 0.079 seconds
[2024-12-21T08:05:03.992+0000] {processor.py:161} INFO - Started process (PID=506) to work on /home/airflow/.local/lib/python3.12/site-packages/airflow/example_dags/example_display_name.py
[2024-12-21T08:05:03.993+0000] {processor.py:830} INFO - Processing file /home/airflow/.local/lib/python3.12/site-packages/airflow/example_dags/example_display_name.py for tasks to queue
[2024-12-21T08:05:03.996+0000] {logging_mixin.py:188} INFO - [2024-12-21T08:05:03.995+0000] {dagbag.py:545} INFO - Filling up the DagBag from /home/airflow/.local/lib/python3.12/site-packages/airflow/example_dags/example_display_name.py
[2024-12-21T08:05:04.001+0000] {processor.py:840} INFO - DAG(s) 'example_display_name' retrieved from /home/airflow/.local/lib/python3.12/site-packages/airflow/example_dags/example_display_name.py
[2024-12-21T08:05:04.023+0000] {logging_mixin.py:188} INFO - [2024-12-21T08:05:04.023+0000] {dag.py:3096} INFO - Sync 1 DAGs
[2024-12-21T08:05:04.036+0000] {logging_mixin.py:188} INFO - [2024-12-21T08:05:04.036+0000] {dag.py:3954} INFO - Setting next_dagrun for example_display_name to None, run_after=None
[2024-12-21T08:05:04.059+0000] {processor.py:183} INFO - Processing /home/airflow/.local/lib/python3.12/site-packages/airflow/example_dags/example_display_name.py took 0.072 seconds
[2024-12-21T18:50:59.202+0000] {processor.py:161} INFO - Started process (PID=101) to work on /home/airflow/.local/lib/python3.12/site-packages/airflow/example_dags/example_display_name.py
[2024-12-21T18:50:59.208+0000] {processor.py:830} INFO - Processing file /home/airflow/.local/lib/python3.12/site-packages/airflow/example_dags/example_display_name.py for tasks to queue
[2024-12-21T18:50:59.211+0000] {logging_mixin.py:188} INFO - [2024-12-21T18:50:59.210+0000] {dagbag.py:545} INFO - Filling up the DagBag from /home/airflow/.local/lib/python3.12/site-packages/airflow/example_dags/example_display_name.py
[2024-12-21T18:50:59.221+0000] {processor.py:840} INFO - DAG(s) 'example_display_name' retrieved from /home/airflow/.local/lib/python3.12/site-packages/airflow/example_dags/example_display_name.py
[2024-12-21T18:50:59.263+0000] {logging_mixin.py:188} INFO - [2024-12-21T18:50:59.262+0000] {dag.py:3096} INFO - Sync 1 DAGs
[2024-12-21T18:50:59.285+0000] {logging_mixin.py:188} INFO - [2024-12-21T18:50:59.285+0000] {dag.py:3954} INFO - Setting next_dagrun for example_display_name to None, run_after=None
[2024-12-21T18:50:59.334+0000] {processor.py:183} INFO - Processing /home/airflow/.local/lib/python3.12/site-packages/airflow/example_dags/example_display_name.py took 0.140 seconds
[2024-12-21T18:51:29.419+0000] {processor.py:161} INFO - Started process (PID=159) to work on /home/airflow/.local/lib/python3.12/site-packages/airflow/example_dags/example_display_name.py
[2024-12-21T18:51:29.421+0000] {processor.py:830} INFO - Processing file /home/airflow/.local/lib/python3.12/site-packages/airflow/example_dags/example_display_name.py for tasks to queue
[2024-12-21T18:51:29.423+0000] {logging_mixin.py:188} INFO - [2024-12-21T18:51:29.422+0000] {dagbag.py:545} INFO - Filling up the DagBag from /home/airflow/.local/lib/python3.12/site-packages/airflow/example_dags/example_display_name.py
[2024-12-21T18:51:29.432+0000] {processor.py:840} INFO - DAG(s) 'example_display_name' retrieved from /home/airflow/.local/lib/python3.12/site-packages/airflow/example_dags/example_display_name.py
[2024-12-21T18:51:29.459+0000] {logging_mixin.py:188} INFO - [2024-12-21T18:51:29.458+0000] {dag.py:3096} INFO - Sync 1 DAGs
[2024-12-21T18:51:29.475+0000] {logging_mixin.py:188} INFO - [2024-12-21T18:51:29.475+0000] {dag.py:3954} INFO - Setting next_dagrun for example_display_name to None, run_after=None
[2024-12-21T18:51:29.503+0000] {processor.py:183} INFO - Processing /home/airflow/.local/lib/python3.12/site-packages/airflow/example_dags/example_display_name.py took 0.090 seconds
[2024-12-21T18:51:59.935+0000] {processor.py:161} INFO - Started process (PID=217) to work on /home/airflow/.local/lib/python3.12/site-packages/airflow/example_dags/example_display_name.py
[2024-12-21T18:51:59.941+0000] {processor.py:830} INFO - Processing file /home/airflow/.local/lib/python3.12/site-packages/airflow/example_dags/example_display_name.py for tasks to queue
[2024-12-21T18:51:59.945+0000] {logging_mixin.py:188} INFO - [2024-12-21T18:51:59.944+0000] {dagbag.py:545} INFO - Filling up the DagBag from /home/airflow/.local/lib/python3.12/site-packages/airflow/example_dags/example_display_name.py
[2024-12-21T18:51:59.958+0000] {processor.py:840} INFO - DAG(s) 'example_display_name' retrieved from /home/airflow/.local/lib/python3.12/site-packages/airflow/example_dags/example_display_name.py
[2024-12-21T18:51:59.989+0000] {logging_mixin.py:188} INFO - [2024-12-21T18:51:59.988+0000] {dag.py:3096} INFO - Sync 1 DAGs
[2024-12-21T18:52:00.009+0000] {logging_mixin.py:188} INFO - [2024-12-21T18:52:00.009+0000] {dag.py:3954} INFO - Setting next_dagrun for example_display_name to None, run_after=None
[2024-12-21T18:52:00.041+0000] {processor.py:183} INFO - Processing /home/airflow/.local/lib/python3.12/site-packages/airflow/example_dags/example_display_name.py took 0.114 seconds
[2024-12-21T18:57:43.984+0000] {processor.py:161} INFO - Started process (PID=101) to work on /home/airflow/.local/lib/python3.12/site-packages/airflow/example_dags/example_display_name.py
[2024-12-21T18:57:43.986+0000] {processor.py:830} INFO - Processing file /home/airflow/.local/lib/python3.12/site-packages/airflow/example_dags/example_display_name.py for tasks to queue
[2024-12-21T18:57:43.989+0000] {logging_mixin.py:188} INFO - [2024-12-21T18:57:43.988+0000] {dagbag.py:545} INFO - Filling up the DagBag from /home/airflow/.local/lib/python3.12/site-packages/airflow/example_dags/example_display_name.py
[2024-12-21T18:57:43.998+0000] {processor.py:840} INFO - DAG(s) 'example_display_name' retrieved from /home/airflow/.local/lib/python3.12/site-packages/airflow/example_dags/example_display_name.py
[2024-12-21T18:57:44.041+0000] {logging_mixin.py:188} INFO - [2024-12-21T18:57:44.041+0000] {dag.py:3096} INFO - Sync 1 DAGs
[2024-12-21T18:57:44.074+0000] {logging_mixin.py:188} INFO - [2024-12-21T18:57:44.073+0000] {dag.py:3954} INFO - Setting next_dagrun for example_display_name to None, run_after=None
[2024-12-21T18:57:44.145+0000] {processor.py:183} INFO - Processing /home/airflow/.local/lib/python3.12/site-packages/airflow/example_dags/example_display_name.py took 0.170 seconds
[2024-12-21T18:58:14.268+0000] {processor.py:161} INFO - Started process (PID=159) to work on /home/airflow/.local/lib/python3.12/site-packages/airflow/example_dags/example_display_name.py
[2024-12-21T18:58:14.270+0000] {processor.py:830} INFO - Processing file /home/airflow/.local/lib/python3.12/site-packages/airflow/example_dags/example_display_name.py for tasks to queue
[2024-12-21T18:58:14.273+0000] {logging_mixin.py:188} INFO - [2024-12-21T18:58:14.273+0000] {dagbag.py:545} INFO - Filling up the DagBag from /home/airflow/.local/lib/python3.12/site-packages/airflow/example_dags/example_display_name.py
[2024-12-21T18:58:14.280+0000] {processor.py:840} INFO - DAG(s) 'example_display_name' retrieved from /home/airflow/.local/lib/python3.12/site-packages/airflow/example_dags/example_display_name.py
[2024-12-21T18:58:14.307+0000] {logging_mixin.py:188} INFO - [2024-12-21T18:58:14.307+0000] {dag.py:3096} INFO - Sync 1 DAGs
[2024-12-21T18:58:14.321+0000] {logging_mixin.py:188} INFO - [2024-12-21T18:58:14.321+0000] {dag.py:3954} INFO - Setting next_dagrun for example_display_name to None, run_after=None
[2024-12-21T18:58:14.346+0000] {processor.py:183} INFO - Processing /home/airflow/.local/lib/python3.12/site-packages/airflow/example_dags/example_display_name.py took 0.087 seconds
[2024-12-21T18:58:44.619+0000] {processor.py:161} INFO - Started process (PID=217) to work on /home/airflow/.local/lib/python3.12/site-packages/airflow/example_dags/example_display_name.py
[2024-12-21T18:58:44.620+0000] {processor.py:830} INFO - Processing file /home/airflow/.local/lib/python3.12/site-packages/airflow/example_dags/example_display_name.py for tasks to queue
[2024-12-21T18:58:44.623+0000] {logging_mixin.py:188} INFO - [2024-12-21T18:58:44.623+0000] {dagbag.py:545} INFO - Filling up the DagBag from /home/airflow/.local/lib/python3.12/site-packages/airflow/example_dags/example_display_name.py
[2024-12-21T18:58:44.630+0000] {processor.py:840} INFO - DAG(s) 'example_display_name' retrieved from /home/airflow/.local/lib/python3.12/site-packages/airflow/example_dags/example_display_name.py
[2024-12-21T18:58:44.654+0000] {logging_mixin.py:188} INFO - [2024-12-21T18:58:44.654+0000] {dag.py:3096} INFO - Sync 1 DAGs
[2024-12-21T18:58:44.668+0000] {logging_mixin.py:188} INFO - [2024-12-21T18:58:44.668+0000] {dag.py:3954} INFO - Setting next_dagrun for example_display_name to None, run_after=None
[2024-12-21T18:58:44.696+0000] {processor.py:183} INFO - Processing /home/airflow/.local/lib/python3.12/site-packages/airflow/example_dags/example_display_name.py took 0.085 seconds
[2024-12-21T18:59:15.679+0000] {processor.py:161} INFO - Started process (PID=275) to work on /home/airflow/.local/lib/python3.12/site-packages/airflow/example_dags/example_display_name.py
[2024-12-21T18:59:15.680+0000] {processor.py:830} INFO - Processing file /home/airflow/.local/lib/python3.12/site-packages/airflow/example_dags/example_display_name.py for tasks to queue
[2024-12-21T18:59:15.683+0000] {logging_mixin.py:188} INFO - [2024-12-21T18:59:15.682+0000] {dagbag.py:545} INFO - Filling up the DagBag from /home/airflow/.local/lib/python3.12/site-packages/airflow/example_dags/example_display_name.py
[2024-12-21T18:59:15.688+0000] {processor.py:840} INFO - DAG(s) 'example_display_name' retrieved from /home/airflow/.local/lib/python3.12/site-packages/airflow/example_dags/example_display_name.py
[2024-12-21T18:59:15.709+0000] {logging_mixin.py:188} INFO - [2024-12-21T18:59:15.709+0000] {dag.py:3096} INFO - Sync 1 DAGs
[2024-12-21T18:59:15.724+0000] {logging_mixin.py:188} INFO - [2024-12-21T18:59:15.724+0000] {dag.py:3954} INFO - Setting next_dagrun for example_display_name to None, run_after=None
[2024-12-21T18:59:15.751+0000] {processor.py:183} INFO - Processing /home/airflow/.local/lib/python3.12/site-packages/airflow/example_dags/example_display_name.py took 0.078 seconds
[2024-12-21T18:59:46.604+0000] {processor.py:161} INFO - Started process (PID=333) to work on /home/airflow/.local/lib/python3.12/site-packages/airflow/example_dags/example_display_name.py
[2024-12-21T18:59:46.605+0000] {processor.py:830} INFO - Processing file /home/airflow/.local/lib/python3.12/site-packages/airflow/example_dags/example_display_name.py for tasks to queue
[2024-12-21T18:59:46.607+0000] {logging_mixin.py:188} INFO - [2024-12-21T18:59:46.607+0000] {dagbag.py:545} INFO - Filling up the DagBag from /home/airflow/.local/lib/python3.12/site-packages/airflow/example_dags/example_display_name.py
[2024-12-21T18:59:46.614+0000] {processor.py:840} INFO - DAG(s) 'example_display_name' retrieved from /home/airflow/.local/lib/python3.12/site-packages/airflow/example_dags/example_display_name.py
[2024-12-21T18:59:46.640+0000] {logging_mixin.py:188} INFO - [2024-12-21T18:59:46.639+0000] {dag.py:3096} INFO - Sync 1 DAGs
[2024-12-21T18:59:46.657+0000] {logging_mixin.py:188} INFO - [2024-12-21T18:59:46.656+0000] {dag.py:3954} INFO - Setting next_dagrun for example_display_name to None, run_after=None
[2024-12-21T18:59:46.684+0000] {processor.py:183} INFO - Processing /home/airflow/.local/lib/python3.12/site-packages/airflow/example_dags/example_display_name.py took 0.085 seconds
[2024-12-21T19:00:17.070+0000] {processor.py:161} INFO - Started process (PID=391) to work on /home/airflow/.local/lib/python3.12/site-packages/airflow/example_dags/example_display_name.py
[2024-12-21T19:00:17.072+0000] {processor.py:830} INFO - Processing file /home/airflow/.local/lib/python3.12/site-packages/airflow/example_dags/example_display_name.py for tasks to queue
[2024-12-21T19:00:17.076+0000] {logging_mixin.py:188} INFO - [2024-12-21T19:00:17.075+0000] {dagbag.py:545} INFO - Filling up the DagBag from /home/airflow/.local/lib/python3.12/site-packages/airflow/example_dags/example_display_name.py
[2024-12-21T19:00:17.086+0000] {processor.py:840} INFO - DAG(s) 'example_display_name' retrieved from /home/airflow/.local/lib/python3.12/site-packages/airflow/example_dags/example_display_name.py
[2024-12-21T19:00:17.122+0000] {logging_mixin.py:188} INFO - [2024-12-21T19:00:17.121+0000] {dag.py:3096} INFO - Sync 1 DAGs
[2024-12-21T19:00:17.142+0000] {logging_mixin.py:188} INFO - [2024-12-21T19:00:17.141+0000] {dag.py:3954} INFO - Setting next_dagrun for example_display_name to None, run_after=None
[2024-12-21T19:00:17.169+0000] {processor.py:183} INFO - Processing /home/airflow/.local/lib/python3.12/site-packages/airflow/example_dags/example_display_name.py took 0.108 seconds
[2024-12-21T19:00:47.728+0000] {processor.py:161} INFO - Started process (PID=449) to work on /home/airflow/.local/lib/python3.12/site-packages/airflow/example_dags/example_display_name.py
[2024-12-21T19:00:47.729+0000] {processor.py:830} INFO - Processing file /home/airflow/.local/lib/python3.12/site-packages/airflow/example_dags/example_display_name.py for tasks to queue
[2024-12-21T19:00:47.732+0000] {logging_mixin.py:188} INFO - [2024-12-21T19:00:47.731+0000] {dagbag.py:545} INFO - Filling up the DagBag from /home/airflow/.local/lib/python3.12/site-packages/airflow/example_dags/example_display_name.py
[2024-12-21T19:00:47.739+0000] {processor.py:840} INFO - DAG(s) 'example_display_name' retrieved from /home/airflow/.local/lib/python3.12/site-packages/airflow/example_dags/example_display_name.py
[2024-12-21T19:00:47.764+0000] {logging_mixin.py:188} INFO - [2024-12-21T19:00:47.763+0000] {dag.py:3096} INFO - Sync 1 DAGs
[2024-12-21T19:00:47.778+0000] {logging_mixin.py:188} INFO - [2024-12-21T19:00:47.778+0000] {dag.py:3954} INFO - Setting next_dagrun for example_display_name to None, run_after=None
[2024-12-21T19:00:47.808+0000] {processor.py:183} INFO - Processing /home/airflow/.local/lib/python3.12/site-packages/airflow/example_dags/example_display_name.py took 0.086 seconds
[2024-12-21T19:01:18.774+0000] {processor.py:161} INFO - Started process (PID=507) to work on /home/airflow/.local/lib/python3.12/site-packages/airflow/example_dags/example_display_name.py
[2024-12-21T19:01:18.777+0000] {processor.py:830} INFO - Processing file /home/airflow/.local/lib/python3.12/site-packages/airflow/example_dags/example_display_name.py for tasks to queue
[2024-12-21T19:01:18.782+0000] {logging_mixin.py:188} INFO - [2024-12-21T19:01:18.780+0000] {dagbag.py:545} INFO - Filling up the DagBag from /home/airflow/.local/lib/python3.12/site-packages/airflow/example_dags/example_display_name.py
[2024-12-21T19:01:18.795+0000] {processor.py:840} INFO - DAG(s) 'example_display_name' retrieved from /home/airflow/.local/lib/python3.12/site-packages/airflow/example_dags/example_display_name.py
[2024-12-21T19:01:18.840+0000] {logging_mixin.py:188} INFO - [2024-12-21T19:01:18.839+0000] {dag.py:3096} INFO - Sync 1 DAGs
[2024-12-21T19:01:18.869+0000] {logging_mixin.py:188} INFO - [2024-12-21T19:01:18.869+0000] {dag.py:3954} INFO - Setting next_dagrun for example_display_name to None, run_after=None
[2024-12-21T19:01:18.912+0000] {processor.py:183} INFO - Processing /home/airflow/.local/lib/python3.12/site-packages/airflow/example_dags/example_display_name.py took 0.145 seconds
[2024-12-21T19:01:49.276+0000] {processor.py:161} INFO - Started process (PID=565) to work on /home/airflow/.local/lib/python3.12/site-packages/airflow/example_dags/example_display_name.py
[2024-12-21T19:01:49.277+0000] {processor.py:830} INFO - Processing file /home/airflow/.local/lib/python3.12/site-packages/airflow/example_dags/example_display_name.py for tasks to queue
[2024-12-21T19:01:49.280+0000] {logging_mixin.py:188} INFO - [2024-12-21T19:01:49.279+0000] {dagbag.py:545} INFO - Filling up the DagBag from /home/airflow/.local/lib/python3.12/site-packages/airflow/example_dags/example_display_name.py
[2024-12-21T19:01:49.286+0000] {processor.py:840} INFO - DAG(s) 'example_display_name' retrieved from /home/airflow/.local/lib/python3.12/site-packages/airflow/example_dags/example_display_name.py
[2024-12-21T19:01:49.308+0000] {logging_mixin.py:188} INFO - [2024-12-21T19:01:49.308+0000] {dag.py:3096} INFO - Sync 1 DAGs
[2024-12-21T19:01:49.325+0000] {logging_mixin.py:188} INFO - [2024-12-21T19:01:49.324+0000] {dag.py:3954} INFO - Setting next_dagrun for example_display_name to None, run_after=None
[2024-12-21T19:01:49.352+0000] {processor.py:183} INFO - Processing /home/airflow/.local/lib/python3.12/site-packages/airflow/example_dags/example_display_name.py took 0.082 seconds
[2024-12-21T19:02:19.576+0000] {processor.py:161} INFO - Started process (PID=623) to work on /home/airflow/.local/lib/python3.12/site-packages/airflow/example_dags/example_display_name.py
[2024-12-21T19:02:19.577+0000] {processor.py:830} INFO - Processing file /home/airflow/.local/lib/python3.12/site-packages/airflow/example_dags/example_display_name.py for tasks to queue
[2024-12-21T19:02:19.581+0000] {logging_mixin.py:188} INFO - [2024-12-21T19:02:19.580+0000] {dagbag.py:545} INFO - Filling up the DagBag from /home/airflow/.local/lib/python3.12/site-packages/airflow/example_dags/example_display_name.py
[2024-12-21T19:02:19.590+0000] {processor.py:840} INFO - DAG(s) 'example_display_name' retrieved from /home/airflow/.local/lib/python3.12/site-packages/airflow/example_dags/example_display_name.py
[2024-12-21T19:02:19.624+0000] {logging_mixin.py:188} INFO - [2024-12-21T19:02:19.623+0000] {dag.py:3096} INFO - Sync 1 DAGs
[2024-12-21T19:02:19.640+0000] {logging_mixin.py:188} INFO - [2024-12-21T19:02:19.640+0000] {dag.py:3954} INFO - Setting next_dagrun for example_display_name to None, run_after=None
[2024-12-21T19:02:19.669+0000] {processor.py:183} INFO - Processing /home/airflow/.local/lib/python3.12/site-packages/airflow/example_dags/example_display_name.py took 0.103 seconds
[2024-12-21T19:02:50.435+0000] {processor.py:161} INFO - Started process (PID=681) to work on /home/airflow/.local/lib/python3.12/site-packages/airflow/example_dags/example_display_name.py
[2024-12-21T19:02:50.443+0000] {processor.py:830} INFO - Processing file /home/airflow/.local/lib/python3.12/site-packages/airflow/example_dags/example_display_name.py for tasks to queue
[2024-12-21T19:02:50.447+0000] {logging_mixin.py:188} INFO - [2024-12-21T19:02:50.446+0000] {dagbag.py:545} INFO - Filling up the DagBag from /home/airflow/.local/lib/python3.12/site-packages/airflow/example_dags/example_display_name.py
[2024-12-21T19:02:50.457+0000] {processor.py:840} INFO - DAG(s) 'example_display_name' retrieved from /home/airflow/.local/lib/python3.12/site-packages/airflow/example_dags/example_display_name.py
[2024-12-21T19:02:50.505+0000] {logging_mixin.py:188} INFO - [2024-12-21T19:02:50.505+0000] {dag.py:3096} INFO - Sync 1 DAGs
[2024-12-21T19:02:50.542+0000] {logging_mixin.py:188} INFO - [2024-12-21T19:02:50.542+0000] {dag.py:3954} INFO - Setting next_dagrun for example_display_name to None, run_after=None
[2024-12-21T19:02:50.587+0000] {processor.py:183} INFO - Processing /home/airflow/.local/lib/python3.12/site-packages/airflow/example_dags/example_display_name.py took 0.169 seconds
[2024-12-21T19:03:21.208+0000] {processor.py:161} INFO - Started process (PID=739) to work on /home/airflow/.local/lib/python3.12/site-packages/airflow/example_dags/example_display_name.py
[2024-12-21T19:03:21.210+0000] {processor.py:830} INFO - Processing file /home/airflow/.local/lib/python3.12/site-packages/airflow/example_dags/example_display_name.py for tasks to queue
[2024-12-21T19:03:21.213+0000] {logging_mixin.py:188} INFO - [2024-12-21T19:03:21.212+0000] {dagbag.py:545} INFO - Filling up the DagBag from /home/airflow/.local/lib/python3.12/site-packages/airflow/example_dags/example_display_name.py
[2024-12-21T19:03:21.224+0000] {processor.py:840} INFO - DAG(s) 'example_display_name' retrieved from /home/airflow/.local/lib/python3.12/site-packages/airflow/example_dags/example_display_name.py
[2024-12-21T19:03:21.256+0000] {logging_mixin.py:188} INFO - [2024-12-21T19:03:21.256+0000] {dag.py:3096} INFO - Sync 1 DAGs
[2024-12-21T19:03:21.279+0000] {logging_mixin.py:188} INFO - [2024-12-21T19:03:21.278+0000] {dag.py:3954} INFO - Setting next_dagrun for example_display_name to None, run_after=None
[2024-12-21T19:03:21.318+0000] {processor.py:183} INFO - Processing /home/airflow/.local/lib/python3.12/site-packages/airflow/example_dags/example_display_name.py took 0.117 seconds
[2024-12-21T19:03:51.543+0000] {processor.py:161} INFO - Started process (PID=796) to work on /home/airflow/.local/lib/python3.12/site-packages/airflow/example_dags/example_display_name.py
[2024-12-21T19:03:51.544+0000] {processor.py:830} INFO - Processing file /home/airflow/.local/lib/python3.12/site-packages/airflow/example_dags/example_display_name.py for tasks to queue
[2024-12-21T19:03:51.547+0000] {logging_mixin.py:188} INFO - [2024-12-21T19:03:51.547+0000] {dagbag.py:545} INFO - Filling up the DagBag from /home/airflow/.local/lib/python3.12/site-packages/airflow/example_dags/example_display_name.py
[2024-12-21T19:03:51.554+0000] {processor.py:840} INFO - DAG(s) 'example_display_name' retrieved from /home/airflow/.local/lib/python3.12/site-packages/airflow/example_dags/example_display_name.py
[2024-12-21T19:03:51.583+0000] {logging_mixin.py:188} INFO - [2024-12-21T19:03:51.582+0000] {dag.py:3096} INFO - Sync 1 DAGs
[2024-12-21T19:03:51.603+0000] {logging_mixin.py:188} INFO - [2024-12-21T19:03:51.602+0000] {dag.py:3954} INFO - Setting next_dagrun for example_display_name to None, run_after=None
[2024-12-21T19:03:51.631+0000] {processor.py:183} INFO - Processing /home/airflow/.local/lib/python3.12/site-packages/airflow/example_dags/example_display_name.py took 0.095 seconds
[2024-12-21T19:04:21.879+0000] {processor.py:161} INFO - Started process (PID=854) to work on /home/airflow/.local/lib/python3.12/site-packages/airflow/example_dags/example_display_name.py
[2024-12-21T19:04:21.880+0000] {processor.py:830} INFO - Processing file /home/airflow/.local/lib/python3.12/site-packages/airflow/example_dags/example_display_name.py for tasks to queue
[2024-12-21T19:04:21.882+0000] {logging_mixin.py:188} INFO - [2024-12-21T19:04:21.882+0000] {dagbag.py:545} INFO - Filling up the DagBag from /home/airflow/.local/lib/python3.12/site-packages/airflow/example_dags/example_display_name.py
[2024-12-21T19:04:21.888+0000] {processor.py:840} INFO - DAG(s) 'example_display_name' retrieved from /home/airflow/.local/lib/python3.12/site-packages/airflow/example_dags/example_display_name.py
[2024-12-21T19:04:21.911+0000] {logging_mixin.py:188} INFO - [2024-12-21T19:04:21.911+0000] {dag.py:3096} INFO - Sync 1 DAGs
[2024-12-21T19:04:21.924+0000] {logging_mixin.py:188} INFO - [2024-12-21T19:04:21.924+0000] {dag.py:3954} INFO - Setting next_dagrun for example_display_name to None, run_after=None
[2024-12-21T19:04:21.953+0000] {processor.py:183} INFO - Processing /home/airflow/.local/lib/python3.12/site-packages/airflow/example_dags/example_display_name.py took 0.080 seconds
[2024-12-21T19:04:53.166+0000] {processor.py:161} INFO - Started process (PID=913) to work on /home/airflow/.local/lib/python3.12/site-packages/airflow/example_dags/example_display_name.py
[2024-12-21T19:04:53.167+0000] {processor.py:830} INFO - Processing file /home/airflow/.local/lib/python3.12/site-packages/airflow/example_dags/example_display_name.py for tasks to queue
[2024-12-21T19:04:53.170+0000] {logging_mixin.py:188} INFO - [2024-12-21T19:04:53.169+0000] {dagbag.py:545} INFO - Filling up the DagBag from /home/airflow/.local/lib/python3.12/site-packages/airflow/example_dags/example_display_name.py
[2024-12-21T19:04:53.178+0000] {processor.py:840} INFO - DAG(s) 'example_display_name' retrieved from /home/airflow/.local/lib/python3.12/site-packages/airflow/example_dags/example_display_name.py
[2024-12-21T19:04:53.219+0000] {logging_mixin.py:188} INFO - [2024-12-21T19:04:53.218+0000] {dag.py:3096} INFO - Sync 1 DAGs
[2024-12-21T19:04:53.251+0000] {logging_mixin.py:188} INFO - [2024-12-21T19:04:53.250+0000] {dag.py:3954} INFO - Setting next_dagrun for example_display_name to None, run_after=None
[2024-12-21T19:04:53.319+0000] {processor.py:183} INFO - Processing /home/airflow/.local/lib/python3.12/site-packages/airflow/example_dags/example_display_name.py took 0.159 seconds
[2024-12-21T19:05:24.066+0000] {processor.py:161} INFO - Started process (PID=971) to work on /home/airflow/.local/lib/python3.12/site-packages/airflow/example_dags/example_display_name.py
[2024-12-21T19:05:24.067+0000] {processor.py:830} INFO - Processing file /home/airflow/.local/lib/python3.12/site-packages/airflow/example_dags/example_display_name.py for tasks to queue
[2024-12-21T19:05:24.071+0000] {logging_mixin.py:188} INFO - [2024-12-21T19:05:24.071+0000] {dagbag.py:545} INFO - Filling up the DagBag from /home/airflow/.local/lib/python3.12/site-packages/airflow/example_dags/example_display_name.py
[2024-12-21T19:05:24.082+0000] {processor.py:840} INFO - DAG(s) 'example_display_name' retrieved from /home/airflow/.local/lib/python3.12/site-packages/airflow/example_dags/example_display_name.py
[2024-12-21T19:05:24.115+0000] {logging_mixin.py:188} INFO - [2024-12-21T19:05:24.115+0000] {dag.py:3096} INFO - Sync 1 DAGs
[2024-12-21T19:05:24.139+0000] {logging_mixin.py:188} INFO - [2024-12-21T19:05:24.138+0000] {dag.py:3954} INFO - Setting next_dagrun for example_display_name to None, run_after=None
[2024-12-21T19:05:24.172+0000] {processor.py:183} INFO - Processing /home/airflow/.local/lib/python3.12/site-packages/airflow/example_dags/example_display_name.py took 0.113 seconds
[2024-12-21T19:05:54.907+0000] {processor.py:161} INFO - Started process (PID=1029) to work on /home/airflow/.local/lib/python3.12/site-packages/airflow/example_dags/example_display_name.py
[2024-12-21T19:05:54.908+0000] {processor.py:830} INFO - Processing file /home/airflow/.local/lib/python3.12/site-packages/airflow/example_dags/example_display_name.py for tasks to queue
[2024-12-21T19:05:54.911+0000] {logging_mixin.py:188} INFO - [2024-12-21T19:05:54.911+0000] {dagbag.py:545} INFO - Filling up the DagBag from /home/airflow/.local/lib/python3.12/site-packages/airflow/example_dags/example_display_name.py
[2024-12-21T19:05:54.918+0000] {processor.py:840} INFO - DAG(s) 'example_display_name' retrieved from /home/airflow/.local/lib/python3.12/site-packages/airflow/example_dags/example_display_name.py
[2024-12-21T19:05:54.944+0000] {logging_mixin.py:188} INFO - [2024-12-21T19:05:54.944+0000] {dag.py:3096} INFO - Sync 1 DAGs
[2024-12-21T19:05:54.959+0000] {logging_mixin.py:188} INFO - [2024-12-21T19:05:54.958+0000] {dag.py:3954} INFO - Setting next_dagrun for example_display_name to None, run_after=None
[2024-12-21T19:05:54.988+0000] {processor.py:183} INFO - Processing /home/airflow/.local/lib/python3.12/site-packages/airflow/example_dags/example_display_name.py took 0.090 seconds
[2024-12-21T19:06:25.211+0000] {processor.py:161} INFO - Started process (PID=1087) to work on /home/airflow/.local/lib/python3.12/site-packages/airflow/example_dags/example_display_name.py
[2024-12-21T19:06:25.212+0000] {processor.py:830} INFO - Processing file /home/airflow/.local/lib/python3.12/site-packages/airflow/example_dags/example_display_name.py for tasks to queue
[2024-12-21T19:06:25.214+0000] {logging_mixin.py:188} INFO - [2024-12-21T19:06:25.214+0000] {dagbag.py:545} INFO - Filling up the DagBag from /home/airflow/.local/lib/python3.12/site-packages/airflow/example_dags/example_display_name.py
[2024-12-21T19:06:25.221+0000] {processor.py:840} INFO - DAG(s) 'example_display_name' retrieved from /home/airflow/.local/lib/python3.12/site-packages/airflow/example_dags/example_display_name.py
[2024-12-21T19:06:25.244+0000] {logging_mixin.py:188} INFO - [2024-12-21T19:06:25.243+0000] {dag.py:3096} INFO - Sync 1 DAGs
[2024-12-21T19:06:25.258+0000] {logging_mixin.py:188} INFO - [2024-12-21T19:06:25.258+0000] {dag.py:3954} INFO - Setting next_dagrun for example_display_name to None, run_after=None
[2024-12-21T19:06:25.287+0000] {processor.py:183} INFO - Processing /home/airflow/.local/lib/python3.12/site-packages/airflow/example_dags/example_display_name.py took 0.084 seconds
[2024-12-21T19:06:55.771+0000] {processor.py:161} INFO - Started process (PID=1144) to work on /home/airflow/.local/lib/python3.12/site-packages/airflow/example_dags/example_display_name.py
[2024-12-21T19:06:55.773+0000] {processor.py:830} INFO - Processing file /home/airflow/.local/lib/python3.12/site-packages/airflow/example_dags/example_display_name.py for tasks to queue
[2024-12-21T19:06:55.775+0000] {logging_mixin.py:188} INFO - [2024-12-21T19:06:55.775+0000] {dagbag.py:545} INFO - Filling up the DagBag from /home/airflow/.local/lib/python3.12/site-packages/airflow/example_dags/example_display_name.py
[2024-12-21T19:06:55.781+0000] {processor.py:840} INFO - DAG(s) 'example_display_name' retrieved from /home/airflow/.local/lib/python3.12/site-packages/airflow/example_dags/example_display_name.py
[2024-12-21T19:06:55.803+0000] {logging_mixin.py:188} INFO - [2024-12-21T19:06:55.803+0000] {dag.py:3096} INFO - Sync 1 DAGs
[2024-12-21T19:06:55.818+0000] {logging_mixin.py:188} INFO - [2024-12-21T19:06:55.817+0000] {dag.py:3954} INFO - Setting next_dagrun for example_display_name to None, run_after=None
[2024-12-21T19:06:55.846+0000] {processor.py:183} INFO - Processing /home/airflow/.local/lib/python3.12/site-packages/airflow/example_dags/example_display_name.py took 0.081 seconds
[2024-12-21T19:07:26.020+0000] {processor.py:161} INFO - Started process (PID=1202) to work on /home/airflow/.local/lib/python3.12/site-packages/airflow/example_dags/example_display_name.py
[2024-12-21T19:07:26.021+0000] {processor.py:830} INFO - Processing file /home/airflow/.local/lib/python3.12/site-packages/airflow/example_dags/example_display_name.py for tasks to queue
[2024-12-21T19:07:26.024+0000] {logging_mixin.py:188} INFO - [2024-12-21T19:07:26.023+0000] {dagbag.py:545} INFO - Filling up the DagBag from /home/airflow/.local/lib/python3.12/site-packages/airflow/example_dags/example_display_name.py
[2024-12-21T19:07:26.030+0000] {processor.py:840} INFO - DAG(s) 'example_display_name' retrieved from /home/airflow/.local/lib/python3.12/site-packages/airflow/example_dags/example_display_name.py
[2024-12-21T19:07:26.053+0000] {logging_mixin.py:188} INFO - [2024-12-21T19:07:26.053+0000] {dag.py:3096} INFO - Sync 1 DAGs
[2024-12-21T19:07:26.067+0000] {logging_mixin.py:188} INFO - [2024-12-21T19:07:26.067+0000] {dag.py:3954} INFO - Setting next_dagrun for example_display_name to None, run_after=None
[2024-12-21T19:07:26.093+0000] {processor.py:183} INFO - Processing /home/airflow/.local/lib/python3.12/site-packages/airflow/example_dags/example_display_name.py took 0.079 seconds
[2024-12-21T19:07:56.321+0000] {processor.py:161} INFO - Started process (PID=1260) to work on /home/airflow/.local/lib/python3.12/site-packages/airflow/example_dags/example_display_name.py
[2024-12-21T19:07:56.323+0000] {processor.py:830} INFO - Processing file /home/airflow/.local/lib/python3.12/site-packages/airflow/example_dags/example_display_name.py for tasks to queue
[2024-12-21T19:07:56.325+0000] {logging_mixin.py:188} INFO - [2024-12-21T19:07:56.325+0000] {dagbag.py:545} INFO - Filling up the DagBag from /home/airflow/.local/lib/python3.12/site-packages/airflow/example_dags/example_display_name.py
[2024-12-21T19:07:56.332+0000] {processor.py:840} INFO - DAG(s) 'example_display_name' retrieved from /home/airflow/.local/lib/python3.12/site-packages/airflow/example_dags/example_display_name.py
[2024-12-21T19:07:56.366+0000] {logging_mixin.py:188} INFO - [2024-12-21T19:07:56.365+0000] {dag.py:3096} INFO - Sync 1 DAGs
[2024-12-21T19:07:56.391+0000] {logging_mixin.py:188} INFO - [2024-12-21T19:07:56.391+0000] {dag.py:3954} INFO - Setting next_dagrun for example_display_name to None, run_after=None
[2024-12-21T19:07:56.424+0000] {processor.py:183} INFO - Processing /home/airflow/.local/lib/python3.12/site-packages/airflow/example_dags/example_display_name.py took 0.109 seconds
[2024-12-21T19:08:27.113+0000] {processor.py:161} INFO - Started process (PID=1319) to work on /home/airflow/.local/lib/python3.12/site-packages/airflow/example_dags/example_display_name.py
[2024-12-21T19:08:27.114+0000] {processor.py:830} INFO - Processing file /home/airflow/.local/lib/python3.12/site-packages/airflow/example_dags/example_display_name.py for tasks to queue
[2024-12-21T19:08:27.117+0000] {logging_mixin.py:188} INFO - [2024-12-21T19:08:27.116+0000] {dagbag.py:545} INFO - Filling up the DagBag from /home/airflow/.local/lib/python3.12/site-packages/airflow/example_dags/example_display_name.py
[2024-12-21T19:08:27.126+0000] {processor.py:840} INFO - DAG(s) 'example_display_name' retrieved from /home/airflow/.local/lib/python3.12/site-packages/airflow/example_dags/example_display_name.py
[2024-12-21T19:08:27.154+0000] {logging_mixin.py:188} INFO - [2024-12-21T19:08:27.154+0000] {dag.py:3096} INFO - Sync 1 DAGs
[2024-12-21T19:08:27.172+0000] {logging_mixin.py:188} INFO - [2024-12-21T19:08:27.172+0000] {dag.py:3954} INFO - Setting next_dagrun for example_display_name to None, run_after=None
[2024-12-21T19:08:27.209+0000] {processor.py:183} INFO - Processing /home/airflow/.local/lib/python3.12/site-packages/airflow/example_dags/example_display_name.py took 0.105 seconds
[2024-12-21T19:08:57.490+0000] {processor.py:161} INFO - Started process (PID=1377) to work on /home/airflow/.local/lib/python3.12/site-packages/airflow/example_dags/example_display_name.py
[2024-12-21T19:08:57.491+0000] {processor.py:830} INFO - Processing file /home/airflow/.local/lib/python3.12/site-packages/airflow/example_dags/example_display_name.py for tasks to queue
[2024-12-21T19:08:57.493+0000] {logging_mixin.py:188} INFO - [2024-12-21T19:08:57.493+0000] {dagbag.py:545} INFO - Filling up the DagBag from /home/airflow/.local/lib/python3.12/site-packages/airflow/example_dags/example_display_name.py
[2024-12-21T19:08:57.498+0000] {processor.py:840} INFO - DAG(s) 'example_display_name' retrieved from /home/airflow/.local/lib/python3.12/site-packages/airflow/example_dags/example_display_name.py
[2024-12-21T19:08:57.522+0000] {logging_mixin.py:188} INFO - [2024-12-21T19:08:57.522+0000] {dag.py:3096} INFO - Sync 1 DAGs
[2024-12-21T19:08:57.535+0000] {logging_mixin.py:188} INFO - [2024-12-21T19:08:57.535+0000] {dag.py:3954} INFO - Setting next_dagrun for example_display_name to None, run_after=None
[2024-12-21T19:08:57.561+0000] {processor.py:183} INFO - Processing /home/airflow/.local/lib/python3.12/site-packages/airflow/example_dags/example_display_name.py took 0.077 seconds
[2024-12-21T19:09:28.775+0000] {processor.py:161} INFO - Started process (PID=1435) to work on /home/airflow/.local/lib/python3.12/site-packages/airflow/example_dags/example_display_name.py
[2024-12-21T19:09:28.777+0000] {processor.py:830} INFO - Processing file /home/airflow/.local/lib/python3.12/site-packages/airflow/example_dags/example_display_name.py for tasks to queue
[2024-12-21T19:09:28.779+0000] {logging_mixin.py:188} INFO - [2024-12-21T19:09:28.778+0000] {dagbag.py:545} INFO - Filling up the DagBag from /home/airflow/.local/lib/python3.12/site-packages/airflow/example_dags/example_display_name.py
[2024-12-21T19:09:28.784+0000] {processor.py:840} INFO - DAG(s) 'example_display_name' retrieved from /home/airflow/.local/lib/python3.12/site-packages/airflow/example_dags/example_display_name.py
[2024-12-21T19:09:28.811+0000] {logging_mixin.py:188} INFO - [2024-12-21T19:09:28.811+0000] {dag.py:3096} INFO - Sync 1 DAGs
[2024-12-21T19:09:28.831+0000] {logging_mixin.py:188} INFO - [2024-12-21T19:09:28.830+0000] {dag.py:3954} INFO - Setting next_dagrun for example_display_name to None, run_after=None
[2024-12-21T19:09:28.860+0000] {processor.py:183} INFO - Processing /home/airflow/.local/lib/python3.12/site-packages/airflow/example_dags/example_display_name.py took 0.090 seconds
[2024-12-21T19:09:59.320+0000] {processor.py:161} INFO - Started process (PID=1493) to work on /home/airflow/.local/lib/python3.12/site-packages/airflow/example_dags/example_display_name.py
[2024-12-21T19:09:59.321+0000] {processor.py:830} INFO - Processing file /home/airflow/.local/lib/python3.12/site-packages/airflow/example_dags/example_display_name.py for tasks to queue
[2024-12-21T19:09:59.323+0000] {logging_mixin.py:188} INFO - [2024-12-21T19:09:59.323+0000] {dagbag.py:545} INFO - Filling up the DagBag from /home/airflow/.local/lib/python3.12/site-packages/airflow/example_dags/example_display_name.py
[2024-12-21T19:09:59.329+0000] {processor.py:840} INFO - DAG(s) 'example_display_name' retrieved from /home/airflow/.local/lib/python3.12/site-packages/airflow/example_dags/example_display_name.py
[2024-12-21T19:09:59.352+0000] {logging_mixin.py:188} INFO - [2024-12-21T19:09:59.352+0000] {dag.py:3096} INFO - Sync 1 DAGs
[2024-12-21T19:09:59.372+0000] {logging_mixin.py:188} INFO - [2024-12-21T19:09:59.371+0000] {dag.py:3954} INFO - Setting next_dagrun for example_display_name to None, run_after=None
[2024-12-21T19:09:59.406+0000] {processor.py:183} INFO - Processing /home/airflow/.local/lib/python3.12/site-packages/airflow/example_dags/example_display_name.py took 0.092 seconds
[2024-12-21T19:10:30.014+0000] {processor.py:161} INFO - Started process (PID=1551) to work on /home/airflow/.local/lib/python3.12/site-packages/airflow/example_dags/example_display_name.py
[2024-12-21T19:10:30.016+0000] {processor.py:830} INFO - Processing file /home/airflow/.local/lib/python3.12/site-packages/airflow/example_dags/example_display_name.py for tasks to queue
[2024-12-21T19:10:30.020+0000] {logging_mixin.py:188} INFO - [2024-12-21T19:10:30.019+0000] {dagbag.py:545} INFO - Filling up the DagBag from /home/airflow/.local/lib/python3.12/site-packages/airflow/example_dags/example_display_name.py
[2024-12-21T19:10:30.031+0000] {processor.py:840} INFO - DAG(s) 'example_display_name' retrieved from /home/airflow/.local/lib/python3.12/site-packages/airflow/example_dags/example_display_name.py
[2024-12-21T19:10:30.097+0000] {logging_mixin.py:188} INFO - [2024-12-21T19:10:30.096+0000] {dag.py:3096} INFO - Sync 1 DAGs
[2024-12-21T19:10:30.132+0000] {logging_mixin.py:188} INFO - [2024-12-21T19:10:30.132+0000] {dag.py:3954} INFO - Setting next_dagrun for example_display_name to None, run_after=None
[2024-12-21T19:10:30.184+0000] {processor.py:183} INFO - Processing /home/airflow/.local/lib/python3.12/site-packages/airflow/example_dags/example_display_name.py took 0.179 seconds
[2024-12-21T19:11:00.427+0000] {processor.py:161} INFO - Started process (PID=1609) to work on /home/airflow/.local/lib/python3.12/site-packages/airflow/example_dags/example_display_name.py
[2024-12-21T19:11:00.428+0000] {processor.py:830} INFO - Processing file /home/airflow/.local/lib/python3.12/site-packages/airflow/example_dags/example_display_name.py for tasks to queue
[2024-12-21T19:11:00.431+0000] {logging_mixin.py:188} INFO - [2024-12-21T19:11:00.430+0000] {dagbag.py:545} INFO - Filling up the DagBag from /home/airflow/.local/lib/python3.12/site-packages/airflow/example_dags/example_display_name.py
[2024-12-21T19:11:00.436+0000] {processor.py:840} INFO - DAG(s) 'example_display_name' retrieved from /home/airflow/.local/lib/python3.12/site-packages/airflow/example_dags/example_display_name.py
[2024-12-21T19:11:00.464+0000] {logging_mixin.py:188} INFO - [2024-12-21T19:11:00.464+0000] {dag.py:3096} INFO - Sync 1 DAGs
[2024-12-21T19:11:00.479+0000] {logging_mixin.py:188} INFO - [2024-12-21T19:11:00.478+0000] {dag.py:3954} INFO - Setting next_dagrun for example_display_name to None, run_after=None
[2024-12-21T19:11:00.506+0000] {processor.py:183} INFO - Processing /home/airflow/.local/lib/python3.12/site-packages/airflow/example_dags/example_display_name.py took 0.085 seconds
[2024-12-21T19:11:31.243+0000] {processor.py:161} INFO - Started process (PID=1667) to work on /home/airflow/.local/lib/python3.12/site-packages/airflow/example_dags/example_display_name.py
[2024-12-21T19:11:31.251+0000] {processor.py:830} INFO - Processing file /home/airflow/.local/lib/python3.12/site-packages/airflow/example_dags/example_display_name.py for tasks to queue
[2024-12-21T19:11:31.256+0000] {logging_mixin.py:188} INFO - [2024-12-21T19:11:31.255+0000] {dagbag.py:545} INFO - Filling up the DagBag from /home/airflow/.local/lib/python3.12/site-packages/airflow/example_dags/example_display_name.py
[2024-12-21T19:11:31.267+0000] {processor.py:840} INFO - DAG(s) 'example_display_name' retrieved from /home/airflow/.local/lib/python3.12/site-packages/airflow/example_dags/example_display_name.py
[2024-12-21T19:11:31.306+0000] {logging_mixin.py:188} INFO - [2024-12-21T19:11:31.306+0000] {dag.py:3096} INFO - Sync 1 DAGs
[2024-12-21T19:11:31.331+0000] {logging_mixin.py:188} INFO - [2024-12-21T19:11:31.331+0000] {dag.py:3954} INFO - Setting next_dagrun for example_display_name to None, run_after=None
[2024-12-21T19:11:31.375+0000] {processor.py:183} INFO - Processing /home/airflow/.local/lib/python3.12/site-packages/airflow/example_dags/example_display_name.py took 0.144 seconds
[2024-12-21T19:12:01.528+0000] {processor.py:161} INFO - Started process (PID=1725) to work on /home/airflow/.local/lib/python3.12/site-packages/airflow/example_dags/example_display_name.py
[2024-12-21T19:12:01.530+0000] {processor.py:830} INFO - Processing file /home/airflow/.local/lib/python3.12/site-packages/airflow/example_dags/example_display_name.py for tasks to queue
[2024-12-21T19:12:01.532+0000] {logging_mixin.py:188} INFO - [2024-12-21T19:12:01.531+0000] {dagbag.py:545} INFO - Filling up the DagBag from /home/airflow/.local/lib/python3.12/site-packages/airflow/example_dags/example_display_name.py
[2024-12-21T19:12:01.537+0000] {processor.py:840} INFO - DAG(s) 'example_display_name' retrieved from /home/airflow/.local/lib/python3.12/site-packages/airflow/example_dags/example_display_name.py
[2024-12-21T19:12:01.565+0000] {logging_mixin.py:188} INFO - [2024-12-21T19:12:01.565+0000] {dag.py:3096} INFO - Sync 1 DAGs
[2024-12-21T19:12:01.587+0000] {logging_mixin.py:188} INFO - [2024-12-21T19:12:01.587+0000] {dag.py:3954} INFO - Setting next_dagrun for example_display_name to None, run_after=None
[2024-12-21T19:12:01.624+0000] {processor.py:183} INFO - Processing /home/airflow/.local/lib/python3.12/site-packages/airflow/example_dags/example_display_name.py took 0.101 seconds
