[2024-12-21T08:01:24.533+0000] {processor.py:161} INFO - Started process (PID=74) to work on /home/airflow/.local/lib/python3.12/site-packages/airflow/example_dags/example_nested_branch_dag.py
[2024-12-21T08:01:24.534+0000] {processor.py:830} INFO - Processing file /home/airflow/.local/lib/python3.12/site-packages/airflow/example_dags/example_nested_branch_dag.py for tasks to queue
[2024-12-21T08:01:24.538+0000] {logging_mixin.py:188} INFO - [2024-12-21T08:01:24.537+0000] {dagbag.py:545} INFO - Filling up the DagBag from /home/airflow/.local/lib/python3.12/site-packages/airflow/example_dags/example_nested_branch_dag.py
[2024-12-21T08:01:24.576+0000] {processor.py:840} INFO - DAG(s) 'example_nested_branch_dag' retrieved from /home/airflow/.local/lib/python3.12/site-packages/airflow/example_dags/example_nested_branch_dag.py
[2024-12-21T08:01:24.616+0000] {logging_mixin.py:188} INFO - [2024-12-21T08:01:24.615+0000] {dag.py:3096} INFO - Sync 1 DAGs
[2024-12-21T08:01:24.642+0000] {logging_mixin.py:188} INFO - [2024-12-21T08:01:24.642+0000] {dag.py:3954} INFO - Setting next_dagrun for example_nested_branch_dag to 2024-12-20 00:00:00+00:00, run_after=2024-12-21 00:00:00+00:00
[2024-12-21T08:01:24.679+0000] {processor.py:183} INFO - Processing /home/airflow/.local/lib/python3.12/site-packages/airflow/example_dags/example_nested_branch_dag.py took 0.158 seconds
[2024-12-21T08:01:55.244+0000] {processor.py:161} INFO - Started process (PID=132) to work on /home/airflow/.local/lib/python3.12/site-packages/airflow/example_dags/example_nested_branch_dag.py
[2024-12-21T08:01:55.246+0000] {processor.py:830} INFO - Processing file /home/airflow/.local/lib/python3.12/site-packages/airflow/example_dags/example_nested_branch_dag.py for tasks to queue
[2024-12-21T08:01:55.248+0000] {logging_mixin.py:188} INFO - [2024-12-21T08:01:55.248+0000] {dagbag.py:545} INFO - Filling up the DagBag from /home/airflow/.local/lib/python3.12/site-packages/airflow/example_dags/example_nested_branch_dag.py
[2024-12-21T08:01:55.258+0000] {processor.py:840} INFO - DAG(s) 'example_nested_branch_dag' retrieved from /home/airflow/.local/lib/python3.12/site-packages/airflow/example_dags/example_nested_branch_dag.py
[2024-12-21T08:01:55.284+0000] {logging_mixin.py:188} INFO - [2024-12-21T08:01:55.283+0000] {dag.py:3096} INFO - Sync 1 DAGs
[2024-12-21T08:01:55.309+0000] {logging_mixin.py:188} INFO - [2024-12-21T08:01:55.308+0000] {dag.py:3954} INFO - Setting next_dagrun for example_nested_branch_dag to 2024-12-20 00:00:00+00:00, run_after=2024-12-21 00:00:00+00:00
[2024-12-21T08:01:55.335+0000] {processor.py:183} INFO - Processing /home/airflow/.local/lib/python3.12/site-packages/airflow/example_dags/example_nested_branch_dag.py took 0.095 seconds
[2024-12-21T08:02:26.212+0000] {processor.py:161} INFO - Started process (PID=190) to work on /home/airflow/.local/lib/python3.12/site-packages/airflow/example_dags/example_nested_branch_dag.py
[2024-12-21T08:02:26.213+0000] {processor.py:830} INFO - Processing file /home/airflow/.local/lib/python3.12/site-packages/airflow/example_dags/example_nested_branch_dag.py for tasks to queue
[2024-12-21T08:02:26.216+0000] {logging_mixin.py:188} INFO - [2024-12-21T08:02:26.215+0000] {dagbag.py:545} INFO - Filling up the DagBag from /home/airflow/.local/lib/python3.12/site-packages/airflow/example_dags/example_nested_branch_dag.py
[2024-12-21T08:02:26.227+0000] {processor.py:840} INFO - DAG(s) 'example_nested_branch_dag' retrieved from /home/airflow/.local/lib/python3.12/site-packages/airflow/example_dags/example_nested_branch_dag.py
[2024-12-21T08:02:26.255+0000] {logging_mixin.py:188} INFO - [2024-12-21T08:02:26.255+0000] {dag.py:3096} INFO - Sync 1 DAGs
[2024-12-21T08:02:26.281+0000] {logging_mixin.py:188} INFO - [2024-12-21T08:02:26.280+0000] {dag.py:3954} INFO - Setting next_dagrun for example_nested_branch_dag to 2024-12-20 00:00:00+00:00, run_after=2024-12-21 00:00:00+00:00
[2024-12-21T08:02:26.315+0000] {processor.py:183} INFO - Processing /home/airflow/.local/lib/python3.12/site-packages/airflow/example_dags/example_nested_branch_dag.py took 0.108 seconds
[2024-12-21T08:02:57.296+0000] {processor.py:161} INFO - Started process (PID=248) to work on /home/airflow/.local/lib/python3.12/site-packages/airflow/example_dags/example_nested_branch_dag.py
[2024-12-21T08:02:57.297+0000] {processor.py:830} INFO - Processing file /home/airflow/.local/lib/python3.12/site-packages/airflow/example_dags/example_nested_branch_dag.py for tasks to queue
[2024-12-21T08:02:57.300+0000] {logging_mixin.py:188} INFO - [2024-12-21T08:02:57.299+0000] {dagbag.py:545} INFO - Filling up the DagBag from /home/airflow/.local/lib/python3.12/site-packages/airflow/example_dags/example_nested_branch_dag.py
[2024-12-21T08:02:57.316+0000] {processor.py:840} INFO - DAG(s) 'example_nested_branch_dag' retrieved from /home/airflow/.local/lib/python3.12/site-packages/airflow/example_dags/example_nested_branch_dag.py
[2024-12-21T08:02:57.353+0000] {logging_mixin.py:188} INFO - [2024-12-21T08:02:57.353+0000] {dag.py:3096} INFO - Sync 1 DAGs
[2024-12-21T08:02:57.383+0000] {logging_mixin.py:188} INFO - [2024-12-21T08:02:57.382+0000] {dag.py:3954} INFO - Setting next_dagrun for example_nested_branch_dag to 2024-12-20 00:00:00+00:00, run_after=2024-12-21 00:00:00+00:00
[2024-12-21T08:02:57.411+0000] {processor.py:183} INFO - Processing /home/airflow/.local/lib/python3.12/site-packages/airflow/example_dags/example_nested_branch_dag.py took 0.124 seconds
[2024-12-21T08:03:27.710+0000] {processor.py:161} INFO - Started process (PID=306) to work on /home/airflow/.local/lib/python3.12/site-packages/airflow/example_dags/example_nested_branch_dag.py
[2024-12-21T08:03:27.712+0000] {processor.py:830} INFO - Processing file /home/airflow/.local/lib/python3.12/site-packages/airflow/example_dags/example_nested_branch_dag.py for tasks to queue
[2024-12-21T08:03:27.717+0000] {logging_mixin.py:188} INFO - [2024-12-21T08:03:27.716+0000] {dagbag.py:545} INFO - Filling up the DagBag from /home/airflow/.local/lib/python3.12/site-packages/airflow/example_dags/example_nested_branch_dag.py
[2024-12-21T08:03:27.739+0000] {processor.py:840} INFO - DAG(s) 'example_nested_branch_dag' retrieved from /home/airflow/.local/lib/python3.12/site-packages/airflow/example_dags/example_nested_branch_dag.py
[2024-12-21T08:03:27.778+0000] {logging_mixin.py:188} INFO - [2024-12-21T08:03:27.778+0000] {dag.py:3096} INFO - Sync 1 DAGs
[2024-12-21T08:03:27.825+0000] {logging_mixin.py:188} INFO - [2024-12-21T08:03:27.824+0000] {dag.py:3954} INFO - Setting next_dagrun for example_nested_branch_dag to 2024-12-20 00:00:00+00:00, run_after=2024-12-21 00:00:00+00:00
[2024-12-21T08:03:27.900+0000] {processor.py:183} INFO - Processing /home/airflow/.local/lib/python3.12/site-packages/airflow/example_dags/example_nested_branch_dag.py took 0.200 seconds
[2024-12-21T08:03:58.274+0000] {processor.py:161} INFO - Started process (PID=364) to work on /home/airflow/.local/lib/python3.12/site-packages/airflow/example_dags/example_nested_branch_dag.py
[2024-12-21T08:03:58.276+0000] {processor.py:830} INFO - Processing file /home/airflow/.local/lib/python3.12/site-packages/airflow/example_dags/example_nested_branch_dag.py for tasks to queue
[2024-12-21T08:03:58.279+0000] {logging_mixin.py:188} INFO - [2024-12-21T08:03:58.278+0000] {dagbag.py:545} INFO - Filling up the DagBag from /home/airflow/.local/lib/python3.12/site-packages/airflow/example_dags/example_nested_branch_dag.py
[2024-12-21T08:03:58.290+0000] {processor.py:840} INFO - DAG(s) 'example_nested_branch_dag' retrieved from /home/airflow/.local/lib/python3.12/site-packages/airflow/example_dags/example_nested_branch_dag.py
[2024-12-21T08:03:58.316+0000] {logging_mixin.py:188} INFO - [2024-12-21T08:03:58.315+0000] {dag.py:3096} INFO - Sync 1 DAGs
[2024-12-21T08:03:58.347+0000] {logging_mixin.py:188} INFO - [2024-12-21T08:03:58.346+0000] {dag.py:3954} INFO - Setting next_dagrun for example_nested_branch_dag to 2024-12-20 00:00:00+00:00, run_after=2024-12-21 00:00:00+00:00
[2024-12-21T08:03:58.373+0000] {processor.py:183} INFO - Processing /home/airflow/.local/lib/python3.12/site-packages/airflow/example_dags/example_nested_branch_dag.py took 0.105 seconds
[2024-12-21T08:04:28.509+0000] {processor.py:161} INFO - Started process (PID=422) to work on /home/airflow/.local/lib/python3.12/site-packages/airflow/example_dags/example_nested_branch_dag.py
[2024-12-21T08:04:28.511+0000] {processor.py:830} INFO - Processing file /home/airflow/.local/lib/python3.12/site-packages/airflow/example_dags/example_nested_branch_dag.py for tasks to queue
[2024-12-21T08:04:28.513+0000] {logging_mixin.py:188} INFO - [2024-12-21T08:04:28.513+0000] {dagbag.py:545} INFO - Filling up the DagBag from /home/airflow/.local/lib/python3.12/site-packages/airflow/example_dags/example_nested_branch_dag.py
[2024-12-21T08:04:28.524+0000] {processor.py:840} INFO - DAG(s) 'example_nested_branch_dag' retrieved from /home/airflow/.local/lib/python3.12/site-packages/airflow/example_dags/example_nested_branch_dag.py
[2024-12-21T08:04:28.554+0000] {logging_mixin.py:188} INFO - [2024-12-21T08:04:28.553+0000] {dag.py:3096} INFO - Sync 1 DAGs
[2024-12-21T08:04:28.581+0000] {logging_mixin.py:188} INFO - [2024-12-21T08:04:28.581+0000] {dag.py:3954} INFO - Setting next_dagrun for example_nested_branch_dag to 2024-12-20 00:00:00+00:00, run_after=2024-12-21 00:00:00+00:00
[2024-12-21T08:04:28.607+0000] {processor.py:183} INFO - Processing /home/airflow/.local/lib/python3.12/site-packages/airflow/example_dags/example_nested_branch_dag.py took 0.104 seconds
[2024-12-21T08:04:58.726+0000] {processor.py:161} INFO - Started process (PID=480) to work on /home/airflow/.local/lib/python3.12/site-packages/airflow/example_dags/example_nested_branch_dag.py
[2024-12-21T08:04:58.728+0000] {processor.py:830} INFO - Processing file /home/airflow/.local/lib/python3.12/site-packages/airflow/example_dags/example_nested_branch_dag.py for tasks to queue
[2024-12-21T08:04:58.731+0000] {logging_mixin.py:188} INFO - [2024-12-21T08:04:58.731+0000] {dagbag.py:545} INFO - Filling up the DagBag from /home/airflow/.local/lib/python3.12/site-packages/airflow/example_dags/example_nested_branch_dag.py
[2024-12-21T08:04:58.741+0000] {processor.py:840} INFO - DAG(s) 'example_nested_branch_dag' retrieved from /home/airflow/.local/lib/python3.12/site-packages/airflow/example_dags/example_nested_branch_dag.py
[2024-12-21T08:04:58.781+0000] {logging_mixin.py:188} INFO - [2024-12-21T08:04:58.781+0000] {dag.py:3096} INFO - Sync 1 DAGs
[2024-12-21T08:04:58.826+0000] {logging_mixin.py:188} INFO - [2024-12-21T08:04:58.826+0000] {dag.py:3954} INFO - Setting next_dagrun for example_nested_branch_dag to 2024-12-20 00:00:00+00:00, run_after=2024-12-21 00:00:00+00:00
[2024-12-21T08:04:58.873+0000] {processor.py:183} INFO - Processing /home/airflow/.local/lib/python3.12/site-packages/airflow/example_dags/example_nested_branch_dag.py took 0.155 seconds
[2024-12-21T18:50:56.037+0000] {processor.py:161} INFO - Started process (PID=69) to work on /home/airflow/.local/lib/python3.12/site-packages/airflow/example_dags/example_nested_branch_dag.py
[2024-12-21T18:50:56.038+0000] {processor.py:830} INFO - Processing file /home/airflow/.local/lib/python3.12/site-packages/airflow/example_dags/example_nested_branch_dag.py for tasks to queue
[2024-12-21T18:50:56.042+0000] {logging_mixin.py:188} INFO - [2024-12-21T18:50:56.041+0000] {dagbag.py:545} INFO - Filling up the DagBag from /home/airflow/.local/lib/python3.12/site-packages/airflow/example_dags/example_nested_branch_dag.py
[2024-12-21T18:50:56.071+0000] {processor.py:840} INFO - DAG(s) 'example_nested_branch_dag' retrieved from /home/airflow/.local/lib/python3.12/site-packages/airflow/example_dags/example_nested_branch_dag.py
[2024-12-21T18:50:56.115+0000] {logging_mixin.py:188} INFO - [2024-12-21T18:50:56.115+0000] {dag.py:3096} INFO - Sync 1 DAGs
[2024-12-21T18:50:56.162+0000] {logging_mixin.py:188} INFO - [2024-12-21T18:50:56.161+0000] {dag.py:3954} INFO - Setting next_dagrun for example_nested_branch_dag to 2024-12-20 00:00:00+00:00, run_after=2024-12-21 00:00:00+00:00
[2024-12-21T18:50:56.206+0000] {processor.py:183} INFO - Processing /home/airflow/.local/lib/python3.12/site-packages/airflow/example_dags/example_nested_branch_dag.py took 0.175 seconds
[2024-12-21T18:51:26.324+0000] {processor.py:161} INFO - Started process (PID=127) to work on /home/airflow/.local/lib/python3.12/site-packages/airflow/example_dags/example_nested_branch_dag.py
[2024-12-21T18:51:26.325+0000] {processor.py:830} INFO - Processing file /home/airflow/.local/lib/python3.12/site-packages/airflow/example_dags/example_nested_branch_dag.py for tasks to queue
[2024-12-21T18:51:26.327+0000] {logging_mixin.py:188} INFO - [2024-12-21T18:51:26.327+0000] {dagbag.py:545} INFO - Filling up the DagBag from /home/airflow/.local/lib/python3.12/site-packages/airflow/example_dags/example_nested_branch_dag.py
[2024-12-21T18:51:26.338+0000] {processor.py:840} INFO - DAG(s) 'example_nested_branch_dag' retrieved from /home/airflow/.local/lib/python3.12/site-packages/airflow/example_dags/example_nested_branch_dag.py
[2024-12-21T18:51:26.365+0000] {logging_mixin.py:188} INFO - [2024-12-21T18:51:26.364+0000] {dag.py:3096} INFO - Sync 1 DAGs
[2024-12-21T18:51:26.391+0000] {logging_mixin.py:188} INFO - [2024-12-21T18:51:26.391+0000] {dag.py:3954} INFO - Setting next_dagrun for example_nested_branch_dag to 2024-12-20 00:00:00+00:00, run_after=2024-12-21 00:00:00+00:00
[2024-12-21T18:51:26.419+0000] {processor.py:183} INFO - Processing /home/airflow/.local/lib/python3.12/site-packages/airflow/example_dags/example_nested_branch_dag.py took 0.100 seconds
[2024-12-21T18:51:56.498+0000] {processor.py:161} INFO - Started process (PID=185) to work on /home/airflow/.local/lib/python3.12/site-packages/airflow/example_dags/example_nested_branch_dag.py
[2024-12-21T18:51:56.500+0000] {processor.py:830} INFO - Processing file /home/airflow/.local/lib/python3.12/site-packages/airflow/example_dags/example_nested_branch_dag.py for tasks to queue
[2024-12-21T18:51:56.502+0000] {logging_mixin.py:188} INFO - [2024-12-21T18:51:56.502+0000] {dagbag.py:545} INFO - Filling up the DagBag from /home/airflow/.local/lib/python3.12/site-packages/airflow/example_dags/example_nested_branch_dag.py
[2024-12-21T18:51:56.515+0000] {processor.py:840} INFO - DAG(s) 'example_nested_branch_dag' retrieved from /home/airflow/.local/lib/python3.12/site-packages/airflow/example_dags/example_nested_branch_dag.py
[2024-12-21T18:51:56.550+0000] {logging_mixin.py:188} INFO - [2024-12-21T18:51:56.549+0000] {dag.py:3096} INFO - Sync 1 DAGs
[2024-12-21T18:51:56.587+0000] {logging_mixin.py:188} INFO - [2024-12-21T18:51:56.587+0000] {dag.py:3954} INFO - Setting next_dagrun for example_nested_branch_dag to 2024-12-20 00:00:00+00:00, run_after=2024-12-21 00:00:00+00:00
[2024-12-21T18:51:56.631+0000] {processor.py:183} INFO - Processing /home/airflow/.local/lib/python3.12/site-packages/airflow/example_dags/example_nested_branch_dag.py took 0.142 seconds
[2024-12-21T18:52:26.866+0000] {processor.py:161} INFO - Started process (PID=243) to work on /home/airflow/.local/lib/python3.12/site-packages/airflow/example_dags/example_nested_branch_dag.py
[2024-12-21T18:52:26.867+0000] {processor.py:830} INFO - Processing file /home/airflow/.local/lib/python3.12/site-packages/airflow/example_dags/example_nested_branch_dag.py for tasks to queue
[2024-12-21T18:52:26.869+0000] {logging_mixin.py:188} INFO - [2024-12-21T18:52:26.869+0000] {dagbag.py:545} INFO - Filling up the DagBag from /home/airflow/.local/lib/python3.12/site-packages/airflow/example_dags/example_nested_branch_dag.py
[2024-12-21T18:52:26.879+0000] {processor.py:840} INFO - DAG(s) 'example_nested_branch_dag' retrieved from /home/airflow/.local/lib/python3.12/site-packages/airflow/example_dags/example_nested_branch_dag.py
[2024-12-21T18:52:26.905+0000] {logging_mixin.py:188} INFO - [2024-12-21T18:52:26.905+0000] {dag.py:3096} INFO - Sync 1 DAGs
[2024-12-21T18:52:26.931+0000] {logging_mixin.py:188} INFO - [2024-12-21T18:52:26.931+0000] {dag.py:3954} INFO - Setting next_dagrun for example_nested_branch_dag to 2024-12-20 00:00:00+00:00, run_after=2024-12-21 00:00:00+00:00
[2024-12-21T18:52:26.957+0000] {processor.py:183} INFO - Processing /home/airflow/.local/lib/python3.12/site-packages/airflow/example_dags/example_nested_branch_dag.py took 0.097 seconds
[2024-12-21T18:57:40.670+0000] {processor.py:161} INFO - Started process (PID=70) to work on /home/airflow/.local/lib/python3.12/site-packages/airflow/example_dags/example_nested_branch_dag.py
[2024-12-21T18:57:40.672+0000] {processor.py:830} INFO - Processing file /home/airflow/.local/lib/python3.12/site-packages/airflow/example_dags/example_nested_branch_dag.py for tasks to queue
[2024-12-21T18:57:40.675+0000] {logging_mixin.py:188} INFO - [2024-12-21T18:57:40.675+0000] {dagbag.py:545} INFO - Filling up the DagBag from /home/airflow/.local/lib/python3.12/site-packages/airflow/example_dags/example_nested_branch_dag.py
[2024-12-21T18:57:40.699+0000] {processor.py:840} INFO - DAG(s) 'example_nested_branch_dag' retrieved from /home/airflow/.local/lib/python3.12/site-packages/airflow/example_dags/example_nested_branch_dag.py
[2024-12-21T18:57:40.738+0000] {logging_mixin.py:188} INFO - [2024-12-21T18:57:40.738+0000] {dag.py:3096} INFO - Sync 1 DAGs
[2024-12-21T18:57:40.780+0000] {logging_mixin.py:188} INFO - [2024-12-21T18:57:40.779+0000] {dag.py:3954} INFO - Setting next_dagrun for example_nested_branch_dag to 2024-12-20 00:00:00+00:00, run_after=2024-12-21 00:00:00+00:00
[2024-12-21T18:57:40.814+0000] {processor.py:183} INFO - Processing /home/airflow/.local/lib/python3.12/site-packages/airflow/example_dags/example_nested_branch_dag.py took 0.155 seconds
[2024-12-21T18:58:11.232+0000] {processor.py:161} INFO - Started process (PID=127) to work on /home/airflow/.local/lib/python3.12/site-packages/airflow/example_dags/example_nested_branch_dag.py
[2024-12-21T18:58:11.233+0000] {processor.py:830} INFO - Processing file /home/airflow/.local/lib/python3.12/site-packages/airflow/example_dags/example_nested_branch_dag.py for tasks to queue
[2024-12-21T18:58:11.235+0000] {logging_mixin.py:188} INFO - [2024-12-21T18:58:11.235+0000] {dagbag.py:545} INFO - Filling up the DagBag from /home/airflow/.local/lib/python3.12/site-packages/airflow/example_dags/example_nested_branch_dag.py
[2024-12-21T18:58:11.246+0000] {processor.py:840} INFO - DAG(s) 'example_nested_branch_dag' retrieved from /home/airflow/.local/lib/python3.12/site-packages/airflow/example_dags/example_nested_branch_dag.py
[2024-12-21T18:58:11.271+0000] {logging_mixin.py:188} INFO - [2024-12-21T18:58:11.271+0000] {dag.py:3096} INFO - Sync 1 DAGs
[2024-12-21T18:58:11.299+0000] {logging_mixin.py:188} INFO - [2024-12-21T18:58:11.298+0000] {dag.py:3954} INFO - Setting next_dagrun for example_nested_branch_dag to 2024-12-20 00:00:00+00:00, run_after=2024-12-21 00:00:00+00:00
[2024-12-21T18:58:11.325+0000] {processor.py:183} INFO - Processing /home/airflow/.local/lib/python3.12/site-packages/airflow/example_dags/example_nested_branch_dag.py took 0.099 seconds
[2024-12-21T18:58:41.737+0000] {processor.py:161} INFO - Started process (PID=185) to work on /home/airflow/.local/lib/python3.12/site-packages/airflow/example_dags/example_nested_branch_dag.py
[2024-12-21T18:58:41.738+0000] {processor.py:830} INFO - Processing file /home/airflow/.local/lib/python3.12/site-packages/airflow/example_dags/example_nested_branch_dag.py for tasks to queue
[2024-12-21T18:58:41.741+0000] {logging_mixin.py:188} INFO - [2024-12-21T18:58:41.740+0000] {dagbag.py:545} INFO - Filling up the DagBag from /home/airflow/.local/lib/python3.12/site-packages/airflow/example_dags/example_nested_branch_dag.py
[2024-12-21T18:58:41.752+0000] {processor.py:840} INFO - DAG(s) 'example_nested_branch_dag' retrieved from /home/airflow/.local/lib/python3.12/site-packages/airflow/example_dags/example_nested_branch_dag.py
[2024-12-21T18:58:41.789+0000] {logging_mixin.py:188} INFO - [2024-12-21T18:58:41.789+0000] {dag.py:3096} INFO - Sync 1 DAGs
[2024-12-21T18:58:41.825+0000] {logging_mixin.py:188} INFO - [2024-12-21T18:58:41.825+0000] {dag.py:3954} INFO - Setting next_dagrun for example_nested_branch_dag to 2024-12-20 00:00:00+00:00, run_after=2024-12-21 00:00:00+00:00
[2024-12-21T18:58:41.861+0000] {processor.py:183} INFO - Processing /home/airflow/.local/lib/python3.12/site-packages/airflow/example_dags/example_nested_branch_dag.py took 0.131 seconds
[2024-12-21T18:59:12.339+0000] {processor.py:161} INFO - Started process (PID=243) to work on /home/airflow/.local/lib/python3.12/site-packages/airflow/example_dags/example_nested_branch_dag.py
[2024-12-21T18:59:12.343+0000] {processor.py:830} INFO - Processing file /home/airflow/.local/lib/python3.12/site-packages/airflow/example_dags/example_nested_branch_dag.py for tasks to queue
[2024-12-21T18:59:12.346+0000] {logging_mixin.py:188} INFO - [2024-12-21T18:59:12.346+0000] {dagbag.py:545} INFO - Filling up the DagBag from /home/airflow/.local/lib/python3.12/site-packages/airflow/example_dags/example_nested_branch_dag.py
[2024-12-21T18:59:12.363+0000] {processor.py:840} INFO - DAG(s) 'example_nested_branch_dag' retrieved from /home/airflow/.local/lib/python3.12/site-packages/airflow/example_dags/example_nested_branch_dag.py
[2024-12-21T18:59:12.396+0000] {logging_mixin.py:188} INFO - [2024-12-21T18:59:12.395+0000] {dag.py:3096} INFO - Sync 1 DAGs
[2024-12-21T18:59:12.423+0000] {logging_mixin.py:188} INFO - [2024-12-21T18:59:12.422+0000] {dag.py:3954} INFO - Setting next_dagrun for example_nested_branch_dag to 2024-12-20 00:00:00+00:00, run_after=2024-12-21 00:00:00+00:00
[2024-12-21T18:59:12.452+0000] {processor.py:183} INFO - Processing /home/airflow/.local/lib/python3.12/site-packages/airflow/example_dags/example_nested_branch_dag.py took 0.123 seconds
[2024-12-21T18:59:43.348+0000] {processor.py:161} INFO - Started process (PID=307) to work on /home/airflow/.local/lib/python3.12/site-packages/airflow/example_dags/example_nested_branch_dag.py
[2024-12-21T18:59:43.349+0000] {processor.py:830} INFO - Processing file /home/airflow/.local/lib/python3.12/site-packages/airflow/example_dags/example_nested_branch_dag.py for tasks to queue
[2024-12-21T18:59:43.352+0000] {logging_mixin.py:188} INFO - [2024-12-21T18:59:43.351+0000] {dagbag.py:545} INFO - Filling up the DagBag from /home/airflow/.local/lib/python3.12/site-packages/airflow/example_dags/example_nested_branch_dag.py
[2024-12-21T18:59:43.364+0000] {processor.py:840} INFO - DAG(s) 'example_nested_branch_dag' retrieved from /home/airflow/.local/lib/python3.12/site-packages/airflow/example_dags/example_nested_branch_dag.py
[2024-12-21T18:59:43.391+0000] {logging_mixin.py:188} INFO - [2024-12-21T18:59:43.391+0000] {dag.py:3096} INFO - Sync 1 DAGs
[2024-12-21T18:59:43.428+0000] {logging_mixin.py:188} INFO - [2024-12-21T18:59:43.427+0000] {dag.py:3954} INFO - Setting next_dagrun for example_nested_branch_dag to 2024-12-20 00:00:00+00:00, run_after=2024-12-21 00:00:00+00:00
[2024-12-21T18:59:43.467+0000] {processor.py:183} INFO - Processing /home/airflow/.local/lib/python3.12/site-packages/airflow/example_dags/example_nested_branch_dag.py took 0.126 seconds
[2024-12-21T19:00:13.597+0000] {processor.py:161} INFO - Started process (PID=365) to work on /home/airflow/.local/lib/python3.12/site-packages/airflow/example_dags/example_nested_branch_dag.py
[2024-12-21T19:00:13.599+0000] {processor.py:830} INFO - Processing file /home/airflow/.local/lib/python3.12/site-packages/airflow/example_dags/example_nested_branch_dag.py for tasks to queue
[2024-12-21T19:00:13.601+0000] {logging_mixin.py:188} INFO - [2024-12-21T19:00:13.600+0000] {dagbag.py:545} INFO - Filling up the DagBag from /home/airflow/.local/lib/python3.12/site-packages/airflow/example_dags/example_nested_branch_dag.py
[2024-12-21T19:00:13.610+0000] {processor.py:840} INFO - DAG(s) 'example_nested_branch_dag' retrieved from /home/airflow/.local/lib/python3.12/site-packages/airflow/example_dags/example_nested_branch_dag.py
[2024-12-21T19:00:13.637+0000] {logging_mixin.py:188} INFO - [2024-12-21T19:00:13.636+0000] {dag.py:3096} INFO - Sync 1 DAGs
[2024-12-21T19:00:13.664+0000] {logging_mixin.py:188} INFO - [2024-12-21T19:00:13.664+0000] {dag.py:3954} INFO - Setting next_dagrun for example_nested_branch_dag to 2024-12-20 00:00:00+00:00, run_after=2024-12-21 00:00:00+00:00
[2024-12-21T19:00:13.693+0000] {processor.py:183} INFO - Processing /home/airflow/.local/lib/python3.12/site-packages/airflow/example_dags/example_nested_branch_dag.py took 0.101 seconds
[2024-12-21T19:00:43.918+0000] {processor.py:161} INFO - Started process (PID=423) to work on /home/airflow/.local/lib/python3.12/site-packages/airflow/example_dags/example_nested_branch_dag.py
[2024-12-21T19:00:43.920+0000] {processor.py:830} INFO - Processing file /home/airflow/.local/lib/python3.12/site-packages/airflow/example_dags/example_nested_branch_dag.py for tasks to queue
[2024-12-21T19:00:43.923+0000] {logging_mixin.py:188} INFO - [2024-12-21T19:00:43.923+0000] {dagbag.py:545} INFO - Filling up the DagBag from /home/airflow/.local/lib/python3.12/site-packages/airflow/example_dags/example_nested_branch_dag.py
[2024-12-21T19:00:43.939+0000] {processor.py:840} INFO - DAG(s) 'example_nested_branch_dag' retrieved from /home/airflow/.local/lib/python3.12/site-packages/airflow/example_dags/example_nested_branch_dag.py
[2024-12-21T19:00:43.976+0000] {logging_mixin.py:188} INFO - [2024-12-21T19:00:43.976+0000] {dag.py:3096} INFO - Sync 1 DAGs
[2024-12-21T19:00:44.009+0000] {logging_mixin.py:188} INFO - [2024-12-21T19:00:44.009+0000] {dag.py:3954} INFO - Setting next_dagrun for example_nested_branch_dag to 2024-12-20 00:00:00+00:00, run_after=2024-12-21 00:00:00+00:00
[2024-12-21T19:00:44.039+0000] {processor.py:183} INFO - Processing /home/airflow/.local/lib/python3.12/site-packages/airflow/example_dags/example_nested_branch_dag.py took 0.129 seconds
[2024-12-21T19:01:14.193+0000] {processor.py:161} INFO - Started process (PID=481) to work on /home/airflow/.local/lib/python3.12/site-packages/airflow/example_dags/example_nested_branch_dag.py
[2024-12-21T19:01:14.195+0000] {processor.py:830} INFO - Processing file /home/airflow/.local/lib/python3.12/site-packages/airflow/example_dags/example_nested_branch_dag.py for tasks to queue
[2024-12-21T19:01:14.198+0000] {logging_mixin.py:188} INFO - [2024-12-21T19:01:14.197+0000] {dagbag.py:545} INFO - Filling up the DagBag from /home/airflow/.local/lib/python3.12/site-packages/airflow/example_dags/example_nested_branch_dag.py
[2024-12-21T19:01:14.210+0000] {processor.py:840} INFO - DAG(s) 'example_nested_branch_dag' retrieved from /home/airflow/.local/lib/python3.12/site-packages/airflow/example_dags/example_nested_branch_dag.py
[2024-12-21T19:01:14.236+0000] {logging_mixin.py:188} INFO - [2024-12-21T19:01:14.235+0000] {dag.py:3096} INFO - Sync 1 DAGs
[2024-12-21T19:01:14.262+0000] {logging_mixin.py:188} INFO - [2024-12-21T19:01:14.261+0000] {dag.py:3954} INFO - Setting next_dagrun for example_nested_branch_dag to 2024-12-20 00:00:00+00:00, run_after=2024-12-21 00:00:00+00:00
[2024-12-21T19:01:14.288+0000] {processor.py:183} INFO - Processing /home/airflow/.local/lib/python3.12/site-packages/airflow/example_dags/example_nested_branch_dag.py took 0.101 seconds
[2024-12-21T19:01:44.955+0000] {processor.py:161} INFO - Started process (PID=539) to work on /home/airflow/.local/lib/python3.12/site-packages/airflow/example_dags/example_nested_branch_dag.py
[2024-12-21T19:01:44.957+0000] {processor.py:830} INFO - Processing file /home/airflow/.local/lib/python3.12/site-packages/airflow/example_dags/example_nested_branch_dag.py for tasks to queue
[2024-12-21T19:01:44.961+0000] {logging_mixin.py:188} INFO - [2024-12-21T19:01:44.960+0000] {dagbag.py:545} INFO - Filling up the DagBag from /home/airflow/.local/lib/python3.12/site-packages/airflow/example_dags/example_nested_branch_dag.py
[2024-12-21T19:01:44.976+0000] {processor.py:840} INFO - DAG(s) 'example_nested_branch_dag' retrieved from /home/airflow/.local/lib/python3.12/site-packages/airflow/example_dags/example_nested_branch_dag.py
[2024-12-21T19:01:45.009+0000] {logging_mixin.py:188} INFO - [2024-12-21T19:01:45.008+0000] {dag.py:3096} INFO - Sync 1 DAGs
[2024-12-21T19:01:45.048+0000] {logging_mixin.py:188} INFO - [2024-12-21T19:01:45.048+0000] {dag.py:3954} INFO - Setting next_dagrun for example_nested_branch_dag to 2024-12-20 00:00:00+00:00, run_after=2024-12-21 00:00:00+00:00
[2024-12-21T19:01:45.086+0000] {processor.py:183} INFO - Processing /home/airflow/.local/lib/python3.12/site-packages/airflow/example_dags/example_nested_branch_dag.py took 0.140 seconds
[2024-12-21T19:02:15.154+0000] {processor.py:161} INFO - Started process (PID=598) to work on /home/airflow/.local/lib/python3.12/site-packages/airflow/example_dags/example_nested_branch_dag.py
[2024-12-21T19:02:15.155+0000] {processor.py:830} INFO - Processing file /home/airflow/.local/lib/python3.12/site-packages/airflow/example_dags/example_nested_branch_dag.py for tasks to queue
[2024-12-21T19:02:15.157+0000] {logging_mixin.py:188} INFO - [2024-12-21T19:02:15.157+0000] {dagbag.py:545} INFO - Filling up the DagBag from /home/airflow/.local/lib/python3.12/site-packages/airflow/example_dags/example_nested_branch_dag.py
[2024-12-21T19:02:15.168+0000] {processor.py:840} INFO - DAG(s) 'example_nested_branch_dag' retrieved from /home/airflow/.local/lib/python3.12/site-packages/airflow/example_dags/example_nested_branch_dag.py
[2024-12-21T19:02:15.194+0000] {logging_mixin.py:188} INFO - [2024-12-21T19:02:15.194+0000] {dag.py:3096} INFO - Sync 1 DAGs
[2024-12-21T19:02:15.218+0000] {logging_mixin.py:188} INFO - [2024-12-21T19:02:15.218+0000] {dag.py:3954} INFO - Setting next_dagrun for example_nested_branch_dag to 2024-12-20 00:00:00+00:00, run_after=2024-12-21 00:00:00+00:00
[2024-12-21T19:02:15.243+0000] {processor.py:183} INFO - Processing /home/airflow/.local/lib/python3.12/site-packages/airflow/example_dags/example_nested_branch_dag.py took 0.094 seconds
[2024-12-21T19:02:45.581+0000] {processor.py:161} INFO - Started process (PID=655) to work on /home/airflow/.local/lib/python3.12/site-packages/airflow/example_dags/example_nested_branch_dag.py
[2024-12-21T19:02:45.583+0000] {processor.py:830} INFO - Processing file /home/airflow/.local/lib/python3.12/site-packages/airflow/example_dags/example_nested_branch_dag.py for tasks to queue
[2024-12-21T19:02:45.586+0000] {logging_mixin.py:188} INFO - [2024-12-21T19:02:45.585+0000] {dagbag.py:545} INFO - Filling up the DagBag from /home/airflow/.local/lib/python3.12/site-packages/airflow/example_dags/example_nested_branch_dag.py
[2024-12-21T19:02:45.604+0000] {processor.py:840} INFO - DAG(s) 'example_nested_branch_dag' retrieved from /home/airflow/.local/lib/python3.12/site-packages/airflow/example_dags/example_nested_branch_dag.py
[2024-12-21T19:02:45.643+0000] {logging_mixin.py:188} INFO - [2024-12-21T19:02:45.643+0000] {dag.py:3096} INFO - Sync 1 DAGs
[2024-12-21T19:02:45.687+0000] {logging_mixin.py:188} INFO - [2024-12-21T19:02:45.686+0000] {dag.py:3954} INFO - Setting next_dagrun for example_nested_branch_dag to 2024-12-20 00:00:00+00:00, run_after=2024-12-21 00:00:00+00:00
[2024-12-21T19:02:45.722+0000] {processor.py:183} INFO - Processing /home/airflow/.local/lib/python3.12/site-packages/airflow/example_dags/example_nested_branch_dag.py took 0.150 seconds
[2024-12-21T19:03:16.063+0000] {processor.py:161} INFO - Started process (PID=713) to work on /home/airflow/.local/lib/python3.12/site-packages/airflow/example_dags/example_nested_branch_dag.py
[2024-12-21T19:03:16.064+0000] {processor.py:830} INFO - Processing file /home/airflow/.local/lib/python3.12/site-packages/airflow/example_dags/example_nested_branch_dag.py for tasks to queue
[2024-12-21T19:03:16.067+0000] {logging_mixin.py:188} INFO - [2024-12-21T19:03:16.067+0000] {dagbag.py:545} INFO - Filling up the DagBag from /home/airflow/.local/lib/python3.12/site-packages/airflow/example_dags/example_nested_branch_dag.py
[2024-12-21T19:03:16.076+0000] {processor.py:840} INFO - DAG(s) 'example_nested_branch_dag' retrieved from /home/airflow/.local/lib/python3.12/site-packages/airflow/example_dags/example_nested_branch_dag.py
[2024-12-21T19:03:16.101+0000] {logging_mixin.py:188} INFO - [2024-12-21T19:03:16.101+0000] {dag.py:3096} INFO - Sync 1 DAGs
[2024-12-21T19:03:16.126+0000] {logging_mixin.py:188} INFO - [2024-12-21T19:03:16.126+0000] {dag.py:3954} INFO - Setting next_dagrun for example_nested_branch_dag to 2024-12-20 00:00:00+00:00, run_after=2024-12-21 00:00:00+00:00
[2024-12-21T19:03:16.150+0000] {processor.py:183} INFO - Processing /home/airflow/.local/lib/python3.12/site-packages/airflow/example_dags/example_nested_branch_dag.py took 0.092 seconds
[2024-12-21T19:03:46.331+0000] {processor.py:161} INFO - Started process (PID=771) to work on /home/airflow/.local/lib/python3.12/site-packages/airflow/example_dags/example_nested_branch_dag.py
[2024-12-21T19:03:46.404+0000] {processor.py:830} INFO - Processing file /home/airflow/.local/lib/python3.12/site-packages/airflow/example_dags/example_nested_branch_dag.py for tasks to queue
[2024-12-21T19:03:46.407+0000] {logging_mixin.py:188} INFO - [2024-12-21T19:03:46.406+0000] {dagbag.py:545} INFO - Filling up the DagBag from /home/airflow/.local/lib/python3.12/site-packages/airflow/example_dags/example_nested_branch_dag.py
[2024-12-21T19:03:46.419+0000] {processor.py:840} INFO - DAG(s) 'example_nested_branch_dag' retrieved from /home/airflow/.local/lib/python3.12/site-packages/airflow/example_dags/example_nested_branch_dag.py
[2024-12-21T19:03:46.445+0000] {logging_mixin.py:188} INFO - [2024-12-21T19:03:46.445+0000] {dag.py:3096} INFO - Sync 1 DAGs
[2024-12-21T19:03:46.475+0000] {logging_mixin.py:188} INFO - [2024-12-21T19:03:46.475+0000] {dag.py:3954} INFO - Setting next_dagrun for example_nested_branch_dag to 2024-12-20 00:00:00+00:00, run_after=2024-12-21 00:00:00+00:00
[2024-12-21T19:03:46.501+0000] {processor.py:183} INFO - Processing /home/airflow/.local/lib/python3.12/site-packages/airflow/example_dags/example_nested_branch_dag.py took 0.178 seconds
[2024-12-21T19:04:16.605+0000] {processor.py:161} INFO - Started process (PID=829) to work on /home/airflow/.local/lib/python3.12/site-packages/airflow/example_dags/example_nested_branch_dag.py
[2024-12-21T19:04:16.606+0000] {processor.py:830} INFO - Processing file /home/airflow/.local/lib/python3.12/site-packages/airflow/example_dags/example_nested_branch_dag.py for tasks to queue
[2024-12-21T19:04:16.608+0000] {logging_mixin.py:188} INFO - [2024-12-21T19:04:16.608+0000] {dagbag.py:545} INFO - Filling up the DagBag from /home/airflow/.local/lib/python3.12/site-packages/airflow/example_dags/example_nested_branch_dag.py
[2024-12-21T19:04:16.620+0000] {processor.py:840} INFO - DAG(s) 'example_nested_branch_dag' retrieved from /home/airflow/.local/lib/python3.12/site-packages/airflow/example_dags/example_nested_branch_dag.py
[2024-12-21T19:04:16.654+0000] {logging_mixin.py:188} INFO - [2024-12-21T19:04:16.653+0000] {dag.py:3096} INFO - Sync 1 DAGs
[2024-12-21T19:04:16.702+0000] {logging_mixin.py:188} INFO - [2024-12-21T19:04:16.701+0000] {dag.py:3954} INFO - Setting next_dagrun for example_nested_branch_dag to 2024-12-20 00:00:00+00:00, run_after=2024-12-21 00:00:00+00:00
[2024-12-21T19:04:16.759+0000] {processor.py:183} INFO - Processing /home/airflow/.local/lib/python3.12/site-packages/airflow/example_dags/example_nested_branch_dag.py took 0.159 seconds
[2024-12-21T19:04:46.866+0000] {processor.py:161} INFO - Started process (PID=887) to work on /home/airflow/.local/lib/python3.12/site-packages/airflow/example_dags/example_nested_branch_dag.py
[2024-12-21T19:04:46.868+0000] {processor.py:830} INFO - Processing file /home/airflow/.local/lib/python3.12/site-packages/airflow/example_dags/example_nested_branch_dag.py for tasks to queue
[2024-12-21T19:04:46.871+0000] {logging_mixin.py:188} INFO - [2024-12-21T19:04:46.870+0000] {dagbag.py:545} INFO - Filling up the DagBag from /home/airflow/.local/lib/python3.12/site-packages/airflow/example_dags/example_nested_branch_dag.py
[2024-12-21T19:04:46.887+0000] {processor.py:840} INFO - DAG(s) 'example_nested_branch_dag' retrieved from /home/airflow/.local/lib/python3.12/site-packages/airflow/example_dags/example_nested_branch_dag.py
[2024-12-21T19:04:46.927+0000] {logging_mixin.py:188} INFO - [2024-12-21T19:04:46.926+0000] {dag.py:3096} INFO - Sync 1 DAGs
[2024-12-21T19:04:46.966+0000] {logging_mixin.py:188} INFO - [2024-12-21T19:04:46.965+0000] {dag.py:3954} INFO - Setting next_dagrun for example_nested_branch_dag to 2024-12-20 00:00:00+00:00, run_after=2024-12-21 00:00:00+00:00
[2024-12-21T19:04:47.009+0000] {processor.py:183} INFO - Processing /home/airflow/.local/lib/python3.12/site-packages/airflow/example_dags/example_nested_branch_dag.py took 0.154 seconds
[2024-12-21T19:05:17.500+0000] {processor.py:161} INFO - Started process (PID=945) to work on /home/airflow/.local/lib/python3.12/site-packages/airflow/example_dags/example_nested_branch_dag.py
[2024-12-21T19:05:17.502+0000] {processor.py:830} INFO - Processing file /home/airflow/.local/lib/python3.12/site-packages/airflow/example_dags/example_nested_branch_dag.py for tasks to queue
[2024-12-21T19:05:17.506+0000] {logging_mixin.py:188} INFO - [2024-12-21T19:05:17.505+0000] {dagbag.py:545} INFO - Filling up the DagBag from /home/airflow/.local/lib/python3.12/site-packages/airflow/example_dags/example_nested_branch_dag.py
[2024-12-21T19:05:17.520+0000] {processor.py:840} INFO - DAG(s) 'example_nested_branch_dag' retrieved from /home/airflow/.local/lib/python3.12/site-packages/airflow/example_dags/example_nested_branch_dag.py
[2024-12-21T19:05:17.548+0000] {logging_mixin.py:188} INFO - [2024-12-21T19:05:17.548+0000] {dag.py:3096} INFO - Sync 1 DAGs
[2024-12-21T19:05:17.573+0000] {logging_mixin.py:188} INFO - [2024-12-21T19:05:17.573+0000] {dag.py:3954} INFO - Setting next_dagrun for example_nested_branch_dag to 2024-12-20 00:00:00+00:00, run_after=2024-12-21 00:00:00+00:00
[2024-12-21T19:05:17.599+0000] {processor.py:183} INFO - Processing /home/airflow/.local/lib/python3.12/site-packages/airflow/example_dags/example_nested_branch_dag.py took 0.109 seconds
[2024-12-21T19:05:47.666+0000] {processor.py:161} INFO - Started process (PID=1003) to work on /home/airflow/.local/lib/python3.12/site-packages/airflow/example_dags/example_nested_branch_dag.py
[2024-12-21T19:05:47.667+0000] {processor.py:830} INFO - Processing file /home/airflow/.local/lib/python3.12/site-packages/airflow/example_dags/example_nested_branch_dag.py for tasks to queue
[2024-12-21T19:05:47.669+0000] {logging_mixin.py:188} INFO - [2024-12-21T19:05:47.669+0000] {dagbag.py:545} INFO - Filling up the DagBag from /home/airflow/.local/lib/python3.12/site-packages/airflow/example_dags/example_nested_branch_dag.py
[2024-12-21T19:05:47.679+0000] {processor.py:840} INFO - DAG(s) 'example_nested_branch_dag' retrieved from /home/airflow/.local/lib/python3.12/site-packages/airflow/example_dags/example_nested_branch_dag.py
[2024-12-21T19:05:47.703+0000] {logging_mixin.py:188} INFO - [2024-12-21T19:05:47.702+0000] {dag.py:3096} INFO - Sync 1 DAGs
[2024-12-21T19:05:47.728+0000] {logging_mixin.py:188} INFO - [2024-12-21T19:05:47.727+0000] {dag.py:3954} INFO - Setting next_dagrun for example_nested_branch_dag to 2024-12-20 00:00:00+00:00, run_after=2024-12-21 00:00:00+00:00
[2024-12-21T19:05:47.754+0000] {processor.py:183} INFO - Processing /home/airflow/.local/lib/python3.12/site-packages/airflow/example_dags/example_nested_branch_dag.py took 0.094 seconds
[2024-12-21T19:06:18.182+0000] {processor.py:161} INFO - Started process (PID=1061) to work on /home/airflow/.local/lib/python3.12/site-packages/airflow/example_dags/example_nested_branch_dag.py
[2024-12-21T19:06:18.185+0000] {processor.py:830} INFO - Processing file /home/airflow/.local/lib/python3.12/site-packages/airflow/example_dags/example_nested_branch_dag.py for tasks to queue
[2024-12-21T19:06:18.191+0000] {logging_mixin.py:188} INFO - [2024-12-21T19:06:18.190+0000] {dagbag.py:545} INFO - Filling up the DagBag from /home/airflow/.local/lib/python3.12/site-packages/airflow/example_dags/example_nested_branch_dag.py
[2024-12-21T19:06:18.208+0000] {processor.py:840} INFO - DAG(s) 'example_nested_branch_dag' retrieved from /home/airflow/.local/lib/python3.12/site-packages/airflow/example_dags/example_nested_branch_dag.py
[2024-12-21T19:06:18.249+0000] {logging_mixin.py:188} INFO - [2024-12-21T19:06:18.248+0000] {dag.py:3096} INFO - Sync 1 DAGs
[2024-12-21T19:06:18.296+0000] {logging_mixin.py:188} INFO - [2024-12-21T19:06:18.296+0000] {dag.py:3954} INFO - Setting next_dagrun for example_nested_branch_dag to 2024-12-20 00:00:00+00:00, run_after=2024-12-21 00:00:00+00:00
[2024-12-21T19:06:18.339+0000] {processor.py:183} INFO - Processing /home/airflow/.local/lib/python3.12/site-packages/airflow/example_dags/example_nested_branch_dag.py took 0.165 seconds
[2024-12-21T19:06:48.527+0000] {processor.py:161} INFO - Started process (PID=1119) to work on /home/airflow/.local/lib/python3.12/site-packages/airflow/example_dags/example_nested_branch_dag.py
[2024-12-21T19:06:48.529+0000] {processor.py:830} INFO - Processing file /home/airflow/.local/lib/python3.12/site-packages/airflow/example_dags/example_nested_branch_dag.py for tasks to queue
[2024-12-21T19:06:48.532+0000] {logging_mixin.py:188} INFO - [2024-12-21T19:06:48.531+0000] {dagbag.py:545} INFO - Filling up the DagBag from /home/airflow/.local/lib/python3.12/site-packages/airflow/example_dags/example_nested_branch_dag.py
[2024-12-21T19:06:48.550+0000] {processor.py:840} INFO - DAG(s) 'example_nested_branch_dag' retrieved from /home/airflow/.local/lib/python3.12/site-packages/airflow/example_dags/example_nested_branch_dag.py
[2024-12-21T19:06:48.594+0000] {logging_mixin.py:188} INFO - [2024-12-21T19:06:48.593+0000] {dag.py:3096} INFO - Sync 1 DAGs
[2024-12-21T19:06:48.636+0000] {logging_mixin.py:188} INFO - [2024-12-21T19:06:48.635+0000] {dag.py:3954} INFO - Setting next_dagrun for example_nested_branch_dag to 2024-12-20 00:00:00+00:00, run_after=2024-12-21 00:00:00+00:00
[2024-12-21T19:06:48.675+0000] {processor.py:183} INFO - Processing /home/airflow/.local/lib/python3.12/site-packages/airflow/example_dags/example_nested_branch_dag.py took 0.159 seconds
[2024-12-21T19:07:19.142+0000] {processor.py:161} INFO - Started process (PID=1177) to work on /home/airflow/.local/lib/python3.12/site-packages/airflow/example_dags/example_nested_branch_dag.py
[2024-12-21T19:07:19.143+0000] {processor.py:830} INFO - Processing file /home/airflow/.local/lib/python3.12/site-packages/airflow/example_dags/example_nested_branch_dag.py for tasks to queue
[2024-12-21T19:07:19.146+0000] {logging_mixin.py:188} INFO - [2024-12-21T19:07:19.145+0000] {dagbag.py:545} INFO - Filling up the DagBag from /home/airflow/.local/lib/python3.12/site-packages/airflow/example_dags/example_nested_branch_dag.py
[2024-12-21T19:07:19.165+0000] {processor.py:840} INFO - DAG(s) 'example_nested_branch_dag' retrieved from /home/airflow/.local/lib/python3.12/site-packages/airflow/example_dags/example_nested_branch_dag.py
[2024-12-21T19:07:19.203+0000] {logging_mixin.py:188} INFO - [2024-12-21T19:07:19.203+0000] {dag.py:3096} INFO - Sync 1 DAGs
[2024-12-21T19:07:19.243+0000] {logging_mixin.py:188} INFO - [2024-12-21T19:07:19.243+0000] {dag.py:3954} INFO - Setting next_dagrun for example_nested_branch_dag to 2024-12-20 00:00:00+00:00, run_after=2024-12-21 00:00:00+00:00
[2024-12-21T19:07:19.288+0000] {processor.py:183} INFO - Processing /home/airflow/.local/lib/python3.12/site-packages/airflow/example_dags/example_nested_branch_dag.py took 0.153 seconds
[2024-12-21T19:07:50.137+0000] {processor.py:161} INFO - Started process (PID=1235) to work on /home/airflow/.local/lib/python3.12/site-packages/airflow/example_dags/example_nested_branch_dag.py
[2024-12-21T19:07:50.138+0000] {processor.py:830} INFO - Processing file /home/airflow/.local/lib/python3.12/site-packages/airflow/example_dags/example_nested_branch_dag.py for tasks to queue
[2024-12-21T19:07:50.141+0000] {logging_mixin.py:188} INFO - [2024-12-21T19:07:50.140+0000] {dagbag.py:545} INFO - Filling up the DagBag from /home/airflow/.local/lib/python3.12/site-packages/airflow/example_dags/example_nested_branch_dag.py
[2024-12-21T19:07:50.155+0000] {processor.py:840} INFO - DAG(s) 'example_nested_branch_dag' retrieved from /home/airflow/.local/lib/python3.12/site-packages/airflow/example_dags/example_nested_branch_dag.py
[2024-12-21T19:07:50.189+0000] {logging_mixin.py:188} INFO - [2024-12-21T19:07:50.189+0000] {dag.py:3096} INFO - Sync 1 DAGs
[2024-12-21T19:07:50.229+0000] {logging_mixin.py:188} INFO - [2024-12-21T19:07:50.229+0000] {dag.py:3954} INFO - Setting next_dagrun for example_nested_branch_dag to 2024-12-20 00:00:00+00:00, run_after=2024-12-21 00:00:00+00:00
[2024-12-21T19:07:50.267+0000] {processor.py:183} INFO - Processing /home/airflow/.local/lib/python3.12/site-packages/airflow/example_dags/example_nested_branch_dag.py took 0.138 seconds
[2024-12-21T19:08:21.059+0000] {processor.py:161} INFO - Started process (PID=1293) to work on /home/airflow/.local/lib/python3.12/site-packages/airflow/example_dags/example_nested_branch_dag.py
[2024-12-21T19:08:21.061+0000] {processor.py:830} INFO - Processing file /home/airflow/.local/lib/python3.12/site-packages/airflow/example_dags/example_nested_branch_dag.py for tasks to queue
[2024-12-21T19:08:21.063+0000] {logging_mixin.py:188} INFO - [2024-12-21T19:08:21.062+0000] {dagbag.py:545} INFO - Filling up the DagBag from /home/airflow/.local/lib/python3.12/site-packages/airflow/example_dags/example_nested_branch_dag.py
[2024-12-21T19:08:21.073+0000] {processor.py:840} INFO - DAG(s) 'example_nested_branch_dag' retrieved from /home/airflow/.local/lib/python3.12/site-packages/airflow/example_dags/example_nested_branch_dag.py
[2024-12-21T19:08:21.099+0000] {logging_mixin.py:188} INFO - [2024-12-21T19:08:21.099+0000] {dag.py:3096} INFO - Sync 1 DAGs
[2024-12-21T19:08:21.123+0000] {logging_mixin.py:188} INFO - [2024-12-21T19:08:21.123+0000] {dag.py:3954} INFO - Setting next_dagrun for example_nested_branch_dag to 2024-12-20 00:00:00+00:00, run_after=2024-12-21 00:00:00+00:00
[2024-12-21T19:08:21.150+0000] {processor.py:183} INFO - Processing /home/airflow/.local/lib/python3.12/site-packages/airflow/example_dags/example_nested_branch_dag.py took 0.096 seconds
[2024-12-21T19:08:51.299+0000] {processor.py:161} INFO - Started process (PID=1351) to work on /home/airflow/.local/lib/python3.12/site-packages/airflow/example_dags/example_nested_branch_dag.py
[2024-12-21T19:08:51.301+0000] {processor.py:830} INFO - Processing file /home/airflow/.local/lib/python3.12/site-packages/airflow/example_dags/example_nested_branch_dag.py for tasks to queue
[2024-12-21T19:08:51.305+0000] {logging_mixin.py:188} INFO - [2024-12-21T19:08:51.304+0000] {dagbag.py:545} INFO - Filling up the DagBag from /home/airflow/.local/lib/python3.12/site-packages/airflow/example_dags/example_nested_branch_dag.py
[2024-12-21T19:08:51.320+0000] {processor.py:840} INFO - DAG(s) 'example_nested_branch_dag' retrieved from /home/airflow/.local/lib/python3.12/site-packages/airflow/example_dags/example_nested_branch_dag.py
[2024-12-21T19:08:51.349+0000] {logging_mixin.py:188} INFO - [2024-12-21T19:08:51.349+0000] {dag.py:3096} INFO - Sync 1 DAGs
[2024-12-21T19:08:51.390+0000] {logging_mixin.py:188} INFO - [2024-12-21T19:08:51.390+0000] {dag.py:3954} INFO - Setting next_dagrun for example_nested_branch_dag to 2024-12-20 00:00:00+00:00, run_after=2024-12-21 00:00:00+00:00
[2024-12-21T19:08:51.424+0000] {processor.py:183} INFO - Processing /home/airflow/.local/lib/python3.12/site-packages/airflow/example_dags/example_nested_branch_dag.py took 0.133 seconds
[2024-12-21T19:09:21.505+0000] {processor.py:161} INFO - Started process (PID=1409) to work on /home/airflow/.local/lib/python3.12/site-packages/airflow/example_dags/example_nested_branch_dag.py
[2024-12-21T19:09:21.506+0000] {processor.py:830} INFO - Processing file /home/airflow/.local/lib/python3.12/site-packages/airflow/example_dags/example_nested_branch_dag.py for tasks to queue
[2024-12-21T19:09:21.509+0000] {logging_mixin.py:188} INFO - [2024-12-21T19:09:21.508+0000] {dagbag.py:545} INFO - Filling up the DagBag from /home/airflow/.local/lib/python3.12/site-packages/airflow/example_dags/example_nested_branch_dag.py
[2024-12-21T19:09:21.520+0000] {processor.py:840} INFO - DAG(s) 'example_nested_branch_dag' retrieved from /home/airflow/.local/lib/python3.12/site-packages/airflow/example_dags/example_nested_branch_dag.py
[2024-12-21T19:09:21.545+0000] {logging_mixin.py:188} INFO - [2024-12-21T19:09:21.545+0000] {dag.py:3096} INFO - Sync 1 DAGs
[2024-12-21T19:09:21.571+0000] {logging_mixin.py:188} INFO - [2024-12-21T19:09:21.570+0000] {dag.py:3954} INFO - Setting next_dagrun for example_nested_branch_dag to 2024-12-20 00:00:00+00:00, run_after=2024-12-21 00:00:00+00:00
[2024-12-21T19:09:21.597+0000] {processor.py:183} INFO - Processing /home/airflow/.local/lib/python3.12/site-packages/airflow/example_dags/example_nested_branch_dag.py took 0.097 seconds
[2024-12-21T19:09:52.159+0000] {processor.py:161} INFO - Started process (PID=1467) to work on /home/airflow/.local/lib/python3.12/site-packages/airflow/example_dags/example_nested_branch_dag.py
[2024-12-21T19:09:52.161+0000] {processor.py:830} INFO - Processing file /home/airflow/.local/lib/python3.12/site-packages/airflow/example_dags/example_nested_branch_dag.py for tasks to queue
[2024-12-21T19:09:52.165+0000] {logging_mixin.py:188} INFO - [2024-12-21T19:09:52.164+0000] {dagbag.py:545} INFO - Filling up the DagBag from /home/airflow/.local/lib/python3.12/site-packages/airflow/example_dags/example_nested_branch_dag.py
[2024-12-21T19:09:52.180+0000] {processor.py:840} INFO - DAG(s) 'example_nested_branch_dag' retrieved from /home/airflow/.local/lib/python3.12/site-packages/airflow/example_dags/example_nested_branch_dag.py
[2024-12-21T19:09:52.211+0000] {logging_mixin.py:188} INFO - [2024-12-21T19:09:52.211+0000] {dag.py:3096} INFO - Sync 1 DAGs
[2024-12-21T19:09:52.247+0000] {logging_mixin.py:188} INFO - [2024-12-21T19:09:52.246+0000] {dag.py:3954} INFO - Setting next_dagrun for example_nested_branch_dag to 2024-12-20 00:00:00+00:00, run_after=2024-12-21 00:00:00+00:00
[2024-12-21T19:09:52.277+0000] {processor.py:183} INFO - Processing /home/airflow/.local/lib/python3.12/site-packages/airflow/example_dags/example_nested_branch_dag.py took 0.126 seconds
[2024-12-21T19:10:22.510+0000] {processor.py:161} INFO - Started process (PID=1525) to work on /home/airflow/.local/lib/python3.12/site-packages/airflow/example_dags/example_nested_branch_dag.py
[2024-12-21T19:10:22.512+0000] {processor.py:830} INFO - Processing file /home/airflow/.local/lib/python3.12/site-packages/airflow/example_dags/example_nested_branch_dag.py for tasks to queue
[2024-12-21T19:10:22.514+0000] {logging_mixin.py:188} INFO - [2024-12-21T19:10:22.514+0000] {dagbag.py:545} INFO - Filling up the DagBag from /home/airflow/.local/lib/python3.12/site-packages/airflow/example_dags/example_nested_branch_dag.py
[2024-12-21T19:10:22.525+0000] {processor.py:840} INFO - DAG(s) 'example_nested_branch_dag' retrieved from /home/airflow/.local/lib/python3.12/site-packages/airflow/example_dags/example_nested_branch_dag.py
[2024-12-21T19:10:22.550+0000] {logging_mixin.py:188} INFO - [2024-12-21T19:10:22.550+0000] {dag.py:3096} INFO - Sync 1 DAGs
[2024-12-21T19:10:22.575+0000] {logging_mixin.py:188} INFO - [2024-12-21T19:10:22.575+0000] {dag.py:3954} INFO - Setting next_dagrun for example_nested_branch_dag to 2024-12-20 00:00:00+00:00, run_after=2024-12-21 00:00:00+00:00
[2024-12-21T19:10:22.600+0000] {processor.py:183} INFO - Processing /home/airflow/.local/lib/python3.12/site-packages/airflow/example_dags/example_nested_branch_dag.py took 0.096 seconds
[2024-12-21T19:10:52.777+0000] {processor.py:161} INFO - Started process (PID=1583) to work on /home/airflow/.local/lib/python3.12/site-packages/airflow/example_dags/example_nested_branch_dag.py
[2024-12-21T19:10:52.779+0000] {processor.py:830} INFO - Processing file /home/airflow/.local/lib/python3.12/site-packages/airflow/example_dags/example_nested_branch_dag.py for tasks to queue
[2024-12-21T19:10:52.781+0000] {logging_mixin.py:188} INFO - [2024-12-21T19:10:52.781+0000] {dagbag.py:545} INFO - Filling up the DagBag from /home/airflow/.local/lib/python3.12/site-packages/airflow/example_dags/example_nested_branch_dag.py
[2024-12-21T19:10:52.795+0000] {processor.py:840} INFO - DAG(s) 'example_nested_branch_dag' retrieved from /home/airflow/.local/lib/python3.12/site-packages/airflow/example_dags/example_nested_branch_dag.py
[2024-12-21T19:10:52.838+0000] {logging_mixin.py:188} INFO - [2024-12-21T19:10:52.837+0000] {dag.py:3096} INFO - Sync 1 DAGs
[2024-12-21T19:10:52.909+0000] {logging_mixin.py:188} INFO - [2024-12-21T19:10:52.908+0000] {dag.py:3954} INFO - Setting next_dagrun for example_nested_branch_dag to 2024-12-20 00:00:00+00:00, run_after=2024-12-21 00:00:00+00:00
[2024-12-21T19:10:52.981+0000] {processor.py:183} INFO - Processing /home/airflow/.local/lib/python3.12/site-packages/airflow/example_dags/example_nested_branch_dag.py took 0.212 seconds
[2024-12-21T19:11:23.224+0000] {processor.py:161} INFO - Started process (PID=1641) to work on /home/airflow/.local/lib/python3.12/site-packages/airflow/example_dags/example_nested_branch_dag.py
[2024-12-21T19:11:23.226+0000] {processor.py:830} INFO - Processing file /home/airflow/.local/lib/python3.12/site-packages/airflow/example_dags/example_nested_branch_dag.py for tasks to queue
[2024-12-21T19:11:23.228+0000] {logging_mixin.py:188} INFO - [2024-12-21T19:11:23.227+0000] {dagbag.py:545} INFO - Filling up the DagBag from /home/airflow/.local/lib/python3.12/site-packages/airflow/example_dags/example_nested_branch_dag.py
[2024-12-21T19:11:23.237+0000] {processor.py:840} INFO - DAG(s) 'example_nested_branch_dag' retrieved from /home/airflow/.local/lib/python3.12/site-packages/airflow/example_dags/example_nested_branch_dag.py
[2024-12-21T19:11:23.265+0000] {logging_mixin.py:188} INFO - [2024-12-21T19:11:23.265+0000] {dag.py:3096} INFO - Sync 1 DAGs
[2024-12-21T19:11:23.290+0000] {logging_mixin.py:188} INFO - [2024-12-21T19:11:23.290+0000] {dag.py:3954} INFO - Setting next_dagrun for example_nested_branch_dag to 2024-12-20 00:00:00+00:00, run_after=2024-12-21 00:00:00+00:00
[2024-12-21T19:11:23.315+0000] {processor.py:183} INFO - Processing /home/airflow/.local/lib/python3.12/site-packages/airflow/example_dags/example_nested_branch_dag.py took 0.097 seconds
[2024-12-21T19:11:53.768+0000] {processor.py:161} INFO - Started process (PID=1699) to work on /home/airflow/.local/lib/python3.12/site-packages/airflow/example_dags/example_nested_branch_dag.py
[2024-12-21T19:11:53.769+0000] {processor.py:830} INFO - Processing file /home/airflow/.local/lib/python3.12/site-packages/airflow/example_dags/example_nested_branch_dag.py for tasks to queue
[2024-12-21T19:11:53.772+0000] {logging_mixin.py:188} INFO - [2024-12-21T19:11:53.771+0000] {dagbag.py:545} INFO - Filling up the DagBag from /home/airflow/.local/lib/python3.12/site-packages/airflow/example_dags/example_nested_branch_dag.py
[2024-12-21T19:11:53.784+0000] {processor.py:840} INFO - DAG(s) 'example_nested_branch_dag' retrieved from /home/airflow/.local/lib/python3.12/site-packages/airflow/example_dags/example_nested_branch_dag.py
[2024-12-21T19:11:53.811+0000] {logging_mixin.py:188} INFO - [2024-12-21T19:11:53.810+0000] {dag.py:3096} INFO - Sync 1 DAGs
[2024-12-21T19:11:53.838+0000] {logging_mixin.py:188} INFO - [2024-12-21T19:11:53.838+0000] {dag.py:3954} INFO - Setting next_dagrun for example_nested_branch_dag to 2024-12-20 00:00:00+00:00, run_after=2024-12-21 00:00:00+00:00
[2024-12-21T19:11:53.868+0000] {processor.py:183} INFO - Processing /home/airflow/.local/lib/python3.12/site-packages/airflow/example_dags/example_nested_branch_dag.py took 0.107 seconds
[2024-12-21T19:12:24.593+0000] {processor.py:161} INFO - Started process (PID=1756) to work on /home/airflow/.local/lib/python3.12/site-packages/airflow/example_dags/example_nested_branch_dag.py
[2024-12-21T19:12:24.595+0000] {processor.py:830} INFO - Processing file /home/airflow/.local/lib/python3.12/site-packages/airflow/example_dags/example_nested_branch_dag.py for tasks to queue
[2024-12-21T19:12:24.597+0000] {logging_mixin.py:188} INFO - [2024-12-21T19:12:24.597+0000] {dagbag.py:545} INFO - Filling up the DagBag from /home/airflow/.local/lib/python3.12/site-packages/airflow/example_dags/example_nested_branch_dag.py
[2024-12-21T19:12:24.613+0000] {processor.py:840} INFO - DAG(s) 'example_nested_branch_dag' retrieved from /home/airflow/.local/lib/python3.12/site-packages/airflow/example_dags/example_nested_branch_dag.py
[2024-12-21T19:12:24.665+0000] {logging_mixin.py:188} INFO - [2024-12-21T19:12:24.665+0000] {dag.py:3096} INFO - Sync 1 DAGs
[2024-12-21T19:12:24.721+0000] {logging_mixin.py:188} INFO - [2024-12-21T19:12:24.721+0000] {dag.py:3954} INFO - Setting next_dagrun for example_nested_branch_dag to 2024-12-20 00:00:00+00:00, run_after=2024-12-21 00:00:00+00:00
[2024-12-21T19:12:24.766+0000] {processor.py:183} INFO - Processing /home/airflow/.local/lib/python3.12/site-packages/airflow/example_dags/example_nested_branch_dag.py took 0.180 seconds
