[2024-12-21T08:01:24.934+0000] {processor.py:161} INFO - Started process (PID=77) to work on /home/airflow/.local/lib/python3.12/site-packages/airflow/example_dags/example_latest_only_with_trigger.py
[2024-12-21T08:01:24.936+0000] {processor.py:830} INFO - Processing file /home/airflow/.local/lib/python3.12/site-packages/airflow/example_dags/example_latest_only_with_trigger.py for tasks to queue
[2024-12-21T08:01:24.939+0000] {logging_mixin.py:188} INFO - [2024-12-21T08:01:24.939+0000] {dagbag.py:545} INFO - Filling up the DagBag from /home/airflow/.local/lib/python3.12/site-packages/airflow/example_dags/example_latest_only_with_trigger.py
[2024-12-21T08:01:24.952+0000] {processor.py:840} INFO - DAG(s) 'latest_only_with_trigger' retrieved from /home/airflow/.local/lib/python3.12/site-packages/airflow/example_dags/example_latest_only_with_trigger.py
[2024-12-21T08:01:24.987+0000] {logging_mixin.py:188} INFO - [2024-12-21T08:01:24.987+0000] {dag.py:3096} INFO - Sync 1 DAGs
[2024-12-21T08:01:25.023+0000] {logging_mixin.py:188} INFO - [2024-12-21T08:01:25.022+0000] {dag.py:3954} INFO - Setting next_dagrun for latest_only_with_trigger to 2024-12-21 04:00:00+00:00, run_after=2024-12-21 08:00:00+00:00
[2024-12-21T08:01:25.067+0000] {processor.py:183} INFO - Processing /home/airflow/.local/lib/python3.12/site-packages/airflow/example_dags/example_latest_only_with_trigger.py took 0.151 seconds
[2024-12-21T08:01:55.491+0000] {processor.py:161} INFO - Started process (PID=135) to work on /home/airflow/.local/lib/python3.12/site-packages/airflow/example_dags/example_latest_only_with_trigger.py
[2024-12-21T08:01:55.492+0000] {processor.py:830} INFO - Processing file /home/airflow/.local/lib/python3.12/site-packages/airflow/example_dags/example_latest_only_with_trigger.py for tasks to queue
[2024-12-21T08:01:55.495+0000] {logging_mixin.py:188} INFO - [2024-12-21T08:01:55.495+0000] {dagbag.py:545} INFO - Filling up the DagBag from /home/airflow/.local/lib/python3.12/site-packages/airflow/example_dags/example_latest_only_with_trigger.py
[2024-12-21T08:01:55.501+0000] {processor.py:840} INFO - DAG(s) 'latest_only_with_trigger' retrieved from /home/airflow/.local/lib/python3.12/site-packages/airflow/example_dags/example_latest_only_with_trigger.py
[2024-12-21T08:01:55.528+0000] {logging_mixin.py:188} INFO - [2024-12-21T08:01:55.527+0000] {dag.py:3096} INFO - Sync 1 DAGs
[2024-12-21T08:01:55.562+0000] {logging_mixin.py:188} INFO - [2024-12-21T08:01:55.562+0000] {dag.py:3954} INFO - Setting next_dagrun for latest_only_with_trigger to 2024-12-21 04:00:00+00:00, run_after=2024-12-21 08:00:00+00:00
[2024-12-21T08:01:55.589+0000] {processor.py:183} INFO - Processing /home/airflow/.local/lib/python3.12/site-packages/airflow/example_dags/example_latest_only_with_trigger.py took 0.103 seconds
[2024-12-21T08:02:26.539+0000] {processor.py:161} INFO - Started process (PID=193) to work on /home/airflow/.local/lib/python3.12/site-packages/airflow/example_dags/example_latest_only_with_trigger.py
[2024-12-21T08:02:26.540+0000] {processor.py:830} INFO - Processing file /home/airflow/.local/lib/python3.12/site-packages/airflow/example_dags/example_latest_only_with_trigger.py for tasks to queue
[2024-12-21T08:02:26.544+0000] {logging_mixin.py:188} INFO - [2024-12-21T08:02:26.543+0000] {dagbag.py:545} INFO - Filling up the DagBag from /home/airflow/.local/lib/python3.12/site-packages/airflow/example_dags/example_latest_only_with_trigger.py
[2024-12-21T08:02:26.555+0000] {processor.py:840} INFO - DAG(s) 'latest_only_with_trigger' retrieved from /home/airflow/.local/lib/python3.12/site-packages/airflow/example_dags/example_latest_only_with_trigger.py
[2024-12-21T08:02:26.590+0000] {logging_mixin.py:188} INFO - [2024-12-21T08:02:26.589+0000] {dag.py:3096} INFO - Sync 1 DAGs
[2024-12-21T08:02:26.631+0000] {logging_mixin.py:188} INFO - [2024-12-21T08:02:26.631+0000] {dag.py:3954} INFO - Setting next_dagrun for latest_only_with_trigger to 2024-12-21 04:00:00+00:00, run_after=2024-12-21 08:00:00+00:00
[2024-12-21T08:02:26.689+0000] {processor.py:183} INFO - Processing /home/airflow/.local/lib/python3.12/site-packages/airflow/example_dags/example_latest_only_with_trigger.py took 0.158 seconds
[2024-12-21T08:02:57.579+0000] {processor.py:161} INFO - Started process (PID=251) to work on /home/airflow/.local/lib/python3.12/site-packages/airflow/example_dags/example_latest_only_with_trigger.py
[2024-12-21T08:02:57.580+0000] {processor.py:830} INFO - Processing file /home/airflow/.local/lib/python3.12/site-packages/airflow/example_dags/example_latest_only_with_trigger.py for tasks to queue
[2024-12-21T08:02:57.584+0000] {logging_mixin.py:188} INFO - [2024-12-21T08:02:57.583+0000] {dagbag.py:545} INFO - Filling up the DagBag from /home/airflow/.local/lib/python3.12/site-packages/airflow/example_dags/example_latest_only_with_trigger.py
[2024-12-21T08:02:57.590+0000] {processor.py:840} INFO - DAG(s) 'latest_only_with_trigger' retrieved from /home/airflow/.local/lib/python3.12/site-packages/airflow/example_dags/example_latest_only_with_trigger.py
[2024-12-21T08:02:57.621+0000] {logging_mixin.py:188} INFO - [2024-12-21T08:02:57.621+0000] {dag.py:3096} INFO - Sync 1 DAGs
[2024-12-21T08:02:57.651+0000] {logging_mixin.py:188} INFO - [2024-12-21T08:02:57.651+0000] {dag.py:3954} INFO - Setting next_dagrun for latest_only_with_trigger to 2024-12-21 04:00:00+00:00, run_after=2024-12-21 08:00:00+00:00
[2024-12-21T08:02:57.679+0000] {processor.py:183} INFO - Processing /home/airflow/.local/lib/python3.12/site-packages/airflow/example_dags/example_latest_only_with_trigger.py took 0.106 seconds
[2024-12-21T08:03:28.288+0000] {processor.py:161} INFO - Started process (PID=309) to work on /home/airflow/.local/lib/python3.12/site-packages/airflow/example_dags/example_latest_only_with_trigger.py
[2024-12-21T08:03:28.291+0000] {processor.py:830} INFO - Processing file /home/airflow/.local/lib/python3.12/site-packages/airflow/example_dags/example_latest_only_with_trigger.py for tasks to queue
[2024-12-21T08:03:28.295+0000] {logging_mixin.py:188} INFO - [2024-12-21T08:03:28.295+0000] {dagbag.py:545} INFO - Filling up the DagBag from /home/airflow/.local/lib/python3.12/site-packages/airflow/example_dags/example_latest_only_with_trigger.py
[2024-12-21T08:03:28.315+0000] {processor.py:840} INFO - DAG(s) 'latest_only_with_trigger' retrieved from /home/airflow/.local/lib/python3.12/site-packages/airflow/example_dags/example_latest_only_with_trigger.py
[2024-12-21T08:03:28.365+0000] {logging_mixin.py:188} INFO - [2024-12-21T08:03:28.365+0000] {dag.py:3096} INFO - Sync 1 DAGs
[2024-12-21T08:03:28.430+0000] {logging_mixin.py:188} INFO - [2024-12-21T08:03:28.429+0000] {dag.py:3954} INFO - Setting next_dagrun for latest_only_with_trigger to 2024-12-21 04:00:00+00:00, run_after=2024-12-21 08:00:00+00:00
[2024-12-21T08:03:28.476+0000] {processor.py:183} INFO - Processing /home/airflow/.local/lib/python3.12/site-packages/airflow/example_dags/example_latest_only_with_trigger.py took 0.198 seconds
[2024-12-21T08:03:59.422+0000] {processor.py:161} INFO - Started process (PID=367) to work on /home/airflow/.local/lib/python3.12/site-packages/airflow/example_dags/example_latest_only_with_trigger.py
[2024-12-21T08:03:59.423+0000] {processor.py:830} INFO - Processing file /home/airflow/.local/lib/python3.12/site-packages/airflow/example_dags/example_latest_only_with_trigger.py for tasks to queue
[2024-12-21T08:03:59.426+0000] {logging_mixin.py:188} INFO - [2024-12-21T08:03:59.425+0000] {dagbag.py:545} INFO - Filling up the DagBag from /home/airflow/.local/lib/python3.12/site-packages/airflow/example_dags/example_latest_only_with_trigger.py
[2024-12-21T08:03:59.432+0000] {processor.py:840} INFO - DAG(s) 'latest_only_with_trigger' retrieved from /home/airflow/.local/lib/python3.12/site-packages/airflow/example_dags/example_latest_only_with_trigger.py
[2024-12-21T08:03:59.457+0000] {logging_mixin.py:188} INFO - [2024-12-21T08:03:59.457+0000] {dag.py:3096} INFO - Sync 1 DAGs
[2024-12-21T08:03:59.482+0000] {logging_mixin.py:188} INFO - [2024-12-21T08:03:59.482+0000] {dag.py:3954} INFO - Setting next_dagrun for latest_only_with_trigger to 2024-12-21 04:00:00+00:00, run_after=2024-12-21 08:00:00+00:00
[2024-12-21T08:03:59.510+0000] {processor.py:183} INFO - Processing /home/airflow/.local/lib/python3.12/site-packages/airflow/example_dags/example_latest_only_with_trigger.py took 0.093 seconds
[2024-12-21T08:04:29.665+0000] {processor.py:161} INFO - Started process (PID=424) to work on /home/airflow/.local/lib/python3.12/site-packages/airflow/example_dags/example_latest_only_with_trigger.py
[2024-12-21T08:04:29.666+0000] {processor.py:830} INFO - Processing file /home/airflow/.local/lib/python3.12/site-packages/airflow/example_dags/example_latest_only_with_trigger.py for tasks to queue
[2024-12-21T08:04:29.670+0000] {logging_mixin.py:188} INFO - [2024-12-21T08:04:29.670+0000] {dagbag.py:545} INFO - Filling up the DagBag from /home/airflow/.local/lib/python3.12/site-packages/airflow/example_dags/example_latest_only_with_trigger.py
[2024-12-21T08:04:29.678+0000] {processor.py:840} INFO - DAG(s) 'latest_only_with_trigger' retrieved from /home/airflow/.local/lib/python3.12/site-packages/airflow/example_dags/example_latest_only_with_trigger.py
[2024-12-21T08:04:29.713+0000] {logging_mixin.py:188} INFO - [2024-12-21T08:04:29.712+0000] {dag.py:3096} INFO - Sync 1 DAGs
[2024-12-21T08:04:29.753+0000] {logging_mixin.py:188} INFO - [2024-12-21T08:04:29.753+0000] {dag.py:3954} INFO - Setting next_dagrun for latest_only_with_trigger to 2024-12-21 04:00:00+00:00, run_after=2024-12-21 08:00:00+00:00
[2024-12-21T08:04:29.792+0000] {processor.py:183} INFO - Processing /home/airflow/.local/lib/python3.12/site-packages/airflow/example_dags/example_latest_only_with_trigger.py took 0.136 seconds
[2024-12-21T08:04:59.945+0000] {processor.py:161} INFO - Started process (PID=482) to work on /home/airflow/.local/lib/python3.12/site-packages/airflow/example_dags/example_latest_only_with_trigger.py
[2024-12-21T08:04:59.947+0000] {processor.py:830} INFO - Processing file /home/airflow/.local/lib/python3.12/site-packages/airflow/example_dags/example_latest_only_with_trigger.py for tasks to queue
[2024-12-21T08:04:59.949+0000] {logging_mixin.py:188} INFO - [2024-12-21T08:04:59.949+0000] {dagbag.py:545} INFO - Filling up the DagBag from /home/airflow/.local/lib/python3.12/site-packages/airflow/example_dags/example_latest_only_with_trigger.py
[2024-12-21T08:04:59.957+0000] {processor.py:840} INFO - DAG(s) 'latest_only_with_trigger' retrieved from /home/airflow/.local/lib/python3.12/site-packages/airflow/example_dags/example_latest_only_with_trigger.py
[2024-12-21T08:04:59.987+0000] {logging_mixin.py:188} INFO - [2024-12-21T08:04:59.986+0000] {dag.py:3096} INFO - Sync 1 DAGs
[2024-12-21T08:05:00.019+0000] {logging_mixin.py:188} INFO - [2024-12-21T08:05:00.019+0000] {dag.py:3954} INFO - Setting next_dagrun for latest_only_with_trigger to 2024-12-21 04:00:00+00:00, run_after=2024-12-21 08:00:00+00:00
[2024-12-21T08:05:00.047+0000] {processor.py:183} INFO - Processing /home/airflow/.local/lib/python3.12/site-packages/airflow/example_dags/example_latest_only_with_trigger.py took 0.111 seconds
[2024-12-21T18:50:56.511+0000] {processor.py:161} INFO - Started process (PID=72) to work on /home/airflow/.local/lib/python3.12/site-packages/airflow/example_dags/example_latest_only_with_trigger.py
[2024-12-21T18:50:56.514+0000] {processor.py:830} INFO - Processing file /home/airflow/.local/lib/python3.12/site-packages/airflow/example_dags/example_latest_only_with_trigger.py for tasks to queue
[2024-12-21T18:50:56.517+0000] {logging_mixin.py:188} INFO - [2024-12-21T18:50:56.516+0000] {dagbag.py:545} INFO - Filling up the DagBag from /home/airflow/.local/lib/python3.12/site-packages/airflow/example_dags/example_latest_only_with_trigger.py
[2024-12-21T18:50:56.529+0000] {processor.py:840} INFO - DAG(s) 'latest_only_with_trigger' retrieved from /home/airflow/.local/lib/python3.12/site-packages/airflow/example_dags/example_latest_only_with_trigger.py
[2024-12-21T18:50:56.570+0000] {logging_mixin.py:188} INFO - [2024-12-21T18:50:56.570+0000] {dag.py:3096} INFO - Sync 1 DAGs
[2024-12-21T18:50:56.611+0000] {logging_mixin.py:188} INFO - [2024-12-21T18:50:56.610+0000] {dag.py:3954} INFO - Setting next_dagrun for latest_only_with_trigger to 2024-12-21 12:00:00+00:00, run_after=2024-12-21 16:00:00+00:00
[2024-12-21T18:50:56.657+0000] {processor.py:183} INFO - Processing /home/airflow/.local/lib/python3.12/site-packages/airflow/example_dags/example_latest_only_with_trigger.py took 0.160 seconds
[2024-12-21T18:51:27.456+0000] {processor.py:161} INFO - Started process (PID=136) to work on /home/airflow/.local/lib/python3.12/site-packages/airflow/example_dags/example_latest_only_with_trigger.py
[2024-12-21T18:51:27.457+0000] {processor.py:830} INFO - Processing file /home/airflow/.local/lib/python3.12/site-packages/airflow/example_dags/example_latest_only_with_trigger.py for tasks to queue
[2024-12-21T18:51:27.460+0000] {logging_mixin.py:188} INFO - [2024-12-21T18:51:27.459+0000] {dagbag.py:545} INFO - Filling up the DagBag from /home/airflow/.local/lib/python3.12/site-packages/airflow/example_dags/example_latest_only_with_trigger.py
[2024-12-21T18:51:27.466+0000] {processor.py:840} INFO - DAG(s) 'latest_only_with_trigger' retrieved from /home/airflow/.local/lib/python3.12/site-packages/airflow/example_dags/example_latest_only_with_trigger.py
[2024-12-21T18:51:27.488+0000] {logging_mixin.py:188} INFO - [2024-12-21T18:51:27.488+0000] {dag.py:3096} INFO - Sync 1 DAGs
[2024-12-21T18:51:27.515+0000] {logging_mixin.py:188} INFO - [2024-12-21T18:51:27.515+0000] {dag.py:3954} INFO - Setting next_dagrun for latest_only_with_trigger to 2024-12-21 12:00:00+00:00, run_after=2024-12-21 16:00:00+00:00
[2024-12-21T18:51:27.541+0000] {processor.py:183} INFO - Processing /home/airflow/.local/lib/python3.12/site-packages/airflow/example_dags/example_latest_only_with_trigger.py took 0.090 seconds
[2024-12-21T18:51:57.861+0000] {processor.py:161} INFO - Started process (PID=194) to work on /home/airflow/.local/lib/python3.12/site-packages/airflow/example_dags/example_latest_only_with_trigger.py
[2024-12-21T18:51:57.862+0000] {processor.py:830} INFO - Processing file /home/airflow/.local/lib/python3.12/site-packages/airflow/example_dags/example_latest_only_with_trigger.py for tasks to queue
[2024-12-21T18:51:57.865+0000] {logging_mixin.py:188} INFO - [2024-12-21T18:51:57.864+0000] {dagbag.py:545} INFO - Filling up the DagBag from /home/airflow/.local/lib/python3.12/site-packages/airflow/example_dags/example_latest_only_with_trigger.py
[2024-12-21T18:51:57.871+0000] {processor.py:840} INFO - DAG(s) 'latest_only_with_trigger' retrieved from /home/airflow/.local/lib/python3.12/site-packages/airflow/example_dags/example_latest_only_with_trigger.py
[2024-12-21T18:51:57.894+0000] {logging_mixin.py:188} INFO - [2024-12-21T18:51:57.893+0000] {dag.py:3096} INFO - Sync 1 DAGs
[2024-12-21T18:51:57.918+0000] {logging_mixin.py:188} INFO - [2024-12-21T18:51:57.918+0000] {dag.py:3954} INFO - Setting next_dagrun for latest_only_with_trigger to 2024-12-21 12:00:00+00:00, run_after=2024-12-21 16:00:00+00:00
[2024-12-21T18:51:57.943+0000] {processor.py:183} INFO - Processing /home/airflow/.local/lib/python3.12/site-packages/airflow/example_dags/example_latest_only_with_trigger.py took 0.088 seconds
[2024-12-21T18:52:28.013+0000] {processor.py:161} INFO - Started process (PID=251) to work on /home/airflow/.local/lib/python3.12/site-packages/airflow/example_dags/example_latest_only_with_trigger.py
[2024-12-21T18:52:28.015+0000] {processor.py:830} INFO - Processing file /home/airflow/.local/lib/python3.12/site-packages/airflow/example_dags/example_latest_only_with_trigger.py for tasks to queue
[2024-12-21T18:52:28.018+0000] {logging_mixin.py:188} INFO - [2024-12-21T18:52:28.017+0000] {dagbag.py:545} INFO - Filling up the DagBag from /home/airflow/.local/lib/python3.12/site-packages/airflow/example_dags/example_latest_only_with_trigger.py
[2024-12-21T18:52:28.023+0000] {processor.py:840} INFO - DAG(s) 'latest_only_with_trigger' retrieved from /home/airflow/.local/lib/python3.12/site-packages/airflow/example_dags/example_latest_only_with_trigger.py
[2024-12-21T18:52:28.047+0000] {logging_mixin.py:188} INFO - [2024-12-21T18:52:28.047+0000] {dag.py:3096} INFO - Sync 1 DAGs
[2024-12-21T18:52:28.072+0000] {logging_mixin.py:188} INFO - [2024-12-21T18:52:28.072+0000] {dag.py:3954} INFO - Setting next_dagrun for latest_only_with_trigger to 2024-12-21 12:00:00+00:00, run_after=2024-12-21 16:00:00+00:00
[2024-12-21T18:52:28.101+0000] {processor.py:183} INFO - Processing /home/airflow/.local/lib/python3.12/site-packages/airflow/example_dags/example_latest_only_with_trigger.py took 0.096 seconds
[2024-12-21T18:57:41.110+0000] {processor.py:161} INFO - Started process (PID=73) to work on /home/airflow/.local/lib/python3.12/site-packages/airflow/example_dags/example_latest_only_with_trigger.py
[2024-12-21T18:57:41.112+0000] {processor.py:830} INFO - Processing file /home/airflow/.local/lib/python3.12/site-packages/airflow/example_dags/example_latest_only_with_trigger.py for tasks to queue
[2024-12-21T18:57:41.116+0000] {logging_mixin.py:188} INFO - [2024-12-21T18:57:41.115+0000] {dagbag.py:545} INFO - Filling up the DagBag from /home/airflow/.local/lib/python3.12/site-packages/airflow/example_dags/example_latest_only_with_trigger.py
[2024-12-21T18:57:41.127+0000] {processor.py:840} INFO - DAG(s) 'latest_only_with_trigger' retrieved from /home/airflow/.local/lib/python3.12/site-packages/airflow/example_dags/example_latest_only_with_trigger.py
[2024-12-21T18:57:41.166+0000] {logging_mixin.py:188} INFO - [2024-12-21T18:57:41.165+0000] {dag.py:3096} INFO - Sync 1 DAGs
[2024-12-21T18:57:41.209+0000] {logging_mixin.py:188} INFO - [2024-12-21T18:57:41.209+0000] {dag.py:3954} INFO - Setting next_dagrun for latest_only_with_trigger to 2024-12-21 12:00:00+00:00, run_after=2024-12-21 16:00:00+00:00
[2024-12-21T18:57:41.247+0000] {processor.py:183} INFO - Processing /home/airflow/.local/lib/python3.12/site-packages/airflow/example_dags/example_latest_only_with_trigger.py took 0.154 seconds
[2024-12-21T18:58:11.362+0000] {processor.py:161} INFO - Started process (PID=129) to work on /home/airflow/.local/lib/python3.12/site-packages/airflow/example_dags/example_latest_only_with_trigger.py
[2024-12-21T18:58:11.363+0000] {processor.py:830} INFO - Processing file /home/airflow/.local/lib/python3.12/site-packages/airflow/example_dags/example_latest_only_with_trigger.py for tasks to queue
[2024-12-21T18:58:11.366+0000] {logging_mixin.py:188} INFO - [2024-12-21T18:58:11.365+0000] {dagbag.py:545} INFO - Filling up the DagBag from /home/airflow/.local/lib/python3.12/site-packages/airflow/example_dags/example_latest_only_with_trigger.py
[2024-12-21T18:58:11.372+0000] {processor.py:840} INFO - DAG(s) 'latest_only_with_trigger' retrieved from /home/airflow/.local/lib/python3.12/site-packages/airflow/example_dags/example_latest_only_with_trigger.py
[2024-12-21T18:58:11.398+0000] {logging_mixin.py:188} INFO - [2024-12-21T18:58:11.398+0000] {dag.py:3096} INFO - Sync 1 DAGs
[2024-12-21T18:58:11.422+0000] {logging_mixin.py:188} INFO - [2024-12-21T18:58:11.421+0000] {dag.py:3954} INFO - Setting next_dagrun for latest_only_with_trigger to 2024-12-21 12:00:00+00:00, run_after=2024-12-21 16:00:00+00:00
[2024-12-21T18:58:11.449+0000] {processor.py:183} INFO - Processing /home/airflow/.local/lib/python3.12/site-packages/airflow/example_dags/example_latest_only_with_trigger.py took 0.094 seconds
[2024-12-21T18:58:41.922+0000] {processor.py:161} INFO - Started process (PID=187) to work on /home/airflow/.local/lib/python3.12/site-packages/airflow/example_dags/example_latest_only_with_trigger.py
[2024-12-21T18:58:41.924+0000] {processor.py:830} INFO - Processing file /home/airflow/.local/lib/python3.12/site-packages/airflow/example_dags/example_latest_only_with_trigger.py for tasks to queue
[2024-12-21T18:58:41.928+0000] {logging_mixin.py:188} INFO - [2024-12-21T18:58:41.927+0000] {dagbag.py:545} INFO - Filling up the DagBag from /home/airflow/.local/lib/python3.12/site-packages/airflow/example_dags/example_latest_only_with_trigger.py
[2024-12-21T18:58:41.935+0000] {processor.py:840} INFO - DAG(s) 'latest_only_with_trigger' retrieved from /home/airflow/.local/lib/python3.12/site-packages/airflow/example_dags/example_latest_only_with_trigger.py
[2024-12-21T18:58:41.969+0000] {logging_mixin.py:188} INFO - [2024-12-21T18:58:41.968+0000] {dag.py:3096} INFO - Sync 1 DAGs
[2024-12-21T18:58:42.001+0000] {logging_mixin.py:188} INFO - [2024-12-21T18:58:42.001+0000] {dag.py:3954} INFO - Setting next_dagrun for latest_only_with_trigger to 2024-12-21 12:00:00+00:00, run_after=2024-12-21 16:00:00+00:00
[2024-12-21T18:58:42.039+0000] {processor.py:183} INFO - Processing /home/airflow/.local/lib/python3.12/site-packages/airflow/example_dags/example_latest_only_with_trigger.py took 0.126 seconds
[2024-12-21T18:59:12.501+0000] {processor.py:161} INFO - Started process (PID=251) to work on /home/airflow/.local/lib/python3.12/site-packages/airflow/example_dags/example_latest_only_with_trigger.py
[2024-12-21T18:59:12.502+0000] {processor.py:830} INFO - Processing file /home/airflow/.local/lib/python3.12/site-packages/airflow/example_dags/example_latest_only_with_trigger.py for tasks to queue
[2024-12-21T18:59:12.504+0000] {logging_mixin.py:188} INFO - [2024-12-21T18:59:12.504+0000] {dagbag.py:545} INFO - Filling up the DagBag from /home/airflow/.local/lib/python3.12/site-packages/airflow/example_dags/example_latest_only_with_trigger.py
[2024-12-21T18:59:12.511+0000] {processor.py:840} INFO - DAG(s) 'latest_only_with_trigger' retrieved from /home/airflow/.local/lib/python3.12/site-packages/airflow/example_dags/example_latest_only_with_trigger.py
[2024-12-21T18:59:12.539+0000] {logging_mixin.py:188} INFO - [2024-12-21T18:59:12.538+0000] {dag.py:3096} INFO - Sync 1 DAGs
[2024-12-21T18:59:12.565+0000] {logging_mixin.py:188} INFO - [2024-12-21T18:59:12.565+0000] {dag.py:3954} INFO - Setting next_dagrun for latest_only_with_trigger to 2024-12-21 12:00:00+00:00, run_after=2024-12-21 16:00:00+00:00
[2024-12-21T18:59:12.594+0000] {processor.py:183} INFO - Processing /home/airflow/.local/lib/python3.12/site-packages/airflow/example_dags/example_latest_only_with_trigger.py took 0.099 seconds
[2024-12-21T18:59:43.678+0000] {processor.py:161} INFO - Started process (PID=310) to work on /home/airflow/.local/lib/python3.12/site-packages/airflow/example_dags/example_latest_only_with_trigger.py
[2024-12-21T18:59:43.681+0000] {processor.py:830} INFO - Processing file /home/airflow/.local/lib/python3.12/site-packages/airflow/example_dags/example_latest_only_with_trigger.py for tasks to queue
[2024-12-21T18:59:43.684+0000] {logging_mixin.py:188} INFO - [2024-12-21T18:59:43.684+0000] {dagbag.py:545} INFO - Filling up the DagBag from /home/airflow/.local/lib/python3.12/site-packages/airflow/example_dags/example_latest_only_with_trigger.py
[2024-12-21T18:59:43.690+0000] {processor.py:840} INFO - DAG(s) 'latest_only_with_trigger' retrieved from /home/airflow/.local/lib/python3.12/site-packages/airflow/example_dags/example_latest_only_with_trigger.py
[2024-12-21T18:59:43.746+0000] {logging_mixin.py:188} INFO - [2024-12-21T18:59:43.743+0000] {dag.py:3096} INFO - Sync 1 DAGs
[2024-12-21T18:59:43.803+0000] {logging_mixin.py:188} INFO - [2024-12-21T18:59:43.803+0000] {dag.py:3954} INFO - Setting next_dagrun for latest_only_with_trigger to 2024-12-21 12:00:00+00:00, run_after=2024-12-21 16:00:00+00:00
[2024-12-21T18:59:43.873+0000] {processor.py:183} INFO - Processing /home/airflow/.local/lib/python3.12/site-packages/airflow/example_dags/example_latest_only_with_trigger.py took 0.201 seconds
[2024-12-21T19:00:14.200+0000] {processor.py:161} INFO - Started process (PID=368) to work on /home/airflow/.local/lib/python3.12/site-packages/airflow/example_dags/example_latest_only_with_trigger.py
[2024-12-21T19:00:14.202+0000] {processor.py:830} INFO - Processing file /home/airflow/.local/lib/python3.12/site-packages/airflow/example_dags/example_latest_only_with_trigger.py for tasks to queue
[2024-12-21T19:00:14.204+0000] {logging_mixin.py:188} INFO - [2024-12-21T19:00:14.204+0000] {dagbag.py:545} INFO - Filling up the DagBag from /home/airflow/.local/lib/python3.12/site-packages/airflow/example_dags/example_latest_only_with_trigger.py
[2024-12-21T19:00:14.210+0000] {processor.py:840} INFO - DAG(s) 'latest_only_with_trigger' retrieved from /home/airflow/.local/lib/python3.12/site-packages/airflow/example_dags/example_latest_only_with_trigger.py
[2024-12-21T19:00:14.234+0000] {logging_mixin.py:188} INFO - [2024-12-21T19:00:14.233+0000] {dag.py:3096} INFO - Sync 1 DAGs
[2024-12-21T19:00:14.257+0000] {logging_mixin.py:188} INFO - [2024-12-21T19:00:14.257+0000] {dag.py:3954} INFO - Setting next_dagrun for latest_only_with_trigger to 2024-12-21 12:00:00+00:00, run_after=2024-12-21 16:00:00+00:00
[2024-12-21T19:00:14.282+0000] {processor.py:183} INFO - Processing /home/airflow/.local/lib/python3.12/site-packages/airflow/example_dags/example_latest_only_with_trigger.py took 0.087 seconds
[2024-12-21T19:00:45.095+0000] {processor.py:161} INFO - Started process (PID=426) to work on /home/airflow/.local/lib/python3.12/site-packages/airflow/example_dags/example_latest_only_with_trigger.py
[2024-12-21T19:00:45.097+0000] {processor.py:830} INFO - Processing file /home/airflow/.local/lib/python3.12/site-packages/airflow/example_dags/example_latest_only_with_trigger.py for tasks to queue
[2024-12-21T19:00:45.099+0000] {logging_mixin.py:188} INFO - [2024-12-21T19:00:45.098+0000] {dagbag.py:545} INFO - Filling up the DagBag from /home/airflow/.local/lib/python3.12/site-packages/airflow/example_dags/example_latest_only_with_trigger.py
[2024-12-21T19:00:45.106+0000] {processor.py:840} INFO - DAG(s) 'latest_only_with_trigger' retrieved from /home/airflow/.local/lib/python3.12/site-packages/airflow/example_dags/example_latest_only_with_trigger.py
[2024-12-21T19:00:45.137+0000] {logging_mixin.py:188} INFO - [2024-12-21T19:00:45.136+0000] {dag.py:3096} INFO - Sync 1 DAGs
[2024-12-21T19:00:45.176+0000] {logging_mixin.py:188} INFO - [2024-12-21T19:00:45.176+0000] {dag.py:3954} INFO - Setting next_dagrun for latest_only_with_trigger to 2024-12-21 12:00:00+00:00, run_after=2024-12-21 16:00:00+00:00
[2024-12-21T19:00:45.216+0000] {processor.py:183} INFO - Processing /home/airflow/.local/lib/python3.12/site-packages/airflow/example_dags/example_latest_only_with_trigger.py took 0.126 seconds
[2024-12-21T19:01:15.340+0000] {processor.py:161} INFO - Started process (PID=483) to work on /home/airflow/.local/lib/python3.12/site-packages/airflow/example_dags/example_latest_only_with_trigger.py
[2024-12-21T19:01:15.341+0000] {processor.py:830} INFO - Processing file /home/airflow/.local/lib/python3.12/site-packages/airflow/example_dags/example_latest_only_with_trigger.py for tasks to queue
[2024-12-21T19:01:15.344+0000] {logging_mixin.py:188} INFO - [2024-12-21T19:01:15.343+0000] {dagbag.py:545} INFO - Filling up the DagBag from /home/airflow/.local/lib/python3.12/site-packages/airflow/example_dags/example_latest_only_with_trigger.py
[2024-12-21T19:01:15.349+0000] {processor.py:840} INFO - DAG(s) 'latest_only_with_trigger' retrieved from /home/airflow/.local/lib/python3.12/site-packages/airflow/example_dags/example_latest_only_with_trigger.py
[2024-12-21T19:01:15.374+0000] {logging_mixin.py:188} INFO - [2024-12-21T19:01:15.374+0000] {dag.py:3096} INFO - Sync 1 DAGs
[2024-12-21T19:01:15.396+0000] {logging_mixin.py:188} INFO - [2024-12-21T19:01:15.396+0000] {dag.py:3954} INFO - Setting next_dagrun for latest_only_with_trigger to 2024-12-21 12:00:00+00:00, run_after=2024-12-21 16:00:00+00:00
[2024-12-21T19:01:15.424+0000] {processor.py:183} INFO - Processing /home/airflow/.local/lib/python3.12/site-packages/airflow/example_dags/example_latest_only_with_trigger.py took 0.089 seconds
[2024-12-21T19:01:46.122+0000] {processor.py:161} INFO - Started process (PID=542) to work on /home/airflow/.local/lib/python3.12/site-packages/airflow/example_dags/example_latest_only_with_trigger.py
[2024-12-21T19:01:46.123+0000] {processor.py:830} INFO - Processing file /home/airflow/.local/lib/python3.12/site-packages/airflow/example_dags/example_latest_only_with_trigger.py for tasks to queue
[2024-12-21T19:01:46.125+0000] {logging_mixin.py:188} INFO - [2024-12-21T19:01:46.125+0000] {dagbag.py:545} INFO - Filling up the DagBag from /home/airflow/.local/lib/python3.12/site-packages/airflow/example_dags/example_latest_only_with_trigger.py
[2024-12-21T19:01:46.133+0000] {processor.py:840} INFO - DAG(s) 'latest_only_with_trigger' retrieved from /home/airflow/.local/lib/python3.12/site-packages/airflow/example_dags/example_latest_only_with_trigger.py
[2024-12-21T19:01:46.160+0000] {logging_mixin.py:188} INFO - [2024-12-21T19:01:46.159+0000] {dag.py:3096} INFO - Sync 1 DAGs
[2024-12-21T19:01:46.189+0000] {logging_mixin.py:188} INFO - [2024-12-21T19:01:46.189+0000] {dag.py:3954} INFO - Setting next_dagrun for latest_only_with_trigger to 2024-12-21 12:00:00+00:00, run_after=2024-12-21 16:00:00+00:00
[2024-12-21T19:01:46.215+0000] {processor.py:183} INFO - Processing /home/airflow/.local/lib/python3.12/site-packages/airflow/example_dags/example_latest_only_with_trigger.py took 0.098 seconds
[2024-12-21T19:02:16.266+0000] {processor.py:161} INFO - Started process (PID=599) to work on /home/airflow/.local/lib/python3.12/site-packages/airflow/example_dags/example_latest_only_with_trigger.py
[2024-12-21T19:02:16.267+0000] {processor.py:830} INFO - Processing file /home/airflow/.local/lib/python3.12/site-packages/airflow/example_dags/example_latest_only_with_trigger.py for tasks to queue
[2024-12-21T19:02:16.270+0000] {logging_mixin.py:188} INFO - [2024-12-21T19:02:16.269+0000] {dagbag.py:545} INFO - Filling up the DagBag from /home/airflow/.local/lib/python3.12/site-packages/airflow/example_dags/example_latest_only_with_trigger.py
[2024-12-21T19:02:16.275+0000] {processor.py:840} INFO - DAG(s) 'latest_only_with_trigger' retrieved from /home/airflow/.local/lib/python3.12/site-packages/airflow/example_dags/example_latest_only_with_trigger.py
[2024-12-21T19:02:16.299+0000] {logging_mixin.py:188} INFO - [2024-12-21T19:02:16.299+0000] {dag.py:3096} INFO - Sync 1 DAGs
[2024-12-21T19:02:16.325+0000] {logging_mixin.py:188} INFO - [2024-12-21T19:02:16.325+0000] {dag.py:3954} INFO - Setting next_dagrun for latest_only_with_trigger to 2024-12-21 12:00:00+00:00, run_after=2024-12-21 16:00:00+00:00
[2024-12-21T19:02:16.350+0000] {processor.py:183} INFO - Processing /home/airflow/.local/lib/python3.12/site-packages/airflow/example_dags/example_latest_only_with_trigger.py took 0.089 seconds
[2024-12-21T19:02:46.787+0000] {processor.py:161} INFO - Started process (PID=657) to work on /home/airflow/.local/lib/python3.12/site-packages/airflow/example_dags/example_latest_only_with_trigger.py
[2024-12-21T19:02:46.789+0000] {processor.py:830} INFO - Processing file /home/airflow/.local/lib/python3.12/site-packages/airflow/example_dags/example_latest_only_with_trigger.py for tasks to queue
[2024-12-21T19:02:46.792+0000] {logging_mixin.py:188} INFO - [2024-12-21T19:02:46.791+0000] {dagbag.py:545} INFO - Filling up the DagBag from /home/airflow/.local/lib/python3.12/site-packages/airflow/example_dags/example_latest_only_with_trigger.py
[2024-12-21T19:02:46.802+0000] {processor.py:840} INFO - DAG(s) 'latest_only_with_trigger' retrieved from /home/airflow/.local/lib/python3.12/site-packages/airflow/example_dags/example_latest_only_with_trigger.py
[2024-12-21T19:02:46.835+0000] {logging_mixin.py:188} INFO - [2024-12-21T19:02:46.835+0000] {dag.py:3096} INFO - Sync 1 DAGs
[2024-12-21T19:02:46.864+0000] {logging_mixin.py:188} INFO - [2024-12-21T19:02:46.863+0000] {dag.py:3954} INFO - Setting next_dagrun for latest_only_with_trigger to 2024-12-21 12:00:00+00:00, run_after=2024-12-21 16:00:00+00:00
[2024-12-21T19:02:46.892+0000] {processor.py:183} INFO - Processing /home/airflow/.local/lib/python3.12/site-packages/airflow/example_dags/example_latest_only_with_trigger.py took 0.113 seconds
[2024-12-21T19:03:17.199+0000] {processor.py:161} INFO - Started process (PID=715) to work on /home/airflow/.local/lib/python3.12/site-packages/airflow/example_dags/example_latest_only_with_trigger.py
[2024-12-21T19:03:17.201+0000] {processor.py:830} INFO - Processing file /home/airflow/.local/lib/python3.12/site-packages/airflow/example_dags/example_latest_only_with_trigger.py for tasks to queue
[2024-12-21T19:03:17.203+0000] {logging_mixin.py:188} INFO - [2024-12-21T19:03:17.203+0000] {dagbag.py:545} INFO - Filling up the DagBag from /home/airflow/.local/lib/python3.12/site-packages/airflow/example_dags/example_latest_only_with_trigger.py
[2024-12-21T19:03:17.209+0000] {processor.py:840} INFO - DAG(s) 'latest_only_with_trigger' retrieved from /home/airflow/.local/lib/python3.12/site-packages/airflow/example_dags/example_latest_only_with_trigger.py
[2024-12-21T19:03:17.233+0000] {logging_mixin.py:188} INFO - [2024-12-21T19:03:17.233+0000] {dag.py:3096} INFO - Sync 1 DAGs
[2024-12-21T19:03:17.265+0000] {logging_mixin.py:188} INFO - [2024-12-21T19:03:17.265+0000] {dag.py:3954} INFO - Setting next_dagrun for latest_only_with_trigger to 2024-12-21 12:00:00+00:00, run_after=2024-12-21 16:00:00+00:00
[2024-12-21T19:03:17.294+0000] {processor.py:183} INFO - Processing /home/airflow/.local/lib/python3.12/site-packages/airflow/example_dags/example_latest_only_with_trigger.py took 0.100 seconds
[2024-12-21T19:03:47.561+0000] {processor.py:161} INFO - Started process (PID=773) to work on /home/airflow/.local/lib/python3.12/site-packages/airflow/example_dags/example_latest_only_with_trigger.py
[2024-12-21T19:03:47.563+0000] {processor.py:830} INFO - Processing file /home/airflow/.local/lib/python3.12/site-packages/airflow/example_dags/example_latest_only_with_trigger.py for tasks to queue
[2024-12-21T19:03:47.567+0000] {logging_mixin.py:188} INFO - [2024-12-21T19:03:47.566+0000] {dagbag.py:545} INFO - Filling up the DagBag from /home/airflow/.local/lib/python3.12/site-packages/airflow/example_dags/example_latest_only_with_trigger.py
[2024-12-21T19:03:47.575+0000] {processor.py:840} INFO - DAG(s) 'latest_only_with_trigger' retrieved from /home/airflow/.local/lib/python3.12/site-packages/airflow/example_dags/example_latest_only_with_trigger.py
[2024-12-21T19:03:47.603+0000] {logging_mixin.py:188} INFO - [2024-12-21T19:03:47.603+0000] {dag.py:3096} INFO - Sync 1 DAGs
[2024-12-21T19:03:47.638+0000] {logging_mixin.py:188} INFO - [2024-12-21T19:03:47.637+0000] {dag.py:3954} INFO - Setting next_dagrun for latest_only_with_trigger to 2024-12-21 12:00:00+00:00, run_after=2024-12-21 16:00:00+00:00
[2024-12-21T19:03:47.675+0000] {processor.py:183} INFO - Processing /home/airflow/.local/lib/python3.12/site-packages/airflow/example_dags/example_latest_only_with_trigger.py took 0.120 seconds
[2024-12-21T19:04:17.834+0000] {processor.py:161} INFO - Started process (PID=831) to work on /home/airflow/.local/lib/python3.12/site-packages/airflow/example_dags/example_latest_only_with_trigger.py
[2024-12-21T19:04:17.837+0000] {processor.py:830} INFO - Processing file /home/airflow/.local/lib/python3.12/site-packages/airflow/example_dags/example_latest_only_with_trigger.py for tasks to queue
[2024-12-21T19:04:17.842+0000] {logging_mixin.py:188} INFO - [2024-12-21T19:04:17.841+0000] {dagbag.py:545} INFO - Filling up the DagBag from /home/airflow/.local/lib/python3.12/site-packages/airflow/example_dags/example_latest_only_with_trigger.py
[2024-12-21T19:04:17.855+0000] {processor.py:840} INFO - DAG(s) 'latest_only_with_trigger' retrieved from /home/airflow/.local/lib/python3.12/site-packages/airflow/example_dags/example_latest_only_with_trigger.py
[2024-12-21T19:04:17.900+0000] {logging_mixin.py:188} INFO - [2024-12-21T19:04:17.900+0000] {dag.py:3096} INFO - Sync 1 DAGs
[2024-12-21T19:04:17.943+0000] {logging_mixin.py:188} INFO - [2024-12-21T19:04:17.943+0000] {dag.py:3954} INFO - Setting next_dagrun for latest_only_with_trigger to 2024-12-21 12:00:00+00:00, run_after=2024-12-21 16:00:00+00:00
[2024-12-21T19:04:17.977+0000] {processor.py:183} INFO - Processing /home/airflow/.local/lib/python3.12/site-packages/airflow/example_dags/example_latest_only_with_trigger.py took 0.157 seconds
[2024-12-21T19:04:48.089+0000] {processor.py:161} INFO - Started process (PID=889) to work on /home/airflow/.local/lib/python3.12/site-packages/airflow/example_dags/example_latest_only_with_trigger.py
[2024-12-21T19:04:48.091+0000] {processor.py:830} INFO - Processing file /home/airflow/.local/lib/python3.12/site-packages/airflow/example_dags/example_latest_only_with_trigger.py for tasks to queue
[2024-12-21T19:04:48.094+0000] {logging_mixin.py:188} INFO - [2024-12-21T19:04:48.094+0000] {dagbag.py:545} INFO - Filling up the DagBag from /home/airflow/.local/lib/python3.12/site-packages/airflow/example_dags/example_latest_only_with_trigger.py
[2024-12-21T19:04:48.102+0000] {processor.py:840} INFO - DAG(s) 'latest_only_with_trigger' retrieved from /home/airflow/.local/lib/python3.12/site-packages/airflow/example_dags/example_latest_only_with_trigger.py
[2024-12-21T19:04:48.140+0000] {logging_mixin.py:188} INFO - [2024-12-21T19:04:48.140+0000] {dag.py:3096} INFO - Sync 1 DAGs
[2024-12-21T19:04:48.183+0000] {logging_mixin.py:188} INFO - [2024-12-21T19:04:48.182+0000] {dag.py:3954} INFO - Setting next_dagrun for latest_only_with_trigger to 2024-12-21 12:00:00+00:00, run_after=2024-12-21 16:00:00+00:00
[2024-12-21T19:04:48.229+0000] {processor.py:183} INFO - Processing /home/airflow/.local/lib/python3.12/site-packages/airflow/example_dags/example_latest_only_with_trigger.py took 0.149 seconds
[2024-12-21T19:05:18.648+0000] {processor.py:161} INFO - Started process (PID=947) to work on /home/airflow/.local/lib/python3.12/site-packages/airflow/example_dags/example_latest_only_with_trigger.py
[2024-12-21T19:05:18.650+0000] {processor.py:830} INFO - Processing file /home/airflow/.local/lib/python3.12/site-packages/airflow/example_dags/example_latest_only_with_trigger.py for tasks to queue
[2024-12-21T19:05:18.652+0000] {logging_mixin.py:188} INFO - [2024-12-21T19:05:18.652+0000] {dagbag.py:545} INFO - Filling up the DagBag from /home/airflow/.local/lib/python3.12/site-packages/airflow/example_dags/example_latest_only_with_trigger.py
[2024-12-21T19:05:18.658+0000] {processor.py:840} INFO - DAG(s) 'latest_only_with_trigger' retrieved from /home/airflow/.local/lib/python3.12/site-packages/airflow/example_dags/example_latest_only_with_trigger.py
[2024-12-21T19:05:18.682+0000] {logging_mixin.py:188} INFO - [2024-12-21T19:05:18.682+0000] {dag.py:3096} INFO - Sync 1 DAGs
[2024-12-21T19:05:18.714+0000] {logging_mixin.py:188} INFO - [2024-12-21T19:05:18.714+0000] {dag.py:3954} INFO - Setting next_dagrun for latest_only_with_trigger to 2024-12-21 12:00:00+00:00, run_after=2024-12-21 16:00:00+00:00
[2024-12-21T19:05:18.742+0000] {processor.py:183} INFO - Processing /home/airflow/.local/lib/python3.12/site-packages/airflow/example_dags/example_latest_only_with_trigger.py took 0.100 seconds
[2024-12-21T19:05:48.836+0000] {processor.py:161} INFO - Started process (PID=1005) to work on /home/airflow/.local/lib/python3.12/site-packages/airflow/example_dags/example_latest_only_with_trigger.py
[2024-12-21T19:05:48.837+0000] {processor.py:830} INFO - Processing file /home/airflow/.local/lib/python3.12/site-packages/airflow/example_dags/example_latest_only_with_trigger.py for tasks to queue
[2024-12-21T19:05:48.841+0000] {logging_mixin.py:188} INFO - [2024-12-21T19:05:48.840+0000] {dagbag.py:545} INFO - Filling up the DagBag from /home/airflow/.local/lib/python3.12/site-packages/airflow/example_dags/example_latest_only_with_trigger.py
[2024-12-21T19:05:48.850+0000] {processor.py:840} INFO - DAG(s) 'latest_only_with_trigger' retrieved from /home/airflow/.local/lib/python3.12/site-packages/airflow/example_dags/example_latest_only_with_trigger.py
[2024-12-21T19:05:48.888+0000] {logging_mixin.py:188} INFO - [2024-12-21T19:05:48.887+0000] {dag.py:3096} INFO - Sync 1 DAGs
[2024-12-21T19:05:48.926+0000] {logging_mixin.py:188} INFO - [2024-12-21T19:05:48.926+0000] {dag.py:3954} INFO - Setting next_dagrun for latest_only_with_trigger to 2024-12-21 12:00:00+00:00, run_after=2024-12-21 16:00:00+00:00
[2024-12-21T19:05:48.963+0000] {processor.py:183} INFO - Processing /home/airflow/.local/lib/python3.12/site-packages/airflow/example_dags/example_latest_only_with_trigger.py took 0.135 seconds
[2024-12-21T19:06:19.403+0000] {processor.py:161} INFO - Started process (PID=1063) to work on /home/airflow/.local/lib/python3.12/site-packages/airflow/example_dags/example_latest_only_with_trigger.py
[2024-12-21T19:06:19.404+0000] {processor.py:830} INFO - Processing file /home/airflow/.local/lib/python3.12/site-packages/airflow/example_dags/example_latest_only_with_trigger.py for tasks to queue
[2024-12-21T19:06:19.406+0000] {logging_mixin.py:188} INFO - [2024-12-21T19:06:19.406+0000] {dagbag.py:545} INFO - Filling up the DagBag from /home/airflow/.local/lib/python3.12/site-packages/airflow/example_dags/example_latest_only_with_trigger.py
[2024-12-21T19:06:19.412+0000] {processor.py:840} INFO - DAG(s) 'latest_only_with_trigger' retrieved from /home/airflow/.local/lib/python3.12/site-packages/airflow/example_dags/example_latest_only_with_trigger.py
[2024-12-21T19:06:19.435+0000] {logging_mixin.py:188} INFO - [2024-12-21T19:06:19.435+0000] {dag.py:3096} INFO - Sync 1 DAGs
[2024-12-21T19:06:19.459+0000] {logging_mixin.py:188} INFO - [2024-12-21T19:06:19.458+0000] {dag.py:3954} INFO - Setting next_dagrun for latest_only_with_trigger to 2024-12-21 12:00:00+00:00, run_after=2024-12-21 16:00:00+00:00
[2024-12-21T19:06:19.484+0000] {processor.py:183} INFO - Processing /home/airflow/.local/lib/python3.12/site-packages/airflow/example_dags/example_latest_only_with_trigger.py took 0.087 seconds
[2024-12-21T19:06:49.756+0000] {processor.py:161} INFO - Started process (PID=1121) to work on /home/airflow/.local/lib/python3.12/site-packages/airflow/example_dags/example_latest_only_with_trigger.py
[2024-12-21T19:06:49.757+0000] {processor.py:830} INFO - Processing file /home/airflow/.local/lib/python3.12/site-packages/airflow/example_dags/example_latest_only_with_trigger.py for tasks to queue
[2024-12-21T19:06:49.760+0000] {logging_mixin.py:188} INFO - [2024-12-21T19:06:49.759+0000] {dagbag.py:545} INFO - Filling up the DagBag from /home/airflow/.local/lib/python3.12/site-packages/airflow/example_dags/example_latest_only_with_trigger.py
[2024-12-21T19:06:49.769+0000] {processor.py:840} INFO - DAG(s) 'latest_only_with_trigger' retrieved from /home/airflow/.local/lib/python3.12/site-packages/airflow/example_dags/example_latest_only_with_trigger.py
[2024-12-21T19:06:49.797+0000] {logging_mixin.py:188} INFO - [2024-12-21T19:06:49.797+0000] {dag.py:3096} INFO - Sync 1 DAGs
[2024-12-21T19:06:49.827+0000] {logging_mixin.py:188} INFO - [2024-12-21T19:06:49.827+0000] {dag.py:3954} INFO - Setting next_dagrun for latest_only_with_trigger to 2024-12-21 12:00:00+00:00, run_after=2024-12-21 16:00:00+00:00
[2024-12-21T19:06:49.861+0000] {processor.py:183} INFO - Processing /home/airflow/.local/lib/python3.12/site-packages/airflow/example_dags/example_latest_only_with_trigger.py took 0.113 seconds
[2024-12-21T19:07:20.364+0000] {processor.py:161} INFO - Started process (PID=1179) to work on /home/airflow/.local/lib/python3.12/site-packages/airflow/example_dags/example_latest_only_with_trigger.py
[2024-12-21T19:07:20.367+0000] {processor.py:830} INFO - Processing file /home/airflow/.local/lib/python3.12/site-packages/airflow/example_dags/example_latest_only_with_trigger.py for tasks to queue
[2024-12-21T19:07:20.370+0000] {logging_mixin.py:188} INFO - [2024-12-21T19:07:20.369+0000] {dagbag.py:545} INFO - Filling up the DagBag from /home/airflow/.local/lib/python3.12/site-packages/airflow/example_dags/example_latest_only_with_trigger.py
[2024-12-21T19:07:20.377+0000] {processor.py:840} INFO - DAG(s) 'latest_only_with_trigger' retrieved from /home/airflow/.local/lib/python3.12/site-packages/airflow/example_dags/example_latest_only_with_trigger.py
[2024-12-21T19:07:20.404+0000] {logging_mixin.py:188} INFO - [2024-12-21T19:07:20.404+0000] {dag.py:3096} INFO - Sync 1 DAGs
[2024-12-21T19:07:20.433+0000] {logging_mixin.py:188} INFO - [2024-12-21T19:07:20.432+0000] {dag.py:3954} INFO - Setting next_dagrun for latest_only_with_trigger to 2024-12-21 12:00:00+00:00, run_after=2024-12-21 16:00:00+00:00
[2024-12-21T19:07:20.465+0000] {processor.py:183} INFO - Processing /home/airflow/.local/lib/python3.12/site-packages/airflow/example_dags/example_latest_only_with_trigger.py took 0.111 seconds
[2024-12-21T19:07:51.323+0000] {processor.py:161} INFO - Started process (PID=1237) to work on /home/airflow/.local/lib/python3.12/site-packages/airflow/example_dags/example_latest_only_with_trigger.py
[2024-12-21T19:07:51.324+0000] {processor.py:830} INFO - Processing file /home/airflow/.local/lib/python3.12/site-packages/airflow/example_dags/example_latest_only_with_trigger.py for tasks to queue
[2024-12-21T19:07:51.327+0000] {logging_mixin.py:188} INFO - [2024-12-21T19:07:51.326+0000] {dagbag.py:545} INFO - Filling up the DagBag from /home/airflow/.local/lib/python3.12/site-packages/airflow/example_dags/example_latest_only_with_trigger.py
[2024-12-21T19:07:51.333+0000] {processor.py:840} INFO - DAG(s) 'latest_only_with_trigger' retrieved from /home/airflow/.local/lib/python3.12/site-packages/airflow/example_dags/example_latest_only_with_trigger.py
[2024-12-21T19:07:51.362+0000] {logging_mixin.py:188} INFO - [2024-12-21T19:07:51.361+0000] {dag.py:3096} INFO - Sync 1 DAGs
[2024-12-21T19:07:51.389+0000] {logging_mixin.py:188} INFO - [2024-12-21T19:07:51.389+0000] {dag.py:3954} INFO - Setting next_dagrun for latest_only_with_trigger to 2024-12-21 12:00:00+00:00, run_after=2024-12-21 16:00:00+00:00
[2024-12-21T19:07:51.420+0000] {processor.py:183} INFO - Processing /home/airflow/.local/lib/python3.12/site-packages/airflow/example_dags/example_latest_only_with_trigger.py took 0.102 seconds
[2024-12-21T19:08:22.192+0000] {processor.py:161} INFO - Started process (PID=1295) to work on /home/airflow/.local/lib/python3.12/site-packages/airflow/example_dags/example_latest_only_with_trigger.py
[2024-12-21T19:08:22.193+0000] {processor.py:830} INFO - Processing file /home/airflow/.local/lib/python3.12/site-packages/airflow/example_dags/example_latest_only_with_trigger.py for tasks to queue
[2024-12-21T19:08:22.195+0000] {logging_mixin.py:188} INFO - [2024-12-21T19:08:22.195+0000] {dagbag.py:545} INFO - Filling up the DagBag from /home/airflow/.local/lib/python3.12/site-packages/airflow/example_dags/example_latest_only_with_trigger.py
[2024-12-21T19:08:22.201+0000] {processor.py:840} INFO - DAG(s) 'latest_only_with_trigger' retrieved from /home/airflow/.local/lib/python3.12/site-packages/airflow/example_dags/example_latest_only_with_trigger.py
[2024-12-21T19:08:22.225+0000] {logging_mixin.py:188} INFO - [2024-12-21T19:08:22.225+0000] {dag.py:3096} INFO - Sync 1 DAGs
[2024-12-21T19:08:22.249+0000] {logging_mixin.py:188} INFO - [2024-12-21T19:08:22.249+0000] {dag.py:3954} INFO - Setting next_dagrun for latest_only_with_trigger to 2024-12-21 12:00:00+00:00, run_after=2024-12-21 16:00:00+00:00
[2024-12-21T19:08:22.276+0000] {processor.py:183} INFO - Processing /home/airflow/.local/lib/python3.12/site-packages/airflow/example_dags/example_latest_only_with_trigger.py took 0.089 seconds
[2024-12-21T19:08:52.503+0000] {processor.py:161} INFO - Started process (PID=1353) to work on /home/airflow/.local/lib/python3.12/site-packages/airflow/example_dags/example_latest_only_with_trigger.py
[2024-12-21T19:08:52.505+0000] {processor.py:830} INFO - Processing file /home/airflow/.local/lib/python3.12/site-packages/airflow/example_dags/example_latest_only_with_trigger.py for tasks to queue
[2024-12-21T19:08:52.509+0000] {logging_mixin.py:188} INFO - [2024-12-21T19:08:52.508+0000] {dagbag.py:545} INFO - Filling up the DagBag from /home/airflow/.local/lib/python3.12/site-packages/airflow/example_dags/example_latest_only_with_trigger.py
[2024-12-21T19:08:52.518+0000] {processor.py:840} INFO - DAG(s) 'latest_only_with_trigger' retrieved from /home/airflow/.local/lib/python3.12/site-packages/airflow/example_dags/example_latest_only_with_trigger.py
[2024-12-21T19:08:52.550+0000] {logging_mixin.py:188} INFO - [2024-12-21T19:08:52.550+0000] {dag.py:3096} INFO - Sync 1 DAGs
[2024-12-21T19:08:52.587+0000] {logging_mixin.py:188} INFO - [2024-12-21T19:08:52.587+0000] {dag.py:3954} INFO - Setting next_dagrun for latest_only_with_trigger to 2024-12-21 12:00:00+00:00, run_after=2024-12-21 16:00:00+00:00
[2024-12-21T19:08:52.631+0000] {processor.py:183} INFO - Processing /home/airflow/.local/lib/python3.12/site-packages/airflow/example_dags/example_latest_only_with_trigger.py took 0.136 seconds
[2024-12-21T19:09:23.657+0000] {processor.py:161} INFO - Started process (PID=1411) to work on /home/airflow/.local/lib/python3.12/site-packages/airflow/example_dags/example_latest_only_with_trigger.py
[2024-12-21T19:09:23.658+0000] {processor.py:830} INFO - Processing file /home/airflow/.local/lib/python3.12/site-packages/airflow/example_dags/example_latest_only_with_trigger.py for tasks to queue
[2024-12-21T19:09:23.661+0000] {logging_mixin.py:188} INFO - [2024-12-21T19:09:23.660+0000] {dagbag.py:545} INFO - Filling up the DagBag from /home/airflow/.local/lib/python3.12/site-packages/airflow/example_dags/example_latest_only_with_trigger.py
[2024-12-21T19:09:23.666+0000] {processor.py:840} INFO - DAG(s) 'latest_only_with_trigger' retrieved from /home/airflow/.local/lib/python3.12/site-packages/airflow/example_dags/example_latest_only_with_trigger.py
[2024-12-21T19:09:23.689+0000] {logging_mixin.py:188} INFO - [2024-12-21T19:09:23.689+0000] {dag.py:3096} INFO - Sync 1 DAGs
[2024-12-21T19:09:23.715+0000] {logging_mixin.py:188} INFO - [2024-12-21T19:09:23.715+0000] {dag.py:3954} INFO - Setting next_dagrun for latest_only_with_trigger to 2024-12-21 12:00:00+00:00, run_after=2024-12-21 16:00:00+00:00
[2024-12-21T19:09:23.741+0000] {processor.py:183} INFO - Processing /home/airflow/.local/lib/python3.12/site-packages/airflow/example_dags/example_latest_only_with_trigger.py took 0.092 seconds
[2024-12-21T19:09:54.335+0000] {processor.py:161} INFO - Started process (PID=1469) to work on /home/airflow/.local/lib/python3.12/site-packages/airflow/example_dags/example_latest_only_with_trigger.py
[2024-12-21T19:09:54.337+0000] {processor.py:830} INFO - Processing file /home/airflow/.local/lib/python3.12/site-packages/airflow/example_dags/example_latest_only_with_trigger.py for tasks to queue
[2024-12-21T19:09:54.339+0000] {logging_mixin.py:188} INFO - [2024-12-21T19:09:54.339+0000] {dagbag.py:545} INFO - Filling up the DagBag from /home/airflow/.local/lib/python3.12/site-packages/airflow/example_dags/example_latest_only_with_trigger.py
[2024-12-21T19:09:54.346+0000] {processor.py:840} INFO - DAG(s) 'latest_only_with_trigger' retrieved from /home/airflow/.local/lib/python3.12/site-packages/airflow/example_dags/example_latest_only_with_trigger.py
[2024-12-21T19:09:54.368+0000] {logging_mixin.py:188} INFO - [2024-12-21T19:09:54.368+0000] {dag.py:3096} INFO - Sync 1 DAGs
[2024-12-21T19:09:54.393+0000] {logging_mixin.py:188} INFO - [2024-12-21T19:09:54.393+0000] {dag.py:3954} INFO - Setting next_dagrun for latest_only_with_trigger to 2024-12-21 12:00:00+00:00, run_after=2024-12-21 16:00:00+00:00
[2024-12-21T19:09:54.420+0000] {processor.py:183} INFO - Processing /home/airflow/.local/lib/python3.12/site-packages/airflow/example_dags/example_latest_only_with_trigger.py took 0.090 seconds
[2024-12-21T19:10:24.652+0000] {processor.py:161} INFO - Started process (PID=1527) to work on /home/airflow/.local/lib/python3.12/site-packages/airflow/example_dags/example_latest_only_with_trigger.py
[2024-12-21T19:10:24.653+0000] {processor.py:830} INFO - Processing file /home/airflow/.local/lib/python3.12/site-packages/airflow/example_dags/example_latest_only_with_trigger.py for tasks to queue
[2024-12-21T19:10:24.656+0000] {logging_mixin.py:188} INFO - [2024-12-21T19:10:24.655+0000] {dagbag.py:545} INFO - Filling up the DagBag from /home/airflow/.local/lib/python3.12/site-packages/airflow/example_dags/example_latest_only_with_trigger.py
[2024-12-21T19:10:24.661+0000] {processor.py:840} INFO - DAG(s) 'latest_only_with_trigger' retrieved from /home/airflow/.local/lib/python3.12/site-packages/airflow/example_dags/example_latest_only_with_trigger.py
[2024-12-21T19:10:24.687+0000] {logging_mixin.py:188} INFO - [2024-12-21T19:10:24.687+0000] {dag.py:3096} INFO - Sync 1 DAGs
[2024-12-21T19:10:24.716+0000] {logging_mixin.py:188} INFO - [2024-12-21T19:10:24.715+0000] {dag.py:3954} INFO - Setting next_dagrun for latest_only_with_trigger to 2024-12-21 12:00:00+00:00, run_after=2024-12-21 16:00:00+00:00
[2024-12-21T19:10:24.741+0000] {processor.py:183} INFO - Processing /home/airflow/.local/lib/python3.12/site-packages/airflow/example_dags/example_latest_only_with_trigger.py took 0.094 seconds
[2024-12-21T19:10:54.830+0000] {processor.py:161} INFO - Started process (PID=1585) to work on /home/airflow/.local/lib/python3.12/site-packages/airflow/example_dags/example_latest_only_with_trigger.py
[2024-12-21T19:10:54.831+0000] {processor.py:830} INFO - Processing file /home/airflow/.local/lib/python3.12/site-packages/airflow/example_dags/example_latest_only_with_trigger.py for tasks to queue
[2024-12-21T19:10:54.834+0000] {logging_mixin.py:188} INFO - [2024-12-21T19:10:54.833+0000] {dagbag.py:545} INFO - Filling up the DagBag from /home/airflow/.local/lib/python3.12/site-packages/airflow/example_dags/example_latest_only_with_trigger.py
[2024-12-21T19:10:54.840+0000] {processor.py:840} INFO - DAG(s) 'latest_only_with_trigger' retrieved from /home/airflow/.local/lib/python3.12/site-packages/airflow/example_dags/example_latest_only_with_trigger.py
[2024-12-21T19:10:54.869+0000] {logging_mixin.py:188} INFO - [2024-12-21T19:10:54.869+0000] {dag.py:3096} INFO - Sync 1 DAGs
[2024-12-21T19:10:54.900+0000] {logging_mixin.py:188} INFO - [2024-12-21T19:10:54.899+0000] {dag.py:3954} INFO - Setting next_dagrun for latest_only_with_trigger to 2024-12-21 12:00:00+00:00, run_after=2024-12-21 16:00:00+00:00
[2024-12-21T19:10:54.936+0000] {processor.py:183} INFO - Processing /home/airflow/.local/lib/python3.12/site-packages/airflow/example_dags/example_latest_only_with_trigger.py took 0.112 seconds
[2024-12-21T19:11:25.372+0000] {processor.py:161} INFO - Started process (PID=1643) to work on /home/airflow/.local/lib/python3.12/site-packages/airflow/example_dags/example_latest_only_with_trigger.py
[2024-12-21T19:11:25.373+0000] {processor.py:830} INFO - Processing file /home/airflow/.local/lib/python3.12/site-packages/airflow/example_dags/example_latest_only_with_trigger.py for tasks to queue
[2024-12-21T19:11:25.376+0000] {logging_mixin.py:188} INFO - [2024-12-21T19:11:25.376+0000] {dagbag.py:545} INFO - Filling up the DagBag from /home/airflow/.local/lib/python3.12/site-packages/airflow/example_dags/example_latest_only_with_trigger.py
[2024-12-21T19:11:25.382+0000] {processor.py:840} INFO - DAG(s) 'latest_only_with_trigger' retrieved from /home/airflow/.local/lib/python3.12/site-packages/airflow/example_dags/example_latest_only_with_trigger.py
[2024-12-21T19:11:25.405+0000] {logging_mixin.py:188} INFO - [2024-12-21T19:11:25.405+0000] {dag.py:3096} INFO - Sync 1 DAGs
[2024-12-21T19:11:25.428+0000] {logging_mixin.py:188} INFO - [2024-12-21T19:11:25.428+0000] {dag.py:3954} INFO - Setting next_dagrun for latest_only_with_trigger to 2024-12-21 12:00:00+00:00, run_after=2024-12-21 16:00:00+00:00
[2024-12-21T19:11:25.456+0000] {processor.py:183} INFO - Processing /home/airflow/.local/lib/python3.12/site-packages/airflow/example_dags/example_latest_only_with_trigger.py took 0.089 seconds
[2024-12-21T19:11:55.943+0000] {processor.py:161} INFO - Started process (PID=1701) to work on /home/airflow/.local/lib/python3.12/site-packages/airflow/example_dags/example_latest_only_with_trigger.py
[2024-12-21T19:11:55.944+0000] {processor.py:830} INFO - Processing file /home/airflow/.local/lib/python3.12/site-packages/airflow/example_dags/example_latest_only_with_trigger.py for tasks to queue
[2024-12-21T19:11:55.948+0000] {logging_mixin.py:188} INFO - [2024-12-21T19:11:55.947+0000] {dagbag.py:545} INFO - Filling up the DagBag from /home/airflow/.local/lib/python3.12/site-packages/airflow/example_dags/example_latest_only_with_trigger.py
[2024-12-21T19:11:55.956+0000] {processor.py:840} INFO - DAG(s) 'latest_only_with_trigger' retrieved from /home/airflow/.local/lib/python3.12/site-packages/airflow/example_dags/example_latest_only_with_trigger.py
[2024-12-21T19:11:55.989+0000] {logging_mixin.py:188} INFO - [2024-12-21T19:11:55.989+0000] {dag.py:3096} INFO - Sync 1 DAGs
[2024-12-21T19:11:56.024+0000] {logging_mixin.py:188} INFO - [2024-12-21T19:11:56.023+0000] {dag.py:3954} INFO - Setting next_dagrun for latest_only_with_trigger to 2024-12-21 12:00:00+00:00, run_after=2024-12-21 16:00:00+00:00
[2024-12-21T19:11:56.057+0000] {processor.py:183} INFO - Processing /home/airflow/.local/lib/python3.12/site-packages/airflow/example_dags/example_latest_only_with_trigger.py took 0.121 seconds
[2024-12-21T19:12:26.844+0000] {processor.py:161} INFO - Started process (PID=1758) to work on /home/airflow/.local/lib/python3.12/site-packages/airflow/example_dags/example_latest_only_with_trigger.py
[2024-12-21T19:12:26.845+0000] {processor.py:830} INFO - Processing file /home/airflow/.local/lib/python3.12/site-packages/airflow/example_dags/example_latest_only_with_trigger.py for tasks to queue
[2024-12-21T19:12:26.848+0000] {logging_mixin.py:188} INFO - [2024-12-21T19:12:26.847+0000] {dagbag.py:545} INFO - Filling up the DagBag from /home/airflow/.local/lib/python3.12/site-packages/airflow/example_dags/example_latest_only_with_trigger.py
[2024-12-21T19:12:26.853+0000] {processor.py:840} INFO - DAG(s) 'latest_only_with_trigger' retrieved from /home/airflow/.local/lib/python3.12/site-packages/airflow/example_dags/example_latest_only_with_trigger.py
[2024-12-21T19:12:26.878+0000] {logging_mixin.py:188} INFO - [2024-12-21T19:12:26.878+0000] {dag.py:3096} INFO - Sync 1 DAGs
[2024-12-21T19:12:26.901+0000] {logging_mixin.py:188} INFO - [2024-12-21T19:12:26.901+0000] {dag.py:3954} INFO - Setting next_dagrun for latest_only_with_trigger to 2024-12-21 12:00:00+00:00, run_after=2024-12-21 16:00:00+00:00
[2024-12-21T19:12:26.927+0000] {processor.py:183} INFO - Processing /home/airflow/.local/lib/python3.12/site-packages/airflow/example_dags/example_latest_only_with_trigger.py took 0.088 seconds
