[2024-12-21T08:01:25.858+0000] {processor.py:161} INFO - Started process (PID=83) to work on /home/airflow/.local/lib/python3.12/site-packages/airflow/example_dags/example_complex.py
[2024-12-21T08:01:25.860+0000] {processor.py:830} INFO - Processing file /home/airflow/.local/lib/python3.12/site-packages/airflow/example_dags/example_complex.py for tasks to queue
[2024-12-21T08:01:25.863+0000] {logging_mixin.py:188} INFO - [2024-12-21T08:01:25.863+0000] {dagbag.py:545} INFO - Filling up the DagBag from /home/airflow/.local/lib/python3.12/site-packages/airflow/example_dags/example_complex.py
[2024-12-21T08:01:25.884+0000] {processor.py:840} INFO - DAG(s) 'example_complex' retrieved from /home/airflow/.local/lib/python3.12/site-packages/airflow/example_dags/example_complex.py
[2024-12-21T08:01:25.950+0000] {logging_mixin.py:188} INFO - [2024-12-21T08:01:25.950+0000] {dag.py:3096} INFO - Sync 1 DAGs
[2024-12-21T08:01:25.979+0000] {logging_mixin.py:188} INFO - [2024-12-21T08:01:25.978+0000] {dag.py:3954} INFO - Setting next_dagrun for example_complex to None, run_after=None
[2024-12-21T08:01:26.027+0000] {processor.py:183} INFO - Processing /home/airflow/.local/lib/python3.12/site-packages/airflow/example_dags/example_complex.py took 0.176 seconds
[2024-12-21T08:01:56.191+0000] {processor.py:161} INFO - Started process (PID=141) to work on /home/airflow/.local/lib/python3.12/site-packages/airflow/example_dags/example_complex.py
[2024-12-21T08:01:56.193+0000] {processor.py:830} INFO - Processing file /home/airflow/.local/lib/python3.12/site-packages/airflow/example_dags/example_complex.py for tasks to queue
[2024-12-21T08:01:56.195+0000] {logging_mixin.py:188} INFO - [2024-12-21T08:01:56.195+0000] {dagbag.py:545} INFO - Filling up the DagBag from /home/airflow/.local/lib/python3.12/site-packages/airflow/example_dags/example_complex.py
[2024-12-21T08:01:56.205+0000] {processor.py:840} INFO - DAG(s) 'example_complex' retrieved from /home/airflow/.local/lib/python3.12/site-packages/airflow/example_dags/example_complex.py
[2024-12-21T08:01:56.240+0000] {logging_mixin.py:188} INFO - [2024-12-21T08:01:56.240+0000] {dag.py:3096} INFO - Sync 1 DAGs
[2024-12-21T08:01:56.255+0000] {logging_mixin.py:188} INFO - [2024-12-21T08:01:56.255+0000] {dag.py:3954} INFO - Setting next_dagrun for example_complex to None, run_after=None
[2024-12-21T08:01:56.283+0000] {processor.py:183} INFO - Processing /home/airflow/.local/lib/python3.12/site-packages/airflow/example_dags/example_complex.py took 0.098 seconds
[2024-12-21T08:02:27.348+0000] {processor.py:161} INFO - Started process (PID=199) to work on /home/airflow/.local/lib/python3.12/site-packages/airflow/example_dags/example_complex.py
[2024-12-21T08:02:27.350+0000] {processor.py:830} INFO - Processing file /home/airflow/.local/lib/python3.12/site-packages/airflow/example_dags/example_complex.py for tasks to queue
[2024-12-21T08:02:27.353+0000] {logging_mixin.py:188} INFO - [2024-12-21T08:02:27.352+0000] {dagbag.py:545} INFO - Filling up the DagBag from /home/airflow/.local/lib/python3.12/site-packages/airflow/example_dags/example_complex.py
[2024-12-21T08:02:27.366+0000] {processor.py:840} INFO - DAG(s) 'example_complex' retrieved from /home/airflow/.local/lib/python3.12/site-packages/airflow/example_dags/example_complex.py
[2024-12-21T08:02:27.437+0000] {logging_mixin.py:188} INFO - [2024-12-21T08:02:27.436+0000] {dag.py:3096} INFO - Sync 1 DAGs
[2024-12-21T08:02:27.466+0000] {logging_mixin.py:188} INFO - [2024-12-21T08:02:27.464+0000] {dag.py:3954} INFO - Setting next_dagrun for example_complex to None, run_after=None
[2024-12-21T08:02:27.516+0000] {processor.py:183} INFO - Processing /home/airflow/.local/lib/python3.12/site-packages/airflow/example_dags/example_complex.py took 0.177 seconds
[2024-12-21T08:02:58.120+0000] {processor.py:161} INFO - Started process (PID=257) to work on /home/airflow/.local/lib/python3.12/site-packages/airflow/example_dags/example_complex.py
[2024-12-21T08:02:58.121+0000] {processor.py:830} INFO - Processing file /home/airflow/.local/lib/python3.12/site-packages/airflow/example_dags/example_complex.py for tasks to queue
[2024-12-21T08:02:58.124+0000] {logging_mixin.py:188} INFO - [2024-12-21T08:02:58.123+0000] {dagbag.py:545} INFO - Filling up the DagBag from /home/airflow/.local/lib/python3.12/site-packages/airflow/example_dags/example_complex.py
[2024-12-21T08:02:58.134+0000] {processor.py:840} INFO - DAG(s) 'example_complex' retrieved from /home/airflow/.local/lib/python3.12/site-packages/airflow/example_dags/example_complex.py
[2024-12-21T08:02:58.169+0000] {logging_mixin.py:188} INFO - [2024-12-21T08:02:58.168+0000] {dag.py:3096} INFO - Sync 1 DAGs
[2024-12-21T08:02:58.184+0000] {logging_mixin.py:188} INFO - [2024-12-21T08:02:58.183+0000] {dag.py:3954} INFO - Setting next_dagrun for example_complex to None, run_after=None
[2024-12-21T08:02:58.211+0000] {processor.py:183} INFO - Processing /home/airflow/.local/lib/python3.12/site-packages/airflow/example_dags/example_complex.py took 0.097 seconds
[2024-12-21T08:03:29.570+0000] {processor.py:161} INFO - Started process (PID=315) to work on /home/airflow/.local/lib/python3.12/site-packages/airflow/example_dags/example_complex.py
[2024-12-21T08:03:29.572+0000] {processor.py:830} INFO - Processing file /home/airflow/.local/lib/python3.12/site-packages/airflow/example_dags/example_complex.py for tasks to queue
[2024-12-21T08:03:29.579+0000] {logging_mixin.py:188} INFO - [2024-12-21T08:03:29.577+0000] {dagbag.py:545} INFO - Filling up the DagBag from /home/airflow/.local/lib/python3.12/site-packages/airflow/example_dags/example_complex.py
[2024-12-21T08:03:29.605+0000] {processor.py:840} INFO - DAG(s) 'example_complex' retrieved from /home/airflow/.local/lib/python3.12/site-packages/airflow/example_dags/example_complex.py
[2024-12-21T08:03:29.700+0000] {logging_mixin.py:188} INFO - [2024-12-21T08:03:29.699+0000] {dag.py:3096} INFO - Sync 1 DAGs
[2024-12-21T08:03:29.739+0000] {logging_mixin.py:188} INFO - [2024-12-21T08:03:29.739+0000] {dag.py:3954} INFO - Setting next_dagrun for example_complex to None, run_after=None
[2024-12-21T08:03:29.806+0000] {processor.py:183} INFO - Processing /home/airflow/.local/lib/python3.12/site-packages/airflow/example_dags/example_complex.py took 0.250 seconds
[2024-12-21T08:04:00.103+0000] {processor.py:161} INFO - Started process (PID=373) to work on /home/airflow/.local/lib/python3.12/site-packages/airflow/example_dags/example_complex.py
[2024-12-21T08:04:00.104+0000] {processor.py:830} INFO - Processing file /home/airflow/.local/lib/python3.12/site-packages/airflow/example_dags/example_complex.py for tasks to queue
[2024-12-21T08:04:00.106+0000] {logging_mixin.py:188} INFO - [2024-12-21T08:04:00.106+0000] {dagbag.py:545} INFO - Filling up the DagBag from /home/airflow/.local/lib/python3.12/site-packages/airflow/example_dags/example_complex.py
[2024-12-21T08:04:00.119+0000] {processor.py:840} INFO - DAG(s) 'example_complex' retrieved from /home/airflow/.local/lib/python3.12/site-packages/airflow/example_dags/example_complex.py
[2024-12-21T08:04:00.159+0000] {logging_mixin.py:188} INFO - [2024-12-21T08:04:00.159+0000] {dag.py:3096} INFO - Sync 1 DAGs
[2024-12-21T08:04:00.178+0000] {logging_mixin.py:188} INFO - [2024-12-21T08:04:00.178+0000] {dag.py:3954} INFO - Setting next_dagrun for example_complex to None, run_after=None
[2024-12-21T08:04:00.207+0000] {processor.py:183} INFO - Processing /home/airflow/.local/lib/python3.12/site-packages/airflow/example_dags/example_complex.py took 0.111 seconds
[2024-12-21T08:04:30.430+0000] {processor.py:161} INFO - Started process (PID=431) to work on /home/airflow/.local/lib/python3.12/site-packages/airflow/example_dags/example_complex.py
[2024-12-21T08:04:30.432+0000] {processor.py:830} INFO - Processing file /home/airflow/.local/lib/python3.12/site-packages/airflow/example_dags/example_complex.py for tasks to queue
[2024-12-21T08:04:30.434+0000] {logging_mixin.py:188} INFO - [2024-12-21T08:04:30.433+0000] {dagbag.py:545} INFO - Filling up the DagBag from /home/airflow/.local/lib/python3.12/site-packages/airflow/example_dags/example_complex.py
[2024-12-21T08:04:30.445+0000] {processor.py:840} INFO - DAG(s) 'example_complex' retrieved from /home/airflow/.local/lib/python3.12/site-packages/airflow/example_dags/example_complex.py
[2024-12-21T08:04:30.484+0000] {logging_mixin.py:188} INFO - [2024-12-21T08:04:30.484+0000] {dag.py:3096} INFO - Sync 1 DAGs
[2024-12-21T08:04:30.498+0000] {logging_mixin.py:188} INFO - [2024-12-21T08:04:30.497+0000] {dag.py:3954} INFO - Setting next_dagrun for example_complex to None, run_after=None
[2024-12-21T08:04:30.525+0000] {processor.py:183} INFO - Processing /home/airflow/.local/lib/python3.12/site-packages/airflow/example_dags/example_complex.py took 0.100 seconds
[2024-12-21T08:05:00.650+0000] {processor.py:161} INFO - Started process (PID=489) to work on /home/airflow/.local/lib/python3.12/site-packages/airflow/example_dags/example_complex.py
[2024-12-21T08:05:00.652+0000] {processor.py:830} INFO - Processing file /home/airflow/.local/lib/python3.12/site-packages/airflow/example_dags/example_complex.py for tasks to queue
[2024-12-21T08:05:00.655+0000] {logging_mixin.py:188} INFO - [2024-12-21T08:05:00.655+0000] {dagbag.py:545} INFO - Filling up the DagBag from /home/airflow/.local/lib/python3.12/site-packages/airflow/example_dags/example_complex.py
[2024-12-21T08:05:00.673+0000] {processor.py:840} INFO - DAG(s) 'example_complex' retrieved from /home/airflow/.local/lib/python3.12/site-packages/airflow/example_dags/example_complex.py
[2024-12-21T08:05:00.730+0000] {logging_mixin.py:188} INFO - [2024-12-21T08:05:00.729+0000] {dag.py:3096} INFO - Sync 1 DAGs
[2024-12-21T08:05:00.752+0000] {logging_mixin.py:188} INFO - [2024-12-21T08:05:00.752+0000] {dag.py:3954} INFO - Setting next_dagrun for example_complex to None, run_after=None
[2024-12-21T08:05:00.800+0000] {processor.py:183} INFO - Processing /home/airflow/.local/lib/python3.12/site-packages/airflow/example_dags/example_complex.py took 0.159 seconds
[2024-12-21T18:50:57.464+0000] {processor.py:161} INFO - Started process (PID=84) to work on /home/airflow/.local/lib/python3.12/site-packages/airflow/example_dags/example_complex.py
[2024-12-21T18:50:57.466+0000] {processor.py:830} INFO - Processing file /home/airflow/.local/lib/python3.12/site-packages/airflow/example_dags/example_complex.py for tasks to queue
[2024-12-21T18:50:57.470+0000] {logging_mixin.py:188} INFO - [2024-12-21T18:50:57.469+0000] {dagbag.py:545} INFO - Filling up the DagBag from /home/airflow/.local/lib/python3.12/site-packages/airflow/example_dags/example_complex.py
[2024-12-21T18:50:57.493+0000] {processor.py:840} INFO - DAG(s) 'example_complex' retrieved from /home/airflow/.local/lib/python3.12/site-packages/airflow/example_dags/example_complex.py
[2024-12-21T18:50:57.544+0000] {logging_mixin.py:188} INFO - [2024-12-21T18:50:57.543+0000] {dag.py:3096} INFO - Sync 1 DAGs
[2024-12-21T18:50:57.562+0000] {logging_mixin.py:188} INFO - [2024-12-21T18:50:57.562+0000] {dag.py:3954} INFO - Setting next_dagrun for example_complex to None, run_after=None
[2024-12-21T18:50:57.596+0000] {processor.py:183} INFO - Processing /home/airflow/.local/lib/python3.12/site-packages/airflow/example_dags/example_complex.py took 0.145 seconds
[2024-12-21T18:51:27.946+0000] {processor.py:161} INFO - Started process (PID=142) to work on /home/airflow/.local/lib/python3.12/site-packages/airflow/example_dags/example_complex.py
[2024-12-21T18:51:27.947+0000] {processor.py:830} INFO - Processing file /home/airflow/.local/lib/python3.12/site-packages/airflow/example_dags/example_complex.py for tasks to queue
[2024-12-21T18:51:27.950+0000] {logging_mixin.py:188} INFO - [2024-12-21T18:51:27.949+0000] {dagbag.py:545} INFO - Filling up the DagBag from /home/airflow/.local/lib/python3.12/site-packages/airflow/example_dags/example_complex.py
[2024-12-21T18:51:27.961+0000] {processor.py:840} INFO - DAG(s) 'example_complex' retrieved from /home/airflow/.local/lib/python3.12/site-packages/airflow/example_dags/example_complex.py
[2024-12-21T18:51:28.001+0000] {logging_mixin.py:188} INFO - [2024-12-21T18:51:28.000+0000] {dag.py:3096} INFO - Sync 1 DAGs
[2024-12-21T18:51:28.016+0000] {logging_mixin.py:188} INFO - [2024-12-21T18:51:28.016+0000] {dag.py:3954} INFO - Setting next_dagrun for example_complex to None, run_after=None
[2024-12-21T18:51:28.046+0000] {processor.py:183} INFO - Processing /home/airflow/.local/lib/python3.12/site-packages/airflow/example_dags/example_complex.py took 0.105 seconds
[2024-12-21T18:51:58.358+0000] {processor.py:161} INFO - Started process (PID=200) to work on /home/airflow/.local/lib/python3.12/site-packages/airflow/example_dags/example_complex.py
[2024-12-21T18:51:58.360+0000] {processor.py:830} INFO - Processing file /home/airflow/.local/lib/python3.12/site-packages/airflow/example_dags/example_complex.py for tasks to queue
[2024-12-21T18:51:58.362+0000] {logging_mixin.py:188} INFO - [2024-12-21T18:51:58.362+0000] {dagbag.py:545} INFO - Filling up the DagBag from /home/airflow/.local/lib/python3.12/site-packages/airflow/example_dags/example_complex.py
[2024-12-21T18:51:58.372+0000] {processor.py:840} INFO - DAG(s) 'example_complex' retrieved from /home/airflow/.local/lib/python3.12/site-packages/airflow/example_dags/example_complex.py
[2024-12-21T18:51:58.417+0000] {logging_mixin.py:188} INFO - [2024-12-21T18:51:58.417+0000] {dag.py:3096} INFO - Sync 1 DAGs
[2024-12-21T18:51:58.432+0000] {logging_mixin.py:188} INFO - [2024-12-21T18:51:58.432+0000] {dag.py:3954} INFO - Setting next_dagrun for example_complex to None, run_after=None
[2024-12-21T18:51:58.462+0000] {processor.py:183} INFO - Processing /home/airflow/.local/lib/python3.12/site-packages/airflow/example_dags/example_complex.py took 0.110 seconds
[2024-12-21T18:52:28.634+0000] {processor.py:161} INFO - Started process (PID=258) to work on /home/airflow/.local/lib/python3.12/site-packages/airflow/example_dags/example_complex.py
[2024-12-21T18:52:28.636+0000] {processor.py:830} INFO - Processing file /home/airflow/.local/lib/python3.12/site-packages/airflow/example_dags/example_complex.py for tasks to queue
[2024-12-21T18:52:28.638+0000] {logging_mixin.py:188} INFO - [2024-12-21T18:52:28.637+0000] {dagbag.py:545} INFO - Filling up the DagBag from /home/airflow/.local/lib/python3.12/site-packages/airflow/example_dags/example_complex.py
[2024-12-21T18:52:28.653+0000] {processor.py:840} INFO - DAG(s) 'example_complex' retrieved from /home/airflow/.local/lib/python3.12/site-packages/airflow/example_dags/example_complex.py
[2024-12-21T18:52:28.690+0000] {logging_mixin.py:188} INFO - [2024-12-21T18:52:28.690+0000] {dag.py:3096} INFO - Sync 1 DAGs
[2024-12-21T18:52:28.705+0000] {logging_mixin.py:188} INFO - [2024-12-21T18:52:28.705+0000] {dag.py:3954} INFO - Setting next_dagrun for example_complex to None, run_after=None
[2024-12-21T18:52:28.735+0000] {processor.py:183} INFO - Processing /home/airflow/.local/lib/python3.12/site-packages/airflow/example_dags/example_complex.py took 0.106 seconds
[2024-12-21T18:57:42.023+0000] {processor.py:161} INFO - Started process (PID=79) to work on /home/airflow/.local/lib/python3.12/site-packages/airflow/example_dags/example_complex.py
[2024-12-21T18:57:42.025+0000] {processor.py:830} INFO - Processing file /home/airflow/.local/lib/python3.12/site-packages/airflow/example_dags/example_complex.py for tasks to queue
[2024-12-21T18:57:42.030+0000] {logging_mixin.py:188} INFO - [2024-12-21T18:57:42.030+0000] {dagbag.py:545} INFO - Filling up the DagBag from /home/airflow/.local/lib/python3.12/site-packages/airflow/example_dags/example_complex.py
[2024-12-21T18:57:42.057+0000] {processor.py:840} INFO - DAG(s) 'example_complex' retrieved from /home/airflow/.local/lib/python3.12/site-packages/airflow/example_dags/example_complex.py
[2024-12-21T18:57:42.126+0000] {logging_mixin.py:188} INFO - [2024-12-21T18:57:42.125+0000] {dag.py:3096} INFO - Sync 1 DAGs
[2024-12-21T18:57:42.145+0000] {logging_mixin.py:188} INFO - [2024-12-21T18:57:42.145+0000] {dag.py:3954} INFO - Setting next_dagrun for example_complex to None, run_after=None
[2024-12-21T18:57:42.184+0000] {processor.py:183} INFO - Processing /home/airflow/.local/lib/python3.12/site-packages/airflow/example_dags/example_complex.py took 0.170 seconds
[2024-12-21T18:58:12.367+0000] {processor.py:161} INFO - Started process (PID=142) to work on /home/airflow/.local/lib/python3.12/site-packages/airflow/example_dags/example_complex.py
[2024-12-21T18:58:12.368+0000] {processor.py:830} INFO - Processing file /home/airflow/.local/lib/python3.12/site-packages/airflow/example_dags/example_complex.py for tasks to queue
[2024-12-21T18:58:12.371+0000] {logging_mixin.py:188} INFO - [2024-12-21T18:58:12.371+0000] {dagbag.py:545} INFO - Filling up the DagBag from /home/airflow/.local/lib/python3.12/site-packages/airflow/example_dags/example_complex.py
[2024-12-21T18:58:12.382+0000] {processor.py:840} INFO - DAG(s) 'example_complex' retrieved from /home/airflow/.local/lib/python3.12/site-packages/airflow/example_dags/example_complex.py
[2024-12-21T18:58:12.419+0000] {logging_mixin.py:188} INFO - [2024-12-21T18:58:12.418+0000] {dag.py:3096} INFO - Sync 1 DAGs
[2024-12-21T18:58:12.432+0000] {logging_mixin.py:188} INFO - [2024-12-21T18:58:12.432+0000] {dag.py:3954} INFO - Setting next_dagrun for example_complex to None, run_after=None
[2024-12-21T18:58:12.459+0000] {processor.py:183} INFO - Processing /home/airflow/.local/lib/python3.12/site-packages/airflow/example_dags/example_complex.py took 0.097 seconds
[2024-12-21T18:58:42.820+0000] {processor.py:161} INFO - Started process (PID=200) to work on /home/airflow/.local/lib/python3.12/site-packages/airflow/example_dags/example_complex.py
[2024-12-21T18:58:42.821+0000] {processor.py:830} INFO - Processing file /home/airflow/.local/lib/python3.12/site-packages/airflow/example_dags/example_complex.py for tasks to queue
[2024-12-21T18:58:42.824+0000] {logging_mixin.py:188} INFO - [2024-12-21T18:58:42.824+0000] {dagbag.py:545} INFO - Filling up the DagBag from /home/airflow/.local/lib/python3.12/site-packages/airflow/example_dags/example_complex.py
[2024-12-21T18:58:42.840+0000] {processor.py:840} INFO - DAG(s) 'example_complex' retrieved from /home/airflow/.local/lib/python3.12/site-packages/airflow/example_dags/example_complex.py
[2024-12-21T18:58:42.920+0000] {logging_mixin.py:188} INFO - [2024-12-21T18:58:42.919+0000] {dag.py:3096} INFO - Sync 1 DAGs
[2024-12-21T18:58:42.949+0000] {logging_mixin.py:188} INFO - [2024-12-21T18:58:42.949+0000] {dag.py:3954} INFO - Setting next_dagrun for example_complex to None, run_after=None
[2024-12-21T18:58:42.987+0000] {processor.py:183} INFO - Processing /home/airflow/.local/lib/python3.12/site-packages/airflow/example_dags/example_complex.py took 0.173 seconds
[2024-12-21T18:59:13.251+0000] {processor.py:161} INFO - Started process (PID=258) to work on /home/airflow/.local/lib/python3.12/site-packages/airflow/example_dags/example_complex.py
[2024-12-21T18:59:13.253+0000] {processor.py:830} INFO - Processing file /home/airflow/.local/lib/python3.12/site-packages/airflow/example_dags/example_complex.py for tasks to queue
[2024-12-21T18:59:13.255+0000] {logging_mixin.py:188} INFO - [2024-12-21T18:59:13.254+0000] {dagbag.py:545} INFO - Filling up the DagBag from /home/airflow/.local/lib/python3.12/site-packages/airflow/example_dags/example_complex.py
[2024-12-21T18:59:13.267+0000] {processor.py:840} INFO - DAG(s) 'example_complex' retrieved from /home/airflow/.local/lib/python3.12/site-packages/airflow/example_dags/example_complex.py
[2024-12-21T18:59:13.300+0000] {logging_mixin.py:188} INFO - [2024-12-21T18:59:13.300+0000] {dag.py:3096} INFO - Sync 1 DAGs
[2024-12-21T18:59:13.315+0000] {logging_mixin.py:188} INFO - [2024-12-21T18:59:13.314+0000] {dag.py:3954} INFO - Setting next_dagrun for example_complex to None, run_after=None
[2024-12-21T18:59:13.341+0000] {processor.py:183} INFO - Processing /home/airflow/.local/lib/python3.12/site-packages/airflow/example_dags/example_complex.py took 0.095 seconds
[2024-12-21T18:59:44.310+0000] {processor.py:161} INFO - Started process (PID=316) to work on /home/airflow/.local/lib/python3.12/site-packages/airflow/example_dags/example_complex.py
[2024-12-21T18:59:44.312+0000] {processor.py:830} INFO - Processing file /home/airflow/.local/lib/python3.12/site-packages/airflow/example_dags/example_complex.py for tasks to queue
[2024-12-21T18:59:44.315+0000] {logging_mixin.py:188} INFO - [2024-12-21T18:59:44.314+0000] {dagbag.py:545} INFO - Filling up the DagBag from /home/airflow/.local/lib/python3.12/site-packages/airflow/example_dags/example_complex.py
[2024-12-21T18:59:44.325+0000] {processor.py:840} INFO - DAG(s) 'example_complex' retrieved from /home/airflow/.local/lib/python3.12/site-packages/airflow/example_dags/example_complex.py
[2024-12-21T18:59:44.373+0000] {logging_mixin.py:188} INFO - [2024-12-21T18:59:44.373+0000] {dag.py:3096} INFO - Sync 1 DAGs
[2024-12-21T18:59:44.388+0000] {logging_mixin.py:188} INFO - [2024-12-21T18:59:44.388+0000] {dag.py:3954} INFO - Setting next_dagrun for example_complex to None, run_after=None
[2024-12-21T18:59:44.415+0000] {processor.py:183} INFO - Processing /home/airflow/.local/lib/python3.12/site-packages/airflow/example_dags/example_complex.py took 0.110 seconds
[2024-12-21T19:00:14.640+0000] {processor.py:161} INFO - Started process (PID=374) to work on /home/airflow/.local/lib/python3.12/site-packages/airflow/example_dags/example_complex.py
[2024-12-21T19:00:14.641+0000] {processor.py:830} INFO - Processing file /home/airflow/.local/lib/python3.12/site-packages/airflow/example_dags/example_complex.py for tasks to queue
[2024-12-21T19:00:14.644+0000] {logging_mixin.py:188} INFO - [2024-12-21T19:00:14.643+0000] {dagbag.py:545} INFO - Filling up the DagBag from /home/airflow/.local/lib/python3.12/site-packages/airflow/example_dags/example_complex.py
[2024-12-21T19:00:14.653+0000] {processor.py:840} INFO - DAG(s) 'example_complex' retrieved from /home/airflow/.local/lib/python3.12/site-packages/airflow/example_dags/example_complex.py
[2024-12-21T19:00:14.690+0000] {logging_mixin.py:188} INFO - [2024-12-21T19:00:14.689+0000] {dag.py:3096} INFO - Sync 1 DAGs
[2024-12-21T19:00:14.705+0000] {logging_mixin.py:188} INFO - [2024-12-21T19:00:14.705+0000] {dag.py:3954} INFO - Setting next_dagrun for example_complex to None, run_after=None
[2024-12-21T19:00:14.733+0000] {processor.py:183} INFO - Processing /home/airflow/.local/lib/python3.12/site-packages/airflow/example_dags/example_complex.py took 0.098 seconds
[2024-12-21T19:00:45.748+0000] {processor.py:161} INFO - Started process (PID=432) to work on /home/airflow/.local/lib/python3.12/site-packages/airflow/example_dags/example_complex.py
[2024-12-21T19:00:45.750+0000] {processor.py:830} INFO - Processing file /home/airflow/.local/lib/python3.12/site-packages/airflow/example_dags/example_complex.py for tasks to queue
[2024-12-21T19:00:45.752+0000] {logging_mixin.py:188} INFO - [2024-12-21T19:00:45.752+0000] {dagbag.py:545} INFO - Filling up the DagBag from /home/airflow/.local/lib/python3.12/site-packages/airflow/example_dags/example_complex.py
[2024-12-21T19:00:45.764+0000] {processor.py:840} INFO - DAG(s) 'example_complex' retrieved from /home/airflow/.local/lib/python3.12/site-packages/airflow/example_dags/example_complex.py
[2024-12-21T19:00:45.802+0000] {logging_mixin.py:188} INFO - [2024-12-21T19:00:45.801+0000] {dag.py:3096} INFO - Sync 1 DAGs
[2024-12-21T19:00:45.818+0000] {logging_mixin.py:188} INFO - [2024-12-21T19:00:45.818+0000] {dag.py:3954} INFO - Setting next_dagrun for example_complex to None, run_after=None
[2024-12-21T19:00:45.849+0000] {processor.py:183} INFO - Processing /home/airflow/.local/lib/python3.12/site-packages/airflow/example_dags/example_complex.py took 0.108 seconds
[2024-12-21T19:01:16.031+0000] {processor.py:161} INFO - Started process (PID=490) to work on /home/airflow/.local/lib/python3.12/site-packages/airflow/example_dags/example_complex.py
[2024-12-21T19:01:16.033+0000] {processor.py:830} INFO - Processing file /home/airflow/.local/lib/python3.12/site-packages/airflow/example_dags/example_complex.py for tasks to queue
[2024-12-21T19:01:16.035+0000] {logging_mixin.py:188} INFO - [2024-12-21T19:01:16.034+0000] {dagbag.py:545} INFO - Filling up the DagBag from /home/airflow/.local/lib/python3.12/site-packages/airflow/example_dags/example_complex.py
[2024-12-21T19:01:16.044+0000] {processor.py:840} INFO - DAG(s) 'example_complex' retrieved from /home/airflow/.local/lib/python3.12/site-packages/airflow/example_dags/example_complex.py
[2024-12-21T19:01:16.078+0000] {logging_mixin.py:188} INFO - [2024-12-21T19:01:16.078+0000] {dag.py:3096} INFO - Sync 1 DAGs
[2024-12-21T19:01:16.091+0000] {logging_mixin.py:188} INFO - [2024-12-21T19:01:16.091+0000] {dag.py:3954} INFO - Setting next_dagrun for example_complex to None, run_after=None
[2024-12-21T19:01:16.119+0000] {processor.py:183} INFO - Processing /home/airflow/.local/lib/python3.12/site-packages/airflow/example_dags/example_complex.py took 0.094 seconds
[2024-12-21T19:01:46.788+0000] {processor.py:161} INFO - Started process (PID=548) to work on /home/airflow/.local/lib/python3.12/site-packages/airflow/example_dags/example_complex.py
[2024-12-21T19:01:46.789+0000] {processor.py:830} INFO - Processing file /home/airflow/.local/lib/python3.12/site-packages/airflow/example_dags/example_complex.py for tasks to queue
[2024-12-21T19:01:46.792+0000] {logging_mixin.py:188} INFO - [2024-12-21T19:01:46.792+0000] {dagbag.py:545} INFO - Filling up the DagBag from /home/airflow/.local/lib/python3.12/site-packages/airflow/example_dags/example_complex.py
[2024-12-21T19:01:46.804+0000] {processor.py:840} INFO - DAG(s) 'example_complex' retrieved from /home/airflow/.local/lib/python3.12/site-packages/airflow/example_dags/example_complex.py
[2024-12-21T19:01:46.844+0000] {logging_mixin.py:188} INFO - [2024-12-21T19:01:46.843+0000] {dag.py:3096} INFO - Sync 1 DAGs
[2024-12-21T19:01:46.861+0000] {logging_mixin.py:188} INFO - [2024-12-21T19:01:46.860+0000] {dag.py:3954} INFO - Setting next_dagrun for example_complex to None, run_after=None
[2024-12-21T19:01:46.929+0000] {processor.py:183} INFO - Processing /home/airflow/.local/lib/python3.12/site-packages/airflow/example_dags/example_complex.py took 0.148 seconds
[2024-12-21T19:02:17.240+0000] {processor.py:161} INFO - Started process (PID=606) to work on /home/airflow/.local/lib/python3.12/site-packages/airflow/example_dags/example_complex.py
[2024-12-21T19:02:17.241+0000] {processor.py:830} INFO - Processing file /home/airflow/.local/lib/python3.12/site-packages/airflow/example_dags/example_complex.py for tasks to queue
[2024-12-21T19:02:17.244+0000] {logging_mixin.py:188} INFO - [2024-12-21T19:02:17.243+0000] {dagbag.py:545} INFO - Filling up the DagBag from /home/airflow/.local/lib/python3.12/site-packages/airflow/example_dags/example_complex.py
[2024-12-21T19:02:17.254+0000] {processor.py:840} INFO - DAG(s) 'example_complex' retrieved from /home/airflow/.local/lib/python3.12/site-packages/airflow/example_dags/example_complex.py
[2024-12-21T19:02:17.291+0000] {logging_mixin.py:188} INFO - [2024-12-21T19:02:17.291+0000] {dag.py:3096} INFO - Sync 1 DAGs
[2024-12-21T19:02:17.308+0000] {logging_mixin.py:188} INFO - [2024-12-21T19:02:17.308+0000] {dag.py:3954} INFO - Setting next_dagrun for example_complex to None, run_after=None
[2024-12-21T19:02:17.336+0000] {processor.py:183} INFO - Processing /home/airflow/.local/lib/python3.12/site-packages/airflow/example_dags/example_complex.py took 0.102 seconds
[2024-12-21T19:02:47.749+0000] {processor.py:161} INFO - Started process (PID=664) to work on /home/airflow/.local/lib/python3.12/site-packages/airflow/example_dags/example_complex.py
[2024-12-21T19:02:47.751+0000] {processor.py:830} INFO - Processing file /home/airflow/.local/lib/python3.12/site-packages/airflow/example_dags/example_complex.py for tasks to queue
[2024-12-21T19:02:47.754+0000] {logging_mixin.py:188} INFO - [2024-12-21T19:02:47.754+0000] {dagbag.py:545} INFO - Filling up the DagBag from /home/airflow/.local/lib/python3.12/site-packages/airflow/example_dags/example_complex.py
[2024-12-21T19:02:47.774+0000] {processor.py:840} INFO - DAG(s) 'example_complex' retrieved from /home/airflow/.local/lib/python3.12/site-packages/airflow/example_dags/example_complex.py
[2024-12-21T19:02:47.818+0000] {logging_mixin.py:188} INFO - [2024-12-21T19:02:47.817+0000] {dag.py:3096} INFO - Sync 1 DAGs
[2024-12-21T19:02:47.838+0000] {logging_mixin.py:188} INFO - [2024-12-21T19:02:47.837+0000] {dag.py:3954} INFO - Setting next_dagrun for example_complex to None, run_after=None
[2024-12-21T19:02:47.878+0000] {processor.py:183} INFO - Processing /home/airflow/.local/lib/python3.12/site-packages/airflow/example_dags/example_complex.py took 0.138 seconds
[2024-12-21T19:03:18.740+0000] {processor.py:161} INFO - Started process (PID=722) to work on /home/airflow/.local/lib/python3.12/site-packages/airflow/example_dags/example_complex.py
[2024-12-21T19:03:18.741+0000] {processor.py:830} INFO - Processing file /home/airflow/.local/lib/python3.12/site-packages/airflow/example_dags/example_complex.py for tasks to queue
[2024-12-21T19:03:18.743+0000] {logging_mixin.py:188} INFO - [2024-12-21T19:03:18.743+0000] {dagbag.py:545} INFO - Filling up the DagBag from /home/airflow/.local/lib/python3.12/site-packages/airflow/example_dags/example_complex.py
[2024-12-21T19:03:18.754+0000] {processor.py:840} INFO - DAG(s) 'example_complex' retrieved from /home/airflow/.local/lib/python3.12/site-packages/airflow/example_dags/example_complex.py
[2024-12-21T19:03:18.791+0000] {logging_mixin.py:188} INFO - [2024-12-21T19:03:18.791+0000] {dag.py:3096} INFO - Sync 1 DAGs
[2024-12-21T19:03:18.805+0000] {logging_mixin.py:188} INFO - [2024-12-21T19:03:18.804+0000] {dag.py:3954} INFO - Setting next_dagrun for example_complex to None, run_after=None
[2024-12-21T19:03:18.832+0000] {processor.py:183} INFO - Processing /home/airflow/.local/lib/python3.12/site-packages/airflow/example_dags/example_complex.py took 0.100 seconds
[2024-12-21T19:03:49.241+0000] {processor.py:161} INFO - Started process (PID=780) to work on /home/airflow/.local/lib/python3.12/site-packages/airflow/example_dags/example_complex.py
[2024-12-21T19:03:49.242+0000] {processor.py:830} INFO - Processing file /home/airflow/.local/lib/python3.12/site-packages/airflow/example_dags/example_complex.py for tasks to queue
[2024-12-21T19:03:49.245+0000] {logging_mixin.py:188} INFO - [2024-12-21T19:03:49.244+0000] {dagbag.py:545} INFO - Filling up the DagBag from /home/airflow/.local/lib/python3.12/site-packages/airflow/example_dags/example_complex.py
[2024-12-21T19:03:49.256+0000] {processor.py:840} INFO - DAG(s) 'example_complex' retrieved from /home/airflow/.local/lib/python3.12/site-packages/airflow/example_dags/example_complex.py
[2024-12-21T19:03:49.294+0000] {logging_mixin.py:188} INFO - [2024-12-21T19:03:49.294+0000] {dag.py:3096} INFO - Sync 1 DAGs
[2024-12-21T19:03:49.308+0000] {logging_mixin.py:188} INFO - [2024-12-21T19:03:49.308+0000] {dag.py:3954} INFO - Setting next_dagrun for example_complex to None, run_after=None
[2024-12-21T19:03:49.335+0000] {processor.py:183} INFO - Processing /home/airflow/.local/lib/python3.12/site-packages/airflow/example_dags/example_complex.py took 0.102 seconds
[2024-12-21T19:04:19.426+0000] {processor.py:161} INFO - Started process (PID=838) to work on /home/airflow/.local/lib/python3.12/site-packages/airflow/example_dags/example_complex.py
[2024-12-21T19:04:19.428+0000] {processor.py:830} INFO - Processing file /home/airflow/.local/lib/python3.12/site-packages/airflow/example_dags/example_complex.py for tasks to queue
[2024-12-21T19:04:19.430+0000] {logging_mixin.py:188} INFO - [2024-12-21T19:04:19.429+0000] {dagbag.py:545} INFO - Filling up the DagBag from /home/airflow/.local/lib/python3.12/site-packages/airflow/example_dags/example_complex.py
[2024-12-21T19:04:19.440+0000] {processor.py:840} INFO - DAG(s) 'example_complex' retrieved from /home/airflow/.local/lib/python3.12/site-packages/airflow/example_dags/example_complex.py
[2024-12-21T19:04:19.485+0000] {logging_mixin.py:188} INFO - [2024-12-21T19:04:19.485+0000] {dag.py:3096} INFO - Sync 1 DAGs
[2024-12-21T19:04:19.500+0000] {logging_mixin.py:188} INFO - [2024-12-21T19:04:19.500+0000] {dag.py:3954} INFO - Setting next_dagrun for example_complex to None, run_after=None
[2024-12-21T19:04:19.528+0000] {processor.py:183} INFO - Processing /home/airflow/.local/lib/python3.12/site-packages/airflow/example_dags/example_complex.py took 0.107 seconds
[2024-12-21T19:04:50.394+0000] {processor.py:161} INFO - Started process (PID=896) to work on /home/airflow/.local/lib/python3.12/site-packages/airflow/example_dags/example_complex.py
[2024-12-21T19:04:50.395+0000] {processor.py:830} INFO - Processing file /home/airflow/.local/lib/python3.12/site-packages/airflow/example_dags/example_complex.py for tasks to queue
[2024-12-21T19:04:50.398+0000] {logging_mixin.py:188} INFO - [2024-12-21T19:04:50.397+0000] {dagbag.py:545} INFO - Filling up the DagBag from /home/airflow/.local/lib/python3.12/site-packages/airflow/example_dags/example_complex.py
[2024-12-21T19:04:50.409+0000] {processor.py:840} INFO - DAG(s) 'example_complex' retrieved from /home/airflow/.local/lib/python3.12/site-packages/airflow/example_dags/example_complex.py
[2024-12-21T19:04:50.465+0000] {logging_mixin.py:188} INFO - [2024-12-21T19:04:50.464+0000] {dag.py:3096} INFO - Sync 1 DAGs
[2024-12-21T19:04:50.488+0000] {logging_mixin.py:188} INFO - [2024-12-21T19:04:50.487+0000] {dag.py:3954} INFO - Setting next_dagrun for example_complex to None, run_after=None
[2024-12-21T19:04:50.522+0000] {processor.py:183} INFO - Processing /home/airflow/.local/lib/python3.12/site-packages/airflow/example_dags/example_complex.py took 0.135 seconds
[2024-12-21T19:05:20.961+0000] {processor.py:161} INFO - Started process (PID=954) to work on /home/airflow/.local/lib/python3.12/site-packages/airflow/example_dags/example_complex.py
[2024-12-21T19:05:20.962+0000] {processor.py:830} INFO - Processing file /home/airflow/.local/lib/python3.12/site-packages/airflow/example_dags/example_complex.py for tasks to queue
[2024-12-21T19:05:20.964+0000] {logging_mixin.py:188} INFO - [2024-12-21T19:05:20.964+0000] {dagbag.py:545} INFO - Filling up the DagBag from /home/airflow/.local/lib/python3.12/site-packages/airflow/example_dags/example_complex.py
[2024-12-21T19:05:20.974+0000] {processor.py:840} INFO - DAG(s) 'example_complex' retrieved from /home/airflow/.local/lib/python3.12/site-packages/airflow/example_dags/example_complex.py
[2024-12-21T19:05:21.009+0000] {logging_mixin.py:188} INFO - [2024-12-21T19:05:21.009+0000] {dag.py:3096} INFO - Sync 1 DAGs
[2024-12-21T19:05:21.022+0000] {logging_mixin.py:188} INFO - [2024-12-21T19:05:21.022+0000] {dag.py:3954} INFO - Setting next_dagrun for example_complex to None, run_after=None
[2024-12-21T19:05:21.051+0000] {processor.py:183} INFO - Processing /home/airflow/.local/lib/python3.12/site-packages/airflow/example_dags/example_complex.py took 0.096 seconds
[2024-12-21T19:05:51.131+0000] {processor.py:161} INFO - Started process (PID=1011) to work on /home/airflow/.local/lib/python3.12/site-packages/airflow/example_dags/example_complex.py
[2024-12-21T19:05:51.133+0000] {processor.py:830} INFO - Processing file /home/airflow/.local/lib/python3.12/site-packages/airflow/example_dags/example_complex.py for tasks to queue
[2024-12-21T19:05:51.135+0000] {logging_mixin.py:188} INFO - [2024-12-21T19:05:51.134+0000] {dagbag.py:545} INFO - Filling up the DagBag from /home/airflow/.local/lib/python3.12/site-packages/airflow/example_dags/example_complex.py
[2024-12-21T19:05:51.145+0000] {processor.py:840} INFO - DAG(s) 'example_complex' retrieved from /home/airflow/.local/lib/python3.12/site-packages/airflow/example_dags/example_complex.py
[2024-12-21T19:05:51.184+0000] {logging_mixin.py:188} INFO - [2024-12-21T19:05:51.183+0000] {dag.py:3096} INFO - Sync 1 DAGs
[2024-12-21T19:05:51.198+0000] {logging_mixin.py:188} INFO - [2024-12-21T19:05:51.198+0000] {dag.py:3954} INFO - Setting next_dagrun for example_complex to None, run_after=None
[2024-12-21T19:05:51.223+0000] {processor.py:183} INFO - Processing /home/airflow/.local/lib/python3.12/site-packages/airflow/example_dags/example_complex.py took 0.097 seconds
[2024-12-21T19:06:21.731+0000] {processor.py:161} INFO - Started process (PID=1069) to work on /home/airflow/.local/lib/python3.12/site-packages/airflow/example_dags/example_complex.py
[2024-12-21T19:06:21.732+0000] {processor.py:830} INFO - Processing file /home/airflow/.local/lib/python3.12/site-packages/airflow/example_dags/example_complex.py for tasks to queue
[2024-12-21T19:06:21.734+0000] {logging_mixin.py:188} INFO - [2024-12-21T19:06:21.734+0000] {dagbag.py:545} INFO - Filling up the DagBag from /home/airflow/.local/lib/python3.12/site-packages/airflow/example_dags/example_complex.py
[2024-12-21T19:06:21.745+0000] {processor.py:840} INFO - DAG(s) 'example_complex' retrieved from /home/airflow/.local/lib/python3.12/site-packages/airflow/example_dags/example_complex.py
[2024-12-21T19:06:21.780+0000] {logging_mixin.py:188} INFO - [2024-12-21T19:06:21.780+0000] {dag.py:3096} INFO - Sync 1 DAGs
[2024-12-21T19:06:21.794+0000] {logging_mixin.py:188} INFO - [2024-12-21T19:06:21.794+0000] {dag.py:3954} INFO - Setting next_dagrun for example_complex to None, run_after=None
[2024-12-21T19:06:21.820+0000] {processor.py:183} INFO - Processing /home/airflow/.local/lib/python3.12/site-packages/airflow/example_dags/example_complex.py took 0.095 seconds
[2024-12-21T19:06:52.241+0000] {processor.py:161} INFO - Started process (PID=1127) to work on /home/airflow/.local/lib/python3.12/site-packages/airflow/example_dags/example_complex.py
[2024-12-21T19:06:52.242+0000] {processor.py:830} INFO - Processing file /home/airflow/.local/lib/python3.12/site-packages/airflow/example_dags/example_complex.py for tasks to queue
[2024-12-21T19:06:52.245+0000] {logging_mixin.py:188} INFO - [2024-12-21T19:06:52.244+0000] {dagbag.py:545} INFO - Filling up the DagBag from /home/airflow/.local/lib/python3.12/site-packages/airflow/example_dags/example_complex.py
[2024-12-21T19:06:52.257+0000] {processor.py:840} INFO - DAG(s) 'example_complex' retrieved from /home/airflow/.local/lib/python3.12/site-packages/airflow/example_dags/example_complex.py
[2024-12-21T19:06:52.294+0000] {logging_mixin.py:188} INFO - [2024-12-21T19:06:52.293+0000] {dag.py:3096} INFO - Sync 1 DAGs
[2024-12-21T19:06:52.310+0000] {logging_mixin.py:188} INFO - [2024-12-21T19:06:52.309+0000] {dag.py:3954} INFO - Setting next_dagrun for example_complex to None, run_after=None
[2024-12-21T19:06:52.352+0000] {processor.py:183} INFO - Processing /home/airflow/.local/lib/python3.12/site-packages/airflow/example_dags/example_complex.py took 0.117 seconds
[2024-12-21T19:07:22.658+0000] {processor.py:161} INFO - Started process (PID=1185) to work on /home/airflow/.local/lib/python3.12/site-packages/airflow/example_dags/example_complex.py
[2024-12-21T19:07:22.659+0000] {processor.py:830} INFO - Processing file /home/airflow/.local/lib/python3.12/site-packages/airflow/example_dags/example_complex.py for tasks to queue
[2024-12-21T19:07:22.661+0000] {logging_mixin.py:188} INFO - [2024-12-21T19:07:22.661+0000] {dagbag.py:545} INFO - Filling up the DagBag from /home/airflow/.local/lib/python3.12/site-packages/airflow/example_dags/example_complex.py
[2024-12-21T19:07:22.672+0000] {processor.py:840} INFO - DAG(s) 'example_complex' retrieved from /home/airflow/.local/lib/python3.12/site-packages/airflow/example_dags/example_complex.py
[2024-12-21T19:07:22.705+0000] {logging_mixin.py:188} INFO - [2024-12-21T19:07:22.705+0000] {dag.py:3096} INFO - Sync 1 DAGs
[2024-12-21T19:07:22.718+0000] {logging_mixin.py:188} INFO - [2024-12-21T19:07:22.718+0000] {dag.py:3954} INFO - Setting next_dagrun for example_complex to None, run_after=None
[2024-12-21T19:07:22.745+0000] {processor.py:183} INFO - Processing /home/airflow/.local/lib/python3.12/site-packages/airflow/example_dags/example_complex.py took 0.093 seconds
[2024-12-21T19:07:53.685+0000] {processor.py:161} INFO - Started process (PID=1243) to work on /home/airflow/.local/lib/python3.12/site-packages/airflow/example_dags/example_complex.py
[2024-12-21T19:07:53.686+0000] {processor.py:830} INFO - Processing file /home/airflow/.local/lib/python3.12/site-packages/airflow/example_dags/example_complex.py for tasks to queue
[2024-12-21T19:07:53.688+0000] {logging_mixin.py:188} INFO - [2024-12-21T19:07:53.688+0000] {dagbag.py:545} INFO - Filling up the DagBag from /home/airflow/.local/lib/python3.12/site-packages/airflow/example_dags/example_complex.py
[2024-12-21T19:07:53.700+0000] {processor.py:840} INFO - DAG(s) 'example_complex' retrieved from /home/airflow/.local/lib/python3.12/site-packages/airflow/example_dags/example_complex.py
[2024-12-21T19:07:53.748+0000] {logging_mixin.py:188} INFO - [2024-12-21T19:07:53.747+0000] {dag.py:3096} INFO - Sync 1 DAGs
[2024-12-21T19:07:53.773+0000] {logging_mixin.py:188} INFO - [2024-12-21T19:07:53.773+0000] {dag.py:3954} INFO - Setting next_dagrun for example_complex to None, run_after=None
[2024-12-21T19:07:53.815+0000] {processor.py:183} INFO - Processing /home/airflow/.local/lib/python3.12/site-packages/airflow/example_dags/example_complex.py took 0.136 seconds
[2024-12-21T19:08:24.506+0000] {processor.py:161} INFO - Started process (PID=1301) to work on /home/airflow/.local/lib/python3.12/site-packages/airflow/example_dags/example_complex.py
[2024-12-21T19:08:24.507+0000] {processor.py:830} INFO - Processing file /home/airflow/.local/lib/python3.12/site-packages/airflow/example_dags/example_complex.py for tasks to queue
[2024-12-21T19:08:24.509+0000] {logging_mixin.py:188} INFO - [2024-12-21T19:08:24.509+0000] {dagbag.py:545} INFO - Filling up the DagBag from /home/airflow/.local/lib/python3.12/site-packages/airflow/example_dags/example_complex.py
[2024-12-21T19:08:24.519+0000] {processor.py:840} INFO - DAG(s) 'example_complex' retrieved from /home/airflow/.local/lib/python3.12/site-packages/airflow/example_dags/example_complex.py
[2024-12-21T19:08:24.554+0000] {logging_mixin.py:188} INFO - [2024-12-21T19:08:24.554+0000] {dag.py:3096} INFO - Sync 1 DAGs
[2024-12-21T19:08:24.567+0000] {logging_mixin.py:188} INFO - [2024-12-21T19:08:24.566+0000] {dag.py:3954} INFO - Setting next_dagrun for example_complex to None, run_after=None
[2024-12-21T19:08:24.594+0000] {processor.py:183} INFO - Processing /home/airflow/.local/lib/python3.12/site-packages/airflow/example_dags/example_complex.py took 0.093 seconds
[2024-12-21T19:08:55.017+0000] {processor.py:161} INFO - Started process (PID=1359) to work on /home/airflow/.local/lib/python3.12/site-packages/airflow/example_dags/example_complex.py
[2024-12-21T19:08:55.018+0000] {processor.py:830} INFO - Processing file /home/airflow/.local/lib/python3.12/site-packages/airflow/example_dags/example_complex.py for tasks to queue
[2024-12-21T19:08:55.020+0000] {logging_mixin.py:188} INFO - [2024-12-21T19:08:55.020+0000] {dagbag.py:545} INFO - Filling up the DagBag from /home/airflow/.local/lib/python3.12/site-packages/airflow/example_dags/example_complex.py
[2024-12-21T19:08:55.030+0000] {processor.py:840} INFO - DAG(s) 'example_complex' retrieved from /home/airflow/.local/lib/python3.12/site-packages/airflow/example_dags/example_complex.py
[2024-12-21T19:08:55.066+0000] {logging_mixin.py:188} INFO - [2024-12-21T19:08:55.066+0000] {dag.py:3096} INFO - Sync 1 DAGs
[2024-12-21T19:08:55.080+0000] {logging_mixin.py:188} INFO - [2024-12-21T19:08:55.080+0000] {dag.py:3954} INFO - Setting next_dagrun for example_complex to None, run_after=None
[2024-12-21T19:08:55.109+0000] {processor.py:183} INFO - Processing /home/airflow/.local/lib/python3.12/site-packages/airflow/example_dags/example_complex.py took 0.097 seconds
[2024-12-21T19:09:25.909+0000] {processor.py:161} INFO - Started process (PID=1417) to work on /home/airflow/.local/lib/python3.12/site-packages/airflow/example_dags/example_complex.py
[2024-12-21T19:09:25.910+0000] {processor.py:830} INFO - Processing file /home/airflow/.local/lib/python3.12/site-packages/airflow/example_dags/example_complex.py for tasks to queue
[2024-12-21T19:09:25.912+0000] {logging_mixin.py:188} INFO - [2024-12-21T19:09:25.912+0000] {dagbag.py:545} INFO - Filling up the DagBag from /home/airflow/.local/lib/python3.12/site-packages/airflow/example_dags/example_complex.py
[2024-12-21T19:09:25.925+0000] {processor.py:840} INFO - DAG(s) 'example_complex' retrieved from /home/airflow/.local/lib/python3.12/site-packages/airflow/example_dags/example_complex.py
[2024-12-21T19:09:25.968+0000] {logging_mixin.py:188} INFO - [2024-12-21T19:09:25.967+0000] {dag.py:3096} INFO - Sync 1 DAGs
[2024-12-21T19:09:25.981+0000] {logging_mixin.py:188} INFO - [2024-12-21T19:09:25.981+0000] {dag.py:3954} INFO - Setting next_dagrun for example_complex to None, run_after=None
[2024-12-21T19:09:26.009+0000] {processor.py:183} INFO - Processing /home/airflow/.local/lib/python3.12/site-packages/airflow/example_dags/example_complex.py took 0.108 seconds
[2024-12-21T19:09:56.784+0000] {processor.py:161} INFO - Started process (PID=1475) to work on /home/airflow/.local/lib/python3.12/site-packages/airflow/example_dags/example_complex.py
[2024-12-21T19:09:56.786+0000] {processor.py:830} INFO - Processing file /home/airflow/.local/lib/python3.12/site-packages/airflow/example_dags/example_complex.py for tasks to queue
[2024-12-21T19:09:56.788+0000] {logging_mixin.py:188} INFO - [2024-12-21T19:09:56.788+0000] {dagbag.py:545} INFO - Filling up the DagBag from /home/airflow/.local/lib/python3.12/site-packages/airflow/example_dags/example_complex.py
[2024-12-21T19:09:56.798+0000] {processor.py:840} INFO - DAG(s) 'example_complex' retrieved from /home/airflow/.local/lib/python3.12/site-packages/airflow/example_dags/example_complex.py
[2024-12-21T19:09:56.842+0000] {logging_mixin.py:188} INFO - [2024-12-21T19:09:56.841+0000] {dag.py:3096} INFO - Sync 1 DAGs
[2024-12-21T19:09:56.855+0000] {logging_mixin.py:188} INFO - [2024-12-21T19:09:56.855+0000] {dag.py:3954} INFO - Setting next_dagrun for example_complex to None, run_after=None
[2024-12-21T19:09:56.882+0000] {processor.py:183} INFO - Processing /home/airflow/.local/lib/python3.12/site-packages/airflow/example_dags/example_complex.py took 0.103 seconds
[2024-12-21T19:10:27.200+0000] {processor.py:161} INFO - Started process (PID=1533) to work on /home/airflow/.local/lib/python3.12/site-packages/airflow/example_dags/example_complex.py
[2024-12-21T19:10:27.201+0000] {processor.py:830} INFO - Processing file /home/airflow/.local/lib/python3.12/site-packages/airflow/example_dags/example_complex.py for tasks to queue
[2024-12-21T19:10:27.205+0000] {logging_mixin.py:188} INFO - [2024-12-21T19:10:27.204+0000] {dagbag.py:545} INFO - Filling up the DagBag from /home/airflow/.local/lib/python3.12/site-packages/airflow/example_dags/example_complex.py
[2024-12-21T19:10:27.221+0000] {processor.py:840} INFO - DAG(s) 'example_complex' retrieved from /home/airflow/.local/lib/python3.12/site-packages/airflow/example_dags/example_complex.py
[2024-12-21T19:10:27.274+0000] {logging_mixin.py:188} INFO - [2024-12-21T19:10:27.273+0000] {dag.py:3096} INFO - Sync 1 DAGs
[2024-12-21T19:10:27.298+0000] {logging_mixin.py:188} INFO - [2024-12-21T19:10:27.297+0000] {dag.py:3954} INFO - Setting next_dagrun for example_complex to None, run_after=None
[2024-12-21T19:10:27.340+0000] {processor.py:183} INFO - Processing /home/airflow/.local/lib/python3.12/site-packages/airflow/example_dags/example_complex.py took 0.149 seconds
[2024-12-21T19:10:57.491+0000] {processor.py:161} INFO - Started process (PID=1591) to work on /home/airflow/.local/lib/python3.12/site-packages/airflow/example_dags/example_complex.py
[2024-12-21T19:10:57.492+0000] {processor.py:830} INFO - Processing file /home/airflow/.local/lib/python3.12/site-packages/airflow/example_dags/example_complex.py for tasks to queue
[2024-12-21T19:10:57.495+0000] {logging_mixin.py:188} INFO - [2024-12-21T19:10:57.495+0000] {dagbag.py:545} INFO - Filling up the DagBag from /home/airflow/.local/lib/python3.12/site-packages/airflow/example_dags/example_complex.py
[2024-12-21T19:10:57.507+0000] {processor.py:840} INFO - DAG(s) 'example_complex' retrieved from /home/airflow/.local/lib/python3.12/site-packages/airflow/example_dags/example_complex.py
[2024-12-21T19:10:57.544+0000] {logging_mixin.py:188} INFO - [2024-12-21T19:10:57.544+0000] {dag.py:3096} INFO - Sync 1 DAGs
[2024-12-21T19:10:57.560+0000] {logging_mixin.py:188} INFO - [2024-12-21T19:10:57.560+0000] {dag.py:3954} INFO - Setting next_dagrun for example_complex to None, run_after=None
[2024-12-21T19:10:57.593+0000] {processor.py:183} INFO - Processing /home/airflow/.local/lib/python3.12/site-packages/airflow/example_dags/example_complex.py took 0.110 seconds
[2024-12-21T19:11:27.728+0000] {processor.py:161} INFO - Started process (PID=1649) to work on /home/airflow/.local/lib/python3.12/site-packages/airflow/example_dags/example_complex.py
[2024-12-21T19:11:27.729+0000] {processor.py:830} INFO - Processing file /home/airflow/.local/lib/python3.12/site-packages/airflow/example_dags/example_complex.py for tasks to queue
[2024-12-21T19:11:27.732+0000] {logging_mixin.py:188} INFO - [2024-12-21T19:11:27.731+0000] {dagbag.py:545} INFO - Filling up the DagBag from /home/airflow/.local/lib/python3.12/site-packages/airflow/example_dags/example_complex.py
[2024-12-21T19:11:27.744+0000] {processor.py:840} INFO - DAG(s) 'example_complex' retrieved from /home/airflow/.local/lib/python3.12/site-packages/airflow/example_dags/example_complex.py
[2024-12-21T19:11:27.806+0000] {logging_mixin.py:188} INFO - [2024-12-21T19:11:27.805+0000] {dag.py:3096} INFO - Sync 1 DAGs
[2024-12-21T19:11:27.828+0000] {logging_mixin.py:188} INFO - [2024-12-21T19:11:27.828+0000] {dag.py:3954} INFO - Setting next_dagrun for example_complex to None, run_after=None
[2024-12-21T19:11:27.866+0000] {processor.py:183} INFO - Processing /home/airflow/.local/lib/python3.12/site-packages/airflow/example_dags/example_complex.py took 0.144 seconds
[2024-12-21T19:11:58.507+0000] {processor.py:161} INFO - Started process (PID=1707) to work on /home/airflow/.local/lib/python3.12/site-packages/airflow/example_dags/example_complex.py
[2024-12-21T19:11:58.509+0000] {processor.py:830} INFO - Processing file /home/airflow/.local/lib/python3.12/site-packages/airflow/example_dags/example_complex.py for tasks to queue
[2024-12-21T19:11:58.512+0000] {logging_mixin.py:188} INFO - [2024-12-21T19:11:58.511+0000] {dagbag.py:545} INFO - Filling up the DagBag from /home/airflow/.local/lib/python3.12/site-packages/airflow/example_dags/example_complex.py
[2024-12-21T19:11:58.522+0000] {processor.py:840} INFO - DAG(s) 'example_complex' retrieved from /home/airflow/.local/lib/python3.12/site-packages/airflow/example_dags/example_complex.py
[2024-12-21T19:11:58.574+0000] {logging_mixin.py:188} INFO - [2024-12-21T19:11:58.574+0000] {dag.py:3096} INFO - Sync 1 DAGs
[2024-12-21T19:11:58.598+0000] {logging_mixin.py:188} INFO - [2024-12-21T19:11:58.597+0000] {dag.py:3954} INFO - Setting next_dagrun for example_complex to None, run_after=None
[2024-12-21T19:11:58.632+0000] {processor.py:183} INFO - Processing /home/airflow/.local/lib/python3.12/site-packages/airflow/example_dags/example_complex.py took 0.133 seconds
[2024-12-21T19:12:29.147+0000] {processor.py:161} INFO - Started process (PID=1764) to work on /home/airflow/.local/lib/python3.12/site-packages/airflow/example_dags/example_complex.py
[2024-12-21T19:12:29.148+0000] {processor.py:830} INFO - Processing file /home/airflow/.local/lib/python3.12/site-packages/airflow/example_dags/example_complex.py for tasks to queue
[2024-12-21T19:12:29.151+0000] {logging_mixin.py:188} INFO - [2024-12-21T19:12:29.150+0000] {dagbag.py:545} INFO - Filling up the DagBag from /home/airflow/.local/lib/python3.12/site-packages/airflow/example_dags/example_complex.py
[2024-12-21T19:12:29.160+0000] {processor.py:840} INFO - DAG(s) 'example_complex' retrieved from /home/airflow/.local/lib/python3.12/site-packages/airflow/example_dags/example_complex.py
[2024-12-21T19:12:29.196+0000] {logging_mixin.py:188} INFO - [2024-12-21T19:12:29.196+0000] {dag.py:3096} INFO - Sync 1 DAGs
[2024-12-21T19:12:29.209+0000] {logging_mixin.py:188} INFO - [2024-12-21T19:12:29.209+0000] {dag.py:3954} INFO - Setting next_dagrun for example_complex to None, run_after=None
[2024-12-21T19:12:29.238+0000] {processor.py:183} INFO - Processing /home/airflow/.local/lib/python3.12/site-packages/airflow/example_dags/example_complex.py took 0.097 seconds
