[2024-12-21T08:01:27.587+0000] {processor.py:161} INFO - Started process (PID=97) to work on /home/airflow/.local/lib/python3.12/site-packages/airflow/example_dags/example_short_circuit_operator.py
[2024-12-21T08:01:27.588+0000] {processor.py:830} INFO - Processing file /home/airflow/.local/lib/python3.12/site-packages/airflow/example_dags/example_short_circuit_operator.py for tasks to queue
[2024-12-21T08:01:27.591+0000] {logging_mixin.py:188} INFO - [2024-12-21T08:01:27.590+0000] {dagbag.py:545} INFO - Filling up the DagBag from /home/airflow/.local/lib/python3.12/site-packages/airflow/example_dags/example_short_circuit_operator.py
[2024-12-21T08:01:27.601+0000] {processor.py:840} INFO - DAG(s) 'example_short_circuit_operator' retrieved from /home/airflow/.local/lib/python3.12/site-packages/airflow/example_dags/example_short_circuit_operator.py
[2024-12-21T08:01:27.627+0000] {logging_mixin.py:188} INFO - [2024-12-21T08:01:27.627+0000] {dag.py:3096} INFO - Sync 1 DAGs
[2024-12-21T08:01:27.650+0000] {logging_mixin.py:188} INFO - [2024-12-21T08:01:27.650+0000] {dag.py:3954} INFO - Setting next_dagrun for example_short_circuit_operator to 2024-12-20 00:00:00+00:00, run_after=2024-12-21 00:00:00+00:00
[2024-12-21T08:01:27.677+0000] {processor.py:183} INFO - Processing /home/airflow/.local/lib/python3.12/site-packages/airflow/example_dags/example_short_circuit_operator.py took 0.095 seconds
[2024-12-21T08:01:58.608+0000] {processor.py:161} INFO - Started process (PID=155) to work on /home/airflow/.local/lib/python3.12/site-packages/airflow/example_dags/example_short_circuit_operator.py
[2024-12-21T08:01:58.609+0000] {processor.py:830} INFO - Processing file /home/airflow/.local/lib/python3.12/site-packages/airflow/example_dags/example_short_circuit_operator.py for tasks to queue
[2024-12-21T08:01:58.614+0000] {logging_mixin.py:188} INFO - [2024-12-21T08:01:58.613+0000] {dagbag.py:545} INFO - Filling up the DagBag from /home/airflow/.local/lib/python3.12/site-packages/airflow/example_dags/example_short_circuit_operator.py
[2024-12-21T08:01:58.630+0000] {processor.py:840} INFO - DAG(s) 'example_short_circuit_operator' retrieved from /home/airflow/.local/lib/python3.12/site-packages/airflow/example_dags/example_short_circuit_operator.py
[2024-12-21T08:01:58.700+0000] {logging_mixin.py:188} INFO - [2024-12-21T08:01:58.700+0000] {dag.py:3096} INFO - Sync 1 DAGs
[2024-12-21T08:01:58.759+0000] {logging_mixin.py:188} INFO - [2024-12-21T08:01:58.757+0000] {dag.py:3954} INFO - Setting next_dagrun for example_short_circuit_operator to 2024-12-20 00:00:00+00:00, run_after=2024-12-21 00:00:00+00:00
[2024-12-21T08:01:58.809+0000] {processor.py:183} INFO - Processing /home/airflow/.local/lib/python3.12/site-packages/airflow/example_dags/example_short_circuit_operator.py took 0.211 seconds
[2024-12-21T08:02:29.040+0000] {processor.py:161} INFO - Started process (PID=213) to work on /home/airflow/.local/lib/python3.12/site-packages/airflow/example_dags/example_short_circuit_operator.py
[2024-12-21T08:02:29.042+0000] {processor.py:830} INFO - Processing file /home/airflow/.local/lib/python3.12/site-packages/airflow/example_dags/example_short_circuit_operator.py for tasks to queue
[2024-12-21T08:02:29.046+0000] {logging_mixin.py:188} INFO - [2024-12-21T08:02:29.045+0000] {dagbag.py:545} INFO - Filling up the DagBag from /home/airflow/.local/lib/python3.12/site-packages/airflow/example_dags/example_short_circuit_operator.py
[2024-12-21T08:02:29.058+0000] {processor.py:840} INFO - DAG(s) 'example_short_circuit_operator' retrieved from /home/airflow/.local/lib/python3.12/site-packages/airflow/example_dags/example_short_circuit_operator.py
[2024-12-21T08:02:29.104+0000] {logging_mixin.py:188} INFO - [2024-12-21T08:02:29.104+0000] {dag.py:3096} INFO - Sync 1 DAGs
[2024-12-21T08:02:29.142+0000] {logging_mixin.py:188} INFO - [2024-12-21T08:02:29.142+0000] {dag.py:3954} INFO - Setting next_dagrun for example_short_circuit_operator to 2024-12-20 00:00:00+00:00, run_after=2024-12-21 00:00:00+00:00
[2024-12-21T08:02:29.178+0000] {processor.py:183} INFO - Processing /home/airflow/.local/lib/python3.12/site-packages/airflow/example_dags/example_short_circuit_operator.py took 0.147 seconds
[2024-12-21T08:02:59.494+0000] {processor.py:161} INFO - Started process (PID=271) to work on /home/airflow/.local/lib/python3.12/site-packages/airflow/example_dags/example_short_circuit_operator.py
[2024-12-21T08:02:59.495+0000] {processor.py:830} INFO - Processing file /home/airflow/.local/lib/python3.12/site-packages/airflow/example_dags/example_short_circuit_operator.py for tasks to queue
[2024-12-21T08:02:59.497+0000] {logging_mixin.py:188} INFO - [2024-12-21T08:02:59.497+0000] {dagbag.py:545} INFO - Filling up the DagBag from /home/airflow/.local/lib/python3.12/site-packages/airflow/example_dags/example_short_circuit_operator.py
[2024-12-21T08:02:59.504+0000] {processor.py:840} INFO - DAG(s) 'example_short_circuit_operator' retrieved from /home/airflow/.local/lib/python3.12/site-packages/airflow/example_dags/example_short_circuit_operator.py
[2024-12-21T08:02:59.532+0000] {logging_mixin.py:188} INFO - [2024-12-21T08:02:59.531+0000] {dag.py:3096} INFO - Sync 1 DAGs
[2024-12-21T08:02:59.556+0000] {logging_mixin.py:188} INFO - [2024-12-21T08:02:59.556+0000] {dag.py:3954} INFO - Setting next_dagrun for example_short_circuit_operator to 2024-12-20 00:00:00+00:00, run_after=2024-12-21 00:00:00+00:00
[2024-12-21T08:02:59.582+0000] {processor.py:183} INFO - Processing /home/airflow/.local/lib/python3.12/site-packages/airflow/example_dags/example_short_circuit_operator.py took 0.094 seconds
[2024-12-21T08:03:31.644+0000] {processor.py:161} INFO - Started process (PID=329) to work on /home/airflow/.local/lib/python3.12/site-packages/airflow/example_dags/example_short_circuit_operator.py
[2024-12-21T08:03:31.646+0000] {processor.py:830} INFO - Processing file /home/airflow/.local/lib/python3.12/site-packages/airflow/example_dags/example_short_circuit_operator.py for tasks to queue
[2024-12-21T08:03:31.650+0000] {logging_mixin.py:188} INFO - [2024-12-21T08:03:31.649+0000] {dagbag.py:545} INFO - Filling up the DagBag from /home/airflow/.local/lib/python3.12/site-packages/airflow/example_dags/example_short_circuit_operator.py
[2024-12-21T08:03:31.661+0000] {processor.py:840} INFO - DAG(s) 'example_short_circuit_operator' retrieved from /home/airflow/.local/lib/python3.12/site-packages/airflow/example_dags/example_short_circuit_operator.py
[2024-12-21T08:03:31.721+0000] {logging_mixin.py:188} INFO - [2024-12-21T08:03:31.720+0000] {dag.py:3096} INFO - Sync 1 DAGs
[2024-12-21T08:03:31.779+0000] {logging_mixin.py:188} INFO - [2024-12-21T08:03:31.778+0000] {dag.py:3954} INFO - Setting next_dagrun for example_short_circuit_operator to 2024-12-20 00:00:00+00:00, run_after=2024-12-21 00:00:00+00:00
[2024-12-21T08:03:31.831+0000] {processor.py:183} INFO - Processing /home/airflow/.local/lib/python3.12/site-packages/airflow/example_dags/example_short_circuit_operator.py took 0.198 seconds
[2024-12-21T08:04:02.435+0000] {processor.py:161} INFO - Started process (PID=387) to work on /home/airflow/.local/lib/python3.12/site-packages/airflow/example_dags/example_short_circuit_operator.py
[2024-12-21T08:04:02.437+0000] {processor.py:830} INFO - Processing file /home/airflow/.local/lib/python3.12/site-packages/airflow/example_dags/example_short_circuit_operator.py for tasks to queue
[2024-12-21T08:04:02.439+0000] {logging_mixin.py:188} INFO - [2024-12-21T08:04:02.439+0000] {dagbag.py:545} INFO - Filling up the DagBag from /home/airflow/.local/lib/python3.12/site-packages/airflow/example_dags/example_short_circuit_operator.py
[2024-12-21T08:04:02.446+0000] {processor.py:840} INFO - DAG(s) 'example_short_circuit_operator' retrieved from /home/airflow/.local/lib/python3.12/site-packages/airflow/example_dags/example_short_circuit_operator.py
[2024-12-21T08:04:02.472+0000] {logging_mixin.py:188} INFO - [2024-12-21T08:04:02.472+0000] {dag.py:3096} INFO - Sync 1 DAGs
[2024-12-21T08:04:02.498+0000] {logging_mixin.py:188} INFO - [2024-12-21T08:04:02.497+0000] {dag.py:3954} INFO - Setting next_dagrun for example_short_circuit_operator to 2024-12-20 00:00:00+00:00, run_after=2024-12-21 00:00:00+00:00
[2024-12-21T08:04:02.525+0000] {processor.py:183} INFO - Processing /home/airflow/.local/lib/python3.12/site-packages/airflow/example_dags/example_short_circuit_operator.py took 0.095 seconds
[2024-12-21T08:04:33.114+0000] {processor.py:161} INFO - Started process (PID=445) to work on /home/airflow/.local/lib/python3.12/site-packages/airflow/example_dags/example_short_circuit_operator.py
[2024-12-21T08:04:33.116+0000] {processor.py:830} INFO - Processing file /home/airflow/.local/lib/python3.12/site-packages/airflow/example_dags/example_short_circuit_operator.py for tasks to queue
[2024-12-21T08:04:33.119+0000] {logging_mixin.py:188} INFO - [2024-12-21T08:04:33.118+0000] {dagbag.py:545} INFO - Filling up the DagBag from /home/airflow/.local/lib/python3.12/site-packages/airflow/example_dags/example_short_circuit_operator.py
[2024-12-21T08:04:33.128+0000] {processor.py:840} INFO - DAG(s) 'example_short_circuit_operator' retrieved from /home/airflow/.local/lib/python3.12/site-packages/airflow/example_dags/example_short_circuit_operator.py
[2024-12-21T08:04:33.165+0000] {logging_mixin.py:188} INFO - [2024-12-21T08:04:33.164+0000] {dag.py:3096} INFO - Sync 1 DAGs
[2024-12-21T08:04:33.210+0000] {logging_mixin.py:188} INFO - [2024-12-21T08:04:33.210+0000] {dag.py:3954} INFO - Setting next_dagrun for example_short_circuit_operator to 2024-12-20 00:00:00+00:00, run_after=2024-12-21 00:00:00+00:00
[2024-12-21T08:04:33.259+0000] {processor.py:183} INFO - Processing /home/airflow/.local/lib/python3.12/site-packages/airflow/example_dags/example_short_circuit_operator.py took 0.153 seconds
[2024-12-21T08:05:03.809+0000] {processor.py:161} INFO - Started process (PID=503) to work on /home/airflow/.local/lib/python3.12/site-packages/airflow/example_dags/example_short_circuit_operator.py
[2024-12-21T08:05:03.810+0000] {processor.py:830} INFO - Processing file /home/airflow/.local/lib/python3.12/site-packages/airflow/example_dags/example_short_circuit_operator.py for tasks to queue
[2024-12-21T08:05:03.812+0000] {logging_mixin.py:188} INFO - [2024-12-21T08:05:03.812+0000] {dagbag.py:545} INFO - Filling up the DagBag from /home/airflow/.local/lib/python3.12/site-packages/airflow/example_dags/example_short_circuit_operator.py
[2024-12-21T08:05:03.822+0000] {processor.py:840} INFO - DAG(s) 'example_short_circuit_operator' retrieved from /home/airflow/.local/lib/python3.12/site-packages/airflow/example_dags/example_short_circuit_operator.py
[2024-12-21T08:05:03.885+0000] {logging_mixin.py:188} INFO - [2024-12-21T08:05:03.885+0000] {dag.py:3096} INFO - Sync 1 DAGs
[2024-12-21T08:05:03.909+0000] {logging_mixin.py:188} INFO - [2024-12-21T08:05:03.909+0000] {dag.py:3954} INFO - Setting next_dagrun for example_short_circuit_operator to 2024-12-20 00:00:00+00:00, run_after=2024-12-21 00:00:00+00:00
[2024-12-21T08:05:03.936+0000] {processor.py:183} INFO - Processing /home/airflow/.local/lib/python3.12/site-packages/airflow/example_dags/example_short_circuit_operator.py took 0.133 seconds
[2024-12-21T18:50:58.921+0000] {processor.py:161} INFO - Started process (PID=98) to work on /home/airflow/.local/lib/python3.12/site-packages/airflow/example_dags/example_short_circuit_operator.py
[2024-12-21T18:50:58.922+0000] {processor.py:830} INFO - Processing file /home/airflow/.local/lib/python3.12/site-packages/airflow/example_dags/example_short_circuit_operator.py for tasks to queue
[2024-12-21T18:50:58.925+0000] {logging_mixin.py:188} INFO - [2024-12-21T18:50:58.924+0000] {dagbag.py:545} INFO - Filling up the DagBag from /home/airflow/.local/lib/python3.12/site-packages/airflow/example_dags/example_short_circuit_operator.py
[2024-12-21T18:50:58.935+0000] {processor.py:840} INFO - DAG(s) 'example_short_circuit_operator' retrieved from /home/airflow/.local/lib/python3.12/site-packages/airflow/example_dags/example_short_circuit_operator.py
[2024-12-21T18:50:58.967+0000] {logging_mixin.py:188} INFO - [2024-12-21T18:50:58.967+0000] {dag.py:3096} INFO - Sync 1 DAGs
[2024-12-21T18:50:58.994+0000] {logging_mixin.py:188} INFO - [2024-12-21T18:50:58.993+0000] {dag.py:3954} INFO - Setting next_dagrun for example_short_circuit_operator to 2024-12-20 00:00:00+00:00, run_after=2024-12-21 00:00:00+00:00
[2024-12-21T18:50:59.025+0000] {processor.py:183} INFO - Processing /home/airflow/.local/lib/python3.12/site-packages/airflow/example_dags/example_short_circuit_operator.py took 0.110 seconds
[2024-12-21T18:51:29.244+0000] {processor.py:161} INFO - Started process (PID=156) to work on /home/airflow/.local/lib/python3.12/site-packages/airflow/example_dags/example_short_circuit_operator.py
[2024-12-21T18:51:29.245+0000] {processor.py:830} INFO - Processing file /home/airflow/.local/lib/python3.12/site-packages/airflow/example_dags/example_short_circuit_operator.py for tasks to queue
[2024-12-21T18:51:29.248+0000] {logging_mixin.py:188} INFO - [2024-12-21T18:51:29.247+0000] {dagbag.py:545} INFO - Filling up the DagBag from /home/airflow/.local/lib/python3.12/site-packages/airflow/example_dags/example_short_circuit_operator.py
[2024-12-21T18:51:29.255+0000] {processor.py:840} INFO - DAG(s) 'example_short_circuit_operator' retrieved from /home/airflow/.local/lib/python3.12/site-packages/airflow/example_dags/example_short_circuit_operator.py
[2024-12-21T18:51:29.282+0000] {logging_mixin.py:188} INFO - [2024-12-21T18:51:29.282+0000] {dag.py:3096} INFO - Sync 1 DAGs
[2024-12-21T18:51:29.306+0000] {logging_mixin.py:188} INFO - [2024-12-21T18:51:29.306+0000] {dag.py:3954} INFO - Setting next_dagrun for example_short_circuit_operator to 2024-12-20 00:00:00+00:00, run_after=2024-12-21 00:00:00+00:00
[2024-12-21T18:51:29.338+0000] {processor.py:183} INFO - Processing /home/airflow/.local/lib/python3.12/site-packages/airflow/example_dags/example_short_circuit_operator.py took 0.101 seconds
[2024-12-21T18:51:59.770+0000] {processor.py:161} INFO - Started process (PID=214) to work on /home/airflow/.local/lib/python3.12/site-packages/airflow/example_dags/example_short_circuit_operator.py
[2024-12-21T18:51:59.771+0000] {processor.py:830} INFO - Processing file /home/airflow/.local/lib/python3.12/site-packages/airflow/example_dags/example_short_circuit_operator.py for tasks to queue
[2024-12-21T18:51:59.774+0000] {logging_mixin.py:188} INFO - [2024-12-21T18:51:59.774+0000] {dagbag.py:545} INFO - Filling up the DagBag from /home/airflow/.local/lib/python3.12/site-packages/airflow/example_dags/example_short_circuit_operator.py
[2024-12-21T18:51:59.785+0000] {processor.py:840} INFO - DAG(s) 'example_short_circuit_operator' retrieved from /home/airflow/.local/lib/python3.12/site-packages/airflow/example_dags/example_short_circuit_operator.py
[2024-12-21T18:51:59.818+0000] {logging_mixin.py:188} INFO - [2024-12-21T18:51:59.817+0000] {dag.py:3096} INFO - Sync 1 DAGs
[2024-12-21T18:51:59.849+0000] {logging_mixin.py:188} INFO - [2024-12-21T18:51:59.849+0000] {dag.py:3954} INFO - Setting next_dagrun for example_short_circuit_operator to 2024-12-20 00:00:00+00:00, run_after=2024-12-21 00:00:00+00:00
[2024-12-21T18:51:59.875+0000] {processor.py:183} INFO - Processing /home/airflow/.local/lib/python3.12/site-packages/airflow/example_dags/example_short_circuit_operator.py took 0.113 seconds
[2024-12-21T18:57:43.699+0000] {processor.py:161} INFO - Started process (PID=98) to work on /home/airflow/.local/lib/python3.12/site-packages/airflow/example_dags/example_short_circuit_operator.py
[2024-12-21T18:57:43.701+0000] {processor.py:830} INFO - Processing file /home/airflow/.local/lib/python3.12/site-packages/airflow/example_dags/example_short_circuit_operator.py for tasks to queue
[2024-12-21T18:57:43.704+0000] {logging_mixin.py:188} INFO - [2024-12-21T18:57:43.704+0000] {dagbag.py:545} INFO - Filling up the DagBag from /home/airflow/.local/lib/python3.12/site-packages/airflow/example_dags/example_short_circuit_operator.py
[2024-12-21T18:57:43.721+0000] {processor.py:840} INFO - DAG(s) 'example_short_circuit_operator' retrieved from /home/airflow/.local/lib/python3.12/site-packages/airflow/example_dags/example_short_circuit_operator.py
[2024-12-21T18:57:43.764+0000] {logging_mixin.py:188} INFO - [2024-12-21T18:57:43.764+0000] {dag.py:3096} INFO - Sync 1 DAGs
[2024-12-21T18:57:43.803+0000] {logging_mixin.py:188} INFO - [2024-12-21T18:57:43.803+0000] {dag.py:3954} INFO - Setting next_dagrun for example_short_circuit_operator to 2024-12-20 00:00:00+00:00, run_after=2024-12-21 00:00:00+00:00
[2024-12-21T18:57:43.843+0000] {processor.py:183} INFO - Processing /home/airflow/.local/lib/python3.12/site-packages/airflow/example_dags/example_short_circuit_operator.py took 0.154 seconds
[2024-12-21T18:58:14.001+0000] {processor.py:161} INFO - Started process (PID=156) to work on /home/airflow/.local/lib/python3.12/site-packages/airflow/example_dags/example_short_circuit_operator.py
[2024-12-21T18:58:14.002+0000] {processor.py:830} INFO - Processing file /home/airflow/.local/lib/python3.12/site-packages/airflow/example_dags/example_short_circuit_operator.py for tasks to queue
[2024-12-21T18:58:14.006+0000] {logging_mixin.py:188} INFO - [2024-12-21T18:58:14.005+0000] {dagbag.py:545} INFO - Filling up the DagBag from /home/airflow/.local/lib/python3.12/site-packages/airflow/example_dags/example_short_circuit_operator.py
[2024-12-21T18:58:14.015+0000] {processor.py:840} INFO - DAG(s) 'example_short_circuit_operator' retrieved from /home/airflow/.local/lib/python3.12/site-packages/airflow/example_dags/example_short_circuit_operator.py
[2024-12-21T18:58:14.044+0000] {logging_mixin.py:188} INFO - [2024-12-21T18:58:14.044+0000] {dag.py:3096} INFO - Sync 1 DAGs
[2024-12-21T18:58:14.069+0000] {logging_mixin.py:188} INFO - [2024-12-21T18:58:14.069+0000] {dag.py:3954} INFO - Setting next_dagrun for example_short_circuit_operator to 2024-12-20 00:00:00+00:00, run_after=2024-12-21 00:00:00+00:00
[2024-12-21T18:58:14.101+0000] {processor.py:183} INFO - Processing /home/airflow/.local/lib/python3.12/site-packages/airflow/example_dags/example_short_circuit_operator.py took 0.107 seconds
[2024-12-21T18:58:44.247+0000] {processor.py:161} INFO - Started process (PID=214) to work on /home/airflow/.local/lib/python3.12/site-packages/airflow/example_dags/example_short_circuit_operator.py
[2024-12-21T18:58:44.257+0000] {processor.py:830} INFO - Processing file /home/airflow/.local/lib/python3.12/site-packages/airflow/example_dags/example_short_circuit_operator.py for tasks to queue
[2024-12-21T18:58:44.259+0000] {logging_mixin.py:188} INFO - [2024-12-21T18:58:44.259+0000] {dagbag.py:545} INFO - Filling up the DagBag from /home/airflow/.local/lib/python3.12/site-packages/airflow/example_dags/example_short_circuit_operator.py
[2024-12-21T18:58:44.269+0000] {processor.py:840} INFO - DAG(s) 'example_short_circuit_operator' retrieved from /home/airflow/.local/lib/python3.12/site-packages/airflow/example_dags/example_short_circuit_operator.py
[2024-12-21T18:58:44.302+0000] {logging_mixin.py:188} INFO - [2024-12-21T18:58:44.302+0000] {dag.py:3096} INFO - Sync 1 DAGs
[2024-12-21T18:58:44.336+0000] {logging_mixin.py:188} INFO - [2024-12-21T18:58:44.335+0000] {dag.py:3954} INFO - Setting next_dagrun for example_short_circuit_operator to 2024-12-20 00:00:00+00:00, run_after=2024-12-21 00:00:00+00:00
[2024-12-21T18:58:44.382+0000] {processor.py:183} INFO - Processing /home/airflow/.local/lib/python3.12/site-packages/airflow/example_dags/example_short_circuit_operator.py took 0.143 seconds
[2024-12-21T18:59:14.438+0000] {processor.py:161} INFO - Started process (PID=271) to work on /home/airflow/.local/lib/python3.12/site-packages/airflow/example_dags/example_short_circuit_operator.py
[2024-12-21T18:59:14.439+0000] {processor.py:830} INFO - Processing file /home/airflow/.local/lib/python3.12/site-packages/airflow/example_dags/example_short_circuit_operator.py for tasks to queue
[2024-12-21T18:59:14.441+0000] {logging_mixin.py:188} INFO - [2024-12-21T18:59:14.441+0000] {dagbag.py:545} INFO - Filling up the DagBag from /home/airflow/.local/lib/python3.12/site-packages/airflow/example_dags/example_short_circuit_operator.py
[2024-12-21T18:59:14.448+0000] {processor.py:840} INFO - DAG(s) 'example_short_circuit_operator' retrieved from /home/airflow/.local/lib/python3.12/site-packages/airflow/example_dags/example_short_circuit_operator.py
[2024-12-21T18:59:14.476+0000] {logging_mixin.py:188} INFO - [2024-12-21T18:59:14.476+0000] {dag.py:3096} INFO - Sync 1 DAGs
[2024-12-21T18:59:14.500+0000] {logging_mixin.py:188} INFO - [2024-12-21T18:59:14.499+0000] {dag.py:3954} INFO - Setting next_dagrun for example_short_circuit_operator to 2024-12-20 00:00:00+00:00, run_after=2024-12-21 00:00:00+00:00
[2024-12-21T18:59:14.529+0000] {processor.py:183} INFO - Processing /home/airflow/.local/lib/python3.12/site-packages/airflow/example_dags/example_short_circuit_operator.py took 0.098 seconds
[2024-12-21T18:59:45.284+0000] {processor.py:161} INFO - Started process (PID=329) to work on /home/airflow/.local/lib/python3.12/site-packages/airflow/example_dags/example_short_circuit_operator.py
[2024-12-21T18:59:45.285+0000] {processor.py:830} INFO - Processing file /home/airflow/.local/lib/python3.12/site-packages/airflow/example_dags/example_short_circuit_operator.py for tasks to queue
[2024-12-21T18:59:45.288+0000] {logging_mixin.py:188} INFO - [2024-12-21T18:59:45.288+0000] {dagbag.py:545} INFO - Filling up the DagBag from /home/airflow/.local/lib/python3.12/site-packages/airflow/example_dags/example_short_circuit_operator.py
[2024-12-21T18:59:45.297+0000] {processor.py:840} INFO - DAG(s) 'example_short_circuit_operator' retrieved from /home/airflow/.local/lib/python3.12/site-packages/airflow/example_dags/example_short_circuit_operator.py
[2024-12-21T18:59:45.333+0000] {logging_mixin.py:188} INFO - [2024-12-21T18:59:45.333+0000] {dag.py:3096} INFO - Sync 1 DAGs
[2024-12-21T18:59:45.364+0000] {logging_mixin.py:188} INFO - [2024-12-21T18:59:45.364+0000] {dag.py:3954} INFO - Setting next_dagrun for example_short_circuit_operator to 2024-12-20 00:00:00+00:00, run_after=2024-12-21 00:00:00+00:00
[2024-12-21T18:59:45.401+0000] {processor.py:183} INFO - Processing /home/airflow/.local/lib/python3.12/site-packages/airflow/example_dags/example_short_circuit_operator.py took 0.123 seconds
[2024-12-21T19:00:15.748+0000] {processor.py:161} INFO - Started process (PID=387) to work on /home/airflow/.local/lib/python3.12/site-packages/airflow/example_dags/example_short_circuit_operator.py
[2024-12-21T19:00:15.749+0000] {processor.py:830} INFO - Processing file /home/airflow/.local/lib/python3.12/site-packages/airflow/example_dags/example_short_circuit_operator.py for tasks to queue
[2024-12-21T19:00:15.752+0000] {logging_mixin.py:188} INFO - [2024-12-21T19:00:15.751+0000] {dagbag.py:545} INFO - Filling up the DagBag from /home/airflow/.local/lib/python3.12/site-packages/airflow/example_dags/example_short_circuit_operator.py
[2024-12-21T19:00:15.760+0000] {processor.py:840} INFO - DAG(s) 'example_short_circuit_operator' retrieved from /home/airflow/.local/lib/python3.12/site-packages/airflow/example_dags/example_short_circuit_operator.py
[2024-12-21T19:00:15.787+0000] {logging_mixin.py:188} INFO - [2024-12-21T19:00:15.787+0000] {dag.py:3096} INFO - Sync 1 DAGs
[2024-12-21T19:00:15.828+0000] {logging_mixin.py:188} INFO - [2024-12-21T19:00:15.828+0000] {dag.py:3954} INFO - Setting next_dagrun for example_short_circuit_operator to 2024-12-20 00:00:00+00:00, run_after=2024-12-21 00:00:00+00:00
[2024-12-21T19:00:15.860+0000] {processor.py:183} INFO - Processing /home/airflow/.local/lib/python3.12/site-packages/airflow/example_dags/example_short_circuit_operator.py took 0.117 seconds
[2024-12-21T19:00:47.167+0000] {processor.py:161} INFO - Started process (PID=445) to work on /home/airflow/.local/lib/python3.12/site-packages/airflow/example_dags/example_short_circuit_operator.py
[2024-12-21T19:00:47.168+0000] {processor.py:830} INFO - Processing file /home/airflow/.local/lib/python3.12/site-packages/airflow/example_dags/example_short_circuit_operator.py for tasks to queue
[2024-12-21T19:00:47.171+0000] {logging_mixin.py:188} INFO - [2024-12-21T19:00:47.171+0000] {dagbag.py:545} INFO - Filling up the DagBag from /home/airflow/.local/lib/python3.12/site-packages/airflow/example_dags/example_short_circuit_operator.py
[2024-12-21T19:00:47.183+0000] {processor.py:840} INFO - DAG(s) 'example_short_circuit_operator' retrieved from /home/airflow/.local/lib/python3.12/site-packages/airflow/example_dags/example_short_circuit_operator.py
[2024-12-21T19:00:47.225+0000] {logging_mixin.py:188} INFO - [2024-12-21T19:00:47.225+0000] {dag.py:3096} INFO - Sync 1 DAGs
[2024-12-21T19:00:47.259+0000] {logging_mixin.py:188} INFO - [2024-12-21T19:00:47.258+0000] {dag.py:3954} INFO - Setting next_dagrun for example_short_circuit_operator to 2024-12-20 00:00:00+00:00, run_after=2024-12-21 00:00:00+00:00
[2024-12-21T19:00:47.299+0000] {processor.py:183} INFO - Processing /home/airflow/.local/lib/python3.12/site-packages/airflow/example_dags/example_short_circuit_operator.py took 0.138 seconds
[2024-12-21T19:01:18.253+0000] {processor.py:161} INFO - Started process (PID=504) to work on /home/airflow/.local/lib/python3.12/site-packages/airflow/example_dags/example_short_circuit_operator.py
[2024-12-21T19:01:18.282+0000] {processor.py:830} INFO - Processing file /home/airflow/.local/lib/python3.12/site-packages/airflow/example_dags/example_short_circuit_operator.py for tasks to queue
[2024-12-21T19:01:18.303+0000] {logging_mixin.py:188} INFO - [2024-12-21T19:01:18.302+0000] {dagbag.py:545} INFO - Filling up the DagBag from /home/airflow/.local/lib/python3.12/site-packages/airflow/example_dags/example_short_circuit_operator.py
[2024-12-21T19:01:18.316+0000] {processor.py:840} INFO - DAG(s) 'example_short_circuit_operator' retrieved from /home/airflow/.local/lib/python3.12/site-packages/airflow/example_dags/example_short_circuit_operator.py
[2024-12-21T19:01:18.364+0000] {logging_mixin.py:188} INFO - [2024-12-21T19:01:18.364+0000] {dag.py:3096} INFO - Sync 1 DAGs
[2024-12-21T19:01:18.408+0000] {logging_mixin.py:188} INFO - [2024-12-21T19:01:18.407+0000] {dag.py:3954} INFO - Setting next_dagrun for example_short_circuit_operator to 2024-12-20 00:00:00+00:00, run_after=2024-12-21 00:00:00+00:00
[2024-12-21T19:01:18.452+0000] {processor.py:183} INFO - Processing /home/airflow/.local/lib/python3.12/site-packages/airflow/example_dags/example_short_circuit_operator.py took 0.209 seconds
[2024-12-21T19:01:49.078+0000] {processor.py:161} INFO - Started process (PID=562) to work on /home/airflow/.local/lib/python3.12/site-packages/airflow/example_dags/example_short_circuit_operator.py
[2024-12-21T19:01:49.080+0000] {processor.py:830} INFO - Processing file /home/airflow/.local/lib/python3.12/site-packages/airflow/example_dags/example_short_circuit_operator.py for tasks to queue
[2024-12-21T19:01:49.082+0000] {logging_mixin.py:188} INFO - [2024-12-21T19:01:49.082+0000] {dagbag.py:545} INFO - Filling up the DagBag from /home/airflow/.local/lib/python3.12/site-packages/airflow/example_dags/example_short_circuit_operator.py
[2024-12-21T19:01:49.090+0000] {processor.py:840} INFO - DAG(s) 'example_short_circuit_operator' retrieved from /home/airflow/.local/lib/python3.12/site-packages/airflow/example_dags/example_short_circuit_operator.py
[2024-12-21T19:01:49.116+0000] {logging_mixin.py:188} INFO - [2024-12-21T19:01:49.115+0000] {dag.py:3096} INFO - Sync 1 DAGs
[2024-12-21T19:01:49.141+0000] {logging_mixin.py:188} INFO - [2024-12-21T19:01:49.140+0000] {dag.py:3954} INFO - Setting next_dagrun for example_short_circuit_operator to 2024-12-20 00:00:00+00:00, run_after=2024-12-21 00:00:00+00:00
[2024-12-21T19:01:49.165+0000] {processor.py:183} INFO - Processing /home/airflow/.local/lib/python3.12/site-packages/airflow/example_dags/example_short_circuit_operator.py took 0.093 seconds
[2024-12-21T19:02:19.338+0000] {processor.py:161} INFO - Started process (PID=620) to work on /home/airflow/.local/lib/python3.12/site-packages/airflow/example_dags/example_short_circuit_operator.py
[2024-12-21T19:02:19.339+0000] {processor.py:830} INFO - Processing file /home/airflow/.local/lib/python3.12/site-packages/airflow/example_dags/example_short_circuit_operator.py for tasks to queue
[2024-12-21T19:02:19.341+0000] {logging_mixin.py:188} INFO - [2024-12-21T19:02:19.341+0000] {dagbag.py:545} INFO - Filling up the DagBag from /home/airflow/.local/lib/python3.12/site-packages/airflow/example_dags/example_short_circuit_operator.py
[2024-12-21T19:02:19.349+0000] {processor.py:840} INFO - DAG(s) 'example_short_circuit_operator' retrieved from /home/airflow/.local/lib/python3.12/site-packages/airflow/example_dags/example_short_circuit_operator.py
[2024-12-21T19:02:19.382+0000] {logging_mixin.py:188} INFO - [2024-12-21T19:02:19.381+0000] {dag.py:3096} INFO - Sync 1 DAGs
[2024-12-21T19:02:19.420+0000] {logging_mixin.py:188} INFO - [2024-12-21T19:02:19.420+0000] {dag.py:3954} INFO - Setting next_dagrun for example_short_circuit_operator to 2024-12-20 00:00:00+00:00, run_after=2024-12-21 00:00:00+00:00
[2024-12-21T19:02:19.452+0000] {processor.py:183} INFO - Processing /home/airflow/.local/lib/python3.12/site-packages/airflow/example_dags/example_short_circuit_operator.py took 0.120 seconds
[2024-12-21T19:02:50.009+0000] {processor.py:161} INFO - Started process (PID=678) to work on /home/airflow/.local/lib/python3.12/site-packages/airflow/example_dags/example_short_circuit_operator.py
[2024-12-21T19:02:50.010+0000] {processor.py:830} INFO - Processing file /home/airflow/.local/lib/python3.12/site-packages/airflow/example_dags/example_short_circuit_operator.py for tasks to queue
[2024-12-21T19:02:50.013+0000] {logging_mixin.py:188} INFO - [2024-12-21T19:02:50.012+0000] {dagbag.py:545} INFO - Filling up the DagBag from /home/airflow/.local/lib/python3.12/site-packages/airflow/example_dags/example_short_circuit_operator.py
[2024-12-21T19:02:50.022+0000] {processor.py:840} INFO - DAG(s) 'example_short_circuit_operator' retrieved from /home/airflow/.local/lib/python3.12/site-packages/airflow/example_dags/example_short_circuit_operator.py
[2024-12-21T19:02:50.061+0000] {logging_mixin.py:188} INFO - [2024-12-21T19:02:50.060+0000] {dag.py:3096} INFO - Sync 1 DAGs
[2024-12-21T19:02:50.087+0000] {logging_mixin.py:188} INFO - [2024-12-21T19:02:50.087+0000] {dag.py:3954} INFO - Setting next_dagrun for example_short_circuit_operator to 2024-12-20 00:00:00+00:00, run_after=2024-12-21 00:00:00+00:00
[2024-12-21T19:02:50.118+0000] {processor.py:183} INFO - Processing /home/airflow/.local/lib/python3.12/site-packages/airflow/example_dags/example_short_circuit_operator.py took 0.115 seconds
[2024-12-21T19:03:20.954+0000] {processor.py:161} INFO - Started process (PID=736) to work on /home/airflow/.local/lib/python3.12/site-packages/airflow/example_dags/example_short_circuit_operator.py
[2024-12-21T19:03:20.955+0000] {processor.py:830} INFO - Processing file /home/airflow/.local/lib/python3.12/site-packages/airflow/example_dags/example_short_circuit_operator.py for tasks to queue
[2024-12-21T19:03:20.958+0000] {logging_mixin.py:188} INFO - [2024-12-21T19:03:20.958+0000] {dagbag.py:545} INFO - Filling up the DagBag from /home/airflow/.local/lib/python3.12/site-packages/airflow/example_dags/example_short_circuit_operator.py
[2024-12-21T19:03:20.969+0000] {processor.py:840} INFO - DAG(s) 'example_short_circuit_operator' retrieved from /home/airflow/.local/lib/python3.12/site-packages/airflow/example_dags/example_short_circuit_operator.py
[2024-12-21T19:03:21.010+0000] {logging_mixin.py:188} INFO - [2024-12-21T19:03:21.009+0000] {dag.py:3096} INFO - Sync 1 DAGs
[2024-12-21T19:03:21.046+0000] {logging_mixin.py:188} INFO - [2024-12-21T19:03:21.045+0000] {dag.py:3954} INFO - Setting next_dagrun for example_short_circuit_operator to 2024-12-20 00:00:00+00:00, run_after=2024-12-21 00:00:00+00:00
[2024-12-21T19:03:21.086+0000] {processor.py:183} INFO - Processing /home/airflow/.local/lib/python3.12/site-packages/airflow/example_dags/example_short_circuit_operator.py took 0.140 seconds
[2024-12-21T19:03:51.376+0000] {processor.py:161} INFO - Started process (PID=794) to work on /home/airflow/.local/lib/python3.12/site-packages/airflow/example_dags/example_short_circuit_operator.py
[2024-12-21T19:03:51.378+0000] {processor.py:830} INFO - Processing file /home/airflow/.local/lib/python3.12/site-packages/airflow/example_dags/example_short_circuit_operator.py for tasks to queue
[2024-12-21T19:03:51.382+0000] {logging_mixin.py:188} INFO - [2024-12-21T19:03:51.381+0000] {dagbag.py:545} INFO - Filling up the DagBag from /home/airflow/.local/lib/python3.12/site-packages/airflow/example_dags/example_short_circuit_operator.py
[2024-12-21T19:03:51.396+0000] {processor.py:840} INFO - DAG(s) 'example_short_circuit_operator' retrieved from /home/airflow/.local/lib/python3.12/site-packages/airflow/example_dags/example_short_circuit_operator.py
[2024-12-21T19:03:51.438+0000] {logging_mixin.py:188} INFO - [2024-12-21T19:03:51.437+0000] {dag.py:3096} INFO - Sync 1 DAGs
[2024-12-21T19:03:51.466+0000] {logging_mixin.py:188} INFO - [2024-12-21T19:03:51.466+0000] {dag.py:3954} INFO - Setting next_dagrun for example_short_circuit_operator to 2024-12-20 00:00:00+00:00, run_after=2024-12-21 00:00:00+00:00
[2024-12-21T19:03:51.498+0000] {processor.py:183} INFO - Processing /home/airflow/.local/lib/python3.12/site-packages/airflow/example_dags/example_short_circuit_operator.py took 0.139 seconds
[2024-12-21T19:04:21.742+0000] {processor.py:161} INFO - Started process (PID=852) to work on /home/airflow/.local/lib/python3.12/site-packages/airflow/example_dags/example_short_circuit_operator.py
[2024-12-21T19:04:21.743+0000] {processor.py:830} INFO - Processing file /home/airflow/.local/lib/python3.12/site-packages/airflow/example_dags/example_short_circuit_operator.py for tasks to queue
[2024-12-21T19:04:21.746+0000] {logging_mixin.py:188} INFO - [2024-12-21T19:04:21.746+0000] {dagbag.py:545} INFO - Filling up the DagBag from /home/airflow/.local/lib/python3.12/site-packages/airflow/example_dags/example_short_circuit_operator.py
[2024-12-21T19:04:21.753+0000] {processor.py:840} INFO - DAG(s) 'example_short_circuit_operator' retrieved from /home/airflow/.local/lib/python3.12/site-packages/airflow/example_dags/example_short_circuit_operator.py
[2024-12-21T19:04:21.778+0000] {logging_mixin.py:188} INFO - [2024-12-21T19:04:21.778+0000] {dag.py:3096} INFO - Sync 1 DAGs
[2024-12-21T19:04:21.803+0000] {logging_mixin.py:188} INFO - [2024-12-21T19:04:21.803+0000] {dag.py:3954} INFO - Setting next_dagrun for example_short_circuit_operator to 2024-12-20 00:00:00+00:00, run_after=2024-12-21 00:00:00+00:00
[2024-12-21T19:04:21.834+0000] {processor.py:183} INFO - Processing /home/airflow/.local/lib/python3.12/site-packages/airflow/example_dags/example_short_circuit_operator.py took 0.097 seconds
[2024-12-21T19:04:52.949+0000] {processor.py:161} INFO - Started process (PID=910) to work on /home/airflow/.local/lib/python3.12/site-packages/airflow/example_dags/example_short_circuit_operator.py
[2024-12-21T19:04:52.950+0000] {processor.py:830} INFO - Processing file /home/airflow/.local/lib/python3.12/site-packages/airflow/example_dags/example_short_circuit_operator.py for tasks to queue
[2024-12-21T19:04:52.954+0000] {logging_mixin.py:188} INFO - [2024-12-21T19:04:52.953+0000] {dagbag.py:545} INFO - Filling up the DagBag from /home/airflow/.local/lib/python3.12/site-packages/airflow/example_dags/example_short_circuit_operator.py
[2024-12-21T19:04:52.962+0000] {processor.py:840} INFO - DAG(s) 'example_short_circuit_operator' retrieved from /home/airflow/.local/lib/python3.12/site-packages/airflow/example_dags/example_short_circuit_operator.py
[2024-12-21T19:04:52.994+0000] {logging_mixin.py:188} INFO - [2024-12-21T19:04:52.993+0000] {dag.py:3096} INFO - Sync 1 DAGs
[2024-12-21T19:04:53.021+0000] {logging_mixin.py:188} INFO - [2024-12-21T19:04:53.021+0000] {dag.py:3954} INFO - Setting next_dagrun for example_short_circuit_operator to 2024-12-20 00:00:00+00:00, run_after=2024-12-21 00:00:00+00:00
[2024-12-21T19:04:53.055+0000] {processor.py:183} INFO - Processing /home/airflow/.local/lib/python3.12/site-packages/airflow/example_dags/example_short_circuit_operator.py took 0.112 seconds
[2024-12-21T19:05:23.704+0000] {processor.py:161} INFO - Started process (PID=968) to work on /home/airflow/.local/lib/python3.12/site-packages/airflow/example_dags/example_short_circuit_operator.py
[2024-12-21T19:05:23.707+0000] {processor.py:830} INFO - Processing file /home/airflow/.local/lib/python3.12/site-packages/airflow/example_dags/example_short_circuit_operator.py for tasks to queue
[2024-12-21T19:05:23.710+0000] {logging_mixin.py:188} INFO - [2024-12-21T19:05:23.709+0000] {dagbag.py:545} INFO - Filling up the DagBag from /home/airflow/.local/lib/python3.12/site-packages/airflow/example_dags/example_short_circuit_operator.py
[2024-12-21T19:05:23.722+0000] {processor.py:840} INFO - DAG(s) 'example_short_circuit_operator' retrieved from /home/airflow/.local/lib/python3.12/site-packages/airflow/example_dags/example_short_circuit_operator.py
[2024-12-21T19:05:23.763+0000] {logging_mixin.py:188} INFO - [2024-12-21T19:05:23.763+0000] {dag.py:3096} INFO - Sync 1 DAGs
[2024-12-21T19:05:23.795+0000] {logging_mixin.py:188} INFO - [2024-12-21T19:05:23.794+0000] {dag.py:3954} INFO - Setting next_dagrun for example_short_circuit_operator to 2024-12-20 00:00:00+00:00, run_after=2024-12-21 00:00:00+00:00
[2024-12-21T19:05:23.829+0000] {processor.py:183} INFO - Processing /home/airflow/.local/lib/python3.12/site-packages/airflow/example_dags/example_short_circuit_operator.py took 0.133 seconds
[2024-12-21T19:05:54.661+0000] {processor.py:161} INFO - Started process (PID=1026) to work on /home/airflow/.local/lib/python3.12/site-packages/airflow/example_dags/example_short_circuit_operator.py
[2024-12-21T19:05:54.662+0000] {processor.py:830} INFO - Processing file /home/airflow/.local/lib/python3.12/site-packages/airflow/example_dags/example_short_circuit_operator.py for tasks to queue
[2024-12-21T19:05:54.664+0000] {logging_mixin.py:188} INFO - [2024-12-21T19:05:54.664+0000] {dagbag.py:545} INFO - Filling up the DagBag from /home/airflow/.local/lib/python3.12/site-packages/airflow/example_dags/example_short_circuit_operator.py
[2024-12-21T19:05:54.671+0000] {processor.py:840} INFO - DAG(s) 'example_short_circuit_operator' retrieved from /home/airflow/.local/lib/python3.12/site-packages/airflow/example_dags/example_short_circuit_operator.py
[2024-12-21T19:05:54.696+0000] {logging_mixin.py:188} INFO - [2024-12-21T19:05:54.695+0000] {dag.py:3096} INFO - Sync 1 DAGs
[2024-12-21T19:05:54.722+0000] {logging_mixin.py:188} INFO - [2024-12-21T19:05:54.722+0000] {dag.py:3954} INFO - Setting next_dagrun for example_short_circuit_operator to 2024-12-20 00:00:00+00:00, run_after=2024-12-21 00:00:00+00:00
[2024-12-21T19:05:54.748+0000] {processor.py:183} INFO - Processing /home/airflow/.local/lib/python3.12/site-packages/airflow/example_dags/example_short_circuit_operator.py took 0.093 seconds
[2024-12-21T19:06:24.903+0000] {processor.py:161} INFO - Started process (PID=1084) to work on /home/airflow/.local/lib/python3.12/site-packages/airflow/example_dags/example_short_circuit_operator.py
[2024-12-21T19:06:24.905+0000] {processor.py:830} INFO - Processing file /home/airflow/.local/lib/python3.12/site-packages/airflow/example_dags/example_short_circuit_operator.py for tasks to queue
[2024-12-21T19:06:24.909+0000] {logging_mixin.py:188} INFO - [2024-12-21T19:06:24.908+0000] {dagbag.py:545} INFO - Filling up the DagBag from /home/airflow/.local/lib/python3.12/site-packages/airflow/example_dags/example_short_circuit_operator.py
[2024-12-21T19:06:24.918+0000] {processor.py:840} INFO - DAG(s) 'example_short_circuit_operator' retrieved from /home/airflow/.local/lib/python3.12/site-packages/airflow/example_dags/example_short_circuit_operator.py
[2024-12-21T19:06:24.952+0000] {logging_mixin.py:188} INFO - [2024-12-21T19:06:24.952+0000] {dag.py:3096} INFO - Sync 1 DAGs
[2024-12-21T19:06:24.985+0000] {logging_mixin.py:188} INFO - [2024-12-21T19:06:24.984+0000] {dag.py:3954} INFO - Setting next_dagrun for example_short_circuit_operator to 2024-12-20 00:00:00+00:00, run_after=2024-12-21 00:00:00+00:00
[2024-12-21T19:06:25.022+0000] {processor.py:183} INFO - Processing /home/airflow/.local/lib/python3.12/site-packages/airflow/example_dags/example_short_circuit_operator.py took 0.127 seconds
[2024-12-21T19:06:55.633+0000] {processor.py:161} INFO - Started process (PID=1142) to work on /home/airflow/.local/lib/python3.12/site-packages/airflow/example_dags/example_short_circuit_operator.py
[2024-12-21T19:06:55.634+0000] {processor.py:830} INFO - Processing file /home/airflow/.local/lib/python3.12/site-packages/airflow/example_dags/example_short_circuit_operator.py for tasks to queue
[2024-12-21T19:06:55.637+0000] {logging_mixin.py:188} INFO - [2024-12-21T19:06:55.636+0000] {dagbag.py:545} INFO - Filling up the DagBag from /home/airflow/.local/lib/python3.12/site-packages/airflow/example_dags/example_short_circuit_operator.py
[2024-12-21T19:06:55.644+0000] {processor.py:840} INFO - DAG(s) 'example_short_circuit_operator' retrieved from /home/airflow/.local/lib/python3.12/site-packages/airflow/example_dags/example_short_circuit_operator.py
[2024-12-21T19:06:55.673+0000] {logging_mixin.py:188} INFO - [2024-12-21T19:06:55.672+0000] {dag.py:3096} INFO - Sync 1 DAGs
[2024-12-21T19:06:55.696+0000] {logging_mixin.py:188} INFO - [2024-12-21T19:06:55.696+0000] {dag.py:3954} INFO - Setting next_dagrun for example_short_circuit_operator to 2024-12-20 00:00:00+00:00, run_after=2024-12-21 00:00:00+00:00
[2024-12-21T19:06:55.722+0000] {processor.py:183} INFO - Processing /home/airflow/.local/lib/python3.12/site-packages/airflow/example_dags/example_short_circuit_operator.py took 0.095 seconds
[2024-12-21T19:07:25.774+0000] {processor.py:161} INFO - Started process (PID=1200) to work on /home/airflow/.local/lib/python3.12/site-packages/airflow/example_dags/example_short_circuit_operator.py
[2024-12-21T19:07:25.775+0000] {processor.py:830} INFO - Processing file /home/airflow/.local/lib/python3.12/site-packages/airflow/example_dags/example_short_circuit_operator.py for tasks to queue
[2024-12-21T19:07:25.780+0000] {logging_mixin.py:188} INFO - [2024-12-21T19:07:25.779+0000] {dagbag.py:545} INFO - Filling up the DagBag from /home/airflow/.local/lib/python3.12/site-packages/airflow/example_dags/example_short_circuit_operator.py
[2024-12-21T19:07:25.793+0000] {processor.py:840} INFO - DAG(s) 'example_short_circuit_operator' retrieved from /home/airflow/.local/lib/python3.12/site-packages/airflow/example_dags/example_short_circuit_operator.py
[2024-12-21T19:07:25.837+0000] {logging_mixin.py:188} INFO - [2024-12-21T19:07:25.837+0000] {dag.py:3096} INFO - Sync 1 DAGs
[2024-12-21T19:07:25.870+0000] {logging_mixin.py:188} INFO - [2024-12-21T19:07:25.870+0000] {dag.py:3954} INFO - Setting next_dagrun for example_short_circuit_operator to 2024-12-20 00:00:00+00:00, run_after=2024-12-21 00:00:00+00:00
[2024-12-21T19:07:25.902+0000] {processor.py:183} INFO - Processing /home/airflow/.local/lib/python3.12/site-packages/airflow/example_dags/example_short_circuit_operator.py took 0.136 seconds
[2024-12-21T19:07:56.190+0000] {processor.py:161} INFO - Started process (PID=1258) to work on /home/airflow/.local/lib/python3.12/site-packages/airflow/example_dags/example_short_circuit_operator.py
[2024-12-21T19:07:56.192+0000] {processor.py:830} INFO - Processing file /home/airflow/.local/lib/python3.12/site-packages/airflow/example_dags/example_short_circuit_operator.py for tasks to queue
[2024-12-21T19:07:56.194+0000] {logging_mixin.py:188} INFO - [2024-12-21T19:07:56.194+0000] {dagbag.py:545} INFO - Filling up the DagBag from /home/airflow/.local/lib/python3.12/site-packages/airflow/example_dags/example_short_circuit_operator.py
[2024-12-21T19:07:56.201+0000] {processor.py:840} INFO - DAG(s) 'example_short_circuit_operator' retrieved from /home/airflow/.local/lib/python3.12/site-packages/airflow/example_dags/example_short_circuit_operator.py
[2024-12-21T19:07:56.228+0000] {logging_mixin.py:188} INFO - [2024-12-21T19:07:56.227+0000] {dag.py:3096} INFO - Sync 1 DAGs
[2024-12-21T19:07:56.253+0000] {logging_mixin.py:188} INFO - [2024-12-21T19:07:56.253+0000] {dag.py:3954} INFO - Setting next_dagrun for example_short_circuit_operator to 2024-12-20 00:00:00+00:00, run_after=2024-12-21 00:00:00+00:00
[2024-12-21T19:07:56.280+0000] {processor.py:183} INFO - Processing /home/airflow/.local/lib/python3.12/site-packages/airflow/example_dags/example_short_circuit_operator.py took 0.095 seconds
[2024-12-21T19:08:26.934+0000] {processor.py:161} INFO - Started process (PID=1316) to work on /home/airflow/.local/lib/python3.12/site-packages/airflow/example_dags/example_short_circuit_operator.py
[2024-12-21T19:08:26.936+0000] {processor.py:830} INFO - Processing file /home/airflow/.local/lib/python3.12/site-packages/airflow/example_dags/example_short_circuit_operator.py for tasks to queue
[2024-12-21T19:08:26.939+0000] {logging_mixin.py:188} INFO - [2024-12-21T19:08:26.938+0000] {dagbag.py:545} INFO - Filling up the DagBag from /home/airflow/.local/lib/python3.12/site-packages/airflow/example_dags/example_short_circuit_operator.py
[2024-12-21T19:08:26.949+0000] {processor.py:840} INFO - DAG(s) 'example_short_circuit_operator' retrieved from /home/airflow/.local/lib/python3.12/site-packages/airflow/example_dags/example_short_circuit_operator.py
[2024-12-21T19:08:26.980+0000] {logging_mixin.py:188} INFO - [2024-12-21T19:08:26.979+0000] {dag.py:3096} INFO - Sync 1 DAGs
[2024-12-21T19:08:27.006+0000] {logging_mixin.py:188} INFO - [2024-12-21T19:08:27.006+0000] {dag.py:3954} INFO - Setting next_dagrun for example_short_circuit_operator to 2024-12-20 00:00:00+00:00, run_after=2024-12-21 00:00:00+00:00
[2024-12-21T19:08:27.032+0000] {processor.py:183} INFO - Processing /home/airflow/.local/lib/python3.12/site-packages/airflow/example_dags/example_short_circuit_operator.py took 0.103 seconds
[2024-12-21T19:08:57.333+0000] {processor.py:161} INFO - Started process (PID=1374) to work on /home/airflow/.local/lib/python3.12/site-packages/airflow/example_dags/example_short_circuit_operator.py
[2024-12-21T19:08:57.335+0000] {processor.py:830} INFO - Processing file /home/airflow/.local/lib/python3.12/site-packages/airflow/example_dags/example_short_circuit_operator.py for tasks to queue
[2024-12-21T19:08:57.337+0000] {logging_mixin.py:188} INFO - [2024-12-21T19:08:57.336+0000] {dagbag.py:545} INFO - Filling up the DagBag from /home/airflow/.local/lib/python3.12/site-packages/airflow/example_dags/example_short_circuit_operator.py
[2024-12-21T19:08:57.344+0000] {processor.py:840} INFO - DAG(s) 'example_short_circuit_operator' retrieved from /home/airflow/.local/lib/python3.12/site-packages/airflow/example_dags/example_short_circuit_operator.py
[2024-12-21T19:08:57.371+0000] {logging_mixin.py:188} INFO - [2024-12-21T19:08:57.370+0000] {dag.py:3096} INFO - Sync 1 DAGs
[2024-12-21T19:08:57.394+0000] {logging_mixin.py:188} INFO - [2024-12-21T19:08:57.393+0000] {dag.py:3954} INFO - Setting next_dagrun for example_short_circuit_operator to 2024-12-20 00:00:00+00:00, run_after=2024-12-21 00:00:00+00:00
[2024-12-21T19:08:57.419+0000] {processor.py:183} INFO - Processing /home/airflow/.local/lib/python3.12/site-packages/airflow/example_dags/example_short_circuit_operator.py took 0.091 seconds
[2024-12-21T19:09:28.452+0000] {processor.py:161} INFO - Started process (PID=1432) to work on /home/airflow/.local/lib/python3.12/site-packages/airflow/example_dags/example_short_circuit_operator.py
[2024-12-21T19:09:28.453+0000] {processor.py:830} INFO - Processing file /home/airflow/.local/lib/python3.12/site-packages/airflow/example_dags/example_short_circuit_operator.py for tasks to queue
[2024-12-21T19:09:28.455+0000] {logging_mixin.py:188} INFO - [2024-12-21T19:09:28.455+0000] {dagbag.py:545} INFO - Filling up the DagBag from /home/airflow/.local/lib/python3.12/site-packages/airflow/example_dags/example_short_circuit_operator.py
[2024-12-21T19:09:28.464+0000] {processor.py:840} INFO - DAG(s) 'example_short_circuit_operator' retrieved from /home/airflow/.local/lib/python3.12/site-packages/airflow/example_dags/example_short_circuit_operator.py
[2024-12-21T19:09:28.505+0000] {logging_mixin.py:188} INFO - [2024-12-21T19:09:28.504+0000] {dag.py:3096} INFO - Sync 1 DAGs
[2024-12-21T19:09:28.545+0000] {logging_mixin.py:188} INFO - [2024-12-21T19:09:28.545+0000] {dag.py:3954} INFO - Setting next_dagrun for example_short_circuit_operator to 2024-12-20 00:00:00+00:00, run_after=2024-12-21 00:00:00+00:00
[2024-12-21T19:09:28.585+0000] {processor.py:183} INFO - Processing /home/airflow/.local/lib/python3.12/site-packages/airflow/example_dags/example_short_circuit_operator.py took 0.139 seconds
[2024-12-21T19:09:59.055+0000] {processor.py:161} INFO - Started process (PID=1490) to work on /home/airflow/.local/lib/python3.12/site-packages/airflow/example_dags/example_short_circuit_operator.py
[2024-12-21T19:09:59.057+0000] {processor.py:830} INFO - Processing file /home/airflow/.local/lib/python3.12/site-packages/airflow/example_dags/example_short_circuit_operator.py for tasks to queue
[2024-12-21T19:09:59.059+0000] {logging_mixin.py:188} INFO - [2024-12-21T19:09:59.059+0000] {dagbag.py:545} INFO - Filling up the DagBag from /home/airflow/.local/lib/python3.12/site-packages/airflow/example_dags/example_short_circuit_operator.py
[2024-12-21T19:09:59.068+0000] {processor.py:840} INFO - DAG(s) 'example_short_circuit_operator' retrieved from /home/airflow/.local/lib/python3.12/site-packages/airflow/example_dags/example_short_circuit_operator.py
[2024-12-21T19:09:59.096+0000] {logging_mixin.py:188} INFO - [2024-12-21T19:09:59.096+0000] {dag.py:3096} INFO - Sync 1 DAGs
[2024-12-21T19:09:59.120+0000] {logging_mixin.py:188} INFO - [2024-12-21T19:09:59.120+0000] {dag.py:3954} INFO - Setting next_dagrun for example_short_circuit_operator to 2024-12-20 00:00:00+00:00, run_after=2024-12-21 00:00:00+00:00
[2024-12-21T19:09:59.147+0000] {processor.py:183} INFO - Processing /home/airflow/.local/lib/python3.12/site-packages/airflow/example_dags/example_short_circuit_operator.py took 0.097 seconds
[2024-12-21T19:10:29.747+0000] {processor.py:161} INFO - Started process (PID=1548) to work on /home/airflow/.local/lib/python3.12/site-packages/airflow/example_dags/example_short_circuit_operator.py
[2024-12-21T19:10:29.748+0000] {processor.py:830} INFO - Processing file /home/airflow/.local/lib/python3.12/site-packages/airflow/example_dags/example_short_circuit_operator.py for tasks to queue
[2024-12-21T19:10:29.751+0000] {logging_mixin.py:188} INFO - [2024-12-21T19:10:29.751+0000] {dagbag.py:545} INFO - Filling up the DagBag from /home/airflow/.local/lib/python3.12/site-packages/airflow/example_dags/example_short_circuit_operator.py
[2024-12-21T19:10:29.761+0000] {processor.py:840} INFO - DAG(s) 'example_short_circuit_operator' retrieved from /home/airflow/.local/lib/python3.12/site-packages/airflow/example_dags/example_short_circuit_operator.py
[2024-12-21T19:10:29.797+0000] {logging_mixin.py:188} INFO - [2024-12-21T19:10:29.797+0000] {dag.py:3096} INFO - Sync 1 DAGs
[2024-12-21T19:10:29.830+0000] {logging_mixin.py:188} INFO - [2024-12-21T19:10:29.830+0000] {dag.py:3954} INFO - Setting next_dagrun for example_short_circuit_operator to 2024-12-20 00:00:00+00:00, run_after=2024-12-21 00:00:00+00:00
[2024-12-21T19:10:29.869+0000] {processor.py:183} INFO - Processing /home/airflow/.local/lib/python3.12/site-packages/airflow/example_dags/example_short_circuit_operator.py took 0.130 seconds
[2024-12-21T19:11:00.254+0000] {processor.py:161} INFO - Started process (PID=1606) to work on /home/airflow/.local/lib/python3.12/site-packages/airflow/example_dags/example_short_circuit_operator.py
[2024-12-21T19:11:00.256+0000] {processor.py:830} INFO - Processing file /home/airflow/.local/lib/python3.12/site-packages/airflow/example_dags/example_short_circuit_operator.py for tasks to queue
[2024-12-21T19:11:00.258+0000] {logging_mixin.py:188} INFO - [2024-12-21T19:11:00.258+0000] {dagbag.py:545} INFO - Filling up the DagBag from /home/airflow/.local/lib/python3.12/site-packages/airflow/example_dags/example_short_circuit_operator.py
[2024-12-21T19:11:00.266+0000] {processor.py:840} INFO - DAG(s) 'example_short_circuit_operator' retrieved from /home/airflow/.local/lib/python3.12/site-packages/airflow/example_dags/example_short_circuit_operator.py
[2024-12-21T19:11:00.296+0000] {logging_mixin.py:188} INFO - [2024-12-21T19:11:00.296+0000] {dag.py:3096} INFO - Sync 1 DAGs
[2024-12-21T19:11:00.320+0000] {logging_mixin.py:188} INFO - [2024-12-21T19:11:00.320+0000] {dag.py:3954} INFO - Setting next_dagrun for example_short_circuit_operator to 2024-12-20 00:00:00+00:00, run_after=2024-12-21 00:00:00+00:00
[2024-12-21T19:11:00.347+0000] {processor.py:183} INFO - Processing /home/airflow/.local/lib/python3.12/site-packages/airflow/example_dags/example_short_circuit_operator.py took 0.099 seconds
[2024-12-21T19:11:30.935+0000] {processor.py:161} INFO - Started process (PID=1664) to work on /home/airflow/.local/lib/python3.12/site-packages/airflow/example_dags/example_short_circuit_operator.py
[2024-12-21T19:11:30.937+0000] {processor.py:830} INFO - Processing file /home/airflow/.local/lib/python3.12/site-packages/airflow/example_dags/example_short_circuit_operator.py for tasks to queue
[2024-12-21T19:11:30.941+0000] {logging_mixin.py:188} INFO - [2024-12-21T19:11:30.940+0000] {dagbag.py:545} INFO - Filling up the DagBag from /home/airflow/.local/lib/python3.12/site-packages/airflow/example_dags/example_short_circuit_operator.py
[2024-12-21T19:11:30.955+0000] {processor.py:840} INFO - DAG(s) 'example_short_circuit_operator' retrieved from /home/airflow/.local/lib/python3.12/site-packages/airflow/example_dags/example_short_circuit_operator.py
[2024-12-21T19:11:30.995+0000] {logging_mixin.py:188} INFO - [2024-12-21T19:11:30.995+0000] {dag.py:3096} INFO - Sync 1 DAGs
[2024-12-21T19:11:31.036+0000] {logging_mixin.py:188} INFO - [2024-12-21T19:11:31.036+0000] {dag.py:3954} INFO - Setting next_dagrun for example_short_circuit_operator to 2024-12-20 00:00:00+00:00, run_after=2024-12-21 00:00:00+00:00
[2024-12-21T19:11:31.072+0000] {processor.py:183} INFO - Processing /home/airflow/.local/lib/python3.12/site-packages/airflow/example_dags/example_short_circuit_operator.py took 0.147 seconds
[2024-12-21T19:12:01.162+0000] {processor.py:161} INFO - Started process (PID=1722) to work on /home/airflow/.local/lib/python3.12/site-packages/airflow/example_dags/example_short_circuit_operator.py
[2024-12-21T19:12:01.164+0000] {processor.py:830} INFO - Processing file /home/airflow/.local/lib/python3.12/site-packages/airflow/example_dags/example_short_circuit_operator.py for tasks to queue
[2024-12-21T19:12:01.166+0000] {logging_mixin.py:188} INFO - [2024-12-21T19:12:01.166+0000] {dagbag.py:545} INFO - Filling up the DagBag from /home/airflow/.local/lib/python3.12/site-packages/airflow/example_dags/example_short_circuit_operator.py
[2024-12-21T19:12:01.175+0000] {processor.py:840} INFO - DAG(s) 'example_short_circuit_operator' retrieved from /home/airflow/.local/lib/python3.12/site-packages/airflow/example_dags/example_short_circuit_operator.py
[2024-12-21T19:12:01.206+0000] {logging_mixin.py:188} INFO - [2024-12-21T19:12:01.205+0000] {dag.py:3096} INFO - Sync 1 DAGs
[2024-12-21T19:12:01.239+0000] {logging_mixin.py:188} INFO - [2024-12-21T19:12:01.239+0000] {dag.py:3954} INFO - Setting next_dagrun for example_short_circuit_operator to 2024-12-20 00:00:00+00:00, run_after=2024-12-21 00:00:00+00:00
[2024-12-21T19:12:01.276+0000] {processor.py:183} INFO - Processing /home/airflow/.local/lib/python3.12/site-packages/airflow/example_dags/example_short_circuit_operator.py took 0.121 seconds
[2024-12-21T19:12:31.873+0000] {processor.py:161} INFO - Started process (PID=1779) to work on /home/airflow/.local/lib/python3.12/site-packages/airflow/example_dags/example_short_circuit_operator.py
[2024-12-21T19:12:31.875+0000] {processor.py:830} INFO - Processing file /home/airflow/.local/lib/python3.12/site-packages/airflow/example_dags/example_short_circuit_operator.py for tasks to queue
[2024-12-21T19:12:31.879+0000] {logging_mixin.py:188} INFO - [2024-12-21T19:12:31.879+0000] {dagbag.py:545} INFO - Filling up the DagBag from /home/airflow/.local/lib/python3.12/site-packages/airflow/example_dags/example_short_circuit_operator.py
[2024-12-21T19:12:31.891+0000] {processor.py:840} INFO - DAG(s) 'example_short_circuit_operator' retrieved from /home/airflow/.local/lib/python3.12/site-packages/airflow/example_dags/example_short_circuit_operator.py
[2024-12-21T19:12:31.929+0000] {logging_mixin.py:188} INFO - [2024-12-21T19:12:31.928+0000] {dag.py:3096} INFO - Sync 1 DAGs
[2024-12-21T19:12:31.975+0000] {logging_mixin.py:188} INFO - [2024-12-21T19:12:31.975+0000] {dag.py:3954} INFO - Setting next_dagrun for example_short_circuit_operator to 2024-12-20 00:00:00+00:00, run_after=2024-12-21 00:00:00+00:00
[2024-12-21T19:12:32.018+0000] {processor.py:183} INFO - Processing /home/airflow/.local/lib/python3.12/site-packages/airflow/example_dags/example_short_circuit_operator.py took 0.154 seconds
