[2024-12-21T08:01:26.755+0000] {processor.py:161} INFO - Started process (PID=90) to work on /home/airflow/.local/lib/python3.12/site-packages/airflow/example_dags/example_task_group_decorator.py
[2024-12-21T08:01:26.758+0000] {processor.py:830} INFO - Processing file /home/airflow/.local/lib/python3.12/site-packages/airflow/example_dags/example_task_group_decorator.py for tasks to queue
[2024-12-21T08:01:26.763+0000] {logging_mixin.py:188} INFO - [2024-12-21T08:01:26.762+0000] {dagbag.py:545} INFO - Filling up the DagBag from /home/airflow/.local/lib/python3.12/site-packages/airflow/example_dags/example_task_group_decorator.py
[2024-12-21T08:01:26.793+0000] {processor.py:840} INFO - DAG(s) 'example_task_group_decorator' retrieved from /home/airflow/.local/lib/python3.12/site-packages/airflow/example_dags/example_task_group_decorator.py
[2024-12-21T08:01:26.864+0000] {logging_mixin.py:188} INFO - [2024-12-21T08:01:26.862+0000] {dag.py:3096} INFO - Sync 1 DAGs
[2024-12-21T08:01:26.905+0000] {logging_mixin.py:188} INFO - [2024-12-21T08:01:26.904+0000] {dag.py:3954} INFO - Setting next_dagrun for example_task_group_decorator to 2024-12-20 00:00:00+00:00, run_after=2024-12-21 00:00:00+00:00
[2024-12-21T08:01:26.940+0000] {processor.py:183} INFO - Processing /home/airflow/.local/lib/python3.12/site-packages/airflow/example_dags/example_task_group_decorator.py took 0.197 seconds
[2024-12-21T08:01:57.726+0000] {processor.py:161} INFO - Started process (PID=148) to work on /home/airflow/.local/lib/python3.12/site-packages/airflow/example_dags/example_task_group_decorator.py
[2024-12-21T08:01:57.727+0000] {processor.py:830} INFO - Processing file /home/airflow/.local/lib/python3.12/site-packages/airflow/example_dags/example_task_group_decorator.py for tasks to queue
[2024-12-21T08:01:57.731+0000] {logging_mixin.py:188} INFO - [2024-12-21T08:01:57.730+0000] {dagbag.py:545} INFO - Filling up the DagBag from /home/airflow/.local/lib/python3.12/site-packages/airflow/example_dags/example_task_group_decorator.py
[2024-12-21T08:01:57.753+0000] {processor.py:840} INFO - DAG(s) 'example_task_group_decorator' retrieved from /home/airflow/.local/lib/python3.12/site-packages/airflow/example_dags/example_task_group_decorator.py
[2024-12-21T08:01:57.801+0000] {logging_mixin.py:188} INFO - [2024-12-21T08:01:57.801+0000] {dag.py:3096} INFO - Sync 1 DAGs
[2024-12-21T08:01:57.868+0000] {logging_mixin.py:188} INFO - [2024-12-21T08:01:57.868+0000] {dag.py:3954} INFO - Setting next_dagrun for example_task_group_decorator to 2024-12-20 00:00:00+00:00, run_after=2024-12-21 00:00:00+00:00
[2024-12-21T08:01:57.920+0000] {processor.py:183} INFO - Processing /home/airflow/.local/lib/python3.12/site-packages/airflow/example_dags/example_task_group_decorator.py took 0.202 seconds
[2024-12-21T08:02:28.194+0000] {processor.py:161} INFO - Started process (PID=206) to work on /home/airflow/.local/lib/python3.12/site-packages/airflow/example_dags/example_task_group_decorator.py
[2024-12-21T08:02:28.196+0000] {processor.py:830} INFO - Processing file /home/airflow/.local/lib/python3.12/site-packages/airflow/example_dags/example_task_group_decorator.py for tasks to queue
[2024-12-21T08:02:28.199+0000] {logging_mixin.py:188} INFO - [2024-12-21T08:02:28.198+0000] {dagbag.py:545} INFO - Filling up the DagBag from /home/airflow/.local/lib/python3.12/site-packages/airflow/example_dags/example_task_group_decorator.py
[2024-12-21T08:02:28.221+0000] {processor.py:840} INFO - DAG(s) 'example_task_group_decorator' retrieved from /home/airflow/.local/lib/python3.12/site-packages/airflow/example_dags/example_task_group_decorator.py
[2024-12-21T08:02:28.253+0000] {logging_mixin.py:188} INFO - [2024-12-21T08:02:28.253+0000] {dag.py:3096} INFO - Sync 1 DAGs
[2024-12-21T08:02:28.283+0000] {logging_mixin.py:188} INFO - [2024-12-21T08:02:28.283+0000] {dag.py:3954} INFO - Setting next_dagrun for example_task_group_decorator to 2024-12-20 00:00:00+00:00, run_after=2024-12-21 00:00:00+00:00
[2024-12-21T08:02:28.313+0000] {processor.py:183} INFO - Processing /home/airflow/.local/lib/python3.12/site-packages/airflow/example_dags/example_task_group_decorator.py took 0.135 seconds
[2024-12-21T08:02:58.585+0000] {processor.py:161} INFO - Started process (PID=264) to work on /home/airflow/.local/lib/python3.12/site-packages/airflow/example_dags/example_task_group_decorator.py
[2024-12-21T08:02:58.586+0000] {processor.py:830} INFO - Processing file /home/airflow/.local/lib/python3.12/site-packages/airflow/example_dags/example_task_group_decorator.py for tasks to queue
[2024-12-21T08:02:58.589+0000] {logging_mixin.py:188} INFO - [2024-12-21T08:02:58.588+0000] {dagbag.py:545} INFO - Filling up the DagBag from /home/airflow/.local/lib/python3.12/site-packages/airflow/example_dags/example_task_group_decorator.py
[2024-12-21T08:02:58.607+0000] {processor.py:840} INFO - DAG(s) 'example_task_group_decorator' retrieved from /home/airflow/.local/lib/python3.12/site-packages/airflow/example_dags/example_task_group_decorator.py
[2024-12-21T08:02:58.638+0000] {logging_mixin.py:188} INFO - [2024-12-21T08:02:58.638+0000] {dag.py:3096} INFO - Sync 1 DAGs
[2024-12-21T08:02:58.675+0000] {logging_mixin.py:188} INFO - [2024-12-21T08:02:58.674+0000] {dag.py:3954} INFO - Setting next_dagrun for example_task_group_decorator to 2024-12-20 00:00:00+00:00, run_after=2024-12-21 00:00:00+00:00
[2024-12-21T08:02:58.723+0000] {processor.py:183} INFO - Processing /home/airflow/.local/lib/python3.12/site-packages/airflow/example_dags/example_task_group_decorator.py took 0.147 seconds
[2024-12-21T08:03:30.476+0000] {processor.py:161} INFO - Started process (PID=322) to work on /home/airflow/.local/lib/python3.12/site-packages/airflow/example_dags/example_task_group_decorator.py
[2024-12-21T08:03:30.477+0000] {processor.py:830} INFO - Processing file /home/airflow/.local/lib/python3.12/site-packages/airflow/example_dags/example_task_group_decorator.py for tasks to queue
[2024-12-21T08:03:30.481+0000] {logging_mixin.py:188} INFO - [2024-12-21T08:03:30.480+0000] {dagbag.py:545} INFO - Filling up the DagBag from /home/airflow/.local/lib/python3.12/site-packages/airflow/example_dags/example_task_group_decorator.py
[2024-12-21T08:03:30.514+0000] {processor.py:840} INFO - DAG(s) 'example_task_group_decorator' retrieved from /home/airflow/.local/lib/python3.12/site-packages/airflow/example_dags/example_task_group_decorator.py
[2024-12-21T08:03:30.570+0000] {logging_mixin.py:188} INFO - [2024-12-21T08:03:30.569+0000] {dag.py:3096} INFO - Sync 1 DAGs
[2024-12-21T08:03:30.607+0000] {logging_mixin.py:188} INFO - [2024-12-21T08:03:30.606+0000] {dag.py:3954} INFO - Setting next_dagrun for example_task_group_decorator to 2024-12-20 00:00:00+00:00, run_after=2024-12-21 00:00:00+00:00
[2024-12-21T08:03:30.645+0000] {processor.py:183} INFO - Processing /home/airflow/.local/lib/python3.12/site-packages/airflow/example_dags/example_task_group_decorator.py took 0.180 seconds
[2024-12-21T08:04:01.643+0000] {processor.py:161} INFO - Started process (PID=380) to work on /home/airflow/.local/lib/python3.12/site-packages/airflow/example_dags/example_task_group_decorator.py
[2024-12-21T08:04:01.644+0000] {processor.py:830} INFO - Processing file /home/airflow/.local/lib/python3.12/site-packages/airflow/example_dags/example_task_group_decorator.py for tasks to queue
[2024-12-21T08:04:01.647+0000] {logging_mixin.py:188} INFO - [2024-12-21T08:04:01.646+0000] {dagbag.py:545} INFO - Filling up the DagBag from /home/airflow/.local/lib/python3.12/site-packages/airflow/example_dags/example_task_group_decorator.py
[2024-12-21T08:04:01.660+0000] {processor.py:840} INFO - DAG(s) 'example_task_group_decorator' retrieved from /home/airflow/.local/lib/python3.12/site-packages/airflow/example_dags/example_task_group_decorator.py
[2024-12-21T08:04:01.687+0000] {logging_mixin.py:188} INFO - [2024-12-21T08:04:01.687+0000] {dag.py:3096} INFO - Sync 1 DAGs
[2024-12-21T08:04:01.716+0000] {logging_mixin.py:188} INFO - [2024-12-21T08:04:01.715+0000] {dag.py:3954} INFO - Setting next_dagrun for example_task_group_decorator to 2024-12-20 00:00:00+00:00, run_after=2024-12-21 00:00:00+00:00
[2024-12-21T08:04:01.744+0000] {processor.py:183} INFO - Processing /home/airflow/.local/lib/python3.12/site-packages/airflow/example_dags/example_task_group_decorator.py took 0.105 seconds
[2024-12-21T08:04:32.027+0000] {processor.py:161} INFO - Started process (PID=438) to work on /home/airflow/.local/lib/python3.12/site-packages/airflow/example_dags/example_task_group_decorator.py
[2024-12-21T08:04:32.029+0000] {processor.py:830} INFO - Processing file /home/airflow/.local/lib/python3.12/site-packages/airflow/example_dags/example_task_group_decorator.py for tasks to queue
[2024-12-21T08:04:32.033+0000] {logging_mixin.py:188} INFO - [2024-12-21T08:04:32.033+0000] {dagbag.py:545} INFO - Filling up the DagBag from /home/airflow/.local/lib/python3.12/site-packages/airflow/example_dags/example_task_group_decorator.py
[2024-12-21T08:04:32.063+0000] {processor.py:840} INFO - DAG(s) 'example_task_group_decorator' retrieved from /home/airflow/.local/lib/python3.12/site-packages/airflow/example_dags/example_task_group_decorator.py
[2024-12-21T08:04:32.112+0000] {logging_mixin.py:188} INFO - [2024-12-21T08:04:32.111+0000] {dag.py:3096} INFO - Sync 1 DAGs
[2024-12-21T08:04:32.153+0000] {logging_mixin.py:188} INFO - [2024-12-21T08:04:32.152+0000] {dag.py:3954} INFO - Setting next_dagrun for example_task_group_decorator to 2024-12-20 00:00:00+00:00, run_after=2024-12-21 00:00:00+00:00
[2024-12-21T08:04:32.206+0000] {processor.py:183} INFO - Processing /home/airflow/.local/lib/python3.12/site-packages/airflow/example_dags/example_task_group_decorator.py took 0.190 seconds
[2024-12-21T08:05:02.308+0000] {processor.py:161} INFO - Started process (PID=496) to work on /home/airflow/.local/lib/python3.12/site-packages/airflow/example_dags/example_task_group_decorator.py
[2024-12-21T08:05:02.309+0000] {processor.py:830} INFO - Processing file /home/airflow/.local/lib/python3.12/site-packages/airflow/example_dags/example_task_group_decorator.py for tasks to queue
[2024-12-21T08:05:02.312+0000] {logging_mixin.py:188} INFO - [2024-12-21T08:05:02.311+0000] {dagbag.py:545} INFO - Filling up the DagBag from /home/airflow/.local/lib/python3.12/site-packages/airflow/example_dags/example_task_group_decorator.py
[2024-12-21T08:05:02.325+0000] {processor.py:840} INFO - DAG(s) 'example_task_group_decorator' retrieved from /home/airflow/.local/lib/python3.12/site-packages/airflow/example_dags/example_task_group_decorator.py
[2024-12-21T08:05:02.354+0000] {logging_mixin.py:188} INFO - [2024-12-21T08:05:02.353+0000] {dag.py:3096} INFO - Sync 1 DAGs
[2024-12-21T08:05:02.378+0000] {logging_mixin.py:188} INFO - [2024-12-21T08:05:02.378+0000] {dag.py:3954} INFO - Setting next_dagrun for example_task_group_decorator to 2024-12-20 00:00:00+00:00, run_after=2024-12-21 00:00:00+00:00
[2024-12-21T08:05:02.407+0000] {processor.py:183} INFO - Processing /home/airflow/.local/lib/python3.12/site-packages/airflow/example_dags/example_task_group_decorator.py took 0.104 seconds
[2024-12-21T18:50:58.161+0000] {processor.py:161} INFO - Started process (PID=91) to work on /home/airflow/.local/lib/python3.12/site-packages/airflow/example_dags/example_task_group_decorator.py
[2024-12-21T18:50:58.166+0000] {processor.py:830} INFO - Processing file /home/airflow/.local/lib/python3.12/site-packages/airflow/example_dags/example_task_group_decorator.py for tasks to queue
[2024-12-21T18:50:58.169+0000] {logging_mixin.py:188} INFO - [2024-12-21T18:50:58.169+0000] {dagbag.py:545} INFO - Filling up the DagBag from /home/airflow/.local/lib/python3.12/site-packages/airflow/example_dags/example_task_group_decorator.py
[2024-12-21T18:50:58.204+0000] {processor.py:840} INFO - DAG(s) 'example_task_group_decorator' retrieved from /home/airflow/.local/lib/python3.12/site-packages/airflow/example_dags/example_task_group_decorator.py
[2024-12-21T18:50:58.272+0000] {logging_mixin.py:188} INFO - [2024-12-21T18:50:58.271+0000] {dag.py:3096} INFO - Sync 1 DAGs
[2024-12-21T18:50:58.319+0000] {logging_mixin.py:188} INFO - [2024-12-21T18:50:58.319+0000] {dag.py:3954} INFO - Setting next_dagrun for example_task_group_decorator to 2024-12-20 00:00:00+00:00, run_after=2024-12-21 00:00:00+00:00
[2024-12-21T18:50:58.366+0000] {processor.py:183} INFO - Processing /home/airflow/.local/lib/python3.12/site-packages/airflow/example_dags/example_task_group_decorator.py took 0.213 seconds
[2024-12-21T18:51:28.623+0000] {processor.py:161} INFO - Started process (PID=149) to work on /home/airflow/.local/lib/python3.12/site-packages/airflow/example_dags/example_task_group_decorator.py
[2024-12-21T18:51:28.624+0000] {processor.py:830} INFO - Processing file /home/airflow/.local/lib/python3.12/site-packages/airflow/example_dags/example_task_group_decorator.py for tasks to queue
[2024-12-21T18:51:28.627+0000] {logging_mixin.py:188} INFO - [2024-12-21T18:51:28.626+0000] {dagbag.py:545} INFO - Filling up the DagBag from /home/airflow/.local/lib/python3.12/site-packages/airflow/example_dags/example_task_group_decorator.py
[2024-12-21T18:51:28.645+0000] {processor.py:840} INFO - DAG(s) 'example_task_group_decorator' retrieved from /home/airflow/.local/lib/python3.12/site-packages/airflow/example_dags/example_task_group_decorator.py
[2024-12-21T18:51:28.681+0000] {logging_mixin.py:188} INFO - [2024-12-21T18:51:28.681+0000] {dag.py:3096} INFO - Sync 1 DAGs
[2024-12-21T18:51:28.707+0000] {logging_mixin.py:188} INFO - [2024-12-21T18:51:28.706+0000] {dag.py:3954} INFO - Setting next_dagrun for example_task_group_decorator to 2024-12-20 00:00:00+00:00, run_after=2024-12-21 00:00:00+00:00
[2024-12-21T18:51:28.732+0000] {processor.py:183} INFO - Processing /home/airflow/.local/lib/python3.12/site-packages/airflow/example_dags/example_task_group_decorator.py took 0.115 seconds
[2024-12-21T18:51:59.167+0000] {processor.py:161} INFO - Started process (PID=207) to work on /home/airflow/.local/lib/python3.12/site-packages/airflow/example_dags/example_task_group_decorator.py
[2024-12-21T18:51:59.168+0000] {processor.py:830} INFO - Processing file /home/airflow/.local/lib/python3.12/site-packages/airflow/example_dags/example_task_group_decorator.py for tasks to queue
[2024-12-21T18:51:59.171+0000] {logging_mixin.py:188} INFO - [2024-12-21T18:51:59.170+0000] {dagbag.py:545} INFO - Filling up the DagBag from /home/airflow/.local/lib/python3.12/site-packages/airflow/example_dags/example_task_group_decorator.py
[2024-12-21T18:51:59.188+0000] {processor.py:840} INFO - DAG(s) 'example_task_group_decorator' retrieved from /home/airflow/.local/lib/python3.12/site-packages/airflow/example_dags/example_task_group_decorator.py
[2024-12-21T18:51:59.223+0000] {logging_mixin.py:188} INFO - [2024-12-21T18:51:59.222+0000] {dag.py:3096} INFO - Sync 1 DAGs
[2024-12-21T18:51:59.254+0000] {logging_mixin.py:188} INFO - [2024-12-21T18:51:59.254+0000] {dag.py:3954} INFO - Setting next_dagrun for example_task_group_decorator to 2024-12-20 00:00:00+00:00, run_after=2024-12-21 00:00:00+00:00
[2024-12-21T18:51:59.296+0000] {processor.py:183} INFO - Processing /home/airflow/.local/lib/python3.12/site-packages/airflow/example_dags/example_task_group_decorator.py took 0.138 seconds
[2024-12-21T18:52:30.290+0000] {processor.py:161} INFO - Started process (PID=265) to work on /home/airflow/.local/lib/python3.12/site-packages/airflow/example_dags/example_task_group_decorator.py
[2024-12-21T18:52:30.292+0000] {processor.py:830} INFO - Processing file /home/airflow/.local/lib/python3.12/site-packages/airflow/example_dags/example_task_group_decorator.py for tasks to queue
[2024-12-21T18:52:30.296+0000] {logging_mixin.py:188} INFO - [2024-12-21T18:52:30.295+0000] {dagbag.py:545} INFO - Filling up the DagBag from /home/airflow/.local/lib/python3.12/site-packages/airflow/example_dags/example_task_group_decorator.py
[2024-12-21T18:52:30.317+0000] {processor.py:840} INFO - DAG(s) 'example_task_group_decorator' retrieved from /home/airflow/.local/lib/python3.12/site-packages/airflow/example_dags/example_task_group_decorator.py
[2024-12-21T18:52:30.363+0000] {logging_mixin.py:188} INFO - [2024-12-21T18:52:30.363+0000] {dag.py:3096} INFO - Sync 1 DAGs
[2024-12-21T18:52:30.414+0000] {logging_mixin.py:188} INFO - [2024-12-21T18:52:30.414+0000] {dag.py:3954} INFO - Setting next_dagrun for example_task_group_decorator to 2024-12-20 00:00:00+00:00, run_after=2024-12-21 00:00:00+00:00
[2024-12-21T18:52:30.456+0000] {processor.py:183} INFO - Processing /home/airflow/.local/lib/python3.12/site-packages/airflow/example_dags/example_task_group_decorator.py took 0.179 seconds
[2024-12-21T18:57:42.789+0000] {processor.py:161} INFO - Started process (PID=91) to work on /home/airflow/.local/lib/python3.12/site-packages/airflow/example_dags/example_task_group_decorator.py
[2024-12-21T18:57:42.791+0000] {processor.py:830} INFO - Processing file /home/airflow/.local/lib/python3.12/site-packages/airflow/example_dags/example_task_group_decorator.py for tasks to queue
[2024-12-21T18:57:42.794+0000] {logging_mixin.py:188} INFO - [2024-12-21T18:57:42.793+0000] {dagbag.py:545} INFO - Filling up the DagBag from /home/airflow/.local/lib/python3.12/site-packages/airflow/example_dags/example_task_group_decorator.py
[2024-12-21T18:57:42.822+0000] {processor.py:840} INFO - DAG(s) 'example_task_group_decorator' retrieved from /home/airflow/.local/lib/python3.12/site-packages/airflow/example_dags/example_task_group_decorator.py
[2024-12-21T18:57:42.866+0000] {logging_mixin.py:188} INFO - [2024-12-21T18:57:42.865+0000] {dag.py:3096} INFO - Sync 1 DAGs
[2024-12-21T18:57:42.912+0000] {logging_mixin.py:188} INFO - [2024-12-21T18:57:42.911+0000] {dag.py:3954} INFO - Setting next_dagrun for example_task_group_decorator to 2024-12-20 00:00:00+00:00, run_after=2024-12-21 00:00:00+00:00
[2024-12-21T18:57:42.951+0000] {processor.py:183} INFO - Processing /home/airflow/.local/lib/python3.12/site-packages/airflow/example_dags/example_task_group_decorator.py took 0.174 seconds
[2024-12-21T18:58:13.067+0000] {processor.py:161} INFO - Started process (PID=149) to work on /home/airflow/.local/lib/python3.12/site-packages/airflow/example_dags/example_task_group_decorator.py
[2024-12-21T18:58:13.069+0000] {processor.py:830} INFO - Processing file /home/airflow/.local/lib/python3.12/site-packages/airflow/example_dags/example_task_group_decorator.py for tasks to queue
[2024-12-21T18:58:13.071+0000] {logging_mixin.py:188} INFO - [2024-12-21T18:58:13.071+0000] {dagbag.py:545} INFO - Filling up the DagBag from /home/airflow/.local/lib/python3.12/site-packages/airflow/example_dags/example_task_group_decorator.py
[2024-12-21T18:58:13.096+0000] {processor.py:840} INFO - DAG(s) 'example_task_group_decorator' retrieved from /home/airflow/.local/lib/python3.12/site-packages/airflow/example_dags/example_task_group_decorator.py
[2024-12-21T18:58:13.148+0000] {logging_mixin.py:188} INFO - [2024-12-21T18:58:13.147+0000] {dag.py:3096} INFO - Sync 1 DAGs
[2024-12-21T18:58:13.203+0000] {logging_mixin.py:188} INFO - [2024-12-21T18:58:13.202+0000] {dag.py:3954} INFO - Setting next_dagrun for example_task_group_decorator to 2024-12-20 00:00:00+00:00, run_after=2024-12-21 00:00:00+00:00
[2024-12-21T18:58:13.270+0000] {processor.py:183} INFO - Processing /home/airflow/.local/lib/python3.12/site-packages/airflow/example_dags/example_task_group_decorator.py took 0.213 seconds
[2024-12-21T18:58:43.677+0000] {processor.py:161} INFO - Started process (PID=207) to work on /home/airflow/.local/lib/python3.12/site-packages/airflow/example_dags/example_task_group_decorator.py
[2024-12-21T18:58:43.679+0000] {processor.py:830} INFO - Processing file /home/airflow/.local/lib/python3.12/site-packages/airflow/example_dags/example_task_group_decorator.py for tasks to queue
[2024-12-21T18:58:43.683+0000] {logging_mixin.py:188} INFO - [2024-12-21T18:58:43.682+0000] {dagbag.py:545} INFO - Filling up the DagBag from /home/airflow/.local/lib/python3.12/site-packages/airflow/example_dags/example_task_group_decorator.py
[2024-12-21T18:58:43.706+0000] {processor.py:840} INFO - DAG(s) 'example_task_group_decorator' retrieved from /home/airflow/.local/lib/python3.12/site-packages/airflow/example_dags/example_task_group_decorator.py
[2024-12-21T18:58:43.738+0000] {logging_mixin.py:188} INFO - [2024-12-21T18:58:43.738+0000] {dag.py:3096} INFO - Sync 1 DAGs
[2024-12-21T18:58:43.765+0000] {logging_mixin.py:188} INFO - [2024-12-21T18:58:43.764+0000] {dag.py:3954} INFO - Setting next_dagrun for example_task_group_decorator to 2024-12-20 00:00:00+00:00, run_after=2024-12-21 00:00:00+00:00
[2024-12-21T18:58:43.797+0000] {processor.py:183} INFO - Processing /home/airflow/.local/lib/python3.12/site-packages/airflow/example_dags/example_task_group_decorator.py took 0.127 seconds
[2024-12-21T18:59:14.015+0000] {processor.py:161} INFO - Started process (PID=265) to work on /home/airflow/.local/lib/python3.12/site-packages/airflow/example_dags/example_task_group_decorator.py
[2024-12-21T18:59:14.016+0000] {processor.py:830} INFO - Processing file /home/airflow/.local/lib/python3.12/site-packages/airflow/example_dags/example_task_group_decorator.py for tasks to queue
[2024-12-21T18:59:14.018+0000] {logging_mixin.py:188} INFO - [2024-12-21T18:59:14.018+0000] {dagbag.py:545} INFO - Filling up the DagBag from /home/airflow/.local/lib/python3.12/site-packages/airflow/example_dags/example_task_group_decorator.py
[2024-12-21T18:59:14.031+0000] {processor.py:840} INFO - DAG(s) 'example_task_group_decorator' retrieved from /home/airflow/.local/lib/python3.12/site-packages/airflow/example_dags/example_task_group_decorator.py
[2024-12-21T18:59:14.060+0000] {logging_mixin.py:188} INFO - [2024-12-21T18:59:14.059+0000] {dag.py:3096} INFO - Sync 1 DAGs
[2024-12-21T18:59:14.085+0000] {logging_mixin.py:188} INFO - [2024-12-21T18:59:14.085+0000] {dag.py:3954} INFO - Setting next_dagrun for example_task_group_decorator to 2024-12-20 00:00:00+00:00, run_after=2024-12-21 00:00:00+00:00
[2024-12-21T18:59:14.114+0000] {processor.py:183} INFO - Processing /home/airflow/.local/lib/python3.12/site-packages/airflow/example_dags/example_task_group_decorator.py took 0.104 seconds
[2024-12-21T18:59:44.837+0000] {processor.py:161} INFO - Started process (PID=323) to work on /home/airflow/.local/lib/python3.12/site-packages/airflow/example_dags/example_task_group_decorator.py
[2024-12-21T18:59:44.838+0000] {processor.py:830} INFO - Processing file /home/airflow/.local/lib/python3.12/site-packages/airflow/example_dags/example_task_group_decorator.py for tasks to queue
[2024-12-21T18:59:44.841+0000] {logging_mixin.py:188} INFO - [2024-12-21T18:59:44.840+0000] {dagbag.py:545} INFO - Filling up the DagBag from /home/airflow/.local/lib/python3.12/site-packages/airflow/example_dags/example_task_group_decorator.py
[2024-12-21T18:59:44.859+0000] {processor.py:840} INFO - DAG(s) 'example_task_group_decorator' retrieved from /home/airflow/.local/lib/python3.12/site-packages/airflow/example_dags/example_task_group_decorator.py
[2024-12-21T18:59:44.889+0000] {logging_mixin.py:188} INFO - [2024-12-21T18:59:44.889+0000] {dag.py:3096} INFO - Sync 1 DAGs
[2024-12-21T18:59:44.915+0000] {logging_mixin.py:188} INFO - [2024-12-21T18:59:44.915+0000] {dag.py:3954} INFO - Setting next_dagrun for example_task_group_decorator to 2024-12-20 00:00:00+00:00, run_after=2024-12-21 00:00:00+00:00
[2024-12-21T18:59:44.942+0000] {processor.py:183} INFO - Processing /home/airflow/.local/lib/python3.12/site-packages/airflow/example_dags/example_task_group_decorator.py took 0.110 seconds
[2024-12-21T19:00:15.166+0000] {processor.py:161} INFO - Started process (PID=381) to work on /home/airflow/.local/lib/python3.12/site-packages/airflow/example_dags/example_task_group_decorator.py
[2024-12-21T19:00:15.168+0000] {processor.py:830} INFO - Processing file /home/airflow/.local/lib/python3.12/site-packages/airflow/example_dags/example_task_group_decorator.py for tasks to queue
[2024-12-21T19:00:15.171+0000] {logging_mixin.py:188} INFO - [2024-12-21T19:00:15.170+0000] {dagbag.py:545} INFO - Filling up the DagBag from /home/airflow/.local/lib/python3.12/site-packages/airflow/example_dags/example_task_group_decorator.py
[2024-12-21T19:00:15.186+0000] {processor.py:840} INFO - DAG(s) 'example_task_group_decorator' retrieved from /home/airflow/.local/lib/python3.12/site-packages/airflow/example_dags/example_task_group_decorator.py
[2024-12-21T19:00:15.220+0000] {logging_mixin.py:188} INFO - [2024-12-21T19:00:15.219+0000] {dag.py:3096} INFO - Sync 1 DAGs
[2024-12-21T19:00:15.244+0000] {logging_mixin.py:188} INFO - [2024-12-21T19:00:15.243+0000] {dag.py:3954} INFO - Setting next_dagrun for example_task_group_decorator to 2024-12-20 00:00:00+00:00, run_after=2024-12-21 00:00:00+00:00
[2024-12-21T19:00:15.270+0000] {processor.py:183} INFO - Processing /home/airflow/.local/lib/python3.12/site-packages/airflow/example_dags/example_task_group_decorator.py took 0.109 seconds
[2024-12-21T19:00:46.670+0000] {processor.py:161} INFO - Started process (PID=439) to work on /home/airflow/.local/lib/python3.12/site-packages/airflow/example_dags/example_task_group_decorator.py
[2024-12-21T19:00:46.673+0000] {processor.py:830} INFO - Processing file /home/airflow/.local/lib/python3.12/site-packages/airflow/example_dags/example_task_group_decorator.py for tasks to queue
[2024-12-21T19:00:46.676+0000] {logging_mixin.py:188} INFO - [2024-12-21T19:00:46.675+0000] {dagbag.py:545} INFO - Filling up the DagBag from /home/airflow/.local/lib/python3.12/site-packages/airflow/example_dags/example_task_group_decorator.py
[2024-12-21T19:00:46.699+0000] {processor.py:840} INFO - DAG(s) 'example_task_group_decorator' retrieved from /home/airflow/.local/lib/python3.12/site-packages/airflow/example_dags/example_task_group_decorator.py
[2024-12-21T19:00:46.737+0000] {logging_mixin.py:188} INFO - [2024-12-21T19:00:46.736+0000] {dag.py:3096} INFO - Sync 1 DAGs
[2024-12-21T19:00:46.763+0000] {logging_mixin.py:188} INFO - [2024-12-21T19:00:46.762+0000] {dag.py:3954} INFO - Setting next_dagrun for example_task_group_decorator to 2024-12-20 00:00:00+00:00, run_after=2024-12-21 00:00:00+00:00
[2024-12-21T19:00:46.800+0000] {processor.py:183} INFO - Processing /home/airflow/.local/lib/python3.12/site-packages/airflow/example_dags/example_task_group_decorator.py took 0.139 seconds
[2024-12-21T19:01:17.577+0000] {processor.py:161} INFO - Started process (PID=497) to work on /home/airflow/.local/lib/python3.12/site-packages/airflow/example_dags/example_task_group_decorator.py
[2024-12-21T19:01:17.578+0000] {processor.py:830} INFO - Processing file /home/airflow/.local/lib/python3.12/site-packages/airflow/example_dags/example_task_group_decorator.py for tasks to queue
[2024-12-21T19:01:17.580+0000] {logging_mixin.py:188} INFO - [2024-12-21T19:01:17.580+0000] {dagbag.py:545} INFO - Filling up the DagBag from /home/airflow/.local/lib/python3.12/site-packages/airflow/example_dags/example_task_group_decorator.py
[2024-12-21T19:01:17.595+0000] {processor.py:840} INFO - DAG(s) 'example_task_group_decorator' retrieved from /home/airflow/.local/lib/python3.12/site-packages/airflow/example_dags/example_task_group_decorator.py
[2024-12-21T19:01:17.623+0000] {logging_mixin.py:188} INFO - [2024-12-21T19:01:17.623+0000] {dag.py:3096} INFO - Sync 1 DAGs
[2024-12-21T19:01:17.652+0000] {logging_mixin.py:188} INFO - [2024-12-21T19:01:17.652+0000] {dag.py:3954} INFO - Setting next_dagrun for example_task_group_decorator to 2024-12-20 00:00:00+00:00, run_after=2024-12-21 00:00:00+00:00
[2024-12-21T19:01:17.684+0000] {processor.py:183} INFO - Processing /home/airflow/.local/lib/python3.12/site-packages/airflow/example_dags/example_task_group_decorator.py took 0.113 seconds
[2024-12-21T19:01:48.439+0000] {processor.py:161} INFO - Started process (PID=555) to work on /home/airflow/.local/lib/python3.12/site-packages/airflow/example_dags/example_task_group_decorator.py
[2024-12-21T19:01:48.441+0000] {processor.py:830} INFO - Processing file /home/airflow/.local/lib/python3.12/site-packages/airflow/example_dags/example_task_group_decorator.py for tasks to queue
[2024-12-21T19:01:48.443+0000] {logging_mixin.py:188} INFO - [2024-12-21T19:01:48.442+0000] {dagbag.py:545} INFO - Filling up the DagBag from /home/airflow/.local/lib/python3.12/site-packages/airflow/example_dags/example_task_group_decorator.py
[2024-12-21T19:01:48.458+0000] {processor.py:840} INFO - DAG(s) 'example_task_group_decorator' retrieved from /home/airflow/.local/lib/python3.12/site-packages/airflow/example_dags/example_task_group_decorator.py
[2024-12-21T19:01:48.491+0000] {logging_mixin.py:188} INFO - [2024-12-21T19:01:48.491+0000] {dag.py:3096} INFO - Sync 1 DAGs
[2024-12-21T19:01:48.517+0000] {logging_mixin.py:188} INFO - [2024-12-21T19:01:48.517+0000] {dag.py:3954} INFO - Setting next_dagrun for example_task_group_decorator to 2024-12-20 00:00:00+00:00, run_after=2024-12-21 00:00:00+00:00
[2024-12-21T19:01:48.543+0000] {processor.py:183} INFO - Processing /home/airflow/.local/lib/python3.12/site-packages/airflow/example_dags/example_task_group_decorator.py took 0.111 seconds
[2024-12-21T19:02:18.790+0000] {processor.py:161} INFO - Started process (PID=613) to work on /home/airflow/.local/lib/python3.12/site-packages/airflow/example_dags/example_task_group_decorator.py
[2024-12-21T19:02:18.791+0000] {processor.py:830} INFO - Processing file /home/airflow/.local/lib/python3.12/site-packages/airflow/example_dags/example_task_group_decorator.py for tasks to queue
[2024-12-21T19:02:18.793+0000] {logging_mixin.py:188} INFO - [2024-12-21T19:02:18.792+0000] {dagbag.py:545} INFO - Filling up the DagBag from /home/airflow/.local/lib/python3.12/site-packages/airflow/example_dags/example_task_group_decorator.py
[2024-12-21T19:02:18.808+0000] {processor.py:840} INFO - DAG(s) 'example_task_group_decorator' retrieved from /home/airflow/.local/lib/python3.12/site-packages/airflow/example_dags/example_task_group_decorator.py
[2024-12-21T19:02:18.842+0000] {logging_mixin.py:188} INFO - [2024-12-21T19:02:18.842+0000] {dag.py:3096} INFO - Sync 1 DAGs
[2024-12-21T19:02:18.866+0000] {logging_mixin.py:188} INFO - [2024-12-21T19:02:18.866+0000] {dag.py:3954} INFO - Setting next_dagrun for example_task_group_decorator to 2024-12-20 00:00:00+00:00, run_after=2024-12-21 00:00:00+00:00
[2024-12-21T19:02:18.894+0000] {processor.py:183} INFO - Processing /home/airflow/.local/lib/python3.12/site-packages/airflow/example_dags/example_task_group_decorator.py took 0.110 seconds
[2024-12-21T19:02:49.234+0000] {processor.py:161} INFO - Started process (PID=671) to work on /home/airflow/.local/lib/python3.12/site-packages/airflow/example_dags/example_task_group_decorator.py
[2024-12-21T19:02:49.240+0000] {processor.py:830} INFO - Processing file /home/airflow/.local/lib/python3.12/site-packages/airflow/example_dags/example_task_group_decorator.py for tasks to queue
[2024-12-21T19:02:49.243+0000] {logging_mixin.py:188} INFO - [2024-12-21T19:02:49.243+0000] {dagbag.py:545} INFO - Filling up the DagBag from /home/airflow/.local/lib/python3.12/site-packages/airflow/example_dags/example_task_group_decorator.py
[2024-12-21T19:02:49.266+0000] {processor.py:840} INFO - DAG(s) 'example_task_group_decorator' retrieved from /home/airflow/.local/lib/python3.12/site-packages/airflow/example_dags/example_task_group_decorator.py
[2024-12-21T19:02:49.302+0000] {logging_mixin.py:188} INFO - [2024-12-21T19:02:49.302+0000] {dag.py:3096} INFO - Sync 1 DAGs
[2024-12-21T19:02:49.331+0000] {logging_mixin.py:188} INFO - [2024-12-21T19:02:49.331+0000] {dag.py:3954} INFO - Setting next_dagrun for example_task_group_decorator to 2024-12-20 00:00:00+00:00, run_after=2024-12-21 00:00:00+00:00
[2024-12-21T19:02:49.361+0000] {processor.py:183} INFO - Processing /home/airflow/.local/lib/python3.12/site-packages/airflow/example_dags/example_task_group_decorator.py took 0.135 seconds
[2024-12-21T19:03:20.387+0000] {processor.py:161} INFO - Started process (PID=729) to work on /home/airflow/.local/lib/python3.12/site-packages/airflow/example_dags/example_task_group_decorator.py
[2024-12-21T19:03:20.388+0000] {processor.py:830} INFO - Processing file /home/airflow/.local/lib/python3.12/site-packages/airflow/example_dags/example_task_group_decorator.py for tasks to queue
[2024-12-21T19:03:20.391+0000] {logging_mixin.py:188} INFO - [2024-12-21T19:03:20.390+0000] {dagbag.py:545} INFO - Filling up the DagBag from /home/airflow/.local/lib/python3.12/site-packages/airflow/example_dags/example_task_group_decorator.py
[2024-12-21T19:03:20.406+0000] {processor.py:840} INFO - DAG(s) 'example_task_group_decorator' retrieved from /home/airflow/.local/lib/python3.12/site-packages/airflow/example_dags/example_task_group_decorator.py
[2024-12-21T19:03:20.439+0000] {logging_mixin.py:188} INFO - [2024-12-21T19:03:20.438+0000] {dag.py:3096} INFO - Sync 1 DAGs
[2024-12-21T19:03:20.463+0000] {logging_mixin.py:188} INFO - [2024-12-21T19:03:20.462+0000] {dag.py:3954} INFO - Setting next_dagrun for example_task_group_decorator to 2024-12-20 00:00:00+00:00, run_after=2024-12-21 00:00:00+00:00
[2024-12-21T19:03:20.489+0000] {processor.py:183} INFO - Processing /home/airflow/.local/lib/python3.12/site-packages/airflow/example_dags/example_task_group_decorator.py took 0.109 seconds
[2024-12-21T19:03:50.762+0000] {processor.py:161} INFO - Started process (PID=787) to work on /home/airflow/.local/lib/python3.12/site-packages/airflow/example_dags/example_task_group_decorator.py
[2024-12-21T19:03:50.764+0000] {processor.py:830} INFO - Processing file /home/airflow/.local/lib/python3.12/site-packages/airflow/example_dags/example_task_group_decorator.py for tasks to queue
[2024-12-21T19:03:50.767+0000] {logging_mixin.py:188} INFO - [2024-12-21T19:03:50.766+0000] {dagbag.py:545} INFO - Filling up the DagBag from /home/airflow/.local/lib/python3.12/site-packages/airflow/example_dags/example_task_group_decorator.py
[2024-12-21T19:03:50.791+0000] {processor.py:840} INFO - DAG(s) 'example_task_group_decorator' retrieved from /home/airflow/.local/lib/python3.12/site-packages/airflow/example_dags/example_task_group_decorator.py
[2024-12-21T19:03:50.829+0000] {logging_mixin.py:188} INFO - [2024-12-21T19:03:50.829+0000] {dag.py:3096} INFO - Sync 1 DAGs
[2024-12-21T19:03:50.860+0000] {logging_mixin.py:188} INFO - [2024-12-21T19:03:50.859+0000] {dag.py:3954} INFO - Setting next_dagrun for example_task_group_decorator to 2024-12-20 00:00:00+00:00, run_after=2024-12-21 00:00:00+00:00
[2024-12-21T19:03:50.892+0000] {processor.py:183} INFO - Processing /home/airflow/.local/lib/python3.12/site-packages/airflow/example_dags/example_task_group_decorator.py took 0.138 seconds
[2024-12-21T19:04:20.984+0000] {processor.py:161} INFO - Started process (PID=845) to work on /home/airflow/.local/lib/python3.12/site-packages/airflow/example_dags/example_task_group_decorator.py
[2024-12-21T19:04:20.985+0000] {processor.py:830} INFO - Processing file /home/airflow/.local/lib/python3.12/site-packages/airflow/example_dags/example_task_group_decorator.py for tasks to queue
[2024-12-21T19:04:20.987+0000] {logging_mixin.py:188} INFO - [2024-12-21T19:04:20.987+0000] {dagbag.py:545} INFO - Filling up the DagBag from /home/airflow/.local/lib/python3.12/site-packages/airflow/example_dags/example_task_group_decorator.py
[2024-12-21T19:04:21.001+0000] {processor.py:840} INFO - DAG(s) 'example_task_group_decorator' retrieved from /home/airflow/.local/lib/python3.12/site-packages/airflow/example_dags/example_task_group_decorator.py
[2024-12-21T19:04:21.029+0000] {logging_mixin.py:188} INFO - [2024-12-21T19:04:21.029+0000] {dag.py:3096} INFO - Sync 1 DAGs
[2024-12-21T19:04:21.052+0000] {logging_mixin.py:188} INFO - [2024-12-21T19:04:21.052+0000] {dag.py:3954} INFO - Setting next_dagrun for example_task_group_decorator to 2024-12-20 00:00:00+00:00, run_after=2024-12-21 00:00:00+00:00
[2024-12-21T19:04:21.081+0000] {processor.py:183} INFO - Processing /home/airflow/.local/lib/python3.12/site-packages/airflow/example_dags/example_task_group_decorator.py took 0.102 seconds
[2024-12-21T19:04:52.200+0000] {processor.py:161} INFO - Started process (PID=903) to work on /home/airflow/.local/lib/python3.12/site-packages/airflow/example_dags/example_task_group_decorator.py
[2024-12-21T19:04:52.202+0000] {processor.py:830} INFO - Processing file /home/airflow/.local/lib/python3.12/site-packages/airflow/example_dags/example_task_group_decorator.py for tasks to queue
[2024-12-21T19:04:52.206+0000] {logging_mixin.py:188} INFO - [2024-12-21T19:04:52.206+0000] {dagbag.py:545} INFO - Filling up the DagBag from /home/airflow/.local/lib/python3.12/site-packages/airflow/example_dags/example_task_group_decorator.py
[2024-12-21T19:04:52.238+0000] {processor.py:840} INFO - DAG(s) 'example_task_group_decorator' retrieved from /home/airflow/.local/lib/python3.12/site-packages/airflow/example_dags/example_task_group_decorator.py
[2024-12-21T19:04:52.284+0000] {logging_mixin.py:188} INFO - [2024-12-21T19:04:52.284+0000] {dag.py:3096} INFO - Sync 1 DAGs
[2024-12-21T19:04:52.323+0000] {logging_mixin.py:188} INFO - [2024-12-21T19:04:52.322+0000] {dag.py:3954} INFO - Setting next_dagrun for example_task_group_decorator to 2024-12-20 00:00:00+00:00, run_after=2024-12-21 00:00:00+00:00
[2024-12-21T19:04:52.386+0000] {processor.py:183} INFO - Processing /home/airflow/.local/lib/python3.12/site-packages/airflow/example_dags/example_task_group_decorator.py took 0.195 seconds
[2024-12-21T19:05:22.793+0000] {processor.py:161} INFO - Started process (PID=961) to work on /home/airflow/.local/lib/python3.12/site-packages/airflow/example_dags/example_task_group_decorator.py
[2024-12-21T19:05:22.794+0000] {processor.py:830} INFO - Processing file /home/airflow/.local/lib/python3.12/site-packages/airflow/example_dags/example_task_group_decorator.py for tasks to queue
[2024-12-21T19:05:22.796+0000] {logging_mixin.py:188} INFO - [2024-12-21T19:05:22.796+0000] {dagbag.py:545} INFO - Filling up the DagBag from /home/airflow/.local/lib/python3.12/site-packages/airflow/example_dags/example_task_group_decorator.py
[2024-12-21T19:05:22.819+0000] {processor.py:840} INFO - DAG(s) 'example_task_group_decorator' retrieved from /home/airflow/.local/lib/python3.12/site-packages/airflow/example_dags/example_task_group_decorator.py
[2024-12-21T19:05:22.866+0000] {logging_mixin.py:188} INFO - [2024-12-21T19:05:22.865+0000] {dag.py:3096} INFO - Sync 1 DAGs
[2024-12-21T19:05:22.900+0000] {logging_mixin.py:188} INFO - [2024-12-21T19:05:22.900+0000] {dag.py:3954} INFO - Setting next_dagrun for example_task_group_decorator to 2024-12-20 00:00:00+00:00, run_after=2024-12-21 00:00:00+00:00
[2024-12-21T19:05:22.934+0000] {processor.py:183} INFO - Processing /home/airflow/.local/lib/python3.12/site-packages/airflow/example_dags/example_task_group_decorator.py took 0.147 seconds
[2024-12-21T19:05:53.091+0000] {processor.py:161} INFO - Started process (PID=1019) to work on /home/airflow/.local/lib/python3.12/site-packages/airflow/example_dags/example_task_group_decorator.py
[2024-12-21T19:05:53.093+0000] {processor.py:830} INFO - Processing file /home/airflow/.local/lib/python3.12/site-packages/airflow/example_dags/example_task_group_decorator.py for tasks to queue
[2024-12-21T19:05:53.095+0000] {logging_mixin.py:188} INFO - [2024-12-21T19:05:53.095+0000] {dagbag.py:545} INFO - Filling up the DagBag from /home/airflow/.local/lib/python3.12/site-packages/airflow/example_dags/example_task_group_decorator.py
[2024-12-21T19:05:53.112+0000] {processor.py:840} INFO - DAG(s) 'example_task_group_decorator' retrieved from /home/airflow/.local/lib/python3.12/site-packages/airflow/example_dags/example_task_group_decorator.py
[2024-12-21T19:05:53.141+0000] {logging_mixin.py:188} INFO - [2024-12-21T19:05:53.140+0000] {dag.py:3096} INFO - Sync 1 DAGs
[2024-12-21T19:05:53.166+0000] {logging_mixin.py:188} INFO - [2024-12-21T19:05:53.166+0000] {dag.py:3954} INFO - Setting next_dagrun for example_task_group_decorator to 2024-12-20 00:00:00+00:00, run_after=2024-12-21 00:00:00+00:00
[2024-12-21T19:05:53.191+0000] {processor.py:183} INFO - Processing /home/airflow/.local/lib/python3.12/site-packages/airflow/example_dags/example_task_group_decorator.py took 0.105 seconds
[2024-12-21T19:06:23.336+0000] {processor.py:161} INFO - Started process (PID=1077) to work on /home/airflow/.local/lib/python3.12/site-packages/airflow/example_dags/example_task_group_decorator.py
[2024-12-21T19:06:23.337+0000] {processor.py:830} INFO - Processing file /home/airflow/.local/lib/python3.12/site-packages/airflow/example_dags/example_task_group_decorator.py for tasks to queue
[2024-12-21T19:06:23.340+0000] {logging_mixin.py:188} INFO - [2024-12-21T19:06:23.339+0000] {dagbag.py:545} INFO - Filling up the DagBag from /home/airflow/.local/lib/python3.12/site-packages/airflow/example_dags/example_task_group_decorator.py
[2024-12-21T19:06:23.355+0000] {processor.py:840} INFO - DAG(s) 'example_task_group_decorator' retrieved from /home/airflow/.local/lib/python3.12/site-packages/airflow/example_dags/example_task_group_decorator.py
[2024-12-21T19:06:23.384+0000] {logging_mixin.py:188} INFO - [2024-12-21T19:06:23.384+0000] {dag.py:3096} INFO - Sync 1 DAGs
[2024-12-21T19:06:23.413+0000] {logging_mixin.py:188} INFO - [2024-12-21T19:06:23.413+0000] {dag.py:3954} INFO - Setting next_dagrun for example_task_group_decorator to 2024-12-20 00:00:00+00:00, run_after=2024-12-21 00:00:00+00:00
[2024-12-21T19:06:23.439+0000] {processor.py:183} INFO - Processing /home/airflow/.local/lib/python3.12/site-packages/airflow/example_dags/example_task_group_decorator.py took 0.108 seconds
[2024-12-21T19:06:54.024+0000] {processor.py:161} INFO - Started process (PID=1135) to work on /home/airflow/.local/lib/python3.12/site-packages/airflow/example_dags/example_task_group_decorator.py
[2024-12-21T19:06:54.026+0000] {processor.py:830} INFO - Processing file /home/airflow/.local/lib/python3.12/site-packages/airflow/example_dags/example_task_group_decorator.py for tasks to queue
[2024-12-21T19:06:54.030+0000] {logging_mixin.py:188} INFO - [2024-12-21T19:06:54.029+0000] {dagbag.py:545} INFO - Filling up the DagBag from /home/airflow/.local/lib/python3.12/site-packages/airflow/example_dags/example_task_group_decorator.py
[2024-12-21T19:06:54.046+0000] {processor.py:840} INFO - DAG(s) 'example_task_group_decorator' retrieved from /home/airflow/.local/lib/python3.12/site-packages/airflow/example_dags/example_task_group_decorator.py
[2024-12-21T19:06:54.078+0000] {logging_mixin.py:188} INFO - [2024-12-21T19:06:54.078+0000] {dag.py:3096} INFO - Sync 1 DAGs
[2024-12-21T19:06:54.104+0000] {logging_mixin.py:188} INFO - [2024-12-21T19:06:54.104+0000] {dag.py:3954} INFO - Setting next_dagrun for example_task_group_decorator to 2024-12-20 00:00:00+00:00, run_after=2024-12-21 00:00:00+00:00
[2024-12-21T19:06:54.130+0000] {processor.py:183} INFO - Processing /home/airflow/.local/lib/python3.12/site-packages/airflow/example_dags/example_task_group_decorator.py took 0.112 seconds
[2024-12-21T19:07:25.054+0000] {processor.py:161} INFO - Started process (PID=1193) to work on /home/airflow/.local/lib/python3.12/site-packages/airflow/example_dags/example_task_group_decorator.py
[2024-12-21T19:07:25.056+0000] {processor.py:830} INFO - Processing file /home/airflow/.local/lib/python3.12/site-packages/airflow/example_dags/example_task_group_decorator.py for tasks to queue
[2024-12-21T19:07:25.058+0000] {logging_mixin.py:188} INFO - [2024-12-21T19:07:25.058+0000] {dagbag.py:545} INFO - Filling up the DagBag from /home/airflow/.local/lib/python3.12/site-packages/airflow/example_dags/example_task_group_decorator.py
[2024-12-21T19:07:25.073+0000] {processor.py:840} INFO - DAG(s) 'example_task_group_decorator' retrieved from /home/airflow/.local/lib/python3.12/site-packages/airflow/example_dags/example_task_group_decorator.py
[2024-12-21T19:07:25.103+0000] {logging_mixin.py:188} INFO - [2024-12-21T19:07:25.102+0000] {dag.py:3096} INFO - Sync 1 DAGs
[2024-12-21T19:07:25.126+0000] {logging_mixin.py:188} INFO - [2024-12-21T19:07:25.126+0000] {dag.py:3954} INFO - Setting next_dagrun for example_task_group_decorator to 2024-12-20 00:00:00+00:00, run_after=2024-12-21 00:00:00+00:00
[2024-12-21T19:07:25.153+0000] {processor.py:183} INFO - Processing /home/airflow/.local/lib/python3.12/site-packages/airflow/example_dags/example_task_group_decorator.py took 0.105 seconds
[2024-12-21T19:07:55.298+0000] {processor.py:161} INFO - Started process (PID=1250) to work on /home/airflow/.local/lib/python3.12/site-packages/airflow/example_dags/example_task_group_decorator.py
[2024-12-21T19:07:55.299+0000] {processor.py:830} INFO - Processing file /home/airflow/.local/lib/python3.12/site-packages/airflow/example_dags/example_task_group_decorator.py for tasks to queue
[2024-12-21T19:07:55.301+0000] {logging_mixin.py:188} INFO - [2024-12-21T19:07:55.301+0000] {dagbag.py:545} INFO - Filling up the DagBag from /home/airflow/.local/lib/python3.12/site-packages/airflow/example_dags/example_task_group_decorator.py
[2024-12-21T19:07:55.318+0000] {processor.py:840} INFO - DAG(s) 'example_task_group_decorator' retrieved from /home/airflow/.local/lib/python3.12/site-packages/airflow/example_dags/example_task_group_decorator.py
[2024-12-21T19:07:55.348+0000] {logging_mixin.py:188} INFO - [2024-12-21T19:07:55.347+0000] {dag.py:3096} INFO - Sync 1 DAGs
[2024-12-21T19:07:55.374+0000] {logging_mixin.py:188} INFO - [2024-12-21T19:07:55.374+0000] {dag.py:3954} INFO - Setting next_dagrun for example_task_group_decorator to 2024-12-20 00:00:00+00:00, run_after=2024-12-21 00:00:00+00:00
[2024-12-21T19:07:55.400+0000] {processor.py:183} INFO - Processing /home/airflow/.local/lib/python3.12/site-packages/airflow/example_dags/example_task_group_decorator.py took 0.108 seconds
[2024-12-21T19:08:25.920+0000] {processor.py:161} INFO - Started process (PID=1308) to work on /home/airflow/.local/lib/python3.12/site-packages/airflow/example_dags/example_task_group_decorator.py
[2024-12-21T19:08:25.922+0000] {processor.py:830} INFO - Processing file /home/airflow/.local/lib/python3.12/site-packages/airflow/example_dags/example_task_group_decorator.py for tasks to queue
[2024-12-21T19:08:25.924+0000] {logging_mixin.py:188} INFO - [2024-12-21T19:08:25.924+0000] {dagbag.py:545} INFO - Filling up the DagBag from /home/airflow/.local/lib/python3.12/site-packages/airflow/example_dags/example_task_group_decorator.py
[2024-12-21T19:08:25.944+0000] {processor.py:840} INFO - DAG(s) 'example_task_group_decorator' retrieved from /home/airflow/.local/lib/python3.12/site-packages/airflow/example_dags/example_task_group_decorator.py
[2024-12-21T19:08:25.973+0000] {logging_mixin.py:188} INFO - [2024-12-21T19:08:25.973+0000] {dag.py:3096} INFO - Sync 1 DAGs
[2024-12-21T19:08:25.998+0000] {logging_mixin.py:188} INFO - [2024-12-21T19:08:25.998+0000] {dag.py:3954} INFO - Setting next_dagrun for example_task_group_decorator to 2024-12-20 00:00:00+00:00, run_after=2024-12-21 00:00:00+00:00
[2024-12-21T19:08:26.029+0000] {processor.py:183} INFO - Processing /home/airflow/.local/lib/python3.12/site-packages/airflow/example_dags/example_task_group_decorator.py took 0.115 seconds
[2024-12-21T19:08:56.437+0000] {processor.py:161} INFO - Started process (PID=1366) to work on /home/airflow/.local/lib/python3.12/site-packages/airflow/example_dags/example_task_group_decorator.py
[2024-12-21T19:08:56.439+0000] {processor.py:830} INFO - Processing file /home/airflow/.local/lib/python3.12/site-packages/airflow/example_dags/example_task_group_decorator.py for tasks to queue
[2024-12-21T19:08:56.441+0000] {logging_mixin.py:188} INFO - [2024-12-21T19:08:56.441+0000] {dagbag.py:545} INFO - Filling up the DagBag from /home/airflow/.local/lib/python3.12/site-packages/airflow/example_dags/example_task_group_decorator.py
[2024-12-21T19:08:56.456+0000] {processor.py:840} INFO - DAG(s) 'example_task_group_decorator' retrieved from /home/airflow/.local/lib/python3.12/site-packages/airflow/example_dags/example_task_group_decorator.py
[2024-12-21T19:08:56.486+0000] {logging_mixin.py:188} INFO - [2024-12-21T19:08:56.486+0000] {dag.py:3096} INFO - Sync 1 DAGs
[2024-12-21T19:08:56.511+0000] {logging_mixin.py:188} INFO - [2024-12-21T19:08:56.511+0000] {dag.py:3954} INFO - Setting next_dagrun for example_task_group_decorator to 2024-12-20 00:00:00+00:00, run_after=2024-12-21 00:00:00+00:00
[2024-12-21T19:08:56.539+0000] {processor.py:183} INFO - Processing /home/airflow/.local/lib/python3.12/site-packages/airflow/example_dags/example_task_group_decorator.py took 0.106 seconds
[2024-12-21T19:09:27.579+0000] {processor.py:161} INFO - Started process (PID=1425) to work on /home/airflow/.local/lib/python3.12/site-packages/airflow/example_dags/example_task_group_decorator.py
[2024-12-21T19:09:27.581+0000] {processor.py:830} INFO - Processing file /home/airflow/.local/lib/python3.12/site-packages/airflow/example_dags/example_task_group_decorator.py for tasks to queue
[2024-12-21T19:09:27.586+0000] {logging_mixin.py:188} INFO - [2024-12-21T19:09:27.585+0000] {dagbag.py:545} INFO - Filling up the DagBag from /home/airflow/.local/lib/python3.12/site-packages/airflow/example_dags/example_task_group_decorator.py
[2024-12-21T19:09:27.609+0000] {processor.py:840} INFO - DAG(s) 'example_task_group_decorator' retrieved from /home/airflow/.local/lib/python3.12/site-packages/airflow/example_dags/example_task_group_decorator.py
[2024-12-21T19:09:27.668+0000] {logging_mixin.py:188} INFO - [2024-12-21T19:09:27.668+0000] {dag.py:3096} INFO - Sync 1 DAGs
[2024-12-21T19:09:27.732+0000] {logging_mixin.py:188} INFO - [2024-12-21T19:09:27.731+0000] {dag.py:3954} INFO - Setting next_dagrun for example_task_group_decorator to 2024-12-20 00:00:00+00:00, run_after=2024-12-21 00:00:00+00:00
[2024-12-21T19:09:27.783+0000] {processor.py:183} INFO - Processing /home/airflow/.local/lib/python3.12/site-packages/airflow/example_dags/example_task_group_decorator.py took 0.213 seconds
[2024-12-21T19:09:58.359+0000] {processor.py:161} INFO - Started process (PID=1483) to work on /home/airflow/.local/lib/python3.12/site-packages/airflow/example_dags/example_task_group_decorator.py
[2024-12-21T19:09:58.360+0000] {processor.py:830} INFO - Processing file /home/airflow/.local/lib/python3.12/site-packages/airflow/example_dags/example_task_group_decorator.py for tasks to queue
[2024-12-21T19:09:58.363+0000] {logging_mixin.py:188} INFO - [2024-12-21T19:09:58.362+0000] {dagbag.py:545} INFO - Filling up the DagBag from /home/airflow/.local/lib/python3.12/site-packages/airflow/example_dags/example_task_group_decorator.py
[2024-12-21T19:09:58.376+0000] {processor.py:840} INFO - DAG(s) 'example_task_group_decorator' retrieved from /home/airflow/.local/lib/python3.12/site-packages/airflow/example_dags/example_task_group_decorator.py
[2024-12-21T19:09:58.407+0000] {logging_mixin.py:188} INFO - [2024-12-21T19:09:58.407+0000] {dag.py:3096} INFO - Sync 1 DAGs
[2024-12-21T19:09:58.451+0000] {logging_mixin.py:188} INFO - [2024-12-21T19:09:58.450+0000] {dag.py:3954} INFO - Setting next_dagrun for example_task_group_decorator to 2024-12-20 00:00:00+00:00, run_after=2024-12-21 00:00:00+00:00
[2024-12-21T19:09:58.506+0000] {processor.py:183} INFO - Processing /home/airflow/.local/lib/python3.12/site-packages/airflow/example_dags/example_task_group_decorator.py took 0.152 seconds
[2024-12-21T19:10:28.775+0000] {processor.py:161} INFO - Started process (PID=1540) to work on /home/airflow/.local/lib/python3.12/site-packages/airflow/example_dags/example_task_group_decorator.py
[2024-12-21T19:10:28.777+0000] {processor.py:830} INFO - Processing file /home/airflow/.local/lib/python3.12/site-packages/airflow/example_dags/example_task_group_decorator.py for tasks to queue
[2024-12-21T19:10:28.780+0000] {logging_mixin.py:188} INFO - [2024-12-21T19:10:28.780+0000] {dagbag.py:545} INFO - Filling up the DagBag from /home/airflow/.local/lib/python3.12/site-packages/airflow/example_dags/example_task_group_decorator.py
[2024-12-21T19:10:28.805+0000] {processor.py:840} INFO - DAG(s) 'example_task_group_decorator' retrieved from /home/airflow/.local/lib/python3.12/site-packages/airflow/example_dags/example_task_group_decorator.py
[2024-12-21T19:10:28.850+0000] {logging_mixin.py:188} INFO - [2024-12-21T19:10:28.849+0000] {dag.py:3096} INFO - Sync 1 DAGs
[2024-12-21T19:10:28.887+0000] {logging_mixin.py:188} INFO - [2024-12-21T19:10:28.887+0000] {dag.py:3954} INFO - Setting next_dagrun for example_task_group_decorator to 2024-12-20 00:00:00+00:00, run_after=2024-12-21 00:00:00+00:00
[2024-12-21T19:10:28.926+0000] {processor.py:183} INFO - Processing /home/airflow/.local/lib/python3.12/site-packages/airflow/example_dags/example_task_group_decorator.py took 0.160 seconds
[2024-12-21T19:10:59.070+0000] {processor.py:161} INFO - Started process (PID=1598) to work on /home/airflow/.local/lib/python3.12/site-packages/airflow/example_dags/example_task_group_decorator.py
[2024-12-21T19:10:59.071+0000] {processor.py:830} INFO - Processing file /home/airflow/.local/lib/python3.12/site-packages/airflow/example_dags/example_task_group_decorator.py for tasks to queue
[2024-12-21T19:10:59.073+0000] {logging_mixin.py:188} INFO - [2024-12-21T19:10:59.073+0000] {dagbag.py:545} INFO - Filling up the DagBag from /home/airflow/.local/lib/python3.12/site-packages/airflow/example_dags/example_task_group_decorator.py
[2024-12-21T19:10:59.087+0000] {processor.py:840} INFO - DAG(s) 'example_task_group_decorator' retrieved from /home/airflow/.local/lib/python3.12/site-packages/airflow/example_dags/example_task_group_decorator.py
[2024-12-21T19:10:59.118+0000] {logging_mixin.py:188} INFO - [2024-12-21T19:10:59.118+0000] {dag.py:3096} INFO - Sync 1 DAGs
[2024-12-21T19:10:59.148+0000] {logging_mixin.py:188} INFO - [2024-12-21T19:10:59.148+0000] {dag.py:3954} INFO - Setting next_dagrun for example_task_group_decorator to 2024-12-20 00:00:00+00:00, run_after=2024-12-21 00:00:00+00:00
[2024-12-21T19:10:59.173+0000] {processor.py:183} INFO - Processing /home/airflow/.local/lib/python3.12/site-packages/airflow/example_dags/example_task_group_decorator.py took 0.109 seconds
[2024-12-21T19:11:29.587+0000] {processor.py:161} INFO - Started process (PID=1656) to work on /home/airflow/.local/lib/python3.12/site-packages/airflow/example_dags/example_task_group_decorator.py
[2024-12-21T19:11:29.588+0000] {processor.py:830} INFO - Processing file /home/airflow/.local/lib/python3.12/site-packages/airflow/example_dags/example_task_group_decorator.py for tasks to queue
[2024-12-21T19:11:29.591+0000] {logging_mixin.py:188} INFO - [2024-12-21T19:11:29.590+0000] {dagbag.py:545} INFO - Filling up the DagBag from /home/airflow/.local/lib/python3.12/site-packages/airflow/example_dags/example_task_group_decorator.py
[2024-12-21T19:11:29.617+0000] {processor.py:840} INFO - DAG(s) 'example_task_group_decorator' retrieved from /home/airflow/.local/lib/python3.12/site-packages/airflow/example_dags/example_task_group_decorator.py
[2024-12-21T19:11:29.653+0000] {logging_mixin.py:188} INFO - [2024-12-21T19:11:29.652+0000] {dag.py:3096} INFO - Sync 1 DAGs
[2024-12-21T19:11:29.690+0000] {logging_mixin.py:188} INFO - [2024-12-21T19:11:29.690+0000] {dag.py:3954} INFO - Setting next_dagrun for example_task_group_decorator to 2024-12-20 00:00:00+00:00, run_after=2024-12-21 00:00:00+00:00
[2024-12-21T19:11:29.717+0000] {processor.py:183} INFO - Processing /home/airflow/.local/lib/python3.12/site-packages/airflow/example_dags/example_task_group_decorator.py took 0.136 seconds
[2024-12-21T19:12:00.364+0000] {processor.py:161} INFO - Started process (PID=1714) to work on /home/airflow/.local/lib/python3.12/site-packages/airflow/example_dags/example_task_group_decorator.py
[2024-12-21T19:12:00.365+0000] {processor.py:830} INFO - Processing file /home/airflow/.local/lib/python3.12/site-packages/airflow/example_dags/example_task_group_decorator.py for tasks to queue
[2024-12-21T19:12:00.368+0000] {logging_mixin.py:188} INFO - [2024-12-21T19:12:00.367+0000] {dagbag.py:545} INFO - Filling up the DagBag from /home/airflow/.local/lib/python3.12/site-packages/airflow/example_dags/example_task_group_decorator.py
[2024-12-21T19:12:00.386+0000] {processor.py:840} INFO - DAG(s) 'example_task_group_decorator' retrieved from /home/airflow/.local/lib/python3.12/site-packages/airflow/example_dags/example_task_group_decorator.py
[2024-12-21T19:12:00.414+0000] {logging_mixin.py:188} INFO - [2024-12-21T19:12:00.414+0000] {dag.py:3096} INFO - Sync 1 DAGs
[2024-12-21T19:12:00.439+0000] {logging_mixin.py:188} INFO - [2024-12-21T19:12:00.439+0000] {dag.py:3954} INFO - Setting next_dagrun for example_task_group_decorator to 2024-12-20 00:00:00+00:00, run_after=2024-12-21 00:00:00+00:00
[2024-12-21T19:12:00.462+0000] {processor.py:183} INFO - Processing /home/airflow/.local/lib/python3.12/site-packages/airflow/example_dags/example_task_group_decorator.py took 0.106 seconds
[2024-12-21T19:12:30.583+0000] {processor.py:161} INFO - Started process (PID=1771) to work on /home/airflow/.local/lib/python3.12/site-packages/airflow/example_dags/example_task_group_decorator.py
[2024-12-21T19:12:30.585+0000] {processor.py:830} INFO - Processing file /home/airflow/.local/lib/python3.12/site-packages/airflow/example_dags/example_task_group_decorator.py for tasks to queue
[2024-12-21T19:12:30.588+0000] {logging_mixin.py:188} INFO - [2024-12-21T19:12:30.588+0000] {dagbag.py:545} INFO - Filling up the DagBag from /home/airflow/.local/lib/python3.12/site-packages/airflow/example_dags/example_task_group_decorator.py
[2024-12-21T19:12:30.603+0000] {processor.py:840} INFO - DAG(s) 'example_task_group_decorator' retrieved from /home/airflow/.local/lib/python3.12/site-packages/airflow/example_dags/example_task_group_decorator.py
[2024-12-21T19:12:30.639+0000] {logging_mixin.py:188} INFO - [2024-12-21T19:12:30.638+0000] {dag.py:3096} INFO - Sync 1 DAGs
[2024-12-21T19:12:30.667+0000] {logging_mixin.py:188} INFO - [2024-12-21T19:12:30.667+0000] {dag.py:3954} INFO - Setting next_dagrun for example_task_group_decorator to 2024-12-20 00:00:00+00:00, run_after=2024-12-21 00:00:00+00:00
[2024-12-21T19:12:30.695+0000] {processor.py:183} INFO - Processing /home/airflow/.local/lib/python3.12/site-packages/airflow/example_dags/example_task_group_decorator.py took 0.119 seconds
