[2024-12-21T08:01:23.029+0000] {processor.py:161} INFO - Started process (PID=64) to work on /home/airflow/.local/lib/python3.12/site-packages/airflow/example_dags/example_branch_python_dop_operator_3.py
[2024-12-21T08:01:23.031+0000] {processor.py:830} INFO - Processing file /home/airflow/.local/lib/python3.12/site-packages/airflow/example_dags/example_branch_python_dop_operator_3.py for tasks to queue
[2024-12-21T08:01:23.041+0000] {logging_mixin.py:188} INFO - [2024-12-21T08:01:23.038+0000] {dagbag.py:545} INFO - Filling up the DagBag from /home/airflow/.local/lib/python3.12/site-packages/airflow/example_dags/example_branch_python_dop_operator_3.py
[2024-12-21T08:01:23.079+0000] {processor.py:840} INFO - DAG(s) 'example_branch_dop_operator_v3' retrieved from /home/airflow/.local/lib/python3.12/site-packages/airflow/example_dags/example_branch_python_dop_operator_3.py
[2024-12-21T08:01:23.133+0000] {logging_mixin.py:188} INFO - [2024-12-21T08:01:23.132+0000] {dag.py:3096} INFO - Sync 1 DAGs
[2024-12-21T08:01:23.197+0000] {logging_mixin.py:188} INFO - [2024-12-21T08:01:23.196+0000] {dag.py:3954} INFO - Setting next_dagrun for example_branch_dop_operator_v3 to 2024-12-21 08:00:00+00:00, run_after=2024-12-21 08:01:00+00:00
[2024-12-21T08:01:23.262+0000] {processor.py:183} INFO - Processing /home/airflow/.local/lib/python3.12/site-packages/airflow/example_dags/example_branch_python_dop_operator_3.py took 0.242 seconds
[2024-12-21T08:01:53.513+0000] {processor.py:161} INFO - Started process (PID=122) to work on /home/airflow/.local/lib/python3.12/site-packages/airflow/example_dags/example_branch_python_dop_operator_3.py
[2024-12-21T08:01:53.515+0000] {processor.py:830} INFO - Processing file /home/airflow/.local/lib/python3.12/site-packages/airflow/example_dags/example_branch_python_dop_operator_3.py for tasks to queue
[2024-12-21T08:01:53.517+0000] {logging_mixin.py:188} INFO - [2024-12-21T08:01:53.516+0000] {dagbag.py:545} INFO - Filling up the DagBag from /home/airflow/.local/lib/python3.12/site-packages/airflow/example_dags/example_branch_python_dop_operator_3.py
[2024-12-21T08:01:53.526+0000] {processor.py:840} INFO - DAG(s) 'example_branch_dop_operator_v3' retrieved from /home/airflow/.local/lib/python3.12/site-packages/airflow/example_dags/example_branch_python_dop_operator_3.py
[2024-12-21T08:01:53.549+0000] {logging_mixin.py:188} INFO - [2024-12-21T08:01:53.549+0000] {dag.py:3096} INFO - Sync 1 DAGs
[2024-12-21T08:01:53.580+0000] {logging_mixin.py:188} INFO - [2024-12-21T08:01:53.580+0000] {dag.py:3954} INFO - Setting next_dagrun for example_branch_dop_operator_v3 to 2024-12-21 08:00:00+00:00, run_after=2024-12-21 08:01:00+00:00
[2024-12-21T08:01:53.610+0000] {processor.py:183} INFO - Processing /home/airflow/.local/lib/python3.12/site-packages/airflow/example_dags/example_branch_python_dop_operator_3.py took 0.103 seconds
[2024-12-21T08:02:24.362+0000] {processor.py:161} INFO - Started process (PID=180) to work on /home/airflow/.local/lib/python3.12/site-packages/airflow/example_dags/example_branch_python_dop_operator_3.py
[2024-12-21T08:02:24.364+0000] {processor.py:830} INFO - Processing file /home/airflow/.local/lib/python3.12/site-packages/airflow/example_dags/example_branch_python_dop_operator_3.py for tasks to queue
[2024-12-21T08:02:24.367+0000] {logging_mixin.py:188} INFO - [2024-12-21T08:02:24.367+0000] {dagbag.py:545} INFO - Filling up the DagBag from /home/airflow/.local/lib/python3.12/site-packages/airflow/example_dags/example_branch_python_dop_operator_3.py
[2024-12-21T08:02:24.379+0000] {processor.py:840} INFO - DAG(s) 'example_branch_dop_operator_v3' retrieved from /home/airflow/.local/lib/python3.12/site-packages/airflow/example_dags/example_branch_python_dop_operator_3.py
[2024-12-21T08:02:24.414+0000] {logging_mixin.py:188} INFO - [2024-12-21T08:02:24.414+0000] {dag.py:3096} INFO - Sync 1 DAGs
[2024-12-21T08:02:24.457+0000] {logging_mixin.py:188} INFO - [2024-12-21T08:02:24.457+0000] {dag.py:3954} INFO - Setting next_dagrun for example_branch_dop_operator_v3 to 2024-12-21 08:01:00+00:00, run_after=2024-12-21 08:02:00+00:00
[2024-12-21T08:02:24.487+0000] {processor.py:183} INFO - Processing /home/airflow/.local/lib/python3.12/site-packages/airflow/example_dags/example_branch_python_dop_operator_3.py took 0.132 seconds
[2024-12-21T08:02:55.162+0000] {processor.py:161} INFO - Started process (PID=238) to work on /home/airflow/.local/lib/python3.12/site-packages/airflow/example_dags/example_branch_python_dop_operator_3.py
[2024-12-21T08:02:55.163+0000] {processor.py:830} INFO - Processing file /home/airflow/.local/lib/python3.12/site-packages/airflow/example_dags/example_branch_python_dop_operator_3.py for tasks to queue
[2024-12-21T08:02:55.166+0000] {logging_mixin.py:188} INFO - [2024-12-21T08:02:55.166+0000] {dagbag.py:545} INFO - Filling up the DagBag from /home/airflow/.local/lib/python3.12/site-packages/airflow/example_dags/example_branch_python_dop_operator_3.py
[2024-12-21T08:02:55.179+0000] {processor.py:840} INFO - DAG(s) 'example_branch_dop_operator_v3' retrieved from /home/airflow/.local/lib/python3.12/site-packages/airflow/example_dags/example_branch_python_dop_operator_3.py
[2024-12-21T08:02:55.216+0000] {logging_mixin.py:188} INFO - [2024-12-21T08:02:55.215+0000] {dag.py:3096} INFO - Sync 1 DAGs
[2024-12-21T08:02:55.248+0000] {logging_mixin.py:188} INFO - [2024-12-21T08:02:55.247+0000] {dag.py:3954} INFO - Setting next_dagrun for example_branch_dop_operator_v3 to 2024-12-21 08:01:00+00:00, run_after=2024-12-21 08:02:00+00:00
[2024-12-21T08:02:55.276+0000] {processor.py:183} INFO - Processing /home/airflow/.local/lib/python3.12/site-packages/airflow/example_dags/example_branch_python_dop_operator_3.py took 0.123 seconds
[2024-12-21T08:03:25.391+0000] {processor.py:161} INFO - Started process (PID=296) to work on /home/airflow/.local/lib/python3.12/site-packages/airflow/example_dags/example_branch_python_dop_operator_3.py
[2024-12-21T08:03:25.393+0000] {processor.py:830} INFO - Processing file /home/airflow/.local/lib/python3.12/site-packages/airflow/example_dags/example_branch_python_dop_operator_3.py for tasks to queue
[2024-12-21T08:03:25.395+0000] {logging_mixin.py:188} INFO - [2024-12-21T08:03:25.394+0000] {dagbag.py:545} INFO - Filling up the DagBag from /home/airflow/.local/lib/python3.12/site-packages/airflow/example_dags/example_branch_python_dop_operator_3.py
[2024-12-21T08:03:25.404+0000] {processor.py:840} INFO - DAG(s) 'example_branch_dop_operator_v3' retrieved from /home/airflow/.local/lib/python3.12/site-packages/airflow/example_dags/example_branch_python_dop_operator_3.py
[2024-12-21T08:03:25.428+0000] {logging_mixin.py:188} INFO - [2024-12-21T08:03:25.427+0000] {dag.py:3096} INFO - Sync 1 DAGs
[2024-12-21T08:03:25.455+0000] {logging_mixin.py:188} INFO - [2024-12-21T08:03:25.454+0000] {dag.py:3954} INFO - Setting next_dagrun for example_branch_dop_operator_v3 to 2024-12-21 08:02:00+00:00, run_after=2024-12-21 08:03:00+00:00
[2024-12-21T08:03:25.482+0000] {processor.py:183} INFO - Processing /home/airflow/.local/lib/python3.12/site-packages/airflow/example_dags/example_branch_python_dop_operator_3.py took 0.097 seconds
[2024-12-21T08:03:56.146+0000] {processor.py:161} INFO - Started process (PID=354) to work on /home/airflow/.local/lib/python3.12/site-packages/airflow/example_dags/example_branch_python_dop_operator_3.py
[2024-12-21T08:03:56.147+0000] {processor.py:830} INFO - Processing file /home/airflow/.local/lib/python3.12/site-packages/airflow/example_dags/example_branch_python_dop_operator_3.py for tasks to queue
[2024-12-21T08:03:56.150+0000] {logging_mixin.py:188} INFO - [2024-12-21T08:03:56.149+0000] {dagbag.py:545} INFO - Filling up the DagBag from /home/airflow/.local/lib/python3.12/site-packages/airflow/example_dags/example_branch_python_dop_operator_3.py
[2024-12-21T08:03:56.159+0000] {processor.py:840} INFO - DAG(s) 'example_branch_dop_operator_v3' retrieved from /home/airflow/.local/lib/python3.12/site-packages/airflow/example_dags/example_branch_python_dop_operator_3.py
[2024-12-21T08:03:56.184+0000] {logging_mixin.py:188} INFO - [2024-12-21T08:03:56.183+0000] {dag.py:3096} INFO - Sync 1 DAGs
[2024-12-21T08:03:56.227+0000] {logging_mixin.py:188} INFO - [2024-12-21T08:03:56.226+0000] {dag.py:3954} INFO - Setting next_dagrun for example_branch_dop_operator_v3 to 2024-12-21 08:02:00+00:00, run_after=2024-12-21 08:03:00+00:00
[2024-12-21T08:03:56.260+0000] {processor.py:183} INFO - Processing /home/airflow/.local/lib/python3.12/site-packages/airflow/example_dags/example_branch_python_dop_operator_3.py took 0.120 seconds
[2024-12-21T08:04:26.407+0000] {processor.py:161} INFO - Started process (PID=412) to work on /home/airflow/.local/lib/python3.12/site-packages/airflow/example_dags/example_branch_python_dop_operator_3.py
[2024-12-21T08:04:26.408+0000] {processor.py:830} INFO - Processing file /home/airflow/.local/lib/python3.12/site-packages/airflow/example_dags/example_branch_python_dop_operator_3.py for tasks to queue
[2024-12-21T08:04:26.411+0000] {logging_mixin.py:188} INFO - [2024-12-21T08:04:26.410+0000] {dagbag.py:545} INFO - Filling up the DagBag from /home/airflow/.local/lib/python3.12/site-packages/airflow/example_dags/example_branch_python_dop_operator_3.py
[2024-12-21T08:04:26.419+0000] {processor.py:840} INFO - DAG(s) 'example_branch_dop_operator_v3' retrieved from /home/airflow/.local/lib/python3.12/site-packages/airflow/example_dags/example_branch_python_dop_operator_3.py
[2024-12-21T08:04:26.441+0000] {logging_mixin.py:188} INFO - [2024-12-21T08:04:26.441+0000] {dag.py:3096} INFO - Sync 1 DAGs
[2024-12-21T08:04:26.468+0000] {logging_mixin.py:188} INFO - [2024-12-21T08:04:26.468+0000] {dag.py:3954} INFO - Setting next_dagrun for example_branch_dop_operator_v3 to 2024-12-21 08:03:00+00:00, run_after=2024-12-21 08:04:00+00:00
[2024-12-21T08:04:26.494+0000] {processor.py:183} INFO - Processing /home/airflow/.local/lib/python3.12/site-packages/airflow/example_dags/example_branch_python_dop_operator_3.py took 0.092 seconds
[2024-12-21T08:04:56.785+0000] {processor.py:161} INFO - Started process (PID=470) to work on /home/airflow/.local/lib/python3.12/site-packages/airflow/example_dags/example_branch_python_dop_operator_3.py
[2024-12-21T08:04:56.786+0000] {processor.py:830} INFO - Processing file /home/airflow/.local/lib/python3.12/site-packages/airflow/example_dags/example_branch_python_dop_operator_3.py for tasks to queue
[2024-12-21T08:04:56.790+0000] {logging_mixin.py:188} INFO - [2024-12-21T08:04:56.789+0000] {dagbag.py:545} INFO - Filling up the DagBag from /home/airflow/.local/lib/python3.12/site-packages/airflow/example_dags/example_branch_python_dop_operator_3.py
[2024-12-21T08:04:56.802+0000] {processor.py:840} INFO - DAG(s) 'example_branch_dop_operator_v3' retrieved from /home/airflow/.local/lib/python3.12/site-packages/airflow/example_dags/example_branch_python_dop_operator_3.py
[2024-12-21T08:04:56.834+0000] {logging_mixin.py:188} INFO - [2024-12-21T08:04:56.834+0000] {dag.py:3096} INFO - Sync 1 DAGs
[2024-12-21T08:04:56.890+0000] {logging_mixin.py:188} INFO - [2024-12-21T08:04:56.890+0000] {dag.py:3954} INFO - Setting next_dagrun for example_branch_dop_operator_v3 to 2024-12-21 08:03:00+00:00, run_after=2024-12-21 08:04:00+00:00
[2024-12-21T08:04:56.932+0000] {processor.py:183} INFO - Processing /home/airflow/.local/lib/python3.12/site-packages/airflow/example_dags/example_branch_python_dop_operator_3.py took 0.157 seconds
[2024-12-21T18:50:54.615+0000] {processor.py:161} INFO - Started process (PID=59) to work on /home/airflow/.local/lib/python3.12/site-packages/airflow/example_dags/example_branch_python_dop_operator_3.py
[2024-12-21T18:50:54.617+0000] {processor.py:830} INFO - Processing file /home/airflow/.local/lib/python3.12/site-packages/airflow/example_dags/example_branch_python_dop_operator_3.py for tasks to queue
[2024-12-21T18:50:54.619+0000] {logging_mixin.py:188} INFO - [2024-12-21T18:50:54.619+0000] {dagbag.py:545} INFO - Filling up the DagBag from /home/airflow/.local/lib/python3.12/site-packages/airflow/example_dags/example_branch_python_dop_operator_3.py
[2024-12-21T18:50:54.636+0000] {processor.py:840} INFO - DAG(s) 'example_branch_dop_operator_v3' retrieved from /home/airflow/.local/lib/python3.12/site-packages/airflow/example_dags/example_branch_python_dop_operator_3.py
[2024-12-21T18:50:54.676+0000] {logging_mixin.py:188} INFO - [2024-12-21T18:50:54.675+0000] {dag.py:3096} INFO - Sync 1 DAGs
[2024-12-21T18:50:54.722+0000] {logging_mixin.py:188} INFO - [2024-12-21T18:50:54.721+0000] {dag.py:3954} INFO - Setting next_dagrun for example_branch_dop_operator_v3 to 2024-12-21 18:49:00+00:00, run_after=2024-12-21 18:50:00+00:00
[2024-12-21T18:50:54.751+0000] {processor.py:183} INFO - Processing /home/airflow/.local/lib/python3.12/site-packages/airflow/example_dags/example_branch_python_dop_operator_3.py took 0.143 seconds
[2024-12-21T18:51:25.221+0000] {processor.py:161} INFO - Started process (PID=117) to work on /home/airflow/.local/lib/python3.12/site-packages/airflow/example_dags/example_branch_python_dop_operator_3.py
[2024-12-21T18:51:25.222+0000] {processor.py:830} INFO - Processing file /home/airflow/.local/lib/python3.12/site-packages/airflow/example_dags/example_branch_python_dop_operator_3.py for tasks to queue
[2024-12-21T18:51:25.224+0000] {logging_mixin.py:188} INFO - [2024-12-21T18:51:25.224+0000] {dagbag.py:545} INFO - Filling up the DagBag from /home/airflow/.local/lib/python3.12/site-packages/airflow/example_dags/example_branch_python_dop_operator_3.py
[2024-12-21T18:51:25.232+0000] {processor.py:840} INFO - DAG(s) 'example_branch_dop_operator_v3' retrieved from /home/airflow/.local/lib/python3.12/site-packages/airflow/example_dags/example_branch_python_dop_operator_3.py
[2024-12-21T18:51:25.256+0000] {logging_mixin.py:188} INFO - [2024-12-21T18:51:25.256+0000] {dag.py:3096} INFO - Sync 1 DAGs
[2024-12-21T18:51:25.284+0000] {logging_mixin.py:188} INFO - [2024-12-21T18:51:25.284+0000] {dag.py:3954} INFO - Setting next_dagrun for example_branch_dop_operator_v3 to 2024-12-21 18:50:00+00:00, run_after=2024-12-21 18:51:00+00:00
[2024-12-21T18:51:25.312+0000] {processor.py:183} INFO - Processing /home/airflow/.local/lib/python3.12/site-packages/airflow/example_dags/example_branch_python_dop_operator_3.py took 0.097 seconds
[2024-12-21T18:51:55.592+0000] {processor.py:161} INFO - Started process (PID=175) to work on /home/airflow/.local/lib/python3.12/site-packages/airflow/example_dags/example_branch_python_dop_operator_3.py
[2024-12-21T18:51:55.593+0000] {processor.py:830} INFO - Processing file /home/airflow/.local/lib/python3.12/site-packages/airflow/example_dags/example_branch_python_dop_operator_3.py for tasks to queue
[2024-12-21T18:51:55.595+0000] {logging_mixin.py:188} INFO - [2024-12-21T18:51:55.595+0000] {dagbag.py:545} INFO - Filling up the DagBag from /home/airflow/.local/lib/python3.12/site-packages/airflow/example_dags/example_branch_python_dop_operator_3.py
[2024-12-21T18:51:55.604+0000] {processor.py:840} INFO - DAG(s) 'example_branch_dop_operator_v3' retrieved from /home/airflow/.local/lib/python3.12/site-packages/airflow/example_dags/example_branch_python_dop_operator_3.py
[2024-12-21T18:51:55.628+0000] {logging_mixin.py:188} INFO - [2024-12-21T18:51:55.628+0000] {dag.py:3096} INFO - Sync 1 DAGs
[2024-12-21T18:51:55.663+0000] {logging_mixin.py:188} INFO - [2024-12-21T18:51:55.663+0000] {dag.py:3954} INFO - Setting next_dagrun for example_branch_dop_operator_v3 to 2024-12-21 18:50:00+00:00, run_after=2024-12-21 18:51:00+00:00
[2024-12-21T18:51:55.693+0000] {processor.py:183} INFO - Processing /home/airflow/.local/lib/python3.12/site-packages/airflow/example_dags/example_branch_python_dop_operator_3.py took 0.108 seconds
[2024-12-21T18:52:25.791+0000] {processor.py:161} INFO - Started process (PID=233) to work on /home/airflow/.local/lib/python3.12/site-packages/airflow/example_dags/example_branch_python_dop_operator_3.py
[2024-12-21T18:52:25.792+0000] {processor.py:830} INFO - Processing file /home/airflow/.local/lib/python3.12/site-packages/airflow/example_dags/example_branch_python_dop_operator_3.py for tasks to queue
[2024-12-21T18:52:25.795+0000] {logging_mixin.py:188} INFO - [2024-12-21T18:52:25.794+0000] {dagbag.py:545} INFO - Filling up the DagBag from /home/airflow/.local/lib/python3.12/site-packages/airflow/example_dags/example_branch_python_dop_operator_3.py
[2024-12-21T18:52:25.803+0000] {processor.py:840} INFO - DAG(s) 'example_branch_dop_operator_v3' retrieved from /home/airflow/.local/lib/python3.12/site-packages/airflow/example_dags/example_branch_python_dop_operator_3.py
[2024-12-21T18:52:25.828+0000] {logging_mixin.py:188} INFO - [2024-12-21T18:52:25.828+0000] {dag.py:3096} INFO - Sync 1 DAGs
[2024-12-21T18:52:25.859+0000] {logging_mixin.py:188} INFO - [2024-12-21T18:52:25.859+0000] {dag.py:3954} INFO - Setting next_dagrun for example_branch_dop_operator_v3 to 2024-12-21 18:51:00+00:00, run_after=2024-12-21 18:52:00+00:00
[2024-12-21T18:52:25.888+0000] {processor.py:183} INFO - Processing /home/airflow/.local/lib/python3.12/site-packages/airflow/example_dags/example_branch_python_dop_operator_3.py took 0.103 seconds
[2024-12-21T18:57:39.192+0000] {processor.py:161} INFO - Started process (PID=60) to work on /home/airflow/.local/lib/python3.12/site-packages/airflow/example_dags/example_branch_python_dop_operator_3.py
[2024-12-21T18:57:39.203+0000] {processor.py:830} INFO - Processing file /home/airflow/.local/lib/python3.12/site-packages/airflow/example_dags/example_branch_python_dop_operator_3.py for tasks to queue
[2024-12-21T18:57:39.216+0000] {logging_mixin.py:188} INFO - [2024-12-21T18:57:39.215+0000] {dagbag.py:545} INFO - Filling up the DagBag from /home/airflow/.local/lib/python3.12/site-packages/airflow/example_dags/example_branch_python_dop_operator_3.py
[2024-12-21T18:57:39.252+0000] {processor.py:840} INFO - DAG(s) 'example_branch_dop_operator_v3' retrieved from /home/airflow/.local/lib/python3.12/site-packages/airflow/example_dags/example_branch_python_dop_operator_3.py
[2024-12-21T18:57:39.297+0000] {logging_mixin.py:188} INFO - [2024-12-21T18:57:39.296+0000] {dag.py:3096} INFO - Sync 1 DAGs
[2024-12-21T18:57:39.369+0000] {logging_mixin.py:188} INFO - [2024-12-21T18:57:39.369+0000] {dag.py:3954} INFO - Setting next_dagrun for example_branch_dop_operator_v3 to 2024-12-21 18:56:00+00:00, run_after=2024-12-21 18:57:00+00:00
[2024-12-21T18:57:39.413+0000] {processor.py:183} INFO - Processing /home/airflow/.local/lib/python3.12/site-packages/airflow/example_dags/example_branch_python_dop_operator_3.py took 0.240 seconds
[2024-12-21T18:58:09.514+0000] {processor.py:161} INFO - Started process (PID=117) to work on /home/airflow/.local/lib/python3.12/site-packages/airflow/example_dags/example_branch_python_dop_operator_3.py
[2024-12-21T18:58:09.515+0000] {processor.py:830} INFO - Processing file /home/airflow/.local/lib/python3.12/site-packages/airflow/example_dags/example_branch_python_dop_operator_3.py for tasks to queue
[2024-12-21T18:58:09.517+0000] {logging_mixin.py:188} INFO - [2024-12-21T18:58:09.517+0000] {dagbag.py:545} INFO - Filling up the DagBag from /home/airflow/.local/lib/python3.12/site-packages/airflow/example_dags/example_branch_python_dop_operator_3.py
[2024-12-21T18:58:09.526+0000] {processor.py:840} INFO - DAG(s) 'example_branch_dop_operator_v3' retrieved from /home/airflow/.local/lib/python3.12/site-packages/airflow/example_dags/example_branch_python_dop_operator_3.py
[2024-12-21T18:58:09.548+0000] {logging_mixin.py:188} INFO - [2024-12-21T18:58:09.548+0000] {dag.py:3096} INFO - Sync 1 DAGs
[2024-12-21T18:58:09.577+0000] {logging_mixin.py:188} INFO - [2024-12-21T18:58:09.577+0000] {dag.py:3954} INFO - Setting next_dagrun for example_branch_dop_operator_v3 to 2024-12-21 18:57:00+00:00, run_after=2024-12-21 18:58:00+00:00
[2024-12-21T18:58:09.604+0000] {processor.py:183} INFO - Processing /home/airflow/.local/lib/python3.12/site-packages/airflow/example_dags/example_branch_python_dop_operator_3.py took 0.096 seconds
[2024-12-21T18:58:39.802+0000] {processor.py:161} INFO - Started process (PID=175) to work on /home/airflow/.local/lib/python3.12/site-packages/airflow/example_dags/example_branch_python_dop_operator_3.py
[2024-12-21T18:58:39.804+0000] {processor.py:830} INFO - Processing file /home/airflow/.local/lib/python3.12/site-packages/airflow/example_dags/example_branch_python_dop_operator_3.py for tasks to queue
[2024-12-21T18:58:39.807+0000] {logging_mixin.py:188} INFO - [2024-12-21T18:58:39.806+0000] {dagbag.py:545} INFO - Filling up the DagBag from /home/airflow/.local/lib/python3.12/site-packages/airflow/example_dags/example_branch_python_dop_operator_3.py
[2024-12-21T18:58:39.823+0000] {processor.py:840} INFO - DAG(s) 'example_branch_dop_operator_v3' retrieved from /home/airflow/.local/lib/python3.12/site-packages/airflow/example_dags/example_branch_python_dop_operator_3.py
[2024-12-21T18:58:39.855+0000] {logging_mixin.py:188} INFO - [2024-12-21T18:58:39.854+0000] {dag.py:3096} INFO - Sync 1 DAGs
[2024-12-21T18:58:39.895+0000] {logging_mixin.py:188} INFO - [2024-12-21T18:58:39.895+0000] {dag.py:3954} INFO - Setting next_dagrun for example_branch_dop_operator_v3 to 2024-12-21 18:57:00+00:00, run_after=2024-12-21 18:58:00+00:00
[2024-12-21T18:58:39.929+0000] {processor.py:183} INFO - Processing /home/airflow/.local/lib/python3.12/site-packages/airflow/example_dags/example_branch_python_dop_operator_3.py took 0.137 seconds
[2024-12-21T18:59:10.179+0000] {processor.py:161} INFO - Started process (PID=233) to work on /home/airflow/.local/lib/python3.12/site-packages/airflow/example_dags/example_branch_python_dop_operator_3.py
[2024-12-21T18:59:10.180+0000] {processor.py:830} INFO - Processing file /home/airflow/.local/lib/python3.12/site-packages/airflow/example_dags/example_branch_python_dop_operator_3.py for tasks to queue
[2024-12-21T18:59:10.183+0000] {logging_mixin.py:188} INFO - [2024-12-21T18:59:10.182+0000] {dagbag.py:545} INFO - Filling up the DagBag from /home/airflow/.local/lib/python3.12/site-packages/airflow/example_dags/example_branch_python_dop_operator_3.py
[2024-12-21T18:59:10.195+0000] {processor.py:840} INFO - DAG(s) 'example_branch_dop_operator_v3' retrieved from /home/airflow/.local/lib/python3.12/site-packages/airflow/example_dags/example_branch_python_dop_operator_3.py
[2024-12-21T18:59:10.224+0000] {logging_mixin.py:188} INFO - [2024-12-21T18:59:10.223+0000] {dag.py:3096} INFO - Sync 1 DAGs
[2024-12-21T18:59:10.255+0000] {logging_mixin.py:188} INFO - [2024-12-21T18:59:10.255+0000] {dag.py:3954} INFO - Setting next_dagrun for example_branch_dop_operator_v3 to 2024-12-21 18:58:00+00:00, run_after=2024-12-21 18:59:00+00:00
[2024-12-21T18:59:10.285+0000] {processor.py:183} INFO - Processing /home/airflow/.local/lib/python3.12/site-packages/airflow/example_dags/example_branch_python_dop_operator_3.py took 0.115 seconds
[2024-12-21T18:59:40.450+0000] {processor.py:161} INFO - Started process (PID=291) to work on /home/airflow/.local/lib/python3.12/site-packages/airflow/example_dags/example_branch_python_dop_operator_3.py
[2024-12-21T18:59:40.451+0000] {processor.py:830} INFO - Processing file /home/airflow/.local/lib/python3.12/site-packages/airflow/example_dags/example_branch_python_dop_operator_3.py for tasks to queue
[2024-12-21T18:59:40.454+0000] {logging_mixin.py:188} INFO - [2024-12-21T18:59:40.453+0000] {dagbag.py:545} INFO - Filling up the DagBag from /home/airflow/.local/lib/python3.12/site-packages/airflow/example_dags/example_branch_python_dop_operator_3.py
[2024-12-21T18:59:40.462+0000] {processor.py:840} INFO - DAG(s) 'example_branch_dop_operator_v3' retrieved from /home/airflow/.local/lib/python3.12/site-packages/airflow/example_dags/example_branch_python_dop_operator_3.py
[2024-12-21T18:59:40.486+0000] {logging_mixin.py:188} INFO - [2024-12-21T18:59:40.486+0000] {dag.py:3096} INFO - Sync 1 DAGs
[2024-12-21T18:59:40.515+0000] {logging_mixin.py:188} INFO - [2024-12-21T18:59:40.514+0000] {dag.py:3954} INFO - Setting next_dagrun for example_branch_dop_operator_v3 to 2024-12-21 18:58:00+00:00, run_after=2024-12-21 18:59:00+00:00
[2024-12-21T18:59:40.542+0000] {processor.py:183} INFO - Processing /home/airflow/.local/lib/python3.12/site-packages/airflow/example_dags/example_branch_python_dop_operator_3.py took 0.097 seconds
[2024-12-21T19:00:10.719+0000] {processor.py:161} INFO - Started process (PID=349) to work on /home/airflow/.local/lib/python3.12/site-packages/airflow/example_dags/example_branch_python_dop_operator_3.py
[2024-12-21T19:00:10.720+0000] {processor.py:830} INFO - Processing file /home/airflow/.local/lib/python3.12/site-packages/airflow/example_dags/example_branch_python_dop_operator_3.py for tasks to queue
[2024-12-21T19:00:10.723+0000] {logging_mixin.py:188} INFO - [2024-12-21T19:00:10.722+0000] {dagbag.py:545} INFO - Filling up the DagBag from /home/airflow/.local/lib/python3.12/site-packages/airflow/example_dags/example_branch_python_dop_operator_3.py
[2024-12-21T19:00:10.735+0000] {processor.py:840} INFO - DAG(s) 'example_branch_dop_operator_v3' retrieved from /home/airflow/.local/lib/python3.12/site-packages/airflow/example_dags/example_branch_python_dop_operator_3.py
[2024-12-21T19:00:10.761+0000] {logging_mixin.py:188} INFO - [2024-12-21T19:00:10.761+0000] {dag.py:3096} INFO - Sync 1 DAGs
[2024-12-21T19:00:10.792+0000] {logging_mixin.py:188} INFO - [2024-12-21T19:00:10.792+0000] {dag.py:3954} INFO - Setting next_dagrun for example_branch_dop_operator_v3 to 2024-12-21 18:59:00+00:00, run_after=2024-12-21 19:00:00+00:00
[2024-12-21T19:00:10.821+0000] {processor.py:183} INFO - Processing /home/airflow/.local/lib/python3.12/site-packages/airflow/example_dags/example_branch_python_dop_operator_3.py took 0.108 seconds
[2024-12-21T19:00:40.993+0000] {processor.py:161} INFO - Started process (PID=407) to work on /home/airflow/.local/lib/python3.12/site-packages/airflow/example_dags/example_branch_python_dop_operator_3.py
[2024-12-21T19:00:40.995+0000] {processor.py:830} INFO - Processing file /home/airflow/.local/lib/python3.12/site-packages/airflow/example_dags/example_branch_python_dop_operator_3.py for tasks to queue
[2024-12-21T19:00:40.998+0000] {logging_mixin.py:188} INFO - [2024-12-21T19:00:40.997+0000] {dagbag.py:545} INFO - Filling up the DagBag from /home/airflow/.local/lib/python3.12/site-packages/airflow/example_dags/example_branch_python_dop_operator_3.py
[2024-12-21T19:00:41.009+0000] {processor.py:840} INFO - DAG(s) 'example_branch_dop_operator_v3' retrieved from /home/airflow/.local/lib/python3.12/site-packages/airflow/example_dags/example_branch_python_dop_operator_3.py
[2024-12-21T19:00:41.035+0000] {logging_mixin.py:188} INFO - [2024-12-21T19:00:41.035+0000] {dag.py:3096} INFO - Sync 1 DAGs
[2024-12-21T19:00:41.070+0000] {logging_mixin.py:188} INFO - [2024-12-21T19:00:41.069+0000] {dag.py:3954} INFO - Setting next_dagrun for example_branch_dop_operator_v3 to 2024-12-21 18:59:00+00:00, run_after=2024-12-21 19:00:00+00:00
[2024-12-21T19:00:41.093+0000] {processor.py:183} INFO - Processing /home/airflow/.local/lib/python3.12/site-packages/airflow/example_dags/example_branch_python_dop_operator_3.py took 0.107 seconds
[2024-12-21T19:01:11.411+0000] {processor.py:161} INFO - Started process (PID=465) to work on /home/airflow/.local/lib/python3.12/site-packages/airflow/example_dags/example_branch_python_dop_operator_3.py
[2024-12-21T19:01:11.413+0000] {processor.py:830} INFO - Processing file /home/airflow/.local/lib/python3.12/site-packages/airflow/example_dags/example_branch_python_dop_operator_3.py for tasks to queue
[2024-12-21T19:01:11.415+0000] {logging_mixin.py:188} INFO - [2024-12-21T19:01:11.415+0000] {dagbag.py:545} INFO - Filling up the DagBag from /home/airflow/.local/lib/python3.12/site-packages/airflow/example_dags/example_branch_python_dop_operator_3.py
[2024-12-21T19:01:11.427+0000] {processor.py:840} INFO - DAG(s) 'example_branch_dop_operator_v3' retrieved from /home/airflow/.local/lib/python3.12/site-packages/airflow/example_dags/example_branch_python_dop_operator_3.py
[2024-12-21T19:01:11.452+0000] {logging_mixin.py:188} INFO - [2024-12-21T19:01:11.451+0000] {dag.py:3096} INFO - Sync 1 DAGs
[2024-12-21T19:01:11.479+0000] {logging_mixin.py:188} INFO - [2024-12-21T19:01:11.479+0000] {dag.py:3954} INFO - Setting next_dagrun for example_branch_dop_operator_v3 to 2024-12-21 19:00:00+00:00, run_after=2024-12-21 19:01:00+00:00
[2024-12-21T19:01:11.505+0000] {processor.py:183} INFO - Processing /home/airflow/.local/lib/python3.12/site-packages/airflow/example_dags/example_branch_python_dop_operator_3.py took 0.099 seconds
[2024-12-21T19:01:42.042+0000] {processor.py:161} INFO - Started process (PID=523) to work on /home/airflow/.local/lib/python3.12/site-packages/airflow/example_dags/example_branch_python_dop_operator_3.py
[2024-12-21T19:01:42.044+0000] {processor.py:830} INFO - Processing file /home/airflow/.local/lib/python3.12/site-packages/airflow/example_dags/example_branch_python_dop_operator_3.py for tasks to queue
[2024-12-21T19:01:42.048+0000] {logging_mixin.py:188} INFO - [2024-12-21T19:01:42.047+0000] {dagbag.py:545} INFO - Filling up the DagBag from /home/airflow/.local/lib/python3.12/site-packages/airflow/example_dags/example_branch_python_dop_operator_3.py
[2024-12-21T19:01:42.060+0000] {processor.py:840} INFO - DAG(s) 'example_branch_dop_operator_v3' retrieved from /home/airflow/.local/lib/python3.12/site-packages/airflow/example_dags/example_branch_python_dop_operator_3.py
[2024-12-21T19:01:42.089+0000] {logging_mixin.py:188} INFO - [2024-12-21T19:01:42.088+0000] {dag.py:3096} INFO - Sync 1 DAGs
[2024-12-21T19:01:42.128+0000] {logging_mixin.py:188} INFO - [2024-12-21T19:01:42.127+0000] {dag.py:3954} INFO - Setting next_dagrun for example_branch_dop_operator_v3 to 2024-12-21 19:00:00+00:00, run_after=2024-12-21 19:01:00+00:00
[2024-12-21T19:01:42.161+0000] {processor.py:183} INFO - Processing /home/airflow/.local/lib/python3.12/site-packages/airflow/example_dags/example_branch_python_dop_operator_3.py took 0.129 seconds
[2024-12-21T19:02:12.280+0000] {processor.py:161} INFO - Started process (PID=581) to work on /home/airflow/.local/lib/python3.12/site-packages/airflow/example_dags/example_branch_python_dop_operator_3.py
[2024-12-21T19:02:12.281+0000] {processor.py:830} INFO - Processing file /home/airflow/.local/lib/python3.12/site-packages/airflow/example_dags/example_branch_python_dop_operator_3.py for tasks to queue
[2024-12-21T19:02:12.283+0000] {logging_mixin.py:188} INFO - [2024-12-21T19:02:12.282+0000] {dagbag.py:545} INFO - Filling up the DagBag from /home/airflow/.local/lib/python3.12/site-packages/airflow/example_dags/example_branch_python_dop_operator_3.py
[2024-12-21T19:02:12.291+0000] {processor.py:840} INFO - DAG(s) 'example_branch_dop_operator_v3' retrieved from /home/airflow/.local/lib/python3.12/site-packages/airflow/example_dags/example_branch_python_dop_operator_3.py
[2024-12-21T19:02:12.312+0000] {logging_mixin.py:188} INFO - [2024-12-21T19:02:12.312+0000] {dag.py:3096} INFO - Sync 1 DAGs
[2024-12-21T19:02:12.343+0000] {logging_mixin.py:188} INFO - [2024-12-21T19:02:12.343+0000] {dag.py:3954} INFO - Setting next_dagrun for example_branch_dop_operator_v3 to 2024-12-21 19:01:00+00:00, run_after=2024-12-21 19:02:00+00:00
[2024-12-21T19:02:12.400+0000] {processor.py:183} INFO - Processing /home/airflow/.local/lib/python3.12/site-packages/airflow/example_dags/example_branch_python_dop_operator_3.py took 0.126 seconds
[2024-12-21T19:02:42.746+0000] {processor.py:161} INFO - Started process (PID=645) to work on /home/airflow/.local/lib/python3.12/site-packages/airflow/example_dags/example_branch_python_dop_operator_3.py
[2024-12-21T19:02:42.748+0000] {processor.py:830} INFO - Processing file /home/airflow/.local/lib/python3.12/site-packages/airflow/example_dags/example_branch_python_dop_operator_3.py for tasks to queue
[2024-12-21T19:02:42.751+0000] {logging_mixin.py:188} INFO - [2024-12-21T19:02:42.751+0000] {dagbag.py:545} INFO - Filling up the DagBag from /home/airflow/.local/lib/python3.12/site-packages/airflow/example_dags/example_branch_python_dop_operator_3.py
[2024-12-21T19:02:42.761+0000] {processor.py:840} INFO - DAG(s) 'example_branch_dop_operator_v3' retrieved from /home/airflow/.local/lib/python3.12/site-packages/airflow/example_dags/example_branch_python_dop_operator_3.py
[2024-12-21T19:02:42.786+0000] {logging_mixin.py:188} INFO - [2024-12-21T19:02:42.785+0000] {dag.py:3096} INFO - Sync 1 DAGs
[2024-12-21T19:02:42.813+0000] {logging_mixin.py:188} INFO - [2024-12-21T19:02:42.813+0000] {dag.py:3954} INFO - Setting next_dagrun for example_branch_dop_operator_v3 to 2024-12-21 19:01:00+00:00, run_after=2024-12-21 19:02:00+00:00
[2024-12-21T19:02:42.838+0000] {processor.py:183} INFO - Processing /home/airflow/.local/lib/python3.12/site-packages/airflow/example_dags/example_branch_python_dop_operator_3.py took 0.098 seconds
[2024-12-21T19:03:13.302+0000] {processor.py:161} INFO - Started process (PID=703) to work on /home/airflow/.local/lib/python3.12/site-packages/airflow/example_dags/example_branch_python_dop_operator_3.py
[2024-12-21T19:03:13.304+0000] {processor.py:830} INFO - Processing file /home/airflow/.local/lib/python3.12/site-packages/airflow/example_dags/example_branch_python_dop_operator_3.py for tasks to queue
[2024-12-21T19:03:13.307+0000] {logging_mixin.py:188} INFO - [2024-12-21T19:03:13.307+0000] {dagbag.py:545} INFO - Filling up the DagBag from /home/airflow/.local/lib/python3.12/site-packages/airflow/example_dags/example_branch_python_dop_operator_3.py
[2024-12-21T19:03:13.322+0000] {processor.py:840} INFO - DAG(s) 'example_branch_dop_operator_v3' retrieved from /home/airflow/.local/lib/python3.12/site-packages/airflow/example_dags/example_branch_python_dop_operator_3.py
[2024-12-21T19:03:13.352+0000] {logging_mixin.py:188} INFO - [2024-12-21T19:03:13.351+0000] {dag.py:3096} INFO - Sync 1 DAGs
[2024-12-21T19:03:13.386+0000] {logging_mixin.py:188} INFO - [2024-12-21T19:03:13.386+0000] {dag.py:3954} INFO - Setting next_dagrun for example_branch_dop_operator_v3 to 2024-12-21 19:02:00+00:00, run_after=2024-12-21 19:03:00+00:00
[2024-12-21T19:03:13.413+0000] {processor.py:183} INFO - Processing /home/airflow/.local/lib/python3.12/site-packages/airflow/example_dags/example_branch_python_dop_operator_3.py took 0.120 seconds
[2024-12-21T19:03:43.488+0000] {processor.py:161} INFO - Started process (PID=761) to work on /home/airflow/.local/lib/python3.12/site-packages/airflow/example_dags/example_branch_python_dop_operator_3.py
[2024-12-21T19:03:43.490+0000] {processor.py:830} INFO - Processing file /home/airflow/.local/lib/python3.12/site-packages/airflow/example_dags/example_branch_python_dop_operator_3.py for tasks to queue
[2024-12-21T19:03:43.492+0000] {logging_mixin.py:188} INFO - [2024-12-21T19:03:43.492+0000] {dagbag.py:545} INFO - Filling up the DagBag from /home/airflow/.local/lib/python3.12/site-packages/airflow/example_dags/example_branch_python_dop_operator_3.py
[2024-12-21T19:03:43.501+0000] {processor.py:840} INFO - DAG(s) 'example_branch_dop_operator_v3' retrieved from /home/airflow/.local/lib/python3.12/site-packages/airflow/example_dags/example_branch_python_dop_operator_3.py
[2024-12-21T19:03:43.525+0000] {logging_mixin.py:188} INFO - [2024-12-21T19:03:43.525+0000] {dag.py:3096} INFO - Sync 1 DAGs
[2024-12-21T19:03:43.553+0000] {logging_mixin.py:188} INFO - [2024-12-21T19:03:43.553+0000] {dag.py:3954} INFO - Setting next_dagrun for example_branch_dop_operator_v3 to 2024-12-21 19:02:00+00:00, run_after=2024-12-21 19:03:00+00:00
[2024-12-21T19:03:43.579+0000] {processor.py:183} INFO - Processing /home/airflow/.local/lib/python3.12/site-packages/airflow/example_dags/example_branch_python_dop_operator_3.py took 0.096 seconds
[2024-12-21T19:04:13.703+0000] {processor.py:161} INFO - Started process (PID=819) to work on /home/airflow/.local/lib/python3.12/site-packages/airflow/example_dags/example_branch_python_dop_operator_3.py
[2024-12-21T19:04:13.704+0000] {processor.py:830} INFO - Processing file /home/airflow/.local/lib/python3.12/site-packages/airflow/example_dags/example_branch_python_dop_operator_3.py for tasks to queue
[2024-12-21T19:04:13.707+0000] {logging_mixin.py:188} INFO - [2024-12-21T19:04:13.707+0000] {dagbag.py:545} INFO - Filling up the DagBag from /home/airflow/.local/lib/python3.12/site-packages/airflow/example_dags/example_branch_python_dop_operator_3.py
[2024-12-21T19:04:13.719+0000] {processor.py:840} INFO - DAG(s) 'example_branch_dop_operator_v3' retrieved from /home/airflow/.local/lib/python3.12/site-packages/airflow/example_dags/example_branch_python_dop_operator_3.py
[2024-12-21T19:04:13.749+0000] {logging_mixin.py:188} INFO - [2024-12-21T19:04:13.749+0000] {dag.py:3096} INFO - Sync 1 DAGs
[2024-12-21T19:04:13.778+0000] {logging_mixin.py:188} INFO - [2024-12-21T19:04:13.778+0000] {dag.py:3954} INFO - Setting next_dagrun for example_branch_dop_operator_v3 to 2024-12-21 19:03:00+00:00, run_after=2024-12-21 19:04:00+00:00
[2024-12-21T19:04:13.805+0000] {processor.py:183} INFO - Processing /home/airflow/.local/lib/python3.12/site-packages/airflow/example_dags/example_branch_python_dop_operator_3.py took 0.111 seconds
[2024-12-21T19:04:43.939+0000] {processor.py:161} INFO - Started process (PID=877) to work on /home/airflow/.local/lib/python3.12/site-packages/airflow/example_dags/example_branch_python_dop_operator_3.py
[2024-12-21T19:04:43.940+0000] {processor.py:830} INFO - Processing file /home/airflow/.local/lib/python3.12/site-packages/airflow/example_dags/example_branch_python_dop_operator_3.py for tasks to queue
[2024-12-21T19:04:43.944+0000] {logging_mixin.py:188} INFO - [2024-12-21T19:04:43.942+0000] {dagbag.py:545} INFO - Filling up the DagBag from /home/airflow/.local/lib/python3.12/site-packages/airflow/example_dags/example_branch_python_dop_operator_3.py
[2024-12-21T19:04:43.958+0000] {processor.py:840} INFO - DAG(s) 'example_branch_dop_operator_v3' retrieved from /home/airflow/.local/lib/python3.12/site-packages/airflow/example_dags/example_branch_python_dop_operator_3.py
[2024-12-21T19:04:43.989+0000] {logging_mixin.py:188} INFO - [2024-12-21T19:04:43.988+0000] {dag.py:3096} INFO - Sync 1 DAGs
[2024-12-21T19:04:44.019+0000] {logging_mixin.py:188} INFO - [2024-12-21T19:04:44.019+0000] {dag.py:3954} INFO - Setting next_dagrun for example_branch_dop_operator_v3 to 2024-12-21 19:03:00+00:00, run_after=2024-12-21 19:04:00+00:00
[2024-12-21T19:04:44.047+0000] {processor.py:183} INFO - Processing /home/airflow/.local/lib/python3.12/site-packages/airflow/example_dags/example_branch_python_dop_operator_3.py took 0.114 seconds
[2024-12-21T19:05:14.333+0000] {processor.py:161} INFO - Started process (PID=935) to work on /home/airflow/.local/lib/python3.12/site-packages/airflow/example_dags/example_branch_python_dop_operator_3.py
[2024-12-21T19:05:14.336+0000] {processor.py:830} INFO - Processing file /home/airflow/.local/lib/python3.12/site-packages/airflow/example_dags/example_branch_python_dop_operator_3.py for tasks to queue
[2024-12-21T19:05:14.339+0000] {logging_mixin.py:188} INFO - [2024-12-21T19:05:14.338+0000] {dagbag.py:545} INFO - Filling up the DagBag from /home/airflow/.local/lib/python3.12/site-packages/airflow/example_dags/example_branch_python_dop_operator_3.py
[2024-12-21T19:05:14.354+0000] {processor.py:840} INFO - DAG(s) 'example_branch_dop_operator_v3' retrieved from /home/airflow/.local/lib/python3.12/site-packages/airflow/example_dags/example_branch_python_dop_operator_3.py
[2024-12-21T19:05:14.398+0000] {logging_mixin.py:188} INFO - [2024-12-21T19:05:14.397+0000] {dag.py:3096} INFO - Sync 1 DAGs
[2024-12-21T19:05:14.452+0000] {logging_mixin.py:188} INFO - [2024-12-21T19:05:14.451+0000] {dag.py:3954} INFO - Setting next_dagrun for example_branch_dop_operator_v3 to 2024-12-21 19:04:00+00:00, run_after=2024-12-21 19:05:00+00:00
[2024-12-21T19:05:14.493+0000] {processor.py:183} INFO - Processing /home/airflow/.local/lib/python3.12/site-packages/airflow/example_dags/example_branch_python_dop_operator_3.py took 0.170 seconds
[2024-12-21T19:05:44.725+0000] {processor.py:161} INFO - Started process (PID=993) to work on /home/airflow/.local/lib/python3.12/site-packages/airflow/example_dags/example_branch_python_dop_operator_3.py
[2024-12-21T19:05:44.726+0000] {processor.py:830} INFO - Processing file /home/airflow/.local/lib/python3.12/site-packages/airflow/example_dags/example_branch_python_dop_operator_3.py for tasks to queue
[2024-12-21T19:05:44.728+0000] {logging_mixin.py:188} INFO - [2024-12-21T19:05:44.728+0000] {dagbag.py:545} INFO - Filling up the DagBag from /home/airflow/.local/lib/python3.12/site-packages/airflow/example_dags/example_branch_python_dop_operator_3.py
[2024-12-21T19:05:44.737+0000] {processor.py:840} INFO - DAG(s) 'example_branch_dop_operator_v3' retrieved from /home/airflow/.local/lib/python3.12/site-packages/airflow/example_dags/example_branch_python_dop_operator_3.py
[2024-12-21T19:05:44.760+0000] {logging_mixin.py:188} INFO - [2024-12-21T19:05:44.759+0000] {dag.py:3096} INFO - Sync 1 DAGs
[2024-12-21T19:05:44.786+0000] {logging_mixin.py:188} INFO - [2024-12-21T19:05:44.785+0000] {dag.py:3954} INFO - Setting next_dagrun for example_branch_dop_operator_v3 to 2024-12-21 19:04:00+00:00, run_after=2024-12-21 19:05:00+00:00
[2024-12-21T19:05:44.811+0000] {processor.py:183} INFO - Processing /home/airflow/.local/lib/python3.12/site-packages/airflow/example_dags/example_branch_python_dop_operator_3.py took 0.092 seconds
[2024-12-21T19:06:15.404+0000] {processor.py:161} INFO - Started process (PID=1051) to work on /home/airflow/.local/lib/python3.12/site-packages/airflow/example_dags/example_branch_python_dop_operator_3.py
[2024-12-21T19:06:15.405+0000] {processor.py:830} INFO - Processing file /home/airflow/.local/lib/python3.12/site-packages/airflow/example_dags/example_branch_python_dop_operator_3.py for tasks to queue
[2024-12-21T19:06:15.407+0000] {logging_mixin.py:188} INFO - [2024-12-21T19:06:15.407+0000] {dagbag.py:545} INFO - Filling up the DagBag from /home/airflow/.local/lib/python3.12/site-packages/airflow/example_dags/example_branch_python_dop_operator_3.py
[2024-12-21T19:06:15.417+0000] {processor.py:840} INFO - DAG(s) 'example_branch_dop_operator_v3' retrieved from /home/airflow/.local/lib/python3.12/site-packages/airflow/example_dags/example_branch_python_dop_operator_3.py
[2024-12-21T19:06:15.441+0000] {logging_mixin.py:188} INFO - [2024-12-21T19:06:15.441+0000] {dag.py:3096} INFO - Sync 1 DAGs
[2024-12-21T19:06:15.469+0000] {logging_mixin.py:188} INFO - [2024-12-21T19:06:15.469+0000] {dag.py:3954} INFO - Setting next_dagrun for example_branch_dop_operator_v3 to 2024-12-21 19:05:00+00:00, run_after=2024-12-21 19:06:00+00:00
[2024-12-21T19:06:15.495+0000] {processor.py:183} INFO - Processing /home/airflow/.local/lib/python3.12/site-packages/airflow/example_dags/example_branch_python_dop_operator_3.py took 0.097 seconds
[2024-12-21T19:06:45.712+0000] {processor.py:161} INFO - Started process (PID=1109) to work on /home/airflow/.local/lib/python3.12/site-packages/airflow/example_dags/example_branch_python_dop_operator_3.py
[2024-12-21T19:06:45.713+0000] {processor.py:830} INFO - Processing file /home/airflow/.local/lib/python3.12/site-packages/airflow/example_dags/example_branch_python_dop_operator_3.py for tasks to queue
[2024-12-21T19:06:45.716+0000] {logging_mixin.py:188} INFO - [2024-12-21T19:06:45.716+0000] {dagbag.py:545} INFO - Filling up the DagBag from /home/airflow/.local/lib/python3.12/site-packages/airflow/example_dags/example_branch_python_dop_operator_3.py
[2024-12-21T19:06:45.726+0000] {processor.py:840} INFO - DAG(s) 'example_branch_dop_operator_v3' retrieved from /home/airflow/.local/lib/python3.12/site-packages/airflow/example_dags/example_branch_python_dop_operator_3.py
[2024-12-21T19:06:45.757+0000] {logging_mixin.py:188} INFO - [2024-12-21T19:06:45.756+0000] {dag.py:3096} INFO - Sync 1 DAGs
[2024-12-21T19:06:45.786+0000] {logging_mixin.py:188} INFO - [2024-12-21T19:06:45.785+0000] {dag.py:3954} INFO - Setting next_dagrun for example_branch_dop_operator_v3 to 2024-12-21 19:05:00+00:00, run_after=2024-12-21 19:06:00+00:00
[2024-12-21T19:06:45.816+0000] {processor.py:183} INFO - Processing /home/airflow/.local/lib/python3.12/site-packages/airflow/example_dags/example_branch_python_dop_operator_3.py took 0.109 seconds
[2024-12-21T19:07:16.205+0000] {processor.py:161} INFO - Started process (PID=1167) to work on /home/airflow/.local/lib/python3.12/site-packages/airflow/example_dags/example_branch_python_dop_operator_3.py
[2024-12-21T19:07:16.207+0000] {processor.py:830} INFO - Processing file /home/airflow/.local/lib/python3.12/site-packages/airflow/example_dags/example_branch_python_dop_operator_3.py for tasks to queue
[2024-12-21T19:07:16.210+0000] {logging_mixin.py:188} INFO - [2024-12-21T19:07:16.209+0000] {dagbag.py:545} INFO - Filling up the DagBag from /home/airflow/.local/lib/python3.12/site-packages/airflow/example_dags/example_branch_python_dop_operator_3.py
[2024-12-21T19:07:16.224+0000] {processor.py:840} INFO - DAG(s) 'example_branch_dop_operator_v3' retrieved from /home/airflow/.local/lib/python3.12/site-packages/airflow/example_dags/example_branch_python_dop_operator_3.py
[2024-12-21T19:07:16.249+0000] {logging_mixin.py:188} INFO - [2024-12-21T19:07:16.249+0000] {dag.py:3096} INFO - Sync 1 DAGs
[2024-12-21T19:07:16.280+0000] {logging_mixin.py:188} INFO - [2024-12-21T19:07:16.280+0000] {dag.py:3954} INFO - Setting next_dagrun for example_branch_dop_operator_v3 to 2024-12-21 19:06:00+00:00, run_after=2024-12-21 19:07:00+00:00
[2024-12-21T19:07:16.312+0000] {processor.py:183} INFO - Processing /home/airflow/.local/lib/python3.12/site-packages/airflow/example_dags/example_branch_python_dop_operator_3.py took 0.116 seconds
[2024-12-21T19:07:46.458+0000] {processor.py:161} INFO - Started process (PID=1225) to work on /home/airflow/.local/lib/python3.12/site-packages/airflow/example_dags/example_branch_python_dop_operator_3.py
[2024-12-21T19:07:46.459+0000] {processor.py:830} INFO - Processing file /home/airflow/.local/lib/python3.12/site-packages/airflow/example_dags/example_branch_python_dop_operator_3.py for tasks to queue
[2024-12-21T19:07:46.461+0000] {logging_mixin.py:188} INFO - [2024-12-21T19:07:46.461+0000] {dagbag.py:545} INFO - Filling up the DagBag from /home/airflow/.local/lib/python3.12/site-packages/airflow/example_dags/example_branch_python_dop_operator_3.py
[2024-12-21T19:07:46.470+0000] {processor.py:840} INFO - DAG(s) 'example_branch_dop_operator_v3' retrieved from /home/airflow/.local/lib/python3.12/site-packages/airflow/example_dags/example_branch_python_dop_operator_3.py
[2024-12-21T19:07:46.494+0000] {logging_mixin.py:188} INFO - [2024-12-21T19:07:46.494+0000] {dag.py:3096} INFO - Sync 1 DAGs
[2024-12-21T19:07:46.522+0000] {logging_mixin.py:188} INFO - [2024-12-21T19:07:46.521+0000] {dag.py:3954} INFO - Setting next_dagrun for example_branch_dop_operator_v3 to 2024-12-21 19:06:00+00:00, run_after=2024-12-21 19:07:00+00:00
[2024-12-21T19:07:46.549+0000] {processor.py:183} INFO - Processing /home/airflow/.local/lib/python3.12/site-packages/airflow/example_dags/example_branch_python_dop_operator_3.py took 0.097 seconds
[2024-12-21T19:08:17.043+0000] {processor.py:161} INFO - Started process (PID=1283) to work on /home/airflow/.local/lib/python3.12/site-packages/airflow/example_dags/example_branch_python_dop_operator_3.py
[2024-12-21T19:08:17.045+0000] {processor.py:830} INFO - Processing file /home/airflow/.local/lib/python3.12/site-packages/airflow/example_dags/example_branch_python_dop_operator_3.py for tasks to queue
[2024-12-21T19:08:17.048+0000] {logging_mixin.py:188} INFO - [2024-12-21T19:08:17.047+0000] {dagbag.py:545} INFO - Filling up the DagBag from /home/airflow/.local/lib/python3.12/site-packages/airflow/example_dags/example_branch_python_dop_operator_3.py
[2024-12-21T19:08:17.061+0000] {processor.py:840} INFO - DAG(s) 'example_branch_dop_operator_v3' retrieved from /home/airflow/.local/lib/python3.12/site-packages/airflow/example_dags/example_branch_python_dop_operator_3.py
[2024-12-21T19:08:17.096+0000] {logging_mixin.py:188} INFO - [2024-12-21T19:08:17.095+0000] {dag.py:3096} INFO - Sync 1 DAGs
[2024-12-21T19:08:17.133+0000] {logging_mixin.py:188} INFO - [2024-12-21T19:08:17.133+0000] {dag.py:3954} INFO - Setting next_dagrun for example_branch_dop_operator_v3 to 2024-12-21 19:07:00+00:00, run_after=2024-12-21 19:08:00+00:00
[2024-12-21T19:08:17.163+0000] {processor.py:183} INFO - Processing /home/airflow/.local/lib/python3.12/site-packages/airflow/example_dags/example_branch_python_dop_operator_3.py took 0.128 seconds
[2024-12-21T19:08:47.408+0000] {processor.py:161} INFO - Started process (PID=1341) to work on /home/airflow/.local/lib/python3.12/site-packages/airflow/example_dags/example_branch_python_dop_operator_3.py
[2024-12-21T19:08:47.409+0000] {processor.py:830} INFO - Processing file /home/airflow/.local/lib/python3.12/site-packages/airflow/example_dags/example_branch_python_dop_operator_3.py for tasks to queue
[2024-12-21T19:08:47.412+0000] {logging_mixin.py:188} INFO - [2024-12-21T19:08:47.411+0000] {dagbag.py:545} INFO - Filling up the DagBag from /home/airflow/.local/lib/python3.12/site-packages/airflow/example_dags/example_branch_python_dop_operator_3.py
[2024-12-21T19:08:47.420+0000] {processor.py:840} INFO - DAG(s) 'example_branch_dop_operator_v3' retrieved from /home/airflow/.local/lib/python3.12/site-packages/airflow/example_dags/example_branch_python_dop_operator_3.py
[2024-12-21T19:08:47.444+0000] {logging_mixin.py:188} INFO - [2024-12-21T19:08:47.444+0000] {dag.py:3096} INFO - Sync 1 DAGs
[2024-12-21T19:08:47.472+0000] {logging_mixin.py:188} INFO - [2024-12-21T19:08:47.472+0000] {dag.py:3954} INFO - Setting next_dagrun for example_branch_dop_operator_v3 to 2024-12-21 19:07:00+00:00, run_after=2024-12-21 19:08:00+00:00
[2024-12-21T19:08:47.498+0000] {processor.py:183} INFO - Processing /home/airflow/.local/lib/python3.12/site-packages/airflow/example_dags/example_branch_python_dop_operator_3.py took 0.096 seconds
[2024-12-21T19:09:17.857+0000] {processor.py:161} INFO - Started process (PID=1399) to work on /home/airflow/.local/lib/python3.12/site-packages/airflow/example_dags/example_branch_python_dop_operator_3.py
[2024-12-21T19:09:17.859+0000] {processor.py:830} INFO - Processing file /home/airflow/.local/lib/python3.12/site-packages/airflow/example_dags/example_branch_python_dop_operator_3.py for tasks to queue
[2024-12-21T19:09:17.861+0000] {logging_mixin.py:188} INFO - [2024-12-21T19:09:17.861+0000] {dagbag.py:545} INFO - Filling up the DagBag from /home/airflow/.local/lib/python3.12/site-packages/airflow/example_dags/example_branch_python_dop_operator_3.py
[2024-12-21T19:09:17.871+0000] {processor.py:840} INFO - DAG(s) 'example_branch_dop_operator_v3' retrieved from /home/airflow/.local/lib/python3.12/site-packages/airflow/example_dags/example_branch_python_dop_operator_3.py
[2024-12-21T19:09:17.898+0000] {logging_mixin.py:188} INFO - [2024-12-21T19:09:17.898+0000] {dag.py:3096} INFO - Sync 1 DAGs
[2024-12-21T19:09:17.936+0000] {logging_mixin.py:188} INFO - [2024-12-21T19:09:17.936+0000] {dag.py:3954} INFO - Setting next_dagrun for example_branch_dop_operator_v3 to 2024-12-21 19:08:00+00:00, run_after=2024-12-21 19:09:00+00:00
[2024-12-21T19:09:17.965+0000] {processor.py:183} INFO - Processing /home/airflow/.local/lib/python3.12/site-packages/airflow/example_dags/example_branch_python_dop_operator_3.py took 0.115 seconds
[2024-12-21T19:09:48.376+0000] {processor.py:161} INFO - Started process (PID=1457) to work on /home/airflow/.local/lib/python3.12/site-packages/airflow/example_dags/example_branch_python_dop_operator_3.py
[2024-12-21T19:09:48.377+0000] {processor.py:830} INFO - Processing file /home/airflow/.local/lib/python3.12/site-packages/airflow/example_dags/example_branch_python_dop_operator_3.py for tasks to queue
[2024-12-21T19:09:48.380+0000] {logging_mixin.py:188} INFO - [2024-12-21T19:09:48.380+0000] {dagbag.py:545} INFO - Filling up the DagBag from /home/airflow/.local/lib/python3.12/site-packages/airflow/example_dags/example_branch_python_dop_operator_3.py
[2024-12-21T19:09:48.389+0000] {processor.py:840} INFO - DAG(s) 'example_branch_dop_operator_v3' retrieved from /home/airflow/.local/lib/python3.12/site-packages/airflow/example_dags/example_branch_python_dop_operator_3.py
[2024-12-21T19:09:48.413+0000] {logging_mixin.py:188} INFO - [2024-12-21T19:09:48.412+0000] {dag.py:3096} INFO - Sync 1 DAGs
[2024-12-21T19:09:48.440+0000] {logging_mixin.py:188} INFO - [2024-12-21T19:09:48.440+0000] {dag.py:3954} INFO - Setting next_dagrun for example_branch_dop_operator_v3 to 2024-12-21 19:08:00+00:00, run_after=2024-12-21 19:09:00+00:00
[2024-12-21T19:09:48.465+0000] {processor.py:183} INFO - Processing /home/airflow/.local/lib/python3.12/site-packages/airflow/example_dags/example_branch_python_dop_operator_3.py took 0.096 seconds
[2024-12-21T19:10:18.806+0000] {processor.py:161} INFO - Started process (PID=1515) to work on /home/airflow/.local/lib/python3.12/site-packages/airflow/example_dags/example_branch_python_dop_operator_3.py
[2024-12-21T19:10:18.807+0000] {processor.py:830} INFO - Processing file /home/airflow/.local/lib/python3.12/site-packages/airflow/example_dags/example_branch_python_dop_operator_3.py for tasks to queue
[2024-12-21T19:10:18.810+0000] {logging_mixin.py:188} INFO - [2024-12-21T19:10:18.809+0000] {dagbag.py:545} INFO - Filling up the DagBag from /home/airflow/.local/lib/python3.12/site-packages/airflow/example_dags/example_branch_python_dop_operator_3.py
[2024-12-21T19:10:18.820+0000] {processor.py:840} INFO - DAG(s) 'example_branch_dop_operator_v3' retrieved from /home/airflow/.local/lib/python3.12/site-packages/airflow/example_dags/example_branch_python_dop_operator_3.py
[2024-12-21T19:10:18.843+0000] {logging_mixin.py:188} INFO - [2024-12-21T19:10:18.842+0000] {dag.py:3096} INFO - Sync 1 DAGs
[2024-12-21T19:10:18.874+0000] {logging_mixin.py:188} INFO - [2024-12-21T19:10:18.873+0000] {dag.py:3954} INFO - Setting next_dagrun for example_branch_dop_operator_v3 to 2024-12-21 19:09:00+00:00, run_after=2024-12-21 19:10:00+00:00
[2024-12-21T19:10:18.902+0000] {processor.py:183} INFO - Processing /home/airflow/.local/lib/python3.12/site-packages/airflow/example_dags/example_branch_python_dop_operator_3.py took 0.102 seconds
[2024-12-21T19:10:48.990+0000] {processor.py:161} INFO - Started process (PID=1573) to work on /home/airflow/.local/lib/python3.12/site-packages/airflow/example_dags/example_branch_python_dop_operator_3.py
[2024-12-21T19:10:48.991+0000] {processor.py:830} INFO - Processing file /home/airflow/.local/lib/python3.12/site-packages/airflow/example_dags/example_branch_python_dop_operator_3.py for tasks to queue
[2024-12-21T19:10:48.993+0000] {logging_mixin.py:188} INFO - [2024-12-21T19:10:48.993+0000] {dagbag.py:545} INFO - Filling up the DagBag from /home/airflow/.local/lib/python3.12/site-packages/airflow/example_dags/example_branch_python_dop_operator_3.py
[2024-12-21T19:10:49.003+0000] {processor.py:840} INFO - DAG(s) 'example_branch_dop_operator_v3' retrieved from /home/airflow/.local/lib/python3.12/site-packages/airflow/example_dags/example_branch_python_dop_operator_3.py
[2024-12-21T19:10:49.029+0000] {logging_mixin.py:188} INFO - [2024-12-21T19:10:49.028+0000] {dag.py:3096} INFO - Sync 1 DAGs
[2024-12-21T19:10:49.062+0000] {logging_mixin.py:188} INFO - [2024-12-21T19:10:49.062+0000] {dag.py:3954} INFO - Setting next_dagrun for example_branch_dop_operator_v3 to 2024-12-21 19:09:00+00:00, run_after=2024-12-21 19:10:00+00:00
[2024-12-21T19:10:49.090+0000] {processor.py:183} INFO - Processing /home/airflow/.local/lib/python3.12/site-packages/airflow/example_dags/example_branch_python_dop_operator_3.py took 0.106 seconds
[2024-12-21T19:11:19.588+0000] {processor.py:161} INFO - Started process (PID=1631) to work on /home/airflow/.local/lib/python3.12/site-packages/airflow/example_dags/example_branch_python_dop_operator_3.py
[2024-12-21T19:11:19.590+0000] {processor.py:830} INFO - Processing file /home/airflow/.local/lib/python3.12/site-packages/airflow/example_dags/example_branch_python_dop_operator_3.py for tasks to queue
[2024-12-21T19:11:19.592+0000] {logging_mixin.py:188} INFO - [2024-12-21T19:11:19.592+0000] {dagbag.py:545} INFO - Filling up the DagBag from /home/airflow/.local/lib/python3.12/site-packages/airflow/example_dags/example_branch_python_dop_operator_3.py
[2024-12-21T19:11:19.602+0000] {processor.py:840} INFO - DAG(s) 'example_branch_dop_operator_v3' retrieved from /home/airflow/.local/lib/python3.12/site-packages/airflow/example_dags/example_branch_python_dop_operator_3.py
[2024-12-21T19:11:19.624+0000] {logging_mixin.py:188} INFO - [2024-12-21T19:11:19.624+0000] {dag.py:3096} INFO - Sync 1 DAGs
[2024-12-21T19:11:19.656+0000] {logging_mixin.py:188} INFO - [2024-12-21T19:11:19.656+0000] {dag.py:3954} INFO - Setting next_dagrun for example_branch_dop_operator_v3 to 2024-12-21 19:10:00+00:00, run_after=2024-12-21 19:11:00+00:00
[2024-12-21T19:11:19.688+0000] {processor.py:183} INFO - Processing /home/airflow/.local/lib/python3.12/site-packages/airflow/example_dags/example_branch_python_dop_operator_3.py took 0.106 seconds
[2024-12-21T19:11:50.171+0000] {processor.py:161} INFO - Started process (PID=1689) to work on /home/airflow/.local/lib/python3.12/site-packages/airflow/example_dags/example_branch_python_dop_operator_3.py
[2024-12-21T19:11:50.172+0000] {processor.py:830} INFO - Processing file /home/airflow/.local/lib/python3.12/site-packages/airflow/example_dags/example_branch_python_dop_operator_3.py for tasks to queue
[2024-12-21T19:11:50.174+0000] {logging_mixin.py:188} INFO - [2024-12-21T19:11:50.174+0000] {dagbag.py:545} INFO - Filling up the DagBag from /home/airflow/.local/lib/python3.12/site-packages/airflow/example_dags/example_branch_python_dop_operator_3.py
[2024-12-21T19:11:50.183+0000] {processor.py:840} INFO - DAG(s) 'example_branch_dop_operator_v3' retrieved from /home/airflow/.local/lib/python3.12/site-packages/airflow/example_dags/example_branch_python_dop_operator_3.py
[2024-12-21T19:11:50.206+0000] {logging_mixin.py:188} INFO - [2024-12-21T19:11:50.206+0000] {dag.py:3096} INFO - Sync 1 DAGs
[2024-12-21T19:11:50.232+0000] {logging_mixin.py:188} INFO - [2024-12-21T19:11:50.232+0000] {dag.py:3954} INFO - Setting next_dagrun for example_branch_dop_operator_v3 to 2024-12-21 19:10:00+00:00, run_after=2024-12-21 19:11:00+00:00
[2024-12-21T19:11:50.257+0000] {processor.py:183} INFO - Processing /home/airflow/.local/lib/python3.12/site-packages/airflow/example_dags/example_branch_python_dop_operator_3.py took 0.091 seconds
[2024-12-21T19:12:20.645+0000] {processor.py:161} INFO - Started process (PID=1746) to work on /home/airflow/.local/lib/python3.12/site-packages/airflow/example_dags/example_branch_python_dop_operator_3.py
[2024-12-21T19:12:20.647+0000] {processor.py:830} INFO - Processing file /home/airflow/.local/lib/python3.12/site-packages/airflow/example_dags/example_branch_python_dop_operator_3.py for tasks to queue
[2024-12-21T19:12:20.651+0000] {logging_mixin.py:188} INFO - [2024-12-21T19:12:20.650+0000] {dagbag.py:545} INFO - Filling up the DagBag from /home/airflow/.local/lib/python3.12/site-packages/airflow/example_dags/example_branch_python_dop_operator_3.py
[2024-12-21T19:12:20.663+0000] {processor.py:840} INFO - DAG(s) 'example_branch_dop_operator_v3' retrieved from /home/airflow/.local/lib/python3.12/site-packages/airflow/example_dags/example_branch_python_dop_operator_3.py
[2024-12-21T19:12:20.693+0000] {logging_mixin.py:188} INFO - [2024-12-21T19:12:20.693+0000] {dag.py:3096} INFO - Sync 1 DAGs
[2024-12-21T19:12:20.731+0000] {logging_mixin.py:188} INFO - [2024-12-21T19:12:20.730+0000] {dag.py:3954} INFO - Setting next_dagrun for example_branch_dop_operator_v3 to 2024-12-21 19:11:00+00:00, run_after=2024-12-21 19:12:00+00:00
[2024-12-21T19:12:20.767+0000] {processor.py:183} INFO - Processing /home/airflow/.local/lib/python3.12/site-packages/airflow/example_dags/example_branch_python_dop_operator_3.py took 0.130 seconds
