[2024-12-21T08:01:27.225+0000] {processor.py:161} INFO - Started process (PID=94) to work on /home/airflow/.local/lib/python3.12/site-packages/airflow/example_dags/tutorial_dag.py
[2024-12-21T08:01:27.227+0000] {processor.py:830} INFO - Processing file /home/airflow/.local/lib/python3.12/site-packages/airflow/example_dags/tutorial_dag.py for tasks to queue
[2024-12-21T08:01:27.229+0000] {logging_mixin.py:188} INFO - [2024-12-21T08:01:27.229+0000] {dagbag.py:545} INFO - Filling up the DagBag from /home/airflow/.local/lib/python3.12/site-packages/airflow/example_dags/tutorial_dag.py
[2024-12-21T08:01:27.240+0000] {processor.py:840} INFO - DAG(s) 'tutorial_dag' retrieved from /home/airflow/.local/lib/python3.12/site-packages/airflow/example_dags/tutorial_dag.py
[2024-12-21T08:01:27.268+0000] {logging_mixin.py:188} INFO - [2024-12-21T08:01:27.268+0000] {dag.py:3096} INFO - Sync 1 DAGs
[2024-12-21T08:01:27.283+0000] {logging_mixin.py:188} INFO - [2024-12-21T08:01:27.283+0000] {dag.py:3954} INFO - Setting next_dagrun for tutorial_dag to None, run_after=None
[2024-12-21T08:01:27.308+0000] {processor.py:183} INFO - Processing /home/airflow/.local/lib/python3.12/site-packages/airflow/example_dags/tutorial_dag.py took 0.089 seconds
[2024-12-21T08:01:58.225+0000] {processor.py:161} INFO - Started process (PID=152) to work on /home/airflow/.local/lib/python3.12/site-packages/airflow/example_dags/tutorial_dag.py
[2024-12-21T08:01:58.232+0000] {processor.py:830} INFO - Processing file /home/airflow/.local/lib/python3.12/site-packages/airflow/example_dags/tutorial_dag.py for tasks to queue
[2024-12-21T08:01:58.236+0000] {logging_mixin.py:188} INFO - [2024-12-21T08:01:58.235+0000] {dagbag.py:545} INFO - Filling up the DagBag from /home/airflow/.local/lib/python3.12/site-packages/airflow/example_dags/tutorial_dag.py
[2024-12-21T08:01:58.246+0000] {processor.py:840} INFO - DAG(s) 'tutorial_dag' retrieved from /home/airflow/.local/lib/python3.12/site-packages/airflow/example_dags/tutorial_dag.py
[2024-12-21T08:01:58.287+0000] {logging_mixin.py:188} INFO - [2024-12-21T08:01:58.287+0000] {dag.py:3096} INFO - Sync 1 DAGs
[2024-12-21T08:01:58.311+0000] {logging_mixin.py:188} INFO - [2024-12-21T08:01:58.311+0000] {dag.py:3954} INFO - Setting next_dagrun for tutorial_dag to None, run_after=None
[2024-12-21T08:01:58.351+0000] {processor.py:183} INFO - Processing /home/airflow/.local/lib/python3.12/site-packages/airflow/example_dags/tutorial_dag.py took 0.136 seconds
[2024-12-21T08:02:28.550+0000] {processor.py:161} INFO - Started process (PID=210) to work on /home/airflow/.local/lib/python3.12/site-packages/airflow/example_dags/tutorial_dag.py
[2024-12-21T08:02:28.553+0000] {processor.py:830} INFO - Processing file /home/airflow/.local/lib/python3.12/site-packages/airflow/example_dags/tutorial_dag.py for tasks to queue
[2024-12-21T08:02:28.557+0000] {logging_mixin.py:188} INFO - [2024-12-21T08:02:28.556+0000] {dagbag.py:545} INFO - Filling up the DagBag from /home/airflow/.local/lib/python3.12/site-packages/airflow/example_dags/tutorial_dag.py
[2024-12-21T08:02:28.572+0000] {processor.py:840} INFO - DAG(s) 'tutorial_dag' retrieved from /home/airflow/.local/lib/python3.12/site-packages/airflow/example_dags/tutorial_dag.py
[2024-12-21T08:02:28.621+0000] {logging_mixin.py:188} INFO - [2024-12-21T08:02:28.621+0000] {dag.py:3096} INFO - Sync 1 DAGs
[2024-12-21T08:02:28.652+0000] {logging_mixin.py:188} INFO - [2024-12-21T08:02:28.652+0000] {dag.py:3954} INFO - Setting next_dagrun for tutorial_dag to None, run_after=None
[2024-12-21T08:02:28.745+0000] {processor.py:183} INFO - Processing /home/airflow/.local/lib/python3.12/site-packages/airflow/example_dags/tutorial_dag.py took 0.206 seconds
[2024-12-21T08:02:59.047+0000] {processor.py:161} INFO - Started process (PID=268) to work on /home/airflow/.local/lib/python3.12/site-packages/airflow/example_dags/tutorial_dag.py
[2024-12-21T08:02:59.049+0000] {processor.py:830} INFO - Processing file /home/airflow/.local/lib/python3.12/site-packages/airflow/example_dags/tutorial_dag.py for tasks to queue
[2024-12-21T08:02:59.052+0000] {logging_mixin.py:188} INFO - [2024-12-21T08:02:59.051+0000] {dagbag.py:545} INFO - Filling up the DagBag from /home/airflow/.local/lib/python3.12/site-packages/airflow/example_dags/tutorial_dag.py
[2024-12-21T08:02:59.059+0000] {processor.py:840} INFO - DAG(s) 'tutorial_dag' retrieved from /home/airflow/.local/lib/python3.12/site-packages/airflow/example_dags/tutorial_dag.py
[2024-12-21T08:02:59.090+0000] {logging_mixin.py:188} INFO - [2024-12-21T08:02:59.090+0000] {dag.py:3096} INFO - Sync 1 DAGs
[2024-12-21T08:02:59.115+0000] {logging_mixin.py:188} INFO - [2024-12-21T08:02:59.115+0000] {dag.py:3954} INFO - Setting next_dagrun for tutorial_dag to None, run_after=None
[2024-12-21T08:02:59.148+0000] {processor.py:183} INFO - Processing /home/airflow/.local/lib/python3.12/site-packages/airflow/example_dags/tutorial_dag.py took 0.108 seconds
[2024-12-21T08:03:31.142+0000] {processor.py:161} INFO - Started process (PID=326) to work on /home/airflow/.local/lib/python3.12/site-packages/airflow/example_dags/tutorial_dag.py
[2024-12-21T08:03:31.144+0000] {processor.py:830} INFO - Processing file /home/airflow/.local/lib/python3.12/site-packages/airflow/example_dags/tutorial_dag.py for tasks to queue
[2024-12-21T08:03:31.149+0000] {logging_mixin.py:188} INFO - [2024-12-21T08:03:31.148+0000] {dagbag.py:545} INFO - Filling up the DagBag from /home/airflow/.local/lib/python3.12/site-packages/airflow/example_dags/tutorial_dag.py
[2024-12-21T08:03:31.157+0000] {processor.py:840} INFO - DAG(s) 'tutorial_dag' retrieved from /home/airflow/.local/lib/python3.12/site-packages/airflow/example_dags/tutorial_dag.py
[2024-12-21T08:03:31.213+0000] {logging_mixin.py:188} INFO - [2024-12-21T08:03:31.213+0000] {dag.py:3096} INFO - Sync 1 DAGs
[2024-12-21T08:03:31.243+0000] {logging_mixin.py:188} INFO - [2024-12-21T08:03:31.242+0000] {dag.py:3954} INFO - Setting next_dagrun for tutorial_dag to None, run_after=None
[2024-12-21T08:03:31.305+0000] {processor.py:183} INFO - Processing /home/airflow/.local/lib/python3.12/site-packages/airflow/example_dags/tutorial_dag.py took 0.172 seconds
[2024-12-21T08:04:01.969+0000] {processor.py:161} INFO - Started process (PID=384) to work on /home/airflow/.local/lib/python3.12/site-packages/airflow/example_dags/tutorial_dag.py
[2024-12-21T08:04:01.971+0000] {processor.py:830} INFO - Processing file /home/airflow/.local/lib/python3.12/site-packages/airflow/example_dags/tutorial_dag.py for tasks to queue
[2024-12-21T08:04:01.973+0000] {logging_mixin.py:188} INFO - [2024-12-21T08:04:01.973+0000] {dagbag.py:545} INFO - Filling up the DagBag from /home/airflow/.local/lib/python3.12/site-packages/airflow/example_dags/tutorial_dag.py
[2024-12-21T08:04:01.978+0000] {processor.py:840} INFO - DAG(s) 'tutorial_dag' retrieved from /home/airflow/.local/lib/python3.12/site-packages/airflow/example_dags/tutorial_dag.py
[2024-12-21T08:04:02.000+0000] {logging_mixin.py:188} INFO - [2024-12-21T08:04:01.999+0000] {dag.py:3096} INFO - Sync 1 DAGs
[2024-12-21T08:04:02.013+0000] {logging_mixin.py:188} INFO - [2024-12-21T08:04:02.013+0000] {dag.py:3954} INFO - Setting next_dagrun for tutorial_dag to None, run_after=None
[2024-12-21T08:04:02.038+0000] {processor.py:183} INFO - Processing /home/airflow/.local/lib/python3.12/site-packages/airflow/example_dags/tutorial_dag.py took 0.076 seconds
[2024-12-21T08:04:32.540+0000] {processor.py:161} INFO - Started process (PID=442) to work on /home/airflow/.local/lib/python3.12/site-packages/airflow/example_dags/tutorial_dag.py
[2024-12-21T08:04:32.542+0000] {processor.py:830} INFO - Processing file /home/airflow/.local/lib/python3.12/site-packages/airflow/example_dags/tutorial_dag.py for tasks to queue
[2024-12-21T08:04:32.544+0000] {logging_mixin.py:188} INFO - [2024-12-21T08:04:32.543+0000] {dagbag.py:545} INFO - Filling up the DagBag from /home/airflow/.local/lib/python3.12/site-packages/airflow/example_dags/tutorial_dag.py
[2024-12-21T08:04:32.550+0000] {processor.py:840} INFO - DAG(s) 'tutorial_dag' retrieved from /home/airflow/.local/lib/python3.12/site-packages/airflow/example_dags/tutorial_dag.py
[2024-12-21T08:04:32.586+0000] {logging_mixin.py:188} INFO - [2024-12-21T08:04:32.586+0000] {dag.py:3096} INFO - Sync 1 DAGs
[2024-12-21T08:04:32.603+0000] {logging_mixin.py:188} INFO - [2024-12-21T08:04:32.602+0000] {dag.py:3954} INFO - Setting next_dagrun for tutorial_dag to None, run_after=None
[2024-12-21T08:04:32.635+0000] {processor.py:183} INFO - Processing /home/airflow/.local/lib/python3.12/site-packages/airflow/example_dags/tutorial_dag.py took 0.102 seconds
[2024-12-21T08:05:03.568+0000] {processor.py:161} INFO - Started process (PID=500) to work on /home/airflow/.local/lib/python3.12/site-packages/airflow/example_dags/tutorial_dag.py
[2024-12-21T08:05:03.570+0000] {processor.py:830} INFO - Processing file /home/airflow/.local/lib/python3.12/site-packages/airflow/example_dags/tutorial_dag.py for tasks to queue
[2024-12-21T08:05:03.572+0000] {logging_mixin.py:188} INFO - [2024-12-21T08:05:03.572+0000] {dagbag.py:545} INFO - Filling up the DagBag from /home/airflow/.local/lib/python3.12/site-packages/airflow/example_dags/tutorial_dag.py
[2024-12-21T08:05:03.577+0000] {processor.py:840} INFO - DAG(s) 'tutorial_dag' retrieved from /home/airflow/.local/lib/python3.12/site-packages/airflow/example_dags/tutorial_dag.py
[2024-12-21T08:05:03.605+0000] {logging_mixin.py:188} INFO - [2024-12-21T08:05:03.605+0000] {dag.py:3096} INFO - Sync 1 DAGs
[2024-12-21T08:05:03.624+0000] {logging_mixin.py:188} INFO - [2024-12-21T08:05:03.623+0000] {dag.py:3954} INFO - Setting next_dagrun for tutorial_dag to None, run_after=None
[2024-12-21T08:05:03.654+0000] {processor.py:183} INFO - Processing /home/airflow/.local/lib/python3.12/site-packages/airflow/example_dags/tutorial_dag.py took 0.095 seconds
[2024-12-21T18:50:58.612+0000] {processor.py:161} INFO - Started process (PID=95) to work on /home/airflow/.local/lib/python3.12/site-packages/airflow/example_dags/tutorial_dag.py
[2024-12-21T18:50:58.614+0000] {processor.py:830} INFO - Processing file /home/airflow/.local/lib/python3.12/site-packages/airflow/example_dags/tutorial_dag.py for tasks to queue
[2024-12-21T18:50:58.616+0000] {logging_mixin.py:188} INFO - [2024-12-21T18:50:58.616+0000] {dagbag.py:545} INFO - Filling up the DagBag from /home/airflow/.local/lib/python3.12/site-packages/airflow/example_dags/tutorial_dag.py
[2024-12-21T18:50:58.625+0000] {processor.py:840} INFO - DAG(s) 'tutorial_dag' retrieved from /home/airflow/.local/lib/python3.12/site-packages/airflow/example_dags/tutorial_dag.py
[2024-12-21T18:50:58.650+0000] {logging_mixin.py:188} INFO - [2024-12-21T18:50:58.650+0000] {dag.py:3096} INFO - Sync 1 DAGs
[2024-12-21T18:50:58.666+0000] {logging_mixin.py:188} INFO - [2024-12-21T18:50:58.666+0000] {dag.py:3954} INFO - Setting next_dagrun for tutorial_dag to None, run_after=None
[2024-12-21T18:50:58.694+0000] {processor.py:183} INFO - Processing /home/airflow/.local/lib/python3.12/site-packages/airflow/example_dags/tutorial_dag.py took 0.087 seconds
[2024-12-21T18:51:28.986+0000] {processor.py:161} INFO - Started process (PID=153) to work on /home/airflow/.local/lib/python3.12/site-packages/airflow/example_dags/tutorial_dag.py
[2024-12-21T18:51:28.988+0000] {processor.py:830} INFO - Processing file /home/airflow/.local/lib/python3.12/site-packages/airflow/example_dags/tutorial_dag.py for tasks to queue
[2024-12-21T18:51:28.991+0000] {logging_mixin.py:188} INFO - [2024-12-21T18:51:28.990+0000] {dagbag.py:545} INFO - Filling up the DagBag from /home/airflow/.local/lib/python3.12/site-packages/airflow/example_dags/tutorial_dag.py
[2024-12-21T18:51:28.998+0000] {processor.py:840} INFO - DAG(s) 'tutorial_dag' retrieved from /home/airflow/.local/lib/python3.12/site-packages/airflow/example_dags/tutorial_dag.py
[2024-12-21T18:51:29.032+0000] {logging_mixin.py:188} INFO - [2024-12-21T18:51:29.031+0000] {dag.py:3096} INFO - Sync 1 DAGs
[2024-12-21T18:51:29.058+0000] {logging_mixin.py:188} INFO - [2024-12-21T18:51:29.057+0000] {dag.py:3954} INFO - Setting next_dagrun for tutorial_dag to None, run_after=None
[2024-12-21T18:51:29.089+0000] {processor.py:183} INFO - Processing /home/airflow/.local/lib/python3.12/site-packages/airflow/example_dags/tutorial_dag.py took 0.109 seconds
[2024-12-21T18:51:59.498+0000] {processor.py:161} INFO - Started process (PID=211) to work on /home/airflow/.local/lib/python3.12/site-packages/airflow/example_dags/tutorial_dag.py
[2024-12-21T18:51:59.500+0000] {processor.py:830} INFO - Processing file /home/airflow/.local/lib/python3.12/site-packages/airflow/example_dags/tutorial_dag.py for tasks to queue
[2024-12-21T18:51:59.504+0000] {logging_mixin.py:188} INFO - [2024-12-21T18:51:59.503+0000] {dagbag.py:545} INFO - Filling up the DagBag from /home/airflow/.local/lib/python3.12/site-packages/airflow/example_dags/tutorial_dag.py
[2024-12-21T18:51:59.511+0000] {processor.py:840} INFO - DAG(s) 'tutorial_dag' retrieved from /home/airflow/.local/lib/python3.12/site-packages/airflow/example_dags/tutorial_dag.py
[2024-12-21T18:51:59.541+0000] {logging_mixin.py:188} INFO - [2024-12-21T18:51:59.541+0000] {dag.py:3096} INFO - Sync 1 DAGs
[2024-12-21T18:51:59.556+0000] {logging_mixin.py:188} INFO - [2024-12-21T18:51:59.555+0000] {dag.py:3954} INFO - Setting next_dagrun for tutorial_dag to None, run_after=None
[2024-12-21T18:51:59.580+0000] {processor.py:183} INFO - Processing /home/airflow/.local/lib/python3.12/site-packages/airflow/example_dags/tutorial_dag.py took 0.089 seconds
[2024-12-21T18:52:30.741+0000] {processor.py:161} INFO - Started process (PID=269) to work on /home/airflow/.local/lib/python3.12/site-packages/airflow/example_dags/tutorial_dag.py
[2024-12-21T18:52:30.743+0000] {processor.py:830} INFO - Processing file /home/airflow/.local/lib/python3.12/site-packages/airflow/example_dags/tutorial_dag.py for tasks to queue
[2024-12-21T18:52:30.747+0000] {logging_mixin.py:188} INFO - [2024-12-21T18:52:30.746+0000] {dagbag.py:545} INFO - Filling up the DagBag from /home/airflow/.local/lib/python3.12/site-packages/airflow/example_dags/tutorial_dag.py
[2024-12-21T18:52:30.755+0000] {processor.py:840} INFO - DAG(s) 'tutorial_dag' retrieved from /home/airflow/.local/lib/python3.12/site-packages/airflow/example_dags/tutorial_dag.py
[2024-12-21T18:52:30.797+0000] {logging_mixin.py:188} INFO - [2024-12-21T18:52:30.797+0000] {dag.py:3096} INFO - Sync 1 DAGs
[2024-12-21T18:52:30.821+0000] {logging_mixin.py:188} INFO - [2024-12-21T18:52:30.821+0000] {dag.py:3954} INFO - Setting next_dagrun for tutorial_dag to None, run_after=None
[2024-12-21T18:52:31.253+0000] {logging_mixin.py:188} INFO - [2024-12-21T18:52:31.253+0000] {process_utils.py:263} INFO - Waiting up to 5 seconds for processes to exit...
[2024-12-21T18:57:43.324+0000] {processor.py:161} INFO - Started process (PID=95) to work on /home/airflow/.local/lib/python3.12/site-packages/airflow/example_dags/tutorial_dag.py
[2024-12-21T18:57:43.326+0000] {processor.py:830} INFO - Processing file /home/airflow/.local/lib/python3.12/site-packages/airflow/example_dags/tutorial_dag.py for tasks to queue
[2024-12-21T18:57:43.330+0000] {logging_mixin.py:188} INFO - [2024-12-21T18:57:43.329+0000] {dagbag.py:545} INFO - Filling up the DagBag from /home/airflow/.local/lib/python3.12/site-packages/airflow/example_dags/tutorial_dag.py
[2024-12-21T18:57:43.343+0000] {processor.py:840} INFO - DAG(s) 'tutorial_dag' retrieved from /home/airflow/.local/lib/python3.12/site-packages/airflow/example_dags/tutorial_dag.py
[2024-12-21T18:57:43.382+0000] {logging_mixin.py:188} INFO - [2024-12-21T18:57:43.381+0000] {dag.py:3096} INFO - Sync 1 DAGs
[2024-12-21T18:57:43.404+0000] {logging_mixin.py:188} INFO - [2024-12-21T18:57:43.404+0000] {dag.py:3954} INFO - Setting next_dagrun for tutorial_dag to None, run_after=None
[2024-12-21T18:57:43.444+0000] {processor.py:183} INFO - Processing /home/airflow/.local/lib/python3.12/site-packages/airflow/example_dags/tutorial_dag.py took 0.131 seconds
[2024-12-21T18:58:13.690+0000] {processor.py:161} INFO - Started process (PID=153) to work on /home/airflow/.local/lib/python3.12/site-packages/airflow/example_dags/tutorial_dag.py
[2024-12-21T18:58:13.691+0000] {processor.py:830} INFO - Processing file /home/airflow/.local/lib/python3.12/site-packages/airflow/example_dags/tutorial_dag.py for tasks to queue
[2024-12-21T18:58:13.694+0000] {logging_mixin.py:188} INFO - [2024-12-21T18:58:13.694+0000] {dagbag.py:545} INFO - Filling up the DagBag from /home/airflow/.local/lib/python3.12/site-packages/airflow/example_dags/tutorial_dag.py
[2024-12-21T18:58:13.702+0000] {processor.py:840} INFO - DAG(s) 'tutorial_dag' retrieved from /home/airflow/.local/lib/python3.12/site-packages/airflow/example_dags/tutorial_dag.py
[2024-12-21T18:58:13.735+0000] {logging_mixin.py:188} INFO - [2024-12-21T18:58:13.734+0000] {dag.py:3096} INFO - Sync 1 DAGs
[2024-12-21T18:58:13.756+0000] {logging_mixin.py:188} INFO - [2024-12-21T18:58:13.755+0000] {dag.py:3954} INFO - Setting next_dagrun for tutorial_dag to None, run_after=None
[2024-12-21T18:58:13.789+0000] {processor.py:183} INFO - Processing /home/airflow/.local/lib/python3.12/site-packages/airflow/example_dags/tutorial_dag.py took 0.106 seconds
[2024-12-21T18:58:43.970+0000] {processor.py:161} INFO - Started process (PID=211) to work on /home/airflow/.local/lib/python3.12/site-packages/airflow/example_dags/tutorial_dag.py
[2024-12-21T18:58:43.971+0000] {processor.py:830} INFO - Processing file /home/airflow/.local/lib/python3.12/site-packages/airflow/example_dags/tutorial_dag.py for tasks to queue
[2024-12-21T18:58:43.974+0000] {logging_mixin.py:188} INFO - [2024-12-21T18:58:43.974+0000] {dagbag.py:545} INFO - Filling up the DagBag from /home/airflow/.local/lib/python3.12/site-packages/airflow/example_dags/tutorial_dag.py
[2024-12-21T18:58:43.980+0000] {processor.py:840} INFO - DAG(s) 'tutorial_dag' retrieved from /home/airflow/.local/lib/python3.12/site-packages/airflow/example_dags/tutorial_dag.py
[2024-12-21T18:58:44.004+0000] {logging_mixin.py:188} INFO - [2024-12-21T18:58:44.004+0000] {dag.py:3096} INFO - Sync 1 DAGs
[2024-12-21T18:58:44.020+0000] {logging_mixin.py:188} INFO - [2024-12-21T18:58:44.019+0000] {dag.py:3954} INFO - Setting next_dagrun for tutorial_dag to None, run_after=None
[2024-12-21T18:58:44.052+0000] {processor.py:183} INFO - Processing /home/airflow/.local/lib/python3.12/site-packages/airflow/example_dags/tutorial_dag.py took 0.088 seconds
[2024-12-21T18:59:14.257+0000] {processor.py:161} INFO - Started process (PID=269) to work on /home/airflow/.local/lib/python3.12/site-packages/airflow/example_dags/tutorial_dag.py
[2024-12-21T18:59:14.259+0000] {processor.py:830} INFO - Processing file /home/airflow/.local/lib/python3.12/site-packages/airflow/example_dags/tutorial_dag.py for tasks to queue
[2024-12-21T18:59:14.261+0000] {logging_mixin.py:188} INFO - [2024-12-21T18:59:14.260+0000] {dagbag.py:545} INFO - Filling up the DagBag from /home/airflow/.local/lib/python3.12/site-packages/airflow/example_dags/tutorial_dag.py
[2024-12-21T18:59:14.266+0000] {processor.py:840} INFO - DAG(s) 'tutorial_dag' retrieved from /home/airflow/.local/lib/python3.12/site-packages/airflow/example_dags/tutorial_dag.py
[2024-12-21T18:59:14.294+0000] {logging_mixin.py:188} INFO - [2024-12-21T18:59:14.293+0000] {dag.py:3096} INFO - Sync 1 DAGs
[2024-12-21T18:59:14.308+0000] {logging_mixin.py:188} INFO - [2024-12-21T18:59:14.308+0000] {dag.py:3954} INFO - Setting next_dagrun for tutorial_dag to None, run_after=None
[2024-12-21T18:59:14.334+0000] {processor.py:183} INFO - Processing /home/airflow/.local/lib/python3.12/site-packages/airflow/example_dags/tutorial_dag.py took 0.083 seconds
[2024-12-21T18:59:45.150+0000] {processor.py:161} INFO - Started process (PID=327) to work on /home/airflow/.local/lib/python3.12/site-packages/airflow/example_dags/tutorial_dag.py
[2024-12-21T18:59:45.151+0000] {processor.py:830} INFO - Processing file /home/airflow/.local/lib/python3.12/site-packages/airflow/example_dags/tutorial_dag.py for tasks to queue
[2024-12-21T18:59:45.154+0000] {logging_mixin.py:188} INFO - [2024-12-21T18:59:45.154+0000] {dagbag.py:545} INFO - Filling up the DagBag from /home/airflow/.local/lib/python3.12/site-packages/airflow/example_dags/tutorial_dag.py
[2024-12-21T18:59:45.160+0000] {processor.py:840} INFO - DAG(s) 'tutorial_dag' retrieved from /home/airflow/.local/lib/python3.12/site-packages/airflow/example_dags/tutorial_dag.py
[2024-12-21T18:59:45.187+0000] {logging_mixin.py:188} INFO - [2024-12-21T18:59:45.186+0000] {dag.py:3096} INFO - Sync 1 DAGs
[2024-12-21T18:59:45.205+0000] {logging_mixin.py:188} INFO - [2024-12-21T18:59:45.205+0000] {dag.py:3954} INFO - Setting next_dagrun for tutorial_dag to None, run_after=None
[2024-12-21T18:59:45.237+0000] {processor.py:183} INFO - Processing /home/airflow/.local/lib/python3.12/site-packages/airflow/example_dags/tutorial_dag.py took 0.094 seconds
[2024-12-21T19:00:15.621+0000] {processor.py:161} INFO - Started process (PID=385) to work on /home/airflow/.local/lib/python3.12/site-packages/airflow/example_dags/tutorial_dag.py
[2024-12-21T19:00:15.622+0000] {processor.py:830} INFO - Processing file /home/airflow/.local/lib/python3.12/site-packages/airflow/example_dags/tutorial_dag.py for tasks to queue
[2024-12-21T19:00:15.624+0000] {logging_mixin.py:188} INFO - [2024-12-21T19:00:15.624+0000] {dagbag.py:545} INFO - Filling up the DagBag from /home/airflow/.local/lib/python3.12/site-packages/airflow/example_dags/tutorial_dag.py
[2024-12-21T19:00:15.629+0000] {processor.py:840} INFO - DAG(s) 'tutorial_dag' retrieved from /home/airflow/.local/lib/python3.12/site-packages/airflow/example_dags/tutorial_dag.py
[2024-12-21T19:00:15.655+0000] {logging_mixin.py:188} INFO - [2024-12-21T19:00:15.654+0000] {dag.py:3096} INFO - Sync 1 DAGs
[2024-12-21T19:00:15.671+0000] {logging_mixin.py:188} INFO - [2024-12-21T19:00:15.670+0000] {dag.py:3954} INFO - Setting next_dagrun for tutorial_dag to None, run_after=None
[2024-12-21T19:00:15.699+0000] {processor.py:183} INFO - Processing /home/airflow/.local/lib/python3.12/site-packages/airflow/example_dags/tutorial_dag.py took 0.084 seconds
[2024-12-21T19:00:47.049+0000] {processor.py:161} INFO - Started process (PID=443) to work on /home/airflow/.local/lib/python3.12/site-packages/airflow/example_dags/tutorial_dag.py
[2024-12-21T19:00:47.050+0000] {processor.py:830} INFO - Processing file /home/airflow/.local/lib/python3.12/site-packages/airflow/example_dags/tutorial_dag.py for tasks to queue
[2024-12-21T19:00:47.053+0000] {logging_mixin.py:188} INFO - [2024-12-21T19:00:47.052+0000] {dagbag.py:545} INFO - Filling up the DagBag from /home/airflow/.local/lib/python3.12/site-packages/airflow/example_dags/tutorial_dag.py
[2024-12-21T19:00:47.059+0000] {processor.py:840} INFO - DAG(s) 'tutorial_dag' retrieved from /home/airflow/.local/lib/python3.12/site-packages/airflow/example_dags/tutorial_dag.py
[2024-12-21T19:00:47.085+0000] {logging_mixin.py:188} INFO - [2024-12-21T19:00:47.084+0000] {dag.py:3096} INFO - Sync 1 DAGs
[2024-12-21T19:00:47.100+0000] {logging_mixin.py:188} INFO - [2024-12-21T19:00:47.100+0000] {dag.py:3954} INFO - Setting next_dagrun for tutorial_dag to None, run_after=None
[2024-12-21T19:00:47.127+0000] {processor.py:183} INFO - Processing /home/airflow/.local/lib/python3.12/site-packages/airflow/example_dags/tutorial_dag.py took 0.084 seconds
[2024-12-21T19:01:18.008+0000] {processor.py:161} INFO - Started process (PID=501) to work on /home/airflow/.local/lib/python3.12/site-packages/airflow/example_dags/tutorial_dag.py
[2024-12-21T19:01:18.010+0000] {processor.py:830} INFO - Processing file /home/airflow/.local/lib/python3.12/site-packages/airflow/example_dags/tutorial_dag.py for tasks to queue
[2024-12-21T19:01:18.013+0000] {logging_mixin.py:188} INFO - [2024-12-21T19:01:18.012+0000] {dagbag.py:545} INFO - Filling up the DagBag from /home/airflow/.local/lib/python3.12/site-packages/airflow/example_dags/tutorial_dag.py
[2024-12-21T19:01:18.025+0000] {processor.py:840} INFO - DAG(s) 'tutorial_dag' retrieved from /home/airflow/.local/lib/python3.12/site-packages/airflow/example_dags/tutorial_dag.py
[2024-12-21T19:01:18.054+0000] {logging_mixin.py:188} INFO - [2024-12-21T19:01:18.053+0000] {dag.py:3096} INFO - Sync 1 DAGs
[2024-12-21T19:01:18.075+0000] {logging_mixin.py:188} INFO - [2024-12-21T19:01:18.074+0000] {dag.py:3954} INFO - Setting next_dagrun for tutorial_dag to None, run_after=None
[2024-12-21T19:01:18.113+0000] {processor.py:183} INFO - Processing /home/airflow/.local/lib/python3.12/site-packages/airflow/example_dags/tutorial_dag.py took 0.117 seconds
[2024-12-21T19:01:48.762+0000] {processor.py:161} INFO - Started process (PID=559) to work on /home/airflow/.local/lib/python3.12/site-packages/airflow/example_dags/tutorial_dag.py
[2024-12-21T19:01:48.764+0000] {processor.py:830} INFO - Processing file /home/airflow/.local/lib/python3.12/site-packages/airflow/example_dags/tutorial_dag.py for tasks to queue
[2024-12-21T19:01:48.767+0000] {logging_mixin.py:188} INFO - [2024-12-21T19:01:48.766+0000] {dagbag.py:545} INFO - Filling up the DagBag from /home/airflow/.local/lib/python3.12/site-packages/airflow/example_dags/tutorial_dag.py
[2024-12-21T19:01:48.774+0000] {processor.py:840} INFO - DAG(s) 'tutorial_dag' retrieved from /home/airflow/.local/lib/python3.12/site-packages/airflow/example_dags/tutorial_dag.py
[2024-12-21T19:01:48.801+0000] {logging_mixin.py:188} INFO - [2024-12-21T19:01:48.801+0000] {dag.py:3096} INFO - Sync 1 DAGs
[2024-12-21T19:01:48.821+0000] {logging_mixin.py:188} INFO - [2024-12-21T19:01:48.821+0000] {dag.py:3954} INFO - Setting next_dagrun for tutorial_dag to None, run_after=None
[2024-12-21T19:01:48.869+0000] {processor.py:183} INFO - Processing /home/airflow/.local/lib/python3.12/site-packages/airflow/example_dags/tutorial_dag.py took 0.115 seconds
[2024-12-21T19:02:19.087+0000] {processor.py:161} INFO - Started process (PID=617) to work on /home/airflow/.local/lib/python3.12/site-packages/airflow/example_dags/tutorial_dag.py
[2024-12-21T19:02:19.088+0000] {processor.py:830} INFO - Processing file /home/airflow/.local/lib/python3.12/site-packages/airflow/example_dags/tutorial_dag.py for tasks to queue
[2024-12-21T19:02:19.091+0000] {logging_mixin.py:188} INFO - [2024-12-21T19:02:19.090+0000] {dagbag.py:545} INFO - Filling up the DagBag from /home/airflow/.local/lib/python3.12/site-packages/airflow/example_dags/tutorial_dag.py
[2024-12-21T19:02:19.096+0000] {processor.py:840} INFO - DAG(s) 'tutorial_dag' retrieved from /home/airflow/.local/lib/python3.12/site-packages/airflow/example_dags/tutorial_dag.py
[2024-12-21T19:02:19.120+0000] {logging_mixin.py:188} INFO - [2024-12-21T19:02:19.119+0000] {dag.py:3096} INFO - Sync 1 DAGs
[2024-12-21T19:02:19.136+0000] {logging_mixin.py:188} INFO - [2024-12-21T19:02:19.135+0000] {dag.py:3954} INFO - Setting next_dagrun for tutorial_dag to None, run_after=None
[2024-12-21T19:02:19.165+0000] {processor.py:183} INFO - Processing /home/airflow/.local/lib/python3.12/site-packages/airflow/example_dags/tutorial_dag.py took 0.085 seconds
[2024-12-21T19:02:49.605+0000] {processor.py:161} INFO - Started process (PID=675) to work on /home/airflow/.local/lib/python3.12/site-packages/airflow/example_dags/tutorial_dag.py
[2024-12-21T19:02:49.607+0000] {processor.py:830} INFO - Processing file /home/airflow/.local/lib/python3.12/site-packages/airflow/example_dags/tutorial_dag.py for tasks to queue
[2024-12-21T19:02:49.610+0000] {logging_mixin.py:188} INFO - [2024-12-21T19:02:49.609+0000] {dagbag.py:545} INFO - Filling up the DagBag from /home/airflow/.local/lib/python3.12/site-packages/airflow/example_dags/tutorial_dag.py
[2024-12-21T19:02:49.615+0000] {processor.py:840} INFO - DAG(s) 'tutorial_dag' retrieved from /home/airflow/.local/lib/python3.12/site-packages/airflow/example_dags/tutorial_dag.py
[2024-12-21T19:02:49.640+0000] {logging_mixin.py:188} INFO - [2024-12-21T19:02:49.639+0000] {dag.py:3096} INFO - Sync 1 DAGs
[2024-12-21T19:02:49.659+0000] {logging_mixin.py:188} INFO - [2024-12-21T19:02:49.659+0000] {dag.py:3954} INFO - Setting next_dagrun for tutorial_dag to None, run_after=None
[2024-12-21T19:02:49.707+0000] {processor.py:183} INFO - Processing /home/airflow/.local/lib/python3.12/site-packages/airflow/example_dags/tutorial_dag.py took 0.111 seconds
[2024-12-21T19:03:20.692+0000] {processor.py:161} INFO - Started process (PID=733) to work on /home/airflow/.local/lib/python3.12/site-packages/airflow/example_dags/tutorial_dag.py
[2024-12-21T19:03:20.694+0000] {processor.py:830} INFO - Processing file /home/airflow/.local/lib/python3.12/site-packages/airflow/example_dags/tutorial_dag.py for tasks to queue
[2024-12-21T19:03:20.696+0000] {logging_mixin.py:188} INFO - [2024-12-21T19:03:20.695+0000] {dagbag.py:545} INFO - Filling up the DagBag from /home/airflow/.local/lib/python3.12/site-packages/airflow/example_dags/tutorial_dag.py
[2024-12-21T19:03:20.702+0000] {processor.py:840} INFO - DAG(s) 'tutorial_dag' retrieved from /home/airflow/.local/lib/python3.12/site-packages/airflow/example_dags/tutorial_dag.py
[2024-12-21T19:03:20.727+0000] {logging_mixin.py:188} INFO - [2024-12-21T19:03:20.726+0000] {dag.py:3096} INFO - Sync 1 DAGs
[2024-12-21T19:03:20.744+0000] {logging_mixin.py:188} INFO - [2024-12-21T19:03:20.744+0000] {dag.py:3954} INFO - Setting next_dagrun for tutorial_dag to None, run_after=None
[2024-12-21T19:03:20.772+0000] {processor.py:183} INFO - Processing /home/airflow/.local/lib/python3.12/site-packages/airflow/example_dags/tutorial_dag.py took 0.085 seconds
[2024-12-21T19:03:51.117+0000] {processor.py:161} INFO - Started process (PID=791) to work on /home/airflow/.local/lib/python3.12/site-packages/airflow/example_dags/tutorial_dag.py
[2024-12-21T19:03:51.119+0000] {processor.py:830} INFO - Processing file /home/airflow/.local/lib/python3.12/site-packages/airflow/example_dags/tutorial_dag.py for tasks to queue
[2024-12-21T19:03:51.122+0000] {logging_mixin.py:188} INFO - [2024-12-21T19:03:51.121+0000] {dagbag.py:545} INFO - Filling up the DagBag from /home/airflow/.local/lib/python3.12/site-packages/airflow/example_dags/tutorial_dag.py
[2024-12-21T19:03:51.127+0000] {processor.py:840} INFO - DAG(s) 'tutorial_dag' retrieved from /home/airflow/.local/lib/python3.12/site-packages/airflow/example_dags/tutorial_dag.py
[2024-12-21T19:03:51.156+0000] {logging_mixin.py:188} INFO - [2024-12-21T19:03:51.155+0000] {dag.py:3096} INFO - Sync 1 DAGs
[2024-12-21T19:03:51.172+0000] {logging_mixin.py:188} INFO - [2024-12-21T19:03:51.172+0000] {dag.py:3954} INFO - Setting next_dagrun for tutorial_dag to None, run_after=None
[2024-12-21T19:03:51.202+0000] {processor.py:183} INFO - Processing /home/airflow/.local/lib/python3.12/site-packages/airflow/example_dags/tutorial_dag.py took 0.090 seconds
[2024-12-21T19:04:21.273+0000] {processor.py:161} INFO - Started process (PID=849) to work on /home/airflow/.local/lib/python3.12/site-packages/airflow/example_dags/tutorial_dag.py
[2024-12-21T19:04:21.274+0000] {processor.py:830} INFO - Processing file /home/airflow/.local/lib/python3.12/site-packages/airflow/example_dags/tutorial_dag.py for tasks to queue
[2024-12-21T19:04:21.276+0000] {logging_mixin.py:188} INFO - [2024-12-21T19:04:21.276+0000] {dagbag.py:545} INFO - Filling up the DagBag from /home/airflow/.local/lib/python3.12/site-packages/airflow/example_dags/tutorial_dag.py
[2024-12-21T19:04:21.282+0000] {processor.py:840} INFO - DAG(s) 'tutorial_dag' retrieved from /home/airflow/.local/lib/python3.12/site-packages/airflow/example_dags/tutorial_dag.py
[2024-12-21T19:04:21.305+0000] {logging_mixin.py:188} INFO - [2024-12-21T19:04:21.305+0000] {dag.py:3096} INFO - Sync 1 DAGs
[2024-12-21T19:04:21.322+0000] {logging_mixin.py:188} INFO - [2024-12-21T19:04:21.322+0000] {dag.py:3954} INFO - Setting next_dagrun for tutorial_dag to None, run_after=None
[2024-12-21T19:04:21.349+0000] {processor.py:183} INFO - Processing /home/airflow/.local/lib/python3.12/site-packages/airflow/example_dags/tutorial_dag.py took 0.082 seconds
[2024-12-21T19:04:52.685+0000] {processor.py:161} INFO - Started process (PID=907) to work on /home/airflow/.local/lib/python3.12/site-packages/airflow/example_dags/tutorial_dag.py
[2024-12-21T19:04:52.687+0000] {processor.py:830} INFO - Processing file /home/airflow/.local/lib/python3.12/site-packages/airflow/example_dags/tutorial_dag.py for tasks to queue
[2024-12-21T19:04:52.690+0000] {logging_mixin.py:188} INFO - [2024-12-21T19:04:52.689+0000] {dagbag.py:545} INFO - Filling up the DagBag from /home/airflow/.local/lib/python3.12/site-packages/airflow/example_dags/tutorial_dag.py
[2024-12-21T19:04:52.696+0000] {processor.py:840} INFO - DAG(s) 'tutorial_dag' retrieved from /home/airflow/.local/lib/python3.12/site-packages/airflow/example_dags/tutorial_dag.py
[2024-12-21T19:04:52.725+0000] {logging_mixin.py:188} INFO - [2024-12-21T19:04:52.725+0000] {dag.py:3096} INFO - Sync 1 DAGs
[2024-12-21T19:04:52.743+0000] {logging_mixin.py:188} INFO - [2024-12-21T19:04:52.743+0000] {dag.py:3954} INFO - Setting next_dagrun for tutorial_dag to None, run_after=None
[2024-12-21T19:04:52.778+0000] {processor.py:183} INFO - Processing /home/airflow/.local/lib/python3.12/site-packages/airflow/example_dags/tutorial_dag.py took 0.098 seconds
[2024-12-21T19:05:23.303+0000] {processor.py:161} INFO - Started process (PID=965) to work on /home/airflow/.local/lib/python3.12/site-packages/airflow/example_dags/tutorial_dag.py
[2024-12-21T19:05:23.304+0000] {processor.py:830} INFO - Processing file /home/airflow/.local/lib/python3.12/site-packages/airflow/example_dags/tutorial_dag.py for tasks to queue
[2024-12-21T19:05:23.307+0000] {logging_mixin.py:188} INFO - [2024-12-21T19:05:23.307+0000] {dagbag.py:545} INFO - Filling up the DagBag from /home/airflow/.local/lib/python3.12/site-packages/airflow/example_dags/tutorial_dag.py
[2024-12-21T19:05:23.314+0000] {processor.py:840} INFO - DAG(s) 'tutorial_dag' retrieved from /home/airflow/.local/lib/python3.12/site-packages/airflow/example_dags/tutorial_dag.py
[2024-12-21T19:05:23.351+0000] {logging_mixin.py:188} INFO - [2024-12-21T19:05:23.350+0000] {dag.py:3096} INFO - Sync 1 DAGs
[2024-12-21T19:05:23.377+0000] {logging_mixin.py:188} INFO - [2024-12-21T19:05:23.377+0000] {dag.py:3954} INFO - Setting next_dagrun for tutorial_dag to None, run_after=None
[2024-12-21T19:05:23.427+0000] {processor.py:183} INFO - Processing /home/airflow/.local/lib/python3.12/site-packages/airflow/example_dags/tutorial_dag.py took 0.131 seconds
[2024-12-21T19:05:53.528+0000] {processor.py:161} INFO - Started process (PID=1023) to work on /home/airflow/.local/lib/python3.12/site-packages/airflow/example_dags/tutorial_dag.py
[2024-12-21T19:05:53.530+0000] {processor.py:830} INFO - Processing file /home/airflow/.local/lib/python3.12/site-packages/airflow/example_dags/tutorial_dag.py for tasks to queue
[2024-12-21T19:05:53.533+0000] {logging_mixin.py:188} INFO - [2024-12-21T19:05:53.532+0000] {dagbag.py:545} INFO - Filling up the DagBag from /home/airflow/.local/lib/python3.12/site-packages/airflow/example_dags/tutorial_dag.py
[2024-12-21T19:05:53.540+0000] {processor.py:840} INFO - DAG(s) 'tutorial_dag' retrieved from /home/airflow/.local/lib/python3.12/site-packages/airflow/example_dags/tutorial_dag.py
[2024-12-21T19:05:53.566+0000] {logging_mixin.py:188} INFO - [2024-12-21T19:05:53.566+0000] {dag.py:3096} INFO - Sync 1 DAGs
[2024-12-21T19:05:53.580+0000] {logging_mixin.py:188} INFO - [2024-12-21T19:05:53.579+0000] {dag.py:3954} INFO - Setting next_dagrun for tutorial_dag to None, run_after=None
[2024-12-21T19:05:53.606+0000] {processor.py:183} INFO - Processing /home/airflow/.local/lib/python3.12/site-packages/airflow/example_dags/tutorial_dag.py took 0.085 seconds
[2024-12-21T19:06:24.643+0000] {processor.py:161} INFO - Started process (PID=1081) to work on /home/airflow/.local/lib/python3.12/site-packages/airflow/example_dags/tutorial_dag.py
[2024-12-21T19:06:24.645+0000] {processor.py:830} INFO - Processing file /home/airflow/.local/lib/python3.12/site-packages/airflow/example_dags/tutorial_dag.py for tasks to queue
[2024-12-21T19:06:24.647+0000] {logging_mixin.py:188} INFO - [2024-12-21T19:06:24.647+0000] {dagbag.py:545} INFO - Filling up the DagBag from /home/airflow/.local/lib/python3.12/site-packages/airflow/example_dags/tutorial_dag.py
[2024-12-21T19:06:24.654+0000] {processor.py:840} INFO - DAG(s) 'tutorial_dag' retrieved from /home/airflow/.local/lib/python3.12/site-packages/airflow/example_dags/tutorial_dag.py
[2024-12-21T19:06:24.678+0000] {logging_mixin.py:188} INFO - [2024-12-21T19:06:24.678+0000] {dag.py:3096} INFO - Sync 1 DAGs
[2024-12-21T19:06:24.699+0000] {logging_mixin.py:188} INFO - [2024-12-21T19:06:24.698+0000] {dag.py:3954} INFO - Setting next_dagrun for tutorial_dag to None, run_after=None
[2024-12-21T19:06:24.730+0000] {processor.py:183} INFO - Processing /home/airflow/.local/lib/python3.12/site-packages/airflow/example_dags/tutorial_dag.py took 0.093 seconds
[2024-12-21T19:06:55.370+0000] {processor.py:161} INFO - Started process (PID=1139) to work on /home/airflow/.local/lib/python3.12/site-packages/airflow/example_dags/tutorial_dag.py
[2024-12-21T19:06:55.375+0000] {processor.py:830} INFO - Processing file /home/airflow/.local/lib/python3.12/site-packages/airflow/example_dags/tutorial_dag.py for tasks to queue
[2024-12-21T19:06:55.380+0000] {logging_mixin.py:188} INFO - [2024-12-21T19:06:55.380+0000] {dagbag.py:545} INFO - Filling up the DagBag from /home/airflow/.local/lib/python3.12/site-packages/airflow/example_dags/tutorial_dag.py
[2024-12-21T19:06:55.388+0000] {processor.py:840} INFO - DAG(s) 'tutorial_dag' retrieved from /home/airflow/.local/lib/python3.12/site-packages/airflow/example_dags/tutorial_dag.py
[2024-12-21T19:06:55.420+0000] {logging_mixin.py:188} INFO - [2024-12-21T19:06:55.420+0000] {dag.py:3096} INFO - Sync 1 DAGs
[2024-12-21T19:06:55.441+0000] {logging_mixin.py:188} INFO - [2024-12-21T19:06:55.440+0000] {dag.py:3954} INFO - Setting next_dagrun for tutorial_dag to None, run_after=None
[2024-12-21T19:06:55.474+0000] {processor.py:183} INFO - Processing /home/airflow/.local/lib/python3.12/site-packages/airflow/example_dags/tutorial_dag.py took 0.112 seconds
[2024-12-21T19:07:25.523+0000] {processor.py:161} INFO - Started process (PID=1197) to work on /home/airflow/.local/lib/python3.12/site-packages/airflow/example_dags/tutorial_dag.py
[2024-12-21T19:07:25.525+0000] {processor.py:830} INFO - Processing file /home/airflow/.local/lib/python3.12/site-packages/airflow/example_dags/tutorial_dag.py for tasks to queue
[2024-12-21T19:07:25.528+0000] {logging_mixin.py:188} INFO - [2024-12-21T19:07:25.527+0000] {dagbag.py:545} INFO - Filling up the DagBag from /home/airflow/.local/lib/python3.12/site-packages/airflow/example_dags/tutorial_dag.py
[2024-12-21T19:07:25.533+0000] {processor.py:840} INFO - DAG(s) 'tutorial_dag' retrieved from /home/airflow/.local/lib/python3.12/site-packages/airflow/example_dags/tutorial_dag.py
[2024-12-21T19:07:25.558+0000] {logging_mixin.py:188} INFO - [2024-12-21T19:07:25.558+0000] {dag.py:3096} INFO - Sync 1 DAGs
[2024-12-21T19:07:25.572+0000] {logging_mixin.py:188} INFO - [2024-12-21T19:07:25.571+0000] {dag.py:3954} INFO - Setting next_dagrun for tutorial_dag to None, run_after=None
[2024-12-21T19:07:25.597+0000] {processor.py:183} INFO - Processing /home/airflow/.local/lib/python3.12/site-packages/airflow/example_dags/tutorial_dag.py took 0.082 seconds
[2024-12-21T19:07:55.960+0000] {processor.py:161} INFO - Started process (PID=1255) to work on /home/airflow/.local/lib/python3.12/site-packages/airflow/example_dags/tutorial_dag.py
[2024-12-21T19:07:55.961+0000] {processor.py:830} INFO - Processing file /home/airflow/.local/lib/python3.12/site-packages/airflow/example_dags/tutorial_dag.py for tasks to queue
[2024-12-21T19:07:55.963+0000] {logging_mixin.py:188} INFO - [2024-12-21T19:07:55.963+0000] {dagbag.py:545} INFO - Filling up the DagBag from /home/airflow/.local/lib/python3.12/site-packages/airflow/example_dags/tutorial_dag.py
[2024-12-21T19:07:55.968+0000] {processor.py:840} INFO - DAG(s) 'tutorial_dag' retrieved from /home/airflow/.local/lib/python3.12/site-packages/airflow/example_dags/tutorial_dag.py
[2024-12-21T19:07:55.990+0000] {logging_mixin.py:188} INFO - [2024-12-21T19:07:55.989+0000] {dag.py:3096} INFO - Sync 1 DAGs
[2024-12-21T19:07:56.005+0000] {logging_mixin.py:188} INFO - [2024-12-21T19:07:56.004+0000] {dag.py:3954} INFO - Setting next_dagrun for tutorial_dag to None, run_after=None
[2024-12-21T19:07:56.034+0000] {processor.py:183} INFO - Processing /home/airflow/.local/lib/python3.12/site-packages/airflow/example_dags/tutorial_dag.py took 0.081 seconds
[2024-12-21T19:08:26.697+0000] {processor.py:161} INFO - Started process (PID=1313) to work on /home/airflow/.local/lib/python3.12/site-packages/airflow/example_dags/tutorial_dag.py
[2024-12-21T19:08:26.699+0000] {processor.py:830} INFO - Processing file /home/airflow/.local/lib/python3.12/site-packages/airflow/example_dags/tutorial_dag.py for tasks to queue
[2024-12-21T19:08:26.701+0000] {logging_mixin.py:188} INFO - [2024-12-21T19:08:26.701+0000] {dagbag.py:545} INFO - Filling up the DagBag from /home/airflow/.local/lib/python3.12/site-packages/airflow/example_dags/tutorial_dag.py
[2024-12-21T19:08:26.707+0000] {processor.py:840} INFO - DAG(s) 'tutorial_dag' retrieved from /home/airflow/.local/lib/python3.12/site-packages/airflow/example_dags/tutorial_dag.py
[2024-12-21T19:08:26.731+0000] {logging_mixin.py:188} INFO - [2024-12-21T19:08:26.731+0000] {dag.py:3096} INFO - Sync 1 DAGs
[2024-12-21T19:08:26.745+0000] {logging_mixin.py:188} INFO - [2024-12-21T19:08:26.744+0000] {dag.py:3954} INFO - Setting next_dagrun for tutorial_dag to None, run_after=None
[2024-12-21T19:08:26.776+0000] {processor.py:183} INFO - Processing /home/airflow/.local/lib/python3.12/site-packages/airflow/example_dags/tutorial_dag.py took 0.085 seconds
[2024-12-21T19:08:57.107+0000] {processor.py:161} INFO - Started process (PID=1371) to work on /home/airflow/.local/lib/python3.12/site-packages/airflow/example_dags/tutorial_dag.py
[2024-12-21T19:08:57.108+0000] {processor.py:830} INFO - Processing file /home/airflow/.local/lib/python3.12/site-packages/airflow/example_dags/tutorial_dag.py for tasks to queue
[2024-12-21T19:08:57.111+0000] {logging_mixin.py:188} INFO - [2024-12-21T19:08:57.110+0000] {dagbag.py:545} INFO - Filling up the DagBag from /home/airflow/.local/lib/python3.12/site-packages/airflow/example_dags/tutorial_dag.py
[2024-12-21T19:08:57.117+0000] {processor.py:840} INFO - DAG(s) 'tutorial_dag' retrieved from /home/airflow/.local/lib/python3.12/site-packages/airflow/example_dags/tutorial_dag.py
[2024-12-21T19:08:57.143+0000] {logging_mixin.py:188} INFO - [2024-12-21T19:08:57.143+0000] {dag.py:3096} INFO - Sync 1 DAGs
[2024-12-21T19:08:57.157+0000] {logging_mixin.py:188} INFO - [2024-12-21T19:08:57.157+0000] {dag.py:3954} INFO - Setting next_dagrun for tutorial_dag to None, run_after=None
[2024-12-21T19:08:57.184+0000] {processor.py:183} INFO - Processing /home/airflow/.local/lib/python3.12/site-packages/airflow/example_dags/tutorial_dag.py took 0.082 seconds
[2024-12-21T19:09:28.182+0000] {processor.py:161} INFO - Started process (PID=1429) to work on /home/airflow/.local/lib/python3.12/site-packages/airflow/example_dags/tutorial_dag.py
[2024-12-21T19:09:28.184+0000] {processor.py:830} INFO - Processing file /home/airflow/.local/lib/python3.12/site-packages/airflow/example_dags/tutorial_dag.py for tasks to queue
[2024-12-21T19:09:28.187+0000] {logging_mixin.py:188} INFO - [2024-12-21T19:09:28.186+0000] {dagbag.py:545} INFO - Filling up the DagBag from /home/airflow/.local/lib/python3.12/site-packages/airflow/example_dags/tutorial_dag.py
[2024-12-21T19:09:28.194+0000] {processor.py:840} INFO - DAG(s) 'tutorial_dag' retrieved from /home/airflow/.local/lib/python3.12/site-packages/airflow/example_dags/tutorial_dag.py
[2024-12-21T19:09:28.221+0000] {logging_mixin.py:188} INFO - [2024-12-21T19:09:28.220+0000] {dag.py:3096} INFO - Sync 1 DAGs
[2024-12-21T19:09:28.236+0000] {logging_mixin.py:188} INFO - [2024-12-21T19:09:28.235+0000] {dag.py:3954} INFO - Setting next_dagrun for tutorial_dag to None, run_after=None
[2024-12-21T19:09:28.266+0000] {processor.py:183} INFO - Processing /home/airflow/.local/lib/python3.12/site-packages/airflow/example_dags/tutorial_dag.py took 0.090 seconds
[2024-12-21T19:09:58.798+0000] {processor.py:161} INFO - Started process (PID=1487) to work on /home/airflow/.local/lib/python3.12/site-packages/airflow/example_dags/tutorial_dag.py
[2024-12-21T19:09:58.800+0000] {processor.py:830} INFO - Processing file /home/airflow/.local/lib/python3.12/site-packages/airflow/example_dags/tutorial_dag.py for tasks to queue
[2024-12-21T19:09:58.802+0000] {logging_mixin.py:188} INFO - [2024-12-21T19:09:58.802+0000] {dagbag.py:545} INFO - Filling up the DagBag from /home/airflow/.local/lib/python3.12/site-packages/airflow/example_dags/tutorial_dag.py
[2024-12-21T19:09:58.807+0000] {processor.py:840} INFO - DAG(s) 'tutorial_dag' retrieved from /home/airflow/.local/lib/python3.12/site-packages/airflow/example_dags/tutorial_dag.py
[2024-12-21T19:09:58.833+0000] {logging_mixin.py:188} INFO - [2024-12-21T19:09:58.832+0000] {dag.py:3096} INFO - Sync 1 DAGs
[2024-12-21T19:09:58.850+0000] {logging_mixin.py:188} INFO - [2024-12-21T19:09:58.849+0000] {dag.py:3954} INFO - Setting next_dagrun for tutorial_dag to None, run_after=None
[2024-12-21T19:09:58.877+0000] {processor.py:183} INFO - Processing /home/airflow/.local/lib/python3.12/site-packages/airflow/example_dags/tutorial_dag.py took 0.086 seconds
[2024-12-21T19:10:29.432+0000] {processor.py:161} INFO - Started process (PID=1545) to work on /home/airflow/.local/lib/python3.12/site-packages/airflow/example_dags/tutorial_dag.py
[2024-12-21T19:10:29.434+0000] {processor.py:830} INFO - Processing file /home/airflow/.local/lib/python3.12/site-packages/airflow/example_dags/tutorial_dag.py for tasks to queue
[2024-12-21T19:10:29.438+0000] {logging_mixin.py:188} INFO - [2024-12-21T19:10:29.438+0000] {dagbag.py:545} INFO - Filling up the DagBag from /home/airflow/.local/lib/python3.12/site-packages/airflow/example_dags/tutorial_dag.py
[2024-12-21T19:10:29.447+0000] {processor.py:840} INFO - DAG(s) 'tutorial_dag' retrieved from /home/airflow/.local/lib/python3.12/site-packages/airflow/example_dags/tutorial_dag.py
[2024-12-21T19:10:29.485+0000] {logging_mixin.py:188} INFO - [2024-12-21T19:10:29.484+0000] {dag.py:3096} INFO - Sync 1 DAGs
[2024-12-21T19:10:29.508+0000] {logging_mixin.py:188} INFO - [2024-12-21T19:10:29.507+0000] {dag.py:3954} INFO - Setting next_dagrun for tutorial_dag to None, run_after=None
[2024-12-21T19:10:29.550+0000] {processor.py:183} INFO - Processing /home/airflow/.local/lib/python3.12/site-packages/airflow/example_dags/tutorial_dag.py took 0.128 seconds
[2024-12-21T19:10:59.721+0000] {processor.py:161} INFO - Started process (PID=1603) to work on /home/airflow/.local/lib/python3.12/site-packages/airflow/example_dags/tutorial_dag.py
[2024-12-21T19:10:59.722+0000] {processor.py:830} INFO - Processing file /home/airflow/.local/lib/python3.12/site-packages/airflow/example_dags/tutorial_dag.py for tasks to queue
[2024-12-21T19:10:59.725+0000] {logging_mixin.py:188} INFO - [2024-12-21T19:10:59.725+0000] {dagbag.py:545} INFO - Filling up the DagBag from /home/airflow/.local/lib/python3.12/site-packages/airflow/example_dags/tutorial_dag.py
[2024-12-21T19:10:59.731+0000] {processor.py:840} INFO - DAG(s) 'tutorial_dag' retrieved from /home/airflow/.local/lib/python3.12/site-packages/airflow/example_dags/tutorial_dag.py
[2024-12-21T19:10:59.757+0000] {logging_mixin.py:188} INFO - [2024-12-21T19:10:59.757+0000] {dag.py:3096} INFO - Sync 1 DAGs
[2024-12-21T19:10:59.771+0000] {logging_mixin.py:188} INFO - [2024-12-21T19:10:59.770+0000] {dag.py:3954} INFO - Setting next_dagrun for tutorial_dag to None, run_after=None
[2024-12-21T19:10:59.800+0000] {processor.py:183} INFO - Processing /home/airflow/.local/lib/python3.12/site-packages/airflow/example_dags/tutorial_dag.py took 0.086 seconds
[2024-12-21T19:11:30.307+0000] {processor.py:161} INFO - Started process (PID=1660) to work on /home/airflow/.local/lib/python3.12/site-packages/airflow/example_dags/tutorial_dag.py
[2024-12-21T19:11:30.311+0000] {processor.py:830} INFO - Processing file /home/airflow/.local/lib/python3.12/site-packages/airflow/example_dags/tutorial_dag.py for tasks to queue
[2024-12-21T19:11:30.315+0000] {logging_mixin.py:188} INFO - [2024-12-21T19:11:30.314+0000] {dagbag.py:545} INFO - Filling up the DagBag from /home/airflow/.local/lib/python3.12/site-packages/airflow/example_dags/tutorial_dag.py
[2024-12-21T19:11:30.327+0000] {processor.py:840} INFO - DAG(s) 'tutorial_dag' retrieved from /home/airflow/.local/lib/python3.12/site-packages/airflow/example_dags/tutorial_dag.py
[2024-12-21T19:11:30.366+0000] {logging_mixin.py:188} INFO - [2024-12-21T19:11:30.365+0000] {dag.py:3096} INFO - Sync 1 DAGs
[2024-12-21T19:11:30.391+0000] {logging_mixin.py:188} INFO - [2024-12-21T19:11:30.391+0000] {dag.py:3954} INFO - Setting next_dagrun for tutorial_dag to None, run_after=None
[2024-12-21T19:11:30.427+0000] {processor.py:183} INFO - Processing /home/airflow/.local/lib/python3.12/site-packages/airflow/example_dags/tutorial_dag.py took 0.132 seconds
[2024-12-21T19:12:00.764+0000] {processor.py:161} INFO - Started process (PID=1718) to work on /home/airflow/.local/lib/python3.12/site-packages/airflow/example_dags/tutorial_dag.py
[2024-12-21T19:12:00.766+0000] {processor.py:830} INFO - Processing file /home/airflow/.local/lib/python3.12/site-packages/airflow/example_dags/tutorial_dag.py for tasks to queue
[2024-12-21T19:12:00.769+0000] {logging_mixin.py:188} INFO - [2024-12-21T19:12:00.768+0000] {dagbag.py:545} INFO - Filling up the DagBag from /home/airflow/.local/lib/python3.12/site-packages/airflow/example_dags/tutorial_dag.py
[2024-12-21T19:12:00.776+0000] {processor.py:840} INFO - DAG(s) 'tutorial_dag' retrieved from /home/airflow/.local/lib/python3.12/site-packages/airflow/example_dags/tutorial_dag.py
[2024-12-21T19:12:00.801+0000] {logging_mixin.py:188} INFO - [2024-12-21T19:12:00.801+0000] {dag.py:3096} INFO - Sync 1 DAGs
[2024-12-21T19:12:00.815+0000] {logging_mixin.py:188} INFO - [2024-12-21T19:12:00.815+0000] {dag.py:3954} INFO - Setting next_dagrun for tutorial_dag to None, run_after=None
[2024-12-21T19:12:00.853+0000] {processor.py:183} INFO - Processing /home/airflow/.local/lib/python3.12/site-packages/airflow/example_dags/tutorial_dag.py took 0.094 seconds
[2024-12-21T19:12:31.210+0000] {processor.py:161} INFO - Started process (PID=1775) to work on /home/airflow/.local/lib/python3.12/site-packages/airflow/example_dags/tutorial_dag.py
[2024-12-21T19:12:31.213+0000] {processor.py:830} INFO - Processing file /home/airflow/.local/lib/python3.12/site-packages/airflow/example_dags/tutorial_dag.py for tasks to queue
[2024-12-21T19:12:31.218+0000] {logging_mixin.py:188} INFO - [2024-12-21T19:12:31.216+0000] {dagbag.py:545} INFO - Filling up the DagBag from /home/airflow/.local/lib/python3.12/site-packages/airflow/example_dags/tutorial_dag.py
[2024-12-21T19:12:31.230+0000] {processor.py:840} INFO - DAG(s) 'tutorial_dag' retrieved from /home/airflow/.local/lib/python3.12/site-packages/airflow/example_dags/tutorial_dag.py
[2024-12-21T19:12:31.275+0000] {logging_mixin.py:188} INFO - [2024-12-21T19:12:31.275+0000] {dag.py:3096} INFO - Sync 1 DAGs
[2024-12-21T19:12:31.304+0000] {logging_mixin.py:188} INFO - [2024-12-21T19:12:31.303+0000] {dag.py:3954} INFO - Setting next_dagrun for tutorial_dag to None, run_after=None
[2024-12-21T19:12:31.347+0000] {processor.py:183} INFO - Processing /home/airflow/.local/lib/python3.12/site-packages/airflow/example_dags/tutorial_dag.py took 0.153 seconds
