[2024-12-24T18:15:31.993+0000] {local_task_job_runner.py:120} INFO - ::group::Pre task execution logs
[2024-12-24T18:15:32.024+0000] {taskinstance.py:2076} INFO - Dependencies all met for dep_context=non-requeueable deps ti=<TaskInstance: pipeline_batch_visualize.raw_to_processed manual__2024-12-24T18:15:27.596663+00:00 [queued]>
[2024-12-24T18:15:32.036+0000] {taskinstance.py:2076} INFO - Dependencies all met for dep_context=requeueable deps ti=<TaskInstance: pipeline_batch_visualize.raw_to_processed manual__2024-12-24T18:15:27.596663+00:00 [queued]>
[2024-12-24T18:15:32.036+0000] {taskinstance.py:2306} INFO - Starting attempt 1 of 1
[2024-12-24T18:15:32.053+0000] {taskinstance.py:2330} INFO - Executing <Task(PythonOperator): raw_to_processed> on 2024-12-24 18:15:27.596663+00:00
[2024-12-24T18:15:32.061+0000] {standard_task_runner.py:63} INFO - Started process 3328 to run task
[2024-12-24T18:15:32.063+0000] {standard_task_runner.py:90} INFO - Running: ['***', 'tasks', 'run', 'pipeline_batch_visualize', 'raw_to_processed', 'manual__2024-12-24T18:15:27.596663+00:00', '--job-id', '327', '--raw', '--subdir', 'DAGS_FOLDER/pipeline_batch_visualize.py', '--cfg-path', '/tmp/tmpmakc11t9']
[2024-12-24T18:15:32.065+0000] {standard_task_runner.py:91} INFO - Job 327: Subtask raw_to_processed
[2024-12-24T18:15:32.117+0000] {task_command.py:426} INFO - Running <TaskInstance: pipeline_batch_visualize.raw_to_processed manual__2024-12-24T18:15:27.596663+00:00 [running]> on host 0b4a5bf62610
[2024-12-24T18:15:32.209+0000] {taskinstance.py:2648} INFO - Exporting env vars: AIRFLOW_CTX_DAG_OWNER='***' AIRFLOW_CTX_DAG_ID='pipeline_batch_visualize' AIRFLOW_CTX_TASK_ID='raw_to_processed' AIRFLOW_CTX_EXECUTION_DATE='2024-12-24T18:15:27.596663+00:00' AIRFLOW_CTX_TRY_NUMBER='1' AIRFLOW_CTX_DAG_RUN_ID='manual__2024-12-24T18:15:27.596663+00:00'
[2024-12-24T18:15:32.211+0000] {taskinstance.py:430} INFO - ::endgroup::
[2024-12-24T18:15:39.199+0000] {raw_to_processed_2.py:98} INFO - Spark session successfully created!
[2024-12-24T18:15:46.086+0000] {raw_to_processed_2.py:212} INFO - Taxi lookup data loaded!
[2024-12-24T18:15:46.088+0000] {raw_to_processed_2.py:213} INFO - Loadi    ng green data... s3a://raw/cdc_db/2024/01/01/data
[2024-12-24T18:15:54.867+0000] {logging_mixin.py:188} INFO - Records in green before saving:  1189
[2024-12-24T18:15:59.309+0000] {logging_mixin.py:188} INFO - Records in green after transform:  905
[2024-12-24T18:16:02.527+0000] {raw_to_processed_2.py:225} INFO - Green data saved!
[2024-12-24T18:16:02.528+0000] {raw_to_processed_2.py:227} INFO - Loading yellow data... s3a://raw/yellow/2024/01/01.parquet
[2024-12-24T18:16:02.862+0000] {logging_mixin.py:188} INFO - Records in yellow before saving:  3
[2024-12-24T18:16:03.785+0000] {logging_mixin.py:188} INFO - Records in yellow after transform:  3
[2024-12-24T18:16:05.041+0000] {raw_to_processed_2.py:241} INFO - Yellow data saved!
[2024-12-24T18:16:05.042+0000] {logging_mixin.py:188} INFO - ==============================================
[2024-12-24T18:16:05.042+0000] {python.py:237} INFO - Done. Returned value was: None
[2024-12-24T18:16:05.044+0000] {taskinstance.py:441} INFO - ::group::Post task execution logs
[2024-12-24T18:16:05.059+0000] {taskinstance.py:1206} INFO - Marking task as SUCCESS. dag_id=pipeline_batch_visualize, task_id=raw_to_processed, run_id=manual__2024-12-24T18:15:27.596663+00:00, execution_date=20241224T181527, start_date=20241224T181532, end_date=20241224T181605
[2024-12-24T18:16:05.095+0000] {local_task_job_runner.py:240} INFO - Task exited with return code 0
[2024-12-24T18:16:05.134+0000] {taskinstance.py:3503} INFO - 1 downstream tasks scheduled from follow-on schedule check
[2024-12-24T18:16:05.138+0000] {local_task_job_runner.py:222} INFO - ::endgroup::
