[2024-12-23T18:32:59.268+0000] {local_task_job_runner.py:120} INFO - ::group::Pre task execution logs
[2024-12-23T18:32:59.303+0000] {taskinstance.py:2076} INFO - Dependencies all met for dep_context=non-requeueable deps ti=<TaskInstance: streaming_pipeline.speech_to_datalake manual__2024-12-23T18:32:55.616014+00:00 [queued]>
[2024-12-23T18:32:59.317+0000] {taskinstance.py:2076} INFO - Dependencies all met for dep_context=requeueable deps ti=<TaskInstance: streaming_pipeline.speech_to_datalake manual__2024-12-23T18:32:55.616014+00:00 [queued]>
[2024-12-23T18:32:59.318+0000] {taskinstance.py:2306} INFO - Starting attempt 1 of 1
[2024-12-23T18:32:59.336+0000] {taskinstance.py:2330} INFO - Executing <Task(PythonOperator): speech_to_datalake> on 2024-12-23 18:32:55.616014+00:00
[2024-12-23T18:32:59.345+0000] {standard_task_runner.py:63} INFO - Started process 2187 to run task
[2024-12-23T18:32:59.347+0000] {standard_task_runner.py:90} INFO - Running: ['***', 'tasks', 'run', 'streaming_pipeline', 'speech_to_datalake', 'manual__2024-12-23T18:32:55.616014+00:00', '--job-id', '161', '--raw', '--subdir', 'DAGS_FOLDER/pipeline_stream.py', '--cfg-path', '/tmp/tmp_t2tom05']
[2024-12-23T18:32:59.349+0000] {standard_task_runner.py:91} INFO - Job 161: Subtask speech_to_datalake
[2024-12-23T18:32:59.413+0000] {task_command.py:426} INFO - Running <TaskInstance: streaming_pipeline.speech_to_datalake manual__2024-12-23T18:32:55.616014+00:00 [running]> on host 0b4a5bf62610
[2024-12-23T18:32:59.524+0000] {taskinstance.py:2648} INFO - Exporting env vars: AIRFLOW_CTX_DAG_OWNER='***' AIRFLOW_CTX_DAG_ID='streaming_pipeline' AIRFLOW_CTX_TASK_ID='speech_to_datalake' AIRFLOW_CTX_EXECUTION_DATE='2024-12-23T18:32:55.616014+00:00' AIRFLOW_CTX_TRY_NUMBER='1' AIRFLOW_CTX_DAG_RUN_ID='manual__2024-12-23T18:32:55.616014+00:00'
[2024-12-23T18:32:59.527+0000] {taskinstance.py:430} INFO - ::endgroup::
[2024-12-23T18:32:59.561+0000] {logging_mixin.py:188} INFO - Bucket raw already exists, skip creating!
[2024-12-23T18:32:59.565+0000] {conn.py:362} INFO - <BrokerConnection node_id=bootstrap-0 host=broker:29092 <connecting> [IPv4 ('172.19.0.4', 29092)]>: connecting to broker:29092 [('172.19.0.4', 29092) IPv4]
[2024-12-23T18:32:59.566+0000] {conn.py:957} INFO - Probing node bootstrap-0 broker version
[2024-12-23T18:32:59.568+0000] {conn.py:393} INFO - <BrokerConnection node_id=bootstrap-0 host=broker:29092 <connecting> [IPv4 ('172.19.0.4', 29092)]>: Connection complete.
[2024-12-23T18:32:59.678+0000] {conn.py:1019} INFO - Broker version identified as 2.6.0
[2024-12-23T18:32:59.679+0000] {conn.py:1020} INFO - Set configuration api_version=(2, 6, 0) to skip auto check_version requests on startup
[2024-12-23T18:32:59.681+0000] {consumer.py:122} WARNING - group_id is None: disabling auto-commit.
[2024-12-23T18:32:59.682+0000] {subscription_state.py:167} INFO - Updating subscribed topics to: ('raw_speech_2024_04_04',)
[2024-12-23T18:32:59.683+0000] {logging_mixin.py:188} INFO - Start consuming messages...
[2024-12-23T18:32:59.812+0000] {subscription_state.py:253} INFO - Updated partition assignment: [('raw_speech_2024_04_04', 0)]
[2024-12-23T18:32:59.814+0000] {conn.py:362} INFO - <BrokerConnection node_id=1 host=broker:29092 <connecting> [IPv4 ('172.19.0.4', 29092)]>: connecting to broker:29092 [('172.19.0.4', 29092) IPv4]
[2024-12-23T18:32:59.815+0000] {conn.py:393} INFO - <BrokerConnection node_id=1 host=broker:29092 <connecting> [IPv4 ('172.19.0.4', 29092)]>: Connection complete.
[2024-12-23T18:32:59.816+0000] {conn.py:673} INFO - <BrokerConnection node_id=bootstrap-0 host=broker:29092 <connected> [IPv4 ('172.19.0.4', 29092)]>: Closing connection. 
[2024-12-23T18:33:00.720+0000] {logging_mixin.py:188} INFO - File đã được lưu thành công vào MinIO: speech/2024/04/04/20240400006067.mp3
[2024-12-23T18:33:03.119+0000] {logging_mixin.py:188} INFO - File đã được lưu thành công vào MinIO: speech/2024/04/04/20240400006084.mp3
[2024-12-23T18:33:05.436+0000] {logging_mixin.py:188} INFO - File đã được lưu thành công vào MinIO: speech/2024/04/04/20240400006091.mp3
[2024-12-23T18:33:07.682+0000] {logging_mixin.py:188} INFO - File đã được lưu thành công vào MinIO: speech/2024/04/04/20240400006092.mp3
[2024-12-23T18:33:10.020+0000] {logging_mixin.py:188} INFO - File đã được lưu thành công vào MinIO: speech/2024/04/04/20240400006093.mp3
[2024-12-23T18:33:12.302+0000] {logging_mixin.py:188} INFO - File đã được lưu thành công vào MinIO: speech/2024/04/04/20240400006094.mp3
[2024-12-23T18:33:14.615+0000] {logging_mixin.py:188} INFO - File đã được lưu thành công vào MinIO: speech/2024/04/04/20240400006095.mp3
[2024-12-23T18:33:16.863+0000] {logging_mixin.py:188} INFO - File đã được lưu thành công vào MinIO: speech/2024/04/04/20240400006096.mp3
[2024-12-23T18:33:19.145+0000] {logging_mixin.py:188} INFO - File đã được lưu thành công vào MinIO: speech/2024/04/04/20240400006097.mp3
[2024-12-23T18:33:21.455+0000] {logging_mixin.py:188} INFO - File đã được lưu thành công vào MinIO: speech/2024/04/04/20240400006098.mp3
[2024-12-23T18:33:23.759+0000] {logging_mixin.py:188} INFO - File đã được lưu thành công vào MinIO: speech/2024/04/04/20240400006100.mp3
[2024-12-23T18:33:26.163+0000] {logging_mixin.py:188} INFO - File đã được lưu thành công vào MinIO: speech/2024/04/04/20240400006101.mp3
[2024-12-23T18:33:28.441+0000] {logging_mixin.py:188} INFO - File đã được lưu thành công vào MinIO: speech/2024/04/04/20240400006102.mp3
[2024-12-23T18:33:30.738+0000] {logging_mixin.py:188} INFO - File đã được lưu thành công vào MinIO: speech/2024/04/04/20240400006103.mp3
[2024-12-23T18:33:33.087+0000] {logging_mixin.py:188} INFO - File đã được lưu thành công vào MinIO: speech/2024/04/04/20240400006104.mp3
[2024-12-23T18:33:35.423+0000] {logging_mixin.py:188} INFO - File đã được lưu thành công vào MinIO: speech/2024/04/04/20240400006105.mp3
[2024-12-23T18:33:37.943+0000] {logging_mixin.py:188} INFO - File đã được lưu thành công vào MinIO: speech/2024/04/04/20240400006106.mp3
[2024-12-23T18:33:40.334+0000] {logging_mixin.py:188} INFO - File đã được lưu thành công vào MinIO: speech/2024/04/04/20240400006107.mp3
[2024-12-23T18:33:42.590+0000] {logging_mixin.py:188} INFO - File đã được lưu thành công vào MinIO: speech/2024/04/04/20240400006109.mp3
[2024-12-23T18:33:44.873+0000] {logging_mixin.py:188} INFO - File đã được lưu thành công vào MinIO: speech/2024/04/04/20240400006110.mp3
[2024-12-23T18:33:47.125+0000] {logging_mixin.py:188} INFO - File đã được lưu thành công vào MinIO: speech/2024/04/04/20240400006111.mp3
[2024-12-23T18:33:49.453+0000] {logging_mixin.py:188} INFO - File đã được lưu thành công vào MinIO: speech/2024/04/04/20240400006112.mp3
[2024-12-23T18:33:51.787+0000] {logging_mixin.py:188} INFO - File đã được lưu thành công vào MinIO: speech/2024/04/04/20240400006113.mp3
[2024-12-23T18:33:54.043+0000] {logging_mixin.py:188} INFO - File đã được lưu thành công vào MinIO: speech/2024/04/04/20240400006114.mp3
[2024-12-23T18:33:56.500+0000] {logging_mixin.py:188} INFO - File đã được lưu thành công vào MinIO: speech/2024/04/04/20240400006115.mp3
[2024-12-23T18:33:58.871+0000] {logging_mixin.py:188} INFO - File đã được lưu thành công vào MinIO: speech/2024/04/04/20240400006116.mp3
[2024-12-23T18:34:01.168+0000] {logging_mixin.py:188} INFO - File đã được lưu thành công vào MinIO: speech/2024/04/04/20240400006119.mp3
[2024-12-23T18:34:03.453+0000] {logging_mixin.py:188} INFO - File đã được lưu thành công vào MinIO: speech/2024/04/04/20240400006120.mp3
[2024-12-23T18:34:05.891+0000] {logging_mixin.py:188} INFO - File đã được lưu thành công vào MinIO: speech/2024/04/04/20240400006121.mp3
[2024-12-23T18:34:08.192+0000] {logging_mixin.py:188} INFO - File đã được lưu thành công vào MinIO: speech/2024/04/04/20240400006122.mp3
[2024-12-23T18:34:10.468+0000] {logging_mixin.py:188} INFO - File đã được lưu thành công vào MinIO: speech/2024/04/04/20240400006123.mp3
[2024-12-23T18:34:12.740+0000] {logging_mixin.py:188} INFO - File đã được lưu thành công vào MinIO: speech/2024/04/04/20240400006124.mp3
[2024-12-23T18:34:15.009+0000] {logging_mixin.py:188} INFO - File đã được lưu thành công vào MinIO: speech/2024/04/04/20240400006125.mp3
[2024-12-23T18:34:17.329+0000] {logging_mixin.py:188} INFO - File đã được lưu thành công vào MinIO: speech/2024/04/04/20240400006126.mp3
[2024-12-23T18:34:19.615+0000] {logging_mixin.py:188} INFO - File đã được lưu thành công vào MinIO: speech/2024/04/04/20240400006127.mp3
[2024-12-23T18:34:21.891+0000] {logging_mixin.py:188} INFO - File đã được lưu thành công vào MinIO: speech/2024/04/04/20240400006128.mp3
[2024-12-23T18:34:24.221+0000] {logging_mixin.py:188} INFO - File đã được lưu thành công vào MinIO: speech/2024/04/04/20240400006129.mp3
[2024-12-23T18:34:26.657+0000] {logging_mixin.py:188} INFO - File đã được lưu thành công vào MinIO: speech/2024/04/04/20240400006131.mp3
[2024-12-23T18:34:29.006+0000] {logging_mixin.py:188} INFO - File đã được lưu thành công vào MinIO: speech/2024/04/04/20240400006132.mp3
[2024-12-23T18:34:31.319+0000] {logging_mixin.py:188} INFO - File đã được lưu thành công vào MinIO: speech/2024/04/04/20240400006133.mp3
[2024-12-23T18:34:33.706+0000] {logging_mixin.py:188} INFO - File đã được lưu thành công vào MinIO: speech/2024/04/04/20240400006134.mp3
[2024-12-23T18:34:36.048+0000] {logging_mixin.py:188} INFO - File đã được lưu thành công vào MinIO: speech/2024/04/04/20240400006135.mp3
[2024-12-23T18:34:38.351+0000] {logging_mixin.py:188} INFO - File đã được lưu thành công vào MinIO: speech/2024/04/04/20240400006136.mp3
[2024-12-23T18:34:40.662+0000] {logging_mixin.py:188} INFO - File đã được lưu thành công vào MinIO: speech/2024/04/04/20240400006137.mp3
[2024-12-23T18:34:43.003+0000] {logging_mixin.py:188} INFO - File đã được lưu thành công vào MinIO: speech/2024/04/04/20240400006138.mp3
[2024-12-23T18:34:45.280+0000] {logging_mixin.py:188} INFO - File đã được lưu thành công vào MinIO: speech/2024/04/04/20240400006139.mp3
[2024-12-23T18:34:47.630+0000] {logging_mixin.py:188} INFO - File đã được lưu thành công vào MinIO: speech/2024/04/04/20240400006140.mp3
[2024-12-23T18:34:50.022+0000] {logging_mixin.py:188} INFO - File đã được lưu thành công vào MinIO: speech/2024/04/04/20240400006141.mp3
[2024-12-23T18:34:52.313+0000] {logging_mixin.py:188} INFO - File đã được lưu thành công vào MinIO: speech/2024/04/04/20240400006142.mp3
[2024-12-23T18:34:54.678+0000] {logging_mixin.py:188} INFO - File đã được lưu thành công vào MinIO: speech/2024/04/04/20240400006143.mp3
[2024-12-23T18:34:56.971+0000] {logging_mixin.py:188} INFO - File đã được lưu thành công vào MinIO: speech/2024/04/04/20240400006144.mp3
[2024-12-23T18:34:59.435+0000] {logging_mixin.py:188} INFO - File đã được lưu thành công vào MinIO: speech/2024/04/04/20240400006145.mp3
[2024-12-23T18:35:01.676+0000] {logging_mixin.py:188} INFO - File đã được lưu thành công vào MinIO: speech/2024/04/04/20240400006146.mp3
[2024-12-23T18:35:04.006+0000] {logging_mixin.py:188} INFO - File đã được lưu thành công vào MinIO: speech/2024/04/04/20240400006147.mp3
[2024-12-23T18:35:06.304+0000] {logging_mixin.py:188} INFO - File đã được lưu thành công vào MinIO: speech/2024/04/04/20240400006148.mp3
[2024-12-23T18:35:08.640+0000] {logging_mixin.py:188} INFO - File đã được lưu thành công vào MinIO: speech/2024/04/04/20240400006149.mp3
[2024-12-23T18:35:10.940+0000] {logging_mixin.py:188} INFO - File đã được lưu thành công vào MinIO: speech/2024/04/04/20240400006150.mp3
[2024-12-23T18:35:13.331+0000] {logging_mixin.py:188} INFO - File đã được lưu thành công vào MinIO: speech/2024/04/04/20240400006151.mp3
[2024-12-23T18:35:15.788+0000] {logging_mixin.py:188} INFO - File đã được lưu thành công vào MinIO: speech/2024/04/04/20240400006152.mp3
[2024-12-23T18:35:18.023+0000] {logging_mixin.py:188} INFO - File đã được lưu thành công vào MinIO: speech/2024/04/04/20240400006153.mp3
[2024-12-23T18:35:20.308+0000] {logging_mixin.py:188} INFO - File đã được lưu thành công vào MinIO: speech/2024/04/04/20240400006154.mp3
[2024-12-23T18:35:22.630+0000] {logging_mixin.py:188} INFO - File đã được lưu thành công vào MinIO: speech/2024/04/04/20240400006155.mp3
[2024-12-23T18:35:24.965+0000] {logging_mixin.py:188} INFO - File đã được lưu thành công vào MinIO: speech/2024/04/04/20240400006156.mp3
[2024-12-23T18:35:27.244+0000] {logging_mixin.py:188} INFO - File đã được lưu thành công vào MinIO: speech/2024/04/04/20240400006157.mp3
[2024-12-23T18:35:29.637+0000] {logging_mixin.py:188} INFO - File đã được lưu thành công vào MinIO: speech/2024/04/04/20240400006158.mp3
[2024-12-23T18:35:31.868+0000] {logging_mixin.py:188} INFO - File đã được lưu thành công vào MinIO: speech/2024/04/04/20240400006159.mp3
[2024-12-23T18:35:34.130+0000] {logging_mixin.py:188} INFO - File đã được lưu thành công vào MinIO: speech/2024/04/04/20240400006160.mp3
[2024-12-23T18:35:36.522+0000] {logging_mixin.py:188} INFO - File đã được lưu thành công vào MinIO: speech/2024/04/04/20240400006161.mp3
[2024-12-23T18:35:38.817+0000] {logging_mixin.py:188} INFO - File đã được lưu thành công vào MinIO: speech/2024/04/04/20240400006162.mp3
[2024-12-23T18:35:41.126+0000] {logging_mixin.py:188} INFO - File đã được lưu thành công vào MinIO: speech/2024/04/04/20240400006163.mp3
[2024-12-23T18:35:43.521+0000] {logging_mixin.py:188} INFO - File đã được lưu thành công vào MinIO: speech/2024/04/04/20240400006164.mp3
[2024-12-23T18:35:45.835+0000] {logging_mixin.py:188} INFO - File đã được lưu thành công vào MinIO: speech/2024/04/04/20240400006165.mp3
[2024-12-23T18:35:48.122+0000] {logging_mixin.py:188} INFO - File đã được lưu thành công vào MinIO: speech/2024/04/04/20240400006166.mp3
[2024-12-23T18:35:50.454+0000] {logging_mixin.py:188} INFO - File đã được lưu thành công vào MinIO: speech/2024/04/04/20240400006167.mp3
[2024-12-23T18:35:52.795+0000] {logging_mixin.py:188} INFO - File đã được lưu thành công vào MinIO: speech/2024/04/04/20240400006168.mp3
[2024-12-23T18:35:55.025+0000] {logging_mixin.py:188} INFO - File đã được lưu thành công vào MinIO: speech/2024/04/04/20240400006169.mp3
[2024-12-23T18:35:57.050+0000] {local_task_job_runner.py:124} ERROR - Received SIGTERM. Terminating subprocesses
[2024-12-23T18:35:57.058+0000] {process_utils.py:132} INFO - Sending 15 to group 2187. PIDs of all processes in the group: [2187]
[2024-12-23T18:35:57.062+0000] {process_utils.py:87} INFO - Sending the signal 15 to group 2187
[2024-12-23T18:35:57.064+0000] {taskinstance.py:2611} ERROR - Received SIGTERM. Terminating subprocesses.
[2024-12-23T18:35:57.065+0000] {taskinstance.py:441} INFO - ::group::Post task execution logs
[2024-12-23T18:35:57.085+0000] {taskinstance.py:2905} ERROR - Task failed with exception
Traceback (most recent call last):
  File "/home/airflow/.local/lib/python3.12/site-packages/airflow/models/taskinstance.py", line 465, in _execute_task
    result = _execute_callable(context=context, **execute_callable_kwargs)
             ^^^^^^^^^^^^^^^^^^^^^^^^^^^^^^^^^^^^^^^^^^^^^^^^^^^^^^^^^^^^^
  File "/home/airflow/.local/lib/python3.12/site-packages/airflow/models/taskinstance.py", line 432, in _execute_callable
    return execute_callable(context=context, **execute_callable_kwargs)
           ^^^^^^^^^^^^^^^^^^^^^^^^^^^^^^^^^^^^^^^^^^^^^^^^^^^^^^^^^^^^
  File "/home/airflow/.local/lib/python3.12/site-packages/airflow/models/baseoperator.py", line 401, in wrapper
    return func(self, *args, **kwargs)
           ^^^^^^^^^^^^^^^^^^^^^^^^^^^
  File "/home/airflow/.local/lib/python3.12/site-packages/airflow/operators/python.py", line 235, in execute
    return_value = self.execute_callable()
                   ^^^^^^^^^^^^^^^^^^^^^^^
  File "/home/airflow/.local/lib/python3.12/site-packages/airflow/operators/python.py", line 252, in execute_callable
    return self.python_callable(*self.op_args, **self.op_kwargs)
           ^^^^^^^^^^^^^^^^^^^^^^^^^^^^^^^^^^^^^^^^^^^^^^^^^^^^^
  File "/opt/airflow/dags/stream_processing/streaming_speech_to_dl.py", line 66, in speech_to_dl
    for message in consumer:
  File "/home/airflow/.local/lib/python3.12/site-packages/kafka/consumer/group.py", line 1203, in __next__
    return self.next_v2()
           ^^^^^^^^^^^^^^
  File "/home/airflow/.local/lib/python3.12/site-packages/kafka/consumer/group.py", line 1211, in next_v2
    return next(self._iterator)
           ^^^^^^^^^^^^^^^^^^^^
  File "/home/airflow/.local/lib/python3.12/site-packages/kafka/consumer/group.py", line 1126, in _message_generator_v2
    record_map = self.poll(timeout_ms=timeout_ms, update_offsets=False)
                 ^^^^^^^^^^^^^^^^^^^^^^^^^^^^^^^^^^^^^^^^^^^^^^^^^^^^^^
  File "/home/airflow/.local/lib/python3.12/site-packages/kafka/consumer/group.py", line 663, in poll
    records = self._poll_once(remaining, max_records, update_offsets=update_offsets)
              ^^^^^^^^^^^^^^^^^^^^^^^^^^^^^^^^^^^^^^^^^^^^^^^^^^^^^^^^^^^^^^^^^^^^^^
  File "/home/airflow/.local/lib/python3.12/site-packages/kafka/consumer/group.py", line 712, in _poll_once
    self._client.poll(timeout_ms=timeout_ms)
  File "/home/airflow/.local/lib/python3.12/site-packages/kafka/client_async.py", line 601, in poll
    self._poll(timeout / 1000)
  File "/home/airflow/.local/lib/python3.12/site-packages/kafka/client_async.py", line 633, in _poll
    ready = self._selector.select(timeout)
            ^^^^^^^^^^^^^^^^^^^^^^^^^^^^^^
  File "/usr/local/lib/python3.12/selectors.py", line 468, in select
    fd_event_list = self._selector.poll(timeout, max_ev)
                    ^^^^^^^^^^^^^^^^^^^^^^^^^^^^^^^^^^^^
  File "/home/airflow/.local/lib/python3.12/site-packages/airflow/models/taskinstance.py", line 2613, in signal_handler
    raise AirflowTaskTerminated("Task received SIGTERM signal")
airflow.exceptions.AirflowTaskTerminated: Task received SIGTERM signal
[2024-12-23T18:35:57.113+0000] {taskinstance.py:1206} INFO - Marking task as FAILED. dag_id=streaming_pipeline, task_id=speech_to_datalake, run_id=manual__2024-12-23T18:32:55.616014+00:00, execution_date=20241223T183255, start_date=20241223T183259, end_date=20241223T183557
[2024-12-23T18:35:57.196+0000] {standard_task_runner.py:110} ERROR - Failed to execute job 161 for task speech_to_datalake ((psycopg2.errors.ForeignKeyViolation) insert or update on table "task_fail" violates foreign key constraint "task_fail_ti_fkey"
DETAIL:  Key (dag_id, task_id, run_id, map_index)=(streaming_pipeline, speech_to_datalake, manual__2024-12-23T18:32:55.616014+00:00, -1) is not present in table "task_instance".

[SQL: INSERT INTO task_fail (task_id, dag_id, run_id, map_index, start_date, end_date, duration) VALUES (%(task_id)s, %(dag_id)s, %(run_id)s, %(map_index)s, %(start_date)s, %(end_date)s, %(duration)s) RETURNING task_fail.id]
[parameters: {'task_id': 'speech_to_datalake', 'dag_id': 'streaming_pipeline', 'run_id': 'manual__2024-12-23T18:32:55.616014+00:00', 'map_index': -1, 'start_date': datetime.datetime(2024, 12, 23, 18, 32, 59, 304772, tzinfo=Timezone('UTC')), 'end_date': datetime.datetime(2024, 12, 23, 18, 35, 57, 112675, tzinfo=Timezone('UTC')), 'duration': 177}]
(Background on this error at: https://sqlalche.me/e/14/gkpj); 2187)
[2024-12-23T18:35:57.283+0000] {process_utils.py:80} INFO - Process psutil.Process(pid=2187, status='terminated', exitcode=1, started='18:32:59') (2187) terminated with exit code 1
[2024-12-23T18:35:57.286+0000] {local_task_job_runner.py:240} INFO - Task exited with return code 143
