[2024-12-24T17:16:30.663+0000] {local_task_job_runner.py:120} INFO - ::group::Pre task execution logs
[2024-12-24T17:16:30.697+0000] {taskinstance.py:2076} INFO - Dependencies all met for dep_context=non-requeueable deps ti=<TaskInstance: streaming_pipeline_only_data.start manual__2024-12-24T17:16:28.417748+00:00 [queued]>
[2024-12-24T17:16:30.707+0000] {taskinstance.py:2076} INFO - Dependencies all met for dep_context=requeueable deps ti=<TaskInstance: streaming_pipeline_only_data.start manual__2024-12-24T17:16:28.417748+00:00 [queued]>
[2024-12-24T17:16:30.708+0000] {taskinstance.py:2306} INFO - Starting attempt 1 of 1
[2024-12-24T17:16:30.726+0000] {taskinstance.py:2330} INFO - Executing <Task(PythonOperator): start> on 2024-12-24 17:16:28.417748+00:00
[2024-12-24T17:16:30.733+0000] {standard_task_runner.py:63} INFO - Started process 14672 to run task
[2024-12-24T17:16:30.736+0000] {standard_task_runner.py:90} INFO - Running: ['***', 'tasks', 'run', 'streaming_pipeline_only_data', 'start', 'manual__2024-12-24T17:16:28.417748+00:00', '--job-id', '287', '--raw', '--subdir', 'DAGS_FOLDER/pipeline_stream.py', '--cfg-path', '/tmp/tmp6xxh0_je']
[2024-12-24T17:16:30.739+0000] {standard_task_runner.py:91} INFO - Job 287: Subtask start
[2024-12-24T17:16:30.795+0000] {task_command.py:426} INFO - Running <TaskInstance: streaming_pipeline_only_data.start manual__2024-12-24T17:16:28.417748+00:00 [running]> on host 0b4a5bf62610
[2024-12-24T17:16:30.883+0000] {taskinstance.py:2648} INFO - Exporting env vars: AIRFLOW_CTX_DAG_OWNER='***' AIRFLOW_CTX_DAG_ID='streaming_pipeline_only_data' AIRFLOW_CTX_TASK_ID='start' AIRFLOW_CTX_EXECUTION_DATE='2024-12-24T17:16:28.417748+00:00' AIRFLOW_CTX_TRY_NUMBER='1' AIRFLOW_CTX_DAG_RUN_ID='manual__2024-12-24T17:16:28.417748+00:00'
[2024-12-24T17:16:30.885+0000] {taskinstance.py:430} INFO - ::endgroup::
[2024-12-24T17:16:30.904+0000] {logging_mixin.py:188} INFO - Hello from func_1
[2024-12-24T17:16:30.905+0000] {logging_mixin.py:188} INFO - Root:  E:/BigData_2/MyProject
[2024-12-24T17:16:30.905+0000] {logging_mixin.py:188} INFO - File test:  /opt/***/data/new_2/2024/Green/01/27.parquet
[2024-12-24T17:16:30.906+0000] {logging_mixin.py:188} INFO - Args simulation:  Args(table_name='green_trip_raw_2024_01_27', time_sleep=2, file_path='/opt/***/data/new_2/2024/Green/01/27.parquet', bootstrap_servers='broker:29092', topic_image='raw_image_2024_01_27', topic_speech='raw_speech_2024_01_27', max_message_size=5242880, clear_table_first=False, signal_file=None, image_path='/opt/***/data/image/green_taxi_image.jpg', speech_path='/opt/***/data/speech/taxi_conversation.mp3')
[2024-12-24T17:16:30.907+0000] {logging_mixin.py:188} INFO - Args spark streaming:  Args(jars_dir='/opt/***/jars', bootstrap_servers='broker:29092', bucket_name='raw', year='2024', month='01', day='27', topic_cdc_db='streaming.public.green_trip_raw_2024_01_27', minio_access_key='Xs27nx9M4HgPQ5PXZiUE', minio_secret_key='8iifKZlUZh1NRbepsISUMdg1CxlaIC6OSPQk5X59', minio_endpoint='192.168.1.12:9000')
[2024-12-24T17:16:30.908+0000] {logging_mixin.py:188} INFO - Args image streaming:  Args(minio_endpoint='192.168.1.12:9000', minio_access_key='Xs27nx9M4HgPQ5PXZiUE', minio_secret_key='8iifKZlUZh1NRbepsISUMdg1CxlaIC6OSPQk5X59', bucket_name='raw', prefix='image', kafka_topic='raw_image_2024_01_27', bootstrap_servers='broker:29092')
[2024-12-24T17:16:30.908+0000] {logging_mixin.py:188} INFO - Args speech streaming:  Args(minio_endpoint='192.168.1.12:9000', minio_access_key='Xs27nx9M4HgPQ5PXZiUE', minio_secret_key='8iifKZlUZh1NRbepsISUMdg1CxlaIC6OSPQk5X59', bucket_name='raw', prefix='speech', kafka_topic='raw_speech_2024_01_27', bootstrap_servers='broker:29092')
[2024-12-24T17:16:30.909+0000] {python.py:237} INFO - Done. Returned value was: None
[2024-12-24T17:16:30.910+0000] {taskinstance.py:441} INFO - ::group::Post task execution logs
[2024-12-24T17:16:30.923+0000] {taskinstance.py:1206} INFO - Marking task as SUCCESS. dag_id=streaming_pipeline_only_data, task_id=start, run_id=manual__2024-12-24T17:16:28.417748+00:00, execution_date=20241224T171628, start_date=20241224T171630, end_date=20241224T171630
[2024-12-24T17:16:30.990+0000] {local_task_job_runner.py:240} INFO - Task exited with return code 0
[2024-12-24T17:16:31.014+0000] {taskinstance.py:3503} INFO - 2 downstream tasks scheduled from follow-on schedule check
[2024-12-24T17:16:31.017+0000] {local_task_job_runner.py:222} INFO - ::endgroup::
