[2024-12-23T15:42:34.040+0000] {processor.py:161} INFO - Started process (PID=188) to work on /opt/airflow/dags/pipeline_stream.py
[2024-12-23T15:42:34.042+0000] {processor.py:830} INFO - Processing file /opt/airflow/dags/pipeline_stream.py for tasks to queue
[2024-12-23T15:42:34.045+0000] {logging_mixin.py:188} INFO - [2024-12-23T15:42:34.045+0000] {dagbag.py:545} INFO - Filling up the DagBag from /opt/airflow/dags/pipeline_stream.py
[2024-12-23T15:42:35.772+0000] {processor.py:840} INFO - DAG(s) 'streaming_pipeline' retrieved from /opt/airflow/dags/pipeline_stream.py
[2024-12-23T15:42:35.996+0000] {logging_mixin.py:188} INFO - [2024-12-23T15:42:35.996+0000] {dag.py:3096} INFO - Sync 1 DAGs
[2024-12-23T15:42:36.009+0000] {logging_mixin.py:188} INFO - [2024-12-23T15:42:36.008+0000] {dag.py:3954} INFO - Setting next_dagrun for streaming_pipeline to None, run_after=None
[2024-12-23T15:42:36.044+0000] {processor.py:183} INFO - Processing /opt/airflow/dags/pipeline_stream.py took 2.010 seconds
[2024-12-23T15:43:06.275+0000] {processor.py:161} INFO - Started process (PID=200) to work on /opt/airflow/dags/pipeline_stream.py
[2024-12-23T15:43:06.276+0000] {processor.py:830} INFO - Processing file /opt/airflow/dags/pipeline_stream.py for tasks to queue
[2024-12-23T15:43:06.278+0000] {logging_mixin.py:188} INFO - [2024-12-23T15:43:06.278+0000] {dagbag.py:545} INFO - Filling up the DagBag from /opt/airflow/dags/pipeline_stream.py
[2024-12-23T15:43:07.250+0000] {processor.py:840} INFO - DAG(s) 'streaming_pipeline' retrieved from /opt/airflow/dags/pipeline_stream.py
[2024-12-23T15:43:07.275+0000] {logging_mixin.py:188} INFO - [2024-12-23T15:43:07.274+0000] {dag.py:3096} INFO - Sync 1 DAGs
[2024-12-23T15:43:07.287+0000] {logging_mixin.py:188} INFO - [2024-12-23T15:43:07.287+0000] {dag.py:3954} INFO - Setting next_dagrun for streaming_pipeline to None, run_after=None
[2024-12-23T15:43:07.311+0000] {processor.py:183} INFO - Processing /opt/airflow/dags/pipeline_stream.py took 1.041 seconds
[2024-12-23T15:43:37.528+0000] {processor.py:161} INFO - Started process (PID=416) to work on /opt/airflow/dags/pipeline_stream.py
[2024-12-23T15:43:37.529+0000] {processor.py:830} INFO - Processing file /opt/airflow/dags/pipeline_stream.py for tasks to queue
[2024-12-23T15:43:37.532+0000] {logging_mixin.py:188} INFO - [2024-12-23T15:43:37.532+0000] {dagbag.py:545} INFO - Filling up the DagBag from /opt/airflow/dags/pipeline_stream.py
[2024-12-23T15:43:39.152+0000] {processor.py:840} INFO - DAG(s) 'streaming_pipeline' retrieved from /opt/airflow/dags/pipeline_stream.py
[2024-12-23T15:43:39.210+0000] {logging_mixin.py:188} INFO - [2024-12-23T15:43:39.209+0000] {dag.py:3096} INFO - Sync 1 DAGs
[2024-12-23T15:43:39.230+0000] {logging_mixin.py:188} INFO - [2024-12-23T15:43:39.230+0000] {dag.py:3954} INFO - Setting next_dagrun for streaming_pipeline to None, run_after=None
[2024-12-23T15:43:39.257+0000] {processor.py:183} INFO - Processing /opt/airflow/dags/pipeline_stream.py took 1.737 seconds
[2024-12-23T15:44:09.505+0000] {processor.py:161} INFO - Started process (PID=456) to work on /opt/airflow/dags/pipeline_stream.py
[2024-12-23T15:44:09.506+0000] {processor.py:830} INFO - Processing file /opt/airflow/dags/pipeline_stream.py for tasks to queue
[2024-12-23T15:44:09.509+0000] {logging_mixin.py:188} INFO - [2024-12-23T15:44:09.509+0000] {dagbag.py:545} INFO - Filling up the DagBag from /opt/airflow/dags/pipeline_stream.py
[2024-12-23T15:44:10.676+0000] {processor.py:840} INFO - DAG(s) 'streaming_pipeline' retrieved from /opt/airflow/dags/pipeline_stream.py
[2024-12-23T15:44:10.704+0000] {logging_mixin.py:188} INFO - [2024-12-23T15:44:10.704+0000] {dag.py:3096} INFO - Sync 1 DAGs
[2024-12-23T15:44:10.716+0000] {logging_mixin.py:188} INFO - [2024-12-23T15:44:10.715+0000] {dag.py:3954} INFO - Setting next_dagrun for streaming_pipeline to None, run_after=None
[2024-12-23T15:44:10.741+0000] {processor.py:183} INFO - Processing /opt/airflow/dags/pipeline_stream.py took 1.241 seconds
[2024-12-23T15:44:41.269+0000] {processor.py:161} INFO - Started process (PID=468) to work on /opt/airflow/dags/pipeline_stream.py
[2024-12-23T15:44:41.272+0000] {processor.py:830} INFO - Processing file /opt/airflow/dags/pipeline_stream.py for tasks to queue
[2024-12-23T15:44:41.275+0000] {logging_mixin.py:188} INFO - [2024-12-23T15:44:41.274+0000] {dagbag.py:545} INFO - Filling up the DagBag from /opt/airflow/dags/pipeline_stream.py
[2024-12-23T15:44:43.419+0000] {processor.py:840} INFO - DAG(s) 'streaming_pipeline' retrieved from /opt/airflow/dags/pipeline_stream.py
[2024-12-23T15:44:43.468+0000] {logging_mixin.py:188} INFO - [2024-12-23T15:44:43.467+0000] {dag.py:3096} INFO - Sync 1 DAGs
[2024-12-23T15:44:43.487+0000] {logging_mixin.py:188} INFO - [2024-12-23T15:44:43.487+0000] {dag.py:3954} INFO - Setting next_dagrun for streaming_pipeline to None, run_after=None
[2024-12-23T15:44:43.526+0000] {processor.py:183} INFO - Processing /opt/airflow/dags/pipeline_stream.py took 2.269 seconds
[2024-12-23T15:45:13.808+0000] {processor.py:161} INFO - Started process (PID=481) to work on /opt/airflow/dags/pipeline_stream.py
[2024-12-23T15:45:13.810+0000] {processor.py:830} INFO - Processing file /opt/airflow/dags/pipeline_stream.py for tasks to queue
[2024-12-23T15:45:13.815+0000] {logging_mixin.py:188} INFO - [2024-12-23T15:45:13.814+0000] {dagbag.py:545} INFO - Filling up the DagBag from /opt/airflow/dags/pipeline_stream.py
[2024-12-23T15:45:15.239+0000] {processor.py:840} INFO - DAG(s) 'streaming_pipeline' retrieved from /opt/airflow/dags/pipeline_stream.py
[2024-12-23T15:45:15.525+0000] {logging_mixin.py:188} INFO - [2024-12-23T15:45:15.524+0000] {dag.py:3096} INFO - Sync 1 DAGs
[2024-12-23T15:45:15.548+0000] {logging_mixin.py:188} INFO - [2024-12-23T15:45:15.547+0000] {dag.py:3954} INFO - Setting next_dagrun for streaming_pipeline to None, run_after=None
[2024-12-23T15:45:15.593+0000] {processor.py:183} INFO - Processing /opt/airflow/dags/pipeline_stream.py took 1.795 seconds
[2024-12-23T15:45:45.692+0000] {processor.py:161} INFO - Started process (PID=754) to work on /opt/airflow/dags/pipeline_stream.py
[2024-12-23T15:45:45.693+0000] {processor.py:830} INFO - Processing file /opt/airflow/dags/pipeline_stream.py for tasks to queue
[2024-12-23T15:45:45.695+0000] {logging_mixin.py:188} INFO - [2024-12-23T15:45:45.695+0000] {dagbag.py:545} INFO - Filling up the DagBag from /opt/airflow/dags/pipeline_stream.py
[2024-12-23T15:45:46.853+0000] {processor.py:840} INFO - DAG(s) 'streaming_pipeline' retrieved from /opt/airflow/dags/pipeline_stream.py
[2024-12-23T15:45:46.882+0000] {logging_mixin.py:188} INFO - [2024-12-23T15:45:46.882+0000] {dag.py:3096} INFO - Sync 1 DAGs
[2024-12-23T15:45:46.896+0000] {logging_mixin.py:188} INFO - [2024-12-23T15:45:46.895+0000] {dag.py:3954} INFO - Setting next_dagrun for streaming_pipeline to None, run_after=None
[2024-12-23T15:45:46.924+0000] {processor.py:183} INFO - Processing /opt/airflow/dags/pipeline_stream.py took 1.238 seconds
[2024-12-23T15:46:17.109+0000] {processor.py:161} INFO - Started process (PID=1118) to work on /opt/airflow/dags/pipeline_stream.py
[2024-12-23T15:46:17.111+0000] {processor.py:830} INFO - Processing file /opt/airflow/dags/pipeline_stream.py for tasks to queue
[2024-12-23T15:46:17.114+0000] {logging_mixin.py:188} INFO - [2024-12-23T15:46:17.114+0000] {dagbag.py:545} INFO - Filling up the DagBag from /opt/airflow/dags/pipeline_stream.py
[2024-12-23T15:46:19.325+0000] {processor.py:840} INFO - DAG(s) 'streaming_pipeline' retrieved from /opt/airflow/dags/pipeline_stream.py
[2024-12-23T15:46:19.395+0000] {logging_mixin.py:188} INFO - [2024-12-23T15:46:19.394+0000] {dag.py:3096} INFO - Sync 1 DAGs
[2024-12-23T15:46:19.414+0000] {logging_mixin.py:188} INFO - [2024-12-23T15:46:19.414+0000] {dag.py:3954} INFO - Setting next_dagrun for streaming_pipeline to None, run_after=None
[2024-12-23T15:46:19.444+0000] {processor.py:183} INFO - Processing /opt/airflow/dags/pipeline_stream.py took 2.353 seconds
[2024-12-23T15:46:49.710+0000] {processor.py:161} INFO - Started process (PID=1241) to work on /opt/airflow/dags/pipeline_stream.py
[2024-12-23T15:46:49.711+0000] {processor.py:830} INFO - Processing file /opt/airflow/dags/pipeline_stream.py for tasks to queue
[2024-12-23T15:46:49.714+0000] {logging_mixin.py:188} INFO - [2024-12-23T15:46:49.714+0000] {dagbag.py:545} INFO - Filling up the DagBag from /opt/airflow/dags/pipeline_stream.py
[2024-12-23T15:46:51.410+0000] {processor.py:840} INFO - DAG(s) 'streaming_pipeline' retrieved from /opt/airflow/dags/pipeline_stream.py
[2024-12-23T15:46:51.468+0000] {logging_mixin.py:188} INFO - [2024-12-23T15:46:51.467+0000] {dag.py:3096} INFO - Sync 1 DAGs
[2024-12-23T15:46:51.484+0000] {logging_mixin.py:188} INFO - [2024-12-23T15:46:51.484+0000] {dag.py:3954} INFO - Setting next_dagrun for streaming_pipeline to None, run_after=None
[2024-12-23T15:46:51.523+0000] {processor.py:183} INFO - Processing /opt/airflow/dags/pipeline_stream.py took 1.819 seconds
[2024-12-23T15:47:21.642+0000] {processor.py:161} INFO - Started process (PID=1362) to work on /opt/airflow/dags/pipeline_stream.py
[2024-12-23T15:47:21.643+0000] {processor.py:830} INFO - Processing file /opt/airflow/dags/pipeline_stream.py for tasks to queue
[2024-12-23T15:47:21.646+0000] {logging_mixin.py:188} INFO - [2024-12-23T15:47:21.645+0000] {dagbag.py:545} INFO - Filling up the DagBag from /opt/airflow/dags/pipeline_stream.py
[2024-12-23T15:47:23.133+0000] {processor.py:840} INFO - DAG(s) 'streaming_pipeline' retrieved from /opt/airflow/dags/pipeline_stream.py
[2024-12-23T15:47:23.159+0000] {logging_mixin.py:188} INFO - [2024-12-23T15:47:23.159+0000] {dag.py:3096} INFO - Sync 1 DAGs
[2024-12-23T15:47:23.171+0000] {logging_mixin.py:188} INFO - [2024-12-23T15:47:23.171+0000] {dag.py:3954} INFO - Setting next_dagrun for streaming_pipeline to None, run_after=None
[2024-12-23T15:47:23.197+0000] {processor.py:183} INFO - Processing /opt/airflow/dags/pipeline_stream.py took 1.561 seconds
[2024-12-23T15:47:53.481+0000] {processor.py:161} INFO - Started process (PID=1500) to work on /opt/airflow/dags/pipeline_stream.py
[2024-12-23T15:47:53.483+0000] {processor.py:830} INFO - Processing file /opt/airflow/dags/pipeline_stream.py for tasks to queue
[2024-12-23T15:47:53.485+0000] {logging_mixin.py:188} INFO - [2024-12-23T15:47:53.485+0000] {dagbag.py:545} INFO - Filling up the DagBag from /opt/airflow/dags/pipeline_stream.py
[2024-12-23T15:47:54.592+0000] {processor.py:840} INFO - DAG(s) 'streaming_pipeline' retrieved from /opt/airflow/dags/pipeline_stream.py
[2024-12-23T15:47:54.624+0000] {logging_mixin.py:188} INFO - [2024-12-23T15:47:54.623+0000] {dag.py:3096} INFO - Sync 1 DAGs
[2024-12-23T15:47:54.638+0000] {logging_mixin.py:188} INFO - [2024-12-23T15:47:54.638+0000] {dag.py:3954} INFO - Setting next_dagrun for streaming_pipeline to None, run_after=None
[2024-12-23T15:47:54.667+0000] {processor.py:183} INFO - Processing /opt/airflow/dags/pipeline_stream.py took 1.191 seconds
[2024-12-23T15:48:24.740+0000] {processor.py:161} INFO - Started process (PID=1626) to work on /opt/airflow/dags/pipeline_stream.py
[2024-12-23T15:48:24.742+0000] {processor.py:830} INFO - Processing file /opt/airflow/dags/pipeline_stream.py for tasks to queue
[2024-12-23T15:48:24.744+0000] {logging_mixin.py:188} INFO - [2024-12-23T15:48:24.744+0000] {dagbag.py:545} INFO - Filling up the DagBag from /opt/airflow/dags/pipeline_stream.py
[2024-12-23T15:48:26.212+0000] {processor.py:840} INFO - DAG(s) 'streaming_pipeline' retrieved from /opt/airflow/dags/pipeline_stream.py
[2024-12-23T15:48:26.239+0000] {logging_mixin.py:188} INFO - [2024-12-23T15:48:26.239+0000] {dag.py:3096} INFO - Sync 1 DAGs
[2024-12-23T15:48:26.259+0000] {logging_mixin.py:188} INFO - [2024-12-23T15:48:26.258+0000] {dag.py:3954} INFO - Setting next_dagrun for streaming_pipeline to None, run_after=None
[2024-12-23T15:48:26.289+0000] {processor.py:183} INFO - Processing /opt/airflow/dags/pipeline_stream.py took 1.555 seconds
[2024-12-23T17:15:52.241+0000] {processor.py:161} INFO - Started process (PID=181) to work on /opt/airflow/dags/pipeline_stream.py
[2024-12-23T17:15:52.242+0000] {processor.py:830} INFO - Processing file /opt/airflow/dags/pipeline_stream.py for tasks to queue
[2024-12-23T17:15:52.245+0000] {logging_mixin.py:188} INFO - [2024-12-23T17:15:52.244+0000] {dagbag.py:545} INFO - Filling up the DagBag from /opt/airflow/dags/pipeline_stream.py
[2024-12-23T17:15:54.661+0000] {processor.py:840} INFO - DAG(s) 'streaming_pipeline' retrieved from /opt/airflow/dags/pipeline_stream.py
[2024-12-23T17:15:54.881+0000] {logging_mixin.py:188} INFO - [2024-12-23T17:15:54.881+0000] {dag.py:3096} INFO - Sync 1 DAGs
[2024-12-23T17:15:54.895+0000] {logging_mixin.py:188} INFO - [2024-12-23T17:15:54.895+0000] {dag.py:3954} INFO - Setting next_dagrun for streaming_pipeline to None, run_after=None
[2024-12-23T17:15:54.927+0000] {processor.py:183} INFO - Processing /opt/airflow/dags/pipeline_stream.py took 2.692 seconds
[2024-12-23T17:16:25.169+0000] {processor.py:161} INFO - Started process (PID=200) to work on /opt/airflow/dags/pipeline_stream.py
[2024-12-23T17:16:25.170+0000] {processor.py:830} INFO - Processing file /opt/airflow/dags/pipeline_stream.py for tasks to queue
[2024-12-23T17:16:25.173+0000] {logging_mixin.py:188} INFO - [2024-12-23T17:16:25.172+0000] {dagbag.py:545} INFO - Filling up the DagBag from /opt/airflow/dags/pipeline_stream.py
[2024-12-23T17:16:26.304+0000] {processor.py:840} INFO - DAG(s) 'streaming_pipeline' retrieved from /opt/airflow/dags/pipeline_stream.py
[2024-12-23T17:16:26.331+0000] {logging_mixin.py:188} INFO - [2024-12-23T17:16:26.331+0000] {dag.py:3096} INFO - Sync 1 DAGs
[2024-12-23T17:16:26.343+0000] {logging_mixin.py:188} INFO - [2024-12-23T17:16:26.343+0000] {dag.py:3954} INFO - Setting next_dagrun for streaming_pipeline to None, run_after=None
[2024-12-23T17:16:26.367+0000] {processor.py:183} INFO - Processing /opt/airflow/dags/pipeline_stream.py took 1.203 seconds
[2024-12-23T17:16:56.617+0000] {processor.py:161} INFO - Started process (PID=212) to work on /opt/airflow/dags/pipeline_stream.py
[2024-12-23T17:16:56.619+0000] {processor.py:830} INFO - Processing file /opt/airflow/dags/pipeline_stream.py for tasks to queue
[2024-12-23T17:16:56.624+0000] {logging_mixin.py:188} INFO - [2024-12-23T17:16:56.623+0000] {dagbag.py:545} INFO - Filling up the DagBag from /opt/airflow/dags/pipeline_stream.py
[2024-12-23T17:16:58.180+0000] {processor.py:840} INFO - DAG(s) 'streaming_pipeline' retrieved from /opt/airflow/dags/pipeline_stream.py
[2024-12-23T17:16:58.206+0000] {logging_mixin.py:188} INFO - [2024-12-23T17:16:58.206+0000] {dag.py:3096} INFO - Sync 1 DAGs
[2024-12-23T17:16:58.223+0000] {logging_mixin.py:188} INFO - [2024-12-23T17:16:58.223+0000] {dag.py:3954} INFO - Setting next_dagrun for streaming_pipeline to None, run_after=None
[2024-12-23T17:16:58.252+0000] {processor.py:183} INFO - Processing /opt/airflow/dags/pipeline_stream.py took 1.643 seconds
[2024-12-23T17:17:28.496+0000] {processor.py:161} INFO - Started process (PID=224) to work on /opt/airflow/dags/pipeline_stream.py
[2024-12-23T17:17:28.497+0000] {processor.py:830} INFO - Processing file /opt/airflow/dags/pipeline_stream.py for tasks to queue
[2024-12-23T17:17:28.499+0000] {logging_mixin.py:188} INFO - [2024-12-23T17:17:28.499+0000] {dagbag.py:545} INFO - Filling up the DagBag from /opt/airflow/dags/pipeline_stream.py
[2024-12-23T17:17:29.427+0000] {processor.py:840} INFO - DAG(s) 'streaming_pipeline' retrieved from /opt/airflow/dags/pipeline_stream.py
[2024-12-23T17:17:29.457+0000] {logging_mixin.py:188} INFO - [2024-12-23T17:17:29.456+0000] {dag.py:3096} INFO - Sync 1 DAGs
[2024-12-23T17:17:29.469+0000] {logging_mixin.py:188} INFO - [2024-12-23T17:17:29.469+0000] {dag.py:3954} INFO - Setting next_dagrun for streaming_pipeline to None, run_after=None
[2024-12-23T17:17:29.501+0000] {processor.py:183} INFO - Processing /opt/airflow/dags/pipeline_stream.py took 1.009 seconds
[2024-12-23T17:17:59.745+0000] {processor.py:161} INFO - Started process (PID=454) to work on /opt/airflow/dags/pipeline_stream.py
[2024-12-23T17:17:59.746+0000] {processor.py:830} INFO - Processing file /opt/airflow/dags/pipeline_stream.py for tasks to queue
[2024-12-23T17:17:59.749+0000] {logging_mixin.py:188} INFO - [2024-12-23T17:17:59.748+0000] {dagbag.py:545} INFO - Filling up the DagBag from /opt/airflow/dags/pipeline_stream.py
[2024-12-23T17:18:01.486+0000] {processor.py:840} INFO - DAG(s) 'streaming_pipeline' retrieved from /opt/airflow/dags/pipeline_stream.py
[2024-12-23T17:18:01.533+0000] {logging_mixin.py:188} INFO - [2024-12-23T17:18:01.532+0000] {dag.py:3096} INFO - Sync 1 DAGs
[2024-12-23T17:18:01.550+0000] {logging_mixin.py:188} INFO - [2024-12-23T17:18:01.550+0000] {dag.py:3954} INFO - Setting next_dagrun for streaming_pipeline to None, run_after=None
[2024-12-23T17:18:01.580+0000] {processor.py:183} INFO - Processing /opt/airflow/dags/pipeline_stream.py took 1.857 seconds
[2024-12-23T17:18:31.938+0000] {processor.py:161} INFO - Started process (PID=834) to work on /opt/airflow/dags/pipeline_stream.py
[2024-12-23T17:18:31.941+0000] {processor.py:830} INFO - Processing file /opt/airflow/dags/pipeline_stream.py for tasks to queue
[2024-12-23T17:18:31.945+0000] {logging_mixin.py:188} INFO - [2024-12-23T17:18:31.944+0000] {dagbag.py:545} INFO - Filling up the DagBag from /opt/airflow/dags/pipeline_stream.py
[2024-12-23T17:18:34.091+0000] {processor.py:840} INFO - DAG(s) 'streaming_pipeline' retrieved from /opt/airflow/dags/pipeline_stream.py
[2024-12-23T17:18:34.126+0000] {logging_mixin.py:188} INFO - [2024-12-23T17:18:34.125+0000] {dag.py:3096} INFO - Sync 1 DAGs
[2024-12-23T17:18:34.137+0000] {logging_mixin.py:188} INFO - [2024-12-23T17:18:34.137+0000] {dag.py:3954} INFO - Setting next_dagrun for streaming_pipeline to None, run_after=None
[2024-12-23T17:18:34.161+0000] {processor.py:183} INFO - Processing /opt/airflow/dags/pipeline_stream.py took 2.249 seconds
[2024-12-23T17:19:04.288+0000] {processor.py:161} INFO - Started process (PID=952) to work on /opt/airflow/dags/pipeline_stream.py
[2024-12-23T17:19:04.290+0000] {processor.py:830} INFO - Processing file /opt/airflow/dags/pipeline_stream.py for tasks to queue
[2024-12-23T17:19:04.295+0000] {logging_mixin.py:188} INFO - [2024-12-23T17:19:04.294+0000] {dagbag.py:545} INFO - Filling up the DagBag from /opt/airflow/dags/pipeline_stream.py
[2024-12-23T17:19:06.701+0000] {processor.py:840} INFO - DAG(s) 'streaming_pipeline' retrieved from /opt/airflow/dags/pipeline_stream.py
[2024-12-23T17:19:06.750+0000] {logging_mixin.py:188} INFO - [2024-12-23T17:19:06.749+0000] {dag.py:3096} INFO - Sync 1 DAGs
[2024-12-23T17:19:06.765+0000] {logging_mixin.py:188} INFO - [2024-12-23T17:19:06.765+0000] {dag.py:3954} INFO - Setting next_dagrun for streaming_pipeline to None, run_after=None
[2024-12-23T17:19:06.796+0000] {processor.py:183} INFO - Processing /opt/airflow/dags/pipeline_stream.py took 2.523 seconds
[2024-12-23T17:19:37.126+0000] {processor.py:161} INFO - Started process (PID=1085) to work on /opt/airflow/dags/pipeline_stream.py
[2024-12-23T17:19:37.128+0000] {processor.py:830} INFO - Processing file /opt/airflow/dags/pipeline_stream.py for tasks to queue
[2024-12-23T17:19:37.131+0000] {logging_mixin.py:188} INFO - [2024-12-23T17:19:37.131+0000] {dagbag.py:545} INFO - Filling up the DagBag from /opt/airflow/dags/pipeline_stream.py
[2024-12-23T17:19:39.285+0000] {processor.py:840} INFO - DAG(s) 'streaming_pipeline' retrieved from /opt/airflow/dags/pipeline_stream.py
[2024-12-23T17:19:39.337+0000] {logging_mixin.py:188} INFO - [2024-12-23T17:19:39.336+0000] {dag.py:3096} INFO - Sync 1 DAGs
[2024-12-23T17:19:39.356+0000] {logging_mixin.py:188} INFO - [2024-12-23T17:19:39.356+0000] {dag.py:3954} INFO - Setting next_dagrun for streaming_pipeline to None, run_after=None
[2024-12-23T17:19:39.385+0000] {processor.py:183} INFO - Processing /opt/airflow/dags/pipeline_stream.py took 2.270 seconds
[2024-12-23T17:20:09.706+0000] {processor.py:161} INFO - Started process (PID=1213) to work on /opt/airflow/dags/pipeline_stream.py
[2024-12-23T17:20:09.708+0000] {processor.py:830} INFO - Processing file /opt/airflow/dags/pipeline_stream.py for tasks to queue
[2024-12-23T17:20:09.710+0000] {logging_mixin.py:188} INFO - [2024-12-23T17:20:09.710+0000] {dagbag.py:545} INFO - Filling up the DagBag from /opt/airflow/dags/pipeline_stream.py
[2024-12-23T17:20:12.015+0000] {processor.py:840} INFO - DAG(s) 'streaming_pipeline' retrieved from /opt/airflow/dags/pipeline_stream.py
[2024-12-23T17:20:12.179+0000] {logging_mixin.py:188} INFO - [2024-12-23T17:20:12.177+0000] {dag.py:3096} INFO - Sync 1 DAGs
[2024-12-23T17:20:12.202+0000] {logging_mixin.py:188} INFO - [2024-12-23T17:20:12.202+0000] {dag.py:3954} INFO - Setting next_dagrun for streaming_pipeline to None, run_after=None
[2024-12-23T17:20:12.237+0000] {processor.py:183} INFO - Processing /opt/airflow/dags/pipeline_stream.py took 2.538 seconds
[2024-12-23T17:20:42.571+0000] {processor.py:161} INFO - Started process (PID=1337) to work on /opt/airflow/dags/pipeline_stream.py
[2024-12-23T17:20:42.573+0000] {processor.py:830} INFO - Processing file /opt/airflow/dags/pipeline_stream.py for tasks to queue
[2024-12-23T17:20:42.577+0000] {logging_mixin.py:188} INFO - [2024-12-23T17:20:42.576+0000] {dagbag.py:545} INFO - Filling up the DagBag from /opt/airflow/dags/pipeline_stream.py
[2024-12-23T17:20:44.729+0000] {processor.py:840} INFO - DAG(s) 'streaming_pipeline' retrieved from /opt/airflow/dags/pipeline_stream.py
[2024-12-23T17:20:44.933+0000] {logging_mixin.py:188} INFO - [2024-12-23T17:20:44.933+0000] {dag.py:3096} INFO - Sync 1 DAGs
[2024-12-23T17:20:44.950+0000] {logging_mixin.py:188} INFO - [2024-12-23T17:20:44.950+0000] {dag.py:3954} INFO - Setting next_dagrun for streaming_pipeline to None, run_after=None
[2024-12-23T17:20:44.979+0000] {processor.py:183} INFO - Processing /opt/airflow/dags/pipeline_stream.py took 2.418 seconds
[2024-12-23T17:21:15.550+0000] {processor.py:161} INFO - Started process (PID=1475) to work on /opt/airflow/dags/pipeline_stream.py
[2024-12-23T17:21:15.551+0000] {processor.py:830} INFO - Processing file /opt/airflow/dags/pipeline_stream.py for tasks to queue
[2024-12-23T17:21:15.553+0000] {logging_mixin.py:188} INFO - [2024-12-23T17:21:15.553+0000] {dagbag.py:545} INFO - Filling up the DagBag from /opt/airflow/dags/pipeline_stream.py
[2024-12-23T17:21:17.702+0000] {processor.py:840} INFO - DAG(s) 'streaming_pipeline' retrieved from /opt/airflow/dags/pipeline_stream.py
[2024-12-23T17:21:17.750+0000] {logging_mixin.py:188} INFO - [2024-12-23T17:21:17.749+0000] {dag.py:3096} INFO - Sync 1 DAGs
[2024-12-23T17:21:17.761+0000] {logging_mixin.py:188} INFO - [2024-12-23T17:21:17.761+0000] {dag.py:3954} INFO - Setting next_dagrun for streaming_pipeline to None, run_after=None
[2024-12-23T17:21:17.791+0000] {processor.py:183} INFO - Processing /opt/airflow/dags/pipeline_stream.py took 2.249 seconds
[2024-12-23T17:21:48.136+0000] {processor.py:161} INFO - Started process (PID=1596) to work on /opt/airflow/dags/pipeline_stream.py
[2024-12-23T17:21:48.138+0000] {processor.py:830} INFO - Processing file /opt/airflow/dags/pipeline_stream.py for tasks to queue
[2024-12-23T17:21:48.142+0000] {logging_mixin.py:188} INFO - [2024-12-23T17:21:48.141+0000] {dagbag.py:545} INFO - Filling up the DagBag from /opt/airflow/dags/pipeline_stream.py
[2024-12-23T17:21:50.830+0000] {processor.py:840} INFO - DAG(s) 'streaming_pipeline' retrieved from /opt/airflow/dags/pipeline_stream.py
[2024-12-23T17:21:51.231+0000] {logging_mixin.py:188} INFO - [2024-12-23T17:21:51.229+0000] {dag.py:3096} INFO - Sync 1 DAGs
[2024-12-23T17:21:51.251+0000] {logging_mixin.py:188} INFO - [2024-12-23T17:21:51.251+0000] {dag.py:3954} INFO - Setting next_dagrun for streaming_pipeline to None, run_after=None
[2024-12-23T17:21:51.300+0000] {processor.py:183} INFO - Processing /opt/airflow/dags/pipeline_stream.py took 3.175 seconds
[2024-12-23T17:22:21.400+0000] {processor.py:161} INFO - Started process (PID=1722) to work on /opt/airflow/dags/pipeline_stream.py
[2024-12-23T17:22:21.401+0000] {processor.py:830} INFO - Processing file /opt/airflow/dags/pipeline_stream.py for tasks to queue
[2024-12-23T17:22:21.403+0000] {logging_mixin.py:188} INFO - [2024-12-23T17:22:21.403+0000] {dagbag.py:545} INFO - Filling up the DagBag from /opt/airflow/dags/pipeline_stream.py
[2024-12-23T17:22:24.111+0000] {processor.py:840} INFO - DAG(s) 'streaming_pipeline' retrieved from /opt/airflow/dags/pipeline_stream.py
[2024-12-23T17:22:24.192+0000] {logging_mixin.py:188} INFO - [2024-12-23T17:22:24.191+0000] {dag.py:3096} INFO - Sync 1 DAGs
[2024-12-23T17:22:24.203+0000] {logging_mixin.py:188} INFO - [2024-12-23T17:22:24.203+0000] {dag.py:3954} INFO - Setting next_dagrun for streaming_pipeline to None, run_after=None
[2024-12-23T17:22:24.233+0000] {processor.py:183} INFO - Processing /opt/airflow/dags/pipeline_stream.py took 2.841 seconds
[2024-12-23T17:22:54.566+0000] {processor.py:161} INFO - Started process (PID=1853) to work on /opt/airflow/dags/pipeline_stream.py
[2024-12-23T17:22:54.571+0000] {processor.py:830} INFO - Processing file /opt/airflow/dags/pipeline_stream.py for tasks to queue
[2024-12-23T17:22:54.575+0000] {logging_mixin.py:188} INFO - [2024-12-23T17:22:54.574+0000] {dagbag.py:545} INFO - Filling up the DagBag from /opt/airflow/dags/pipeline_stream.py
[2024-12-23T17:22:57.514+0000] {processor.py:840} INFO - DAG(s) 'streaming_pipeline' retrieved from /opt/airflow/dags/pipeline_stream.py
[2024-12-23T17:22:57.605+0000] {logging_mixin.py:188} INFO - [2024-12-23T17:22:57.604+0000] {dag.py:3096} INFO - Sync 1 DAGs
[2024-12-23T17:22:57.628+0000] {logging_mixin.py:188} INFO - [2024-12-23T17:22:57.627+0000] {dag.py:3954} INFO - Setting next_dagrun for streaming_pipeline to None, run_after=None
[2024-12-23T17:22:57.662+0000] {processor.py:183} INFO - Processing /opt/airflow/dags/pipeline_stream.py took 3.104 seconds
[2024-12-23T17:23:27.812+0000] {processor.py:161} INFO - Started process (PID=1986) to work on /opt/airflow/dags/pipeline_stream.py
[2024-12-23T17:23:27.814+0000] {processor.py:830} INFO - Processing file /opt/airflow/dags/pipeline_stream.py for tasks to queue
[2024-12-23T17:23:27.818+0000] {logging_mixin.py:188} INFO - [2024-12-23T17:23:27.817+0000] {dagbag.py:545} INFO - Filling up the DagBag from /opt/airflow/dags/pipeline_stream.py
[2024-12-23T18:22:50.582+0000] {processor.py:161} INFO - Started process (PID=181) to work on /opt/airflow/dags/pipeline_stream.py
[2024-12-23T18:22:50.585+0000] {processor.py:830} INFO - Processing file /opt/airflow/dags/pipeline_stream.py for tasks to queue
[2024-12-23T18:22:50.588+0000] {logging_mixin.py:188} INFO - [2024-12-23T18:22:50.587+0000] {dagbag.py:545} INFO - Filling up the DagBag from /opt/airflow/dags/pipeline_stream.py
[2024-12-23T18:22:52.651+0000] {processor.py:840} INFO - DAG(s) 'streaming_pipeline' retrieved from /opt/airflow/dags/pipeline_stream.py
[2024-12-23T18:22:52.884+0000] {logging_mixin.py:188} INFO - [2024-12-23T18:22:52.883+0000] {dag.py:3096} INFO - Sync 1 DAGs
[2024-12-23T18:22:52.903+0000] {logging_mixin.py:188} INFO - [2024-12-23T18:22:52.902+0000] {dag.py:3954} INFO - Setting next_dagrun for streaming_pipeline to None, run_after=None
[2024-12-23T18:22:52.952+0000] {processor.py:183} INFO - Processing /opt/airflow/dags/pipeline_stream.py took 2.376 seconds
[2024-12-23T18:23:23.222+0000] {processor.py:161} INFO - Started process (PID=200) to work on /opt/airflow/dags/pipeline_stream.py
[2024-12-23T18:23:23.224+0000] {processor.py:830} INFO - Processing file /opt/airflow/dags/pipeline_stream.py for tasks to queue
[2024-12-23T18:23:23.227+0000] {logging_mixin.py:188} INFO - [2024-12-23T18:23:23.226+0000] {dagbag.py:545} INFO - Filling up the DagBag from /opt/airflow/dags/pipeline_stream.py
[2024-12-23T18:23:24.318+0000] {processor.py:840} INFO - DAG(s) 'streaming_pipeline' retrieved from /opt/airflow/dags/pipeline_stream.py
[2024-12-23T18:23:24.344+0000] {logging_mixin.py:188} INFO - [2024-12-23T18:23:24.343+0000] {dag.py:3096} INFO - Sync 1 DAGs
[2024-12-23T18:23:24.355+0000] {logging_mixin.py:188} INFO - [2024-12-23T18:23:24.355+0000] {dag.py:3954} INFO - Setting next_dagrun for streaming_pipeline to None, run_after=None
[2024-12-23T18:23:24.380+0000] {processor.py:183} INFO - Processing /opt/airflow/dags/pipeline_stream.py took 1.163 seconds
[2024-12-23T18:23:54.505+0000] {processor.py:161} INFO - Started process (PID=424) to work on /opt/airflow/dags/pipeline_stream.py
[2024-12-23T18:23:54.506+0000] {processor.py:830} INFO - Processing file /opt/airflow/dags/pipeline_stream.py for tasks to queue
[2024-12-23T18:23:54.509+0000] {logging_mixin.py:188} INFO - [2024-12-23T18:23:54.508+0000] {dagbag.py:545} INFO - Filling up the DagBag from /opt/airflow/dags/pipeline_stream.py
[2024-12-23T18:23:56.032+0000] {processor.py:840} INFO - DAG(s) 'streaming_pipeline' retrieved from /opt/airflow/dags/pipeline_stream.py
[2024-12-23T18:23:56.070+0000] {logging_mixin.py:188} INFO - [2024-12-23T18:23:56.069+0000] {dag.py:3096} INFO - Sync 1 DAGs
[2024-12-23T18:23:56.087+0000] {logging_mixin.py:188} INFO - [2024-12-23T18:23:56.086+0000] {dag.py:3954} INFO - Setting next_dagrun for streaming_pipeline to None, run_after=None
[2024-12-23T18:23:56.113+0000] {processor.py:183} INFO - Processing /opt/airflow/dags/pipeline_stream.py took 1.634 seconds
[2024-12-23T18:24:26.511+0000] {processor.py:161} INFO - Started process (PID=671) to work on /opt/airflow/dags/pipeline_stream.py
[2024-12-23T18:24:26.513+0000] {processor.py:830} INFO - Processing file /opt/airflow/dags/pipeline_stream.py for tasks to queue
[2024-12-23T18:24:26.520+0000] {logging_mixin.py:188} INFO - [2024-12-23T18:24:26.519+0000] {dagbag.py:545} INFO - Filling up the DagBag from /opt/airflow/dags/pipeline_stream.py
[2024-12-23T18:24:27.834+0000] {processor.py:840} INFO - DAG(s) 'streaming_pipeline' retrieved from /opt/airflow/dags/pipeline_stream.py
[2024-12-23T18:24:27.901+0000] {logging_mixin.py:188} INFO - [2024-12-23T18:24:27.900+0000] {dag.py:3096} INFO - Sync 1 DAGs
[2024-12-23T18:24:27.927+0000] {logging_mixin.py:188} INFO - [2024-12-23T18:24:27.927+0000] {dag.py:3954} INFO - Setting next_dagrun for streaming_pipeline to None, run_after=None
[2024-12-23T18:24:27.960+0000] {processor.py:183} INFO - Processing /opt/airflow/dags/pipeline_stream.py took 1.462 seconds
[2024-12-23T18:24:58.087+0000] {processor.py:161} INFO - Started process (PID=900) to work on /opt/airflow/dags/pipeline_stream.py
[2024-12-23T18:24:58.089+0000] {processor.py:830} INFO - Processing file /opt/airflow/dags/pipeline_stream.py for tasks to queue
[2024-12-23T18:24:58.091+0000] {logging_mixin.py:188} INFO - [2024-12-23T18:24:58.091+0000] {dagbag.py:545} INFO - Filling up the DagBag from /opt/airflow/dags/pipeline_stream.py
[2024-12-23T18:24:59.843+0000] {processor.py:840} INFO - DAG(s) 'streaming_pipeline' retrieved from /opt/airflow/dags/pipeline_stream.py
[2024-12-23T18:24:59.894+0000] {logging_mixin.py:188} INFO - [2024-12-23T18:24:59.893+0000] {dag.py:3096} INFO - Sync 1 DAGs
[2024-12-23T18:24:59.916+0000] {logging_mixin.py:188} INFO - [2024-12-23T18:24:59.916+0000] {dag.py:3954} INFO - Setting next_dagrun for streaming_pipeline to None, run_after=None
[2024-12-23T18:24:59.954+0000] {processor.py:183} INFO - Processing /opt/airflow/dags/pipeline_stream.py took 1.876 seconds
[2024-12-23T18:25:30.350+0000] {processor.py:161} INFO - Started process (PID=1026) to work on /opt/airflow/dags/pipeline_stream.py
[2024-12-23T18:25:30.352+0000] {processor.py:830} INFO - Processing file /opt/airflow/dags/pipeline_stream.py for tasks to queue
[2024-12-23T18:25:30.356+0000] {logging_mixin.py:188} INFO - [2024-12-23T18:25:30.356+0000] {dagbag.py:545} INFO - Filling up the DagBag from /opt/airflow/dags/pipeline_stream.py
[2024-12-23T18:25:34.847+0000] {processor.py:840} INFO - DAG(s) 'streaming_pipeline' retrieved from /opt/airflow/dags/pipeline_stream.py
[2024-12-23T18:25:34.930+0000] {logging_mixin.py:188} INFO - [2024-12-23T18:25:34.929+0000] {dag.py:3096} INFO - Sync 1 DAGs
[2024-12-23T18:25:34.968+0000] {logging_mixin.py:188} INFO - [2024-12-23T18:25:34.968+0000] {dag.py:3954} INFO - Setting next_dagrun for streaming_pipeline to None, run_after=None
[2024-12-23T18:25:35.015+0000] {processor.py:183} INFO - Processing /opt/airflow/dags/pipeline_stream.py took 4.677 seconds
[2024-12-23T18:26:05.277+0000] {processor.py:161} INFO - Started process (PID=1115) to work on /opt/airflow/dags/pipeline_stream.py
[2024-12-23T18:26:05.279+0000] {processor.py:830} INFO - Processing file /opt/airflow/dags/pipeline_stream.py for tasks to queue
[2024-12-23T18:26:05.282+0000] {logging_mixin.py:188} INFO - [2024-12-23T18:26:05.281+0000] {dagbag.py:545} INFO - Filling up the DagBag from /opt/airflow/dags/pipeline_stream.py
[2024-12-23T18:26:06.445+0000] {processor.py:840} INFO - DAG(s) 'streaming_pipeline' retrieved from /opt/airflow/dags/pipeline_stream.py
[2024-12-23T18:26:06.470+0000] {logging_mixin.py:188} INFO - [2024-12-23T18:26:06.470+0000] {dag.py:3096} INFO - Sync 1 DAGs
[2024-12-23T18:26:06.485+0000] {logging_mixin.py:188} INFO - [2024-12-23T18:26:06.484+0000] {dag.py:3954} INFO - Setting next_dagrun for streaming_pipeline to None, run_after=None
[2024-12-23T18:26:06.513+0000] {processor.py:183} INFO - Processing /opt/airflow/dags/pipeline_stream.py took 1.243 seconds
[2024-12-23T18:26:36.748+0000] {processor.py:161} INFO - Started process (PID=1127) to work on /opt/airflow/dags/pipeline_stream.py
[2024-12-23T18:26:36.749+0000] {processor.py:830} INFO - Processing file /opt/airflow/dags/pipeline_stream.py for tasks to queue
[2024-12-23T18:26:36.751+0000] {logging_mixin.py:188} INFO - [2024-12-23T18:26:36.751+0000] {dagbag.py:545} INFO - Filling up the DagBag from /opt/airflow/dags/pipeline_stream.py
[2024-12-23T18:26:37.727+0000] {processor.py:840} INFO - DAG(s) 'streaming_pipeline' retrieved from /opt/airflow/dags/pipeline_stream.py
[2024-12-23T18:26:37.753+0000] {logging_mixin.py:188} INFO - [2024-12-23T18:26:37.753+0000] {dag.py:3096} INFO - Sync 1 DAGs
[2024-12-23T18:26:37.764+0000] {logging_mixin.py:188} INFO - [2024-12-23T18:26:37.764+0000] {dag.py:3954} INFO - Setting next_dagrun for streaming_pipeline to None, run_after=None
[2024-12-23T18:26:37.789+0000] {processor.py:183} INFO - Processing /opt/airflow/dags/pipeline_stream.py took 1.047 seconds
[2024-12-23T18:27:07.950+0000] {processor.py:161} INFO - Started process (PID=1139) to work on /opt/airflow/dags/pipeline_stream.py
[2024-12-23T18:27:07.951+0000] {processor.py:830} INFO - Processing file /opt/airflow/dags/pipeline_stream.py for tasks to queue
[2024-12-23T18:27:07.954+0000] {logging_mixin.py:188} INFO - [2024-12-23T18:27:07.954+0000] {dagbag.py:545} INFO - Filling up the DagBag from /opt/airflow/dags/pipeline_stream.py
[2024-12-23T18:27:08.895+0000] {processor.py:840} INFO - DAG(s) 'streaming_pipeline' retrieved from /opt/airflow/dags/pipeline_stream.py
[2024-12-23T18:27:08.924+0000] {logging_mixin.py:188} INFO - [2024-12-23T18:27:08.924+0000] {dag.py:3096} INFO - Sync 1 DAGs
[2024-12-23T18:27:08.937+0000] {logging_mixin.py:188} INFO - [2024-12-23T18:27:08.936+0000] {dag.py:3954} INFO - Setting next_dagrun for streaming_pipeline to None, run_after=None
[2024-12-23T18:27:08.963+0000] {processor.py:183} INFO - Processing /opt/airflow/dags/pipeline_stream.py took 1.018 seconds
[2024-12-23T18:27:39.164+0000] {processor.py:161} INFO - Started process (PID=1151) to work on /opt/airflow/dags/pipeline_stream.py
[2024-12-23T18:27:39.166+0000] {processor.py:830} INFO - Processing file /opt/airflow/dags/pipeline_stream.py for tasks to queue
[2024-12-23T18:27:39.168+0000] {logging_mixin.py:188} INFO - [2024-12-23T18:27:39.168+0000] {dagbag.py:545} INFO - Filling up the DagBag from /opt/airflow/dags/pipeline_stream.py
[2024-12-23T18:27:40.127+0000] {processor.py:840} INFO - DAG(s) 'streaming_pipeline' retrieved from /opt/airflow/dags/pipeline_stream.py
[2024-12-23T18:27:40.162+0000] {logging_mixin.py:188} INFO - [2024-12-23T18:27:40.161+0000] {dag.py:3096} INFO - Sync 1 DAGs
[2024-12-23T18:27:40.187+0000] {logging_mixin.py:188} INFO - [2024-12-23T18:27:40.186+0000] {dag.py:3954} INFO - Setting next_dagrun for streaming_pipeline to None, run_after=None
[2024-12-23T18:27:40.225+0000] {processor.py:183} INFO - Processing /opt/airflow/dags/pipeline_stream.py took 1.066 seconds
[2024-12-23T18:28:10.787+0000] {processor.py:161} INFO - Started process (PID=1163) to work on /opt/airflow/dags/pipeline_stream.py
[2024-12-23T18:28:10.789+0000] {processor.py:830} INFO - Processing file /opt/airflow/dags/pipeline_stream.py for tasks to queue
[2024-12-23T18:28:10.793+0000] {logging_mixin.py:188} INFO - [2024-12-23T18:28:10.792+0000] {dagbag.py:545} INFO - Filling up the DagBag from /opt/airflow/dags/pipeline_stream.py
[2024-12-23T18:28:11.762+0000] {processor.py:840} INFO - DAG(s) 'streaming_pipeline' retrieved from /opt/airflow/dags/pipeline_stream.py
[2024-12-23T18:28:11.786+0000] {logging_mixin.py:188} INFO - [2024-12-23T18:28:11.786+0000] {dag.py:3096} INFO - Sync 1 DAGs
[2024-12-23T18:28:11.797+0000] {logging_mixin.py:188} INFO - [2024-12-23T18:28:11.797+0000] {dag.py:3954} INFO - Setting next_dagrun for streaming_pipeline to None, run_after=None
[2024-12-23T18:28:11.823+0000] {processor.py:183} INFO - Processing /opt/airflow/dags/pipeline_stream.py took 1.043 seconds
[2024-12-23T18:28:42.000+0000] {processor.py:161} INFO - Started process (PID=1176) to work on /opt/airflow/dags/pipeline_stream.py
[2024-12-23T18:28:42.001+0000] {processor.py:830} INFO - Processing file /opt/airflow/dags/pipeline_stream.py for tasks to queue
[2024-12-23T18:28:42.003+0000] {logging_mixin.py:188} INFO - [2024-12-23T18:28:42.003+0000] {dagbag.py:545} INFO - Filling up the DagBag from /opt/airflow/dags/pipeline_stream.py
[2024-12-23T18:28:43.099+0000] {processor.py:840} INFO - DAG(s) 'streaming_pipeline' retrieved from /opt/airflow/dags/pipeline_stream.py
[2024-12-23T18:28:43.128+0000] {logging_mixin.py:188} INFO - [2024-12-23T18:28:43.128+0000] {dag.py:3096} INFO - Sync 1 DAGs
[2024-12-23T18:28:43.141+0000] {logging_mixin.py:188} INFO - [2024-12-23T18:28:43.141+0000] {dag.py:3954} INFO - Setting next_dagrun for streaming_pipeline to None, run_after=None
[2024-12-23T18:28:43.168+0000] {processor.py:183} INFO - Processing /opt/airflow/dags/pipeline_stream.py took 1.174 seconds
[2024-12-23T18:29:13.282+0000] {processor.py:161} INFO - Started process (PID=1451) to work on /opt/airflow/dags/pipeline_stream.py
[2024-12-23T18:29:13.284+0000] {processor.py:830} INFO - Processing file /opt/airflow/dags/pipeline_stream.py for tasks to queue
[2024-12-23T18:29:13.287+0000] {logging_mixin.py:188} INFO - [2024-12-23T18:29:13.286+0000] {dagbag.py:545} INFO - Filling up the DagBag from /opt/airflow/dags/pipeline_stream.py
[2024-12-23T18:29:14.340+0000] {processor.py:840} INFO - DAG(s) 'streaming_pipeline' retrieved from /opt/airflow/dags/pipeline_stream.py
[2024-12-23T18:29:14.367+0000] {logging_mixin.py:188} INFO - [2024-12-23T18:29:14.367+0000] {dag.py:3096} INFO - Sync 1 DAGs
[2024-12-23T18:29:14.378+0000] {logging_mixin.py:188} INFO - [2024-12-23T18:29:14.377+0000] {dag.py:3954} INFO - Setting next_dagrun for streaming_pipeline to None, run_after=None
[2024-12-23T18:29:14.404+0000] {processor.py:183} INFO - Processing /opt/airflow/dags/pipeline_stream.py took 1.129 seconds
[2024-12-23T18:29:44.615+0000] {processor.py:161} INFO - Started process (PID=1463) to work on /opt/airflow/dags/pipeline_stream.py
[2024-12-23T18:29:44.616+0000] {processor.py:830} INFO - Processing file /opt/airflow/dags/pipeline_stream.py for tasks to queue
[2024-12-23T18:29:44.618+0000] {logging_mixin.py:188} INFO - [2024-12-23T18:29:44.618+0000] {dagbag.py:545} INFO - Filling up the DagBag from /opt/airflow/dags/pipeline_stream.py
[2024-12-23T18:29:45.597+0000] {processor.py:840} INFO - DAG(s) 'streaming_pipeline' retrieved from /opt/airflow/dags/pipeline_stream.py
[2024-12-23T18:29:45.624+0000] {logging_mixin.py:188} INFO - [2024-12-23T18:29:45.624+0000] {dag.py:3096} INFO - Sync 1 DAGs
[2024-12-23T18:29:45.637+0000] {logging_mixin.py:188} INFO - [2024-12-23T18:29:45.637+0000] {dag.py:3954} INFO - Setting next_dagrun for streaming_pipeline to None, run_after=None
[2024-12-23T18:29:45.661+0000] {processor.py:183} INFO - Processing /opt/airflow/dags/pipeline_stream.py took 1.051 seconds
[2024-12-23T18:30:15.857+0000] {processor.py:161} INFO - Started process (PID=1491) to work on /opt/airflow/dags/pipeline_stream.py
[2024-12-23T18:30:15.861+0000] {processor.py:830} INFO - Processing file /opt/airflow/dags/pipeline_stream.py for tasks to queue
[2024-12-23T18:30:15.865+0000] {logging_mixin.py:188} INFO - [2024-12-23T18:30:15.864+0000] {dagbag.py:545} INFO - Filling up the DagBag from /opt/airflow/dags/pipeline_stream.py
[2024-12-23T18:30:17.167+0000] {processor.py:840} INFO - DAG(s) 'streaming_pipeline' retrieved from /opt/airflow/dags/pipeline_stream.py
[2024-12-23T18:30:17.357+0000] {logging_mixin.py:188} INFO - [2024-12-23T18:30:17.357+0000] {dag.py:3096} INFO - Sync 1 DAGs
[2024-12-23T18:30:17.371+0000] {logging_mixin.py:188} INFO - [2024-12-23T18:30:17.371+0000] {dag.py:3954} INFO - Setting next_dagrun for streaming_pipeline to None, run_after=None
[2024-12-23T18:30:17.401+0000] {processor.py:183} INFO - Processing /opt/airflow/dags/pipeline_stream.py took 1.555 seconds
[2024-12-23T18:30:47.670+0000] {processor.py:161} INFO - Started process (PID=1810) to work on /opt/airflow/dags/pipeline_stream.py
[2024-12-23T18:30:47.671+0000] {processor.py:830} INFO - Processing file /opt/airflow/dags/pipeline_stream.py for tasks to queue
[2024-12-23T18:30:47.674+0000] {logging_mixin.py:188} INFO - [2024-12-23T18:30:47.674+0000] {dagbag.py:545} INFO - Filling up the DagBag from /opt/airflow/dags/pipeline_stream.py
[2024-12-23T18:30:49.460+0000] {processor.py:840} INFO - DAG(s) 'streaming_pipeline' retrieved from /opt/airflow/dags/pipeline_stream.py
[2024-12-23T18:30:49.499+0000] {logging_mixin.py:188} INFO - [2024-12-23T18:30:49.499+0000] {dag.py:3096} INFO - Sync 1 DAGs
[2024-12-23T18:30:49.518+0000] {logging_mixin.py:188} INFO - [2024-12-23T18:30:49.518+0000] {dag.py:3954} INFO - Setting next_dagrun for streaming_pipeline to None, run_after=None
[2024-12-23T18:30:49.549+0000] {processor.py:183} INFO - Processing /opt/airflow/dags/pipeline_stream.py took 1.885 seconds
[2024-12-23T18:31:20.119+0000] {processor.py:161} INFO - Started process (PID=2123) to work on /opt/airflow/dags/pipeline_stream.py
[2024-12-23T18:31:20.122+0000] {processor.py:830} INFO - Processing file /opt/airflow/dags/pipeline_stream.py for tasks to queue
[2024-12-23T18:31:20.128+0000] {logging_mixin.py:188} INFO - [2024-12-23T18:31:20.127+0000] {dagbag.py:545} INFO - Filling up the DagBag from /opt/airflow/dags/pipeline_stream.py
[2024-12-23T18:31:21.590+0000] {processor.py:840} INFO - DAG(s) 'streaming_pipeline' retrieved from /opt/airflow/dags/pipeline_stream.py
[2024-12-23T18:31:21.623+0000] {logging_mixin.py:188} INFO - [2024-12-23T18:31:21.622+0000] {dag.py:3096} INFO - Sync 1 DAGs
[2024-12-23T18:31:21.635+0000] {logging_mixin.py:188} INFO - [2024-12-23T18:31:21.635+0000] {dag.py:3954} INFO - Setting next_dagrun for streaming_pipeline to None, run_after=None
[2024-12-23T18:31:21.668+0000] {processor.py:183} INFO - Processing /opt/airflow/dags/pipeline_stream.py took 1.558 seconds
[2024-12-23T18:31:51.776+0000] {processor.py:161} INFO - Started process (PID=2135) to work on /opt/airflow/dags/pipeline_stream.py
[2024-12-23T18:31:51.778+0000] {processor.py:830} INFO - Processing file /opt/airflow/dags/pipeline_stream.py for tasks to queue
[2024-12-23T18:31:51.780+0000] {logging_mixin.py:188} INFO - [2024-12-23T18:31:51.780+0000] {dagbag.py:545} INFO - Filling up the DagBag from /opt/airflow/dags/pipeline_stream.py
[2024-12-23T18:31:52.952+0000] {processor.py:840} INFO - DAG(s) 'streaming_pipeline' retrieved from /opt/airflow/dags/pipeline_stream.py
[2024-12-23T18:31:52.984+0000] {logging_mixin.py:188} INFO - [2024-12-23T18:31:52.983+0000] {dag.py:3096} INFO - Sync 1 DAGs
[2024-12-23T18:31:52.995+0000] {logging_mixin.py:188} INFO - [2024-12-23T18:31:52.995+0000] {dag.py:3954} INFO - Setting next_dagrun for streaming_pipeline to None, run_after=None
[2024-12-23T18:31:53.026+0000] {processor.py:183} INFO - Processing /opt/airflow/dags/pipeline_stream.py took 1.255 seconds
[2024-12-23T18:32:23.125+0000] {processor.py:161} INFO - Started process (PID=2154) to work on /opt/airflow/dags/pipeline_stream.py
[2024-12-23T18:32:23.126+0000] {processor.py:830} INFO - Processing file /opt/airflow/dags/pipeline_stream.py for tasks to queue
[2024-12-23T18:32:23.129+0000] {logging_mixin.py:188} INFO - [2024-12-23T18:32:23.129+0000] {dagbag.py:545} INFO - Filling up the DagBag from /opt/airflow/dags/pipeline_stream.py
[2024-12-23T18:32:24.099+0000] {processor.py:840} INFO - DAG(s) 'streaming_pipeline' retrieved from /opt/airflow/dags/pipeline_stream.py
[2024-12-23T18:32:24.125+0000] {logging_mixin.py:188} INFO - [2024-12-23T18:32:24.125+0000] {dag.py:3096} INFO - Sync 1 DAGs
[2024-12-23T18:32:24.136+0000] {logging_mixin.py:188} INFO - [2024-12-23T18:32:24.136+0000] {dag.py:3954} INFO - Setting next_dagrun for streaming_pipeline to None, run_after=None
[2024-12-23T18:32:24.162+0000] {processor.py:183} INFO - Processing /opt/airflow/dags/pipeline_stream.py took 1.043 seconds
[2024-12-23T18:32:54.699+0000] {processor.py:161} INFO - Started process (PID=2167) to work on /opt/airflow/dags/pipeline_stream.py
[2024-12-23T18:32:54.700+0000] {processor.py:830} INFO - Processing file /opt/airflow/dags/pipeline_stream.py for tasks to queue
[2024-12-23T18:32:54.702+0000] {logging_mixin.py:188} INFO - [2024-12-23T18:32:54.702+0000] {dagbag.py:545} INFO - Filling up the DagBag from /opt/airflow/dags/pipeline_stream.py
[2024-12-23T18:32:55.885+0000] {processor.py:840} INFO - DAG(s) 'streaming_pipeline' retrieved from /opt/airflow/dags/pipeline_stream.py
[2024-12-23T18:32:56.087+0000] {logging_mixin.py:188} INFO - [2024-12-23T18:32:56.087+0000] {dag.py:3096} INFO - Sync 1 DAGs
[2024-12-23T18:32:56.098+0000] {logging_mixin.py:188} INFO - [2024-12-23T18:32:56.098+0000] {dag.py:3954} INFO - Setting next_dagrun for streaming_pipeline to None, run_after=None
[2024-12-23T18:32:56.126+0000] {processor.py:183} INFO - Processing /opt/airflow/dags/pipeline_stream.py took 1.433 seconds
[2024-12-23T18:33:26.373+0000] {processor.py:161} INFO - Started process (PID=2438) to work on /opt/airflow/dags/pipeline_stream.py
[2024-12-23T18:33:26.374+0000] {processor.py:830} INFO - Processing file /opt/airflow/dags/pipeline_stream.py for tasks to queue
[2024-12-23T18:33:26.377+0000] {logging_mixin.py:188} INFO - [2024-12-23T18:33:26.377+0000] {dagbag.py:545} INFO - Filling up the DagBag from /opt/airflow/dags/pipeline_stream.py
[2024-12-23T18:33:27.513+0000] {processor.py:840} INFO - DAG(s) 'streaming_pipeline' retrieved from /opt/airflow/dags/pipeline_stream.py
[2024-12-23T18:33:27.544+0000] {logging_mixin.py:188} INFO - [2024-12-23T18:33:27.544+0000] {dag.py:3096} INFO - Sync 1 DAGs
[2024-12-23T18:33:27.556+0000] {logging_mixin.py:188} INFO - [2024-12-23T18:33:27.556+0000] {dag.py:3954} INFO - Setting next_dagrun for streaming_pipeline to None, run_after=None
[2024-12-23T18:33:27.582+0000] {processor.py:183} INFO - Processing /opt/airflow/dags/pipeline_stream.py took 1.216 seconds
[2024-12-23T18:33:57.847+0000] {processor.py:161} INFO - Started process (PID=2814) to work on /opt/airflow/dags/pipeline_stream.py
[2024-12-23T18:33:57.848+0000] {processor.py:830} INFO - Processing file /opt/airflow/dags/pipeline_stream.py for tasks to queue
[2024-12-23T18:33:57.850+0000] {logging_mixin.py:188} INFO - [2024-12-23T18:33:57.850+0000] {dagbag.py:545} INFO - Filling up the DagBag from /opt/airflow/dags/pipeline_stream.py
[2024-12-23T18:33:59.394+0000] {processor.py:840} INFO - DAG(s) 'streaming_pipeline' retrieved from /opt/airflow/dags/pipeline_stream.py
[2024-12-23T18:33:59.430+0000] {logging_mixin.py:188} INFO - [2024-12-23T18:33:59.430+0000] {dag.py:3096} INFO - Sync 1 DAGs
[2024-12-23T18:33:59.444+0000] {logging_mixin.py:188} INFO - [2024-12-23T18:33:59.444+0000] {dag.py:3954} INFO - Setting next_dagrun for streaming_pipeline to None, run_after=None
[2024-12-23T18:33:59.474+0000] {processor.py:183} INFO - Processing /opt/airflow/dags/pipeline_stream.py took 1.632 seconds
[2024-12-23T18:34:29.800+0000] {processor.py:161} INFO - Started process (PID=2929) to work on /opt/airflow/dags/pipeline_stream.py
[2024-12-23T18:34:29.802+0000] {processor.py:830} INFO - Processing file /opt/airflow/dags/pipeline_stream.py for tasks to queue
[2024-12-23T18:34:29.806+0000] {logging_mixin.py:188} INFO - [2024-12-23T18:34:29.805+0000] {dagbag.py:545} INFO - Filling up the DagBag from /opt/airflow/dags/pipeline_stream.py
[2024-12-23T18:34:31.933+0000] {processor.py:840} INFO - DAG(s) 'streaming_pipeline' retrieved from /opt/airflow/dags/pipeline_stream.py
[2024-12-23T18:34:31.968+0000] {logging_mixin.py:188} INFO - [2024-12-23T18:34:31.968+0000] {dag.py:3096} INFO - Sync 1 DAGs
[2024-12-23T18:34:31.979+0000] {logging_mixin.py:188} INFO - [2024-12-23T18:34:31.979+0000] {dag.py:3954} INFO - Setting next_dagrun for streaming_pipeline to None, run_after=None
[2024-12-23T18:34:32.011+0000] {processor.py:183} INFO - Processing /opt/airflow/dags/pipeline_stream.py took 2.219 seconds
[2024-12-23T18:35:02.308+0000] {processor.py:161} INFO - Started process (PID=3068) to work on /opt/airflow/dags/pipeline_stream.py
[2024-12-23T18:35:02.309+0000] {processor.py:830} INFO - Processing file /opt/airflow/dags/pipeline_stream.py for tasks to queue
[2024-12-23T18:35:02.312+0000] {logging_mixin.py:188} INFO - [2024-12-23T18:35:02.311+0000] {dagbag.py:545} INFO - Filling up the DagBag from /opt/airflow/dags/pipeline_stream.py
[2024-12-23T18:35:04.639+0000] {processor.py:840} INFO - DAG(s) 'streaming_pipeline' retrieved from /opt/airflow/dags/pipeline_stream.py
[2024-12-23T18:35:04.701+0000] {logging_mixin.py:188} INFO - [2024-12-23T18:35:04.701+0000] {dag.py:3096} INFO - Sync 1 DAGs
[2024-12-23T18:35:04.717+0000] {logging_mixin.py:188} INFO - [2024-12-23T18:35:04.716+0000] {dag.py:3954} INFO - Setting next_dagrun for streaming_pipeline to None, run_after=None
[2024-12-23T18:35:04.746+0000] {processor.py:183} INFO - Processing /opt/airflow/dags/pipeline_stream.py took 2.446 seconds
[2024-12-23T18:35:35.122+0000] {processor.py:161} INFO - Started process (PID=3189) to work on /opt/airflow/dags/pipeline_stream.py
[2024-12-23T18:35:35.123+0000] {processor.py:830} INFO - Processing file /opt/airflow/dags/pipeline_stream.py for tasks to queue
[2024-12-23T18:35:35.130+0000] {logging_mixin.py:188} INFO - [2024-12-23T18:35:35.129+0000] {dagbag.py:545} INFO - Filling up the DagBag from /opt/airflow/dags/pipeline_stream.py
[2024-12-23T18:35:37.976+0000] {processor.py:840} INFO - DAG(s) 'streaming_pipeline' retrieved from /opt/airflow/dags/pipeline_stream.py
[2024-12-23T18:35:38.025+0000] {logging_mixin.py:188} INFO - [2024-12-23T18:35:38.025+0000] {dag.py:3096} INFO - Sync 1 DAGs
[2024-12-23T18:35:38.037+0000] {logging_mixin.py:188} INFO - [2024-12-23T18:35:38.036+0000] {dag.py:3954} INFO - Setting next_dagrun for streaming_pipeline to None, run_after=None
[2024-12-23T18:35:38.064+0000] {processor.py:183} INFO - Processing /opt/airflow/dags/pipeline_stream.py took 2.973 seconds
[2024-12-23T20:04:24.903+0000] {processor.py:161} INFO - Started process (PID=181) to work on /opt/airflow/dags/pipeline_stream.py
[2024-12-23T20:04:24.905+0000] {processor.py:830} INFO - Processing file /opt/airflow/dags/pipeline_stream.py for tasks to queue
[2024-12-23T20:04:24.907+0000] {logging_mixin.py:188} INFO - [2024-12-23T20:04:24.906+0000] {dagbag.py:545} INFO - Filling up the DagBag from /opt/airflow/dags/pipeline_stream.py
[2024-12-23T20:04:26.552+0000] {processor.py:840} INFO - DAG(s) 'streaming_pipeline' retrieved from /opt/airflow/dags/pipeline_stream.py
[2024-12-23T20:04:26.758+0000] {logging_mixin.py:188} INFO - [2024-12-23T20:04:26.757+0000] {dag.py:3096} INFO - Sync 1 DAGs
[2024-12-23T20:04:26.771+0000] {logging_mixin.py:188} INFO - [2024-12-23T20:04:26.770+0000] {dag.py:3954} INFO - Setting next_dagrun for streaming_pipeline to None, run_after=None
[2024-12-23T20:04:26.801+0000] {processor.py:183} INFO - Processing /opt/airflow/dags/pipeline_stream.py took 1.902 seconds
[2024-12-23T20:04:57.063+0000] {processor.py:161} INFO - Started process (PID=193) to work on /opt/airflow/dags/pipeline_stream.py
[2024-12-23T20:04:57.064+0000] {processor.py:830} INFO - Processing file /opt/airflow/dags/pipeline_stream.py for tasks to queue
[2024-12-23T20:04:57.066+0000] {logging_mixin.py:188} INFO - [2024-12-23T20:04:57.066+0000] {dagbag.py:545} INFO - Filling up the DagBag from /opt/airflow/dags/pipeline_stream.py
[2024-12-23T20:04:57.972+0000] {processor.py:840} INFO - DAG(s) 'streaming_pipeline' retrieved from /opt/airflow/dags/pipeline_stream.py
[2024-12-23T20:04:57.998+0000] {logging_mixin.py:188} INFO - [2024-12-23T20:04:57.998+0000] {dag.py:3096} INFO - Sync 1 DAGs
[2024-12-23T20:04:58.009+0000] {logging_mixin.py:188} INFO - [2024-12-23T20:04:58.009+0000] {dag.py:3954} INFO - Setting next_dagrun for streaming_pipeline to None, run_after=None
[2024-12-23T20:04:58.033+0000] {processor.py:183} INFO - Processing /opt/airflow/dags/pipeline_stream.py took 0.974 seconds
[2024-12-23T20:05:28.307+0000] {processor.py:161} INFO - Started process (PID=430) to work on /opt/airflow/dags/pipeline_stream.py
[2024-12-23T20:05:28.308+0000] {processor.py:830} INFO - Processing file /opt/airflow/dags/pipeline_stream.py for tasks to queue
[2024-12-23T20:05:28.311+0000] {logging_mixin.py:188} INFO - [2024-12-23T20:05:28.311+0000] {dagbag.py:545} INFO - Filling up the DagBag from /opt/airflow/dags/pipeline_stream.py
[2024-12-23T20:05:29.843+0000] {processor.py:840} INFO - DAG(s) 'streaming_pipeline' retrieved from /opt/airflow/dags/pipeline_stream.py
[2024-12-23T20:05:29.909+0000] {logging_mixin.py:188} INFO - [2024-12-23T20:05:29.908+0000] {dag.py:3096} INFO - Sync 1 DAGs
[2024-12-23T20:05:29.934+0000] {logging_mixin.py:188} INFO - [2024-12-23T20:05:29.933+0000] {dag.py:3954} INFO - Setting next_dagrun for streaming_pipeline to None, run_after=None
[2024-12-23T20:05:29.967+0000] {processor.py:183} INFO - Processing /opt/airflow/dags/pipeline_stream.py took 1.678 seconds
[2024-12-23T20:06:00.261+0000] {processor.py:161} INFO - Started process (PID=816) to work on /opt/airflow/dags/pipeline_stream.py
[2024-12-23T20:06:00.262+0000] {processor.py:830} INFO - Processing file /opt/airflow/dags/pipeline_stream.py for tasks to queue
[2024-12-23T20:06:00.265+0000] {logging_mixin.py:188} INFO - [2024-12-23T20:06:00.264+0000] {dagbag.py:545} INFO - Filling up the DagBag from /opt/airflow/dags/pipeline_stream.py
[2024-12-23T20:06:02.008+0000] {processor.py:840} INFO - DAG(s) 'streaming_pipeline' retrieved from /opt/airflow/dags/pipeline_stream.py
[2024-12-23T20:06:02.052+0000] {logging_mixin.py:188} INFO - [2024-12-23T20:06:02.051+0000] {dag.py:3096} INFO - Sync 1 DAGs
[2024-12-23T20:06:02.075+0000] {logging_mixin.py:188} INFO - [2024-12-23T20:06:02.075+0000] {dag.py:3954} INFO - Setting next_dagrun for streaming_pipeline to None, run_after=None
[2024-12-23T20:06:02.111+0000] {processor.py:183} INFO - Processing /opt/airflow/dags/pipeline_stream.py took 1.858 seconds
[2024-12-23T20:06:32.447+0000] {processor.py:161} INFO - Started process (PID=930) to work on /opt/airflow/dags/pipeline_stream.py
[2024-12-23T20:06:32.449+0000] {processor.py:830} INFO - Processing file /opt/airflow/dags/pipeline_stream.py for tasks to queue
[2024-12-23T20:06:32.452+0000] {logging_mixin.py:188} INFO - [2024-12-23T20:06:32.451+0000] {dagbag.py:545} INFO - Filling up the DagBag from /opt/airflow/dags/pipeline_stream.py
[2024-12-23T20:06:34.184+0000] {processor.py:840} INFO - DAG(s) 'streaming_pipeline' retrieved from /opt/airflow/dags/pipeline_stream.py
[2024-12-23T20:06:34.222+0000] {logging_mixin.py:188} INFO - [2024-12-23T20:06:34.221+0000] {dag.py:3096} INFO - Sync 1 DAGs
[2024-12-23T20:06:34.237+0000] {logging_mixin.py:188} INFO - [2024-12-23T20:06:34.237+0000] {dag.py:3954} INFO - Setting next_dagrun for streaming_pipeline to None, run_after=None
[2024-12-23T20:06:34.270+0000] {processor.py:183} INFO - Processing /opt/airflow/dags/pipeline_stream.py took 1.836 seconds
[2024-12-23T20:07:04.572+0000] {processor.py:161} INFO - Started process (PID=1061) to work on /opt/airflow/dags/pipeline_stream.py
[2024-12-23T20:07:04.574+0000] {processor.py:830} INFO - Processing file /opt/airflow/dags/pipeline_stream.py for tasks to queue
[2024-12-23T20:07:04.576+0000] {logging_mixin.py:188} INFO - [2024-12-23T20:07:04.576+0000] {dagbag.py:545} INFO - Filling up the DagBag from /opt/airflow/dags/pipeline_stream.py
[2024-12-23T20:07:06.126+0000] {processor.py:840} INFO - DAG(s) 'streaming_pipeline' retrieved from /opt/airflow/dags/pipeline_stream.py
[2024-12-23T20:07:06.217+0000] {logging_mixin.py:188} INFO - [2024-12-23T20:07:06.215+0000] {dag.py:3096} INFO - Sync 1 DAGs
[2024-12-23T20:07:06.251+0000] {logging_mixin.py:188} INFO - [2024-12-23T20:07:06.251+0000] {dag.py:3954} INFO - Setting next_dagrun for streaming_pipeline to None, run_after=None
[2024-12-23T20:07:06.330+0000] {processor.py:183} INFO - Processing /opt/airflow/dags/pipeline_stream.py took 1.763 seconds
[2024-12-23T20:07:36.636+0000] {processor.py:161} INFO - Started process (PID=1191) to work on /opt/airflow/dags/pipeline_stream.py
[2024-12-23T20:07:36.638+0000] {processor.py:830} INFO - Processing file /opt/airflow/dags/pipeline_stream.py for tasks to queue
[2024-12-23T20:07:36.640+0000] {logging_mixin.py:188} INFO - [2024-12-23T20:07:36.640+0000] {dagbag.py:545} INFO - Filling up the DagBag from /opt/airflow/dags/pipeline_stream.py
[2024-12-23T20:07:37.936+0000] {processor.py:840} INFO - DAG(s) 'streaming_pipeline' retrieved from /opt/airflow/dags/pipeline_stream.py
[2024-12-23T20:07:37.963+0000] {logging_mixin.py:188} INFO - [2024-12-23T20:07:37.962+0000] {dag.py:3096} INFO - Sync 1 DAGs
[2024-12-23T20:07:37.976+0000] {logging_mixin.py:188} INFO - [2024-12-23T20:07:37.976+0000] {dag.py:3954} INFO - Setting next_dagrun for streaming_pipeline to None, run_after=None
[2024-12-23T20:07:38.002+0000] {processor.py:183} INFO - Processing /opt/airflow/dags/pipeline_stream.py took 1.371 seconds
[2024-12-23T20:08:08.320+0000] {processor.py:161} INFO - Started process (PID=1317) to work on /opt/airflow/dags/pipeline_stream.py
[2024-12-23T20:08:08.322+0000] {processor.py:830} INFO - Processing file /opt/airflow/dags/pipeline_stream.py for tasks to queue
[2024-12-23T20:08:08.325+0000] {logging_mixin.py:188} INFO - [2024-12-23T20:08:08.324+0000] {dagbag.py:545} INFO - Filling up the DagBag from /opt/airflow/dags/pipeline_stream.py
[2024-12-23T20:08:09.629+0000] {processor.py:840} INFO - DAG(s) 'streaming_pipeline' retrieved from /opt/airflow/dags/pipeline_stream.py
[2024-12-23T20:08:09.668+0000] {logging_mixin.py:188} INFO - [2024-12-23T20:08:09.667+0000] {dag.py:3096} INFO - Sync 1 DAGs
[2024-12-23T20:08:09.685+0000] {logging_mixin.py:188} INFO - [2024-12-23T20:08:09.685+0000] {dag.py:3954} INFO - Setting next_dagrun for streaming_pipeline to None, run_after=None
[2024-12-23T20:08:09.723+0000] {processor.py:183} INFO - Processing /opt/airflow/dags/pipeline_stream.py took 1.420 seconds
[2024-12-23T20:08:40.068+0000] {processor.py:161} INFO - Started process (PID=1448) to work on /opt/airflow/dags/pipeline_stream.py
[2024-12-23T20:08:40.070+0000] {processor.py:830} INFO - Processing file /opt/airflow/dags/pipeline_stream.py for tasks to queue
[2024-12-23T20:08:40.073+0000] {logging_mixin.py:188} INFO - [2024-12-23T20:08:40.072+0000] {dagbag.py:545} INFO - Filling up the DagBag from /opt/airflow/dags/pipeline_stream.py
[2024-12-23T20:08:42.187+0000] {processor.py:840} INFO - DAG(s) 'streaming_pipeline' retrieved from /opt/airflow/dags/pipeline_stream.py
[2024-12-23T20:08:42.234+0000] {logging_mixin.py:188} INFO - [2024-12-23T20:08:42.234+0000] {dag.py:3096} INFO - Sync 1 DAGs
[2024-12-23T20:08:42.246+0000] {logging_mixin.py:188} INFO - [2024-12-23T20:08:42.246+0000] {dag.py:3954} INFO - Setting next_dagrun for streaming_pipeline to None, run_after=None
[2024-12-23T20:08:42.272+0000] {processor.py:183} INFO - Processing /opt/airflow/dags/pipeline_stream.py took 2.214 seconds
[2024-12-23T20:09:12.533+0000] {processor.py:161} INFO - Started process (PID=1580) to work on /opt/airflow/dags/pipeline_stream.py
[2024-12-23T20:09:12.534+0000] {processor.py:830} INFO - Processing file /opt/airflow/dags/pipeline_stream.py for tasks to queue
[2024-12-23T20:09:12.536+0000] {logging_mixin.py:188} INFO - [2024-12-23T20:09:12.535+0000] {dagbag.py:545} INFO - Filling up the DagBag from /opt/airflow/dags/pipeline_stream.py
[2024-12-23T20:09:14.397+0000] {processor.py:840} INFO - DAG(s) 'streaming_pipeline' retrieved from /opt/airflow/dags/pipeline_stream.py
[2024-12-23T20:09:14.437+0000] {logging_mixin.py:188} INFO - [2024-12-23T20:09:14.436+0000] {dag.py:3096} INFO - Sync 1 DAGs
[2024-12-23T20:09:14.454+0000] {logging_mixin.py:188} INFO - [2024-12-23T20:09:14.454+0000] {dag.py:3954} INFO - Setting next_dagrun for streaming_pipeline to None, run_after=None
[2024-12-23T20:09:14.480+0000] {processor.py:183} INFO - Processing /opt/airflow/dags/pipeline_stream.py took 1.960 seconds
[2024-12-23T20:09:45.098+0000] {processor.py:161} INFO - Started process (PID=1709) to work on /opt/airflow/dags/pipeline_stream.py
[2024-12-23T20:09:45.100+0000] {processor.py:830} INFO - Processing file /opt/airflow/dags/pipeline_stream.py for tasks to queue
[2024-12-23T20:09:45.103+0000] {logging_mixin.py:188} INFO - [2024-12-23T20:09:45.102+0000] {dagbag.py:545} INFO - Filling up the DagBag from /opt/airflow/dags/pipeline_stream.py
[2024-12-23T20:09:47.062+0000] {processor.py:840} INFO - DAG(s) 'streaming_pipeline' retrieved from /opt/airflow/dags/pipeline_stream.py
[2024-12-23T20:09:47.126+0000] {logging_mixin.py:188} INFO - [2024-12-23T20:09:47.125+0000] {dag.py:3096} INFO - Sync 1 DAGs
[2024-12-23T20:09:47.145+0000] {logging_mixin.py:188} INFO - [2024-12-23T20:09:47.145+0000] {dag.py:3954} INFO - Setting next_dagrun for streaming_pipeline to None, run_after=None
[2024-12-23T20:09:47.180+0000] {processor.py:183} INFO - Processing /opt/airflow/dags/pipeline_stream.py took 2.088 seconds
[2024-12-23T20:10:17.325+0000] {processor.py:161} INFO - Started process (PID=1841) to work on /opt/airflow/dags/pipeline_stream.py
[2024-12-23T20:10:17.326+0000] {processor.py:830} INFO - Processing file /opt/airflow/dags/pipeline_stream.py for tasks to queue
[2024-12-23T20:10:17.328+0000] {logging_mixin.py:188} INFO - [2024-12-23T20:10:17.328+0000] {dagbag.py:545} INFO - Filling up the DagBag from /opt/airflow/dags/pipeline_stream.py
[2024-12-23T20:10:19.187+0000] {processor.py:840} INFO - DAG(s) 'streaming_pipeline' retrieved from /opt/airflow/dags/pipeline_stream.py
[2024-12-23T20:10:19.218+0000] {logging_mixin.py:188} INFO - [2024-12-23T20:10:19.217+0000] {dag.py:3096} INFO - Sync 1 DAGs
[2024-12-23T20:10:19.231+0000] {logging_mixin.py:188} INFO - [2024-12-23T20:10:19.230+0000] {dag.py:3954} INFO - Setting next_dagrun for streaming_pipeline to None, run_after=None
[2024-12-23T20:10:19.257+0000] {processor.py:183} INFO - Processing /opt/airflow/dags/pipeline_stream.py took 1.939 seconds
[2024-12-23T20:10:49.552+0000] {processor.py:161} INFO - Started process (PID=1969) to work on /opt/airflow/dags/pipeline_stream.py
[2024-12-23T20:10:49.554+0000] {processor.py:830} INFO - Processing file /opt/airflow/dags/pipeline_stream.py for tasks to queue
[2024-12-23T20:10:49.556+0000] {logging_mixin.py:188} INFO - [2024-12-23T20:10:49.555+0000] {dagbag.py:545} INFO - Filling up the DagBag from /opt/airflow/dags/pipeline_stream.py
[2024-12-23T20:10:52.091+0000] {processor.py:840} INFO - DAG(s) 'streaming_pipeline' retrieved from /opt/airflow/dags/pipeline_stream.py
[2024-12-23T20:10:52.187+0000] {logging_mixin.py:188} INFO - [2024-12-23T20:10:52.187+0000] {dag.py:3096} INFO - Sync 1 DAGs
[2024-12-23T20:10:52.204+0000] {logging_mixin.py:188} INFO - [2024-12-23T20:10:52.204+0000] {dag.py:3954} INFO - Setting next_dagrun for streaming_pipeline to None, run_after=None
[2024-12-23T20:10:52.240+0000] {processor.py:183} INFO - Processing /opt/airflow/dags/pipeline_stream.py took 2.693 seconds
[2024-12-23T20:11:22.513+0000] {processor.py:161} INFO - Started process (PID=2105) to work on /opt/airflow/dags/pipeline_stream.py
[2024-12-23T20:11:22.516+0000] {processor.py:830} INFO - Processing file /opt/airflow/dags/pipeline_stream.py for tasks to queue
[2024-12-23T20:11:22.518+0000] {logging_mixin.py:188} INFO - [2024-12-23T20:11:22.518+0000] {dagbag.py:545} INFO - Filling up the DagBag from /opt/airflow/dags/pipeline_stream.py
[2024-12-23T20:11:24.653+0000] {processor.py:840} INFO - DAG(s) 'streaming_pipeline' retrieved from /opt/airflow/dags/pipeline_stream.py
[2024-12-23T20:11:24.699+0000] {logging_mixin.py:188} INFO - [2024-12-23T20:11:24.698+0000] {dag.py:3096} INFO - Sync 1 DAGs
[2024-12-23T20:11:24.712+0000] {logging_mixin.py:188} INFO - [2024-12-23T20:11:24.712+0000] {dag.py:3954} INFO - Setting next_dagrun for streaming_pipeline to None, run_after=None
[2024-12-23T20:11:24.738+0000] {processor.py:183} INFO - Processing /opt/airflow/dags/pipeline_stream.py took 2.236 seconds
[2024-12-23T20:11:55.013+0000] {processor.py:161} INFO - Started process (PID=2235) to work on /opt/airflow/dags/pipeline_stream.py
[2024-12-23T20:11:55.015+0000] {processor.py:830} INFO - Processing file /opt/airflow/dags/pipeline_stream.py for tasks to queue
[2024-12-23T20:11:55.018+0000] {logging_mixin.py:188} INFO - [2024-12-23T20:11:55.017+0000] {dagbag.py:545} INFO - Filling up the DagBag from /opt/airflow/dags/pipeline_stream.py
[2024-12-23T20:11:57.066+0000] {processor.py:840} INFO - DAG(s) 'streaming_pipeline' retrieved from /opt/airflow/dags/pipeline_stream.py
[2024-12-23T20:11:57.118+0000] {logging_mixin.py:188} INFO - [2024-12-23T20:11:57.117+0000] {dag.py:3096} INFO - Sync 1 DAGs
[2024-12-23T20:11:57.135+0000] {logging_mixin.py:188} INFO - [2024-12-23T20:11:57.134+0000] {dag.py:3954} INFO - Setting next_dagrun for streaming_pipeline to None, run_after=None
[2024-12-23T20:11:57.180+0000] {processor.py:183} INFO - Processing /opt/airflow/dags/pipeline_stream.py took 2.173 seconds
[2024-12-23T20:12:27.432+0000] {processor.py:161} INFO - Started process (PID=2367) to work on /opt/airflow/dags/pipeline_stream.py
[2024-12-23T20:12:27.433+0000] {processor.py:830} INFO - Processing file /opt/airflow/dags/pipeline_stream.py for tasks to queue
[2024-12-23T20:12:27.435+0000] {logging_mixin.py:188} INFO - [2024-12-23T20:12:27.435+0000] {dagbag.py:545} INFO - Filling up the DagBag from /opt/airflow/dags/pipeline_stream.py
[2024-12-23T20:12:29.615+0000] {processor.py:840} INFO - DAG(s) 'streaming_pipeline' retrieved from /opt/airflow/dags/pipeline_stream.py
[2024-12-23T20:12:29.694+0000] {logging_mixin.py:188} INFO - [2024-12-23T20:12:29.693+0000] {dag.py:3096} INFO - Sync 1 DAGs
[2024-12-23T20:12:29.707+0000] {logging_mixin.py:188} INFO - [2024-12-23T20:12:29.707+0000] {dag.py:3954} INFO - Setting next_dagrun for streaming_pipeline to None, run_after=None
[2024-12-23T20:12:29.734+0000] {processor.py:183} INFO - Processing /opt/airflow/dags/pipeline_stream.py took 2.309 seconds
[2024-12-23T20:12:59.987+0000] {processor.py:161} INFO - Started process (PID=2500) to work on /opt/airflow/dags/pipeline_stream.py
[2024-12-23T20:12:59.989+0000] {processor.py:830} INFO - Processing file /opt/airflow/dags/pipeline_stream.py for tasks to queue
[2024-12-23T20:12:59.992+0000] {logging_mixin.py:188} INFO - [2024-12-23T20:12:59.991+0000] {dagbag.py:545} INFO - Filling up the DagBag from /opt/airflow/dags/pipeline_stream.py
[2024-12-23T20:13:02.220+0000] {processor.py:840} INFO - DAG(s) 'streaming_pipeline' retrieved from /opt/airflow/dags/pipeline_stream.py
[2024-12-23T20:13:02.262+0000] {logging_mixin.py:188} INFO - [2024-12-23T20:13:02.262+0000] {dag.py:3096} INFO - Sync 1 DAGs
[2024-12-23T20:13:02.273+0000] {logging_mixin.py:188} INFO - [2024-12-23T20:13:02.273+0000] {dag.py:3954} INFO - Setting next_dagrun for streaming_pipeline to None, run_after=None
[2024-12-23T20:13:02.300+0000] {processor.py:183} INFO - Processing /opt/airflow/dags/pipeline_stream.py took 2.320 seconds
[2024-12-23T20:13:32.558+0000] {processor.py:161} INFO - Started process (PID=2632) to work on /opt/airflow/dags/pipeline_stream.py
[2024-12-23T20:13:32.559+0000] {processor.py:830} INFO - Processing file /opt/airflow/dags/pipeline_stream.py for tasks to queue
[2024-12-23T20:13:32.562+0000] {logging_mixin.py:188} INFO - [2024-12-23T20:13:32.561+0000] {dagbag.py:545} INFO - Filling up the DagBag from /opt/airflow/dags/pipeline_stream.py
[2024-12-23T20:13:34.777+0000] {processor.py:840} INFO - DAG(s) 'streaming_pipeline' retrieved from /opt/airflow/dags/pipeline_stream.py
[2024-12-23T20:13:34.871+0000] {logging_mixin.py:188} INFO - [2024-12-23T20:13:34.870+0000] {dag.py:3096} INFO - Sync 1 DAGs
[2024-12-23T20:13:34.888+0000] {logging_mixin.py:188} INFO - [2024-12-23T20:13:34.888+0000] {dag.py:3954} INFO - Setting next_dagrun for streaming_pipeline to None, run_after=None
[2024-12-23T20:13:34.917+0000] {processor.py:183} INFO - Processing /opt/airflow/dags/pipeline_stream.py took 2.365 seconds
[2024-12-23T20:14:05.170+0000] {processor.py:161} INFO - Started process (PID=2758) to work on /opt/airflow/dags/pipeline_stream.py
[2024-12-23T20:14:05.172+0000] {processor.py:830} INFO - Processing file /opt/airflow/dags/pipeline_stream.py for tasks to queue
[2024-12-23T20:14:05.174+0000] {logging_mixin.py:188} INFO - [2024-12-23T20:14:05.174+0000] {dagbag.py:545} INFO - Filling up the DagBag from /opt/airflow/dags/pipeline_stream.py
[2024-12-23T20:14:07.437+0000] {processor.py:840} INFO - DAG(s) 'streaming_pipeline' retrieved from /opt/airflow/dags/pipeline_stream.py
[2024-12-23T20:14:07.483+0000] {logging_mixin.py:188} INFO - [2024-12-23T20:14:07.482+0000] {dag.py:3096} INFO - Sync 1 DAGs
[2024-12-23T20:14:07.494+0000] {logging_mixin.py:188} INFO - [2024-12-23T20:14:07.494+0000] {dag.py:3954} INFO - Setting next_dagrun for streaming_pipeline to None, run_after=None
[2024-12-23T20:14:07.521+0000] {processor.py:183} INFO - Processing /opt/airflow/dags/pipeline_stream.py took 2.359 seconds
[2024-12-23T20:14:38.346+0000] {processor.py:161} INFO - Started process (PID=2885) to work on /opt/airflow/dags/pipeline_stream.py
[2024-12-23T20:14:38.348+0000] {processor.py:830} INFO - Processing file /opt/airflow/dags/pipeline_stream.py for tasks to queue
[2024-12-23T20:14:38.350+0000] {logging_mixin.py:188} INFO - [2024-12-23T20:14:38.350+0000] {dagbag.py:545} INFO - Filling up the DagBag from /opt/airflow/dags/pipeline_stream.py
[2024-12-23T20:14:40.998+0000] {processor.py:840} INFO - DAG(s) 'streaming_pipeline' retrieved from /opt/airflow/dags/pipeline_stream.py
[2024-12-23T20:14:41.166+0000] {logging_mixin.py:188} INFO - [2024-12-23T20:14:41.165+0000] {dag.py:3096} INFO - Sync 1 DAGs
[2024-12-23T20:14:41.184+0000] {logging_mixin.py:188} INFO - [2024-12-23T20:14:41.183+0000] {dag.py:3954} INFO - Setting next_dagrun for streaming_pipeline to None, run_after=None
[2024-12-23T20:14:41.211+0000] {processor.py:183} INFO - Processing /opt/airflow/dags/pipeline_stream.py took 2.875 seconds
[2024-12-23T20:15:11.500+0000] {processor.py:161} INFO - Started process (PID=3017) to work on /opt/airflow/dags/pipeline_stream.py
[2024-12-23T20:15:11.502+0000] {processor.py:830} INFO - Processing file /opt/airflow/dags/pipeline_stream.py for tasks to queue
[2024-12-23T20:15:11.504+0000] {logging_mixin.py:188} INFO - [2024-12-23T20:15:11.503+0000] {dagbag.py:545} INFO - Filling up the DagBag from /opt/airflow/dags/pipeline_stream.py
[2024-12-23T20:15:13.818+0000] {processor.py:840} INFO - DAG(s) 'streaming_pipeline' retrieved from /opt/airflow/dags/pipeline_stream.py
[2024-12-23T20:15:13.923+0000] {logging_mixin.py:188} INFO - [2024-12-23T20:15:13.923+0000] {dag.py:3096} INFO - Sync 1 DAGs
[2024-12-23T20:15:13.936+0000] {logging_mixin.py:188} INFO - [2024-12-23T20:15:13.936+0000] {dag.py:3954} INFO - Setting next_dagrun for streaming_pipeline to None, run_after=None
[2024-12-23T20:15:13.967+0000] {processor.py:183} INFO - Processing /opt/airflow/dags/pipeline_stream.py took 2.475 seconds
[2024-12-23T20:15:44.366+0000] {processor.py:161} INFO - Started process (PID=3137) to work on /opt/airflow/dags/pipeline_stream.py
[2024-12-23T20:15:44.368+0000] {processor.py:830} INFO - Processing file /opt/airflow/dags/pipeline_stream.py for tasks to queue
[2024-12-23T20:15:44.370+0000] {logging_mixin.py:188} INFO - [2024-12-23T20:15:44.369+0000] {dagbag.py:545} INFO - Filling up the DagBag from /opt/airflow/dags/pipeline_stream.py
[2024-12-23T20:15:52.635+0000] {processor.py:840} INFO - DAG(s) 'streaming_pipeline' retrieved from /opt/airflow/dags/pipeline_stream.py
[2024-12-23T20:15:52.676+0000] {logging_mixin.py:188} INFO - [2024-12-23T20:15:52.675+0000] {dag.py:3096} INFO - Sync 1 DAGs
[2024-12-23T20:15:52.688+0000] {logging_mixin.py:188} INFO - [2024-12-23T20:15:52.688+0000] {dag.py:3954} INFO - Setting next_dagrun for streaming_pipeline to None, run_after=None
[2024-12-23T20:15:52.710+0000] {processor.py:183} INFO - Processing /opt/airflow/dags/pipeline_stream.py took 8.375 seconds
[2024-12-23T20:16:22.876+0000] {processor.py:161} INFO - Started process (PID=3149) to work on /opt/airflow/dags/pipeline_stream.py
[2024-12-23T20:16:22.877+0000] {processor.py:830} INFO - Processing file /opt/airflow/dags/pipeline_stream.py for tasks to queue
[2024-12-23T20:16:22.879+0000] {logging_mixin.py:188} INFO - [2024-12-23T20:16:22.879+0000] {dagbag.py:545} INFO - Filling up the DagBag from /opt/airflow/dags/pipeline_stream.py
[2024-12-23T20:16:24.287+0000] {processor.py:840} INFO - DAG(s) 'streaming_pipeline' retrieved from /opt/airflow/dags/pipeline_stream.py
[2024-12-23T20:16:24.314+0000] {logging_mixin.py:188} INFO - [2024-12-23T20:16:24.313+0000] {dag.py:3096} INFO - Sync 1 DAGs
[2024-12-23T20:16:24.326+0000] {logging_mixin.py:188} INFO - [2024-12-23T20:16:24.326+0000] {dag.py:3954} INFO - Setting next_dagrun for streaming_pipeline to None, run_after=None
[2024-12-23T20:16:24.354+0000] {processor.py:183} INFO - Processing /opt/airflow/dags/pipeline_stream.py took 1.483 seconds
[2024-12-23T20:16:54.589+0000] {processor.py:161} INFO - Started process (PID=3161) to work on /opt/airflow/dags/pipeline_stream.py
[2024-12-23T20:16:54.590+0000] {processor.py:830} INFO - Processing file /opt/airflow/dags/pipeline_stream.py for tasks to queue
[2024-12-23T20:16:54.593+0000] {logging_mixin.py:188} INFO - [2024-12-23T20:16:54.592+0000] {dagbag.py:545} INFO - Filling up the DagBag from /opt/airflow/dags/pipeline_stream.py
[2024-12-23T20:16:55.668+0000] {processor.py:840} INFO - DAG(s) 'streaming_pipeline' retrieved from /opt/airflow/dags/pipeline_stream.py
[2024-12-23T20:16:55.696+0000] {logging_mixin.py:188} INFO - [2024-12-23T20:16:55.695+0000] {dag.py:3096} INFO - Sync 1 DAGs
[2024-12-23T20:16:55.708+0000] {logging_mixin.py:188} INFO - [2024-12-23T20:16:55.708+0000] {dag.py:3954} INFO - Setting next_dagrun for streaming_pipeline to None, run_after=None
[2024-12-23T20:16:55.734+0000] {processor.py:183} INFO - Processing /opt/airflow/dags/pipeline_stream.py took 1.150 seconds
[2024-12-23T20:17:25.806+0000] {processor.py:161} INFO - Started process (PID=3173) to work on /opt/airflow/dags/pipeline_stream.py
[2024-12-23T20:17:25.807+0000] {processor.py:830} INFO - Processing file /opt/airflow/dags/pipeline_stream.py for tasks to queue
[2024-12-23T20:17:25.810+0000] {logging_mixin.py:188} INFO - [2024-12-23T20:17:25.809+0000] {dagbag.py:545} INFO - Filling up the DagBag from /opt/airflow/dags/pipeline_stream.py
[2024-12-23T20:17:26.763+0000] {processor.py:840} INFO - DAG(s) 'streaming_pipeline' retrieved from /opt/airflow/dags/pipeline_stream.py
[2024-12-23T20:17:26.792+0000] {logging_mixin.py:188} INFO - [2024-12-23T20:17:26.791+0000] {dag.py:3096} INFO - Sync 1 DAGs
[2024-12-23T20:17:26.802+0000] {logging_mixin.py:188} INFO - [2024-12-23T20:17:26.802+0000] {dag.py:3954} INFO - Setting next_dagrun for streaming_pipeline to None, run_after=None
[2024-12-23T20:17:26.828+0000] {processor.py:183} INFO - Processing /opt/airflow/dags/pipeline_stream.py took 1.027 seconds
