[2024-12-24T18:37:55.003+0000] {local_task_job_runner.py:120} INFO - ::group::Pre task execution logs
[2024-12-24T18:37:55.063+0000] {taskinstance.py:2076} INFO - Dependencies all met for dep_context=non-requeueable deps ti=<TaskInstance: pipeline_batch_visualize.transform_save_to_bigquery manual__2024-12-24T18:37:16.745753+00:00 [queued]>
[2024-12-24T18:37:55.080+0000] {taskinstance.py:2076} INFO - Dependencies all met for dep_context=requeueable deps ti=<TaskInstance: pipeline_batch_visualize.transform_save_to_bigquery manual__2024-12-24T18:37:16.745753+00:00 [queued]>
[2024-12-24T18:37:55.081+0000] {taskinstance.py:2306} INFO - Starting attempt 1 of 1
[2024-12-24T18:37:55.105+0000] {taskinstance.py:2330} INFO - Executing <Task(PythonOperator): transform_save_to_bigquery> on 2024-12-24 18:37:16.745753+00:00
[2024-12-24T18:37:55.111+0000] {standard_task_runner.py:63} INFO - Started process 7841 to run task
[2024-12-24T18:37:55.114+0000] {standard_task_runner.py:90} INFO - Running: ['***', 'tasks', 'run', 'pipeline_batch_visualize', 'transform_save_to_bigquery', 'manual__2024-12-24T18:37:16.745753+00:00', '--job-id', '337', '--raw', '--subdir', 'DAGS_FOLDER/pipeline_batch_visualize.py', '--cfg-path', '/tmp/tmpwfj8_hfw']
[2024-12-24T18:37:55.116+0000] {standard_task_runner.py:91} INFO - Job 337: Subtask transform_save_to_bigquery
[2024-12-24T18:37:55.166+0000] {task_command.py:426} INFO - Running <TaskInstance: pipeline_batch_visualize.transform_save_to_bigquery manual__2024-12-24T18:37:16.745753+00:00 [running]> on host 0b4a5bf62610
[2024-12-24T18:37:55.259+0000] {taskinstance.py:2648} INFO - Exporting env vars: AIRFLOW_CTX_DAG_OWNER='***' AIRFLOW_CTX_DAG_ID='pipeline_batch_visualize' AIRFLOW_CTX_TASK_ID='transform_save_to_bigquery' AIRFLOW_CTX_EXECUTION_DATE='2024-12-24T18:37:16.745753+00:00' AIRFLOW_CTX_TRY_NUMBER='1' AIRFLOW_CTX_DAG_RUN_ID='manual__2024-12-24T18:37:16.745753+00:00'
[2024-12-24T18:37:55.260+0000] {taskinstance.py:430} INFO - ::endgroup::
[2024-12-24T18:38:05.529+0000] {upload_to_bigquery.py:157} INFO - Spark session successfully created!
[2024-12-24T18:38:05.537+0000] {upload_to_bigquery.py:211} INFO - Google BigQuery configuration is created successfully
[2024-12-24T18:38:05.545+0000] {upload_to_bigquery.py:188} INFO - MinIO configuration is created successfully
[2024-12-24T18:38:13.969+0000] {load_and_transform.py:385} INFO - Done load taxi lookup
[2024-12-24T18:38:16.438+0000] {logging_mixin.py:188} INFO - Bảng 'YELLOW_DAILY_MONTH_TABLE_2024_01' không tồn tại. Đang tạo bảng mới...
[2024-12-24T18:38:16.831+0000] {logging_mixin.py:188} INFO - Đã tạo bảng 'YELLOW_DAILY_MONTH_TABLE_2024_01' thành công trong dataset 'data_warehouse'.
[2024-12-24T18:38:52.188+0000] {logging_mixin.py:188} INFO - Đã ghi dữ liệu thành công vào YELLOW_DAILY_MONTH_TABLE_2024_01
[2024-12-24T18:38:52.189+0000] {load_and_transform.py:394} INFO - Done yellow daily table
[2024-12-24T18:38:53.500+0000] {logging_mixin.py:188} INFO - Bảng 'YELLOW_DAILY_TABLE_2024_01_01' không tồn tại. Đang tạo bảng mới...
[2024-12-24T18:38:53.909+0000] {logging_mixin.py:188} INFO - Đã tạo bảng 'YELLOW_DAILY_TABLE_2024_01_01' thành công trong dataset 'data_warehouse'.
[2024-12-24T18:39:19.524+0000] {logging_mixin.py:188} INFO - Đã ghi dữ liệu thành công vào YELLOW_DAILY_TABLE_2024_01_01
[2024-12-24T18:39:19.525+0000] {load_and_transform.py:404} INFO - Done yellow daily table 2
[2024-12-24T18:39:21.049+0000] {logging_mixin.py:188} INFO - Bảng 'GREEN_DAILY_MONTH_TABLE_2024_01' không tồn tại. Đang tạo bảng mới...
[2024-12-24T18:39:21.457+0000] {logging_mixin.py:188} INFO - Đã tạo bảng 'GREEN_DAILY_MONTH_TABLE_2024_01' thành công trong dataset 'data_warehouse'.
[2024-12-24T18:39:47.859+0000] {logging_mixin.py:188} INFO - Đã ghi dữ liệu thành công vào GREEN_DAILY_MONTH_TABLE_2024_01
[2024-12-24T18:39:47.860+0000] {load_and_transform.py:414} INFO - Done green daily table
[2024-12-24T18:39:48.867+0000] {logging_mixin.py:188} INFO - Bảng 'GREEN_DAILY_TABLE_2024_01_01' không tồn tại. Đang tạo bảng mới...
[2024-12-24T18:39:49.271+0000] {logging_mixin.py:188} INFO - Đã tạo bảng 'GREEN_DAILY_TABLE_2024_01_01' thành công trong dataset 'data_warehouse'.
[2024-12-24T18:40:15.364+0000] {logging_mixin.py:188} INFO - Đã ghi dữ liệu thành công vào GREEN_DAILY_TABLE_2024_01_01
[2024-12-24T18:40:15.365+0000] {load_and_transform.py:424} INFO - Done green daily table 2
[2024-12-24T18:40:15.366+0000] {logging_mixin.py:188} INFO - Quá trình xử lý hoàn tất!
[2024-12-24T18:40:15.366+0000] {python.py:237} INFO - Done. Returned value was: None
[2024-12-24T18:40:15.368+0000] {taskinstance.py:441} INFO - ::group::Post task execution logs
[2024-12-24T18:40:15.386+0000] {taskinstance.py:1206} INFO - Marking task as SUCCESS. dag_id=pipeline_batch_visualize, task_id=transform_save_to_bigquery, run_id=manual__2024-12-24T18:37:16.745753+00:00, execution_date=20241224T183716, start_date=20241224T183755, end_date=20241224T184015
[2024-12-24T18:40:15.421+0000] {local_task_job_runner.py:240} INFO - Task exited with return code 0
[2024-12-24T18:40:15.445+0000] {taskinstance.py:3503} INFO - 0 downstream tasks scheduled from follow-on schedule check
[2024-12-24T18:40:15.449+0000] {local_task_job_runner.py:222} INFO - ::endgroup::
