[2024-12-24T18:19:48.735+0000] {local_task_job_runner.py:120} INFO - ::group::Pre task execution logs
[2024-12-24T18:19:48.767+0000] {taskinstance.py:2076} INFO - Dependencies all met for dep_context=non-requeueable deps ti=<TaskInstance: pipeline_batch_visualize.transform_save_to_bigquery manual__2024-12-24T18:19:12.575288+00:00 [queued]>
[2024-12-24T18:19:48.778+0000] {taskinstance.py:2076} INFO - Dependencies all met for dep_context=requeueable deps ti=<TaskInstance: pipeline_batch_visualize.transform_save_to_bigquery manual__2024-12-24T18:19:12.575288+00:00 [queued]>
[2024-12-24T18:19:48.779+0000] {taskinstance.py:2306} INFO - Starting attempt 1 of 1
[2024-12-24T18:19:48.796+0000] {taskinstance.py:2330} INFO - Executing <Task(PythonOperator): transform_save_to_bigquery> on 2024-12-24 18:19:12.575288+00:00
[2024-12-24T18:19:48.802+0000] {standard_task_runner.py:63} INFO - Started process 4699 to run task
[2024-12-24T18:19:48.804+0000] {standard_task_runner.py:90} INFO - Running: ['***', 'tasks', 'run', 'pipeline_batch_visualize', 'transform_save_to_bigquery', 'manual__2024-12-24T18:19:12.575288+00:00', '--job-id', '331', '--raw', '--subdir', 'DAGS_FOLDER/pipeline_batch_visualize.py', '--cfg-path', '/tmp/tmpk84sddsf']
[2024-12-24T18:19:48.806+0000] {standard_task_runner.py:91} INFO - Job 331: Subtask transform_save_to_bigquery
[2024-12-24T18:19:48.858+0000] {task_command.py:426} INFO - Running <TaskInstance: pipeline_batch_visualize.transform_save_to_bigquery manual__2024-12-24T18:19:12.575288+00:00 [running]> on host 0b4a5bf62610
[2024-12-24T18:19:48.960+0000] {taskinstance.py:2648} INFO - Exporting env vars: AIRFLOW_CTX_DAG_OWNER='***' AIRFLOW_CTX_DAG_ID='pipeline_batch_visualize' AIRFLOW_CTX_TASK_ID='transform_save_to_bigquery' AIRFLOW_CTX_EXECUTION_DATE='2024-12-24T18:19:12.575288+00:00' AIRFLOW_CTX_TRY_NUMBER='1' AIRFLOW_CTX_DAG_RUN_ID='manual__2024-12-24T18:19:12.575288+00:00'
[2024-12-24T18:19:48.962+0000] {taskinstance.py:430} INFO - ::endgroup::
[2024-12-24T18:19:59.122+0000] {upload_to_bigquery.py:157} INFO - Spark session successfully created!
[2024-12-24T18:19:59.130+0000] {upload_to_bigquery.py:211} INFO - Google BigQuery configuration is created successfully
[2024-12-24T18:19:59.139+0000] {upload_to_bigquery.py:188} INFO - MinIO configuration is created successfully
[2024-12-24T18:20:08.727+0000] {load_and_transform.py:385} INFO - Done load taxi lookup
[2024-12-24T18:20:11.102+0000] {logging_mixin.py:188} INFO - Bảng 'YELLOW_DAILY_TABLE_2024_01_01' không tồn tại. Đang tạo bảng mới...
[2024-12-24T18:20:11.570+0000] {logging_mixin.py:188} INFO - Đã tạo bảng 'YELLOW_DAILY_TABLE_2024_01_01' thành công trong dataset 'data_warehouse'.
[2024-12-24T18:20:45.613+0000] {logging_mixin.py:188} INFO - Đã ghi dữ liệu thành công vào YELLOW_DAILY_TABLE_2024_01_01
[2024-12-24T18:20:45.614+0000] {load_and_transform.py:394} INFO - Done yellow daily table
[2024-12-24T18:20:46.747+0000] {logging_mixin.py:188} INFO - Bảng 'YELLOW_DAILY_TABLE_2_2024_01_01' không tồn tại. Đang tạo bảng mới...
[2024-12-24T18:20:47.155+0000] {logging_mixin.py:188} INFO - Đã tạo bảng 'YELLOW_DAILY_TABLE_2_2024_01_01' thành công trong dataset 'data_warehouse'.
[2024-12-24T18:21:13.421+0000] {logging_mixin.py:188} INFO - Đã ghi dữ liệu thành công vào YELLOW_DAILY_TABLE_2_2024_01_01
[2024-12-24T18:21:13.422+0000] {load_and_transform.py:404} INFO - Done yellow daily table 2
[2024-12-24T18:21:15.026+0000] {logging_mixin.py:188} INFO - Bảng 'GREEN_DAILY_TABLE_2024_01_01' không tồn tại. Đang tạo bảng mới...
[2024-12-24T18:21:15.449+0000] {logging_mixin.py:188} INFO - Đã tạo bảng 'GREEN_DAILY_TABLE_2024_01_01' thành công trong dataset 'data_warehouse'.
[2024-12-24T18:21:40.976+0000] {logging_mixin.py:188} INFO - Đã ghi dữ liệu thành công vào GREEN_DAILY_TABLE_2024_01_01
[2024-12-24T18:21:40.977+0000] {load_and_transform.py:414} INFO - Done green daily table
[2024-12-24T18:21:42.300+0000] {logging_mixin.py:188} INFO - Bảng 'GREEN_DAILY_TABLE_2_2024_01_01' không tồn tại. Đang tạo bảng mới...
[2024-12-24T18:21:42.711+0000] {logging_mixin.py:188} INFO - Đã tạo bảng 'GREEN_DAILY_TABLE_2_2024_01_01' thành công trong dataset 'data_warehouse'.
[2024-12-24T18:22:09.620+0000] {logging_mixin.py:188} INFO - Đã ghi dữ liệu thành công vào GREEN_DAILY_TABLE_2_2024_01_01
[2024-12-24T18:22:09.621+0000] {load_and_transform.py:424} INFO - Done green daily table 2
[2024-12-24T18:22:09.622+0000] {logging_mixin.py:188} INFO - Quá trình xử lý hoàn tất!
[2024-12-24T18:22:09.623+0000] {python.py:237} INFO - Done. Returned value was: None
[2024-12-24T18:22:09.624+0000] {taskinstance.py:441} INFO - ::group::Post task execution logs
[2024-12-24T18:22:09.644+0000] {taskinstance.py:1206} INFO - Marking task as SUCCESS. dag_id=pipeline_batch_visualize, task_id=transform_save_to_bigquery, run_id=manual__2024-12-24T18:19:12.575288+00:00, execution_date=20241224T181912, start_date=20241224T181948, end_date=20241224T182209
[2024-12-24T18:22:09.680+0000] {local_task_job_runner.py:240} INFO - Task exited with return code 0
[2024-12-24T18:22:09.730+0000] {taskinstance.py:3503} INFO - 0 downstream tasks scheduled from follow-on schedule check
[2024-12-24T18:22:09.733+0000] {local_task_job_runner.py:222} INFO - ::endgroup::
