[2024-12-23T08:55:02.467+0000] {local_task_job_runner.py:120} INFO - ::group::Pre task execution logs
[2024-12-23T08:55:02.501+0000] {taskinstance.py:2076} INFO - Dependencies all met for dep_context=non-requeueable deps ti=<TaskInstance: streaming_pipeline.cdc_spark_streaming_to_datalake manual__2024-12-23T08:54:58.375908+00:00 [queued]>
[2024-12-23T08:55:02.510+0000] {taskinstance.py:2076} INFO - Dependencies all met for dep_context=requeueable deps ti=<TaskInstance: streaming_pipeline.cdc_spark_streaming_to_datalake manual__2024-12-23T08:54:58.375908+00:00 [queued]>
[2024-12-23T08:55:02.511+0000] {taskinstance.py:2306} INFO - Starting attempt 1 of 1
[2024-12-23T08:55:02.525+0000] {taskinstance.py:2330} INFO - Executing <Task(PythonOperator): cdc_spark_streaming_to_datalake> on 2024-12-23 08:54:58.375908+00:00
[2024-12-23T08:55:02.533+0000] {standard_task_runner.py:63} INFO - Started process 1510 to run task
[2024-12-23T08:55:02.536+0000] {standard_task_runner.py:90} INFO - Running: ['***', 'tasks', 'run', 'streaming_pipeline', 'cdc_spark_streaming_to_datalake', 'manual__2024-12-23T08:54:58.375908+00:00', '--job-id', '66', '--raw', '--subdir', 'DAGS_FOLDER/pipline_stream.py', '--cfg-path', '/tmp/tmpm6_ra3jk']
[2024-12-23T08:55:02.538+0000] {standard_task_runner.py:91} INFO - Job 66: Subtask cdc_spark_streaming_to_datalake
[2024-12-23T08:55:02.587+0000] {task_command.py:426} INFO - Running <TaskInstance: streaming_pipeline.cdc_spark_streaming_to_datalake manual__2024-12-23T08:54:58.375908+00:00 [running]> on host 0b4a5bf62610
[2024-12-23T08:55:02.679+0000] {taskinstance.py:2648} INFO - Exporting env vars: AIRFLOW_CTX_DAG_OWNER='***' AIRFLOW_CTX_DAG_ID='streaming_pipeline' AIRFLOW_CTX_TASK_ID='cdc_spark_streaming_to_datalake' AIRFLOW_CTX_EXECUTION_DATE='2024-12-23T08:54:58.375908+00:00' AIRFLOW_CTX_TRY_NUMBER='1' AIRFLOW_CTX_DAG_RUN_ID='manual__2024-12-23T08:54:58.375908+00:00'
[2024-12-23T08:55:02.680+0000] {taskinstance.py:430} INFO - ::endgroup::
[2024-12-23T08:55:02.695+0000] {logging_mixin.py:188} INFO - Checking JAR files...:  True
[2024-12-23T08:55:16.184+0000] {spark_streaming_to_dl.py:123} INFO - Spark session successfully created!
[2024-12-23T08:55:16.196+0000] {spark_streaming_to_dl.py:157} INFO - MinIO configuration is created successfully
[2024-12-23T08:55:18.134+0000] {spark_streaming_to_dl.py:176} INFO - Initial dataframe created successfully!
[2024-12-23T08:55:19.020+0000] {spark_streaming_to_dl.py:234} INFO - Final dataframe created successfully!
[2024-12-23T08:55:19.021+0000] {spark_streaming_to_dl.py:242} INFO - Streaming is being started...
[2024-12-23T08:58:54.647+0000] {local_task_job_runner.py:310} WARNING - State of this instance has been externally set to None. Terminating instance.
[2024-12-23T08:58:54.649+0000] {local_task_job_runner.py:222} INFO - ::endgroup::
[2024-12-23T08:58:54.652+0000] {process_utils.py:132} INFO - Sending 15 to group 1510. PIDs of all processes in the group: [1512, 1510]
[2024-12-23T08:58:54.652+0000] {process_utils.py:87} INFO - Sending the signal 15 to group 1510
[2024-12-23T08:58:54.653+0000] {taskinstance.py:2611} ERROR - Received SIGTERM. Terminating subprocesses.
[2024-12-23T08:58:54.654+0000] {taskinstance.py:441} INFO - ::group::Post task execution logs
[2024-12-23T08:58:54.669+0000] {taskinstance.py:2905} ERROR - Task failed with exception
Traceback (most recent call last):
  File "/home/airflow/.local/lib/python3.12/site-packages/airflow/models/taskinstance.py", line 465, in _execute_task
    result = _execute_callable(context=context, **execute_callable_kwargs)
             ^^^^^^^^^^^^^^^^^^^^^^^^^^^^^^^^^^^^^^^^^^^^^^^^^^^^^^^^^^^^^
  File "/home/airflow/.local/lib/python3.12/site-packages/airflow/models/taskinstance.py", line 432, in _execute_callable
    return execute_callable(context=context, **execute_callable_kwargs)
           ^^^^^^^^^^^^^^^^^^^^^^^^^^^^^^^^^^^^^^^^^^^^^^^^^^^^^^^^^^^^
  File "/home/airflow/.local/lib/python3.12/site-packages/airflow/models/baseoperator.py", line 401, in wrapper
    return func(self, *args, **kwargs)
           ^^^^^^^^^^^^^^^^^^^^^^^^^^^
  File "/home/airflow/.local/lib/python3.12/site-packages/airflow/operators/python.py", line 235, in execute
    return_value = self.execute_callable()
                   ^^^^^^^^^^^^^^^^^^^^^^^
  File "/home/airflow/.local/lib/python3.12/site-packages/airflow/operators/python.py", line 252, in execute_callable
    return self.python_callable(*self.op_args, **self.op_kwargs)
           ^^^^^^^^^^^^^^^^^^^^^^^^^^^^^^^^^^^^^^^^^^^^^^^^^^^^^
  File "/opt/airflow/dags/stream_processing/spark_streaming_to_dl.py", line 269, in run_all
    start_steaming(df_final, args.bucket_name, args.year, args.month)
  File "/opt/airflow/dags/stream_processing/spark_streaming_to_dl.py", line 251, in start_steaming
    .start()
     ^^^^^^^
  File "/home/airflow/.local/lib/python3.12/site-packages/pyspark/sql/streaming/readwriter.py", line 1527, in start
    return self._sq(self._jwrite.start())
                    ^^^^^^^^^^^^^^^^^^^^
  File "/home/airflow/.local/lib/python3.12/site-packages/py4j/java_gateway.py", line 1321, in __call__
    answer = self.gateway_client.send_command(command)
             ^^^^^^^^^^^^^^^^^^^^^^^^^^^^^^^^^^^^^^^^^
  File "/home/airflow/.local/lib/python3.12/site-packages/py4j/java_gateway.py", line 1038, in send_command
    response = connection.send_command(command)
               ^^^^^^^^^^^^^^^^^^^^^^^^^^^^^^^^
  File "/home/airflow/.local/lib/python3.12/site-packages/py4j/clientserver.py", line 511, in send_command
    answer = smart_decode(self.stream.readline()[:-1])
                          ^^^^^^^^^^^^^^^^^^^^^^
  File "/usr/local/lib/python3.12/socket.py", line 708, in readinto
    return self._sock.recv_into(b)
           ^^^^^^^^^^^^^^^^^^^^^^^
  File "/home/airflow/.local/lib/python3.12/site-packages/airflow/models/taskinstance.py", line 2613, in signal_handler
    raise AirflowTaskTerminated("Task received SIGTERM signal")
airflow.exceptions.AirflowTaskTerminated: Task received SIGTERM signal
[2024-12-23T08:58:54.679+0000] {taskinstance.py:1206} INFO - Marking task as FAILED. dag_id=streaming_pipeline, task_id=cdc_spark_streaming_to_datalake, run_id=manual__2024-12-23T08:54:58.375908+00:00, execution_date=20241223T085458, start_date=20241223T085502, end_date=20241223T085854
[2024-12-23T08:58:54.695+0000] {standard_task_runner.py:110} ERROR - Failed to execute job 66 for task cdc_spark_streaming_to_datalake ((psycopg2.errors.ForeignKeyViolation) insert or update on table "task_fail" violates foreign key constraint "task_fail_ti_fkey"
DETAIL:  Key (dag_id, task_id, run_id, map_index)=(streaming_pipeline, cdc_spark_streaming_to_datalake, manual__2024-12-23T08:54:58.375908+00:00, -1) is not present in table "task_instance".

[SQL: INSERT INTO task_fail (task_id, dag_id, run_id, map_index, start_date, end_date, duration) VALUES (%(task_id)s, %(dag_id)s, %(run_id)s, %(map_index)s, %(start_date)s, %(end_date)s, %(duration)s) RETURNING task_fail.id]
[parameters: {'task_id': 'cdc_spark_streaming_to_datalake', 'dag_id': 'streaming_pipeline', 'run_id': 'manual__2024-12-23T08:54:58.375908+00:00', 'map_index': -1, 'start_date': datetime.datetime(2024, 12, 23, 8, 55, 2, 501723, tzinfo=Timezone('UTC')), 'end_date': datetime.datetime(2024, 12, 23, 8, 58, 54, 678733, tzinfo=Timezone('UTC')), 'duration': 232}]
(Background on this error at: https://sqlalche.me/e/14/gkpj); 1510)
[2024-12-23T08:58:55.188+0000] {process_utils.py:80} INFO - Process psutil.Process(pid=1510, status='terminated', exitcode=1, started='08:55:02') (1510) terminated with exit code 1
[2024-12-23T08:58:55.281+0000] {process_utils.py:80} INFO - Process psutil.Process(pid=1512, status='terminated', started='08:55:02') (1512) terminated with exit code None
