[2024-12-23T20:05:06.351+0000] {local_task_job_runner.py:120} INFO - ::group::Pre task execution logs
[2024-12-23T20:05:06.400+0000] {taskinstance.py:2076} INFO - Dependencies all met for dep_context=non-requeueable deps ti=<TaskInstance: streaming_pipeline.image_to_datalake manual__2024-12-23T20:05:02.640785+00:00 [queued]>
[2024-12-23T20:05:06.416+0000] {taskinstance.py:2076} INFO - Dependencies all met for dep_context=requeueable deps ti=<TaskInstance: streaming_pipeline.image_to_datalake manual__2024-12-23T20:05:02.640785+00:00 [queued]>
[2024-12-23T20:05:06.418+0000] {taskinstance.py:2306} INFO - Starting attempt 1 of 1
[2024-12-23T20:05:06.441+0000] {taskinstance.py:2330} INFO - Executing <Task(PythonOperator): image_to_datalake> on 2024-12-23 20:05:02.640785+00:00
[2024-12-23T20:05:06.455+0000] {standard_task_runner.py:63} INFO - Started process 219 to run task
[2024-12-23T20:05:06.461+0000] {standard_task_runner.py:90} INFO - Running: ['***', 'tasks', 'run', 'streaming_pipeline', 'image_to_datalake', 'manual__2024-12-23T20:05:02.640785+00:00', '--job-id', '167', '--raw', '--subdir', 'DAGS_FOLDER/pipeline_stream.py', '--cfg-path', '/tmp/tmpq_eka3t9']
[2024-12-23T20:05:06.464+0000] {standard_task_runner.py:91} INFO - Job 167: Subtask image_to_datalake
[2024-12-23T20:05:06.552+0000] {task_command.py:426} INFO - Running <TaskInstance: streaming_pipeline.image_to_datalake manual__2024-12-23T20:05:02.640785+00:00 [running]> on host 0b4a5bf62610
[2024-12-23T20:05:06.699+0000] {taskinstance.py:2648} INFO - Exporting env vars: AIRFLOW_CTX_DAG_OWNER='***' AIRFLOW_CTX_DAG_ID='streaming_pipeline' AIRFLOW_CTX_TASK_ID='image_to_datalake' AIRFLOW_CTX_EXECUTION_DATE='2024-12-23T20:05:02.640785+00:00' AIRFLOW_CTX_TRY_NUMBER='1' AIRFLOW_CTX_DAG_RUN_ID='manual__2024-12-23T20:05:02.640785+00:00'
[2024-12-23T20:05:06.702+0000] {taskinstance.py:430} INFO - ::endgroup::
[2024-12-23T20:05:06.739+0000] {logging_mixin.py:188} INFO - Bucket raw already exists, skip creating!
[2024-12-23T20:05:06.743+0000] {conn.py:362} INFO - <BrokerConnection node_id=bootstrap-0 host=broker:29092 <connecting> [IPv4 ('172.19.0.5', 29092)]>: connecting to broker:29092 [('172.19.0.5', 29092) IPv4]
[2024-12-23T20:05:06.744+0000] {conn.py:957} INFO - Probing node bootstrap-0 broker version
[2024-12-23T20:05:06.745+0000] {conn.py:393} INFO - <BrokerConnection node_id=bootstrap-0 host=broker:29092 <connecting> [IPv4 ('172.19.0.5', 29092)]>: Connection complete.
[2024-12-23T20:05:06.859+0000] {conn.py:1019} INFO - Broker version identified as 2.6.0
[2024-12-23T20:05:06.860+0000] {conn.py:1020} INFO - Set configuration api_version=(2, 6, 0) to skip auto check_version requests on startup
[2024-12-23T20:05:06.863+0000] {consumer.py:122} WARNING - group_id is None: disabling auto-commit.
[2024-12-23T20:05:06.865+0000] {subscription_state.py:167} INFO - Updating subscribed topics to: ('raw_image_2024_01_01',)
[2024-12-23T20:05:06.866+0000] {logging_mixin.py:188} INFO - Start consuming messages...
[2024-12-23T20:05:07.098+0000] {subscription_state.py:253} INFO - Updated partition assignment: [('raw_image_2024_01_01', 0)]
[2024-12-23T20:05:07.101+0000] {conn.py:362} INFO - <BrokerConnection node_id=1 host=broker:29092 <connecting> [IPv4 ('172.19.0.5', 29092)]>: connecting to broker:29092 [('172.19.0.5', 29092) IPv4]
[2024-12-23T20:05:07.102+0000] {conn.py:393} INFO - <BrokerConnection node_id=1 host=broker:29092 <connecting> [IPv4 ('172.19.0.5', 29092)]>: Connection complete.
[2024-12-23T20:05:07.103+0000] {conn.py:673} INFO - <BrokerConnection node_id=bootstrap-0 host=broker:29092 <connected> [IPv4 ('172.19.0.5', 29092)]>: Closing connection. 
[2024-12-23T20:05:07.960+0000] {logging_mixin.py:188} INFO - File đã được lưu thành công vào MinIO: image/2024/01/01/20240100000001.jpg
[2024-12-23T20:05:09.977+0000] {logging_mixin.py:188} INFO - File đã được lưu thành công vào MinIO: image/2024/01/01/20240100000002.jpg
[2024-12-23T20:05:12.271+0000] {logging_mixin.py:188} INFO - File đã được lưu thành công vào MinIO: image/2024/01/01/20240100000003.jpg
[2024-12-23T20:05:14.549+0000] {logging_mixin.py:188} INFO - File đã được lưu thành công vào MinIO: image/2024/01/01/20240100000004.jpg
[2024-12-23T20:05:16.926+0000] {logging_mixin.py:188} INFO - File đã được lưu thành công vào MinIO: image/2024/01/01/20240100000005.jpg
[2024-12-23T20:05:19.263+0000] {logging_mixin.py:188} INFO - File đã được lưu thành công vào MinIO: image/2024/01/01/20240100000006.jpg
[2024-12-23T20:05:21.532+0000] {logging_mixin.py:188} INFO - File đã được lưu thành công vào MinIO: image/2024/01/01/20240100000007.jpg
[2024-12-23T20:05:23.818+0000] {logging_mixin.py:188} INFO - File đã được lưu thành công vào MinIO: image/2024/01/01/20240100000008.jpg
[2024-12-23T20:05:26.112+0000] {logging_mixin.py:188} INFO - File đã được lưu thành công vào MinIO: image/2024/01/01/20240100000009.jpg
[2024-12-23T20:05:28.435+0000] {logging_mixin.py:188} INFO - File đã được lưu thành công vào MinIO: image/2024/01/01/20240100000010.jpg
[2024-12-23T20:05:30.759+0000] {logging_mixin.py:188} INFO - File đã được lưu thành công vào MinIO: image/2024/01/01/20240100000011.jpg
[2024-12-23T20:05:33.041+0000] {logging_mixin.py:188} INFO - File đã được lưu thành công vào MinIO: image/2024/01/01/20240100000012.jpg
[2024-12-23T20:05:35.322+0000] {logging_mixin.py:188} INFO - File đã được lưu thành công vào MinIO: image/2024/01/01/20240100000013.jpg
[2024-12-23T20:05:37.608+0000] {logging_mixin.py:188} INFO - File đã được lưu thành công vào MinIO: image/2024/01/01/20240100000014.jpg
[2024-12-23T20:05:39.876+0000] {logging_mixin.py:188} INFO - File đã được lưu thành công vào MinIO: image/2024/01/01/20240100000015.jpg
[2024-12-23T20:05:42.216+0000] {logging_mixin.py:188} INFO - File đã được lưu thành công vào MinIO: image/2024/01/01/20240100000016.jpg
[2024-12-23T20:05:44.552+0000] {logging_mixin.py:188} INFO - File đã được lưu thành công vào MinIO: image/2024/01/01/20240100000017.jpg
[2024-12-23T20:05:46.918+0000] {logging_mixin.py:188} INFO - File đã được lưu thành công vào MinIO: image/2024/01/01/20240100000018.jpg
[2024-12-23T20:05:49.253+0000] {logging_mixin.py:188} INFO - File đã được lưu thành công vào MinIO: image/2024/01/01/20240100000019.jpg
[2024-12-23T20:05:51.548+0000] {logging_mixin.py:188} INFO - File đã được lưu thành công vào MinIO: image/2024/01/01/20240100000020.jpg
[2024-12-23T20:05:53.858+0000] {logging_mixin.py:188} INFO - File đã được lưu thành công vào MinIO: image/2024/01/01/20240100000021.jpg
[2024-12-23T20:05:56.205+0000] {logging_mixin.py:188} INFO - File đã được lưu thành công vào MinIO: image/2024/01/01/20240100000022.jpg
[2024-12-23T20:05:58.641+0000] {logging_mixin.py:188} INFO - File đã được lưu thành công vào MinIO: image/2024/01/01/20240100000023.jpg
[2024-12-23T20:06:01.110+0000] {logging_mixin.py:188} INFO - File đã được lưu thành công vào MinIO: image/2024/01/01/20240100000024.jpg
[2024-12-23T20:06:03.505+0000] {logging_mixin.py:188} INFO - File đã được lưu thành công vào MinIO: image/2024/01/01/20240100000025.jpg
[2024-12-23T20:06:05.835+0000] {logging_mixin.py:188} INFO - File đã được lưu thành công vào MinIO: image/2024/01/01/20240100000026.jpg
[2024-12-23T20:06:08.243+0000] {logging_mixin.py:188} INFO - File đã được lưu thành công vào MinIO: image/2024/01/01/20240100000027.jpg
[2024-12-23T20:06:10.624+0000] {logging_mixin.py:188} INFO - File đã được lưu thành công vào MinIO: image/2024/01/01/20240100000028.jpg
[2024-12-23T20:06:13.007+0000] {logging_mixin.py:188} INFO - File đã được lưu thành công vào MinIO: image/2024/01/01/20240100000029.jpg
[2024-12-23T20:06:15.321+0000] {logging_mixin.py:188} INFO - File đã được lưu thành công vào MinIO: image/2024/01/01/20240100000030.jpg
[2024-12-23T20:06:17.664+0000] {logging_mixin.py:188} INFO - File đã được lưu thành công vào MinIO: image/2024/01/01/20240100000031.jpg
[2024-12-23T20:06:20.055+0000] {logging_mixin.py:188} INFO - File đã được lưu thành công vào MinIO: image/2024/01/01/20240100000032.jpg
[2024-12-23T20:06:22.382+0000] {logging_mixin.py:188} INFO - File đã được lưu thành công vào MinIO: image/2024/01/01/20240100000033.jpg
[2024-12-23T20:06:24.655+0000] {logging_mixin.py:188} INFO - File đã được lưu thành công vào MinIO: image/2024/01/01/20240100000034.jpg
[2024-12-23T20:06:26.996+0000] {logging_mixin.py:188} INFO - File đã được lưu thành công vào MinIO: image/2024/01/01/20240100000035.jpg
[2024-12-23T20:06:29.354+0000] {logging_mixin.py:188} INFO - File đã được lưu thành công vào MinIO: image/2024/01/01/20240100000036.jpg
[2024-12-23T20:06:31.669+0000] {logging_mixin.py:188} INFO - File đã được lưu thành công vào MinIO: image/2024/01/01/20240100000037.jpg
[2024-12-23T20:06:33.954+0000] {logging_mixin.py:188} INFO - File đã được lưu thành công vào MinIO: image/2024/01/01/20240100000038.jpg
[2024-12-23T20:06:36.326+0000] {logging_mixin.py:188} INFO - File đã được lưu thành công vào MinIO: image/2024/01/01/20240100000039.jpg
[2024-12-23T20:06:38.686+0000] {logging_mixin.py:188} INFO - File đã được lưu thành công vào MinIO: image/2024/01/01/20240100000040.jpg
[2024-12-23T20:06:41.040+0000] {logging_mixin.py:188} INFO - File đã được lưu thành công vào MinIO: image/2024/01/01/20240100000041.jpg
[2024-12-23T20:06:43.417+0000] {logging_mixin.py:188} INFO - File đã được lưu thành công vào MinIO: image/2024/01/01/20240100000042.jpg
[2024-12-23T20:06:45.722+0000] {logging_mixin.py:188} INFO - File đã được lưu thành công vào MinIO: image/2024/01/01/20240100000043.jpg
[2024-12-23T20:06:48.122+0000] {logging_mixin.py:188} INFO - File đã được lưu thành công vào MinIO: image/2024/01/01/20240100000044.jpg
[2024-12-23T20:06:50.571+0000] {logging_mixin.py:188} INFO - File đã được lưu thành công vào MinIO: image/2024/01/01/20240100000045.jpg
[2024-12-23T20:06:52.838+0000] {logging_mixin.py:188} INFO - File đã được lưu thành công vào MinIO: image/2024/01/01/20240100000046.jpg
[2024-12-23T20:06:55.118+0000] {logging_mixin.py:188} INFO - File đã được lưu thành công vào MinIO: image/2024/01/01/20240100000047.jpg
[2024-12-23T20:06:57.508+0000] {logging_mixin.py:188} INFO - File đã được lưu thành công vào MinIO: image/2024/01/01/20240100000048.jpg
[2024-12-23T20:06:59.839+0000] {logging_mixin.py:188} INFO - File đã được lưu thành công vào MinIO: image/2024/01/01/20240100000049.jpg
[2024-12-23T20:07:02.282+0000] {logging_mixin.py:188} INFO - File đã được lưu thành công vào MinIO: image/2024/01/01/20240100000050.jpg
[2024-12-23T20:07:04.712+0000] {logging_mixin.py:188} INFO - File đã được lưu thành công vào MinIO: image/2024/01/01/20240100000051.jpg
[2024-12-23T20:07:07.065+0000] {logging_mixin.py:188} INFO - File đã được lưu thành công vào MinIO: image/2024/01/01/20240100000052.jpg
[2024-12-23T20:07:09.407+0000] {logging_mixin.py:188} INFO - File đã được lưu thành công vào MinIO: image/2024/01/01/20240100000053.jpg
[2024-12-23T20:07:11.733+0000] {logging_mixin.py:188} INFO - File đã được lưu thành công vào MinIO: image/2024/01/01/20240100000054.jpg
[2024-12-23T20:07:13.997+0000] {logging_mixin.py:188} INFO - File đã được lưu thành công vào MinIO: image/2024/01/01/20240100000055.jpg
[2024-12-23T20:07:16.305+0000] {logging_mixin.py:188} INFO - File đã được lưu thành công vào MinIO: image/2024/01/01/20240100000056.jpg
[2024-12-23T20:07:18.616+0000] {logging_mixin.py:188} INFO - File đã được lưu thành công vào MinIO: image/2024/01/01/20240100000057.jpg
[2024-12-23T20:07:20.924+0000] {logging_mixin.py:188} INFO - File đã được lưu thành công vào MinIO: image/2024/01/01/20240100000058.jpg
[2024-12-23T20:07:23.198+0000] {logging_mixin.py:188} INFO - File đã được lưu thành công vào MinIO: image/2024/01/01/20240100000059.jpg
[2024-12-23T20:07:25.525+0000] {logging_mixin.py:188} INFO - File đã được lưu thành công vào MinIO: image/2024/01/01/20240100000060.jpg
[2024-12-23T20:07:27.968+0000] {logging_mixin.py:188} INFO - File đã được lưu thành công vào MinIO: image/2024/01/01/20240100000061.jpg
[2024-12-23T20:07:30.346+0000] {logging_mixin.py:188} INFO - File đã được lưu thành công vào MinIO: image/2024/01/01/20240100000062.jpg
[2024-12-23T20:07:32.650+0000] {logging_mixin.py:188} INFO - File đã được lưu thành công vào MinIO: image/2024/01/01/20240100000063.jpg
[2024-12-23T20:07:34.960+0000] {logging_mixin.py:188} INFO - File đã được lưu thành công vào MinIO: image/2024/01/01/20240100000064.jpg
[2024-12-23T20:07:37.284+0000] {logging_mixin.py:188} INFO - File đã được lưu thành công vào MinIO: image/2024/01/01/20240100000065.jpg
[2024-12-23T20:07:39.610+0000] {logging_mixin.py:188} INFO - File đã được lưu thành công vào MinIO: image/2024/01/01/20240100000066.jpg
[2024-12-23T20:07:41.914+0000] {logging_mixin.py:188} INFO - File đã được lưu thành công vào MinIO: image/2024/01/01/20240100000067.jpg
[2024-12-23T20:07:44.195+0000] {logging_mixin.py:188} INFO - File đã được lưu thành công vào MinIO: image/2024/01/01/20240100000068.jpg
[2024-12-23T20:07:46.517+0000] {logging_mixin.py:188} INFO - File đã được lưu thành công vào MinIO: image/2024/01/01/20240100000069.jpg
[2024-12-23T20:07:48.902+0000] {logging_mixin.py:188} INFO - File đã được lưu thành công vào MinIO: image/2024/01/01/20240100000070.jpg
[2024-12-23T20:07:51.213+0000] {logging_mixin.py:188} INFO - File đã được lưu thành công vào MinIO: image/2024/01/01/20240100000071.jpg
[2024-12-23T20:07:53.506+0000] {logging_mixin.py:188} INFO - File đã được lưu thành công vào MinIO: image/2024/01/01/20240100000072.jpg
[2024-12-23T20:07:55.826+0000] {logging_mixin.py:188} INFO - File đã được lưu thành công vào MinIO: image/2024/01/01/20240100000073.jpg
[2024-12-23T20:07:58.123+0000] {logging_mixin.py:188} INFO - File đã được lưu thành công vào MinIO: image/2024/01/01/20240100000074.jpg
[2024-12-23T20:08:00.445+0000] {logging_mixin.py:188} INFO - File đã được lưu thành công vào MinIO: image/2024/01/01/20240100000075.jpg
[2024-12-23T20:08:02.756+0000] {logging_mixin.py:188} INFO - File đã được lưu thành công vào MinIO: image/2024/01/01/20240100000076.jpg
[2024-12-23T20:08:05.027+0000] {logging_mixin.py:188} INFO - File đã được lưu thành công vào MinIO: image/2024/01/01/20240100000077.jpg
[2024-12-23T20:08:07.298+0000] {logging_mixin.py:188} INFO - File đã được lưu thành công vào MinIO: image/2024/01/01/20240100000078.jpg
[2024-12-23T20:08:09.566+0000] {logging_mixin.py:188} INFO - File đã được lưu thành công vào MinIO: image/2024/01/01/20240100000079.jpg
[2024-12-23T20:08:12.033+0000] {logging_mixin.py:188} INFO - File đã được lưu thành công vào MinIO: image/2024/01/01/20240100000080.jpg
[2024-12-23T20:08:14.453+0000] {logging_mixin.py:188} INFO - File đã được lưu thành công vào MinIO: image/2024/01/01/20240100000081.jpg
[2024-12-23T20:08:16.720+0000] {logging_mixin.py:188} INFO - File đã được lưu thành công vào MinIO: image/2024/01/01/20240100000082.jpg
[2024-12-23T20:08:18.995+0000] {logging_mixin.py:188} INFO - File đã được lưu thành công vào MinIO: image/2024/01/01/20240100000083.jpg
[2024-12-23T20:08:21.294+0000] {logging_mixin.py:188} INFO - File đã được lưu thành công vào MinIO: image/2024/01/01/20240100000084.jpg
[2024-12-23T20:08:23.636+0000] {logging_mixin.py:188} INFO - File đã được lưu thành công vào MinIO: image/2024/01/01/20240100000085.jpg
[2024-12-23T20:08:25.909+0000] {logging_mixin.py:188} INFO - File đã được lưu thành công vào MinIO: image/2024/01/01/20240100000086.jpg
[2024-12-23T20:08:28.177+0000] {logging_mixin.py:188} INFO - File đã được lưu thành công vào MinIO: image/2024/01/01/20240100000087.jpg
[2024-12-23T20:08:30.507+0000] {logging_mixin.py:188} INFO - File đã được lưu thành công vào MinIO: image/2024/01/01/20240100000088.jpg
[2024-12-23T20:08:32.817+0000] {logging_mixin.py:188} INFO - File đã được lưu thành công vào MinIO: image/2024/01/01/20240100000090.jpg
[2024-12-23T20:08:35.261+0000] {logging_mixin.py:188} INFO - File đã được lưu thành công vào MinIO: image/2024/01/01/20240100000092.jpg
[2024-12-23T20:08:37.568+0000] {logging_mixin.py:188} INFO - File đã được lưu thành công vào MinIO: image/2024/01/01/20240100000093.jpg
[2024-12-23T20:08:39.861+0000] {logging_mixin.py:188} INFO - File đã được lưu thành công vào MinIO: image/2024/01/01/20240100000094.jpg
[2024-12-23T20:08:42.217+0000] {logging_mixin.py:188} INFO - File đã được lưu thành công vào MinIO: image/2024/01/01/20240100000095.jpg
[2024-12-23T20:08:44.496+0000] {logging_mixin.py:188} INFO - File đã được lưu thành công vào MinIO: image/2024/01/01/20240100000096.jpg
[2024-12-23T20:08:46.803+0000] {logging_mixin.py:188} INFO - File đã được lưu thành công vào MinIO: image/2024/01/01/20240100000097.jpg
[2024-12-23T20:08:49.107+0000] {logging_mixin.py:188} INFO - File đã được lưu thành công vào MinIO: image/2024/01/01/20240100000098.jpg
[2024-12-23T20:08:51.398+0000] {logging_mixin.py:188} INFO - File đã được lưu thành công vào MinIO: image/2024/01/01/20240100000099.jpg
[2024-12-23T20:08:53.655+0000] {logging_mixin.py:188} INFO - File đã được lưu thành công vào MinIO: image/2024/01/01/20240100000100.jpg
[2024-12-23T20:08:55.964+0000] {logging_mixin.py:188} INFO - File đã được lưu thành công vào MinIO: image/2024/01/01/20240100000101.jpg
[2024-12-23T20:08:58.267+0000] {logging_mixin.py:188} INFO - File đã được lưu thành công vào MinIO: image/2024/01/01/20240100000102.jpg
[2024-12-23T20:09:00.661+0000] {logging_mixin.py:188} INFO - File đã được lưu thành công vào MinIO: image/2024/01/01/20240100000103.jpg
[2024-12-23T20:09:02.927+0000] {logging_mixin.py:188} INFO - File đã được lưu thành công vào MinIO: image/2024/01/01/20240100000104.jpg
[2024-12-23T20:09:05.289+0000] {logging_mixin.py:188} INFO - File đã được lưu thành công vào MinIO: image/2024/01/01/20240100000105.jpg
[2024-12-23T20:09:07.612+0000] {logging_mixin.py:188} INFO - File đã được lưu thành công vào MinIO: image/2024/01/01/20240100000106.jpg
[2024-12-23T20:09:09.909+0000] {logging_mixin.py:188} INFO - File đã được lưu thành công vào MinIO: image/2024/01/01/20240100000107.jpg
[2024-12-23T20:09:12.270+0000] {logging_mixin.py:188} INFO - File đã được lưu thành công vào MinIO: image/2024/01/01/20240100000108.jpg
[2024-12-23T20:09:14.581+0000] {logging_mixin.py:188} INFO - File đã được lưu thành công vào MinIO: image/2024/01/01/20240100000109.jpg
[2024-12-23T20:09:16.882+0000] {logging_mixin.py:188} INFO - File đã được lưu thành công vào MinIO: image/2024/01/01/20240100000110.jpg
[2024-12-23T20:09:19.181+0000] {logging_mixin.py:188} INFO - File đã được lưu thành công vào MinIO: image/2024/01/01/20240100000111.jpg
[2024-12-23T20:09:21.510+0000] {logging_mixin.py:188} INFO - File đã được lưu thành công vào MinIO: image/2024/01/01/20240100000112.jpg
[2024-12-23T20:09:23.788+0000] {logging_mixin.py:188} INFO - File đã được lưu thành công vào MinIO: image/2024/01/01/20240100000113.jpg
[2024-12-23T20:09:26.048+0000] {logging_mixin.py:188} INFO - File đã được lưu thành công vào MinIO: image/2024/01/01/20240100000114.jpg
[2024-12-23T20:09:28.328+0000] {logging_mixin.py:188} INFO - File đã được lưu thành công vào MinIO: image/2024/01/01/20240100000115.jpg
[2024-12-23T20:09:30.655+0000] {logging_mixin.py:188} INFO - File đã được lưu thành công vào MinIO: image/2024/01/01/20240100000116.jpg
[2024-12-23T20:09:32.929+0000] {logging_mixin.py:188} INFO - File đã được lưu thành công vào MinIO: image/2024/01/01/20240100000117.jpg
[2024-12-23T20:09:35.220+0000] {logging_mixin.py:188} INFO - File đã được lưu thành công vào MinIO: image/2024/01/01/20240100000118.jpg
[2024-12-23T20:09:37.483+0000] {logging_mixin.py:188} INFO - File đã được lưu thành công vào MinIO: image/2024/01/01/20240100000119.jpg
[2024-12-23T20:09:39.759+0000] {logging_mixin.py:188} INFO - File đã được lưu thành công vào MinIO: image/2024/01/01/20240100000120.jpg
[2024-12-23T20:09:42.078+0000] {logging_mixin.py:188} INFO - File đã được lưu thành công vào MinIO: image/2024/01/01/20240100000121.jpg
[2024-12-23T20:09:44.428+0000] {logging_mixin.py:188} INFO - File đã được lưu thành công vào MinIO: image/2024/01/01/20240100000122.jpg
[2024-12-23T20:09:46.801+0000] {logging_mixin.py:188} INFO - File đã được lưu thành công vào MinIO: image/2024/01/01/20240100000123.jpg
[2024-12-23T20:09:49.107+0000] {logging_mixin.py:188} INFO - File đã được lưu thành công vào MinIO: image/2024/01/01/20240100000124.jpg
[2024-12-23T20:09:51.391+0000] {logging_mixin.py:188} INFO - File đã được lưu thành công vào MinIO: image/2024/01/01/20240100000125.jpg
[2024-12-23T20:09:53.689+0000] {logging_mixin.py:188} INFO - File đã được lưu thành công vào MinIO: image/2024/01/01/20240100000126.jpg
[2024-12-23T20:09:55.999+0000] {logging_mixin.py:188} INFO - File đã được lưu thành công vào MinIO: image/2024/01/01/20240100000127.jpg
[2024-12-23T20:09:58.270+0000] {logging_mixin.py:188} INFO - File đã được lưu thành công vào MinIO: image/2024/01/01/20240100000128.jpg
[2024-12-23T20:10:00.563+0000] {logging_mixin.py:188} INFO - File đã được lưu thành công vào MinIO: image/2024/01/01/20240100000129.jpg
[2024-12-23T20:10:02.870+0000] {logging_mixin.py:188} INFO - File đã được lưu thành công vào MinIO: image/2024/01/01/20240100000130.jpg
[2024-12-23T20:10:05.255+0000] {logging_mixin.py:188} INFO - File đã được lưu thành công vào MinIO: image/2024/01/01/20240100000131.jpg
[2024-12-23T20:10:07.523+0000] {logging_mixin.py:188} INFO - File đã được lưu thành công vào MinIO: image/2024/01/01/20240100000132.jpg
[2024-12-23T20:10:09.807+0000] {logging_mixin.py:188} INFO - File đã được lưu thành công vào MinIO: image/2024/01/01/20240100000133.jpg
[2024-12-23T20:10:12.173+0000] {logging_mixin.py:188} INFO - File đã được lưu thành công vào MinIO: image/2024/01/01/20240100000134.jpg
[2024-12-23T20:10:14.452+0000] {logging_mixin.py:188} INFO - File đã được lưu thành công vào MinIO: image/2024/01/01/20240100000135.jpg
[2024-12-23T20:10:16.734+0000] {logging_mixin.py:188} INFO - File đã được lưu thành công vào MinIO: image/2024/01/01/20240100000136.jpg
[2024-12-23T20:10:19.063+0000] {logging_mixin.py:188} INFO - File đã được lưu thành công vào MinIO: image/2024/01/01/20240100000137.jpg
[2024-12-23T20:10:21.347+0000] {logging_mixin.py:188} INFO - File đã được lưu thành công vào MinIO: image/2024/01/01/20240100000138.jpg
[2024-12-23T20:10:23.609+0000] {logging_mixin.py:188} INFO - File đã được lưu thành công vào MinIO: image/2024/01/01/20240100000139.jpg
[2024-12-23T20:10:25.891+0000] {logging_mixin.py:188} INFO - File đã được lưu thành công vào MinIO: image/2024/01/01/20240100000140.jpg
[2024-12-23T20:10:28.208+0000] {logging_mixin.py:188} INFO - File đã được lưu thành công vào MinIO: image/2024/01/01/20240100000141.jpg
[2024-12-23T20:10:30.586+0000] {logging_mixin.py:188} INFO - File đã được lưu thành công vào MinIO: image/2024/01/01/20240100000142.jpg
[2024-12-23T20:10:32.871+0000] {logging_mixin.py:188} INFO - File đã được lưu thành công vào MinIO: image/2024/01/01/20240100000143.jpg
[2024-12-23T20:10:35.164+0000] {logging_mixin.py:188} INFO - File đã được lưu thành công vào MinIO: image/2024/01/01/20240100000144.jpg
[2024-12-23T20:10:37.432+0000] {logging_mixin.py:188} INFO - File đã được lưu thành công vào MinIO: image/2024/01/01/20240100000145.jpg
[2024-12-23T20:10:39.729+0000] {logging_mixin.py:188} INFO - File đã được lưu thành công vào MinIO: image/2024/01/01/20240100000146.jpg
[2024-12-23T20:10:42.063+0000] {logging_mixin.py:188} INFO - File đã được lưu thành công vào MinIO: image/2024/01/01/20240100000147.jpg
[2024-12-23T20:10:44.353+0000] {logging_mixin.py:188} INFO - File đã được lưu thành công vào MinIO: image/2024/01/01/20240100000148.jpg
[2024-12-23T20:10:46.682+0000] {logging_mixin.py:188} INFO - File đã được lưu thành công vào MinIO: image/2024/01/01/20240100000149.jpg
[2024-12-23T20:10:49.000+0000] {logging_mixin.py:188} INFO - File đã được lưu thành công vào MinIO: image/2024/01/01/20240100000150.jpg
[2024-12-23T20:10:51.472+0000] {logging_mixin.py:188} INFO - File đã được lưu thành công vào MinIO: image/2024/01/01/20240100000151.jpg
[2024-12-23T20:10:53.841+0000] {logging_mixin.py:188} INFO - File đã được lưu thành công vào MinIO: image/2024/01/01/20240100000152.jpg
[2024-12-23T20:10:56.167+0000] {logging_mixin.py:188} INFO - File đã được lưu thành công vào MinIO: image/2024/01/01/20240100000153.jpg
[2024-12-23T20:10:58.457+0000] {logging_mixin.py:188} INFO - File đã được lưu thành công vào MinIO: image/2024/01/01/20240100000154.jpg
[2024-12-23T20:11:00.730+0000] {logging_mixin.py:188} INFO - File đã được lưu thành công vào MinIO: image/2024/01/01/20240100000155.jpg
[2024-12-23T20:11:02.996+0000] {logging_mixin.py:188} INFO - File đã được lưu thành công vào MinIO: image/2024/01/01/20240100000156.jpg
[2024-12-23T20:11:05.294+0000] {logging_mixin.py:188} INFO - File đã được lưu thành công vào MinIO: image/2024/01/01/20240100000157.jpg
[2024-12-23T20:11:07.615+0000] {logging_mixin.py:188} INFO - File đã được lưu thành công vào MinIO: image/2024/01/01/20240100000158.jpg
[2024-12-23T20:11:09.910+0000] {logging_mixin.py:188} INFO - File đã được lưu thành công vào MinIO: image/2024/01/01/20240100000159.jpg
[2024-12-23T20:11:12.258+0000] {logging_mixin.py:188} INFO - File đã được lưu thành công vào MinIO: image/2024/01/01/20240100000160.jpg
[2024-12-23T20:11:14.569+0000] {logging_mixin.py:188} INFO - File đã được lưu thành công vào MinIO: image/2024/01/01/20240100000161.jpg
[2024-12-23T20:11:16.866+0000] {logging_mixin.py:188} INFO - File đã được lưu thành công vào MinIO: image/2024/01/01/20240100000162.jpg
[2024-12-23T20:11:19.199+0000] {logging_mixin.py:188} INFO - File đã được lưu thành công vào MinIO: image/2024/01/01/20240100000163.jpg
[2024-12-23T20:11:21.498+0000] {logging_mixin.py:188} INFO - File đã được lưu thành công vào MinIO: image/2024/01/01/20240100000164.jpg
[2024-12-23T20:11:23.775+0000] {logging_mixin.py:188} INFO - File đã được lưu thành công vào MinIO: image/2024/01/01/20240100000165.jpg
[2024-12-23T20:11:26.084+0000] {logging_mixin.py:188} INFO - File đã được lưu thành công vào MinIO: image/2024/01/01/20240100000166.jpg
[2024-12-23T20:11:28.382+0000] {logging_mixin.py:188} INFO - File đã được lưu thành công vào MinIO: image/2024/01/01/20240100000167.jpg
[2024-12-23T20:11:30.686+0000] {logging_mixin.py:188} INFO - File đã được lưu thành công vào MinIO: image/2024/01/01/20240100000168.jpg
[2024-12-23T20:11:33.020+0000] {logging_mixin.py:188} INFO - File đã được lưu thành công vào MinIO: image/2024/01/01/20240100000169.jpg
[2024-12-23T20:11:35.350+0000] {logging_mixin.py:188} INFO - File đã được lưu thành công vào MinIO: image/2024/01/01/20240100000170.jpg
[2024-12-23T20:11:37.640+0000] {logging_mixin.py:188} INFO - File đã được lưu thành công vào MinIO: image/2024/01/01/20240100000171.jpg
[2024-12-23T20:11:40.034+0000] {logging_mixin.py:188} INFO - File đã được lưu thành công vào MinIO: image/2024/01/01/20240100000172.jpg
[2024-12-23T20:11:42.405+0000] {logging_mixin.py:188} INFO - File đã được lưu thành công vào MinIO: image/2024/01/01/20240100000173.jpg
[2024-12-23T20:11:44.734+0000] {logging_mixin.py:188} INFO - File đã được lưu thành công vào MinIO: image/2024/01/01/20240100000174.jpg
[2024-12-23T20:11:47.044+0000] {logging_mixin.py:188} INFO - File đã được lưu thành công vào MinIO: image/2024/01/01/20240100000175.jpg
[2024-12-23T20:11:49.332+0000] {logging_mixin.py:188} INFO - File đã được lưu thành công vào MinIO: image/2024/01/01/20240100000176.jpg
[2024-12-23T20:11:51.626+0000] {logging_mixin.py:188} INFO - File đã được lưu thành công vào MinIO: image/2024/01/01/20240100000177.jpg
[2024-12-23T20:11:53.917+0000] {logging_mixin.py:188} INFO - File đã được lưu thành công vào MinIO: image/2024/01/01/20240100000178.jpg
[2024-12-23T20:11:56.207+0000] {logging_mixin.py:188} INFO - File đã được lưu thành công vào MinIO: image/2024/01/01/20240100000179.jpg
[2024-12-23T20:11:58.527+0000] {logging_mixin.py:188} INFO - File đã được lưu thành công vào MinIO: image/2024/01/01/20240100000180.jpg
[2024-12-23T20:12:00.862+0000] {logging_mixin.py:188} INFO - File đã được lưu thành công vào MinIO: image/2024/01/01/20240100000181.jpg
[2024-12-23T20:12:03.221+0000] {logging_mixin.py:188} INFO - File đã được lưu thành công vào MinIO: image/2024/01/01/20240100000182.jpg
[2024-12-23T20:12:05.506+0000] {logging_mixin.py:188} INFO - File đã được lưu thành công vào MinIO: image/2024/01/01/20240100000183.jpg
[2024-12-23T20:12:07.794+0000] {logging_mixin.py:188} INFO - File đã được lưu thành công vào MinIO: image/2024/01/01/20240100000184.jpg
[2024-12-23T20:12:10.108+0000] {logging_mixin.py:188} INFO - File đã được lưu thành công vào MinIO: image/2024/01/01/20240100000185.jpg
[2024-12-23T20:12:12.496+0000] {logging_mixin.py:188} INFO - File đã được lưu thành công vào MinIO: image/2024/01/01/20240100000186.jpg
[2024-12-23T20:12:14.791+0000] {logging_mixin.py:188} INFO - File đã được lưu thành công vào MinIO: image/2024/01/01/20240100000187.jpg
[2024-12-23T20:12:17.063+0000] {logging_mixin.py:188} INFO - File đã được lưu thành công vào MinIO: image/2024/01/01/20240100000188.jpg
[2024-12-23T20:12:19.321+0000] {logging_mixin.py:188} INFO - File đã được lưu thành công vào MinIO: image/2024/01/01/20240100000189.jpg
[2024-12-23T20:12:21.586+0000] {logging_mixin.py:188} INFO - File đã được lưu thành công vào MinIO: image/2024/01/01/20240100000190.jpg
[2024-12-23T20:12:23.862+0000] {logging_mixin.py:188} INFO - File đã được lưu thành công vào MinIO: image/2024/01/01/20240100000191.jpg
[2024-12-23T20:12:26.294+0000] {logging_mixin.py:188} INFO - File đã được lưu thành công vào MinIO: image/2024/01/01/20240100000192.jpg
[2024-12-23T20:12:28.582+0000] {logging_mixin.py:188} INFO - File đã được lưu thành công vào MinIO: image/2024/01/01/20240100000193.jpg
[2024-12-23T20:12:30.859+0000] {logging_mixin.py:188} INFO - File đã được lưu thành công vào MinIO: image/2024/01/01/20240100000194.jpg
[2024-12-23T20:12:33.133+0000] {logging_mixin.py:188} INFO - File đã được lưu thành công vào MinIO: image/2024/01/01/20240100000195.jpg
[2024-12-23T20:12:35.415+0000] {logging_mixin.py:188} INFO - File đã được lưu thành công vào MinIO: image/2024/01/01/20240100000196.jpg
[2024-12-23T20:12:37.750+0000] {logging_mixin.py:188} INFO - File đã được lưu thành công vào MinIO: image/2024/01/01/20240100000197.jpg
[2024-12-23T20:12:40.067+0000] {logging_mixin.py:188} INFO - File đã được lưu thành công vào MinIO: image/2024/01/01/20240100000198.jpg
[2024-12-23T20:12:42.377+0000] {logging_mixin.py:188} INFO - File đã được lưu thành công vào MinIO: image/2024/01/01/20240100000199.jpg
[2024-12-23T20:12:44.659+0000] {logging_mixin.py:188} INFO - File đã được lưu thành công vào MinIO: image/2024/01/01/20240100000200.jpg
[2024-12-23T20:12:46.965+0000] {logging_mixin.py:188} INFO - File đã được lưu thành công vào MinIO: image/2024/01/01/20240100000201.jpg
[2024-12-23T20:12:49.295+0000] {logging_mixin.py:188} INFO - File đã được lưu thành công vào MinIO: image/2024/01/01/20240100000202.jpg
[2024-12-23T20:12:51.578+0000] {logging_mixin.py:188} INFO - File đã được lưu thành công vào MinIO: image/2024/01/01/20240100000203.jpg
[2024-12-23T20:12:53.854+0000] {logging_mixin.py:188} INFO - File đã được lưu thành công vào MinIO: image/2024/01/01/20240100000204.jpg
[2024-12-23T20:12:56.119+0000] {logging_mixin.py:188} INFO - File đã được lưu thành công vào MinIO: image/2024/01/01/20240100000205.jpg
[2024-12-23T20:12:58.415+0000] {logging_mixin.py:188} INFO - File đã được lưu thành công vào MinIO: image/2024/01/01/20240100000206.jpg
[2024-12-23T20:13:00.759+0000] {logging_mixin.py:188} INFO - File đã được lưu thành công vào MinIO: image/2024/01/01/20240100000207.jpg
[2024-12-23T20:13:03.051+0000] {logging_mixin.py:188} INFO - File đã được lưu thành công vào MinIO: image/2024/01/01/20240100000208.jpg
[2024-12-23T20:13:05.328+0000] {logging_mixin.py:188} INFO - File đã được lưu thành công vào MinIO: image/2024/01/01/20240100000209.jpg
[2024-12-23T20:13:07.700+0000] {logging_mixin.py:188} INFO - File đã được lưu thành công vào MinIO: image/2024/01/01/20240100000210.jpg
[2024-12-23T20:13:10.028+0000] {logging_mixin.py:188} INFO - File đã được lưu thành công vào MinIO: image/2024/01/01/20240100000211.jpg
[2024-12-23T20:13:12.345+0000] {logging_mixin.py:188} INFO - File đã được lưu thành công vào MinIO: image/2024/01/01/20240100000212.jpg
[2024-12-23T20:13:14.653+0000] {logging_mixin.py:188} INFO - File đã được lưu thành công vào MinIO: image/2024/01/01/20240100000213.jpg
[2024-12-23T20:13:16.963+0000] {logging_mixin.py:188} INFO - File đã được lưu thành công vào MinIO: image/2024/01/01/20240100000214.jpg
[2024-12-23T20:13:19.228+0000] {logging_mixin.py:188} INFO - File đã được lưu thành công vào MinIO: image/2024/01/01/20240100000215.jpg
[2024-12-23T20:13:21.509+0000] {logging_mixin.py:188} INFO - File đã được lưu thành công vào MinIO: image/2024/01/01/20240100000216.jpg
[2024-12-23T20:13:23.804+0000] {logging_mixin.py:188} INFO - File đã được lưu thành công vào MinIO: image/2024/01/01/20240100000217.jpg
[2024-12-23T20:13:26.088+0000] {logging_mixin.py:188} INFO - File đã được lưu thành công vào MinIO: image/2024/01/01/20240100000218.jpg
[2024-12-23T20:13:28.373+0000] {logging_mixin.py:188} INFO - File đã được lưu thành công vào MinIO: image/2024/01/01/20240100000219.jpg
[2024-12-23T20:13:30.711+0000] {logging_mixin.py:188} INFO - File đã được lưu thành công vào MinIO: image/2024/01/01/20240100000220.jpg
[2024-12-23T20:13:33.050+0000] {logging_mixin.py:188} INFO - File đã được lưu thành công vào MinIO: image/2024/01/01/20240100000221.jpg
[2024-12-23T20:13:35.469+0000] {logging_mixin.py:188} INFO - File đã được lưu thành công vào MinIO: image/2024/01/01/20240100000222.jpg
[2024-12-23T20:13:37.811+0000] {logging_mixin.py:188} INFO - File đã được lưu thành công vào MinIO: image/2024/01/01/20240100000223.jpg
[2024-12-23T20:13:40.093+0000] {logging_mixin.py:188} INFO - File đã được lưu thành công vào MinIO: image/2024/01/01/20240100000224.jpg
[2024-12-23T20:13:42.384+0000] {logging_mixin.py:188} INFO - File đã được lưu thành công vào MinIO: image/2024/01/01/20240100000225.jpg
[2024-12-23T20:13:44.648+0000] {logging_mixin.py:188} INFO - File đã được lưu thành công vào MinIO: image/2024/01/01/20240100000226.jpg
[2024-12-23T20:13:46.937+0000] {logging_mixin.py:188} INFO - File đã được lưu thành công vào MinIO: image/2024/01/01/20240100000227.jpg
[2024-12-23T20:13:49.257+0000] {logging_mixin.py:188} INFO - File đã được lưu thành công vào MinIO: image/2024/01/01/20240100000228.jpg
[2024-12-23T20:13:51.577+0000] {logging_mixin.py:188} INFO - File đã được lưu thành công vào MinIO: image/2024/01/01/20240100000229.jpg
[2024-12-23T20:13:53.876+0000] {logging_mixin.py:188} INFO - File đã được lưu thành công vào MinIO: image/2024/01/01/20240100000230.jpg
[2024-12-23T20:13:56.179+0000] {logging_mixin.py:188} INFO - File đã được lưu thành công vào MinIO: image/2024/01/01/20240100000231.jpg
[2024-12-23T20:13:58.503+0000] {logging_mixin.py:188} INFO - File đã được lưu thành công vào MinIO: image/2024/01/01/20240100000232.jpg
[2024-12-23T20:14:00.959+0000] {logging_mixin.py:188} INFO - File đã được lưu thành công vào MinIO: image/2024/01/01/20240100000233.jpg
[2024-12-23T20:14:03.236+0000] {logging_mixin.py:188} INFO - File đã được lưu thành công vào MinIO: image/2024/01/01/20240100000234.jpg
[2024-12-23T20:14:05.524+0000] {logging_mixin.py:188} INFO - File đã được lưu thành công vào MinIO: image/2024/01/01/20240100000235.jpg
[2024-12-23T20:14:07.845+0000] {logging_mixin.py:188} INFO - File đã được lưu thành công vào MinIO: image/2024/01/01/20240100000236.jpg
[2024-12-23T20:14:10.146+0000] {logging_mixin.py:188} INFO - File đã được lưu thành công vào MinIO: image/2024/01/01/20240100000237.jpg
[2024-12-23T20:14:12.417+0000] {logging_mixin.py:188} INFO - File đã được lưu thành công vào MinIO: image/2024/01/01/20240100000238.jpg
[2024-12-23T20:14:14.681+0000] {logging_mixin.py:188} INFO - File đã được lưu thành công vào MinIO: image/2024/01/01/20240100000239.jpg
[2024-12-23T20:14:16.972+0000] {logging_mixin.py:188} INFO - File đã được lưu thành công vào MinIO: image/2024/01/01/20240100000240.jpg
[2024-12-23T20:14:19.325+0000] {logging_mixin.py:188} INFO - File đã được lưu thành công vào MinIO: image/2024/01/01/20240100000241.jpg
[2024-12-23T20:14:21.643+0000] {logging_mixin.py:188} INFO - File đã được lưu thành công vào MinIO: image/2024/01/01/20240100000242.jpg
[2024-12-23T20:14:23.933+0000] {logging_mixin.py:188} INFO - File đã được lưu thành công vào MinIO: image/2024/01/01/20240100000243.jpg
[2024-12-23T20:14:26.198+0000] {logging_mixin.py:188} INFO - File đã được lưu thành công vào MinIO: image/2024/01/01/20240100000244.jpg
[2024-12-23T20:14:28.516+0000] {logging_mixin.py:188} INFO - File đã được lưu thành công vào MinIO: image/2024/01/01/20240100000245.jpg
[2024-12-23T20:14:30.909+0000] {logging_mixin.py:188} INFO - File đã được lưu thành công vào MinIO: image/2024/01/01/20240100000246.jpg
[2024-12-23T20:14:33.204+0000] {logging_mixin.py:188} INFO - File đã được lưu thành công vào MinIO: image/2024/01/01/20240100000247.jpg
[2024-12-23T20:14:35.518+0000] {logging_mixin.py:188} INFO - File đã được lưu thành công vào MinIO: image/2024/01/01/20240100000248.jpg
[2024-12-23T20:14:37.956+0000] {logging_mixin.py:188} INFO - File đã được lưu thành công vào MinIO: image/2024/01/01/20240100000249.jpg
[2024-12-23T20:14:40.229+0000] {logging_mixin.py:188} INFO - File đã được lưu thành công vào MinIO: image/2024/01/01/20240100000250.jpg
[2024-12-23T20:14:42.605+0000] {logging_mixin.py:188} INFO - File đã được lưu thành công vào MinIO: image/2024/01/01/20240100000251.jpg
[2024-12-23T20:14:44.967+0000] {logging_mixin.py:188} INFO - File đã được lưu thành công vào MinIO: image/2024/01/01/20240100000252.jpg
[2024-12-23T20:14:47.251+0000] {logging_mixin.py:188} INFO - File đã được lưu thành công vào MinIO: image/2024/01/01/20240100000253.jpg
[2024-12-23T20:14:49.549+0000] {logging_mixin.py:188} INFO - File đã được lưu thành công vào MinIO: image/2024/01/01/20240100000254.jpg
[2024-12-23T20:14:51.819+0000] {logging_mixin.py:188} INFO - File đã được lưu thành công vào MinIO: image/2024/01/01/20240100000255.jpg
[2024-12-23T20:14:54.120+0000] {logging_mixin.py:188} INFO - File đã được lưu thành công vào MinIO: image/2024/01/01/20240100000256.jpg
[2024-12-23T20:14:56.427+0000] {logging_mixin.py:188} INFO - File đã được lưu thành công vào MinIO: image/2024/01/01/20240100000257.jpg
[2024-12-23T20:14:58.692+0000] {logging_mixin.py:188} INFO - File đã được lưu thành công vào MinIO: image/2024/01/01/20240100000258.jpg
[2024-12-23T20:15:01.004+0000] {logging_mixin.py:188} INFO - File đã được lưu thành công vào MinIO: image/2024/01/01/20240100000259.jpg
[2024-12-23T20:15:03.355+0000] {logging_mixin.py:188} INFO - File đã được lưu thành công vào MinIO: image/2024/01/01/20240100000260.jpg
[2024-12-23T20:15:05.626+0000] {logging_mixin.py:188} INFO - File đã được lưu thành công vào MinIO: image/2024/01/01/20240100000261.jpg
[2024-12-23T20:15:07.993+0000] {logging_mixin.py:188} INFO - File đã được lưu thành công vào MinIO: image/2024/01/01/20240100000262.jpg
[2024-12-23T20:15:10.283+0000] {logging_mixin.py:188} INFO - File đã được lưu thành công vào MinIO: image/2024/01/01/20240100000263.jpg
[2024-12-23T20:15:12.568+0000] {logging_mixin.py:188} INFO - File đã được lưu thành công vào MinIO: image/2024/01/01/20240100000264.jpg
[2024-12-23T20:15:14.887+0000] {logging_mixin.py:188} INFO - File đã được lưu thành công vào MinIO: image/2024/01/01/20240100000265.jpg
[2024-12-23T20:15:17.167+0000] {logging_mixin.py:188} INFO - File đã được lưu thành công vào MinIO: image/2024/01/01/20240100000266.jpg
[2024-12-23T20:15:19.561+0000] {logging_mixin.py:188} INFO - File đã được lưu thành công vào MinIO: image/2024/01/01/20240100000267.jpg
[2024-12-23T20:15:21.773+0000] {logging_mixin.py:188} INFO - File đã được lưu thành công vào MinIO: image/2024/01/01/20240100000268.jpg
[2024-12-23T20:15:24.053+0000] {logging_mixin.py:188} INFO - File đã được lưu thành công vào MinIO: image/2024/01/01/20240100000269.jpg
[2024-12-23T20:15:26.313+0000] {logging_mixin.py:188} INFO - File đã được lưu thành công vào MinIO: image/2024/01/01/20240100000270.jpg
[2024-12-23T20:15:28.571+0000] {logging_mixin.py:188} INFO - File đã được lưu thành công vào MinIO: image/2024/01/01/20240100000271.jpg
[2024-12-23T20:15:30.946+0000] {logging_mixin.py:188} INFO - File đã được lưu thành công vào MinIO: image/2024/01/01/20240100000272.jpg
[2024-12-23T20:15:33.286+0000] {logging_mixin.py:188} INFO - File đã được lưu thành công vào MinIO: image/2024/01/01/20240100000273.jpg
[2024-12-23T20:15:35.637+0000] {logging_mixin.py:188} INFO - File đã được lưu thành công vào MinIO: image/2024/01/01/20240100000274.jpg
[2024-12-23T20:15:37.971+0000] {logging_mixin.py:188} INFO - File đã được lưu thành công vào MinIO: image/2024/01/01/20240100000275.jpg
[2024-12-23T20:15:40.463+0000] {logging_mixin.py:188} INFO - File đã được lưu thành công vào MinIO: image/2024/01/01/20240100000276.jpg
[2024-12-23T20:15:43.146+0000] {logging_mixin.py:188} INFO - File đã được lưu thành công vào MinIO: image/2024/01/01/20240100000277.jpg
[2024-12-23T20:15:51.855+0000] {logging_mixin.py:188} INFO - File đã được lưu thành công vào MinIO: image/2024/01/01/20240100000278.jpg
[2024-12-23T20:15:52.624+0000] {logging_mixin.py:188} INFO - File đã được lưu thành công vào MinIO: image/2024/01/01/20240100000279.jpg
[2024-12-23T20:15:54.907+0000] {logging_mixin.py:188} INFO - File đã được lưu thành công vào MinIO: image/2024/01/01/20240100000280.jpg
[2024-12-23T20:15:57.254+0000] {logging_mixin.py:188} INFO - File đã được lưu thành công vào MinIO: image/2024/01/01/20240100000281.jpg
[2024-12-23T20:15:59.521+0000] {logging_mixin.py:188} INFO - File đã được lưu thành công vào MinIO: image/2024/01/01/20240100000282.jpg
[2024-12-23T20:16:01.803+0000] {logging_mixin.py:188} INFO - File đã được lưu thành công vào MinIO: image/2024/01/01/20240100000283.jpg
[2024-12-23T20:16:04.095+0000] {logging_mixin.py:188} INFO - File đã được lưu thành công vào MinIO: image/2024/01/01/20240100000284.jpg
[2024-12-23T20:16:06.362+0000] {logging_mixin.py:188} INFO - File đã được lưu thành công vào MinIO: image/2024/01/01/20240100000285.jpg
[2024-12-23T20:16:08.645+0000] {logging_mixin.py:188} INFO - File đã được lưu thành công vào MinIO: image/2024/01/01/20240100000286.jpg
[2024-12-23T20:16:10.904+0000] {logging_mixin.py:188} INFO - File đã được lưu thành công vào MinIO: image/2024/01/01/20240100000287.jpg
[2024-12-23T20:16:13.185+0000] {logging_mixin.py:188} INFO - File đã được lưu thành công vào MinIO: image/2024/01/01/20240100000288.jpg
[2024-12-23T20:16:15.512+0000] {logging_mixin.py:188} INFO - File đã được lưu thành công vào MinIO: image/2024/01/01/20240100000289.jpg
[2024-12-23T20:16:17.785+0000] {logging_mixin.py:188} INFO - File đã được lưu thành công vào MinIO: image/2024/01/01/20240100000290.jpg
[2024-12-23T20:16:20.120+0000] {logging_mixin.py:188} INFO - File đã được lưu thành công vào MinIO: image/2024/01/01/20240100000291.jpg
[2024-12-23T20:16:22.430+0000] {logging_mixin.py:188} INFO - File đã được lưu thành công vào MinIO: image/2024/01/01/20240100000292.jpg
[2024-12-23T20:16:24.742+0000] {logging_mixin.py:188} INFO - File đã được lưu thành công vào MinIO: image/2024/01/01/20240100000293.jpg
[2024-12-23T20:16:27.020+0000] {logging_mixin.py:188} INFO - File đã được lưu thành công vào MinIO: image/2024/01/01/20240100000294.jpg
[2024-12-23T20:16:29.279+0000] {logging_mixin.py:188} INFO - File đã được lưu thành công vào MinIO: image/2024/01/01/20240100000295.jpg
[2024-12-23T20:16:31.548+0000] {logging_mixin.py:188} INFO - File đã được lưu thành công vào MinIO: image/2024/01/01/20240100000296.jpg
[2024-12-23T20:16:33.879+0000] {logging_mixin.py:188} INFO - File đã được lưu thành công vào MinIO: image/2024/01/01/20240100000297.jpg
[2024-12-23T20:16:36.194+0000] {logging_mixin.py:188} INFO - File đã được lưu thành công vào MinIO: image/2024/01/01/20240100000298.jpg
[2024-12-23T20:16:38.447+0000] {logging_mixin.py:188} INFO - File đã được lưu thành công vào MinIO: image/2024/01/01/20240100000299.jpg
[2024-12-23T20:16:40.712+0000] {logging_mixin.py:188} INFO - File đã được lưu thành công vào MinIO: image/2024/01/01/20240100000300.jpg
[2024-12-23T20:16:42.991+0000] {logging_mixin.py:188} INFO - File đã được lưu thành công vào MinIO: image/2024/01/01/20240100000301.jpg
[2024-12-23T20:16:45.294+0000] {logging_mixin.py:188} INFO - File đã được lưu thành công vào MinIO: image/2024/01/01/20240100000302.jpg
[2024-12-23T20:16:47.579+0000] {logging_mixin.py:188} INFO - File đã được lưu thành công vào MinIO: image/2024/01/01/20240100000303.jpg
[2024-12-23T20:16:47.840+0000] {local_task_job_runner.py:310} WARNING - State of this instance has been externally set to None. Terminating instance.
[2024-12-23T20:16:47.843+0000] {local_task_job_runner.py:222} INFO - ::endgroup::
[2024-12-23T20:16:47.847+0000] {process_utils.py:132} INFO - Sending 15 to group 219. PIDs of all processes in the group: [219]
[2024-12-23T20:16:47.848+0000] {process_utils.py:87} INFO - Sending the signal 15 to group 219
[2024-12-23T20:16:47.849+0000] {taskinstance.py:2611} ERROR - Received SIGTERM. Terminating subprocesses.
[2024-12-23T20:16:47.851+0000] {taskinstance.py:441} INFO - ::group::Post task execution logs
[2024-12-23T20:16:47.873+0000] {taskinstance.py:2905} ERROR - Task failed with exception
Traceback (most recent call last):
  File "/home/airflow/.local/lib/python3.12/site-packages/airflow/models/taskinstance.py", line 465, in _execute_task
    result = _execute_callable(context=context, **execute_callable_kwargs)
             ^^^^^^^^^^^^^^^^^^^^^^^^^^^^^^^^^^^^^^^^^^^^^^^^^^^^^^^^^^^^^
  File "/home/airflow/.local/lib/python3.12/site-packages/airflow/models/taskinstance.py", line 432, in _execute_callable
    return execute_callable(context=context, **execute_callable_kwargs)
           ^^^^^^^^^^^^^^^^^^^^^^^^^^^^^^^^^^^^^^^^^^^^^^^^^^^^^^^^^^^^
  File "/home/airflow/.local/lib/python3.12/site-packages/airflow/models/baseoperator.py", line 401, in wrapper
    return func(self, *args, **kwargs)
           ^^^^^^^^^^^^^^^^^^^^^^^^^^^
  File "/home/airflow/.local/lib/python3.12/site-packages/airflow/operators/python.py", line 235, in execute
    return_value = self.execute_callable()
                   ^^^^^^^^^^^^^^^^^^^^^^^
  File "/home/airflow/.local/lib/python3.12/site-packages/airflow/operators/python.py", line 252, in execute_callable
    return self.python_callable(*self.op_args, **self.op_kwargs)
           ^^^^^^^^^^^^^^^^^^^^^^^^^^^^^^^^^^^^^^^^^^^^^^^^^^^^^
  File "/opt/airflow/dags/stream_processing/streaming_image_to_dl.py", line 65, in image_to_dl
    for message in consumer:
  File "/home/airflow/.local/lib/python3.12/site-packages/kafka/consumer/group.py", line 1203, in __next__
    return self.next_v2()
           ^^^^^^^^^^^^^^
  File "/home/airflow/.local/lib/python3.12/site-packages/kafka/consumer/group.py", line 1211, in next_v2
    return next(self._iterator)
           ^^^^^^^^^^^^^^^^^^^^
  File "/home/airflow/.local/lib/python3.12/site-packages/kafka/consumer/group.py", line 1126, in _message_generator_v2
    record_map = self.poll(timeout_ms=timeout_ms, update_offsets=False)
                 ^^^^^^^^^^^^^^^^^^^^^^^^^^^^^^^^^^^^^^^^^^^^^^^^^^^^^^
  File "/home/airflow/.local/lib/python3.12/site-packages/kafka/consumer/group.py", line 663, in poll
    records = self._poll_once(remaining, max_records, update_offsets=update_offsets)
              ^^^^^^^^^^^^^^^^^^^^^^^^^^^^^^^^^^^^^^^^^^^^^^^^^^^^^^^^^^^^^^^^^^^^^^
  File "/home/airflow/.local/lib/python3.12/site-packages/kafka/consumer/group.py", line 712, in _poll_once
    self._client.poll(timeout_ms=timeout_ms)
  File "/home/airflow/.local/lib/python3.12/site-packages/kafka/client_async.py", line 601, in poll
    self._poll(timeout / 1000)
  File "/home/airflow/.local/lib/python3.12/site-packages/kafka/client_async.py", line 633, in _poll
    ready = self._selector.select(timeout)
            ^^^^^^^^^^^^^^^^^^^^^^^^^^^^^^
  File "/usr/local/lib/python3.12/selectors.py", line 468, in select
    fd_event_list = self._selector.poll(timeout, max_ev)
                    ^^^^^^^^^^^^^^^^^^^^^^^^^^^^^^^^^^^^
  File "/home/airflow/.local/lib/python3.12/site-packages/airflow/models/taskinstance.py", line 2613, in signal_handler
    raise AirflowTaskTerminated("Task received SIGTERM signal")
airflow.exceptions.AirflowTaskTerminated: Task received SIGTERM signal
[2024-12-23T20:16:47.889+0000] {taskinstance.py:1206} INFO - Marking task as FAILED. dag_id=streaming_pipeline, task_id=image_to_datalake, run_id=manual__2024-12-23T20:05:02.640785+00:00, execution_date=20241223T200502, start_date=20241223T200506, end_date=20241223T201647
[2024-12-23T20:16:47.916+0000] {standard_task_runner.py:110} ERROR - Failed to execute job 167 for task image_to_datalake ((psycopg2.errors.ForeignKeyViolation) insert or update on table "task_fail" violates foreign key constraint "task_fail_ti_fkey"
DETAIL:  Key (dag_id, task_id, run_id, map_index)=(streaming_pipeline, image_to_datalake, manual__2024-12-23T20:05:02.640785+00:00, -1) is not present in table "task_instance".

[SQL: INSERT INTO task_fail (task_id, dag_id, run_id, map_index, start_date, end_date, duration) VALUES (%(task_id)s, %(dag_id)s, %(run_id)s, %(map_index)s, %(start_date)s, %(end_date)s, %(duration)s) RETURNING task_fail.id]
[parameters: {'task_id': 'image_to_datalake', 'dag_id': 'streaming_pipeline', 'run_id': 'manual__2024-12-23T20:05:02.640785+00:00', 'map_index': -1, 'start_date': datetime.datetime(2024, 12, 23, 20, 5, 6, 402042, tzinfo=Timezone('UTC')), 'end_date': datetime.datetime(2024, 12, 23, 20, 16, 47, 887637, tzinfo=Timezone('UTC')), 'duration': 701}]
(Background on this error at: https://sqlalche.me/e/14/gkpj); 219)
[2024-12-23T20:16:47.942+0000] {process_utils.py:80} INFO - Process psutil.Process(pid=219, status='terminated', exitcode=1, started='20:05:05') (219) terminated with exit code 1
