[2024-12-23T08:07:07.482+0000] {local_task_job_runner.py:120} INFO - ::group::Pre task execution logs
[2024-12-23T08:07:07.514+0000] {taskinstance.py:2076} INFO - Dependencies all met for dep_context=non-requeueable deps ti=<TaskInstance: streaming_pipeline.start manual__2024-12-23T08:07:06.148020+00:00 [queued]>
[2024-12-23T08:07:07.526+0000] {taskinstance.py:2076} INFO - Dependencies all met for dep_context=requeueable deps ti=<TaskInstance: streaming_pipeline.start manual__2024-12-23T08:07:06.148020+00:00 [queued]>
[2024-12-23T08:07:07.527+0000] {taskinstance.py:2306} INFO - Starting attempt 1 of 1
[2024-12-23T08:07:07.543+0000] {taskinstance.py:2330} INFO - Executing <Task(PythonOperator): start> on 2024-12-23 08:07:06.148020+00:00
[2024-12-23T08:07:07.549+0000] {standard_task_runner.py:63} INFO - Started process 1592 to run task
[2024-12-23T08:07:07.552+0000] {standard_task_runner.py:90} INFO - Running: ['***', 'tasks', 'run', 'streaming_pipeline', 'start', 'manual__2024-12-23T08:07:06.148020+00:00', '--job-id', '43', '--raw', '--subdir', 'DAGS_FOLDER/pipline_stream.py', '--cfg-path', '/tmp/tmpbl4w0yjl']
[2024-12-23T08:07:07.556+0000] {standard_task_runner.py:91} INFO - Job 43: Subtask start
[2024-12-23T08:07:07.620+0000] {task_command.py:426} INFO - Running <TaskInstance: streaming_pipeline.start manual__2024-12-23T08:07:06.148020+00:00 [running]> on host 45ad5a543c58
[2024-12-23T08:07:07.715+0000] {taskinstance.py:2648} INFO - Exporting env vars: AIRFLOW_CTX_DAG_OWNER='***' AIRFLOW_CTX_DAG_ID='streaming_pipeline' AIRFLOW_CTX_TASK_ID='start' AIRFLOW_CTX_EXECUTION_DATE='2024-12-23T08:07:06.148020+00:00' AIRFLOW_CTX_TRY_NUMBER='1' AIRFLOW_CTX_DAG_RUN_ID='manual__2024-12-23T08:07:06.148020+00:00'
[2024-12-23T08:07:07.716+0000] {taskinstance.py:430} INFO - ::endgroup::
[2024-12-23T08:07:07.729+0000] {logging_mixin.py:188} INFO - Hello from func_1
[2024-12-23T08:07:07.730+0000] {logging_mixin.py:188} INFO - File:  /opt/***/dags/pipline_stream.py
[2024-12-23T08:07:07.730+0000] {logging_mixin.py:188} INFO - Path:  /opt/***/dags/pipline_stream.py
[2024-12-23T08:07:07.731+0000] {logging_mixin.py:188} INFO - Root:  E:/BigData_2/MyProject
[2024-12-23T08:07:07.731+0000] {logging_mixin.py:188} INFO - File test:  /opt/***/data/new/2024/green_tripdata_2024-02.parquet
[2024-12-23T08:07:07.732+0000] {logging_mixin.py:188} INFO - Args simulation:  Args(table_name='green_trip_raw', time_sleep=2, file_path='/opt/***/data/new/2024/green_tripdata_2024-02.parquet', bootstrap_servers='localhost:9092', topic_image='raw_image', topic_speech='raw_speech', max_message_size=5242880, clear_table_first=False, signal_file=None)
[2024-12-23T08:07:07.733+0000] {logging_mixin.py:188} INFO - Args spark streaming:  Args(jars_dir='E:/BigData_2/MyProject/jars', topic_cdc_db='streaming.public.green_trip_raw', bootstrap_servers='localhost:9092', bucket_name='raw', year='2024', month='2', minio_access_key='Xs27nx9M4HgPQ5PXZiUE', minio_secret_key='8iifKZlUZh1NRbepsISUMdg1CxlaIC6OSPQk5X59', minio_endpoint='localhost:9000')
[2024-12-23T08:07:07.733+0000] {logging_mixin.py:188} INFO - Args image streaming:  Args(minio_endpoint='localhost:9000', minio_access_key='Xs27nx9M4HgPQ5PXZiUE', minio_secret_key='8iifKZlUZh1NRbepsISUMdg1CxlaIC6OSPQk5X59', bucket_name='raw', prefix='image', kafka_topic='raw_image', bootstrap_servers='localhost:9092')
[2024-12-23T08:07:07.734+0000] {logging_mixin.py:188} INFO - Args speech streaming:  Args(minio_endpoint='localhost:9000', minio_access_key='Xs27nx9M4HgPQ5PXZiUE', minio_secret_key='8iifKZlUZh1NRbepsISUMdg1CxlaIC6OSPQk5X59', bucket_name='raw', prefix='speech', kafka_topic='raw_speech', bootstrap_servers='localhost:9092')
[2024-12-23T08:07:07.734+0000] {python.py:237} INFO - Done. Returned value was: None
[2024-12-23T08:07:07.735+0000] {taskinstance.py:441} INFO - ::group::Post task execution logs
[2024-12-23T08:07:07.747+0000] {taskinstance.py:1206} INFO - Marking task as SUCCESS. dag_id=streaming_pipeline, task_id=start, run_id=manual__2024-12-23T08:07:06.148020+00:00, execution_date=20241223T080706, start_date=20241223T080707, end_date=20241223T080707
[2024-12-23T08:07:07.767+0000] {local_task_job_runner.py:240} INFO - Task exited with return code 0
[2024-12-23T08:07:07.796+0000] {taskinstance.py:3503} INFO - 1 downstream tasks scheduled from follow-on schedule check
[2024-12-23T08:07:07.799+0000] {local_task_job_runner.py:222} INFO - ::endgroup::
