[2024-12-23T09:30:27.742+0000] {local_task_job_runner.py:120} INFO - ::group::Pre task execution logs
[2024-12-23T09:30:27.775+0000] {taskinstance.py:2076} INFO - Dependencies all met for dep_context=non-requeueable deps ti=<TaskInstance: streaming_pipeline.start manual__2024-12-23T09:30:25.714754+00:00 [queued]>
[2024-12-23T09:30:27.786+0000] {taskinstance.py:2076} INFO - Dependencies all met for dep_context=requeueable deps ti=<TaskInstance: streaming_pipeline.start manual__2024-12-23T09:30:25.714754+00:00 [queued]>
[2024-12-23T09:30:27.787+0000] {taskinstance.py:2306} INFO - Starting attempt 1 of 1
[2024-12-23T09:30:27.804+0000] {taskinstance.py:2330} INFO - Executing <Task(PythonOperator): start> on 2024-12-23 09:30:25.714754+00:00
[2024-12-23T09:30:27.811+0000] {standard_task_runner.py:63} INFO - Started process 2925 to run task
[2024-12-23T09:30:27.813+0000] {standard_task_runner.py:90} INFO - Running: ['***', 'tasks', 'run', 'streaming_pipeline', 'start', 'manual__2024-12-23T09:30:25.714754+00:00', '--job-id', '79', '--raw', '--subdir', 'DAGS_FOLDER/pipline_stream.py', '--cfg-path', '/tmp/tmphhry3abc']
[2024-12-23T09:30:27.815+0000] {standard_task_runner.py:91} INFO - Job 79: Subtask start
[2024-12-23T09:30:27.867+0000] {task_command.py:426} INFO - Running <TaskInstance: streaming_pipeline.start manual__2024-12-23T09:30:25.714754+00:00 [running]> on host 0b4a5bf62610
[2024-12-23T09:30:27.961+0000] {taskinstance.py:2648} INFO - Exporting env vars: AIRFLOW_CTX_DAG_OWNER='***' AIRFLOW_CTX_DAG_ID='streaming_pipeline' AIRFLOW_CTX_TASK_ID='start' AIRFLOW_CTX_EXECUTION_DATE='2024-12-23T09:30:25.714754+00:00' AIRFLOW_CTX_TRY_NUMBER='1' AIRFLOW_CTX_DAG_RUN_ID='manual__2024-12-23T09:30:25.714754+00:00'
[2024-12-23T09:30:27.963+0000] {taskinstance.py:430} INFO - ::endgroup::
[2024-12-23T09:30:27.975+0000] {logging_mixin.py:188} INFO - Hello from func_1
[2024-12-23T09:30:27.976+0000] {logging_mixin.py:188} INFO - File:  /opt/***/dags/pipline_stream.py
[2024-12-23T09:30:27.977+0000] {logging_mixin.py:188} INFO - Path:  /opt/***/dags/pipline_stream.py
[2024-12-23T09:30:27.978+0000] {logging_mixin.py:188} INFO - Root:  E:/BigData_2/MyProject
[2024-12-23T09:30:27.978+0000] {logging_mixin.py:188} INFO - File test:  /opt/***/data/new/2024/green_tripdata_2024-02.parquet
[2024-12-23T09:30:27.979+0000] {logging_mixin.py:188} INFO - Args simulation:  Args(table_name='green_trip_raw', time_sleep=2, file_path='/opt/***/data/new/2024/green_tripdata_2024-02.parquet', bootstrap_servers='broker:29092', topic_image='raw_image', topic_speech='raw_speech', max_message_size=5242880, clear_table_first=True, signal_file=None)
[2024-12-23T09:30:27.980+0000] {logging_mixin.py:188} INFO - Args spark streaming:  Args(jars_dir='/opt/***/jars', topic_cdc_db='streaming.public.green_trip_raw', bootstrap_servers='broker:29092', bucket_name='raw', year='2024', month='2', minio_access_key='Xs27nx9M4HgPQ5PXZiUE', minio_secret_key='8iifKZlUZh1NRbepsISUMdg1CxlaIC6OSPQk5X59', minio_endpoint='192.168.1.2:9000')
[2024-12-23T09:30:27.980+0000] {logging_mixin.py:188} INFO - Args image streaming:  Args(minio_endpoint='192.168.1.2:9000', minio_access_key='Xs27nx9M4HgPQ5PXZiUE', minio_secret_key='8iifKZlUZh1NRbepsISUMdg1CxlaIC6OSPQk5X59', bucket_name='raw', prefix='image', kafka_topic='raw_image', bootstrap_servers='broker:29092')
[2024-12-23T09:30:27.981+0000] {logging_mixin.py:188} INFO - Args speech streaming:  Args(minio_endpoint='192.168.1.2:9000', minio_access_key='Xs27nx9M4HgPQ5PXZiUE', minio_secret_key='8iifKZlUZh1NRbepsISUMdg1CxlaIC6OSPQk5X59', bucket_name='raw', prefix='speech', kafka_topic='raw_speech', bootstrap_servers='broker:29092')
[2024-12-23T09:30:27.981+0000] {python.py:237} INFO - Done. Returned value was: None
[2024-12-23T09:30:27.982+0000] {taskinstance.py:441} INFO - ::group::Post task execution logs
[2024-12-23T09:30:27.994+0000] {taskinstance.py:1206} INFO - Marking task as SUCCESS. dag_id=streaming_pipeline, task_id=start, run_id=manual__2024-12-23T09:30:25.714754+00:00, execution_date=20241223T093025, start_date=20241223T093027, end_date=20241223T093027
[2024-12-23T09:30:28.028+0000] {local_task_job_runner.py:240} INFO - Task exited with return code 0
[2024-12-23T09:30:28.054+0000] {taskinstance.py:3503} INFO - 2 downstream tasks scheduled from follow-on schedule check
[2024-12-23T09:30:28.057+0000] {local_task_job_runner.py:222} INFO - ::endgroup::
