[2024-12-23T08:03:17.396+0000] {local_task_job_runner.py:120} INFO - ::group::Pre task execution logs
[2024-12-23T08:03:17.427+0000] {taskinstance.py:2076} INFO - Dependencies all met for dep_context=non-requeueable deps ti=<TaskInstance: streaming_pipeline.simulation_data_with_image_speech manual__2024-12-23T08:03:13.239553+00:00 [queued]>
[2024-12-23T08:03:17.439+0000] {taskinstance.py:2076} INFO - Dependencies all met for dep_context=requeueable deps ti=<TaskInstance: streaming_pipeline.simulation_data_with_image_speech manual__2024-12-23T08:03:13.239553+00:00 [queued]>
[2024-12-23T08:03:17.440+0000] {taskinstance.py:2306} INFO - Starting attempt 1 of 1
[2024-12-23T08:03:17.455+0000] {taskinstance.py:2330} INFO - Executing <Task(PythonOperator): simulation_data_with_image_speech> on 2024-12-23 08:03:13.239553+00:00
[2024-12-23T08:03:17.463+0000] {standard_task_runner.py:63} INFO - Started process 1486 to run task
[2024-12-23T08:03:17.466+0000] {standard_task_runner.py:90} INFO - Running: ['***', 'tasks', 'run', 'streaming_pipeline', 'simulation_data_with_image_speech', 'manual__2024-12-23T08:03:13.239553+00:00', '--job-id', '40', '--raw', '--subdir', 'DAGS_FOLDER/pipline_stream.py', '--cfg-path', '/tmp/tmpendzm8w9']
[2024-12-23T08:03:17.468+0000] {standard_task_runner.py:91} INFO - Job 40: Subtask simulation_data_with_image_speech
[2024-12-23T08:03:17.523+0000] {task_command.py:426} INFO - Running <TaskInstance: streaming_pipeline.simulation_data_with_image_speech manual__2024-12-23T08:03:13.239553+00:00 [running]> on host 45ad5a543c58
[2024-12-23T08:03:17.631+0000] {taskinstance.py:2648} INFO - Exporting env vars: AIRFLOW_CTX_DAG_OWNER='***' AIRFLOW_CTX_DAG_ID='streaming_pipeline' AIRFLOW_CTX_TASK_ID='simulation_data_with_image_speech' AIRFLOW_CTX_EXECUTION_DATE='2024-12-23T08:03:13.239553+00:00' AIRFLOW_CTX_TRY_NUMBER='1' AIRFLOW_CTX_DAG_RUN_ID='manual__2024-12-23T08:03:13.239553+00:00'
[2024-12-23T08:03:17.632+0000] {taskinstance.py:430} INFO - ::endgroup::
[2024-12-23T08:03:17.685+0000] {taskinstance.py:441} INFO - ::group::Post task execution logs
[2024-12-23T08:03:17.685+0000] {taskinstance.py:2905} ERROR - Task failed with exception
Traceback (most recent call last):
  File "/home/airflow/.local/lib/python3.12/site-packages/airflow/models/taskinstance.py", line 465, in _execute_task
    result = _execute_callable(context=context, **execute_callable_kwargs)
             ^^^^^^^^^^^^^^^^^^^^^^^^^^^^^^^^^^^^^^^^^^^^^^^^^^^^^^^^^^^^^
  File "/home/airflow/.local/lib/python3.12/site-packages/airflow/models/taskinstance.py", line 432, in _execute_callable
    return execute_callable(context=context, **execute_callable_kwargs)
           ^^^^^^^^^^^^^^^^^^^^^^^^^^^^^^^^^^^^^^^^^^^^^^^^^^^^^^^^^^^^
  File "/home/airflow/.local/lib/python3.12/site-packages/airflow/models/baseoperator.py", line 401, in wrapper
    return func(self, *args, **kwargs)
           ^^^^^^^^^^^^^^^^^^^^^^^^^^^
  File "/home/airflow/.local/lib/python3.12/site-packages/airflow/operators/python.py", line 235, in execute
    return_value = self.execute_callable()
                   ^^^^^^^^^^^^^^^^^^^^^^^
  File "/home/airflow/.local/lib/python3.12/site-packages/airflow/operators/python.py", line 252, in execute_callable
    return self.python_callable(*self.op_args, **self.op_kwargs)
           ^^^^^^^^^^^^^^^^^^^^^^^^^^^^^^^^^^^^^^^^^^^^^^^^^^^^^
  File "/opt/airflow/dags/stream_processing/insert_data_to_db.py", line 239, in simulate_data_with_image
    df = pd.read_parquet(args.file_path, engine="pyarrow")
         ^^^^^^^^^^^^^^^^^^^^^^^^^^^^^^^^^^^^^^^^^^^^^^^^^
  File "/home/airflow/.local/lib/python3.12/site-packages/pandas/io/parquet.py", line 670, in read_parquet
    return impl.read(
           ^^^^^^^^^^
  File "/home/airflow/.local/lib/python3.12/site-packages/pandas/io/parquet.py", line 265, in read
    path_or_handle, handles, filesystem = _get_path_or_handle(
                                          ^^^^^^^^^^^^^^^^^^^^
  File "/home/airflow/.local/lib/python3.12/site-packages/pandas/io/parquet.py", line 139, in _get_path_or_handle
    handles = get_handle(
              ^^^^^^^^^^^
  File "/home/airflow/.local/lib/python3.12/site-packages/pandas/io/common.py", line 872, in get_handle
    handle = open(handle, ioargs.mode)
             ^^^^^^^^^^^^^^^^^^^^^^^^^
FileNotFoundError: [Errno 2] No such file or directory: '/new/2024/green_tripdata_2024-02.parquet'
[2024-12-23T08:03:17.702+0000] {taskinstance.py:1206} INFO - Marking task as FAILED. dag_id=streaming_pipeline, task_id=simulation_data_with_image_speech, run_id=manual__2024-12-23T08:03:13.239553+00:00, execution_date=20241223T080313, start_date=20241223T080317, end_date=20241223T080317
[2024-12-23T08:03:17.716+0000] {standard_task_runner.py:110} ERROR - Failed to execute job 40 for task simulation_data_with_image_speech ([Errno 2] No such file or directory: '/new/2024/green_tripdata_2024-02.parquet'; 1486)
[2024-12-23T08:03:17.760+0000] {local_task_job_runner.py:240} INFO - Task exited with return code 1
[2024-12-23T08:03:17.792+0000] {taskinstance.py:3503} INFO - 0 downstream tasks scheduled from follow-on schedule check
[2024-12-23T08:03:17.799+0000] {local_task_job_runner.py:222} INFO - ::endgroup::
