[2024-12-23T06:27:43.590+0000] {local_task_job_runner.py:120} INFO - ::group::Pre task execution logs
[2024-12-23T06:27:43.621+0000] {taskinstance.py:2076} INFO - Dependencies all met for dep_context=non-requeueable deps ti=<TaskInstance: streaming_pipeline.func_1 manual__2024-12-23T06:27:40.768277+00:00 [queued]>
[2024-12-23T06:27:43.635+0000] {taskinstance.py:2076} INFO - Dependencies all met for dep_context=requeueable deps ti=<TaskInstance: streaming_pipeline.func_1 manual__2024-12-23T06:27:40.768277+00:00 [queued]>
[2024-12-23T06:27:43.636+0000] {taskinstance.py:2306} INFO - Starting attempt 1 of 1
[2024-12-23T06:27:43.656+0000] {taskinstance.py:2330} INFO - Executing <Task(PythonOperator): func_1> on 2024-12-23 06:27:40.768277+00:00
[2024-12-23T06:27:43.666+0000] {standard_task_runner.py:90} INFO - Running: ['***', 'tasks', 'run', 'streaming_pipeline', 'func_1', 'manual__2024-12-23T06:27:40.768277+00:00', '--job-id', '26', '--raw', '--subdir', 'DAGS_FOLDER/pipline_stream.py', '--cfg-path', '/tmp/tmpy01bb7ob']
[2024-12-23T06:27:43.664+0000] {warnings.py:112} WARNING - /home/***/.local/lib/python3.12/site-packages/***/task/task_runner/standard_task_runner.py:61: DeprecationWarning: This process (pid=141) is multi-threaded, use of fork() may lead to deadlocks in the child.
  pid = os.fork()

[2024-12-23T06:27:43.667+0000] {standard_task_runner.py:91} INFO - Job 26: Subtask func_1
[2024-12-23T06:27:43.668+0000] {standard_task_runner.py:63} INFO - Started process 142 to run task
[2024-12-23T06:27:43.732+0000] {task_command.py:426} INFO - Running <TaskInstance: streaming_pipeline.func_1 manual__2024-12-23T06:27:40.768277+00:00 [running]> on host 9a8e72a2be87
[2024-12-23T06:27:43.842+0000] {taskinstance.py:2648} INFO - Exporting env vars: AIRFLOW_CTX_DAG_OWNER='***' AIRFLOW_CTX_DAG_ID='streaming_pipeline' AIRFLOW_CTX_TASK_ID='func_1' AIRFLOW_CTX_EXECUTION_DATE='2024-12-23T06:27:40.768277+00:00' AIRFLOW_CTX_TRY_NUMBER='1' AIRFLOW_CTX_DAG_RUN_ID='manual__2024-12-23T06:27:40.768277+00:00'
[2024-12-23T06:27:43.843+0000] {taskinstance.py:430} INFO - ::endgroup::
[2024-12-23T06:27:43.891+0000] {logging_mixin.py:188} INFO - /opt/***/dags/pipline_stream.py
[2024-12-23T06:27:43.892+0000] {python.py:237} INFO - Done. Returned value was: None
[2024-12-23T06:27:43.895+0000] {taskinstance.py:441} INFO - ::group::Post task execution logs
[2024-12-23T06:27:43.908+0000] {taskinstance.py:1206} INFO - Marking task as SUCCESS. dag_id=streaming_pipeline, task_id=func_1, run_id=manual__2024-12-23T06:27:40.768277+00:00, execution_date=20241223T062740, start_date=20241223T062743, end_date=20241223T062743
[2024-12-23T06:27:43.965+0000] {local_task_job_runner.py:240} INFO - Task exited with return code 0
[2024-12-23T06:27:43.986+0000] {taskinstance.py:3503} INFO - 0 downstream tasks scheduled from follow-on schedule check
[2024-12-23T06:27:43.990+0000] {local_task_job_runner.py:222} INFO - ::endgroup::
