[2024-12-18T09:59:30.068+0000] {processor.py:161} INFO - Started process (PID=68) to work on /home/airflow/.local/lib/python3.12/site-packages/airflow/example_dags/example_task_group.py
[2024-12-18T09:59:30.070+0000] {processor.py:830} INFO - Processing file /home/airflow/.local/lib/python3.12/site-packages/airflow/example_dags/example_task_group.py for tasks to queue
[2024-12-18T09:59:30.073+0000] {logging_mixin.py:188} INFO - [2024-12-18T09:59:30.072+0000] {dagbag.py:545} INFO - Filling up the DagBag from /home/airflow/.local/lib/python3.12/site-packages/airflow/example_dags/example_task_group.py
[2024-12-18T09:59:30.088+0000] {processor.py:840} INFO - DAG(s) 'example_task_group' retrieved from /home/airflow/.local/lib/python3.12/site-packages/airflow/example_dags/example_task_group.py
[2024-12-18T09:59:30.274+0000] {logging_mixin.py:188} INFO - [2024-12-18T09:59:30.273+0000] {override.py:1829} INFO - Created Permission View: can delete on DAG:example_task_group
[2024-12-18T09:59:30.297+0000] {logging_mixin.py:188} INFO - [2024-12-18T09:59:30.297+0000] {override.py:1829} INFO - Created Permission View: can read on DAG:example_task_group
[2024-12-18T09:59:30.314+0000] {logging_mixin.py:188} INFO - [2024-12-18T09:59:30.313+0000] {override.py:1829} INFO - Created Permission View: can edit on DAG:example_task_group
[2024-12-18T09:59:30.315+0000] {logging_mixin.py:188} INFO - [2024-12-18T09:59:30.315+0000] {dag.py:3096} INFO - Sync 1 DAGs
[2024-12-18T09:59:30.334+0000] {logging_mixin.py:188} INFO - [2024-12-18T09:59:30.333+0000] {dag.py:3118} INFO - Creating ORM DAG for example_task_group
[2024-12-18T09:59:30.353+0000] {logging_mixin.py:188} INFO - [2024-12-18T09:59:30.352+0000] {dag.py:3954} INFO - Setting next_dagrun for example_task_group to 2024-12-17 00:00:00+00:00, run_after=2024-12-18 00:00:00+00:00
[2024-12-18T09:59:30.387+0000] {processor.py:183} INFO - Processing /home/airflow/.local/lib/python3.12/site-packages/airflow/example_dags/example_task_group.py took 0.329 seconds
[2024-12-18T10:00:01.030+0000] {processor.py:161} INFO - Started process (PID=126) to work on /home/airflow/.local/lib/python3.12/site-packages/airflow/example_dags/example_task_group.py
[2024-12-18T10:00:01.032+0000] {processor.py:830} INFO - Processing file /home/airflow/.local/lib/python3.12/site-packages/airflow/example_dags/example_task_group.py for tasks to queue
[2024-12-18T10:00:01.034+0000] {logging_mixin.py:188} INFO - [2024-12-18T10:00:01.034+0000] {dagbag.py:545} INFO - Filling up the DagBag from /home/airflow/.local/lib/python3.12/site-packages/airflow/example_dags/example_task_group.py
[2024-12-18T10:00:01.044+0000] {processor.py:840} INFO - DAG(s) 'example_task_group' retrieved from /home/airflow/.local/lib/python3.12/site-packages/airflow/example_dags/example_task_group.py
[2024-12-18T10:00:01.076+0000] {logging_mixin.py:188} INFO - [2024-12-18T10:00:01.076+0000] {dag.py:3096} INFO - Sync 1 DAGs
[2024-12-18T10:00:01.104+0000] {logging_mixin.py:188} INFO - [2024-12-18T10:00:01.104+0000] {dag.py:3954} INFO - Setting next_dagrun for example_task_group to 2024-12-17 00:00:00+00:00, run_after=2024-12-18 00:00:00+00:00
[2024-12-18T10:00:01.129+0000] {processor.py:183} INFO - Processing /home/airflow/.local/lib/python3.12/site-packages/airflow/example_dags/example_task_group.py took 0.105 seconds
[2024-12-18T10:00:31.215+0000] {processor.py:161} INFO - Started process (PID=184) to work on /home/airflow/.local/lib/python3.12/site-packages/airflow/example_dags/example_task_group.py
[2024-12-18T10:00:31.217+0000] {processor.py:830} INFO - Processing file /home/airflow/.local/lib/python3.12/site-packages/airflow/example_dags/example_task_group.py for tasks to queue
[2024-12-18T10:00:31.219+0000] {logging_mixin.py:188} INFO - [2024-12-18T10:00:31.219+0000] {dagbag.py:545} INFO - Filling up the DagBag from /home/airflow/.local/lib/python3.12/site-packages/airflow/example_dags/example_task_group.py
[2024-12-18T10:00:31.229+0000] {processor.py:840} INFO - DAG(s) 'example_task_group' retrieved from /home/airflow/.local/lib/python3.12/site-packages/airflow/example_dags/example_task_group.py
[2024-12-18T10:00:31.254+0000] {logging_mixin.py:188} INFO - [2024-12-18T10:00:31.253+0000] {dag.py:3096} INFO - Sync 1 DAGs
[2024-12-18T10:00:31.284+0000] {logging_mixin.py:188} INFO - [2024-12-18T10:00:31.284+0000] {dag.py:3954} INFO - Setting next_dagrun for example_task_group to 2024-12-17 00:00:00+00:00, run_after=2024-12-18 00:00:00+00:00
[2024-12-18T10:00:31.325+0000] {processor.py:183} INFO - Processing /home/airflow/.local/lib/python3.12/site-packages/airflow/example_dags/example_task_group.py took 0.116 seconds
[2024-12-18T10:01:01.715+0000] {processor.py:161} INFO - Started process (PID=242) to work on /home/airflow/.local/lib/python3.12/site-packages/airflow/example_dags/example_task_group.py
[2024-12-18T10:01:01.717+0000] {processor.py:830} INFO - Processing file /home/airflow/.local/lib/python3.12/site-packages/airflow/example_dags/example_task_group.py for tasks to queue
[2024-12-18T10:01:01.720+0000] {logging_mixin.py:188} INFO - [2024-12-18T10:01:01.719+0000] {dagbag.py:545} INFO - Filling up the DagBag from /home/airflow/.local/lib/python3.12/site-packages/airflow/example_dags/example_task_group.py
[2024-12-18T10:01:01.727+0000] {processor.py:840} INFO - DAG(s) 'example_task_group' retrieved from /home/airflow/.local/lib/python3.12/site-packages/airflow/example_dags/example_task_group.py
[2024-12-18T10:01:01.755+0000] {logging_mixin.py:188} INFO - [2024-12-18T10:01:01.755+0000] {dag.py:3096} INFO - Sync 1 DAGs
[2024-12-18T10:01:01.780+0000] {logging_mixin.py:188} INFO - [2024-12-18T10:01:01.780+0000] {dag.py:3954} INFO - Setting next_dagrun for example_task_group to 2024-12-17 00:00:00+00:00, run_after=2024-12-18 00:00:00+00:00
[2024-12-18T10:01:01.810+0000] {processor.py:183} INFO - Processing /home/airflow/.local/lib/python3.12/site-packages/airflow/example_dags/example_task_group.py took 0.100 seconds
[2024-12-18T10:01:31.908+0000] {processor.py:161} INFO - Started process (PID=300) to work on /home/airflow/.local/lib/python3.12/site-packages/airflow/example_dags/example_task_group.py
[2024-12-18T10:01:31.909+0000] {processor.py:830} INFO - Processing file /home/airflow/.local/lib/python3.12/site-packages/airflow/example_dags/example_task_group.py for tasks to queue
[2024-12-18T10:01:31.911+0000] {logging_mixin.py:188} INFO - [2024-12-18T10:01:31.911+0000] {dagbag.py:545} INFO - Filling up the DagBag from /home/airflow/.local/lib/python3.12/site-packages/airflow/example_dags/example_task_group.py
[2024-12-18T10:01:31.918+0000] {processor.py:840} INFO - DAG(s) 'example_task_group' retrieved from /home/airflow/.local/lib/python3.12/site-packages/airflow/example_dags/example_task_group.py
[2024-12-18T10:01:31.943+0000] {logging_mixin.py:188} INFO - [2024-12-18T10:01:31.943+0000] {dag.py:3096} INFO - Sync 1 DAGs
[2024-12-18T10:01:31.969+0000] {logging_mixin.py:188} INFO - [2024-12-18T10:01:31.968+0000] {dag.py:3954} INFO - Setting next_dagrun for example_task_group to 2024-12-17 00:00:00+00:00, run_after=2024-12-18 00:00:00+00:00
[2024-12-18T10:01:31.997+0000] {processor.py:183} INFO - Processing /home/airflow/.local/lib/python3.12/site-packages/airflow/example_dags/example_task_group.py took 0.095 seconds
[2024-12-18T10:02:02.418+0000] {processor.py:161} INFO - Started process (PID=364) to work on /home/airflow/.local/lib/python3.12/site-packages/airflow/example_dags/example_task_group.py
[2024-12-18T10:02:02.420+0000] {processor.py:830} INFO - Processing file /home/airflow/.local/lib/python3.12/site-packages/airflow/example_dags/example_task_group.py for tasks to queue
[2024-12-18T10:02:02.422+0000] {logging_mixin.py:188} INFO - [2024-12-18T10:02:02.421+0000] {dagbag.py:545} INFO - Filling up the DagBag from /home/airflow/.local/lib/python3.12/site-packages/airflow/example_dags/example_task_group.py
[2024-12-18T10:02:02.428+0000] {processor.py:840} INFO - DAG(s) 'example_task_group' retrieved from /home/airflow/.local/lib/python3.12/site-packages/airflow/example_dags/example_task_group.py
[2024-12-18T10:02:02.458+0000] {logging_mixin.py:188} INFO - [2024-12-18T10:02:02.458+0000] {dag.py:3096} INFO - Sync 1 DAGs
[2024-12-18T10:02:02.487+0000] {logging_mixin.py:188} INFO - [2024-12-18T10:02:02.487+0000] {dag.py:3954} INFO - Setting next_dagrun for example_task_group to 2024-12-17 00:00:00+00:00, run_after=2024-12-18 00:00:00+00:00
[2024-12-18T10:02:02.517+0000] {processor.py:183} INFO - Processing /home/airflow/.local/lib/python3.12/site-packages/airflow/example_dags/example_task_group.py took 0.104 seconds
[2024-12-18T10:02:32.685+0000] {processor.py:161} INFO - Started process (PID=421) to work on /home/airflow/.local/lib/python3.12/site-packages/airflow/example_dags/example_task_group.py
[2024-12-18T10:02:32.687+0000] {processor.py:830} INFO - Processing file /home/airflow/.local/lib/python3.12/site-packages/airflow/example_dags/example_task_group.py for tasks to queue
[2024-12-18T10:02:32.689+0000] {logging_mixin.py:188} INFO - [2024-12-18T10:02:32.689+0000] {dagbag.py:545} INFO - Filling up the DagBag from /home/airflow/.local/lib/python3.12/site-packages/airflow/example_dags/example_task_group.py
[2024-12-18T10:02:32.696+0000] {processor.py:840} INFO - DAG(s) 'example_task_group' retrieved from /home/airflow/.local/lib/python3.12/site-packages/airflow/example_dags/example_task_group.py
[2024-12-18T10:02:32.720+0000] {logging_mixin.py:188} INFO - [2024-12-18T10:02:32.720+0000] {dag.py:3096} INFO - Sync 1 DAGs
[2024-12-18T10:02:32.744+0000] {logging_mixin.py:188} INFO - [2024-12-18T10:02:32.743+0000] {dag.py:3954} INFO - Setting next_dagrun for example_task_group to 2024-12-17 00:00:00+00:00, run_after=2024-12-18 00:00:00+00:00
[2024-12-18T10:02:32.769+0000] {processor.py:183} INFO - Processing /home/airflow/.local/lib/python3.12/site-packages/airflow/example_dags/example_task_group.py took 0.089 seconds
[2024-12-18T10:03:03.053+0000] {processor.py:161} INFO - Started process (PID=479) to work on /home/airflow/.local/lib/python3.12/site-packages/airflow/example_dags/example_task_group.py
[2024-12-18T10:03:03.054+0000] {processor.py:830} INFO - Processing file /home/airflow/.local/lib/python3.12/site-packages/airflow/example_dags/example_task_group.py for tasks to queue
[2024-12-18T10:03:03.057+0000] {logging_mixin.py:188} INFO - [2024-12-18T10:03:03.056+0000] {dagbag.py:545} INFO - Filling up the DagBag from /home/airflow/.local/lib/python3.12/site-packages/airflow/example_dags/example_task_group.py
[2024-12-18T10:03:03.065+0000] {processor.py:840} INFO - DAG(s) 'example_task_group' retrieved from /home/airflow/.local/lib/python3.12/site-packages/airflow/example_dags/example_task_group.py
[2024-12-18T10:03:03.090+0000] {logging_mixin.py:188} INFO - [2024-12-18T10:03:03.090+0000] {dag.py:3096} INFO - Sync 1 DAGs
[2024-12-18T10:03:03.119+0000] {logging_mixin.py:188} INFO - [2024-12-18T10:03:03.118+0000] {dag.py:3954} INFO - Setting next_dagrun for example_task_group to 2024-12-17 00:00:00+00:00, run_after=2024-12-18 00:00:00+00:00
[2024-12-18T10:03:03.144+0000] {processor.py:183} INFO - Processing /home/airflow/.local/lib/python3.12/site-packages/airflow/example_dags/example_task_group.py took 0.099 seconds
[2024-12-18T10:03:33.356+0000] {processor.py:161} INFO - Started process (PID=537) to work on /home/airflow/.local/lib/python3.12/site-packages/airflow/example_dags/example_task_group.py
[2024-12-18T10:03:33.357+0000] {processor.py:830} INFO - Processing file /home/airflow/.local/lib/python3.12/site-packages/airflow/example_dags/example_task_group.py for tasks to queue
[2024-12-18T10:03:33.359+0000] {logging_mixin.py:188} INFO - [2024-12-18T10:03:33.359+0000] {dagbag.py:545} INFO - Filling up the DagBag from /home/airflow/.local/lib/python3.12/site-packages/airflow/example_dags/example_task_group.py
[2024-12-18T10:03:33.366+0000] {processor.py:840} INFO - DAG(s) 'example_task_group' retrieved from /home/airflow/.local/lib/python3.12/site-packages/airflow/example_dags/example_task_group.py
[2024-12-18T10:03:33.389+0000] {logging_mixin.py:188} INFO - [2024-12-18T10:03:33.389+0000] {dag.py:3096} INFO - Sync 1 DAGs
[2024-12-18T10:03:33.412+0000] {logging_mixin.py:188} INFO - [2024-12-18T10:03:33.412+0000] {dag.py:3954} INFO - Setting next_dagrun for example_task_group to 2024-12-17 00:00:00+00:00, run_after=2024-12-18 00:00:00+00:00
[2024-12-18T10:03:33.438+0000] {processor.py:183} INFO - Processing /home/airflow/.local/lib/python3.12/site-packages/airflow/example_dags/example_task_group.py took 0.088 seconds
[2024-12-18T10:04:03.830+0000] {processor.py:161} INFO - Started process (PID=595) to work on /home/airflow/.local/lib/python3.12/site-packages/airflow/example_dags/example_task_group.py
[2024-12-18T10:04:03.831+0000] {processor.py:830} INFO - Processing file /home/airflow/.local/lib/python3.12/site-packages/airflow/example_dags/example_task_group.py for tasks to queue
[2024-12-18T10:04:03.833+0000] {logging_mixin.py:188} INFO - [2024-12-18T10:04:03.833+0000] {dagbag.py:545} INFO - Filling up the DagBag from /home/airflow/.local/lib/python3.12/site-packages/airflow/example_dags/example_task_group.py
[2024-12-18T10:04:03.840+0000] {processor.py:840} INFO - DAG(s) 'example_task_group' retrieved from /home/airflow/.local/lib/python3.12/site-packages/airflow/example_dags/example_task_group.py
[2024-12-18T10:04:03.866+0000] {logging_mixin.py:188} INFO - [2024-12-18T10:04:03.865+0000] {dag.py:3096} INFO - Sync 1 DAGs
[2024-12-18T10:04:03.889+0000] {logging_mixin.py:188} INFO - [2024-12-18T10:04:03.889+0000] {dag.py:3954} INFO - Setting next_dagrun for example_task_group to 2024-12-17 00:00:00+00:00, run_after=2024-12-18 00:00:00+00:00
[2024-12-18T10:04:03.911+0000] {processor.py:183} INFO - Processing /home/airflow/.local/lib/python3.12/site-packages/airflow/example_dags/example_task_group.py took 0.087 seconds
[2024-12-18T10:04:33.987+0000] {processor.py:161} INFO - Started process (PID=653) to work on /home/airflow/.local/lib/python3.12/site-packages/airflow/example_dags/example_task_group.py
[2024-12-18T10:04:33.988+0000] {processor.py:830} INFO - Processing file /home/airflow/.local/lib/python3.12/site-packages/airflow/example_dags/example_task_group.py for tasks to queue
[2024-12-18T10:04:33.990+0000] {logging_mixin.py:188} INFO - [2024-12-18T10:04:33.990+0000] {dagbag.py:545} INFO - Filling up the DagBag from /home/airflow/.local/lib/python3.12/site-packages/airflow/example_dags/example_task_group.py
[2024-12-18T10:04:33.997+0000] {processor.py:840} INFO - DAG(s) 'example_task_group' retrieved from /home/airflow/.local/lib/python3.12/site-packages/airflow/example_dags/example_task_group.py
[2024-12-18T10:04:34.023+0000] {logging_mixin.py:188} INFO - [2024-12-18T10:04:34.023+0000] {dag.py:3096} INFO - Sync 1 DAGs
[2024-12-18T10:04:34.047+0000] {logging_mixin.py:188} INFO - [2024-12-18T10:04:34.046+0000] {dag.py:3954} INFO - Setting next_dagrun for example_task_group to 2024-12-17 00:00:00+00:00, run_after=2024-12-18 00:00:00+00:00
[2024-12-18T10:04:34.073+0000] {processor.py:183} INFO - Processing /home/airflow/.local/lib/python3.12/site-packages/airflow/example_dags/example_task_group.py took 0.092 seconds
[2024-12-18T10:05:04.379+0000] {processor.py:161} INFO - Started process (PID=711) to work on /home/airflow/.local/lib/python3.12/site-packages/airflow/example_dags/example_task_group.py
[2024-12-18T10:05:04.380+0000] {processor.py:830} INFO - Processing file /home/airflow/.local/lib/python3.12/site-packages/airflow/example_dags/example_task_group.py for tasks to queue
[2024-12-18T10:05:04.382+0000] {logging_mixin.py:188} INFO - [2024-12-18T10:05:04.382+0000] {dagbag.py:545} INFO - Filling up the DagBag from /home/airflow/.local/lib/python3.12/site-packages/airflow/example_dags/example_task_group.py
[2024-12-18T10:05:04.389+0000] {processor.py:840} INFO - DAG(s) 'example_task_group' retrieved from /home/airflow/.local/lib/python3.12/site-packages/airflow/example_dags/example_task_group.py
[2024-12-18T10:05:04.411+0000] {logging_mixin.py:188} INFO - [2024-12-18T10:05:04.411+0000] {dag.py:3096} INFO - Sync 1 DAGs
[2024-12-18T10:05:04.433+0000] {logging_mixin.py:188} INFO - [2024-12-18T10:05:04.433+0000] {dag.py:3954} INFO - Setting next_dagrun for example_task_group to 2024-12-17 00:00:00+00:00, run_after=2024-12-18 00:00:00+00:00
[2024-12-18T10:05:04.459+0000] {processor.py:183} INFO - Processing /home/airflow/.local/lib/python3.12/site-packages/airflow/example_dags/example_task_group.py took 0.086 seconds
[2024-12-18T10:05:34.963+0000] {processor.py:161} INFO - Started process (PID=770) to work on /home/airflow/.local/lib/python3.12/site-packages/airflow/example_dags/example_task_group.py
[2024-12-18T10:05:34.965+0000] {processor.py:830} INFO - Processing file /home/airflow/.local/lib/python3.12/site-packages/airflow/example_dags/example_task_group.py for tasks to queue
[2024-12-18T10:05:34.968+0000] {logging_mixin.py:188} INFO - [2024-12-18T10:05:34.967+0000] {dagbag.py:545} INFO - Filling up the DagBag from /home/airflow/.local/lib/python3.12/site-packages/airflow/example_dags/example_task_group.py
[2024-12-18T10:05:34.974+0000] {processor.py:840} INFO - DAG(s) 'example_task_group' retrieved from /home/airflow/.local/lib/python3.12/site-packages/airflow/example_dags/example_task_group.py
[2024-12-18T10:05:34.998+0000] {logging_mixin.py:188} INFO - [2024-12-18T10:05:34.998+0000] {dag.py:3096} INFO - Sync 1 DAGs
[2024-12-18T10:05:35.021+0000] {logging_mixin.py:188} INFO - [2024-12-18T10:05:35.020+0000] {dag.py:3954} INFO - Setting next_dagrun for example_task_group to 2024-12-17 00:00:00+00:00, run_after=2024-12-18 00:00:00+00:00
[2024-12-18T10:05:35.048+0000] {processor.py:183} INFO - Processing /home/airflow/.local/lib/python3.12/site-packages/airflow/example_dags/example_task_group.py took 0.089 seconds
[2024-12-18T10:06:05.343+0000] {processor.py:161} INFO - Started process (PID=829) to work on /home/airflow/.local/lib/python3.12/site-packages/airflow/example_dags/example_task_group.py
[2024-12-18T10:06:05.344+0000] {processor.py:830} INFO - Processing file /home/airflow/.local/lib/python3.12/site-packages/airflow/example_dags/example_task_group.py for tasks to queue
[2024-12-18T10:06:05.347+0000] {logging_mixin.py:188} INFO - [2024-12-18T10:06:05.346+0000] {dagbag.py:545} INFO - Filling up the DagBag from /home/airflow/.local/lib/python3.12/site-packages/airflow/example_dags/example_task_group.py
[2024-12-18T10:06:05.354+0000] {processor.py:840} INFO - DAG(s) 'example_task_group' retrieved from /home/airflow/.local/lib/python3.12/site-packages/airflow/example_dags/example_task_group.py
[2024-12-18T10:06:05.377+0000] {logging_mixin.py:188} INFO - [2024-12-18T10:06:05.377+0000] {dag.py:3096} INFO - Sync 1 DAGs
[2024-12-18T10:06:05.404+0000] {logging_mixin.py:188} INFO - [2024-12-18T10:06:05.403+0000] {dag.py:3954} INFO - Setting next_dagrun for example_task_group to 2024-12-17 00:00:00+00:00, run_after=2024-12-18 00:00:00+00:00
[2024-12-18T10:06:05.432+0000] {processor.py:183} INFO - Processing /home/airflow/.local/lib/python3.12/site-packages/airflow/example_dags/example_task_group.py took 0.094 seconds
[2024-12-18T10:06:35.828+0000] {processor.py:161} INFO - Started process (PID=887) to work on /home/airflow/.local/lib/python3.12/site-packages/airflow/example_dags/example_task_group.py
[2024-12-18T10:06:35.829+0000] {processor.py:830} INFO - Processing file /home/airflow/.local/lib/python3.12/site-packages/airflow/example_dags/example_task_group.py for tasks to queue
[2024-12-18T10:06:35.832+0000] {logging_mixin.py:188} INFO - [2024-12-18T10:06:35.831+0000] {dagbag.py:545} INFO - Filling up the DagBag from /home/airflow/.local/lib/python3.12/site-packages/airflow/example_dags/example_task_group.py
[2024-12-18T10:06:35.839+0000] {processor.py:840} INFO - DAG(s) 'example_task_group' retrieved from /home/airflow/.local/lib/python3.12/site-packages/airflow/example_dags/example_task_group.py
[2024-12-18T10:06:35.861+0000] {logging_mixin.py:188} INFO - [2024-12-18T10:06:35.861+0000] {dag.py:3096} INFO - Sync 1 DAGs
[2024-12-18T10:06:35.883+0000] {logging_mixin.py:188} INFO - [2024-12-18T10:06:35.883+0000] {dag.py:3954} INFO - Setting next_dagrun for example_task_group to 2024-12-17 00:00:00+00:00, run_after=2024-12-18 00:00:00+00:00
[2024-12-18T10:06:35.909+0000] {processor.py:183} INFO - Processing /home/airflow/.local/lib/python3.12/site-packages/airflow/example_dags/example_task_group.py took 0.086 seconds
[2024-12-18T10:07:06.285+0000] {processor.py:161} INFO - Started process (PID=945) to work on /home/airflow/.local/lib/python3.12/site-packages/airflow/example_dags/example_task_group.py
[2024-12-18T10:07:06.287+0000] {processor.py:830} INFO - Processing file /home/airflow/.local/lib/python3.12/site-packages/airflow/example_dags/example_task_group.py for tasks to queue
[2024-12-18T10:07:06.289+0000] {logging_mixin.py:188} INFO - [2024-12-18T10:07:06.289+0000] {dagbag.py:545} INFO - Filling up the DagBag from /home/airflow/.local/lib/python3.12/site-packages/airflow/example_dags/example_task_group.py
[2024-12-18T10:07:06.298+0000] {processor.py:840} INFO - DAG(s) 'example_task_group' retrieved from /home/airflow/.local/lib/python3.12/site-packages/airflow/example_dags/example_task_group.py
[2024-12-18T10:07:06.323+0000] {logging_mixin.py:188} INFO - [2024-12-18T10:07:06.323+0000] {dag.py:3096} INFO - Sync 1 DAGs
[2024-12-18T10:07:06.346+0000] {logging_mixin.py:188} INFO - [2024-12-18T10:07:06.346+0000] {dag.py:3954} INFO - Setting next_dagrun for example_task_group to 2024-12-17 00:00:00+00:00, run_after=2024-12-18 00:00:00+00:00
[2024-12-18T10:07:06.371+0000] {processor.py:183} INFO - Processing /home/airflow/.local/lib/python3.12/site-packages/airflow/example_dags/example_task_group.py took 0.091 seconds
[2024-12-18T10:07:36.658+0000] {processor.py:161} INFO - Started process (PID=1003) to work on /home/airflow/.local/lib/python3.12/site-packages/airflow/example_dags/example_task_group.py
[2024-12-18T10:07:36.659+0000] {processor.py:830} INFO - Processing file /home/airflow/.local/lib/python3.12/site-packages/airflow/example_dags/example_task_group.py for tasks to queue
[2024-12-18T10:07:36.661+0000] {logging_mixin.py:188} INFO - [2024-12-18T10:07:36.660+0000] {dagbag.py:545} INFO - Filling up the DagBag from /home/airflow/.local/lib/python3.12/site-packages/airflow/example_dags/example_task_group.py
[2024-12-18T10:07:36.668+0000] {processor.py:840} INFO - DAG(s) 'example_task_group' retrieved from /home/airflow/.local/lib/python3.12/site-packages/airflow/example_dags/example_task_group.py
[2024-12-18T10:07:36.691+0000] {logging_mixin.py:188} INFO - [2024-12-18T10:07:36.691+0000] {dag.py:3096} INFO - Sync 1 DAGs
[2024-12-18T10:07:36.716+0000] {logging_mixin.py:188} INFO - [2024-12-18T10:07:36.716+0000] {dag.py:3954} INFO - Setting next_dagrun for example_task_group to 2024-12-17 00:00:00+00:00, run_after=2024-12-18 00:00:00+00:00
[2024-12-18T10:07:36.744+0000] {processor.py:183} INFO - Processing /home/airflow/.local/lib/python3.12/site-packages/airflow/example_dags/example_task_group.py took 0.092 seconds
[2024-12-18T10:08:06.927+0000] {processor.py:161} INFO - Started process (PID=1061) to work on /home/airflow/.local/lib/python3.12/site-packages/airflow/example_dags/example_task_group.py
[2024-12-18T10:08:06.928+0000] {processor.py:830} INFO - Processing file /home/airflow/.local/lib/python3.12/site-packages/airflow/example_dags/example_task_group.py for tasks to queue
[2024-12-18T10:08:06.931+0000] {logging_mixin.py:188} INFO - [2024-12-18T10:08:06.930+0000] {dagbag.py:545} INFO - Filling up the DagBag from /home/airflow/.local/lib/python3.12/site-packages/airflow/example_dags/example_task_group.py
[2024-12-18T10:08:06.938+0000] {processor.py:840} INFO - DAG(s) 'example_task_group' retrieved from /home/airflow/.local/lib/python3.12/site-packages/airflow/example_dags/example_task_group.py
[2024-12-18T10:08:06.962+0000] {logging_mixin.py:188} INFO - [2024-12-18T10:08:06.962+0000] {dag.py:3096} INFO - Sync 1 DAGs
[2024-12-18T10:08:06.985+0000] {logging_mixin.py:188} INFO - [2024-12-18T10:08:06.985+0000] {dag.py:3954} INFO - Setting next_dagrun for example_task_group to 2024-12-17 00:00:00+00:00, run_after=2024-12-18 00:00:00+00:00
[2024-12-18T10:08:07.012+0000] {processor.py:183} INFO - Processing /home/airflow/.local/lib/python3.12/site-packages/airflow/example_dags/example_task_group.py took 0.091 seconds
[2024-12-18T10:08:37.077+0000] {processor.py:161} INFO - Started process (PID=1118) to work on /home/airflow/.local/lib/python3.12/site-packages/airflow/example_dags/example_task_group.py
[2024-12-18T10:08:37.079+0000] {processor.py:830} INFO - Processing file /home/airflow/.local/lib/python3.12/site-packages/airflow/example_dags/example_task_group.py for tasks to queue
[2024-12-18T10:08:37.081+0000] {logging_mixin.py:188} INFO - [2024-12-18T10:08:37.081+0000] {dagbag.py:545} INFO - Filling up the DagBag from /home/airflow/.local/lib/python3.12/site-packages/airflow/example_dags/example_task_group.py
[2024-12-18T10:08:37.088+0000] {processor.py:840} INFO - DAG(s) 'example_task_group' retrieved from /home/airflow/.local/lib/python3.12/site-packages/airflow/example_dags/example_task_group.py
[2024-12-18T10:08:37.114+0000] {logging_mixin.py:188} INFO - [2024-12-18T10:08:37.114+0000] {dag.py:3096} INFO - Sync 1 DAGs
[2024-12-18T10:08:37.137+0000] {logging_mixin.py:188} INFO - [2024-12-18T10:08:37.137+0000] {dag.py:3954} INFO - Setting next_dagrun for example_task_group to 2024-12-17 00:00:00+00:00, run_after=2024-12-18 00:00:00+00:00
[2024-12-18T10:08:37.163+0000] {processor.py:183} INFO - Processing /home/airflow/.local/lib/python3.12/site-packages/airflow/example_dags/example_task_group.py took 0.091 seconds
[2024-12-18T10:09:07.332+0000] {processor.py:161} INFO - Started process (PID=1176) to work on /home/airflow/.local/lib/python3.12/site-packages/airflow/example_dags/example_task_group.py
[2024-12-18T10:09:07.333+0000] {processor.py:830} INFO - Processing file /home/airflow/.local/lib/python3.12/site-packages/airflow/example_dags/example_task_group.py for tasks to queue
[2024-12-18T10:09:07.336+0000] {logging_mixin.py:188} INFO - [2024-12-18T10:09:07.335+0000] {dagbag.py:545} INFO - Filling up the DagBag from /home/airflow/.local/lib/python3.12/site-packages/airflow/example_dags/example_task_group.py
[2024-12-18T10:09:07.344+0000] {processor.py:840} INFO - DAG(s) 'example_task_group' retrieved from /home/airflow/.local/lib/python3.12/site-packages/airflow/example_dags/example_task_group.py
[2024-12-18T10:09:07.368+0000] {logging_mixin.py:188} INFO - [2024-12-18T10:09:07.368+0000] {dag.py:3096} INFO - Sync 1 DAGs
[2024-12-18T10:09:07.395+0000] {logging_mixin.py:188} INFO - [2024-12-18T10:09:07.394+0000] {dag.py:3954} INFO - Setting next_dagrun for example_task_group to 2024-12-17 00:00:00+00:00, run_after=2024-12-18 00:00:00+00:00
[2024-12-18T10:09:07.422+0000] {processor.py:183} INFO - Processing /home/airflow/.local/lib/python3.12/site-packages/airflow/example_dags/example_task_group.py took 0.096 seconds
[2024-12-18T10:09:37.782+0000] {processor.py:161} INFO - Started process (PID=1234) to work on /home/airflow/.local/lib/python3.12/site-packages/airflow/example_dags/example_task_group.py
[2024-12-18T10:09:37.783+0000] {processor.py:830} INFO - Processing file /home/airflow/.local/lib/python3.12/site-packages/airflow/example_dags/example_task_group.py for tasks to queue
[2024-12-18T10:09:37.785+0000] {logging_mixin.py:188} INFO - [2024-12-18T10:09:37.785+0000] {dagbag.py:545} INFO - Filling up the DagBag from /home/airflow/.local/lib/python3.12/site-packages/airflow/example_dags/example_task_group.py
[2024-12-18T10:09:37.792+0000] {processor.py:840} INFO - DAG(s) 'example_task_group' retrieved from /home/airflow/.local/lib/python3.12/site-packages/airflow/example_dags/example_task_group.py
[2024-12-18T10:09:37.817+0000] {logging_mixin.py:188} INFO - [2024-12-18T10:09:37.817+0000] {dag.py:3096} INFO - Sync 1 DAGs
[2024-12-18T10:09:37.842+0000] {logging_mixin.py:188} INFO - [2024-12-18T10:09:37.842+0000] {dag.py:3954} INFO - Setting next_dagrun for example_task_group to 2024-12-17 00:00:00+00:00, run_after=2024-12-18 00:00:00+00:00
[2024-12-18T10:09:37.869+0000] {processor.py:183} INFO - Processing /home/airflow/.local/lib/python3.12/site-packages/airflow/example_dags/example_task_group.py took 0.093 seconds
[2024-12-18T10:10:07.938+0000] {processor.py:161} INFO - Started process (PID=1292) to work on /home/airflow/.local/lib/python3.12/site-packages/airflow/example_dags/example_task_group.py
[2024-12-18T10:10:07.940+0000] {processor.py:830} INFO - Processing file /home/airflow/.local/lib/python3.12/site-packages/airflow/example_dags/example_task_group.py for tasks to queue
[2024-12-18T10:10:07.943+0000] {logging_mixin.py:188} INFO - [2024-12-18T10:10:07.942+0000] {dagbag.py:545} INFO - Filling up the DagBag from /home/airflow/.local/lib/python3.12/site-packages/airflow/example_dags/example_task_group.py
[2024-12-18T10:10:07.952+0000] {processor.py:840} INFO - DAG(s) 'example_task_group' retrieved from /home/airflow/.local/lib/python3.12/site-packages/airflow/example_dags/example_task_group.py
[2024-12-18T10:10:07.980+0000] {logging_mixin.py:188} INFO - [2024-12-18T10:10:07.980+0000] {dag.py:3096} INFO - Sync 1 DAGs
[2024-12-18T10:10:08.005+0000] {logging_mixin.py:188} INFO - [2024-12-18T10:10:08.005+0000] {dag.py:3954} INFO - Setting next_dagrun for example_task_group to 2024-12-17 00:00:00+00:00, run_after=2024-12-18 00:00:00+00:00
[2024-12-18T10:10:08.033+0000] {processor.py:183} INFO - Processing /home/airflow/.local/lib/python3.12/site-packages/airflow/example_dags/example_task_group.py took 0.101 seconds
[2024-12-18T10:10:38.421+0000] {processor.py:161} INFO - Started process (PID=1350) to work on /home/airflow/.local/lib/python3.12/site-packages/airflow/example_dags/example_task_group.py
[2024-12-18T10:10:38.422+0000] {processor.py:830} INFO - Processing file /home/airflow/.local/lib/python3.12/site-packages/airflow/example_dags/example_task_group.py for tasks to queue
[2024-12-18T10:10:38.425+0000] {logging_mixin.py:188} INFO - [2024-12-18T10:10:38.424+0000] {dagbag.py:545} INFO - Filling up the DagBag from /home/airflow/.local/lib/python3.12/site-packages/airflow/example_dags/example_task_group.py
[2024-12-18T10:10:38.432+0000] {processor.py:840} INFO - DAG(s) 'example_task_group' retrieved from /home/airflow/.local/lib/python3.12/site-packages/airflow/example_dags/example_task_group.py
[2024-12-18T10:10:38.455+0000] {logging_mixin.py:188} INFO - [2024-12-18T10:10:38.455+0000] {dag.py:3096} INFO - Sync 1 DAGs
[2024-12-18T10:10:38.480+0000] {logging_mixin.py:188} INFO - [2024-12-18T10:10:38.480+0000] {dag.py:3954} INFO - Setting next_dagrun for example_task_group to 2024-12-17 00:00:00+00:00, run_after=2024-12-18 00:00:00+00:00
[2024-12-18T10:10:38.505+0000] {processor.py:183} INFO - Processing /home/airflow/.local/lib/python3.12/site-packages/airflow/example_dags/example_task_group.py took 0.090 seconds
