[2024-12-18T09:59:35.854+0000] {processor.py:161} INFO - Started process (PID=96) to work on /home/airflow/.local/lib/python3.12/site-packages/airflow/example_dags/example_branch_labels.py
[2024-12-18T09:59:35.855+0000] {processor.py:830} INFO - Processing file /home/airflow/.local/lib/python3.12/site-packages/airflow/example_dags/example_branch_labels.py for tasks to queue
[2024-12-18T09:59:35.858+0000] {logging_mixin.py:188} INFO - [2024-12-18T09:59:35.857+0000] {dagbag.py:545} INFO - Filling up the DagBag from /home/airflow/.local/lib/python3.12/site-packages/airflow/example_dags/example_branch_labels.py
[2024-12-18T09:59:35.869+0000] {processor.py:840} INFO - DAG(s) 'example_branch_labels' retrieved from /home/airflow/.local/lib/python3.12/site-packages/airflow/example_dags/example_branch_labels.py
[2024-12-18T09:59:36.026+0000] {logging_mixin.py:188} INFO - [2024-12-18T09:59:36.025+0000] {override.py:1829} INFO - Created Permission View: can delete on DAG:example_branch_labels
[2024-12-18T09:59:36.043+0000] {logging_mixin.py:188} INFO - [2024-12-18T09:59:36.042+0000] {override.py:1829} INFO - Created Permission View: can read on DAG:example_branch_labels
[2024-12-18T09:59:36.054+0000] {logging_mixin.py:188} INFO - [2024-12-18T09:59:36.054+0000] {override.py:1829} INFO - Created Permission View: can edit on DAG:example_branch_labels
[2024-12-18T09:59:36.055+0000] {logging_mixin.py:188} INFO - [2024-12-18T09:59:36.055+0000] {dag.py:3096} INFO - Sync 1 DAGs
[2024-12-18T09:59:36.072+0000] {logging_mixin.py:188} INFO - [2024-12-18T09:59:36.072+0000] {dag.py:3118} INFO - Creating ORM DAG for example_branch_labels
[2024-12-18T09:59:36.086+0000] {logging_mixin.py:188} INFO - [2024-12-18T09:59:36.086+0000] {dag.py:3954} INFO - Setting next_dagrun for example_branch_labels to 2024-12-17 00:00:00+00:00, run_after=2024-12-18 00:00:00+00:00
[2024-12-18T09:59:36.110+0000] {processor.py:183} INFO - Processing /home/airflow/.local/lib/python3.12/site-packages/airflow/example_dags/example_branch_labels.py took 0.262 seconds
[2024-12-18T10:00:06.227+0000] {processor.py:161} INFO - Started process (PID=154) to work on /home/airflow/.local/lib/python3.12/site-packages/airflow/example_dags/example_branch_labels.py
[2024-12-18T10:00:06.228+0000] {processor.py:830} INFO - Processing file /home/airflow/.local/lib/python3.12/site-packages/airflow/example_dags/example_branch_labels.py for tasks to queue
[2024-12-18T10:00:06.232+0000] {logging_mixin.py:188} INFO - [2024-12-18T10:00:06.231+0000] {dagbag.py:545} INFO - Filling up the DagBag from /home/airflow/.local/lib/python3.12/site-packages/airflow/example_dags/example_branch_labels.py
[2024-12-18T10:00:06.239+0000] {processor.py:840} INFO - DAG(s) 'example_branch_labels' retrieved from /home/airflow/.local/lib/python3.12/site-packages/airflow/example_dags/example_branch_labels.py
[2024-12-18T10:00:06.265+0000] {logging_mixin.py:188} INFO - [2024-12-18T10:00:06.264+0000] {dag.py:3096} INFO - Sync 1 DAGs
[2024-12-18T10:00:06.292+0000] {logging_mixin.py:188} INFO - [2024-12-18T10:00:06.292+0000] {dag.py:3954} INFO - Setting next_dagrun for example_branch_labels to 2024-12-17 00:00:00+00:00, run_after=2024-12-18 00:00:00+00:00
[2024-12-18T10:00:06.319+0000] {processor.py:183} INFO - Processing /home/airflow/.local/lib/python3.12/site-packages/airflow/example_dags/example_branch_labels.py took 0.096 seconds
[2024-12-18T10:00:37.026+0000] {processor.py:161} INFO - Started process (PID=212) to work on /home/airflow/.local/lib/python3.12/site-packages/airflow/example_dags/example_branch_labels.py
[2024-12-18T10:00:37.028+0000] {processor.py:830} INFO - Processing file /home/airflow/.local/lib/python3.12/site-packages/airflow/example_dags/example_branch_labels.py for tasks to queue
[2024-12-18T10:00:37.030+0000] {logging_mixin.py:188} INFO - [2024-12-18T10:00:37.030+0000] {dagbag.py:545} INFO - Filling up the DagBag from /home/airflow/.local/lib/python3.12/site-packages/airflow/example_dags/example_branch_labels.py
[2024-12-18T10:00:37.039+0000] {processor.py:840} INFO - DAG(s) 'example_branch_labels' retrieved from /home/airflow/.local/lib/python3.12/site-packages/airflow/example_dags/example_branch_labels.py
[2024-12-18T10:00:37.067+0000] {logging_mixin.py:188} INFO - [2024-12-18T10:00:37.067+0000] {dag.py:3096} INFO - Sync 1 DAGs
[2024-12-18T10:00:37.095+0000] {logging_mixin.py:188} INFO - [2024-12-18T10:00:37.095+0000] {dag.py:3954} INFO - Setting next_dagrun for example_branch_labels to 2024-12-17 00:00:00+00:00, run_after=2024-12-18 00:00:00+00:00
[2024-12-18T10:00:37.120+0000] {processor.py:183} INFO - Processing /home/airflow/.local/lib/python3.12/site-packages/airflow/example_dags/example_branch_labels.py took 0.101 seconds
[2024-12-18T10:01:07.397+0000] {processor.py:161} INFO - Started process (PID=270) to work on /home/airflow/.local/lib/python3.12/site-packages/airflow/example_dags/example_branch_labels.py
[2024-12-18T10:01:07.399+0000] {processor.py:830} INFO - Processing file /home/airflow/.local/lib/python3.12/site-packages/airflow/example_dags/example_branch_labels.py for tasks to queue
[2024-12-18T10:01:07.401+0000] {logging_mixin.py:188} INFO - [2024-12-18T10:01:07.401+0000] {dagbag.py:545} INFO - Filling up the DagBag from /home/airflow/.local/lib/python3.12/site-packages/airflow/example_dags/example_branch_labels.py
[2024-12-18T10:01:07.408+0000] {processor.py:840} INFO - DAG(s) 'example_branch_labels' retrieved from /home/airflow/.local/lib/python3.12/site-packages/airflow/example_dags/example_branch_labels.py
[2024-12-18T10:01:07.442+0000] {logging_mixin.py:188} INFO - [2024-12-18T10:01:07.441+0000] {dag.py:3096} INFO - Sync 1 DAGs
[2024-12-18T10:01:07.479+0000] {logging_mixin.py:188} INFO - [2024-12-18T10:01:07.479+0000] {dag.py:3954} INFO - Setting next_dagrun for example_branch_labels to 2024-12-17 00:00:00+00:00, run_after=2024-12-18 00:00:00+00:00
[2024-12-18T10:01:07.506+0000] {processor.py:183} INFO - Processing /home/airflow/.local/lib/python3.12/site-packages/airflow/example_dags/example_branch_labels.py took 0.115 seconds
[2024-12-18T10:01:37.576+0000] {processor.py:161} INFO - Started process (PID=328) to work on /home/airflow/.local/lib/python3.12/site-packages/airflow/example_dags/example_branch_labels.py
[2024-12-18T10:01:37.578+0000] {processor.py:830} INFO - Processing file /home/airflow/.local/lib/python3.12/site-packages/airflow/example_dags/example_branch_labels.py for tasks to queue
[2024-12-18T10:01:37.580+0000] {logging_mixin.py:188} INFO - [2024-12-18T10:01:37.580+0000] {dagbag.py:545} INFO - Filling up the DagBag from /home/airflow/.local/lib/python3.12/site-packages/airflow/example_dags/example_branch_labels.py
[2024-12-18T10:01:37.588+0000] {processor.py:840} INFO - DAG(s) 'example_branch_labels' retrieved from /home/airflow/.local/lib/python3.12/site-packages/airflow/example_dags/example_branch_labels.py
[2024-12-18T10:01:37.612+0000] {logging_mixin.py:188} INFO - [2024-12-18T10:01:37.612+0000] {dag.py:3096} INFO - Sync 1 DAGs
[2024-12-18T10:01:37.639+0000] {logging_mixin.py:188} INFO - [2024-12-18T10:01:37.639+0000] {dag.py:3954} INFO - Setting next_dagrun for example_branch_labels to 2024-12-17 00:00:00+00:00, run_after=2024-12-18 00:00:00+00:00
[2024-12-18T10:01:37.664+0000] {processor.py:183} INFO - Processing /home/airflow/.local/lib/python3.12/site-packages/airflow/example_dags/example_branch_labels.py took 0.093 seconds
[2024-12-18T10:02:07.935+0000] {processor.py:161} INFO - Started process (PID=386) to work on /home/airflow/.local/lib/python3.12/site-packages/airflow/example_dags/example_branch_labels.py
[2024-12-18T10:02:07.936+0000] {processor.py:830} INFO - Processing file /home/airflow/.local/lib/python3.12/site-packages/airflow/example_dags/example_branch_labels.py for tasks to queue
[2024-12-18T10:02:07.939+0000] {logging_mixin.py:188} INFO - [2024-12-18T10:02:07.938+0000] {dagbag.py:545} INFO - Filling up the DagBag from /home/airflow/.local/lib/python3.12/site-packages/airflow/example_dags/example_branch_labels.py
[2024-12-18T10:02:07.946+0000] {processor.py:840} INFO - DAG(s) 'example_branch_labels' retrieved from /home/airflow/.local/lib/python3.12/site-packages/airflow/example_dags/example_branch_labels.py
[2024-12-18T10:02:07.974+0000] {logging_mixin.py:188} INFO - [2024-12-18T10:02:07.973+0000] {dag.py:3096} INFO - Sync 1 DAGs
[2024-12-18T10:02:08.000+0000] {logging_mixin.py:188} INFO - [2024-12-18T10:02:08.000+0000] {dag.py:3954} INFO - Setting next_dagrun for example_branch_labels to 2024-12-17 00:00:00+00:00, run_after=2024-12-18 00:00:00+00:00
[2024-12-18T10:02:08.026+0000] {processor.py:183} INFO - Processing /home/airflow/.local/lib/python3.12/site-packages/airflow/example_dags/example_branch_labels.py took 0.096 seconds
[2024-12-18T10:02:38.250+0000] {processor.py:161} INFO - Started process (PID=444) to work on /home/airflow/.local/lib/python3.12/site-packages/airflow/example_dags/example_branch_labels.py
[2024-12-18T10:02:38.252+0000] {processor.py:830} INFO - Processing file /home/airflow/.local/lib/python3.12/site-packages/airflow/example_dags/example_branch_labels.py for tasks to queue
[2024-12-18T10:02:38.254+0000] {logging_mixin.py:188} INFO - [2024-12-18T10:02:38.254+0000] {dagbag.py:545} INFO - Filling up the DagBag from /home/airflow/.local/lib/python3.12/site-packages/airflow/example_dags/example_branch_labels.py
[2024-12-18T10:02:38.262+0000] {processor.py:840} INFO - DAG(s) 'example_branch_labels' retrieved from /home/airflow/.local/lib/python3.12/site-packages/airflow/example_dags/example_branch_labels.py
[2024-12-18T10:02:38.290+0000] {logging_mixin.py:188} INFO - [2024-12-18T10:02:38.289+0000] {dag.py:3096} INFO - Sync 1 DAGs
[2024-12-18T10:02:38.318+0000] {logging_mixin.py:188} INFO - [2024-12-18T10:02:38.318+0000] {dag.py:3954} INFO - Setting next_dagrun for example_branch_labels to 2024-12-17 00:00:00+00:00, run_after=2024-12-18 00:00:00+00:00
[2024-12-18T10:02:38.347+0000] {processor.py:183} INFO - Processing /home/airflow/.local/lib/python3.12/site-packages/airflow/example_dags/example_branch_labels.py took 0.102 seconds
[2024-12-18T10:03:08.597+0000] {processor.py:161} INFO - Started process (PID=502) to work on /home/airflow/.local/lib/python3.12/site-packages/airflow/example_dags/example_branch_labels.py
[2024-12-18T10:03:08.598+0000] {processor.py:830} INFO - Processing file /home/airflow/.local/lib/python3.12/site-packages/airflow/example_dags/example_branch_labels.py for tasks to queue
[2024-12-18T10:03:08.601+0000] {logging_mixin.py:188} INFO - [2024-12-18T10:03:08.600+0000] {dagbag.py:545} INFO - Filling up the DagBag from /home/airflow/.local/lib/python3.12/site-packages/airflow/example_dags/example_branch_labels.py
[2024-12-18T10:03:08.609+0000] {processor.py:840} INFO - DAG(s) 'example_branch_labels' retrieved from /home/airflow/.local/lib/python3.12/site-packages/airflow/example_dags/example_branch_labels.py
[2024-12-18T10:03:08.635+0000] {logging_mixin.py:188} INFO - [2024-12-18T10:03:08.635+0000] {dag.py:3096} INFO - Sync 1 DAGs
[2024-12-18T10:03:08.659+0000] {logging_mixin.py:188} INFO - [2024-12-18T10:03:08.659+0000] {dag.py:3954} INFO - Setting next_dagrun for example_branch_labels to 2024-12-17 00:00:00+00:00, run_after=2024-12-18 00:00:00+00:00
[2024-12-18T10:03:08.685+0000] {processor.py:183} INFO - Processing /home/airflow/.local/lib/python3.12/site-packages/airflow/example_dags/example_branch_labels.py took 0.093 seconds
[2024-12-18T10:03:38.883+0000] {processor.py:161} INFO - Started process (PID=560) to work on /home/airflow/.local/lib/python3.12/site-packages/airflow/example_dags/example_branch_labels.py
[2024-12-18T10:03:38.885+0000] {processor.py:830} INFO - Processing file /home/airflow/.local/lib/python3.12/site-packages/airflow/example_dags/example_branch_labels.py for tasks to queue
[2024-12-18T10:03:38.887+0000] {logging_mixin.py:188} INFO - [2024-12-18T10:03:38.887+0000] {dagbag.py:545} INFO - Filling up the DagBag from /home/airflow/.local/lib/python3.12/site-packages/airflow/example_dags/example_branch_labels.py
[2024-12-18T10:03:38.894+0000] {processor.py:840} INFO - DAG(s) 'example_branch_labels' retrieved from /home/airflow/.local/lib/python3.12/site-packages/airflow/example_dags/example_branch_labels.py
[2024-12-18T10:03:38.920+0000] {logging_mixin.py:188} INFO - [2024-12-18T10:03:38.919+0000] {dag.py:3096} INFO - Sync 1 DAGs
[2024-12-18T10:03:38.946+0000] {logging_mixin.py:188} INFO - [2024-12-18T10:03:38.946+0000] {dag.py:3954} INFO - Setting next_dagrun for example_branch_labels to 2024-12-17 00:00:00+00:00, run_after=2024-12-18 00:00:00+00:00
[2024-12-18T10:03:38.973+0000] {processor.py:183} INFO - Processing /home/airflow/.local/lib/python3.12/site-packages/airflow/example_dags/example_branch_labels.py took 0.095 seconds
[2024-12-18T10:04:09.434+0000] {processor.py:161} INFO - Started process (PID=618) to work on /home/airflow/.local/lib/python3.12/site-packages/airflow/example_dags/example_branch_labels.py
[2024-12-18T10:04:09.435+0000] {processor.py:830} INFO - Processing file /home/airflow/.local/lib/python3.12/site-packages/airflow/example_dags/example_branch_labels.py for tasks to queue
[2024-12-18T10:04:09.437+0000] {logging_mixin.py:188} INFO - [2024-12-18T10:04:09.436+0000] {dagbag.py:545} INFO - Filling up the DagBag from /home/airflow/.local/lib/python3.12/site-packages/airflow/example_dags/example_branch_labels.py
[2024-12-18T10:04:09.444+0000] {processor.py:840} INFO - DAG(s) 'example_branch_labels' retrieved from /home/airflow/.local/lib/python3.12/site-packages/airflow/example_dags/example_branch_labels.py
[2024-12-18T10:04:09.468+0000] {logging_mixin.py:188} INFO - [2024-12-18T10:04:09.468+0000] {dag.py:3096} INFO - Sync 1 DAGs
[2024-12-18T10:04:09.493+0000] {logging_mixin.py:188} INFO - [2024-12-18T10:04:09.493+0000] {dag.py:3954} INFO - Setting next_dagrun for example_branch_labels to 2024-12-17 00:00:00+00:00, run_after=2024-12-18 00:00:00+00:00
[2024-12-18T10:04:09.518+0000] {processor.py:183} INFO - Processing /home/airflow/.local/lib/python3.12/site-packages/airflow/example_dags/example_branch_labels.py took 0.089 seconds
[2024-12-18T10:04:40.575+0000] {processor.py:161} INFO - Started process (PID=676) to work on /home/airflow/.local/lib/python3.12/site-packages/airflow/example_dags/example_branch_labels.py
[2024-12-18T10:04:40.578+0000] {processor.py:830} INFO - Processing file /home/airflow/.local/lib/python3.12/site-packages/airflow/example_dags/example_branch_labels.py for tasks to queue
[2024-12-18T10:04:40.581+0000] {logging_mixin.py:188} INFO - [2024-12-18T10:04:40.580+0000] {dagbag.py:545} INFO - Filling up the DagBag from /home/airflow/.local/lib/python3.12/site-packages/airflow/example_dags/example_branch_labels.py
[2024-12-18T10:04:40.589+0000] {processor.py:840} INFO - DAG(s) 'example_branch_labels' retrieved from /home/airflow/.local/lib/python3.12/site-packages/airflow/example_dags/example_branch_labels.py
[2024-12-18T10:04:40.619+0000] {logging_mixin.py:188} INFO - [2024-12-18T10:04:40.618+0000] {dag.py:3096} INFO - Sync 1 DAGs
[2024-12-18T10:04:40.646+0000] {logging_mixin.py:188} INFO - [2024-12-18T10:04:40.645+0000] {dag.py:3954} INFO - Setting next_dagrun for example_branch_labels to 2024-12-17 00:00:00+00:00, run_after=2024-12-18 00:00:00+00:00
[2024-12-18T10:04:40.670+0000] {processor.py:183} INFO - Processing /home/airflow/.local/lib/python3.12/site-packages/airflow/example_dags/example_branch_labels.py took 0.100 seconds
[2024-12-18T10:05:10.938+0000] {processor.py:161} INFO - Started process (PID=734) to work on /home/airflow/.local/lib/python3.12/site-packages/airflow/example_dags/example_branch_labels.py
[2024-12-18T10:05:10.939+0000] {processor.py:830} INFO - Processing file /home/airflow/.local/lib/python3.12/site-packages/airflow/example_dags/example_branch_labels.py for tasks to queue
[2024-12-18T10:05:10.941+0000] {logging_mixin.py:188} INFO - [2024-12-18T10:05:10.941+0000] {dagbag.py:545} INFO - Filling up the DagBag from /home/airflow/.local/lib/python3.12/site-packages/airflow/example_dags/example_branch_labels.py
[2024-12-18T10:05:10.948+0000] {processor.py:840} INFO - DAG(s) 'example_branch_labels' retrieved from /home/airflow/.local/lib/python3.12/site-packages/airflow/example_dags/example_branch_labels.py
[2024-12-18T10:05:10.973+0000] {logging_mixin.py:188} INFO - [2024-12-18T10:05:10.972+0000] {dag.py:3096} INFO - Sync 1 DAGs
[2024-12-18T10:05:10.997+0000] {logging_mixin.py:188} INFO - [2024-12-18T10:05:10.997+0000] {dag.py:3954} INFO - Setting next_dagrun for example_branch_labels to 2024-12-17 00:00:00+00:00, run_after=2024-12-18 00:00:00+00:00
[2024-12-18T10:05:11.026+0000] {processor.py:183} INFO - Processing /home/airflow/.local/lib/python3.12/site-packages/airflow/example_dags/example_branch_labels.py took 0.094 seconds
[2024-12-18T10:05:41.356+0000] {processor.py:161} INFO - Started process (PID=792) to work on /home/airflow/.local/lib/python3.12/site-packages/airflow/example_dags/example_branch_labels.py
[2024-12-18T10:05:41.357+0000] {processor.py:830} INFO - Processing file /home/airflow/.local/lib/python3.12/site-packages/airflow/example_dags/example_branch_labels.py for tasks to queue
[2024-12-18T10:05:41.359+0000] {logging_mixin.py:188} INFO - [2024-12-18T10:05:41.359+0000] {dagbag.py:545} INFO - Filling up the DagBag from /home/airflow/.local/lib/python3.12/site-packages/airflow/example_dags/example_branch_labels.py
[2024-12-18T10:05:41.368+0000] {processor.py:840} INFO - DAG(s) 'example_branch_labels' retrieved from /home/airflow/.local/lib/python3.12/site-packages/airflow/example_dags/example_branch_labels.py
[2024-12-18T10:05:41.392+0000] {logging_mixin.py:188} INFO - [2024-12-18T10:05:41.392+0000] {dag.py:3096} INFO - Sync 1 DAGs
[2024-12-18T10:05:41.418+0000] {logging_mixin.py:188} INFO - [2024-12-18T10:05:41.417+0000] {dag.py:3954} INFO - Setting next_dagrun for example_branch_labels to 2024-12-17 00:00:00+00:00, run_after=2024-12-18 00:00:00+00:00
[2024-12-18T10:05:41.443+0000] {processor.py:183} INFO - Processing /home/airflow/.local/lib/python3.12/site-packages/airflow/example_dags/example_branch_labels.py took 0.092 seconds
[2024-12-18T10:06:11.692+0000] {processor.py:161} INFO - Started process (PID=850) to work on /home/airflow/.local/lib/python3.12/site-packages/airflow/example_dags/example_branch_labels.py
[2024-12-18T10:06:11.693+0000] {processor.py:830} INFO - Processing file /home/airflow/.local/lib/python3.12/site-packages/airflow/example_dags/example_branch_labels.py for tasks to queue
[2024-12-18T10:06:11.695+0000] {logging_mixin.py:188} INFO - [2024-12-18T10:06:11.695+0000] {dagbag.py:545} INFO - Filling up the DagBag from /home/airflow/.local/lib/python3.12/site-packages/airflow/example_dags/example_branch_labels.py
[2024-12-18T10:06:11.702+0000] {processor.py:840} INFO - DAG(s) 'example_branch_labels' retrieved from /home/airflow/.local/lib/python3.12/site-packages/airflow/example_dags/example_branch_labels.py
[2024-12-18T10:06:11.728+0000] {logging_mixin.py:188} INFO - [2024-12-18T10:06:11.728+0000] {dag.py:3096} INFO - Sync 1 DAGs
[2024-12-18T10:06:11.754+0000] {logging_mixin.py:188} INFO - [2024-12-18T10:06:11.754+0000] {dag.py:3954} INFO - Setting next_dagrun for example_branch_labels to 2024-12-17 00:00:00+00:00, run_after=2024-12-18 00:00:00+00:00
[2024-12-18T10:06:11.782+0000] {processor.py:183} INFO - Processing /home/airflow/.local/lib/python3.12/site-packages/airflow/example_dags/example_branch_labels.py took 0.095 seconds
[2024-12-18T10:06:42.092+0000] {processor.py:161} INFO - Started process (PID=908) to work on /home/airflow/.local/lib/python3.12/site-packages/airflow/example_dags/example_branch_labels.py
[2024-12-18T10:06:42.094+0000] {processor.py:830} INFO - Processing file /home/airflow/.local/lib/python3.12/site-packages/airflow/example_dags/example_branch_labels.py for tasks to queue
[2024-12-18T10:06:42.096+0000] {logging_mixin.py:188} INFO - [2024-12-18T10:06:42.096+0000] {dagbag.py:545} INFO - Filling up the DagBag from /home/airflow/.local/lib/python3.12/site-packages/airflow/example_dags/example_branch_labels.py
[2024-12-18T10:06:42.103+0000] {processor.py:840} INFO - DAG(s) 'example_branch_labels' retrieved from /home/airflow/.local/lib/python3.12/site-packages/airflow/example_dags/example_branch_labels.py
[2024-12-18T10:06:42.127+0000] {logging_mixin.py:188} INFO - [2024-12-18T10:06:42.126+0000] {dag.py:3096} INFO - Sync 1 DAGs
[2024-12-18T10:06:42.154+0000] {logging_mixin.py:188} INFO - [2024-12-18T10:06:42.153+0000] {dag.py:3954} INFO - Setting next_dagrun for example_branch_labels to 2024-12-17 00:00:00+00:00, run_after=2024-12-18 00:00:00+00:00
[2024-12-18T10:06:42.176+0000] {processor.py:183} INFO - Processing /home/airflow/.local/lib/python3.12/site-packages/airflow/example_dags/example_branch_labels.py took 0.088 seconds
[2024-12-18T10:07:12.577+0000] {processor.py:161} INFO - Started process (PID=966) to work on /home/airflow/.local/lib/python3.12/site-packages/airflow/example_dags/example_branch_labels.py
[2024-12-18T10:07:12.578+0000] {processor.py:830} INFO - Processing file /home/airflow/.local/lib/python3.12/site-packages/airflow/example_dags/example_branch_labels.py for tasks to queue
[2024-12-18T10:07:12.581+0000] {logging_mixin.py:188} INFO - [2024-12-18T10:07:12.580+0000] {dagbag.py:545} INFO - Filling up the DagBag from /home/airflow/.local/lib/python3.12/site-packages/airflow/example_dags/example_branch_labels.py
[2024-12-18T10:07:12.588+0000] {processor.py:840} INFO - DAG(s) 'example_branch_labels' retrieved from /home/airflow/.local/lib/python3.12/site-packages/airflow/example_dags/example_branch_labels.py
[2024-12-18T10:07:12.617+0000] {logging_mixin.py:188} INFO - [2024-12-18T10:07:12.616+0000] {dag.py:3096} INFO - Sync 1 DAGs
[2024-12-18T10:07:12.655+0000] {logging_mixin.py:188} INFO - [2024-12-18T10:07:12.654+0000] {dag.py:3954} INFO - Setting next_dagrun for example_branch_labels to 2024-12-17 00:00:00+00:00, run_after=2024-12-18 00:00:00+00:00
[2024-12-18T10:07:12.680+0000] {processor.py:183} INFO - Processing /home/airflow/.local/lib/python3.12/site-packages/airflow/example_dags/example_branch_labels.py took 0.108 seconds
[2024-12-18T10:07:42.890+0000] {processor.py:161} INFO - Started process (PID=1023) to work on /home/airflow/.local/lib/python3.12/site-packages/airflow/example_dags/example_branch_labels.py
[2024-12-18T10:07:42.892+0000] {processor.py:830} INFO - Processing file /home/airflow/.local/lib/python3.12/site-packages/airflow/example_dags/example_branch_labels.py for tasks to queue
[2024-12-18T10:07:42.894+0000] {logging_mixin.py:188} INFO - [2024-12-18T10:07:42.893+0000] {dagbag.py:545} INFO - Filling up the DagBag from /home/airflow/.local/lib/python3.12/site-packages/airflow/example_dags/example_branch_labels.py
[2024-12-18T10:07:42.901+0000] {processor.py:840} INFO - DAG(s) 'example_branch_labels' retrieved from /home/airflow/.local/lib/python3.12/site-packages/airflow/example_dags/example_branch_labels.py
[2024-12-18T10:07:42.928+0000] {logging_mixin.py:188} INFO - [2024-12-18T10:07:42.927+0000] {dag.py:3096} INFO - Sync 1 DAGs
[2024-12-18T10:07:42.951+0000] {logging_mixin.py:188} INFO - [2024-12-18T10:07:42.951+0000] {dag.py:3954} INFO - Setting next_dagrun for example_branch_labels to 2024-12-17 00:00:00+00:00, run_after=2024-12-18 00:00:00+00:00
[2024-12-18T10:07:42.977+0000] {processor.py:183} INFO - Processing /home/airflow/.local/lib/python3.12/site-packages/airflow/example_dags/example_branch_labels.py took 0.092 seconds
[2024-12-18T10:08:13.228+0000] {processor.py:161} INFO - Started process (PID=1081) to work on /home/airflow/.local/lib/python3.12/site-packages/airflow/example_dags/example_branch_labels.py
[2024-12-18T10:08:13.230+0000] {processor.py:830} INFO - Processing file /home/airflow/.local/lib/python3.12/site-packages/airflow/example_dags/example_branch_labels.py for tasks to queue
[2024-12-18T10:08:13.232+0000] {logging_mixin.py:188} INFO - [2024-12-18T10:08:13.231+0000] {dagbag.py:545} INFO - Filling up the DagBag from /home/airflow/.local/lib/python3.12/site-packages/airflow/example_dags/example_branch_labels.py
[2024-12-18T10:08:13.241+0000] {processor.py:840} INFO - DAG(s) 'example_branch_labels' retrieved from /home/airflow/.local/lib/python3.12/site-packages/airflow/example_dags/example_branch_labels.py
[2024-12-18T10:08:13.266+0000] {logging_mixin.py:188} INFO - [2024-12-18T10:08:13.266+0000] {dag.py:3096} INFO - Sync 1 DAGs
[2024-12-18T10:08:13.290+0000] {logging_mixin.py:188} INFO - [2024-12-18T10:08:13.290+0000] {dag.py:3954} INFO - Setting next_dagrun for example_branch_labels to 2024-12-17 00:00:00+00:00, run_after=2024-12-18 00:00:00+00:00
[2024-12-18T10:08:13.317+0000] {processor.py:183} INFO - Processing /home/airflow/.local/lib/python3.12/site-packages/airflow/example_dags/example_branch_labels.py took 0.094 seconds
[2024-12-18T10:08:43.558+0000] {processor.py:161} INFO - Started process (PID=1139) to work on /home/airflow/.local/lib/python3.12/site-packages/airflow/example_dags/example_branch_labels.py
[2024-12-18T10:08:43.560+0000] {processor.py:830} INFO - Processing file /home/airflow/.local/lib/python3.12/site-packages/airflow/example_dags/example_branch_labels.py for tasks to queue
[2024-12-18T10:08:43.563+0000] {logging_mixin.py:188} INFO - [2024-12-18T10:08:43.563+0000] {dagbag.py:545} INFO - Filling up the DagBag from /home/airflow/.local/lib/python3.12/site-packages/airflow/example_dags/example_branch_labels.py
[2024-12-18T10:08:43.573+0000] {processor.py:840} INFO - DAG(s) 'example_branch_labels' retrieved from /home/airflow/.local/lib/python3.12/site-packages/airflow/example_dags/example_branch_labels.py
[2024-12-18T10:08:43.606+0000] {logging_mixin.py:188} INFO - [2024-12-18T10:08:43.606+0000] {dag.py:3096} INFO - Sync 1 DAGs
[2024-12-18T10:08:43.636+0000] {logging_mixin.py:188} INFO - [2024-12-18T10:08:43.636+0000] {dag.py:3954} INFO - Setting next_dagrun for example_branch_labels to 2024-12-17 00:00:00+00:00, run_after=2024-12-18 00:00:00+00:00
[2024-12-18T10:08:43.667+0000] {processor.py:183} INFO - Processing /home/airflow/.local/lib/python3.12/site-packages/airflow/example_dags/example_branch_labels.py took 0.116 seconds
[2024-12-18T10:09:13.775+0000] {processor.py:161} INFO - Started process (PID=1197) to work on /home/airflow/.local/lib/python3.12/site-packages/airflow/example_dags/example_branch_labels.py
[2024-12-18T10:09:13.777+0000] {processor.py:830} INFO - Processing file /home/airflow/.local/lib/python3.12/site-packages/airflow/example_dags/example_branch_labels.py for tasks to queue
[2024-12-18T10:09:13.779+0000] {logging_mixin.py:188} INFO - [2024-12-18T10:09:13.778+0000] {dagbag.py:545} INFO - Filling up the DagBag from /home/airflow/.local/lib/python3.12/site-packages/airflow/example_dags/example_branch_labels.py
[2024-12-18T10:09:13.787+0000] {processor.py:840} INFO - DAG(s) 'example_branch_labels' retrieved from /home/airflow/.local/lib/python3.12/site-packages/airflow/example_dags/example_branch_labels.py
[2024-12-18T10:09:13.814+0000] {logging_mixin.py:188} INFO - [2024-12-18T10:09:13.814+0000] {dag.py:3096} INFO - Sync 1 DAGs
[2024-12-18T10:09:13.840+0000] {logging_mixin.py:188} INFO - [2024-12-18T10:09:13.840+0000] {dag.py:3954} INFO - Setting next_dagrun for example_branch_labels to 2024-12-17 00:00:00+00:00, run_after=2024-12-18 00:00:00+00:00
[2024-12-18T10:09:13.865+0000] {processor.py:183} INFO - Processing /home/airflow/.local/lib/python3.12/site-packages/airflow/example_dags/example_branch_labels.py took 0.097 seconds
[2024-12-18T10:09:44.081+0000] {processor.py:161} INFO - Started process (PID=1255) to work on /home/airflow/.local/lib/python3.12/site-packages/airflow/example_dags/example_branch_labels.py
[2024-12-18T10:09:44.082+0000] {processor.py:830} INFO - Processing file /home/airflow/.local/lib/python3.12/site-packages/airflow/example_dags/example_branch_labels.py for tasks to queue
[2024-12-18T10:09:44.085+0000] {logging_mixin.py:188} INFO - [2024-12-18T10:09:44.084+0000] {dagbag.py:545} INFO - Filling up the DagBag from /home/airflow/.local/lib/python3.12/site-packages/airflow/example_dags/example_branch_labels.py
[2024-12-18T10:09:44.096+0000] {processor.py:840} INFO - DAG(s) 'example_branch_labels' retrieved from /home/airflow/.local/lib/python3.12/site-packages/airflow/example_dags/example_branch_labels.py
[2024-12-18T10:09:44.118+0000] {logging_mixin.py:188} INFO - [2024-12-18T10:09:44.118+0000] {dag.py:3096} INFO - Sync 1 DAGs
[2024-12-18T10:09:44.143+0000] {logging_mixin.py:188} INFO - [2024-12-18T10:09:44.143+0000] {dag.py:3954} INFO - Setting next_dagrun for example_branch_labels to 2024-12-17 00:00:00+00:00, run_after=2024-12-18 00:00:00+00:00
[2024-12-18T10:09:44.171+0000] {processor.py:183} INFO - Processing /home/airflow/.local/lib/python3.12/site-packages/airflow/example_dags/example_branch_labels.py took 0.096 seconds
[2024-12-18T10:10:14.429+0000] {processor.py:161} INFO - Started process (PID=1313) to work on /home/airflow/.local/lib/python3.12/site-packages/airflow/example_dags/example_branch_labels.py
[2024-12-18T10:10:14.430+0000] {processor.py:830} INFO - Processing file /home/airflow/.local/lib/python3.12/site-packages/airflow/example_dags/example_branch_labels.py for tasks to queue
[2024-12-18T10:10:14.433+0000] {logging_mixin.py:188} INFO - [2024-12-18T10:10:14.433+0000] {dagbag.py:545} INFO - Filling up the DagBag from /home/airflow/.local/lib/python3.12/site-packages/airflow/example_dags/example_branch_labels.py
[2024-12-18T10:10:14.444+0000] {processor.py:840} INFO - DAG(s) 'example_branch_labels' retrieved from /home/airflow/.local/lib/python3.12/site-packages/airflow/example_dags/example_branch_labels.py
[2024-12-18T10:10:14.474+0000] {logging_mixin.py:188} INFO - [2024-12-18T10:10:14.473+0000] {dag.py:3096} INFO - Sync 1 DAGs
[2024-12-18T10:10:14.501+0000] {logging_mixin.py:188} INFO - [2024-12-18T10:10:14.501+0000] {dag.py:3954} INFO - Setting next_dagrun for example_branch_labels to 2024-12-17 00:00:00+00:00, run_after=2024-12-18 00:00:00+00:00
[2024-12-18T10:10:14.528+0000] {processor.py:183} INFO - Processing /home/airflow/.local/lib/python3.12/site-packages/airflow/example_dags/example_branch_labels.py took 0.108 seconds
[2024-12-18T10:10:45.445+0000] {processor.py:161} INFO - Started process (PID=1371) to work on /home/airflow/.local/lib/python3.12/site-packages/airflow/example_dags/example_branch_labels.py
[2024-12-18T10:10:45.446+0000] {processor.py:830} INFO - Processing file /home/airflow/.local/lib/python3.12/site-packages/airflow/example_dags/example_branch_labels.py for tasks to queue
[2024-12-18T10:10:45.450+0000] {logging_mixin.py:188} INFO - [2024-12-18T10:10:45.449+0000] {dagbag.py:545} INFO - Filling up the DagBag from /home/airflow/.local/lib/python3.12/site-packages/airflow/example_dags/example_branch_labels.py
[2024-12-18T10:10:45.460+0000] {processor.py:840} INFO - DAG(s) 'example_branch_labels' retrieved from /home/airflow/.local/lib/python3.12/site-packages/airflow/example_dags/example_branch_labels.py
[2024-12-18T10:10:45.497+0000] {logging_mixin.py:188} INFO - [2024-12-18T10:10:45.497+0000] {dag.py:3096} INFO - Sync 1 DAGs
[2024-12-18T10:10:45.526+0000] {logging_mixin.py:188} INFO - [2024-12-18T10:10:45.526+0000] {dag.py:3954} INFO - Setting next_dagrun for example_branch_labels to 2024-12-17 00:00:00+00:00, run_after=2024-12-18 00:00:00+00:00
[2024-12-18T10:10:45.558+0000] {processor.py:183} INFO - Processing /home/airflow/.local/lib/python3.12/site-packages/airflow/example_dags/example_branch_labels.py took 0.121 seconds
