[2024-12-18T09:59:33.680+0000] {processor.py:161} INFO - Started process (PID=86) to work on /home/airflow/.local/lib/python3.12/site-packages/airflow/example_dags/example_latest_only_with_trigger.py
[2024-12-18T09:59:33.681+0000] {processor.py:830} INFO - Processing file /home/airflow/.local/lib/python3.12/site-packages/airflow/example_dags/example_latest_only_with_trigger.py for tasks to queue
[2024-12-18T09:59:33.684+0000] {logging_mixin.py:188} INFO - [2024-12-18T09:59:33.683+0000] {dagbag.py:545} INFO - Filling up the DagBag from /home/airflow/.local/lib/python3.12/site-packages/airflow/example_dags/example_latest_only_with_trigger.py
[2024-12-18T09:59:33.693+0000] {processor.py:840} INFO - DAG(s) 'latest_only_with_trigger' retrieved from /home/airflow/.local/lib/python3.12/site-packages/airflow/example_dags/example_latest_only_with_trigger.py
[2024-12-18T09:59:33.835+0000] {logging_mixin.py:188} INFO - [2024-12-18T09:59:33.834+0000] {override.py:1829} INFO - Created Permission View: can delete on DAG:latest_only_with_trigger
[2024-12-18T09:59:33.852+0000] {logging_mixin.py:188} INFO - [2024-12-18T09:59:33.852+0000] {override.py:1829} INFO - Created Permission View: can read on DAG:latest_only_with_trigger
[2024-12-18T09:59:33.865+0000] {logging_mixin.py:188} INFO - [2024-12-18T09:59:33.864+0000] {override.py:1829} INFO - Created Permission View: can edit on DAG:latest_only_with_trigger
[2024-12-18T09:59:33.866+0000] {logging_mixin.py:188} INFO - [2024-12-18T09:59:33.866+0000] {dag.py:3096} INFO - Sync 1 DAGs
[2024-12-18T09:59:33.881+0000] {logging_mixin.py:188} INFO - [2024-12-18T09:59:33.881+0000] {dag.py:3118} INFO - Creating ORM DAG for latest_only_with_trigger
[2024-12-18T09:59:33.893+0000] {logging_mixin.py:188} INFO - [2024-12-18T09:59:33.892+0000] {dag.py:3954} INFO - Setting next_dagrun for latest_only_with_trigger to 2024-12-18 04:00:00+00:00, run_after=2024-12-18 08:00:00+00:00
[2024-12-18T09:59:33.920+0000] {processor.py:183} INFO - Processing /home/airflow/.local/lib/python3.12/site-packages/airflow/example_dags/example_latest_only_with_trigger.py took 0.246 seconds
[2024-12-18T10:00:04.022+0000] {processor.py:161} INFO - Started process (PID=144) to work on /home/airflow/.local/lib/python3.12/site-packages/airflow/example_dags/example_latest_only_with_trigger.py
[2024-12-18T10:00:04.023+0000] {processor.py:830} INFO - Processing file /home/airflow/.local/lib/python3.12/site-packages/airflow/example_dags/example_latest_only_with_trigger.py for tasks to queue
[2024-12-18T10:00:04.026+0000] {logging_mixin.py:188} INFO - [2024-12-18T10:00:04.025+0000] {dagbag.py:545} INFO - Filling up the DagBag from /home/airflow/.local/lib/python3.12/site-packages/airflow/example_dags/example_latest_only_with_trigger.py
[2024-12-18T10:00:04.031+0000] {processor.py:840} INFO - DAG(s) 'latest_only_with_trigger' retrieved from /home/airflow/.local/lib/python3.12/site-packages/airflow/example_dags/example_latest_only_with_trigger.py
[2024-12-18T10:00:04.060+0000] {logging_mixin.py:188} INFO - [2024-12-18T10:00:04.060+0000] {dag.py:3096} INFO - Sync 1 DAGs
[2024-12-18T10:00:04.092+0000] {logging_mixin.py:188} INFO - [2024-12-18T10:00:04.092+0000] {dag.py:3954} INFO - Setting next_dagrun for latest_only_with_trigger to 2024-12-18 04:00:00+00:00, run_after=2024-12-18 08:00:00+00:00
[2024-12-18T10:00:04.128+0000] {processor.py:183} INFO - Processing /home/airflow/.local/lib/python3.12/site-packages/airflow/example_dags/example_latest_only_with_trigger.py took 0.113 seconds
[2024-12-18T10:00:34.269+0000] {processor.py:161} INFO - Started process (PID=201) to work on /home/airflow/.local/lib/python3.12/site-packages/airflow/example_dags/example_latest_only_with_trigger.py
[2024-12-18T10:00:34.270+0000] {processor.py:830} INFO - Processing file /home/airflow/.local/lib/python3.12/site-packages/airflow/example_dags/example_latest_only_with_trigger.py for tasks to queue
[2024-12-18T10:00:34.273+0000] {logging_mixin.py:188} INFO - [2024-12-18T10:00:34.272+0000] {dagbag.py:545} INFO - Filling up the DagBag from /home/airflow/.local/lib/python3.12/site-packages/airflow/example_dags/example_latest_only_with_trigger.py
[2024-12-18T10:00:34.280+0000] {processor.py:840} INFO - DAG(s) 'latest_only_with_trigger' retrieved from /home/airflow/.local/lib/python3.12/site-packages/airflow/example_dags/example_latest_only_with_trigger.py
[2024-12-18T10:00:34.307+0000] {logging_mixin.py:188} INFO - [2024-12-18T10:00:34.306+0000] {dag.py:3096} INFO - Sync 1 DAGs
[2024-12-18T10:00:34.332+0000] {logging_mixin.py:188} INFO - [2024-12-18T10:00:34.332+0000] {dag.py:3954} INFO - Setting next_dagrun for latest_only_with_trigger to 2024-12-18 04:00:00+00:00, run_after=2024-12-18 08:00:00+00:00
[2024-12-18T10:00:34.361+0000] {processor.py:183} INFO - Processing /home/airflow/.local/lib/python3.12/site-packages/airflow/example_dags/example_latest_only_with_trigger.py took 0.097 seconds
[2024-12-18T10:01:04.574+0000] {processor.py:161} INFO - Started process (PID=259) to work on /home/airflow/.local/lib/python3.12/site-packages/airflow/example_dags/example_latest_only_with_trigger.py
[2024-12-18T10:01:04.575+0000] {processor.py:830} INFO - Processing file /home/airflow/.local/lib/python3.12/site-packages/airflow/example_dags/example_latest_only_with_trigger.py for tasks to queue
[2024-12-18T10:01:04.577+0000] {logging_mixin.py:188} INFO - [2024-12-18T10:01:04.576+0000] {dagbag.py:545} INFO - Filling up the DagBag from /home/airflow/.local/lib/python3.12/site-packages/airflow/example_dags/example_latest_only_with_trigger.py
[2024-12-18T10:01:04.582+0000] {processor.py:840} INFO - DAG(s) 'latest_only_with_trigger' retrieved from /home/airflow/.local/lib/python3.12/site-packages/airflow/example_dags/example_latest_only_with_trigger.py
[2024-12-18T10:01:04.603+0000] {logging_mixin.py:188} INFO - [2024-12-18T10:01:04.603+0000] {dag.py:3096} INFO - Sync 1 DAGs
[2024-12-18T10:01:04.626+0000] {logging_mixin.py:188} INFO - [2024-12-18T10:01:04.626+0000] {dag.py:3954} INFO - Setting next_dagrun for latest_only_with_trigger to 2024-12-18 04:00:00+00:00, run_after=2024-12-18 08:00:00+00:00
[2024-12-18T10:01:04.651+0000] {processor.py:183} INFO - Processing /home/airflow/.local/lib/python3.12/site-packages/airflow/example_dags/example_latest_only_with_trigger.py took 0.082 seconds
[2024-12-18T10:01:34.788+0000] {processor.py:161} INFO - Started process (PID=317) to work on /home/airflow/.local/lib/python3.12/site-packages/airflow/example_dags/example_latest_only_with_trigger.py
[2024-12-18T10:01:34.789+0000] {processor.py:830} INFO - Processing file /home/airflow/.local/lib/python3.12/site-packages/airflow/example_dags/example_latest_only_with_trigger.py for tasks to queue
[2024-12-18T10:01:34.791+0000] {logging_mixin.py:188} INFO - [2024-12-18T10:01:34.791+0000] {dagbag.py:545} INFO - Filling up the DagBag from /home/airflow/.local/lib/python3.12/site-packages/airflow/example_dags/example_latest_only_with_trigger.py
[2024-12-18T10:01:34.798+0000] {processor.py:840} INFO - DAG(s) 'latest_only_with_trigger' retrieved from /home/airflow/.local/lib/python3.12/site-packages/airflow/example_dags/example_latest_only_with_trigger.py
[2024-12-18T10:01:34.823+0000] {logging_mixin.py:188} INFO - [2024-12-18T10:01:34.822+0000] {dag.py:3096} INFO - Sync 1 DAGs
[2024-12-18T10:01:34.847+0000] {logging_mixin.py:188} INFO - [2024-12-18T10:01:34.847+0000] {dag.py:3954} INFO - Setting next_dagrun for latest_only_with_trigger to 2024-12-18 04:00:00+00:00, run_after=2024-12-18 08:00:00+00:00
[2024-12-18T10:01:34.871+0000] {processor.py:183} INFO - Processing /home/airflow/.local/lib/python3.12/site-packages/airflow/example_dags/example_latest_only_with_trigger.py took 0.089 seconds
[2024-12-18T10:02:05.171+0000] {processor.py:161} INFO - Started process (PID=375) to work on /home/airflow/.local/lib/python3.12/site-packages/airflow/example_dags/example_latest_only_with_trigger.py
[2024-12-18T10:02:05.172+0000] {processor.py:830} INFO - Processing file /home/airflow/.local/lib/python3.12/site-packages/airflow/example_dags/example_latest_only_with_trigger.py for tasks to queue
[2024-12-18T10:02:05.175+0000] {logging_mixin.py:188} INFO - [2024-12-18T10:02:05.174+0000] {dagbag.py:545} INFO - Filling up the DagBag from /home/airflow/.local/lib/python3.12/site-packages/airflow/example_dags/example_latest_only_with_trigger.py
[2024-12-18T10:02:05.180+0000] {processor.py:840} INFO - DAG(s) 'latest_only_with_trigger' retrieved from /home/airflow/.local/lib/python3.12/site-packages/airflow/example_dags/example_latest_only_with_trigger.py
[2024-12-18T10:02:05.209+0000] {logging_mixin.py:188} INFO - [2024-12-18T10:02:05.209+0000] {dag.py:3096} INFO - Sync 1 DAGs
[2024-12-18T10:02:05.239+0000] {logging_mixin.py:188} INFO - [2024-12-18T10:02:05.238+0000] {dag.py:3954} INFO - Setting next_dagrun for latest_only_with_trigger to 2024-12-18 04:00:00+00:00, run_after=2024-12-18 08:00:00+00:00
[2024-12-18T10:02:05.272+0000] {processor.py:183} INFO - Processing /home/airflow/.local/lib/python3.12/site-packages/airflow/example_dags/example_latest_only_with_trigger.py took 0.106 seconds
[2024-12-18T10:02:35.484+0000] {processor.py:161} INFO - Started process (PID=433) to work on /home/airflow/.local/lib/python3.12/site-packages/airflow/example_dags/example_latest_only_with_trigger.py
[2024-12-18T10:02:35.486+0000] {processor.py:830} INFO - Processing file /home/airflow/.local/lib/python3.12/site-packages/airflow/example_dags/example_latest_only_with_trigger.py for tasks to queue
[2024-12-18T10:02:35.488+0000] {logging_mixin.py:188} INFO - [2024-12-18T10:02:35.488+0000] {dagbag.py:545} INFO - Filling up the DagBag from /home/airflow/.local/lib/python3.12/site-packages/airflow/example_dags/example_latest_only_with_trigger.py
[2024-12-18T10:02:35.493+0000] {processor.py:840} INFO - DAG(s) 'latest_only_with_trigger' retrieved from /home/airflow/.local/lib/python3.12/site-packages/airflow/example_dags/example_latest_only_with_trigger.py
[2024-12-18T10:02:35.517+0000] {logging_mixin.py:188} INFO - [2024-12-18T10:02:35.517+0000] {dag.py:3096} INFO - Sync 1 DAGs
[2024-12-18T10:02:35.543+0000] {logging_mixin.py:188} INFO - [2024-12-18T10:02:35.543+0000] {dag.py:3954} INFO - Setting next_dagrun for latest_only_with_trigger to 2024-12-18 04:00:00+00:00, run_after=2024-12-18 08:00:00+00:00
[2024-12-18T10:02:35.572+0000] {processor.py:183} INFO - Processing /home/airflow/.local/lib/python3.12/site-packages/airflow/example_dags/example_latest_only_with_trigger.py took 0.093 seconds
[2024-12-18T10:03:05.746+0000] {processor.py:161} INFO - Started process (PID=491) to work on /home/airflow/.local/lib/python3.12/site-packages/airflow/example_dags/example_latest_only_with_trigger.py
[2024-12-18T10:03:05.747+0000] {processor.py:830} INFO - Processing file /home/airflow/.local/lib/python3.12/site-packages/airflow/example_dags/example_latest_only_with_trigger.py for tasks to queue
[2024-12-18T10:03:05.749+0000] {logging_mixin.py:188} INFO - [2024-12-18T10:03:05.749+0000] {dagbag.py:545} INFO - Filling up the DagBag from /home/airflow/.local/lib/python3.12/site-packages/airflow/example_dags/example_latest_only_with_trigger.py
[2024-12-18T10:03:05.755+0000] {processor.py:840} INFO - DAG(s) 'latest_only_with_trigger' retrieved from /home/airflow/.local/lib/python3.12/site-packages/airflow/example_dags/example_latest_only_with_trigger.py
[2024-12-18T10:03:05.779+0000] {logging_mixin.py:188} INFO - [2024-12-18T10:03:05.779+0000] {dag.py:3096} INFO - Sync 1 DAGs
[2024-12-18T10:03:05.802+0000] {logging_mixin.py:188} INFO - [2024-12-18T10:03:05.801+0000] {dag.py:3954} INFO - Setting next_dagrun for latest_only_with_trigger to 2024-12-18 04:00:00+00:00, run_after=2024-12-18 08:00:00+00:00
[2024-12-18T10:03:05.826+0000] {processor.py:183} INFO - Processing /home/airflow/.local/lib/python3.12/site-packages/airflow/example_dags/example_latest_only_with_trigger.py took 0.085 seconds
[2024-12-18T10:03:36.138+0000] {processor.py:161} INFO - Started process (PID=549) to work on /home/airflow/.local/lib/python3.12/site-packages/airflow/example_dags/example_latest_only_with_trigger.py
[2024-12-18T10:03:36.139+0000] {processor.py:830} INFO - Processing file /home/airflow/.local/lib/python3.12/site-packages/airflow/example_dags/example_latest_only_with_trigger.py for tasks to queue
[2024-12-18T10:03:36.142+0000] {logging_mixin.py:188} INFO - [2024-12-18T10:03:36.141+0000] {dagbag.py:545} INFO - Filling up the DagBag from /home/airflow/.local/lib/python3.12/site-packages/airflow/example_dags/example_latest_only_with_trigger.py
[2024-12-18T10:03:36.147+0000] {processor.py:840} INFO - DAG(s) 'latest_only_with_trigger' retrieved from /home/airflow/.local/lib/python3.12/site-packages/airflow/example_dags/example_latest_only_with_trigger.py
[2024-12-18T10:03:36.170+0000] {logging_mixin.py:188} INFO - [2024-12-18T10:03:36.169+0000] {dag.py:3096} INFO - Sync 1 DAGs
[2024-12-18T10:03:36.194+0000] {logging_mixin.py:188} INFO - [2024-12-18T10:03:36.193+0000] {dag.py:3954} INFO - Setting next_dagrun for latest_only_with_trigger to 2024-12-18 04:00:00+00:00, run_after=2024-12-18 08:00:00+00:00
[2024-12-18T10:03:36.220+0000] {processor.py:183} INFO - Processing /home/airflow/.local/lib/python3.12/site-packages/airflow/example_dags/example_latest_only_with_trigger.py took 0.088 seconds
[2024-12-18T10:04:06.612+0000] {processor.py:161} INFO - Started process (PID=607) to work on /home/airflow/.local/lib/python3.12/site-packages/airflow/example_dags/example_latest_only_with_trigger.py
[2024-12-18T10:04:06.613+0000] {processor.py:830} INFO - Processing file /home/airflow/.local/lib/python3.12/site-packages/airflow/example_dags/example_latest_only_with_trigger.py for tasks to queue
[2024-12-18T10:04:06.616+0000] {logging_mixin.py:188} INFO - [2024-12-18T10:04:06.616+0000] {dagbag.py:545} INFO - Filling up the DagBag from /home/airflow/.local/lib/python3.12/site-packages/airflow/example_dags/example_latest_only_with_trigger.py
[2024-12-18T10:04:06.621+0000] {processor.py:840} INFO - DAG(s) 'latest_only_with_trigger' retrieved from /home/airflow/.local/lib/python3.12/site-packages/airflow/example_dags/example_latest_only_with_trigger.py
[2024-12-18T10:04:06.644+0000] {logging_mixin.py:188} INFO - [2024-12-18T10:04:06.643+0000] {dag.py:3096} INFO - Sync 1 DAGs
[2024-12-18T10:04:06.667+0000] {logging_mixin.py:188} INFO - [2024-12-18T10:04:06.666+0000] {dag.py:3954} INFO - Setting next_dagrun for latest_only_with_trigger to 2024-12-18 04:00:00+00:00, run_after=2024-12-18 08:00:00+00:00
[2024-12-18T10:04:06.693+0000] {processor.py:183} INFO - Processing /home/airflow/.local/lib/python3.12/site-packages/airflow/example_dags/example_latest_only_with_trigger.py took 0.086 seconds
[2024-12-18T10:04:36.782+0000] {processor.py:161} INFO - Started process (PID=665) to work on /home/airflow/.local/lib/python3.12/site-packages/airflow/example_dags/example_latest_only_with_trigger.py
[2024-12-18T10:04:36.783+0000] {processor.py:830} INFO - Processing file /home/airflow/.local/lib/python3.12/site-packages/airflow/example_dags/example_latest_only_with_trigger.py for tasks to queue
[2024-12-18T10:04:36.785+0000] {logging_mixin.py:188} INFO - [2024-12-18T10:04:36.785+0000] {dagbag.py:545} INFO - Filling up the DagBag from /home/airflow/.local/lib/python3.12/site-packages/airflow/example_dags/example_latest_only_with_trigger.py
[2024-12-18T10:04:36.791+0000] {processor.py:840} INFO - DAG(s) 'latest_only_with_trigger' retrieved from /home/airflow/.local/lib/python3.12/site-packages/airflow/example_dags/example_latest_only_with_trigger.py
[2024-12-18T10:04:36.813+0000] {logging_mixin.py:188} INFO - [2024-12-18T10:04:36.813+0000] {dag.py:3096} INFO - Sync 1 DAGs
[2024-12-18T10:04:36.835+0000] {logging_mixin.py:188} INFO - [2024-12-18T10:04:36.835+0000] {dag.py:3954} INFO - Setting next_dagrun for latest_only_with_trigger to 2024-12-18 04:00:00+00:00, run_after=2024-12-18 08:00:00+00:00
[2024-12-18T10:04:36.861+0000] {processor.py:183} INFO - Processing /home/airflow/.local/lib/python3.12/site-packages/airflow/example_dags/example_latest_only_with_trigger.py took 0.084 seconds
[2024-12-18T10:05:07.076+0000] {processor.py:161} INFO - Started process (PID=723) to work on /home/airflow/.local/lib/python3.12/site-packages/airflow/example_dags/example_latest_only_with_trigger.py
[2024-12-18T10:05:07.077+0000] {processor.py:830} INFO - Processing file /home/airflow/.local/lib/python3.12/site-packages/airflow/example_dags/example_latest_only_with_trigger.py for tasks to queue
[2024-12-18T10:05:07.079+0000] {logging_mixin.py:188} INFO - [2024-12-18T10:05:07.079+0000] {dagbag.py:545} INFO - Filling up the DagBag from /home/airflow/.local/lib/python3.12/site-packages/airflow/example_dags/example_latest_only_with_trigger.py
[2024-12-18T10:05:07.086+0000] {processor.py:840} INFO - DAG(s) 'latest_only_with_trigger' retrieved from /home/airflow/.local/lib/python3.12/site-packages/airflow/example_dags/example_latest_only_with_trigger.py
[2024-12-18T10:05:07.109+0000] {logging_mixin.py:188} INFO - [2024-12-18T10:05:07.108+0000] {dag.py:3096} INFO - Sync 1 DAGs
[2024-12-18T10:05:07.137+0000] {logging_mixin.py:188} INFO - [2024-12-18T10:05:07.137+0000] {dag.py:3954} INFO - Setting next_dagrun for latest_only_with_trigger to 2024-12-18 04:00:00+00:00, run_after=2024-12-18 08:00:00+00:00
[2024-12-18T10:05:07.164+0000] {processor.py:183} INFO - Processing /home/airflow/.local/lib/python3.12/site-packages/airflow/example_dags/example_latest_only_with_trigger.py took 0.094 seconds
[2024-12-18T10:05:37.635+0000] {processor.py:161} INFO - Started process (PID=781) to work on /home/airflow/.local/lib/python3.12/site-packages/airflow/example_dags/example_latest_only_with_trigger.py
[2024-12-18T10:05:37.636+0000] {processor.py:830} INFO - Processing file /home/airflow/.local/lib/python3.12/site-packages/airflow/example_dags/example_latest_only_with_trigger.py for tasks to queue
[2024-12-18T10:05:37.638+0000] {logging_mixin.py:188} INFO - [2024-12-18T10:05:37.638+0000] {dagbag.py:545} INFO - Filling up the DagBag from /home/airflow/.local/lib/python3.12/site-packages/airflow/example_dags/example_latest_only_with_trigger.py
[2024-12-18T10:05:37.644+0000] {processor.py:840} INFO - DAG(s) 'latest_only_with_trigger' retrieved from /home/airflow/.local/lib/python3.12/site-packages/airflow/example_dags/example_latest_only_with_trigger.py
[2024-12-18T10:05:37.666+0000] {logging_mixin.py:188} INFO - [2024-12-18T10:05:37.666+0000] {dag.py:3096} INFO - Sync 1 DAGs
[2024-12-18T10:05:37.688+0000] {logging_mixin.py:188} INFO - [2024-12-18T10:05:37.688+0000] {dag.py:3954} INFO - Setting next_dagrun for latest_only_with_trigger to 2024-12-18 04:00:00+00:00, run_after=2024-12-18 08:00:00+00:00
[2024-12-18T10:05:37.711+0000] {processor.py:183} INFO - Processing /home/airflow/.local/lib/python3.12/site-packages/airflow/example_dags/example_latest_only_with_trigger.py took 0.081 seconds
[2024-12-18T10:06:07.898+0000] {processor.py:161} INFO - Started process (PID=839) to work on /home/airflow/.local/lib/python3.12/site-packages/airflow/example_dags/example_latest_only_with_trigger.py
[2024-12-18T10:06:07.899+0000] {processor.py:830} INFO - Processing file /home/airflow/.local/lib/python3.12/site-packages/airflow/example_dags/example_latest_only_with_trigger.py for tasks to queue
[2024-12-18T10:06:07.901+0000] {logging_mixin.py:188} INFO - [2024-12-18T10:06:07.901+0000] {dagbag.py:545} INFO - Filling up the DagBag from /home/airflow/.local/lib/python3.12/site-packages/airflow/example_dags/example_latest_only_with_trigger.py
[2024-12-18T10:06:07.907+0000] {processor.py:840} INFO - DAG(s) 'latest_only_with_trigger' retrieved from /home/airflow/.local/lib/python3.12/site-packages/airflow/example_dags/example_latest_only_with_trigger.py
[2024-12-18T10:06:07.929+0000] {logging_mixin.py:188} INFO - [2024-12-18T10:06:07.928+0000] {dag.py:3096} INFO - Sync 1 DAGs
[2024-12-18T10:06:07.952+0000] {logging_mixin.py:188} INFO - [2024-12-18T10:06:07.951+0000] {dag.py:3954} INFO - Setting next_dagrun for latest_only_with_trigger to 2024-12-18 04:00:00+00:00, run_after=2024-12-18 08:00:00+00:00
[2024-12-18T10:06:07.977+0000] {processor.py:183} INFO - Processing /home/airflow/.local/lib/python3.12/site-packages/airflow/example_dags/example_latest_only_with_trigger.py took 0.084 seconds
[2024-12-18T10:06:38.366+0000] {processor.py:161} INFO - Started process (PID=897) to work on /home/airflow/.local/lib/python3.12/site-packages/airflow/example_dags/example_latest_only_with_trigger.py
[2024-12-18T10:06:38.367+0000] {processor.py:830} INFO - Processing file /home/airflow/.local/lib/python3.12/site-packages/airflow/example_dags/example_latest_only_with_trigger.py for tasks to queue
[2024-12-18T10:06:38.370+0000] {logging_mixin.py:188} INFO - [2024-12-18T10:06:38.369+0000] {dagbag.py:545} INFO - Filling up the DagBag from /home/airflow/.local/lib/python3.12/site-packages/airflow/example_dags/example_latest_only_with_trigger.py
[2024-12-18T10:06:38.375+0000] {processor.py:840} INFO - DAG(s) 'latest_only_with_trigger' retrieved from /home/airflow/.local/lib/python3.12/site-packages/airflow/example_dags/example_latest_only_with_trigger.py
[2024-12-18T10:06:38.399+0000] {logging_mixin.py:188} INFO - [2024-12-18T10:06:38.398+0000] {dag.py:3096} INFO - Sync 1 DAGs
[2024-12-18T10:06:38.422+0000] {logging_mixin.py:188} INFO - [2024-12-18T10:06:38.422+0000] {dag.py:3954} INFO - Setting next_dagrun for latest_only_with_trigger to 2024-12-18 04:00:00+00:00, run_after=2024-12-18 08:00:00+00:00
[2024-12-18T10:06:38.449+0000] {processor.py:183} INFO - Processing /home/airflow/.local/lib/python3.12/site-packages/airflow/example_dags/example_latest_only_with_trigger.py took 0.088 seconds
[2024-12-18T10:07:08.883+0000] {processor.py:161} INFO - Started process (PID=955) to work on /home/airflow/.local/lib/python3.12/site-packages/airflow/example_dags/example_latest_only_with_trigger.py
[2024-12-18T10:07:08.884+0000] {processor.py:830} INFO - Processing file /home/airflow/.local/lib/python3.12/site-packages/airflow/example_dags/example_latest_only_with_trigger.py for tasks to queue
[2024-12-18T10:07:08.887+0000] {logging_mixin.py:188} INFO - [2024-12-18T10:07:08.886+0000] {dagbag.py:545} INFO - Filling up the DagBag from /home/airflow/.local/lib/python3.12/site-packages/airflow/example_dags/example_latest_only_with_trigger.py
[2024-12-18T10:07:08.893+0000] {processor.py:840} INFO - DAG(s) 'latest_only_with_trigger' retrieved from /home/airflow/.local/lib/python3.12/site-packages/airflow/example_dags/example_latest_only_with_trigger.py
[2024-12-18T10:07:08.921+0000] {logging_mixin.py:188} INFO - [2024-12-18T10:07:08.920+0000] {dag.py:3096} INFO - Sync 1 DAGs
[2024-12-18T10:07:08.952+0000] {logging_mixin.py:188} INFO - [2024-12-18T10:07:08.952+0000] {dag.py:3954} INFO - Setting next_dagrun for latest_only_with_trigger to 2024-12-18 04:00:00+00:00, run_after=2024-12-18 08:00:00+00:00
[2024-12-18T10:07:08.983+0000] {processor.py:183} INFO - Processing /home/airflow/.local/lib/python3.12/site-packages/airflow/example_dags/example_latest_only_with_trigger.py took 0.106 seconds
[2024-12-18T10:07:39.271+0000] {processor.py:161} INFO - Started process (PID=1013) to work on /home/airflow/.local/lib/python3.12/site-packages/airflow/example_dags/example_latest_only_with_trigger.py
[2024-12-18T10:07:39.272+0000] {processor.py:830} INFO - Processing file /home/airflow/.local/lib/python3.12/site-packages/airflow/example_dags/example_latest_only_with_trigger.py for tasks to queue
[2024-12-18T10:07:39.275+0000] {logging_mixin.py:188} INFO - [2024-12-18T10:07:39.274+0000] {dagbag.py:545} INFO - Filling up the DagBag from /home/airflow/.local/lib/python3.12/site-packages/airflow/example_dags/example_latest_only_with_trigger.py
[2024-12-18T10:07:39.287+0000] {processor.py:840} INFO - DAG(s) 'latest_only_with_trigger' retrieved from /home/airflow/.local/lib/python3.12/site-packages/airflow/example_dags/example_latest_only_with_trigger.py
[2024-12-18T10:07:39.312+0000] {logging_mixin.py:188} INFO - [2024-12-18T10:07:39.312+0000] {dag.py:3096} INFO - Sync 1 DAGs
[2024-12-18T10:07:39.336+0000] {logging_mixin.py:188} INFO - [2024-12-18T10:07:39.336+0000] {dag.py:3954} INFO - Setting next_dagrun for latest_only_with_trigger to 2024-12-18 04:00:00+00:00, run_after=2024-12-18 08:00:00+00:00
[2024-12-18T10:07:39.363+0000] {processor.py:183} INFO - Processing /home/airflow/.local/lib/python3.12/site-packages/airflow/example_dags/example_latest_only_with_trigger.py took 0.097 seconds
[2024-12-18T10:08:09.540+0000] {processor.py:161} INFO - Started process (PID=1071) to work on /home/airflow/.local/lib/python3.12/site-packages/airflow/example_dags/example_latest_only_with_trigger.py
[2024-12-18T10:08:09.541+0000] {processor.py:830} INFO - Processing file /home/airflow/.local/lib/python3.12/site-packages/airflow/example_dags/example_latest_only_with_trigger.py for tasks to queue
[2024-12-18T10:08:09.543+0000] {logging_mixin.py:188} INFO - [2024-12-18T10:08:09.543+0000] {dagbag.py:545} INFO - Filling up the DagBag from /home/airflow/.local/lib/python3.12/site-packages/airflow/example_dags/example_latest_only_with_trigger.py
[2024-12-18T10:08:09.550+0000] {processor.py:840} INFO - DAG(s) 'latest_only_with_trigger' retrieved from /home/airflow/.local/lib/python3.12/site-packages/airflow/example_dags/example_latest_only_with_trigger.py
[2024-12-18T10:08:09.575+0000] {logging_mixin.py:188} INFO - [2024-12-18T10:08:09.575+0000] {dag.py:3096} INFO - Sync 1 DAGs
[2024-12-18T10:08:09.599+0000] {logging_mixin.py:188} INFO - [2024-12-18T10:08:09.599+0000] {dag.py:3954} INFO - Setting next_dagrun for latest_only_with_trigger to 2024-12-18 04:00:00+00:00, run_after=2024-12-18 08:00:00+00:00
[2024-12-18T10:08:09.627+0000] {processor.py:183} INFO - Processing /home/airflow/.local/lib/python3.12/site-packages/airflow/example_dags/example_latest_only_with_trigger.py took 0.094 seconds
[2024-12-18T10:08:39.767+0000] {processor.py:161} INFO - Started process (PID=1129) to work on /home/airflow/.local/lib/python3.12/site-packages/airflow/example_dags/example_latest_only_with_trigger.py
[2024-12-18T10:08:39.769+0000] {processor.py:830} INFO - Processing file /home/airflow/.local/lib/python3.12/site-packages/airflow/example_dags/example_latest_only_with_trigger.py for tasks to queue
[2024-12-18T10:08:39.772+0000] {logging_mixin.py:188} INFO - [2024-12-18T10:08:39.771+0000] {dagbag.py:545} INFO - Filling up the DagBag from /home/airflow/.local/lib/python3.12/site-packages/airflow/example_dags/example_latest_only_with_trigger.py
[2024-12-18T10:08:39.777+0000] {processor.py:840} INFO - DAG(s) 'latest_only_with_trigger' retrieved from /home/airflow/.local/lib/python3.12/site-packages/airflow/example_dags/example_latest_only_with_trigger.py
[2024-12-18T10:08:39.801+0000] {logging_mixin.py:188} INFO - [2024-12-18T10:08:39.801+0000] {dag.py:3096} INFO - Sync 1 DAGs
[2024-12-18T10:08:39.823+0000] {logging_mixin.py:188} INFO - [2024-12-18T10:08:39.823+0000] {dag.py:3954} INFO - Setting next_dagrun for latest_only_with_trigger to 2024-12-18 04:00:00+00:00, run_after=2024-12-18 08:00:00+00:00
[2024-12-18T10:08:39.849+0000] {processor.py:183} INFO - Processing /home/airflow/.local/lib/python3.12/site-packages/airflow/example_dags/example_latest_only_with_trigger.py took 0.087 seconds
[2024-12-18T10:09:10.001+0000] {processor.py:161} INFO - Started process (PID=1187) to work on /home/airflow/.local/lib/python3.12/site-packages/airflow/example_dags/example_latest_only_with_trigger.py
[2024-12-18T10:09:10.002+0000] {processor.py:830} INFO - Processing file /home/airflow/.local/lib/python3.12/site-packages/airflow/example_dags/example_latest_only_with_trigger.py for tasks to queue
[2024-12-18T10:09:10.004+0000] {logging_mixin.py:188} INFO - [2024-12-18T10:09:10.004+0000] {dagbag.py:545} INFO - Filling up the DagBag from /home/airflow/.local/lib/python3.12/site-packages/airflow/example_dags/example_latest_only_with_trigger.py
[2024-12-18T10:09:10.011+0000] {processor.py:840} INFO - DAG(s) 'latest_only_with_trigger' retrieved from /home/airflow/.local/lib/python3.12/site-packages/airflow/example_dags/example_latest_only_with_trigger.py
[2024-12-18T10:09:10.034+0000] {logging_mixin.py:188} INFO - [2024-12-18T10:09:10.034+0000] {dag.py:3096} INFO - Sync 1 DAGs
[2024-12-18T10:09:10.060+0000] {logging_mixin.py:188} INFO - [2024-12-18T10:09:10.060+0000] {dag.py:3954} INFO - Setting next_dagrun for latest_only_with_trigger to 2024-12-18 04:00:00+00:00, run_after=2024-12-18 08:00:00+00:00
[2024-12-18T10:09:10.087+0000] {processor.py:183} INFO - Processing /home/airflow/.local/lib/python3.12/site-packages/airflow/example_dags/example_latest_only_with_trigger.py took 0.090 seconds
[2024-12-18T10:09:40.493+0000] {processor.py:161} INFO - Started process (PID=1245) to work on /home/airflow/.local/lib/python3.12/site-packages/airflow/example_dags/example_latest_only_with_trigger.py
[2024-12-18T10:09:40.495+0000] {processor.py:830} INFO - Processing file /home/airflow/.local/lib/python3.12/site-packages/airflow/example_dags/example_latest_only_with_trigger.py for tasks to queue
[2024-12-18T10:09:40.499+0000] {logging_mixin.py:188} INFO - [2024-12-18T10:09:40.498+0000] {dagbag.py:545} INFO - Filling up the DagBag from /home/airflow/.local/lib/python3.12/site-packages/airflow/example_dags/example_latest_only_with_trigger.py
[2024-12-18T10:09:40.506+0000] {processor.py:840} INFO - DAG(s) 'latest_only_with_trigger' retrieved from /home/airflow/.local/lib/python3.12/site-packages/airflow/example_dags/example_latest_only_with_trigger.py
[2024-12-18T10:09:40.543+0000] {logging_mixin.py:188} INFO - [2024-12-18T10:09:40.543+0000] {dag.py:3096} INFO - Sync 1 DAGs
[2024-12-18T10:09:40.576+0000] {logging_mixin.py:188} INFO - [2024-12-18T10:09:40.576+0000] {dag.py:3954} INFO - Setting next_dagrun for latest_only_with_trigger to 2024-12-18 04:00:00+00:00, run_after=2024-12-18 08:00:00+00:00
[2024-12-18T10:09:40.609+0000] {processor.py:183} INFO - Processing /home/airflow/.local/lib/python3.12/site-packages/airflow/example_dags/example_latest_only_with_trigger.py took 0.122 seconds
[2024-12-18T10:10:10.827+0000] {processor.py:161} INFO - Started process (PID=1303) to work on /home/airflow/.local/lib/python3.12/site-packages/airflow/example_dags/example_latest_only_with_trigger.py
[2024-12-18T10:10:10.828+0000] {processor.py:830} INFO - Processing file /home/airflow/.local/lib/python3.12/site-packages/airflow/example_dags/example_latest_only_with_trigger.py for tasks to queue
[2024-12-18T10:10:10.830+0000] {logging_mixin.py:188} INFO - [2024-12-18T10:10:10.830+0000] {dagbag.py:545} INFO - Filling up the DagBag from /home/airflow/.local/lib/python3.12/site-packages/airflow/example_dags/example_latest_only_with_trigger.py
[2024-12-18T10:10:10.837+0000] {processor.py:840} INFO - DAG(s) 'latest_only_with_trigger' retrieved from /home/airflow/.local/lib/python3.12/site-packages/airflow/example_dags/example_latest_only_with_trigger.py
[2024-12-18T10:10:10.862+0000] {logging_mixin.py:188} INFO - [2024-12-18T10:10:10.862+0000] {dag.py:3096} INFO - Sync 1 DAGs
[2024-12-18T10:10:10.887+0000] {logging_mixin.py:188} INFO - [2024-12-18T10:10:10.887+0000] {dag.py:3954} INFO - Setting next_dagrun for latest_only_with_trigger to 2024-12-18 04:00:00+00:00, run_after=2024-12-18 08:00:00+00:00
[2024-12-18T10:10:10.915+0000] {processor.py:183} INFO - Processing /home/airflow/.local/lib/python3.12/site-packages/airflow/example_dags/example_latest_only_with_trigger.py took 0.093 seconds
[2024-12-18T10:10:41.331+0000] {processor.py:161} INFO - Started process (PID=1361) to work on /home/airflow/.local/lib/python3.12/site-packages/airflow/example_dags/example_latest_only_with_trigger.py
[2024-12-18T10:10:41.332+0000] {processor.py:830} INFO - Processing file /home/airflow/.local/lib/python3.12/site-packages/airflow/example_dags/example_latest_only_with_trigger.py for tasks to queue
[2024-12-18T10:10:41.334+0000] {logging_mixin.py:188} INFO - [2024-12-18T10:10:41.334+0000] {dagbag.py:545} INFO - Filling up the DagBag from /home/airflow/.local/lib/python3.12/site-packages/airflow/example_dags/example_latest_only_with_trigger.py
[2024-12-18T10:10:41.340+0000] {processor.py:840} INFO - DAG(s) 'latest_only_with_trigger' retrieved from /home/airflow/.local/lib/python3.12/site-packages/airflow/example_dags/example_latest_only_with_trigger.py
[2024-12-18T10:10:41.362+0000] {logging_mixin.py:188} INFO - [2024-12-18T10:10:41.362+0000] {dag.py:3096} INFO - Sync 1 DAGs
[2024-12-18T10:10:41.391+0000] {logging_mixin.py:188} INFO - [2024-12-18T10:10:41.390+0000] {dag.py:3954} INFO - Setting next_dagrun for latest_only_with_trigger to 2024-12-18 04:00:00+00:00, run_after=2024-12-18 08:00:00+00:00
[2024-12-18T10:10:41.416+0000] {processor.py:183} INFO - Processing /home/airflow/.local/lib/python3.12/site-packages/airflow/example_dags/example_latest_only_with_trigger.py took 0.090 seconds
