[2024-12-18T09:59:30.060+0000] {processor.py:161} INFO - Started process (PID=67) to work on /home/airflow/.local/lib/python3.12/site-packages/airflow/example_dags/example_branch_python_dop_operator_3.py
[2024-12-18T09:59:30.061+0000] {processor.py:830} INFO - Processing file /home/airflow/.local/lib/python3.12/site-packages/airflow/example_dags/example_branch_python_dop_operator_3.py for tasks to queue
[2024-12-18T09:59:30.066+0000] {logging_mixin.py:188} INFO - [2024-12-18T09:59:30.065+0000] {dagbag.py:545} INFO - Filling up the DagBag from /home/airflow/.local/lib/python3.12/site-packages/airflow/example_dags/example_branch_python_dop_operator_3.py
[2024-12-18T09:59:30.083+0000] {processor.py:840} INFO - DAG(s) 'example_branch_dop_operator_v3' retrieved from /home/airflow/.local/lib/python3.12/site-packages/airflow/example_dags/example_branch_python_dop_operator_3.py
[2024-12-18T09:59:30.272+0000] {logging_mixin.py:188} INFO - [2024-12-18T09:59:30.271+0000] {override.py:1829} INFO - Created Permission View: can delete on DAG:example_branch_dop_operator_v3
[2024-12-18T09:59:30.293+0000] {logging_mixin.py:188} INFO - [2024-12-18T09:59:30.292+0000] {override.py:1829} INFO - Created Permission View: can read on DAG:example_branch_dop_operator_v3
[2024-12-18T09:59:30.312+0000] {logging_mixin.py:188} INFO - [2024-12-18T09:59:30.311+0000] {override.py:1829} INFO - Created Permission View: can edit on DAG:example_branch_dop_operator_v3
[2024-12-18T09:59:30.314+0000] {logging_mixin.py:188} INFO - [2024-12-18T09:59:30.313+0000] {dag.py:3096} INFO - Sync 1 DAGs
[2024-12-18T09:59:30.336+0000] {logging_mixin.py:188} INFO - [2024-12-18T09:59:30.336+0000] {dag.py:3118} INFO - Creating ORM DAG for example_branch_dop_operator_v3
[2024-12-18T09:59:30.358+0000] {logging_mixin.py:188} INFO - [2024-12-18T09:59:30.358+0000] {dag.py:3954} INFO - Setting next_dagrun for example_branch_dop_operator_v3 to 2024-12-18 09:58:00+00:00, run_after=2024-12-18 09:59:00+00:00
[2024-12-18T09:59:30.393+0000] {processor.py:183} INFO - Processing /home/airflow/.local/lib/python3.12/site-packages/airflow/example_dags/example_branch_python_dop_operator_3.py took 0.340 seconds
[2024-12-18T10:00:00.878+0000] {processor.py:161} INFO - Started process (PID=125) to work on /home/airflow/.local/lib/python3.12/site-packages/airflow/example_dags/example_branch_python_dop_operator_3.py
[2024-12-18T10:00:00.879+0000] {processor.py:830} INFO - Processing file /home/airflow/.local/lib/python3.12/site-packages/airflow/example_dags/example_branch_python_dop_operator_3.py for tasks to queue
[2024-12-18T10:00:00.881+0000] {logging_mixin.py:188} INFO - [2024-12-18T10:00:00.881+0000] {dagbag.py:545} INFO - Filling up the DagBag from /home/airflow/.local/lib/python3.12/site-packages/airflow/example_dags/example_branch_python_dop_operator_3.py
[2024-12-18T10:00:00.891+0000] {processor.py:840} INFO - DAG(s) 'example_branch_dop_operator_v3' retrieved from /home/airflow/.local/lib/python3.12/site-packages/airflow/example_dags/example_branch_python_dop_operator_3.py
[2024-12-18T10:00:00.914+0000] {logging_mixin.py:188} INFO - [2024-12-18T10:00:00.913+0000] {dag.py:3096} INFO - Sync 1 DAGs
[2024-12-18T10:00:00.944+0000] {logging_mixin.py:188} INFO - [2024-12-18T10:00:00.943+0000] {dag.py:3954} INFO - Setting next_dagrun for example_branch_dop_operator_v3 to 2024-12-18 09:59:00+00:00, run_after=2024-12-18 10:00:00+00:00
[2024-12-18T10:00:00.973+0000] {processor.py:183} INFO - Processing /home/airflow/.local/lib/python3.12/site-packages/airflow/example_dags/example_branch_python_dop_operator_3.py took 0.101 seconds
[2024-12-18T10:00:31.198+0000] {processor.py:161} INFO - Started process (PID=183) to work on /home/airflow/.local/lib/python3.12/site-packages/airflow/example_dags/example_branch_python_dop_operator_3.py
[2024-12-18T10:00:31.199+0000] {processor.py:830} INFO - Processing file /home/airflow/.local/lib/python3.12/site-packages/airflow/example_dags/example_branch_python_dop_operator_3.py for tasks to queue
[2024-12-18T10:00:31.201+0000] {logging_mixin.py:188} INFO - [2024-12-18T10:00:31.201+0000] {dagbag.py:545} INFO - Filling up the DagBag from /home/airflow/.local/lib/python3.12/site-packages/airflow/example_dags/example_branch_python_dop_operator_3.py
[2024-12-18T10:00:31.211+0000] {processor.py:840} INFO - DAG(s) 'example_branch_dop_operator_v3' retrieved from /home/airflow/.local/lib/python3.12/site-packages/airflow/example_dags/example_branch_python_dop_operator_3.py
[2024-12-18T10:00:31.236+0000] {logging_mixin.py:188} INFO - [2024-12-18T10:00:31.235+0000] {dag.py:3096} INFO - Sync 1 DAGs
[2024-12-18T10:00:31.271+0000] {logging_mixin.py:188} INFO - [2024-12-18T10:00:31.271+0000] {dag.py:3954} INFO - Setting next_dagrun for example_branch_dop_operator_v3 to 2024-12-18 09:59:00+00:00, run_after=2024-12-18 10:00:00+00:00
[2024-12-18T10:00:31.308+0000] {processor.py:183} INFO - Processing /home/airflow/.local/lib/python3.12/site-packages/airflow/example_dags/example_branch_python_dop_operator_3.py took 0.116 seconds
[2024-12-18T10:01:01.569+0000] {processor.py:161} INFO - Started process (PID=241) to work on /home/airflow/.local/lib/python3.12/site-packages/airflow/example_dags/example_branch_python_dop_operator_3.py
[2024-12-18T10:01:01.570+0000] {processor.py:830} INFO - Processing file /home/airflow/.local/lib/python3.12/site-packages/airflow/example_dags/example_branch_python_dop_operator_3.py for tasks to queue
[2024-12-18T10:01:01.574+0000] {logging_mixin.py:188} INFO - [2024-12-18T10:01:01.573+0000] {dagbag.py:545} INFO - Filling up the DagBag from /home/airflow/.local/lib/python3.12/site-packages/airflow/example_dags/example_branch_python_dop_operator_3.py
[2024-12-18T10:01:01.582+0000] {processor.py:840} INFO - DAG(s) 'example_branch_dop_operator_v3' retrieved from /home/airflow/.local/lib/python3.12/site-packages/airflow/example_dags/example_branch_python_dop_operator_3.py
[2024-12-18T10:01:01.609+0000] {logging_mixin.py:188} INFO - [2024-12-18T10:01:01.609+0000] {dag.py:3096} INFO - Sync 1 DAGs
[2024-12-18T10:01:01.641+0000] {logging_mixin.py:188} INFO - [2024-12-18T10:01:01.641+0000] {dag.py:3954} INFO - Setting next_dagrun for example_branch_dop_operator_v3 to 2024-12-18 10:00:00+00:00, run_after=2024-12-18 10:01:00+00:00
[2024-12-18T10:01:01.665+0000] {processor.py:183} INFO - Processing /home/airflow/.local/lib/python3.12/site-packages/airflow/example_dags/example_branch_python_dop_operator_3.py took 0.103 seconds
[2024-12-18T10:01:31.889+0000] {processor.py:161} INFO - Started process (PID=299) to work on /home/airflow/.local/lib/python3.12/site-packages/airflow/example_dags/example_branch_python_dop_operator_3.py
[2024-12-18T10:01:31.890+0000] {processor.py:830} INFO - Processing file /home/airflow/.local/lib/python3.12/site-packages/airflow/example_dags/example_branch_python_dop_operator_3.py for tasks to queue
[2024-12-18T10:01:31.893+0000] {logging_mixin.py:188} INFO - [2024-12-18T10:01:31.893+0000] {dagbag.py:545} INFO - Filling up the DagBag from /home/airflow/.local/lib/python3.12/site-packages/airflow/example_dags/example_branch_python_dop_operator_3.py
[2024-12-18T10:01:31.902+0000] {processor.py:840} INFO - DAG(s) 'example_branch_dop_operator_v3' retrieved from /home/airflow/.local/lib/python3.12/site-packages/airflow/example_dags/example_branch_python_dop_operator_3.py
[2024-12-18T10:01:31.924+0000] {logging_mixin.py:188} INFO - [2024-12-18T10:01:31.924+0000] {dag.py:3096} INFO - Sync 1 DAGs
[2024-12-18T10:01:31.951+0000] {logging_mixin.py:188} INFO - [2024-12-18T10:01:31.950+0000] {dag.py:3954} INFO - Setting next_dagrun for example_branch_dop_operator_v3 to 2024-12-18 10:00:00+00:00, run_after=2024-12-18 10:01:00+00:00
[2024-12-18T10:01:31.979+0000] {processor.py:183} INFO - Processing /home/airflow/.local/lib/python3.12/site-packages/airflow/example_dags/example_branch_python_dop_operator_3.py took 0.095 seconds
[2024-12-18T10:02:02.417+0000] {processor.py:161} INFO - Started process (PID=363) to work on /home/airflow/.local/lib/python3.12/site-packages/airflow/example_dags/example_branch_python_dop_operator_3.py
[2024-12-18T10:02:02.418+0000] {processor.py:830} INFO - Processing file /home/airflow/.local/lib/python3.12/site-packages/airflow/example_dags/example_branch_python_dop_operator_3.py for tasks to queue
[2024-12-18T10:02:02.421+0000] {logging_mixin.py:188} INFO - [2024-12-18T10:02:02.420+0000] {dagbag.py:545} INFO - Filling up the DagBag from /home/airflow/.local/lib/python3.12/site-packages/airflow/example_dags/example_branch_python_dop_operator_3.py
[2024-12-18T10:02:02.429+0000] {processor.py:840} INFO - DAG(s) 'example_branch_dop_operator_v3' retrieved from /home/airflow/.local/lib/python3.12/site-packages/airflow/example_dags/example_branch_python_dop_operator_3.py
[2024-12-18T10:02:02.456+0000] {logging_mixin.py:188} INFO - [2024-12-18T10:02:02.456+0000] {dag.py:3096} INFO - Sync 1 DAGs
[2024-12-18T10:02:02.487+0000] {logging_mixin.py:188} INFO - [2024-12-18T10:02:02.486+0000] {dag.py:3954} INFO - Setting next_dagrun for example_branch_dop_operator_v3 to 2024-12-18 10:01:00+00:00, run_after=2024-12-18 10:02:00+00:00
[2024-12-18T10:02:02.518+0000] {processor.py:183} INFO - Processing /home/airflow/.local/lib/python3.12/site-packages/airflow/example_dags/example_branch_python_dop_operator_3.py took 0.106 seconds
[2024-12-18T10:02:32.811+0000] {processor.py:161} INFO - Started process (PID=422) to work on /home/airflow/.local/lib/python3.12/site-packages/airflow/example_dags/example_branch_python_dop_operator_3.py
[2024-12-18T10:02:32.813+0000] {processor.py:830} INFO - Processing file /home/airflow/.local/lib/python3.12/site-packages/airflow/example_dags/example_branch_python_dop_operator_3.py for tasks to queue
[2024-12-18T10:02:32.815+0000] {logging_mixin.py:188} INFO - [2024-12-18T10:02:32.815+0000] {dagbag.py:545} INFO - Filling up the DagBag from /home/airflow/.local/lib/python3.12/site-packages/airflow/example_dags/example_branch_python_dop_operator_3.py
[2024-12-18T10:02:32.823+0000] {processor.py:840} INFO - DAG(s) 'example_branch_dop_operator_v3' retrieved from /home/airflow/.local/lib/python3.12/site-packages/airflow/example_dags/example_branch_python_dop_operator_3.py
[2024-12-18T10:02:32.844+0000] {logging_mixin.py:188} INFO - [2024-12-18T10:02:32.844+0000] {dag.py:3096} INFO - Sync 1 DAGs
[2024-12-18T10:02:32.871+0000] {logging_mixin.py:188} INFO - [2024-12-18T10:02:32.871+0000] {dag.py:3954} INFO - Setting next_dagrun for example_branch_dop_operator_v3 to 2024-12-18 10:01:00+00:00, run_after=2024-12-18 10:02:00+00:00
[2024-12-18T10:02:32.896+0000] {processor.py:183} INFO - Processing /home/airflow/.local/lib/python3.12/site-packages/airflow/example_dags/example_branch_python_dop_operator_3.py took 0.090 seconds
[2024-12-18T10:03:03.191+0000] {processor.py:161} INFO - Started process (PID=481) to work on /home/airflow/.local/lib/python3.12/site-packages/airflow/example_dags/example_branch_python_dop_operator_3.py
[2024-12-18T10:03:03.192+0000] {processor.py:830} INFO - Processing file /home/airflow/.local/lib/python3.12/site-packages/airflow/example_dags/example_branch_python_dop_operator_3.py for tasks to queue
[2024-12-18T10:03:03.194+0000] {logging_mixin.py:188} INFO - [2024-12-18T10:03:03.194+0000] {dagbag.py:545} INFO - Filling up the DagBag from /home/airflow/.local/lib/python3.12/site-packages/airflow/example_dags/example_branch_python_dop_operator_3.py
[2024-12-18T10:03:03.203+0000] {processor.py:840} INFO - DAG(s) 'example_branch_dop_operator_v3' retrieved from /home/airflow/.local/lib/python3.12/site-packages/airflow/example_dags/example_branch_python_dop_operator_3.py
[2024-12-18T10:03:03.229+0000] {logging_mixin.py:188} INFO - [2024-12-18T10:03:03.229+0000] {dag.py:3096} INFO - Sync 1 DAGs
[2024-12-18T10:03:03.255+0000] {logging_mixin.py:188} INFO - [2024-12-18T10:03:03.255+0000] {dag.py:3954} INFO - Setting next_dagrun for example_branch_dop_operator_v3 to 2024-12-18 10:02:00+00:00, run_after=2024-12-18 10:03:00+00:00
[2024-12-18T10:03:03.280+0000] {processor.py:183} INFO - Processing /home/airflow/.local/lib/python3.12/site-packages/airflow/example_dags/example_branch_python_dop_operator_3.py took 0.093 seconds
[2024-12-18T10:03:33.598+0000] {processor.py:161} INFO - Started process (PID=539) to work on /home/airflow/.local/lib/python3.12/site-packages/airflow/example_dags/example_branch_python_dop_operator_3.py
[2024-12-18T10:03:33.600+0000] {processor.py:830} INFO - Processing file /home/airflow/.local/lib/python3.12/site-packages/airflow/example_dags/example_branch_python_dop_operator_3.py for tasks to queue
[2024-12-18T10:03:33.603+0000] {logging_mixin.py:188} INFO - [2024-12-18T10:03:33.602+0000] {dagbag.py:545} INFO - Filling up the DagBag from /home/airflow/.local/lib/python3.12/site-packages/airflow/example_dags/example_branch_python_dop_operator_3.py
[2024-12-18T10:03:33.612+0000] {processor.py:840} INFO - DAG(s) 'example_branch_dop_operator_v3' retrieved from /home/airflow/.local/lib/python3.12/site-packages/airflow/example_dags/example_branch_python_dop_operator_3.py
[2024-12-18T10:03:33.636+0000] {logging_mixin.py:188} INFO - [2024-12-18T10:03:33.635+0000] {dag.py:3096} INFO - Sync 1 DAGs
[2024-12-18T10:03:33.661+0000] {logging_mixin.py:188} INFO - [2024-12-18T10:03:33.661+0000] {dag.py:3954} INFO - Setting next_dagrun for example_branch_dop_operator_v3 to 2024-12-18 10:02:00+00:00, run_after=2024-12-18 10:03:00+00:00
[2024-12-18T10:03:33.684+0000] {processor.py:183} INFO - Processing /home/airflow/.local/lib/python3.12/site-packages/airflow/example_dags/example_branch_python_dop_operator_3.py took 0.091 seconds
[2024-12-18T10:04:04.073+0000] {processor.py:161} INFO - Started process (PID=597) to work on /home/airflow/.local/lib/python3.12/site-packages/airflow/example_dags/example_branch_python_dop_operator_3.py
[2024-12-18T10:04:04.075+0000] {processor.py:830} INFO - Processing file /home/airflow/.local/lib/python3.12/site-packages/airflow/example_dags/example_branch_python_dop_operator_3.py for tasks to queue
[2024-12-18T10:04:04.078+0000] {logging_mixin.py:188} INFO - [2024-12-18T10:04:04.077+0000] {dagbag.py:545} INFO - Filling up the DagBag from /home/airflow/.local/lib/python3.12/site-packages/airflow/example_dags/example_branch_python_dop_operator_3.py
[2024-12-18T10:04:04.087+0000] {processor.py:840} INFO - DAG(s) 'example_branch_dop_operator_v3' retrieved from /home/airflow/.local/lib/python3.12/site-packages/airflow/example_dags/example_branch_python_dop_operator_3.py
[2024-12-18T10:04:04.108+0000] {logging_mixin.py:188} INFO - [2024-12-18T10:04:04.108+0000] {dag.py:3096} INFO - Sync 1 DAGs
[2024-12-18T10:04:04.135+0000] {logging_mixin.py:188} INFO - [2024-12-18T10:04:04.135+0000] {dag.py:3954} INFO - Setting next_dagrun for example_branch_dop_operator_v3 to 2024-12-18 10:03:00+00:00, run_after=2024-12-18 10:04:00+00:00
[2024-12-18T10:04:04.162+0000] {processor.py:183} INFO - Processing /home/airflow/.local/lib/python3.12/site-packages/airflow/example_dags/example_branch_python_dop_operator_3.py took 0.095 seconds
[2024-12-18T10:04:34.239+0000] {processor.py:161} INFO - Started process (PID=655) to work on /home/airflow/.local/lib/python3.12/site-packages/airflow/example_dags/example_branch_python_dop_operator_3.py
[2024-12-18T10:04:34.241+0000] {processor.py:830} INFO - Processing file /home/airflow/.local/lib/python3.12/site-packages/airflow/example_dags/example_branch_python_dop_operator_3.py for tasks to queue
[2024-12-18T10:04:34.243+0000] {logging_mixin.py:188} INFO - [2024-12-18T10:04:34.242+0000] {dagbag.py:545} INFO - Filling up the DagBag from /home/airflow/.local/lib/python3.12/site-packages/airflow/example_dags/example_branch_python_dop_operator_3.py
[2024-12-18T10:04:34.251+0000] {processor.py:840} INFO - DAG(s) 'example_branch_dop_operator_v3' retrieved from /home/airflow/.local/lib/python3.12/site-packages/airflow/example_dags/example_branch_python_dop_operator_3.py
[2024-12-18T10:04:34.272+0000] {logging_mixin.py:188} INFO - [2024-12-18T10:04:34.272+0000] {dag.py:3096} INFO - Sync 1 DAGs
[2024-12-18T10:04:34.298+0000] {logging_mixin.py:188} INFO - [2024-12-18T10:04:34.297+0000] {dag.py:3954} INFO - Setting next_dagrun for example_branch_dop_operator_v3 to 2024-12-18 10:03:00+00:00, run_after=2024-12-18 10:04:00+00:00
[2024-12-18T10:04:34.323+0000] {processor.py:183} INFO - Processing /home/airflow/.local/lib/python3.12/site-packages/airflow/example_dags/example_branch_python_dop_operator_3.py took 0.088 seconds
[2024-12-18T10:05:04.495+0000] {processor.py:161} INFO - Started process (PID=713) to work on /home/airflow/.local/lib/python3.12/site-packages/airflow/example_dags/example_branch_python_dop_operator_3.py
[2024-12-18T10:05:04.496+0000] {processor.py:830} INFO - Processing file /home/airflow/.local/lib/python3.12/site-packages/airflow/example_dags/example_branch_python_dop_operator_3.py for tasks to queue
[2024-12-18T10:05:04.499+0000] {logging_mixin.py:188} INFO - [2024-12-18T10:05:04.498+0000] {dagbag.py:545} INFO - Filling up the DagBag from /home/airflow/.local/lib/python3.12/site-packages/airflow/example_dags/example_branch_python_dop_operator_3.py
[2024-12-18T10:05:04.506+0000] {processor.py:840} INFO - DAG(s) 'example_branch_dop_operator_v3' retrieved from /home/airflow/.local/lib/python3.12/site-packages/airflow/example_dags/example_branch_python_dop_operator_3.py
[2024-12-18T10:05:04.530+0000] {logging_mixin.py:188} INFO - [2024-12-18T10:05:04.529+0000] {dag.py:3096} INFO - Sync 1 DAGs
[2024-12-18T10:05:04.556+0000] {logging_mixin.py:188} INFO - [2024-12-18T10:05:04.556+0000] {dag.py:3954} INFO - Setting next_dagrun for example_branch_dop_operator_v3 to 2024-12-18 10:04:00+00:00, run_after=2024-12-18 10:05:00+00:00
[2024-12-18T10:05:04.580+0000] {processor.py:183} INFO - Processing /home/airflow/.local/lib/python3.12/site-packages/airflow/example_dags/example_branch_python_dop_operator_3.py took 0.091 seconds
[2024-12-18T10:05:34.829+0000] {processor.py:161} INFO - Started process (PID=769) to work on /home/airflow/.local/lib/python3.12/site-packages/airflow/example_dags/example_branch_python_dop_operator_3.py
[2024-12-18T10:05:34.830+0000] {processor.py:830} INFO - Processing file /home/airflow/.local/lib/python3.12/site-packages/airflow/example_dags/example_branch_python_dop_operator_3.py for tasks to queue
[2024-12-18T10:05:34.833+0000] {logging_mixin.py:188} INFO - [2024-12-18T10:05:34.833+0000] {dagbag.py:545} INFO - Filling up the DagBag from /home/airflow/.local/lib/python3.12/site-packages/airflow/example_dags/example_branch_python_dop_operator_3.py
[2024-12-18T10:05:34.841+0000] {processor.py:840} INFO - DAG(s) 'example_branch_dop_operator_v3' retrieved from /home/airflow/.local/lib/python3.12/site-packages/airflow/example_dags/example_branch_python_dop_operator_3.py
[2024-12-18T10:05:34.864+0000] {logging_mixin.py:188} INFO - [2024-12-18T10:05:34.863+0000] {dag.py:3096} INFO - Sync 1 DAGs
[2024-12-18T10:05:34.893+0000] {logging_mixin.py:188} INFO - [2024-12-18T10:05:34.893+0000] {dag.py:3954} INFO - Setting next_dagrun for example_branch_dop_operator_v3 to 2024-12-18 10:04:00+00:00, run_after=2024-12-18 10:05:00+00:00
[2024-12-18T10:05:34.921+0000] {processor.py:183} INFO - Processing /home/airflow/.local/lib/python3.12/site-packages/airflow/example_dags/example_branch_python_dop_operator_3.py took 0.097 seconds
[2024-12-18T10:06:05.086+0000] {processor.py:161} INFO - Started process (PID=827) to work on /home/airflow/.local/lib/python3.12/site-packages/airflow/example_dags/example_branch_python_dop_operator_3.py
[2024-12-18T10:06:05.088+0000] {processor.py:830} INFO - Processing file /home/airflow/.local/lib/python3.12/site-packages/airflow/example_dags/example_branch_python_dop_operator_3.py for tasks to queue
[2024-12-18T10:06:05.091+0000] {logging_mixin.py:188} INFO - [2024-12-18T10:06:05.090+0000] {dagbag.py:545} INFO - Filling up the DagBag from /home/airflow/.local/lib/python3.12/site-packages/airflow/example_dags/example_branch_python_dop_operator_3.py
[2024-12-18T10:06:05.101+0000] {processor.py:840} INFO - DAG(s) 'example_branch_dop_operator_v3' retrieved from /home/airflow/.local/lib/python3.12/site-packages/airflow/example_dags/example_branch_python_dop_operator_3.py
[2024-12-18T10:06:05.127+0000] {logging_mixin.py:188} INFO - [2024-12-18T10:06:05.127+0000] {dag.py:3096} INFO - Sync 1 DAGs
[2024-12-18T10:06:05.154+0000] {logging_mixin.py:188} INFO - [2024-12-18T10:06:05.154+0000] {dag.py:3954} INFO - Setting next_dagrun for example_branch_dop_operator_v3 to 2024-12-18 10:05:00+00:00, run_after=2024-12-18 10:06:00+00:00
[2024-12-18T10:06:05.182+0000] {processor.py:183} INFO - Processing /home/airflow/.local/lib/python3.12/site-packages/airflow/example_dags/example_branch_python_dop_operator_3.py took 0.102 seconds
[2024-12-18T10:06:35.585+0000] {processor.py:161} INFO - Started process (PID=885) to work on /home/airflow/.local/lib/python3.12/site-packages/airflow/example_dags/example_branch_python_dop_operator_3.py
[2024-12-18T10:06:35.586+0000] {processor.py:830} INFO - Processing file /home/airflow/.local/lib/python3.12/site-packages/airflow/example_dags/example_branch_python_dop_operator_3.py for tasks to queue
[2024-12-18T10:06:35.589+0000] {logging_mixin.py:188} INFO - [2024-12-18T10:06:35.588+0000] {dagbag.py:545} INFO - Filling up the DagBag from /home/airflow/.local/lib/python3.12/site-packages/airflow/example_dags/example_branch_python_dop_operator_3.py
[2024-12-18T10:06:35.596+0000] {processor.py:840} INFO - DAG(s) 'example_branch_dop_operator_v3' retrieved from /home/airflow/.local/lib/python3.12/site-packages/airflow/example_dags/example_branch_python_dop_operator_3.py
[2024-12-18T10:06:35.619+0000] {logging_mixin.py:188} INFO - [2024-12-18T10:06:35.619+0000] {dag.py:3096} INFO - Sync 1 DAGs
[2024-12-18T10:06:35.643+0000] {logging_mixin.py:188} INFO - [2024-12-18T10:06:35.643+0000] {dag.py:3954} INFO - Setting next_dagrun for example_branch_dop_operator_v3 to 2024-12-18 10:05:00+00:00, run_after=2024-12-18 10:06:00+00:00
[2024-12-18T10:06:35.668+0000] {processor.py:183} INFO - Processing /home/airflow/.local/lib/python3.12/site-packages/airflow/example_dags/example_branch_python_dop_operator_3.py took 0.088 seconds
[2024-12-18T10:07:06.017+0000] {processor.py:161} INFO - Started process (PID=943) to work on /home/airflow/.local/lib/python3.12/site-packages/airflow/example_dags/example_branch_python_dop_operator_3.py
[2024-12-18T10:07:06.018+0000] {processor.py:830} INFO - Processing file /home/airflow/.local/lib/python3.12/site-packages/airflow/example_dags/example_branch_python_dop_operator_3.py for tasks to queue
[2024-12-18T10:07:06.021+0000] {logging_mixin.py:188} INFO - [2024-12-18T10:07:06.021+0000] {dagbag.py:545} INFO - Filling up the DagBag from /home/airflow/.local/lib/python3.12/site-packages/airflow/example_dags/example_branch_python_dop_operator_3.py
[2024-12-18T10:07:06.030+0000] {processor.py:840} INFO - DAG(s) 'example_branch_dop_operator_v3' retrieved from /home/airflow/.local/lib/python3.12/site-packages/airflow/example_dags/example_branch_python_dop_operator_3.py
[2024-12-18T10:07:06.053+0000] {logging_mixin.py:188} INFO - [2024-12-18T10:07:06.052+0000] {dag.py:3096} INFO - Sync 1 DAGs
[2024-12-18T10:07:06.082+0000] {logging_mixin.py:188} INFO - [2024-12-18T10:07:06.082+0000] {dag.py:3954} INFO - Setting next_dagrun for example_branch_dop_operator_v3 to 2024-12-18 10:06:00+00:00, run_after=2024-12-18 10:07:00+00:00
[2024-12-18T10:07:06.107+0000] {processor.py:183} INFO - Processing /home/airflow/.local/lib/python3.12/site-packages/airflow/example_dags/example_branch_python_dop_operator_3.py took 0.095 seconds
[2024-12-18T10:07:36.512+0000] {processor.py:161} INFO - Started process (PID=1001) to work on /home/airflow/.local/lib/python3.12/site-packages/airflow/example_dags/example_branch_python_dop_operator_3.py
[2024-12-18T10:07:36.513+0000] {processor.py:830} INFO - Processing file /home/airflow/.local/lib/python3.12/site-packages/airflow/example_dags/example_branch_python_dop_operator_3.py for tasks to queue
[2024-12-18T10:07:36.516+0000] {logging_mixin.py:188} INFO - [2024-12-18T10:07:36.516+0000] {dagbag.py:545} INFO - Filling up the DagBag from /home/airflow/.local/lib/python3.12/site-packages/airflow/example_dags/example_branch_python_dop_operator_3.py
[2024-12-18T10:07:36.525+0000] {processor.py:840} INFO - DAG(s) 'example_branch_dop_operator_v3' retrieved from /home/airflow/.local/lib/python3.12/site-packages/airflow/example_dags/example_branch_python_dop_operator_3.py
[2024-12-18T10:07:36.548+0000] {logging_mixin.py:188} INFO - [2024-12-18T10:07:36.548+0000] {dag.py:3096} INFO - Sync 1 DAGs
[2024-12-18T10:07:36.581+0000] {logging_mixin.py:188} INFO - [2024-12-18T10:07:36.581+0000] {dag.py:3954} INFO - Setting next_dagrun for example_branch_dop_operator_v3 to 2024-12-18 10:06:00+00:00, run_after=2024-12-18 10:07:00+00:00
[2024-12-18T10:07:36.610+0000] {processor.py:183} INFO - Processing /home/airflow/.local/lib/python3.12/site-packages/airflow/example_dags/example_branch_python_dop_operator_3.py took 0.103 seconds
[2024-12-18T10:08:06.666+0000] {processor.py:161} INFO - Started process (PID=1059) to work on /home/airflow/.local/lib/python3.12/site-packages/airflow/example_dags/example_branch_python_dop_operator_3.py
[2024-12-18T10:08:06.667+0000] {processor.py:830} INFO - Processing file /home/airflow/.local/lib/python3.12/site-packages/airflow/example_dags/example_branch_python_dop_operator_3.py for tasks to queue
[2024-12-18T10:08:06.669+0000] {logging_mixin.py:188} INFO - [2024-12-18T10:08:06.669+0000] {dagbag.py:545} INFO - Filling up the DagBag from /home/airflow/.local/lib/python3.12/site-packages/airflow/example_dags/example_branch_python_dop_operator_3.py
[2024-12-18T10:08:06.678+0000] {processor.py:840} INFO - DAG(s) 'example_branch_dop_operator_v3' retrieved from /home/airflow/.local/lib/python3.12/site-packages/airflow/example_dags/example_branch_python_dop_operator_3.py
[2024-12-18T10:08:06.704+0000] {logging_mixin.py:188} INFO - [2024-12-18T10:08:06.704+0000] {dag.py:3096} INFO - Sync 1 DAGs
[2024-12-18T10:08:06.736+0000] {logging_mixin.py:188} INFO - [2024-12-18T10:08:06.735+0000] {dag.py:3954} INFO - Setting next_dagrun for example_branch_dop_operator_v3 to 2024-12-18 10:07:00+00:00, run_after=2024-12-18 10:08:00+00:00
[2024-12-18T10:08:06.763+0000] {processor.py:183} INFO - Processing /home/airflow/.local/lib/python3.12/site-packages/airflow/example_dags/example_branch_python_dop_operator_3.py took 0.103 seconds
[2024-12-18T10:08:36.944+0000] {processor.py:161} INFO - Started process (PID=1117) to work on /home/airflow/.local/lib/python3.12/site-packages/airflow/example_dags/example_branch_python_dop_operator_3.py
[2024-12-18T10:08:36.945+0000] {processor.py:830} INFO - Processing file /home/airflow/.local/lib/python3.12/site-packages/airflow/example_dags/example_branch_python_dop_operator_3.py for tasks to queue
[2024-12-18T10:08:36.948+0000] {logging_mixin.py:188} INFO - [2024-12-18T10:08:36.947+0000] {dagbag.py:545} INFO - Filling up the DagBag from /home/airflow/.local/lib/python3.12/site-packages/airflow/example_dags/example_branch_python_dop_operator_3.py
[2024-12-18T10:08:36.956+0000] {processor.py:840} INFO - DAG(s) 'example_branch_dop_operator_v3' retrieved from /home/airflow/.local/lib/python3.12/site-packages/airflow/example_dags/example_branch_python_dop_operator_3.py
[2024-12-18T10:08:36.979+0000] {logging_mixin.py:188} INFO - [2024-12-18T10:08:36.978+0000] {dag.py:3096} INFO - Sync 1 DAGs
[2024-12-18T10:08:37.005+0000] {logging_mixin.py:188} INFO - [2024-12-18T10:08:37.005+0000] {dag.py:3954} INFO - Setting next_dagrun for example_branch_dop_operator_v3 to 2024-12-18 10:07:00+00:00, run_after=2024-12-18 10:08:00+00:00
[2024-12-18T10:08:37.032+0000] {processor.py:183} INFO - Processing /home/airflow/.local/lib/python3.12/site-packages/airflow/example_dags/example_branch_python_dop_operator_3.py took 0.094 seconds
[2024-12-18T10:09:07.194+0000] {processor.py:161} INFO - Started process (PID=1175) to work on /home/airflow/.local/lib/python3.12/site-packages/airflow/example_dags/example_branch_python_dop_operator_3.py
[2024-12-18T10:09:07.196+0000] {processor.py:830} INFO - Processing file /home/airflow/.local/lib/python3.12/site-packages/airflow/example_dags/example_branch_python_dop_operator_3.py for tasks to queue
[2024-12-18T10:09:07.198+0000] {logging_mixin.py:188} INFO - [2024-12-18T10:09:07.197+0000] {dagbag.py:545} INFO - Filling up the DagBag from /home/airflow/.local/lib/python3.12/site-packages/airflow/example_dags/example_branch_python_dop_operator_3.py
[2024-12-18T10:09:07.207+0000] {processor.py:840} INFO - DAG(s) 'example_branch_dop_operator_v3' retrieved from /home/airflow/.local/lib/python3.12/site-packages/airflow/example_dags/example_branch_python_dop_operator_3.py
[2024-12-18T10:09:07.231+0000] {logging_mixin.py:188} INFO - [2024-12-18T10:09:07.231+0000] {dag.py:3096} INFO - Sync 1 DAGs
[2024-12-18T10:09:07.260+0000] {logging_mixin.py:188} INFO - [2024-12-18T10:09:07.260+0000] {dag.py:3954} INFO - Setting next_dagrun for example_branch_dop_operator_v3 to 2024-12-18 10:08:00+00:00, run_after=2024-12-18 10:09:00+00:00
[2024-12-18T10:09:07.287+0000] {processor.py:183} INFO - Processing /home/airflow/.local/lib/python3.12/site-packages/airflow/example_dags/example_branch_python_dop_operator_3.py took 0.100 seconds
[2024-12-18T10:09:37.646+0000] {processor.py:161} INFO - Started process (PID=1233) to work on /home/airflow/.local/lib/python3.12/site-packages/airflow/example_dags/example_branch_python_dop_operator_3.py
[2024-12-18T10:09:37.648+0000] {processor.py:830} INFO - Processing file /home/airflow/.local/lib/python3.12/site-packages/airflow/example_dags/example_branch_python_dop_operator_3.py for tasks to queue
[2024-12-18T10:09:37.650+0000] {logging_mixin.py:188} INFO - [2024-12-18T10:09:37.650+0000] {dagbag.py:545} INFO - Filling up the DagBag from /home/airflow/.local/lib/python3.12/site-packages/airflow/example_dags/example_branch_python_dop_operator_3.py
[2024-12-18T10:09:37.658+0000] {processor.py:840} INFO - DAG(s) 'example_branch_dop_operator_v3' retrieved from /home/airflow/.local/lib/python3.12/site-packages/airflow/example_dags/example_branch_python_dop_operator_3.py
[2024-12-18T10:09:37.682+0000] {logging_mixin.py:188} INFO - [2024-12-18T10:09:37.682+0000] {dag.py:3096} INFO - Sync 1 DAGs
[2024-12-18T10:09:37.709+0000] {logging_mixin.py:188} INFO - [2024-12-18T10:09:37.709+0000] {dag.py:3954} INFO - Setting next_dagrun for example_branch_dop_operator_v3 to 2024-12-18 10:08:00+00:00, run_after=2024-12-18 10:09:00+00:00
[2024-12-18T10:09:37.737+0000] {processor.py:183} INFO - Processing /home/airflow/.local/lib/python3.12/site-packages/airflow/example_dags/example_branch_python_dop_operator_3.py took 0.096 seconds
[2024-12-18T10:10:07.789+0000] {processor.py:161} INFO - Started process (PID=1291) to work on /home/airflow/.local/lib/python3.12/site-packages/airflow/example_dags/example_branch_python_dop_operator_3.py
[2024-12-18T10:10:07.791+0000] {processor.py:830} INFO - Processing file /home/airflow/.local/lib/python3.12/site-packages/airflow/example_dags/example_branch_python_dop_operator_3.py for tasks to queue
[2024-12-18T10:10:07.793+0000] {logging_mixin.py:188} INFO - [2024-12-18T10:10:07.793+0000] {dagbag.py:545} INFO - Filling up the DagBag from /home/airflow/.local/lib/python3.12/site-packages/airflow/example_dags/example_branch_python_dop_operator_3.py
[2024-12-18T10:10:07.804+0000] {processor.py:840} INFO - DAG(s) 'example_branch_dop_operator_v3' retrieved from /home/airflow/.local/lib/python3.12/site-packages/airflow/example_dags/example_branch_python_dop_operator_3.py
[2024-12-18T10:10:07.832+0000] {logging_mixin.py:188} INFO - [2024-12-18T10:10:07.832+0000] {dag.py:3096} INFO - Sync 1 DAGs
[2024-12-18T10:10:07.862+0000] {logging_mixin.py:188} INFO - [2024-12-18T10:10:07.862+0000] {dag.py:3954} INFO - Setting next_dagrun for example_branch_dop_operator_v3 to 2024-12-18 10:09:00+00:00, run_after=2024-12-18 10:10:00+00:00
[2024-12-18T10:10:07.890+0000] {processor.py:183} INFO - Processing /home/airflow/.local/lib/python3.12/site-packages/airflow/example_dags/example_branch_python_dop_operator_3.py took 0.106 seconds
[2024-12-18T10:10:38.414+0000] {processor.py:161} INFO - Started process (PID=1349) to work on /home/airflow/.local/lib/python3.12/site-packages/airflow/example_dags/example_branch_python_dop_operator_3.py
[2024-12-18T10:10:38.415+0000] {processor.py:830} INFO - Processing file /home/airflow/.local/lib/python3.12/site-packages/airflow/example_dags/example_branch_python_dop_operator_3.py for tasks to queue
[2024-12-18T10:10:38.417+0000] {logging_mixin.py:188} INFO - [2024-12-18T10:10:38.417+0000] {dagbag.py:545} INFO - Filling up the DagBag from /home/airflow/.local/lib/python3.12/site-packages/airflow/example_dags/example_branch_python_dop_operator_3.py
[2024-12-18T10:10:38.426+0000] {processor.py:840} INFO - DAG(s) 'example_branch_dop_operator_v3' retrieved from /home/airflow/.local/lib/python3.12/site-packages/airflow/example_dags/example_branch_python_dop_operator_3.py
[2024-12-18T10:10:38.448+0000] {logging_mixin.py:188} INFO - [2024-12-18T10:10:38.448+0000] {dag.py:3096} INFO - Sync 1 DAGs
[2024-12-18T10:10:38.474+0000] {logging_mixin.py:188} INFO - [2024-12-18T10:10:38.473+0000] {dag.py:3954} INFO - Setting next_dagrun for example_branch_dop_operator_v3 to 2024-12-18 10:09:00+00:00, run_after=2024-12-18 10:10:00+00:00
[2024-12-18T10:10:38.499+0000] {processor.py:183} INFO - Processing /home/airflow/.local/lib/python3.12/site-packages/airflow/example_dags/example_branch_python_dop_operator_3.py took 0.091 seconds
