[2024-12-18T09:59:33.350+0000] {processor.py:161} INFO - Started process (PID=85) to work on /home/airflow/.local/lib/python3.12/site-packages/airflow/example_dags/example_external_task_marker_dag.py
[2024-12-18T09:59:33.352+0000] {processor.py:830} INFO - Processing file /home/airflow/.local/lib/python3.12/site-packages/airflow/example_dags/example_external_task_marker_dag.py for tasks to queue
[2024-12-18T09:59:33.355+0000] {logging_mixin.py:188} INFO - [2024-12-18T09:59:33.354+0000] {dagbag.py:545} INFO - Filling up the DagBag from /home/airflow/.local/lib/python3.12/site-packages/airflow/example_dags/example_external_task_marker_dag.py
[2024-12-18T09:59:33.363+0000] {processor.py:840} INFO - DAG(s) 'example_external_task_marker_parent', 'example_external_task_marker_child' retrieved from /home/airflow/.local/lib/python3.12/site-packages/airflow/example_dags/example_external_task_marker_dag.py
[2024-12-18T09:59:33.505+0000] {logging_mixin.py:188} INFO - [2024-12-18T09:59:33.504+0000] {override.py:1829} INFO - Created Permission View: can delete on DAG:example_external_task_marker_parent
[2024-12-18T09:59:33.521+0000] {logging_mixin.py:188} INFO - [2024-12-18T09:59:33.521+0000] {override.py:1829} INFO - Created Permission View: can read on DAG:example_external_task_marker_parent
[2024-12-18T09:59:33.533+0000] {logging_mixin.py:188} INFO - [2024-12-18T09:59:33.532+0000] {override.py:1829} INFO - Created Permission View: can edit on DAG:example_external_task_marker_parent
[2024-12-18T09:59:33.559+0000] {logging_mixin.py:188} INFO - [2024-12-18T09:59:33.558+0000] {override.py:1829} INFO - Created Permission View: can delete on DAG:example_external_task_marker_child
[2024-12-18T09:59:33.572+0000] {logging_mixin.py:188} INFO - [2024-12-18T09:59:33.571+0000] {override.py:1829} INFO - Created Permission View: can read on DAG:example_external_task_marker_child
[2024-12-18T09:59:33.583+0000] {logging_mixin.py:188} INFO - [2024-12-18T09:59:33.583+0000] {override.py:1829} INFO - Created Permission View: can edit on DAG:example_external_task_marker_child
[2024-12-18T09:59:33.584+0000] {logging_mixin.py:188} INFO - [2024-12-18T09:59:33.584+0000] {dag.py:3096} INFO - Sync 2 DAGs
[2024-12-18T09:59:33.597+0000] {logging_mixin.py:188} INFO - [2024-12-18T09:59:33.596+0000] {dag.py:3118} INFO - Creating ORM DAG for example_external_task_marker_parent
[2024-12-18T09:59:33.598+0000] {logging_mixin.py:188} INFO - [2024-12-18T09:59:33.598+0000] {dag.py:3118} INFO - Creating ORM DAG for example_external_task_marker_child
[2024-12-18T09:59:33.599+0000] {logging_mixin.py:188} INFO - [2024-12-18T09:59:33.599+0000] {dag.py:3954} INFO - Setting next_dagrun for example_external_task_marker_child to None, run_after=None
[2024-12-18T09:59:33.601+0000] {logging_mixin.py:188} INFO - [2024-12-18T09:59:33.601+0000] {dag.py:3954} INFO - Setting next_dagrun for example_external_task_marker_parent to None, run_after=None
[2024-12-18T09:59:33.631+0000] {processor.py:183} INFO - Processing /home/airflow/.local/lib/python3.12/site-packages/airflow/example_dags/example_external_task_marker_dag.py took 0.286 seconds
[2024-12-18T10:00:03.884+0000] {processor.py:161} INFO - Started process (PID=142) to work on /home/airflow/.local/lib/python3.12/site-packages/airflow/example_dags/example_external_task_marker_dag.py
[2024-12-18T10:00:03.886+0000] {processor.py:830} INFO - Processing file /home/airflow/.local/lib/python3.12/site-packages/airflow/example_dags/example_external_task_marker_dag.py for tasks to queue
[2024-12-18T10:00:03.888+0000] {logging_mixin.py:188} INFO - [2024-12-18T10:00:03.888+0000] {dagbag.py:545} INFO - Filling up the DagBag from /home/airflow/.local/lib/python3.12/site-packages/airflow/example_dags/example_external_task_marker_dag.py
[2024-12-18T10:00:03.897+0000] {processor.py:840} INFO - DAG(s) 'example_external_task_marker_child', 'example_external_task_marker_parent' retrieved from /home/airflow/.local/lib/python3.12/site-packages/airflow/example_dags/example_external_task_marker_dag.py
[2024-12-18T10:00:03.929+0000] {logging_mixin.py:188} INFO - [2024-12-18T10:00:03.929+0000] {dag.py:3096} INFO - Sync 2 DAGs
[2024-12-18T10:00:03.946+0000] {logging_mixin.py:188} INFO - [2024-12-18T10:00:03.946+0000] {dag.py:3954} INFO - Setting next_dagrun for example_external_task_marker_child to None, run_after=None
[2024-12-18T10:00:03.954+0000] {logging_mixin.py:188} INFO - [2024-12-18T10:00:03.953+0000] {dag.py:3954} INFO - Setting next_dagrun for example_external_task_marker_parent to None, run_after=None
[2024-12-18T10:00:03.982+0000] {processor.py:183} INFO - Processing /home/airflow/.local/lib/python3.12/site-packages/airflow/example_dags/example_external_task_marker_dag.py took 0.104 seconds
[2024-12-18T10:00:34.143+0000] {processor.py:161} INFO - Started process (PID=200) to work on /home/airflow/.local/lib/python3.12/site-packages/airflow/example_dags/example_external_task_marker_dag.py
[2024-12-18T10:00:34.145+0000] {processor.py:830} INFO - Processing file /home/airflow/.local/lib/python3.12/site-packages/airflow/example_dags/example_external_task_marker_dag.py for tasks to queue
[2024-12-18T10:00:34.147+0000] {logging_mixin.py:188} INFO - [2024-12-18T10:00:34.146+0000] {dagbag.py:545} INFO - Filling up the DagBag from /home/airflow/.local/lib/python3.12/site-packages/airflow/example_dags/example_external_task_marker_dag.py
[2024-12-18T10:00:34.152+0000] {processor.py:840} INFO - DAG(s) 'example_external_task_marker_child', 'example_external_task_marker_parent' retrieved from /home/airflow/.local/lib/python3.12/site-packages/airflow/example_dags/example_external_task_marker_dag.py
[2024-12-18T10:00:34.181+0000] {logging_mixin.py:188} INFO - [2024-12-18T10:00:34.180+0000] {dag.py:3096} INFO - Sync 2 DAGs
[2024-12-18T10:00:34.193+0000] {logging_mixin.py:188} INFO - [2024-12-18T10:00:34.193+0000] {dag.py:3954} INFO - Setting next_dagrun for example_external_task_marker_child to None, run_after=None
[2024-12-18T10:00:34.199+0000] {logging_mixin.py:188} INFO - [2024-12-18T10:00:34.199+0000] {dag.py:3954} INFO - Setting next_dagrun for example_external_task_marker_parent to None, run_after=None
[2024-12-18T10:00:34.223+0000] {processor.py:183} INFO - Processing /home/airflow/.local/lib/python3.12/site-packages/airflow/example_dags/example_external_task_marker_dag.py took 0.085 seconds
[2024-12-18T10:01:04.479+0000] {processor.py:161} INFO - Started process (PID=258) to work on /home/airflow/.local/lib/python3.12/site-packages/airflow/example_dags/example_external_task_marker_dag.py
[2024-12-18T10:01:04.480+0000] {processor.py:830} INFO - Processing file /home/airflow/.local/lib/python3.12/site-packages/airflow/example_dags/example_external_task_marker_dag.py for tasks to queue
[2024-12-18T10:01:04.483+0000] {logging_mixin.py:188} INFO - [2024-12-18T10:01:04.482+0000] {dagbag.py:545} INFO - Filling up the DagBag from /home/airflow/.local/lib/python3.12/site-packages/airflow/example_dags/example_external_task_marker_dag.py
[2024-12-18T10:01:04.488+0000] {processor.py:840} INFO - DAG(s) 'example_external_task_marker_child', 'example_external_task_marker_parent' retrieved from /home/airflow/.local/lib/python3.12/site-packages/airflow/example_dags/example_external_task_marker_dag.py
[2024-12-18T10:01:04.514+0000] {logging_mixin.py:188} INFO - [2024-12-18T10:01:04.514+0000] {dag.py:3096} INFO - Sync 2 DAGs
[2024-12-18T10:01:04.529+0000] {logging_mixin.py:188} INFO - [2024-12-18T10:01:04.528+0000] {dag.py:3954} INFO - Setting next_dagrun for example_external_task_marker_child to None, run_after=None
[2024-12-18T10:01:04.533+0000] {logging_mixin.py:188} INFO - [2024-12-18T10:01:04.533+0000] {dag.py:3954} INFO - Setting next_dagrun for example_external_task_marker_parent to None, run_after=None
[2024-12-18T10:01:04.556+0000] {processor.py:183} INFO - Processing /home/airflow/.local/lib/python3.12/site-packages/airflow/example_dags/example_external_task_marker_dag.py took 0.083 seconds
[2024-12-18T10:01:34.667+0000] {processor.py:161} INFO - Started process (PID=316) to work on /home/airflow/.local/lib/python3.12/site-packages/airflow/example_dags/example_external_task_marker_dag.py
[2024-12-18T10:01:34.669+0000] {processor.py:830} INFO - Processing file /home/airflow/.local/lib/python3.12/site-packages/airflow/example_dags/example_external_task_marker_dag.py for tasks to queue
[2024-12-18T10:01:34.671+0000] {logging_mixin.py:188} INFO - [2024-12-18T10:01:34.670+0000] {dagbag.py:545} INFO - Filling up the DagBag from /home/airflow/.local/lib/python3.12/site-packages/airflow/example_dags/example_external_task_marker_dag.py
[2024-12-18T10:01:34.678+0000] {processor.py:840} INFO - DAG(s) 'example_external_task_marker_child', 'example_external_task_marker_parent' retrieved from /home/airflow/.local/lib/python3.12/site-packages/airflow/example_dags/example_external_task_marker_dag.py
[2024-12-18T10:01:34.708+0000] {logging_mixin.py:188} INFO - [2024-12-18T10:01:34.708+0000] {dag.py:3096} INFO - Sync 2 DAGs
[2024-12-18T10:01:34.728+0000] {logging_mixin.py:188} INFO - [2024-12-18T10:01:34.727+0000] {dag.py:3954} INFO - Setting next_dagrun for example_external_task_marker_child to None, run_after=None
[2024-12-18T10:01:34.734+0000] {logging_mixin.py:188} INFO - [2024-12-18T10:01:34.734+0000] {dag.py:3954} INFO - Setting next_dagrun for example_external_task_marker_parent to None, run_after=None
[2024-12-18T10:01:34.766+0000] {processor.py:183} INFO - Processing /home/airflow/.local/lib/python3.12/site-packages/airflow/example_dags/example_external_task_marker_dag.py took 0.105 seconds
[2024-12-18T10:02:05.030+0000] {processor.py:161} INFO - Started process (PID=374) to work on /home/airflow/.local/lib/python3.12/site-packages/airflow/example_dags/example_external_task_marker_dag.py
[2024-12-18T10:02:05.031+0000] {processor.py:830} INFO - Processing file /home/airflow/.local/lib/python3.12/site-packages/airflow/example_dags/example_external_task_marker_dag.py for tasks to queue
[2024-12-18T10:02:05.034+0000] {logging_mixin.py:188} INFO - [2024-12-18T10:02:05.033+0000] {dagbag.py:545} INFO - Filling up the DagBag from /home/airflow/.local/lib/python3.12/site-packages/airflow/example_dags/example_external_task_marker_dag.py
[2024-12-18T10:02:05.041+0000] {processor.py:840} INFO - DAG(s) 'example_external_task_marker_parent', 'example_external_task_marker_child' retrieved from /home/airflow/.local/lib/python3.12/site-packages/airflow/example_dags/example_external_task_marker_dag.py
[2024-12-18T10:02:05.080+0000] {logging_mixin.py:188} INFO - [2024-12-18T10:02:05.079+0000] {dag.py:3096} INFO - Sync 2 DAGs
[2024-12-18T10:02:05.098+0000] {logging_mixin.py:188} INFO - [2024-12-18T10:02:05.098+0000] {dag.py:3954} INFO - Setting next_dagrun for example_external_task_marker_child to None, run_after=None
[2024-12-18T10:02:05.103+0000] {logging_mixin.py:188} INFO - [2024-12-18T10:02:05.103+0000] {dag.py:3954} INFO - Setting next_dagrun for example_external_task_marker_parent to None, run_after=None
[2024-12-18T10:02:05.129+0000] {processor.py:183} INFO - Processing /home/airflow/.local/lib/python3.12/site-packages/airflow/example_dags/example_external_task_marker_dag.py took 0.106 seconds
[2024-12-18T10:02:35.375+0000] {processor.py:161} INFO - Started process (PID=432) to work on /home/airflow/.local/lib/python3.12/site-packages/airflow/example_dags/example_external_task_marker_dag.py
[2024-12-18T10:02:35.376+0000] {processor.py:830} INFO - Processing file /home/airflow/.local/lib/python3.12/site-packages/airflow/example_dags/example_external_task_marker_dag.py for tasks to queue
[2024-12-18T10:02:35.378+0000] {logging_mixin.py:188} INFO - [2024-12-18T10:02:35.378+0000] {dagbag.py:545} INFO - Filling up the DagBag from /home/airflow/.local/lib/python3.12/site-packages/airflow/example_dags/example_external_task_marker_dag.py
[2024-12-18T10:02:35.384+0000] {processor.py:840} INFO - DAG(s) 'example_external_task_marker_parent', 'example_external_task_marker_child' retrieved from /home/airflow/.local/lib/python3.12/site-packages/airflow/example_dags/example_external_task_marker_dag.py
[2024-12-18T10:02:35.412+0000] {logging_mixin.py:188} INFO - [2024-12-18T10:02:35.412+0000] {dag.py:3096} INFO - Sync 2 DAGs
[2024-12-18T10:02:35.425+0000] {logging_mixin.py:188} INFO - [2024-12-18T10:02:35.425+0000] {dag.py:3954} INFO - Setting next_dagrun for example_external_task_marker_child to None, run_after=None
[2024-12-18T10:02:35.431+0000] {logging_mixin.py:188} INFO - [2024-12-18T10:02:35.431+0000] {dag.py:3954} INFO - Setting next_dagrun for example_external_task_marker_parent to None, run_after=None
[2024-12-18T10:02:35.454+0000] {processor.py:183} INFO - Processing /home/airflow/.local/lib/python3.12/site-packages/airflow/example_dags/example_external_task_marker_dag.py took 0.084 seconds
[2024-12-18T10:03:05.648+0000] {processor.py:161} INFO - Started process (PID=490) to work on /home/airflow/.local/lib/python3.12/site-packages/airflow/example_dags/example_external_task_marker_dag.py
[2024-12-18T10:03:05.649+0000] {processor.py:830} INFO - Processing file /home/airflow/.local/lib/python3.12/site-packages/airflow/example_dags/example_external_task_marker_dag.py for tasks to queue
[2024-12-18T10:03:05.651+0000] {logging_mixin.py:188} INFO - [2024-12-18T10:03:05.651+0000] {dagbag.py:545} INFO - Filling up the DagBag from /home/airflow/.local/lib/python3.12/site-packages/airflow/example_dags/example_external_task_marker_dag.py
[2024-12-18T10:03:05.657+0000] {processor.py:840} INFO - DAG(s) 'example_external_task_marker_parent', 'example_external_task_marker_child' retrieved from /home/airflow/.local/lib/python3.12/site-packages/airflow/example_dags/example_external_task_marker_dag.py
[2024-12-18T10:03:05.684+0000] {logging_mixin.py:188} INFO - [2024-12-18T10:03:05.684+0000] {dag.py:3096} INFO - Sync 2 DAGs
[2024-12-18T10:03:05.697+0000] {logging_mixin.py:188} INFO - [2024-12-18T10:03:05.697+0000] {dag.py:3954} INFO - Setting next_dagrun for example_external_task_marker_child to None, run_after=None
[2024-12-18T10:03:05.702+0000] {logging_mixin.py:188} INFO - [2024-12-18T10:03:05.701+0000] {dag.py:3954} INFO - Setting next_dagrun for example_external_task_marker_parent to None, run_after=None
[2024-12-18T10:03:05.725+0000] {processor.py:183} INFO - Processing /home/airflow/.local/lib/python3.12/site-packages/airflow/example_dags/example_external_task_marker_dag.py took 0.082 seconds
[2024-12-18T10:03:36.042+0000] {processor.py:161} INFO - Started process (PID=548) to work on /home/airflow/.local/lib/python3.12/site-packages/airflow/example_dags/example_external_task_marker_dag.py
[2024-12-18T10:03:36.043+0000] {processor.py:830} INFO - Processing file /home/airflow/.local/lib/python3.12/site-packages/airflow/example_dags/example_external_task_marker_dag.py for tasks to queue
[2024-12-18T10:03:36.046+0000] {logging_mixin.py:188} INFO - [2024-12-18T10:03:36.045+0000] {dagbag.py:545} INFO - Filling up the DagBag from /home/airflow/.local/lib/python3.12/site-packages/airflow/example_dags/example_external_task_marker_dag.py
[2024-12-18T10:03:36.052+0000] {processor.py:840} INFO - DAG(s) 'example_external_task_marker_child', 'example_external_task_marker_parent' retrieved from /home/airflow/.local/lib/python3.12/site-packages/airflow/example_dags/example_external_task_marker_dag.py
[2024-12-18T10:03:36.079+0000] {logging_mixin.py:188} INFO - [2024-12-18T10:03:36.079+0000] {dag.py:3096} INFO - Sync 2 DAGs
[2024-12-18T10:03:36.093+0000] {logging_mixin.py:188} INFO - [2024-12-18T10:03:36.093+0000] {dag.py:3954} INFO - Setting next_dagrun for example_external_task_marker_child to None, run_after=None
[2024-12-18T10:03:36.098+0000] {logging_mixin.py:188} INFO - [2024-12-18T10:03:36.097+0000] {dag.py:3954} INFO - Setting next_dagrun for example_external_task_marker_parent to None, run_after=None
[2024-12-18T10:03:36.121+0000] {processor.py:183} INFO - Processing /home/airflow/.local/lib/python3.12/site-packages/airflow/example_dags/example_external_task_marker_dag.py took 0.083 seconds
[2024-12-18T10:04:06.514+0000] {processor.py:161} INFO - Started process (PID=606) to work on /home/airflow/.local/lib/python3.12/site-packages/airflow/example_dags/example_external_task_marker_dag.py
[2024-12-18T10:04:06.515+0000] {processor.py:830} INFO - Processing file /home/airflow/.local/lib/python3.12/site-packages/airflow/example_dags/example_external_task_marker_dag.py for tasks to queue
[2024-12-18T10:04:06.517+0000] {logging_mixin.py:188} INFO - [2024-12-18T10:04:06.517+0000] {dagbag.py:545} INFO - Filling up the DagBag from /home/airflow/.local/lib/python3.12/site-packages/airflow/example_dags/example_external_task_marker_dag.py
[2024-12-18T10:04:06.523+0000] {processor.py:840} INFO - DAG(s) 'example_external_task_marker_parent', 'example_external_task_marker_child' retrieved from /home/airflow/.local/lib/python3.12/site-packages/airflow/example_dags/example_external_task_marker_dag.py
[2024-12-18T10:04:06.550+0000] {logging_mixin.py:188} INFO - [2024-12-18T10:04:06.550+0000] {dag.py:3096} INFO - Sync 2 DAGs
[2024-12-18T10:04:06.563+0000] {logging_mixin.py:188} INFO - [2024-12-18T10:04:06.563+0000] {dag.py:3954} INFO - Setting next_dagrun for example_external_task_marker_child to None, run_after=None
[2024-12-18T10:04:06.568+0000] {logging_mixin.py:188} INFO - [2024-12-18T10:04:06.568+0000] {dag.py:3954} INFO - Setting next_dagrun for example_external_task_marker_parent to None, run_after=None
[2024-12-18T10:04:06.592+0000] {processor.py:183} INFO - Processing /home/airflow/.local/lib/python3.12/site-packages/airflow/example_dags/example_external_task_marker_dag.py took 0.084 seconds
[2024-12-18T10:04:36.680+0000] {processor.py:161} INFO - Started process (PID=664) to work on /home/airflow/.local/lib/python3.12/site-packages/airflow/example_dags/example_external_task_marker_dag.py
[2024-12-18T10:04:36.681+0000] {processor.py:830} INFO - Processing file /home/airflow/.local/lib/python3.12/site-packages/airflow/example_dags/example_external_task_marker_dag.py for tasks to queue
[2024-12-18T10:04:36.683+0000] {logging_mixin.py:188} INFO - [2024-12-18T10:04:36.683+0000] {dagbag.py:545} INFO - Filling up the DagBag from /home/airflow/.local/lib/python3.12/site-packages/airflow/example_dags/example_external_task_marker_dag.py
[2024-12-18T10:04:36.689+0000] {processor.py:840} INFO - DAG(s) 'example_external_task_marker_parent', 'example_external_task_marker_child' retrieved from /home/airflow/.local/lib/python3.12/site-packages/airflow/example_dags/example_external_task_marker_dag.py
[2024-12-18T10:04:36.716+0000] {logging_mixin.py:188} INFO - [2024-12-18T10:04:36.716+0000] {dag.py:3096} INFO - Sync 2 DAGs
[2024-12-18T10:04:36.729+0000] {logging_mixin.py:188} INFO - [2024-12-18T10:04:36.729+0000] {dag.py:3954} INFO - Setting next_dagrun for example_external_task_marker_child to None, run_after=None
[2024-12-18T10:04:36.734+0000] {logging_mixin.py:188} INFO - [2024-12-18T10:04:36.734+0000] {dag.py:3954} INFO - Setting next_dagrun for example_external_task_marker_parent to None, run_after=None
[2024-12-18T10:04:36.757+0000] {processor.py:183} INFO - Processing /home/airflow/.local/lib/python3.12/site-packages/airflow/example_dags/example_external_task_marker_dag.py took 0.082 seconds
[2024-12-18T10:05:06.971+0000] {processor.py:161} INFO - Started process (PID=722) to work on /home/airflow/.local/lib/python3.12/site-packages/airflow/example_dags/example_external_task_marker_dag.py
[2024-12-18T10:05:06.973+0000] {processor.py:830} INFO - Processing file /home/airflow/.local/lib/python3.12/site-packages/airflow/example_dags/example_external_task_marker_dag.py for tasks to queue
[2024-12-18T10:05:06.975+0000] {logging_mixin.py:188} INFO - [2024-12-18T10:05:06.975+0000] {dagbag.py:545} INFO - Filling up the DagBag from /home/airflow/.local/lib/python3.12/site-packages/airflow/example_dags/example_external_task_marker_dag.py
[2024-12-18T10:05:06.982+0000] {processor.py:840} INFO - DAG(s) 'example_external_task_marker_child', 'example_external_task_marker_parent' retrieved from /home/airflow/.local/lib/python3.12/site-packages/airflow/example_dags/example_external_task_marker_dag.py
[2024-12-18T10:05:07.011+0000] {logging_mixin.py:188} INFO - [2024-12-18T10:05:07.011+0000] {dag.py:3096} INFO - Sync 2 DAGs
[2024-12-18T10:05:07.026+0000] {logging_mixin.py:188} INFO - [2024-12-18T10:05:07.026+0000] {dag.py:3954} INFO - Setting next_dagrun for example_external_task_marker_child to None, run_after=None
[2024-12-18T10:05:07.031+0000] {logging_mixin.py:188} INFO - [2024-12-18T10:05:07.031+0000] {dag.py:3954} INFO - Setting next_dagrun for example_external_task_marker_parent to None, run_after=None
[2024-12-18T10:05:07.059+0000] {processor.py:183} INFO - Processing /home/airflow/.local/lib/python3.12/site-packages/airflow/example_dags/example_external_task_marker_dag.py took 0.092 seconds
[2024-12-18T10:05:37.536+0000] {processor.py:161} INFO - Started process (PID=780) to work on /home/airflow/.local/lib/python3.12/site-packages/airflow/example_dags/example_external_task_marker_dag.py
[2024-12-18T10:05:37.538+0000] {processor.py:830} INFO - Processing file /home/airflow/.local/lib/python3.12/site-packages/airflow/example_dags/example_external_task_marker_dag.py for tasks to queue
[2024-12-18T10:05:37.540+0000] {logging_mixin.py:188} INFO - [2024-12-18T10:05:37.540+0000] {dagbag.py:545} INFO - Filling up the DagBag from /home/airflow/.local/lib/python3.12/site-packages/airflow/example_dags/example_external_task_marker_dag.py
[2024-12-18T10:05:37.546+0000] {processor.py:840} INFO - DAG(s) 'example_external_task_marker_parent', 'example_external_task_marker_child' retrieved from /home/airflow/.local/lib/python3.12/site-packages/airflow/example_dags/example_external_task_marker_dag.py
[2024-12-18T10:05:37.574+0000] {logging_mixin.py:188} INFO - [2024-12-18T10:05:37.574+0000] {dag.py:3096} INFO - Sync 2 DAGs
[2024-12-18T10:05:37.587+0000] {logging_mixin.py:188} INFO - [2024-12-18T10:05:37.587+0000] {dag.py:3954} INFO - Setting next_dagrun for example_external_task_marker_child to None, run_after=None
[2024-12-18T10:05:37.591+0000] {logging_mixin.py:188} INFO - [2024-12-18T10:05:37.591+0000] {dag.py:3954} INFO - Setting next_dagrun for example_external_task_marker_parent to None, run_after=None
[2024-12-18T10:05:37.614+0000] {processor.py:183} INFO - Processing /home/airflow/.local/lib/python3.12/site-packages/airflow/example_dags/example_external_task_marker_dag.py took 0.083 seconds
[2024-12-18T10:06:07.802+0000] {processor.py:161} INFO - Started process (PID=838) to work on /home/airflow/.local/lib/python3.12/site-packages/airflow/example_dags/example_external_task_marker_dag.py
[2024-12-18T10:06:07.803+0000] {processor.py:830} INFO - Processing file /home/airflow/.local/lib/python3.12/site-packages/airflow/example_dags/example_external_task_marker_dag.py for tasks to queue
[2024-12-18T10:06:07.806+0000] {logging_mixin.py:188} INFO - [2024-12-18T10:06:07.805+0000] {dagbag.py:545} INFO - Filling up the DagBag from /home/airflow/.local/lib/python3.12/site-packages/airflow/example_dags/example_external_task_marker_dag.py
[2024-12-18T10:06:07.813+0000] {processor.py:840} INFO - DAG(s) 'example_external_task_marker_child', 'example_external_task_marker_parent' retrieved from /home/airflow/.local/lib/python3.12/site-packages/airflow/example_dags/example_external_task_marker_dag.py
[2024-12-18T10:06:07.841+0000] {logging_mixin.py:188} INFO - [2024-12-18T10:06:07.841+0000] {dag.py:3096} INFO - Sync 2 DAGs
[2024-12-18T10:06:07.854+0000] {logging_mixin.py:188} INFO - [2024-12-18T10:06:07.854+0000] {dag.py:3954} INFO - Setting next_dagrun for example_external_task_marker_child to None, run_after=None
[2024-12-18T10:06:07.858+0000] {logging_mixin.py:188} INFO - [2024-12-18T10:06:07.858+0000] {dag.py:3954} INFO - Setting next_dagrun for example_external_task_marker_parent to None, run_after=None
[2024-12-18T10:06:07.884+0000] {processor.py:183} INFO - Processing /home/airflow/.local/lib/python3.12/site-packages/airflow/example_dags/example_external_task_marker_dag.py took 0.087 seconds
[2024-12-18T10:06:38.267+0000] {processor.py:161} INFO - Started process (PID=896) to work on /home/airflow/.local/lib/python3.12/site-packages/airflow/example_dags/example_external_task_marker_dag.py
[2024-12-18T10:06:38.268+0000] {processor.py:830} INFO - Processing file /home/airflow/.local/lib/python3.12/site-packages/airflow/example_dags/example_external_task_marker_dag.py for tasks to queue
[2024-12-18T10:06:38.270+0000] {logging_mixin.py:188} INFO - [2024-12-18T10:06:38.270+0000] {dagbag.py:545} INFO - Filling up the DagBag from /home/airflow/.local/lib/python3.12/site-packages/airflow/example_dags/example_external_task_marker_dag.py
[2024-12-18T10:06:38.275+0000] {processor.py:840} INFO - DAG(s) 'example_external_task_marker_parent', 'example_external_task_marker_child' retrieved from /home/airflow/.local/lib/python3.12/site-packages/airflow/example_dags/example_external_task_marker_dag.py
[2024-12-18T10:06:38.304+0000] {logging_mixin.py:188} INFO - [2024-12-18T10:06:38.304+0000] {dag.py:3096} INFO - Sync 2 DAGs
[2024-12-18T10:06:38.318+0000] {logging_mixin.py:188} INFO - [2024-12-18T10:06:38.317+0000] {dag.py:3954} INFO - Setting next_dagrun for example_external_task_marker_child to None, run_after=None
[2024-12-18T10:06:38.322+0000] {logging_mixin.py:188} INFO - [2024-12-18T10:06:38.322+0000] {dag.py:3954} INFO - Setting next_dagrun for example_external_task_marker_parent to None, run_after=None
[2024-12-18T10:06:38.346+0000] {processor.py:183} INFO - Processing /home/airflow/.local/lib/python3.12/site-packages/airflow/example_dags/example_external_task_marker_dag.py took 0.084 seconds
[2024-12-18T10:07:08.756+0000] {processor.py:161} INFO - Started process (PID=954) to work on /home/airflow/.local/lib/python3.12/site-packages/airflow/example_dags/example_external_task_marker_dag.py
[2024-12-18T10:07:08.758+0000] {processor.py:830} INFO - Processing file /home/airflow/.local/lib/python3.12/site-packages/airflow/example_dags/example_external_task_marker_dag.py for tasks to queue
[2024-12-18T10:07:08.760+0000] {logging_mixin.py:188} INFO - [2024-12-18T10:07:08.760+0000] {dagbag.py:545} INFO - Filling up the DagBag from /home/airflow/.local/lib/python3.12/site-packages/airflow/example_dags/example_external_task_marker_dag.py
[2024-12-18T10:07:08.767+0000] {processor.py:840} INFO - DAG(s) 'example_external_task_marker_child', 'example_external_task_marker_parent' retrieved from /home/airflow/.local/lib/python3.12/site-packages/airflow/example_dags/example_external_task_marker_dag.py
[2024-12-18T10:07:08.796+0000] {logging_mixin.py:188} INFO - [2024-12-18T10:07:08.795+0000] {dag.py:3096} INFO - Sync 2 DAGs
[2024-12-18T10:07:08.809+0000] {logging_mixin.py:188} INFO - [2024-12-18T10:07:08.809+0000] {dag.py:3954} INFO - Setting next_dagrun for example_external_task_marker_child to None, run_after=None
[2024-12-18T10:07:08.816+0000] {logging_mixin.py:188} INFO - [2024-12-18T10:07:08.815+0000] {dag.py:3954} INFO - Setting next_dagrun for example_external_task_marker_parent to None, run_after=None
[2024-12-18T10:07:08.840+0000] {processor.py:183} INFO - Processing /home/airflow/.local/lib/python3.12/site-packages/airflow/example_dags/example_external_task_marker_dag.py took 0.089 seconds
[2024-12-18T10:07:39.168+0000] {processor.py:161} INFO - Started process (PID=1012) to work on /home/airflow/.local/lib/python3.12/site-packages/airflow/example_dags/example_external_task_marker_dag.py
[2024-12-18T10:07:39.169+0000] {processor.py:830} INFO - Processing file /home/airflow/.local/lib/python3.12/site-packages/airflow/example_dags/example_external_task_marker_dag.py for tasks to queue
[2024-12-18T10:07:39.172+0000] {logging_mixin.py:188} INFO - [2024-12-18T10:07:39.172+0000] {dagbag.py:545} INFO - Filling up the DagBag from /home/airflow/.local/lib/python3.12/site-packages/airflow/example_dags/example_external_task_marker_dag.py
[2024-12-18T10:07:39.179+0000] {processor.py:840} INFO - DAG(s) 'example_external_task_marker_parent', 'example_external_task_marker_child' retrieved from /home/airflow/.local/lib/python3.12/site-packages/airflow/example_dags/example_external_task_marker_dag.py
[2024-12-18T10:07:39.214+0000] {logging_mixin.py:188} INFO - [2024-12-18T10:07:39.213+0000] {dag.py:3096} INFO - Sync 2 DAGs
[2024-12-18T10:07:39.228+0000] {logging_mixin.py:188} INFO - [2024-12-18T10:07:39.228+0000] {dag.py:3954} INFO - Setting next_dagrun for example_external_task_marker_child to None, run_after=None
[2024-12-18T10:07:39.233+0000] {logging_mixin.py:188} INFO - [2024-12-18T10:07:39.232+0000] {dag.py:3954} INFO - Setting next_dagrun for example_external_task_marker_parent to None, run_after=None
[2024-12-18T10:07:39.257+0000] {processor.py:183} INFO - Processing /home/airflow/.local/lib/python3.12/site-packages/airflow/example_dags/example_external_task_marker_dag.py took 0.096 seconds
[2024-12-18T10:08:09.444+0000] {processor.py:161} INFO - Started process (PID=1070) to work on /home/airflow/.local/lib/python3.12/site-packages/airflow/example_dags/example_external_task_marker_dag.py
[2024-12-18T10:08:09.445+0000] {processor.py:830} INFO - Processing file /home/airflow/.local/lib/python3.12/site-packages/airflow/example_dags/example_external_task_marker_dag.py for tasks to queue
[2024-12-18T10:08:09.447+0000] {logging_mixin.py:188} INFO - [2024-12-18T10:08:09.447+0000] {dagbag.py:545} INFO - Filling up the DagBag from /home/airflow/.local/lib/python3.12/site-packages/airflow/example_dags/example_external_task_marker_dag.py
[2024-12-18T10:08:09.453+0000] {processor.py:840} INFO - DAG(s) 'example_external_task_marker_child', 'example_external_task_marker_parent' retrieved from /home/airflow/.local/lib/python3.12/site-packages/airflow/example_dags/example_external_task_marker_dag.py
[2024-12-18T10:08:09.486+0000] {logging_mixin.py:188} INFO - [2024-12-18T10:08:09.486+0000] {dag.py:3096} INFO - Sync 2 DAGs
[2024-12-18T10:08:09.503+0000] {logging_mixin.py:188} INFO - [2024-12-18T10:08:09.502+0000] {dag.py:3954} INFO - Setting next_dagrun for example_external_task_marker_child to None, run_after=None
[2024-12-18T10:08:09.509+0000] {logging_mixin.py:188} INFO - [2024-12-18T10:08:09.509+0000] {dag.py:3954} INFO - Setting next_dagrun for example_external_task_marker_parent to None, run_after=None
[2024-12-18T10:08:09.534+0000] {processor.py:183} INFO - Processing /home/airflow/.local/lib/python3.12/site-packages/airflow/example_dags/example_external_task_marker_dag.py took 0.096 seconds
[2024-12-18T10:08:39.658+0000] {processor.py:161} INFO - Started process (PID=1128) to work on /home/airflow/.local/lib/python3.12/site-packages/airflow/example_dags/example_external_task_marker_dag.py
[2024-12-18T10:08:39.660+0000] {processor.py:830} INFO - Processing file /home/airflow/.local/lib/python3.12/site-packages/airflow/example_dags/example_external_task_marker_dag.py for tasks to queue
[2024-12-18T10:08:39.663+0000] {logging_mixin.py:188} INFO - [2024-12-18T10:08:39.662+0000] {dagbag.py:545} INFO - Filling up the DagBag from /home/airflow/.local/lib/python3.12/site-packages/airflow/example_dags/example_external_task_marker_dag.py
[2024-12-18T10:08:39.668+0000] {processor.py:840} INFO - DAG(s) 'example_external_task_marker_parent', 'example_external_task_marker_child' retrieved from /home/airflow/.local/lib/python3.12/site-packages/airflow/example_dags/example_external_task_marker_dag.py
[2024-12-18T10:08:39.696+0000] {logging_mixin.py:188} INFO - [2024-12-18T10:08:39.695+0000] {dag.py:3096} INFO - Sync 2 DAGs
[2024-12-18T10:08:39.710+0000] {logging_mixin.py:188} INFO - [2024-12-18T10:08:39.710+0000] {dag.py:3954} INFO - Setting next_dagrun for example_external_task_marker_child to None, run_after=None
[2024-12-18T10:08:39.715+0000] {logging_mixin.py:188} INFO - [2024-12-18T10:08:39.714+0000] {dag.py:3954} INFO - Setting next_dagrun for example_external_task_marker_parent to None, run_after=None
[2024-12-18T10:08:39.739+0000] {processor.py:183} INFO - Processing /home/airflow/.local/lib/python3.12/site-packages/airflow/example_dags/example_external_task_marker_dag.py took 0.086 seconds
[2024-12-18T10:09:09.889+0000] {processor.py:161} INFO - Started process (PID=1186) to work on /home/airflow/.local/lib/python3.12/site-packages/airflow/example_dags/example_external_task_marker_dag.py
[2024-12-18T10:09:09.890+0000] {processor.py:830} INFO - Processing file /home/airflow/.local/lib/python3.12/site-packages/airflow/example_dags/example_external_task_marker_dag.py for tasks to queue
[2024-12-18T10:09:09.893+0000] {logging_mixin.py:188} INFO - [2024-12-18T10:09:09.893+0000] {dagbag.py:545} INFO - Filling up the DagBag from /home/airflow/.local/lib/python3.12/site-packages/airflow/example_dags/example_external_task_marker_dag.py
[2024-12-18T10:09:09.901+0000] {processor.py:840} INFO - DAG(s) 'example_external_task_marker_child', 'example_external_task_marker_parent' retrieved from /home/airflow/.local/lib/python3.12/site-packages/airflow/example_dags/example_external_task_marker_dag.py
[2024-12-18T10:09:09.931+0000] {logging_mixin.py:188} INFO - [2024-12-18T10:09:09.931+0000] {dag.py:3096} INFO - Sync 2 DAGs
[2024-12-18T10:09:09.945+0000] {logging_mixin.py:188} INFO - [2024-12-18T10:09:09.945+0000] {dag.py:3954} INFO - Setting next_dagrun for example_external_task_marker_child to None, run_after=None
[2024-12-18T10:09:09.950+0000] {logging_mixin.py:188} INFO - [2024-12-18T10:09:09.950+0000] {dag.py:3954} INFO - Setting next_dagrun for example_external_task_marker_parent to None, run_after=None
[2024-12-18T10:09:09.975+0000] {processor.py:183} INFO - Processing /home/airflow/.local/lib/python3.12/site-packages/airflow/example_dags/example_external_task_marker_dag.py took 0.092 seconds
[2024-12-18T10:09:40.365+0000] {processor.py:161} INFO - Started process (PID=1244) to work on /home/airflow/.local/lib/python3.12/site-packages/airflow/example_dags/example_external_task_marker_dag.py
[2024-12-18T10:09:40.366+0000] {processor.py:830} INFO - Processing file /home/airflow/.local/lib/python3.12/site-packages/airflow/example_dags/example_external_task_marker_dag.py for tasks to queue
[2024-12-18T10:09:40.368+0000] {logging_mixin.py:188} INFO - [2024-12-18T10:09:40.367+0000] {dagbag.py:545} INFO - Filling up the DagBag from /home/airflow/.local/lib/python3.12/site-packages/airflow/example_dags/example_external_task_marker_dag.py
[2024-12-18T10:09:40.375+0000] {processor.py:840} INFO - DAG(s) 'example_external_task_marker_parent', 'example_external_task_marker_child' retrieved from /home/airflow/.local/lib/python3.12/site-packages/airflow/example_dags/example_external_task_marker_dag.py
[2024-12-18T10:09:40.403+0000] {logging_mixin.py:188} INFO - [2024-12-18T10:09:40.402+0000] {dag.py:3096} INFO - Sync 2 DAGs
[2024-12-18T10:09:40.418+0000] {logging_mixin.py:188} INFO - [2024-12-18T10:09:40.418+0000] {dag.py:3954} INFO - Setting next_dagrun for example_external_task_marker_child to None, run_after=None
[2024-12-18T10:09:40.424+0000] {logging_mixin.py:188} INFO - [2024-12-18T10:09:40.423+0000] {dag.py:3954} INFO - Setting next_dagrun for example_external_task_marker_parent to None, run_after=None
[2024-12-18T10:09:40.456+0000] {processor.py:183} INFO - Processing /home/airflow/.local/lib/python3.12/site-packages/airflow/example_dags/example_external_task_marker_dag.py took 0.097 seconds
[2024-12-18T10:10:10.683+0000] {processor.py:161} INFO - Started process (PID=1302) to work on /home/airflow/.local/lib/python3.12/site-packages/airflow/example_dags/example_external_task_marker_dag.py
[2024-12-18T10:10:10.685+0000] {processor.py:830} INFO - Processing file /home/airflow/.local/lib/python3.12/site-packages/airflow/example_dags/example_external_task_marker_dag.py for tasks to queue
[2024-12-18T10:10:10.687+0000] {logging_mixin.py:188} INFO - [2024-12-18T10:10:10.687+0000] {dagbag.py:545} INFO - Filling up the DagBag from /home/airflow/.local/lib/python3.12/site-packages/airflow/example_dags/example_external_task_marker_dag.py
[2024-12-18T10:10:10.695+0000] {processor.py:840} INFO - DAG(s) 'example_external_task_marker_child', 'example_external_task_marker_parent' retrieved from /home/airflow/.local/lib/python3.12/site-packages/airflow/example_dags/example_external_task_marker_dag.py
[2024-12-18T10:10:10.728+0000] {logging_mixin.py:188} INFO - [2024-12-18T10:10:10.728+0000] {dag.py:3096} INFO - Sync 2 DAGs
[2024-12-18T10:10:10.746+0000] {logging_mixin.py:188} INFO - [2024-12-18T10:10:10.746+0000] {dag.py:3954} INFO - Setting next_dagrun for example_external_task_marker_child to None, run_after=None
[2024-12-18T10:10:10.752+0000] {logging_mixin.py:188} INFO - [2024-12-18T10:10:10.751+0000] {dag.py:3954} INFO - Setting next_dagrun for example_external_task_marker_parent to None, run_after=None
[2024-12-18T10:10:10.779+0000] {processor.py:183} INFO - Processing /home/airflow/.local/lib/python3.12/site-packages/airflow/example_dags/example_external_task_marker_dag.py took 0.101 seconds
[2024-12-18T10:10:41.214+0000] {processor.py:161} INFO - Started process (PID=1360) to work on /home/airflow/.local/lib/python3.12/site-packages/airflow/example_dags/example_external_task_marker_dag.py
[2024-12-18T10:10:41.216+0000] {processor.py:830} INFO - Processing file /home/airflow/.local/lib/python3.12/site-packages/airflow/example_dags/example_external_task_marker_dag.py for tasks to queue
[2024-12-18T10:10:41.219+0000] {logging_mixin.py:188} INFO - [2024-12-18T10:10:41.218+0000] {dagbag.py:545} INFO - Filling up the DagBag from /home/airflow/.local/lib/python3.12/site-packages/airflow/example_dags/example_external_task_marker_dag.py
[2024-12-18T10:10:41.225+0000] {processor.py:840} INFO - DAG(s) 'example_external_task_marker_child', 'example_external_task_marker_parent' retrieved from /home/airflow/.local/lib/python3.12/site-packages/airflow/example_dags/example_external_task_marker_dag.py
[2024-12-18T10:10:41.255+0000] {logging_mixin.py:188} INFO - [2024-12-18T10:10:41.254+0000] {dag.py:3096} INFO - Sync 2 DAGs
[2024-12-18T10:10:41.269+0000] {logging_mixin.py:188} INFO - [2024-12-18T10:10:41.269+0000] {dag.py:3954} INFO - Setting next_dagrun for example_external_task_marker_child to None, run_after=None
[2024-12-18T10:10:41.274+0000] {logging_mixin.py:188} INFO - [2024-12-18T10:10:41.274+0000] {dag.py:3954} INFO - Setting next_dagrun for example_external_task_marker_parent to None, run_after=None
[2024-12-18T10:10:41.298+0000] {processor.py:183} INFO - Processing /home/airflow/.local/lib/python3.12/site-packages/airflow/example_dags/example_external_task_marker_dag.py took 0.092 seconds
