[2024-12-18T09:59:36.347+0000] {processor.py:161} INFO - Started process (PID=99) to work on /home/airflow/.local/lib/python3.12/site-packages/airflow/example_dags/example_task_group_decorator.py
[2024-12-18T09:59:36.349+0000] {processor.py:830} INFO - Processing file /home/airflow/.local/lib/python3.12/site-packages/airflow/example_dags/example_task_group_decorator.py for tasks to queue
[2024-12-18T09:59:36.352+0000] {logging_mixin.py:188} INFO - [2024-12-18T09:59:36.351+0000] {dagbag.py:545} INFO - Filling up the DagBag from /home/airflow/.local/lib/python3.12/site-packages/airflow/example_dags/example_task_group_decorator.py
[2024-12-18T09:59:36.375+0000] {processor.py:840} INFO - DAG(s) 'example_task_group_decorator' retrieved from /home/airflow/.local/lib/python3.12/site-packages/airflow/example_dags/example_task_group_decorator.py
[2024-12-18T09:59:36.516+0000] {logging_mixin.py:188} INFO - [2024-12-18T09:59:36.514+0000] {override.py:1829} INFO - Created Permission View: can delete on DAG:example_task_group_decorator
[2024-12-18T09:59:36.533+0000] {logging_mixin.py:188} INFO - [2024-12-18T09:59:36.533+0000] {override.py:1829} INFO - Created Permission View: can read on DAG:example_task_group_decorator
[2024-12-18T09:59:36.547+0000] {logging_mixin.py:188} INFO - [2024-12-18T09:59:36.546+0000] {override.py:1829} INFO - Created Permission View: can edit on DAG:example_task_group_decorator
[2024-12-18T09:59:36.547+0000] {logging_mixin.py:188} INFO - [2024-12-18T09:59:36.547+0000] {dag.py:3096} INFO - Sync 1 DAGs
[2024-12-18T09:59:36.564+0000] {logging_mixin.py:188} INFO - [2024-12-18T09:59:36.564+0000] {dag.py:3118} INFO - Creating ORM DAG for example_task_group_decorator
[2024-12-18T09:59:36.577+0000] {logging_mixin.py:188} INFO - [2024-12-18T09:59:36.577+0000] {dag.py:3954} INFO - Setting next_dagrun for example_task_group_decorator to 2024-12-17 00:00:00+00:00, run_after=2024-12-18 00:00:00+00:00
[2024-12-18T09:59:36.605+0000] {processor.py:183} INFO - Processing /home/airflow/.local/lib/python3.12/site-packages/airflow/example_dags/example_task_group_decorator.py took 0.264 seconds
[2024-12-18T10:00:07.513+0000] {processor.py:161} INFO - Started process (PID=157) to work on /home/airflow/.local/lib/python3.12/site-packages/airflow/example_dags/example_task_group_decorator.py
[2024-12-18T10:00:07.515+0000] {processor.py:830} INFO - Processing file /home/airflow/.local/lib/python3.12/site-packages/airflow/example_dags/example_task_group_decorator.py for tasks to queue
[2024-12-18T10:00:07.518+0000] {logging_mixin.py:188} INFO - [2024-12-18T10:00:07.517+0000] {dagbag.py:545} INFO - Filling up the DagBag from /home/airflow/.local/lib/python3.12/site-packages/airflow/example_dags/example_task_group_decorator.py
[2024-12-18T10:00:07.532+0000] {processor.py:840} INFO - DAG(s) 'example_task_group_decorator' retrieved from /home/airflow/.local/lib/python3.12/site-packages/airflow/example_dags/example_task_group_decorator.py
[2024-12-18T10:00:07.560+0000] {logging_mixin.py:188} INFO - [2024-12-18T10:00:07.560+0000] {dag.py:3096} INFO - Sync 1 DAGs
[2024-12-18T10:00:07.589+0000] {logging_mixin.py:188} INFO - [2024-12-18T10:00:07.588+0000] {dag.py:3954} INFO - Setting next_dagrun for example_task_group_decorator to 2024-12-17 00:00:00+00:00, run_after=2024-12-18 00:00:00+00:00
[2024-12-18T10:00:07.615+0000] {processor.py:183} INFO - Processing /home/airflow/.local/lib/python3.12/site-packages/airflow/example_dags/example_task_group_decorator.py took 0.107 seconds
[2024-12-18T10:00:38.284+0000] {processor.py:161} INFO - Started process (PID=215) to work on /home/airflow/.local/lib/python3.12/site-packages/airflow/example_dags/example_task_group_decorator.py
[2024-12-18T10:00:38.286+0000] {processor.py:830} INFO - Processing file /home/airflow/.local/lib/python3.12/site-packages/airflow/example_dags/example_task_group_decorator.py for tasks to queue
[2024-12-18T10:00:38.288+0000] {logging_mixin.py:188} INFO - [2024-12-18T10:00:38.288+0000] {dagbag.py:545} INFO - Filling up the DagBag from /home/airflow/.local/lib/python3.12/site-packages/airflow/example_dags/example_task_group_decorator.py
[2024-12-18T10:00:38.304+0000] {processor.py:840} INFO - DAG(s) 'example_task_group_decorator' retrieved from /home/airflow/.local/lib/python3.12/site-packages/airflow/example_dags/example_task_group_decorator.py
[2024-12-18T10:00:38.331+0000] {logging_mixin.py:188} INFO - [2024-12-18T10:00:38.331+0000] {dag.py:3096} INFO - Sync 1 DAGs
[2024-12-18T10:00:38.355+0000] {logging_mixin.py:188} INFO - [2024-12-18T10:00:38.355+0000] {dag.py:3954} INFO - Setting next_dagrun for example_task_group_decorator to 2024-12-17 00:00:00+00:00, run_after=2024-12-18 00:00:00+00:00
[2024-12-18T10:00:38.380+0000] {processor.py:183} INFO - Processing /home/airflow/.local/lib/python3.12/site-packages/airflow/example_dags/example_task_group_decorator.py took 0.101 seconds
[2024-12-18T10:01:08.576+0000] {processor.py:161} INFO - Started process (PID=273) to work on /home/airflow/.local/lib/python3.12/site-packages/airflow/example_dags/example_task_group_decorator.py
[2024-12-18T10:01:08.577+0000] {processor.py:830} INFO - Processing file /home/airflow/.local/lib/python3.12/site-packages/airflow/example_dags/example_task_group_decorator.py for tasks to queue
[2024-12-18T10:01:08.580+0000] {logging_mixin.py:188} INFO - [2024-12-18T10:01:08.580+0000] {dagbag.py:545} INFO - Filling up the DagBag from /home/airflow/.local/lib/python3.12/site-packages/airflow/example_dags/example_task_group_decorator.py
[2024-12-18T10:01:08.596+0000] {processor.py:840} INFO - DAG(s) 'example_task_group_decorator' retrieved from /home/airflow/.local/lib/python3.12/site-packages/airflow/example_dags/example_task_group_decorator.py
[2024-12-18T10:01:08.630+0000] {logging_mixin.py:188} INFO - [2024-12-18T10:01:08.630+0000] {dag.py:3096} INFO - Sync 1 DAGs
[2024-12-18T10:01:08.654+0000] {logging_mixin.py:188} INFO - [2024-12-18T10:01:08.654+0000] {dag.py:3954} INFO - Setting next_dagrun for example_task_group_decorator to 2024-12-17 00:00:00+00:00, run_after=2024-12-18 00:00:00+00:00
[2024-12-18T10:01:08.681+0000] {processor.py:183} INFO - Processing /home/airflow/.local/lib/python3.12/site-packages/airflow/example_dags/example_task_group_decorator.py took 0.110 seconds
[2024-12-18T10:01:38.834+0000] {processor.py:161} INFO - Started process (PID=331) to work on /home/airflow/.local/lib/python3.12/site-packages/airflow/example_dags/example_task_group_decorator.py
[2024-12-18T10:01:38.835+0000] {processor.py:830} INFO - Processing file /home/airflow/.local/lib/python3.12/site-packages/airflow/example_dags/example_task_group_decorator.py for tasks to queue
[2024-12-18T10:01:38.839+0000] {logging_mixin.py:188} INFO - [2024-12-18T10:01:38.838+0000] {dagbag.py:545} INFO - Filling up the DagBag from /home/airflow/.local/lib/python3.12/site-packages/airflow/example_dags/example_task_group_decorator.py
[2024-12-18T10:01:38.858+0000] {processor.py:840} INFO - DAG(s) 'example_task_group_decorator' retrieved from /home/airflow/.local/lib/python3.12/site-packages/airflow/example_dags/example_task_group_decorator.py
[2024-12-18T10:01:38.888+0000] {logging_mixin.py:188} INFO - [2024-12-18T10:01:38.888+0000] {dag.py:3096} INFO - Sync 1 DAGs
[2024-12-18T10:01:38.912+0000] {logging_mixin.py:188} INFO - [2024-12-18T10:01:38.912+0000] {dag.py:3954} INFO - Setting next_dagrun for example_task_group_decorator to 2024-12-17 00:00:00+00:00, run_after=2024-12-18 00:00:00+00:00
[2024-12-18T10:01:38.937+0000] {processor.py:183} INFO - Processing /home/airflow/.local/lib/python3.12/site-packages/airflow/example_dags/example_task_group_decorator.py took 0.108 seconds
[2024-12-18T10:02:09.085+0000] {processor.py:161} INFO - Started process (PID=389) to work on /home/airflow/.local/lib/python3.12/site-packages/airflow/example_dags/example_task_group_decorator.py
[2024-12-18T10:02:09.086+0000] {processor.py:830} INFO - Processing file /home/airflow/.local/lib/python3.12/site-packages/airflow/example_dags/example_task_group_decorator.py for tasks to queue
[2024-12-18T10:02:09.089+0000] {logging_mixin.py:188} INFO - [2024-12-18T10:02:09.088+0000] {dagbag.py:545} INFO - Filling up the DagBag from /home/airflow/.local/lib/python3.12/site-packages/airflow/example_dags/example_task_group_decorator.py
[2024-12-18T10:02:09.106+0000] {processor.py:840} INFO - DAG(s) 'example_task_group_decorator' retrieved from /home/airflow/.local/lib/python3.12/site-packages/airflow/example_dags/example_task_group_decorator.py
[2024-12-18T10:02:09.136+0000] {logging_mixin.py:188} INFO - [2024-12-18T10:02:09.135+0000] {dag.py:3096} INFO - Sync 1 DAGs
[2024-12-18T10:02:09.160+0000] {logging_mixin.py:188} INFO - [2024-12-18T10:02:09.160+0000] {dag.py:3954} INFO - Setting next_dagrun for example_task_group_decorator to 2024-12-17 00:00:00+00:00, run_after=2024-12-18 00:00:00+00:00
[2024-12-18T10:02:09.186+0000] {processor.py:183} INFO - Processing /home/airflow/.local/lib/python3.12/site-packages/airflow/example_dags/example_task_group_decorator.py took 0.106 seconds
[2024-12-18T10:02:39.478+0000] {processor.py:161} INFO - Started process (PID=447) to work on /home/airflow/.local/lib/python3.12/site-packages/airflow/example_dags/example_task_group_decorator.py
[2024-12-18T10:02:39.479+0000] {processor.py:830} INFO - Processing file /home/airflow/.local/lib/python3.12/site-packages/airflow/example_dags/example_task_group_decorator.py for tasks to queue
[2024-12-18T10:02:39.481+0000] {logging_mixin.py:188} INFO - [2024-12-18T10:02:39.481+0000] {dagbag.py:545} INFO - Filling up the DagBag from /home/airflow/.local/lib/python3.12/site-packages/airflow/example_dags/example_task_group_decorator.py
[2024-12-18T10:02:39.496+0000] {processor.py:840} INFO - DAG(s) 'example_task_group_decorator' retrieved from /home/airflow/.local/lib/python3.12/site-packages/airflow/example_dags/example_task_group_decorator.py
[2024-12-18T10:02:39.530+0000] {logging_mixin.py:188} INFO - [2024-12-18T10:02:39.529+0000] {dag.py:3096} INFO - Sync 1 DAGs
[2024-12-18T10:02:39.558+0000] {logging_mixin.py:188} INFO - [2024-12-18T10:02:39.558+0000] {dag.py:3954} INFO - Setting next_dagrun for example_task_group_decorator to 2024-12-17 00:00:00+00:00, run_after=2024-12-18 00:00:00+00:00
[2024-12-18T10:02:39.586+0000] {processor.py:183} INFO - Processing /home/airflow/.local/lib/python3.12/site-packages/airflow/example_dags/example_task_group_decorator.py took 0.114 seconds
[2024-12-18T10:03:09.846+0000] {processor.py:161} INFO - Started process (PID=505) to work on /home/airflow/.local/lib/python3.12/site-packages/airflow/example_dags/example_task_group_decorator.py
[2024-12-18T10:03:09.847+0000] {processor.py:830} INFO - Processing file /home/airflow/.local/lib/python3.12/site-packages/airflow/example_dags/example_task_group_decorator.py for tasks to queue
[2024-12-18T10:03:09.849+0000] {logging_mixin.py:188} INFO - [2024-12-18T10:03:09.849+0000] {dagbag.py:545} INFO - Filling up the DagBag from /home/airflow/.local/lib/python3.12/site-packages/airflow/example_dags/example_task_group_decorator.py
[2024-12-18T10:03:09.862+0000] {processor.py:840} INFO - DAG(s) 'example_task_group_decorator' retrieved from /home/airflow/.local/lib/python3.12/site-packages/airflow/example_dags/example_task_group_decorator.py
[2024-12-18T10:03:09.888+0000] {logging_mixin.py:188} INFO - [2024-12-18T10:03:09.888+0000] {dag.py:3096} INFO - Sync 1 DAGs
[2024-12-18T10:03:09.912+0000] {logging_mixin.py:188} INFO - [2024-12-18T10:03:09.911+0000] {dag.py:3954} INFO - Setting next_dagrun for example_task_group_decorator to 2024-12-17 00:00:00+00:00, run_after=2024-12-18 00:00:00+00:00
[2024-12-18T10:03:09.935+0000] {processor.py:183} INFO - Processing /home/airflow/.local/lib/python3.12/site-packages/airflow/example_dags/example_task_group_decorator.py took 0.095 seconds
[2024-12-18T10:03:40.066+0000] {processor.py:161} INFO - Started process (PID=563) to work on /home/airflow/.local/lib/python3.12/site-packages/airflow/example_dags/example_task_group_decorator.py
[2024-12-18T10:03:40.067+0000] {processor.py:830} INFO - Processing file /home/airflow/.local/lib/python3.12/site-packages/airflow/example_dags/example_task_group_decorator.py for tasks to queue
[2024-12-18T10:03:40.070+0000] {logging_mixin.py:188} INFO - [2024-12-18T10:03:40.069+0000] {dagbag.py:545} INFO - Filling up the DagBag from /home/airflow/.local/lib/python3.12/site-packages/airflow/example_dags/example_task_group_decorator.py
[2024-12-18T10:03:40.083+0000] {processor.py:840} INFO - DAG(s) 'example_task_group_decorator' retrieved from /home/airflow/.local/lib/python3.12/site-packages/airflow/example_dags/example_task_group_decorator.py
[2024-12-18T10:03:40.111+0000] {logging_mixin.py:188} INFO - [2024-12-18T10:03:40.111+0000] {dag.py:3096} INFO - Sync 1 DAGs
[2024-12-18T10:03:40.136+0000] {logging_mixin.py:188} INFO - [2024-12-18T10:03:40.136+0000] {dag.py:3954} INFO - Setting next_dagrun for example_task_group_decorator to 2024-12-17 00:00:00+00:00, run_after=2024-12-18 00:00:00+00:00
[2024-12-18T10:03:40.164+0000] {processor.py:183} INFO - Processing /home/airflow/.local/lib/python3.12/site-packages/airflow/example_dags/example_task_group_decorator.py took 0.103 seconds
[2024-12-18T10:04:10.631+0000] {processor.py:161} INFO - Started process (PID=621) to work on /home/airflow/.local/lib/python3.12/site-packages/airflow/example_dags/example_task_group_decorator.py
[2024-12-18T10:04:10.632+0000] {processor.py:830} INFO - Processing file /home/airflow/.local/lib/python3.12/site-packages/airflow/example_dags/example_task_group_decorator.py for tasks to queue
[2024-12-18T10:04:10.634+0000] {logging_mixin.py:188} INFO - [2024-12-18T10:04:10.634+0000] {dagbag.py:545} INFO - Filling up the DagBag from /home/airflow/.local/lib/python3.12/site-packages/airflow/example_dags/example_task_group_decorator.py
[2024-12-18T10:04:10.648+0000] {processor.py:840} INFO - DAG(s) 'example_task_group_decorator' retrieved from /home/airflow/.local/lib/python3.12/site-packages/airflow/example_dags/example_task_group_decorator.py
[2024-12-18T10:04:10.675+0000] {logging_mixin.py:188} INFO - [2024-12-18T10:04:10.675+0000] {dag.py:3096} INFO - Sync 1 DAGs
[2024-12-18T10:04:10.701+0000] {logging_mixin.py:188} INFO - [2024-12-18T10:04:10.701+0000] {dag.py:3954} INFO - Setting next_dagrun for example_task_group_decorator to 2024-12-17 00:00:00+00:00, run_after=2024-12-18 00:00:00+00:00
[2024-12-18T10:04:10.725+0000] {processor.py:183} INFO - Processing /home/airflow/.local/lib/python3.12/site-packages/airflow/example_dags/example_task_group_decorator.py took 0.099 seconds
[2024-12-18T10:04:40.819+0000] {processor.py:161} INFO - Started process (PID=679) to work on /home/airflow/.local/lib/python3.12/site-packages/airflow/example_dags/example_task_group_decorator.py
[2024-12-18T10:04:40.820+0000] {processor.py:830} INFO - Processing file /home/airflow/.local/lib/python3.12/site-packages/airflow/example_dags/example_task_group_decorator.py for tasks to queue
[2024-12-18T10:04:40.822+0000] {logging_mixin.py:188} INFO - [2024-12-18T10:04:40.821+0000] {dagbag.py:545} INFO - Filling up the DagBag from /home/airflow/.local/lib/python3.12/site-packages/airflow/example_dags/example_task_group_decorator.py
[2024-12-18T10:04:40.835+0000] {processor.py:840} INFO - DAG(s) 'example_task_group_decorator' retrieved from /home/airflow/.local/lib/python3.12/site-packages/airflow/example_dags/example_task_group_decorator.py
[2024-12-18T10:04:40.862+0000] {logging_mixin.py:188} INFO - [2024-12-18T10:04:40.862+0000] {dag.py:3096} INFO - Sync 1 DAGs
[2024-12-18T10:04:40.886+0000] {logging_mixin.py:188} INFO - [2024-12-18T10:04:40.886+0000] {dag.py:3954} INFO - Setting next_dagrun for example_task_group_decorator to 2024-12-17 00:00:00+00:00, run_after=2024-12-18 00:00:00+00:00
[2024-12-18T10:04:40.909+0000] {processor.py:183} INFO - Processing /home/airflow/.local/lib/python3.12/site-packages/airflow/example_dags/example_task_group_decorator.py took 0.096 seconds
[2024-12-18T10:05:11.220+0000] {processor.py:161} INFO - Started process (PID=737) to work on /home/airflow/.local/lib/python3.12/site-packages/airflow/example_dags/example_task_group_decorator.py
[2024-12-18T10:05:11.221+0000] {processor.py:830} INFO - Processing file /home/airflow/.local/lib/python3.12/site-packages/airflow/example_dags/example_task_group_decorator.py for tasks to queue
[2024-12-18T10:05:11.223+0000] {logging_mixin.py:188} INFO - [2024-12-18T10:05:11.223+0000] {dagbag.py:545} INFO - Filling up the DagBag from /home/airflow/.local/lib/python3.12/site-packages/airflow/example_dags/example_task_group_decorator.py
[2024-12-18T10:05:11.236+0000] {processor.py:840} INFO - DAG(s) 'example_task_group_decorator' retrieved from /home/airflow/.local/lib/python3.12/site-packages/airflow/example_dags/example_task_group_decorator.py
[2024-12-18T10:05:11.264+0000] {logging_mixin.py:188} INFO - [2024-12-18T10:05:11.264+0000] {dag.py:3096} INFO - Sync 1 DAGs
[2024-12-18T10:05:11.286+0000] {logging_mixin.py:188} INFO - [2024-12-18T10:05:11.286+0000] {dag.py:3954} INFO - Setting next_dagrun for example_task_group_decorator to 2024-12-17 00:00:00+00:00, run_after=2024-12-18 00:00:00+00:00
[2024-12-18T10:05:11.310+0000] {processor.py:183} INFO - Processing /home/airflow/.local/lib/python3.12/site-packages/airflow/example_dags/example_task_group_decorator.py took 0.096 seconds
[2024-12-18T10:05:41.510+0000] {processor.py:161} INFO - Started process (PID=795) to work on /home/airflow/.local/lib/python3.12/site-packages/airflow/example_dags/example_task_group_decorator.py
[2024-12-18T10:05:41.511+0000] {processor.py:830} INFO - Processing file /home/airflow/.local/lib/python3.12/site-packages/airflow/example_dags/example_task_group_decorator.py for tasks to queue
[2024-12-18T10:05:41.513+0000] {logging_mixin.py:188} INFO - [2024-12-18T10:05:41.513+0000] {dagbag.py:545} INFO - Filling up the DagBag from /home/airflow/.local/lib/python3.12/site-packages/airflow/example_dags/example_task_group_decorator.py
[2024-12-18T10:05:41.531+0000] {processor.py:840} INFO - DAG(s) 'example_task_group_decorator' retrieved from /home/airflow/.local/lib/python3.12/site-packages/airflow/example_dags/example_task_group_decorator.py
[2024-12-18T10:05:41.559+0000] {logging_mixin.py:188} INFO - [2024-12-18T10:05:41.559+0000] {dag.py:3096} INFO - Sync 1 DAGs
[2024-12-18T10:05:41.586+0000] {logging_mixin.py:188} INFO - [2024-12-18T10:05:41.586+0000] {dag.py:3954} INFO - Setting next_dagrun for example_task_group_decorator to 2024-12-17 00:00:00+00:00, run_after=2024-12-18 00:00:00+00:00
[2024-12-18T10:05:41.611+0000] {processor.py:183} INFO - Processing /home/airflow/.local/lib/python3.12/site-packages/airflow/example_dags/example_task_group_decorator.py took 0.106 seconds
[2024-12-18T10:06:11.898+0000] {processor.py:161} INFO - Started process (PID=853) to work on /home/airflow/.local/lib/python3.12/site-packages/airflow/example_dags/example_task_group_decorator.py
[2024-12-18T10:06:11.900+0000] {processor.py:830} INFO - Processing file /home/airflow/.local/lib/python3.12/site-packages/airflow/example_dags/example_task_group_decorator.py for tasks to queue
[2024-12-18T10:06:11.903+0000] {logging_mixin.py:188} INFO - [2024-12-18T10:06:11.902+0000] {dagbag.py:545} INFO - Filling up the DagBag from /home/airflow/.local/lib/python3.12/site-packages/airflow/example_dags/example_task_group_decorator.py
[2024-12-18T10:06:11.917+0000] {processor.py:840} INFO - DAG(s) 'example_task_group_decorator' retrieved from /home/airflow/.local/lib/python3.12/site-packages/airflow/example_dags/example_task_group_decorator.py
[2024-12-18T10:06:11.945+0000] {logging_mixin.py:188} INFO - [2024-12-18T10:06:11.945+0000] {dag.py:3096} INFO - Sync 1 DAGs
[2024-12-18T10:06:11.969+0000] {logging_mixin.py:188} INFO - [2024-12-18T10:06:11.969+0000] {dag.py:3954} INFO - Setting next_dagrun for example_task_group_decorator to 2024-12-17 00:00:00+00:00, run_after=2024-12-18 00:00:00+00:00
[2024-12-18T10:06:11.994+0000] {processor.py:183} INFO - Processing /home/airflow/.local/lib/python3.12/site-packages/airflow/example_dags/example_task_group_decorator.py took 0.101 seconds
[2024-12-18T10:06:42.333+0000] {processor.py:161} INFO - Started process (PID=911) to work on /home/airflow/.local/lib/python3.12/site-packages/airflow/example_dags/example_task_group_decorator.py
[2024-12-18T10:06:42.334+0000] {processor.py:830} INFO - Processing file /home/airflow/.local/lib/python3.12/site-packages/airflow/example_dags/example_task_group_decorator.py for tasks to queue
[2024-12-18T10:06:42.337+0000] {logging_mixin.py:188} INFO - [2024-12-18T10:06:42.336+0000] {dagbag.py:545} INFO - Filling up the DagBag from /home/airflow/.local/lib/python3.12/site-packages/airflow/example_dags/example_task_group_decorator.py
[2024-12-18T10:06:42.353+0000] {processor.py:840} INFO - DAG(s) 'example_task_group_decorator' retrieved from /home/airflow/.local/lib/python3.12/site-packages/airflow/example_dags/example_task_group_decorator.py
[2024-12-18T10:06:42.381+0000] {logging_mixin.py:188} INFO - [2024-12-18T10:06:42.381+0000] {dag.py:3096} INFO - Sync 1 DAGs
[2024-12-18T10:06:42.405+0000] {logging_mixin.py:188} INFO - [2024-12-18T10:06:42.404+0000] {dag.py:3954} INFO - Setting next_dagrun for example_task_group_decorator to 2024-12-17 00:00:00+00:00, run_after=2024-12-18 00:00:00+00:00
[2024-12-18T10:06:42.430+0000] {processor.py:183} INFO - Processing /home/airflow/.local/lib/python3.12/site-packages/airflow/example_dags/example_task_group_decorator.py took 0.103 seconds
[2024-12-18T10:07:12.846+0000] {processor.py:161} INFO - Started process (PID=969) to work on /home/airflow/.local/lib/python3.12/site-packages/airflow/example_dags/example_task_group_decorator.py
[2024-12-18T10:07:12.847+0000] {processor.py:830} INFO - Processing file /home/airflow/.local/lib/python3.12/site-packages/airflow/example_dags/example_task_group_decorator.py for tasks to queue
[2024-12-18T10:07:12.849+0000] {logging_mixin.py:188} INFO - [2024-12-18T10:07:12.849+0000] {dagbag.py:545} INFO - Filling up the DagBag from /home/airflow/.local/lib/python3.12/site-packages/airflow/example_dags/example_task_group_decorator.py
[2024-12-18T10:07:12.866+0000] {processor.py:840} INFO - DAG(s) 'example_task_group_decorator' retrieved from /home/airflow/.local/lib/python3.12/site-packages/airflow/example_dags/example_task_group_decorator.py
[2024-12-18T10:07:12.895+0000] {logging_mixin.py:188} INFO - [2024-12-18T10:07:12.895+0000] {dag.py:3096} INFO - Sync 1 DAGs
[2024-12-18T10:07:12.923+0000] {logging_mixin.py:188} INFO - [2024-12-18T10:07:12.923+0000] {dag.py:3954} INFO - Setting next_dagrun for example_task_group_decorator to 2024-12-17 00:00:00+00:00, run_after=2024-12-18 00:00:00+00:00
[2024-12-18T10:07:12.953+0000] {processor.py:183} INFO - Processing /home/airflow/.local/lib/python3.12/site-packages/airflow/example_dags/example_task_group_decorator.py took 0.112 seconds
[2024-12-18T10:07:43.261+0000] {processor.py:161} INFO - Started process (PID=1027) to work on /home/airflow/.local/lib/python3.12/site-packages/airflow/example_dags/example_task_group_decorator.py
[2024-12-18T10:07:43.262+0000] {processor.py:830} INFO - Processing file /home/airflow/.local/lib/python3.12/site-packages/airflow/example_dags/example_task_group_decorator.py for tasks to queue
[2024-12-18T10:07:43.265+0000] {logging_mixin.py:188} INFO - [2024-12-18T10:07:43.264+0000] {dagbag.py:545} INFO - Filling up the DagBag from /home/airflow/.local/lib/python3.12/site-packages/airflow/example_dags/example_task_group_decorator.py
[2024-12-18T10:07:43.286+0000] {processor.py:840} INFO - DAG(s) 'example_task_group_decorator' retrieved from /home/airflow/.local/lib/python3.12/site-packages/airflow/example_dags/example_task_group_decorator.py
[2024-12-18T10:07:43.319+0000] {logging_mixin.py:188} INFO - [2024-12-18T10:07:43.318+0000] {dag.py:3096} INFO - Sync 1 DAGs
[2024-12-18T10:07:43.347+0000] {logging_mixin.py:188} INFO - [2024-12-18T10:07:43.347+0000] {dag.py:3954} INFO - Setting next_dagrun for example_task_group_decorator to 2024-12-17 00:00:00+00:00, run_after=2024-12-18 00:00:00+00:00
[2024-12-18T10:07:43.386+0000] {processor.py:183} INFO - Processing /home/airflow/.local/lib/python3.12/site-packages/airflow/example_dags/example_task_group_decorator.py took 0.133 seconds
[2024-12-18T10:08:13.495+0000] {processor.py:161} INFO - Started process (PID=1085) to work on /home/airflow/.local/lib/python3.12/site-packages/airflow/example_dags/example_task_group_decorator.py
[2024-12-18T10:08:13.497+0000] {processor.py:830} INFO - Processing file /home/airflow/.local/lib/python3.12/site-packages/airflow/example_dags/example_task_group_decorator.py for tasks to queue
[2024-12-18T10:08:13.499+0000] {logging_mixin.py:188} INFO - [2024-12-18T10:08:13.499+0000] {dagbag.py:545} INFO - Filling up the DagBag from /home/airflow/.local/lib/python3.12/site-packages/airflow/example_dags/example_task_group_decorator.py
[2024-12-18T10:08:13.514+0000] {processor.py:840} INFO - DAG(s) 'example_task_group_decorator' retrieved from /home/airflow/.local/lib/python3.12/site-packages/airflow/example_dags/example_task_group_decorator.py
[2024-12-18T10:08:13.544+0000] {logging_mixin.py:188} INFO - [2024-12-18T10:08:13.544+0000] {dag.py:3096} INFO - Sync 1 DAGs
[2024-12-18T10:08:13.575+0000] {logging_mixin.py:188} INFO - [2024-12-18T10:08:13.574+0000] {dag.py:3954} INFO - Setting next_dagrun for example_task_group_decorator to 2024-12-17 00:00:00+00:00, run_after=2024-12-18 00:00:00+00:00
[2024-12-18T10:08:13.605+0000] {processor.py:183} INFO - Processing /home/airflow/.local/lib/python3.12/site-packages/airflow/example_dags/example_task_group_decorator.py took 0.114 seconds
[2024-12-18T10:08:43.741+0000] {processor.py:161} INFO - Started process (PID=1142) to work on /home/airflow/.local/lib/python3.12/site-packages/airflow/example_dags/example_task_group_decorator.py
[2024-12-18T10:08:43.742+0000] {processor.py:830} INFO - Processing file /home/airflow/.local/lib/python3.12/site-packages/airflow/example_dags/example_task_group_decorator.py for tasks to queue
[2024-12-18T10:08:43.744+0000] {logging_mixin.py:188} INFO - [2024-12-18T10:08:43.744+0000] {dagbag.py:545} INFO - Filling up the DagBag from /home/airflow/.local/lib/python3.12/site-packages/airflow/example_dags/example_task_group_decorator.py
[2024-12-18T10:08:43.763+0000] {processor.py:840} INFO - DAG(s) 'example_task_group_decorator' retrieved from /home/airflow/.local/lib/python3.12/site-packages/airflow/example_dags/example_task_group_decorator.py
[2024-12-18T10:08:43.805+0000] {logging_mixin.py:188} INFO - [2024-12-18T10:08:43.805+0000] {dag.py:3096} INFO - Sync 1 DAGs
[2024-12-18T10:08:43.833+0000] {logging_mixin.py:188} INFO - [2024-12-18T10:08:43.833+0000] {dag.py:3954} INFO - Setting next_dagrun for example_task_group_decorator to 2024-12-17 00:00:00+00:00, run_after=2024-12-18 00:00:00+00:00
[2024-12-18T10:08:43.859+0000] {processor.py:183} INFO - Processing /home/airflow/.local/lib/python3.12/site-packages/airflow/example_dags/example_task_group_decorator.py took 0.124 seconds
[2024-12-18T10:09:13.915+0000] {processor.py:161} INFO - Started process (PID=1200) to work on /home/airflow/.local/lib/python3.12/site-packages/airflow/example_dags/example_task_group_decorator.py
[2024-12-18T10:09:13.916+0000] {processor.py:830} INFO - Processing file /home/airflow/.local/lib/python3.12/site-packages/airflow/example_dags/example_task_group_decorator.py for tasks to queue
[2024-12-18T10:09:13.919+0000] {logging_mixin.py:188} INFO - [2024-12-18T10:09:13.918+0000] {dagbag.py:545} INFO - Filling up the DagBag from /home/airflow/.local/lib/python3.12/site-packages/airflow/example_dags/example_task_group_decorator.py
[2024-12-18T10:09:13.934+0000] {processor.py:840} INFO - DAG(s) 'example_task_group_decorator' retrieved from /home/airflow/.local/lib/python3.12/site-packages/airflow/example_dags/example_task_group_decorator.py
[2024-12-18T10:09:13.962+0000] {logging_mixin.py:188} INFO - [2024-12-18T10:09:13.962+0000] {dag.py:3096} INFO - Sync 1 DAGs
[2024-12-18T10:09:13.986+0000] {logging_mixin.py:188} INFO - [2024-12-18T10:09:13.986+0000] {dag.py:3954} INFO - Setting next_dagrun for example_task_group_decorator to 2024-12-17 00:00:00+00:00, run_after=2024-12-18 00:00:00+00:00
[2024-12-18T10:09:14.015+0000] {processor.py:183} INFO - Processing /home/airflow/.local/lib/python3.12/site-packages/airflow/example_dags/example_task_group_decorator.py took 0.106 seconds
[2024-12-18T10:09:44.228+0000] {processor.py:161} INFO - Started process (PID=1258) to work on /home/airflow/.local/lib/python3.12/site-packages/airflow/example_dags/example_task_group_decorator.py
[2024-12-18T10:09:44.229+0000] {processor.py:830} INFO - Processing file /home/airflow/.local/lib/python3.12/site-packages/airflow/example_dags/example_task_group_decorator.py for tasks to queue
[2024-12-18T10:09:44.232+0000] {logging_mixin.py:188} INFO - [2024-12-18T10:09:44.231+0000] {dagbag.py:545} INFO - Filling up the DagBag from /home/airflow/.local/lib/python3.12/site-packages/airflow/example_dags/example_task_group_decorator.py
[2024-12-18T10:09:44.247+0000] {processor.py:840} INFO - DAG(s) 'example_task_group_decorator' retrieved from /home/airflow/.local/lib/python3.12/site-packages/airflow/example_dags/example_task_group_decorator.py
[2024-12-18T10:09:44.277+0000] {logging_mixin.py:188} INFO - [2024-12-18T10:09:44.277+0000] {dag.py:3096} INFO - Sync 1 DAGs
[2024-12-18T10:09:44.304+0000] {logging_mixin.py:188} INFO - [2024-12-18T10:09:44.304+0000] {dag.py:3954} INFO - Setting next_dagrun for example_task_group_decorator to 2024-12-17 00:00:00+00:00, run_after=2024-12-18 00:00:00+00:00
[2024-12-18T10:09:44.331+0000] {processor.py:183} INFO - Processing /home/airflow/.local/lib/python3.12/site-packages/airflow/example_dags/example_task_group_decorator.py took 0.109 seconds
[2024-12-18T10:10:14.709+0000] {processor.py:161} INFO - Started process (PID=1316) to work on /home/airflow/.local/lib/python3.12/site-packages/airflow/example_dags/example_task_group_decorator.py
[2024-12-18T10:10:14.710+0000] {processor.py:830} INFO - Processing file /home/airflow/.local/lib/python3.12/site-packages/airflow/example_dags/example_task_group_decorator.py for tasks to queue
[2024-12-18T10:10:14.712+0000] {logging_mixin.py:188} INFO - [2024-12-18T10:10:14.712+0000] {dagbag.py:545} INFO - Filling up the DagBag from /home/airflow/.local/lib/python3.12/site-packages/airflow/example_dags/example_task_group_decorator.py
[2024-12-18T10:10:14.728+0000] {processor.py:840} INFO - DAG(s) 'example_task_group_decorator' retrieved from /home/airflow/.local/lib/python3.12/site-packages/airflow/example_dags/example_task_group_decorator.py
[2024-12-18T10:10:14.757+0000] {logging_mixin.py:188} INFO - [2024-12-18T10:10:14.756+0000] {dag.py:3096} INFO - Sync 1 DAGs
[2024-12-18T10:10:14.780+0000] {logging_mixin.py:188} INFO - [2024-12-18T10:10:14.779+0000] {dag.py:3954} INFO - Setting next_dagrun for example_task_group_decorator to 2024-12-17 00:00:00+00:00, run_after=2024-12-18 00:00:00+00:00
[2024-12-18T10:10:14.806+0000] {processor.py:183} INFO - Processing /home/airflow/.local/lib/python3.12/site-packages/airflow/example_dags/example_task_group_decorator.py took 0.102 seconds
[2024-12-18T10:10:45.796+0000] {processor.py:161} INFO - Started process (PID=1374) to work on /home/airflow/.local/lib/python3.12/site-packages/airflow/example_dags/example_task_group_decorator.py
[2024-12-18T10:10:45.797+0000] {processor.py:830} INFO - Processing file /home/airflow/.local/lib/python3.12/site-packages/airflow/example_dags/example_task_group_decorator.py for tasks to queue
[2024-12-18T10:10:45.800+0000] {logging_mixin.py:188} INFO - [2024-12-18T10:10:45.799+0000] {dagbag.py:545} INFO - Filling up the DagBag from /home/airflow/.local/lib/python3.12/site-packages/airflow/example_dags/example_task_group_decorator.py
[2024-12-18T10:10:45.820+0000] {processor.py:840} INFO - DAG(s) 'example_task_group_decorator' retrieved from /home/airflow/.local/lib/python3.12/site-packages/airflow/example_dags/example_task_group_decorator.py
[2024-12-18T10:10:45.852+0000] {logging_mixin.py:188} INFO - [2024-12-18T10:10:45.852+0000] {dag.py:3096} INFO - Sync 1 DAGs
[2024-12-18T10:10:45.882+0000] {logging_mixin.py:188} INFO - [2024-12-18T10:10:45.882+0000] {dag.py:3954} INFO - Setting next_dagrun for example_task_group_decorator to 2024-12-17 00:00:00+00:00, run_after=2024-12-18 00:00:00+00:00
[2024-12-18T10:10:45.911+0000] {processor.py:183} INFO - Processing /home/airflow/.local/lib/python3.12/site-packages/airflow/example_dags/example_task_group_decorator.py took 0.122 seconds
