[2024-12-18T09:59:36.664+0000] {processor.py:161} INFO - Started process (PID=101) to work on /home/airflow/.local/lib/python3.12/site-packages/airflow/example_dags/example_params_trigger_ui.py
[2024-12-18T09:59:36.665+0000] {processor.py:830} INFO - Processing file /home/airflow/.local/lib/python3.12/site-packages/airflow/example_dags/example_params_trigger_ui.py for tasks to queue
[2024-12-18T09:59:36.667+0000] {logging_mixin.py:188} INFO - [2024-12-18T09:59:36.667+0000] {dagbag.py:545} INFO - Filling up the DagBag from /home/airflow/.local/lib/python3.12/site-packages/airflow/example_dags/example_params_trigger_ui.py
[2024-12-18T09:59:36.686+0000] {processor.py:840} INFO - DAG(s) 'example_params_trigger_ui' retrieved from /home/airflow/.local/lib/python3.12/site-packages/airflow/example_dags/example_params_trigger_ui.py
[2024-12-18T09:59:36.855+0000] {logging_mixin.py:188} INFO - [2024-12-18T09:59:36.854+0000] {override.py:1829} INFO - Created Permission View: can delete on DAG:example_params_trigger_ui
[2024-12-18T09:59:36.881+0000] {logging_mixin.py:188} INFO - [2024-12-18T09:59:36.880+0000] {override.py:1829} INFO - Created Permission View: can read on DAG:example_params_trigger_ui
[2024-12-18T09:59:36.894+0000] {logging_mixin.py:188} INFO - [2024-12-18T09:59:36.894+0000] {override.py:1829} INFO - Created Permission View: can edit on DAG:example_params_trigger_ui
[2024-12-18T09:59:36.896+0000] {logging_mixin.py:188} INFO - [2024-12-18T09:59:36.895+0000] {dag.py:3096} INFO - Sync 1 DAGs
[2024-12-18T09:59:36.911+0000] {logging_mixin.py:188} INFO - [2024-12-18T09:59:36.910+0000] {dag.py:3118} INFO - Creating ORM DAG for example_params_trigger_ui
[2024-12-18T09:59:36.912+0000] {logging_mixin.py:188} INFO - [2024-12-18T09:59:36.912+0000] {dag.py:3954} INFO - Setting next_dagrun for example_params_trigger_ui to None, run_after=None
[2024-12-18T09:59:36.941+0000] {processor.py:183} INFO - Processing /home/airflow/.local/lib/python3.12/site-packages/airflow/example_dags/example_params_trigger_ui.py took 0.282 seconds
[2024-12-18T10:00:07.656+0000] {processor.py:161} INFO - Started process (PID=159) to work on /home/airflow/.local/lib/python3.12/site-packages/airflow/example_dags/example_params_trigger_ui.py
[2024-12-18T10:00:07.657+0000] {processor.py:830} INFO - Processing file /home/airflow/.local/lib/python3.12/site-packages/airflow/example_dags/example_params_trigger_ui.py for tasks to queue
[2024-12-18T10:00:07.660+0000] {logging_mixin.py:188} INFO - [2024-12-18T10:00:07.659+0000] {dagbag.py:545} INFO - Filling up the DagBag from /home/airflow/.local/lib/python3.12/site-packages/airflow/example_dags/example_params_trigger_ui.py
[2024-12-18T10:00:07.674+0000] {processor.py:840} INFO - DAG(s) 'example_params_trigger_ui' retrieved from /home/airflow/.local/lib/python3.12/site-packages/airflow/example_dags/example_params_trigger_ui.py
[2024-12-18T10:00:07.725+0000] {logging_mixin.py:188} INFO - [2024-12-18T10:00:07.725+0000] {dag.py:3096} INFO - Sync 1 DAGs
[2024-12-18T10:00:07.740+0000] {logging_mixin.py:188} INFO - [2024-12-18T10:00:07.740+0000] {dag.py:3954} INFO - Setting next_dagrun for example_params_trigger_ui to None, run_after=None
[2024-12-18T10:00:07.770+0000] {processor.py:183} INFO - Processing /home/airflow/.local/lib/python3.12/site-packages/airflow/example_dags/example_params_trigger_ui.py took 0.119 seconds
[2024-12-18T10:00:38.415+0000] {processor.py:161} INFO - Started process (PID=217) to work on /home/airflow/.local/lib/python3.12/site-packages/airflow/example_dags/example_params_trigger_ui.py
[2024-12-18T10:00:38.416+0000] {processor.py:830} INFO - Processing file /home/airflow/.local/lib/python3.12/site-packages/airflow/example_dags/example_params_trigger_ui.py for tasks to queue
[2024-12-18T10:00:38.418+0000] {logging_mixin.py:188} INFO - [2024-12-18T10:00:38.418+0000] {dagbag.py:545} INFO - Filling up the DagBag from /home/airflow/.local/lib/python3.12/site-packages/airflow/example_dags/example_params_trigger_ui.py
[2024-12-18T10:00:38.431+0000] {processor.py:840} INFO - DAG(s) 'example_params_trigger_ui' retrieved from /home/airflow/.local/lib/python3.12/site-packages/airflow/example_dags/example_params_trigger_ui.py
[2024-12-18T10:00:38.481+0000] {logging_mixin.py:188} INFO - [2024-12-18T10:00:38.481+0000] {dag.py:3096} INFO - Sync 1 DAGs
[2024-12-18T10:00:38.495+0000] {logging_mixin.py:188} INFO - [2024-12-18T10:00:38.495+0000] {dag.py:3954} INFO - Setting next_dagrun for example_params_trigger_ui to None, run_after=None
[2024-12-18T10:00:38.522+0000] {processor.py:183} INFO - Processing /home/airflow/.local/lib/python3.12/site-packages/airflow/example_dags/example_params_trigger_ui.py took 0.113 seconds
[2024-12-18T10:01:08.703+0000] {processor.py:161} INFO - Started process (PID=275) to work on /home/airflow/.local/lib/python3.12/site-packages/airflow/example_dags/example_params_trigger_ui.py
[2024-12-18T10:01:08.704+0000] {processor.py:830} INFO - Processing file /home/airflow/.local/lib/python3.12/site-packages/airflow/example_dags/example_params_trigger_ui.py for tasks to queue
[2024-12-18T10:01:08.706+0000] {logging_mixin.py:188} INFO - [2024-12-18T10:01:08.706+0000] {dagbag.py:545} INFO - Filling up the DagBag from /home/airflow/.local/lib/python3.12/site-packages/airflow/example_dags/example_params_trigger_ui.py
[2024-12-18T10:01:08.723+0000] {processor.py:840} INFO - DAG(s) 'example_params_trigger_ui' retrieved from /home/airflow/.local/lib/python3.12/site-packages/airflow/example_dags/example_params_trigger_ui.py
[2024-12-18T10:01:08.786+0000] {logging_mixin.py:188} INFO - [2024-12-18T10:01:08.785+0000] {dag.py:3096} INFO - Sync 1 DAGs
[2024-12-18T10:01:08.800+0000] {logging_mixin.py:188} INFO - [2024-12-18T10:01:08.800+0000] {dag.py:3954} INFO - Setting next_dagrun for example_params_trigger_ui to None, run_after=None
[2024-12-18T10:01:08.838+0000] {processor.py:183} INFO - Processing /home/airflow/.local/lib/python3.12/site-packages/airflow/example_dags/example_params_trigger_ui.py took 0.143 seconds
[2024-12-18T10:01:38.975+0000] {processor.py:161} INFO - Started process (PID=333) to work on /home/airflow/.local/lib/python3.12/site-packages/airflow/example_dags/example_params_trigger_ui.py
[2024-12-18T10:01:38.977+0000] {processor.py:830} INFO - Processing file /home/airflow/.local/lib/python3.12/site-packages/airflow/example_dags/example_params_trigger_ui.py for tasks to queue
[2024-12-18T10:01:38.979+0000] {logging_mixin.py:188} INFO - [2024-12-18T10:01:38.978+0000] {dagbag.py:545} INFO - Filling up the DagBag from /home/airflow/.local/lib/python3.12/site-packages/airflow/example_dags/example_params_trigger_ui.py
[2024-12-18T10:01:38.991+0000] {processor.py:840} INFO - DAG(s) 'example_params_trigger_ui' retrieved from /home/airflow/.local/lib/python3.12/site-packages/airflow/example_dags/example_params_trigger_ui.py
[2024-12-18T10:01:39.045+0000] {logging_mixin.py:188} INFO - [2024-12-18T10:01:39.045+0000] {dag.py:3096} INFO - Sync 1 DAGs
[2024-12-18T10:01:39.067+0000] {logging_mixin.py:188} INFO - [2024-12-18T10:01:39.066+0000] {dag.py:3954} INFO - Setting next_dagrun for example_params_trigger_ui to None, run_after=None
[2024-12-18T10:01:39.100+0000] {processor.py:183} INFO - Processing /home/airflow/.local/lib/python3.12/site-packages/airflow/example_dags/example_params_trigger_ui.py took 0.130 seconds
[2024-12-18T10:02:09.215+0000] {processor.py:161} INFO - Started process (PID=391) to work on /home/airflow/.local/lib/python3.12/site-packages/airflow/example_dags/example_params_trigger_ui.py
[2024-12-18T10:02:09.216+0000] {processor.py:830} INFO - Processing file /home/airflow/.local/lib/python3.12/site-packages/airflow/example_dags/example_params_trigger_ui.py for tasks to queue
[2024-12-18T10:02:09.219+0000] {logging_mixin.py:188} INFO - [2024-12-18T10:02:09.218+0000] {dagbag.py:545} INFO - Filling up the DagBag from /home/airflow/.local/lib/python3.12/site-packages/airflow/example_dags/example_params_trigger_ui.py
[2024-12-18T10:02:09.234+0000] {processor.py:840} INFO - DAG(s) 'example_params_trigger_ui' retrieved from /home/airflow/.local/lib/python3.12/site-packages/airflow/example_dags/example_params_trigger_ui.py
[2024-12-18T10:02:09.285+0000] {logging_mixin.py:188} INFO - [2024-12-18T10:02:09.285+0000] {dag.py:3096} INFO - Sync 1 DAGs
[2024-12-18T10:02:09.299+0000] {logging_mixin.py:188} INFO - [2024-12-18T10:02:09.298+0000] {dag.py:3954} INFO - Setting next_dagrun for example_params_trigger_ui to None, run_after=None
[2024-12-18T10:02:09.329+0000] {processor.py:183} INFO - Processing /home/airflow/.local/lib/python3.12/site-packages/airflow/example_dags/example_params_trigger_ui.py took 0.119 seconds
[2024-12-18T10:02:39.630+0000] {processor.py:161} INFO - Started process (PID=449) to work on /home/airflow/.local/lib/python3.12/site-packages/airflow/example_dags/example_params_trigger_ui.py
[2024-12-18T10:02:39.631+0000] {processor.py:830} INFO - Processing file /home/airflow/.local/lib/python3.12/site-packages/airflow/example_dags/example_params_trigger_ui.py for tasks to queue
[2024-12-18T10:02:39.635+0000] {logging_mixin.py:188} INFO - [2024-12-18T10:02:39.634+0000] {dagbag.py:545} INFO - Filling up the DagBag from /home/airflow/.local/lib/python3.12/site-packages/airflow/example_dags/example_params_trigger_ui.py
[2024-12-18T10:02:39.652+0000] {processor.py:840} INFO - DAG(s) 'example_params_trigger_ui' retrieved from /home/airflow/.local/lib/python3.12/site-packages/airflow/example_dags/example_params_trigger_ui.py
[2024-12-18T10:02:39.722+0000] {logging_mixin.py:188} INFO - [2024-12-18T10:02:39.722+0000] {dag.py:3096} INFO - Sync 1 DAGs
[2024-12-18T10:02:39.740+0000] {logging_mixin.py:188} INFO - [2024-12-18T10:02:39.740+0000] {dag.py:3954} INFO - Setting next_dagrun for example_params_trigger_ui to None, run_after=None
[2024-12-18T10:02:39.769+0000] {processor.py:183} INFO - Processing /home/airflow/.local/lib/python3.12/site-packages/airflow/example_dags/example_params_trigger_ui.py took 0.147 seconds
[2024-12-18T10:03:09.971+0000] {processor.py:161} INFO - Started process (PID=507) to work on /home/airflow/.local/lib/python3.12/site-packages/airflow/example_dags/example_params_trigger_ui.py
[2024-12-18T10:03:09.972+0000] {processor.py:830} INFO - Processing file /home/airflow/.local/lib/python3.12/site-packages/airflow/example_dags/example_params_trigger_ui.py for tasks to queue
[2024-12-18T10:03:09.974+0000] {logging_mixin.py:188} INFO - [2024-12-18T10:03:09.973+0000] {dagbag.py:545} INFO - Filling up the DagBag from /home/airflow/.local/lib/python3.12/site-packages/airflow/example_dags/example_params_trigger_ui.py
[2024-12-18T10:03:09.986+0000] {processor.py:840} INFO - DAG(s) 'example_params_trigger_ui' retrieved from /home/airflow/.local/lib/python3.12/site-packages/airflow/example_dags/example_params_trigger_ui.py
[2024-12-18T10:03:10.036+0000] {logging_mixin.py:188} INFO - [2024-12-18T10:03:10.036+0000] {dag.py:3096} INFO - Sync 1 DAGs
[2024-12-18T10:03:10.052+0000] {logging_mixin.py:188} INFO - [2024-12-18T10:03:10.052+0000] {dag.py:3954} INFO - Setting next_dagrun for example_params_trigger_ui to None, run_after=None
[2024-12-18T10:03:10.075+0000] {processor.py:183} INFO - Processing /home/airflow/.local/lib/python3.12/site-packages/airflow/example_dags/example_params_trigger_ui.py took 0.110 seconds
[2024-12-18T10:03:40.202+0000] {processor.py:161} INFO - Started process (PID=565) to work on /home/airflow/.local/lib/python3.12/site-packages/airflow/example_dags/example_params_trigger_ui.py
[2024-12-18T10:03:40.204+0000] {processor.py:830} INFO - Processing file /home/airflow/.local/lib/python3.12/site-packages/airflow/example_dags/example_params_trigger_ui.py for tasks to queue
[2024-12-18T10:03:40.206+0000] {logging_mixin.py:188} INFO - [2024-12-18T10:03:40.206+0000] {dagbag.py:545} INFO - Filling up the DagBag from /home/airflow/.local/lib/python3.12/site-packages/airflow/example_dags/example_params_trigger_ui.py
[2024-12-18T10:03:40.221+0000] {processor.py:840} INFO - DAG(s) 'example_params_trigger_ui' retrieved from /home/airflow/.local/lib/python3.12/site-packages/airflow/example_dags/example_params_trigger_ui.py
[2024-12-18T10:03:40.289+0000] {logging_mixin.py:188} INFO - [2024-12-18T10:03:40.289+0000] {dag.py:3096} INFO - Sync 1 DAGs
[2024-12-18T10:03:40.304+0000] {logging_mixin.py:188} INFO - [2024-12-18T10:03:40.304+0000] {dag.py:3954} INFO - Setting next_dagrun for example_params_trigger_ui to None, run_after=None
[2024-12-18T10:03:40.334+0000] {processor.py:183} INFO - Processing /home/airflow/.local/lib/python3.12/site-packages/airflow/example_dags/example_params_trigger_ui.py took 0.139 seconds
[2024-12-18T10:04:10.764+0000] {processor.py:161} INFO - Started process (PID=623) to work on /home/airflow/.local/lib/python3.12/site-packages/airflow/example_dags/example_params_trigger_ui.py
[2024-12-18T10:04:10.766+0000] {processor.py:830} INFO - Processing file /home/airflow/.local/lib/python3.12/site-packages/airflow/example_dags/example_params_trigger_ui.py for tasks to queue
[2024-12-18T10:04:10.768+0000] {logging_mixin.py:188} INFO - [2024-12-18T10:04:10.768+0000] {dagbag.py:545} INFO - Filling up the DagBag from /home/airflow/.local/lib/python3.12/site-packages/airflow/example_dags/example_params_trigger_ui.py
[2024-12-18T10:04:10.780+0000] {processor.py:840} INFO - DAG(s) 'example_params_trigger_ui' retrieved from /home/airflow/.local/lib/python3.12/site-packages/airflow/example_dags/example_params_trigger_ui.py
[2024-12-18T10:04:10.835+0000] {logging_mixin.py:188} INFO - [2024-12-18T10:04:10.834+0000] {dag.py:3096} INFO - Sync 1 DAGs
[2024-12-18T10:04:10.848+0000] {logging_mixin.py:188} INFO - [2024-12-18T10:04:10.848+0000] {dag.py:3954} INFO - Setting next_dagrun for example_params_trigger_ui to None, run_after=None
[2024-12-18T10:04:10.877+0000] {processor.py:183} INFO - Processing /home/airflow/.local/lib/python3.12/site-packages/airflow/example_dags/example_params_trigger_ui.py took 0.118 seconds
[2024-12-18T10:04:40.949+0000] {processor.py:161} INFO - Started process (PID=681) to work on /home/airflow/.local/lib/python3.12/site-packages/airflow/example_dags/example_params_trigger_ui.py
[2024-12-18T10:04:40.951+0000] {processor.py:830} INFO - Processing file /home/airflow/.local/lib/python3.12/site-packages/airflow/example_dags/example_params_trigger_ui.py for tasks to queue
[2024-12-18T10:04:40.953+0000] {logging_mixin.py:188} INFO - [2024-12-18T10:04:40.953+0000] {dagbag.py:545} INFO - Filling up the DagBag from /home/airflow/.local/lib/python3.12/site-packages/airflow/example_dags/example_params_trigger_ui.py
[2024-12-18T10:04:40.967+0000] {processor.py:840} INFO - DAG(s) 'example_params_trigger_ui' retrieved from /home/airflow/.local/lib/python3.12/site-packages/airflow/example_dags/example_params_trigger_ui.py
[2024-12-18T10:04:41.023+0000] {logging_mixin.py:188} INFO - [2024-12-18T10:04:41.022+0000] {dag.py:3096} INFO - Sync 1 DAGs
[2024-12-18T10:04:41.036+0000] {logging_mixin.py:188} INFO - [2024-12-18T10:04:41.036+0000] {dag.py:3954} INFO - Setting next_dagrun for example_params_trigger_ui to None, run_after=None
[2024-12-18T10:04:41.064+0000] {processor.py:183} INFO - Processing /home/airflow/.local/lib/python3.12/site-packages/airflow/example_dags/example_params_trigger_ui.py took 0.120 seconds
[2024-12-18T10:05:11.348+0000] {processor.py:161} INFO - Started process (PID=739) to work on /home/airflow/.local/lib/python3.12/site-packages/airflow/example_dags/example_params_trigger_ui.py
[2024-12-18T10:05:11.349+0000] {processor.py:830} INFO - Processing file /home/airflow/.local/lib/python3.12/site-packages/airflow/example_dags/example_params_trigger_ui.py for tasks to queue
[2024-12-18T10:05:11.352+0000] {logging_mixin.py:188} INFO - [2024-12-18T10:05:11.351+0000] {dagbag.py:545} INFO - Filling up the DagBag from /home/airflow/.local/lib/python3.12/site-packages/airflow/example_dags/example_params_trigger_ui.py
[2024-12-18T10:05:11.364+0000] {processor.py:840} INFO - DAG(s) 'example_params_trigger_ui' retrieved from /home/airflow/.local/lib/python3.12/site-packages/airflow/example_dags/example_params_trigger_ui.py
[2024-12-18T10:05:11.415+0000] {logging_mixin.py:188} INFO - [2024-12-18T10:05:11.414+0000] {dag.py:3096} INFO - Sync 1 DAGs
[2024-12-18T10:05:11.427+0000] {logging_mixin.py:188} INFO - [2024-12-18T10:05:11.426+0000] {dag.py:3954} INFO - Setting next_dagrun for example_params_trigger_ui to None, run_after=None
[2024-12-18T10:05:11.451+0000] {processor.py:183} INFO - Processing /home/airflow/.local/lib/python3.12/site-packages/airflow/example_dags/example_params_trigger_ui.py took 0.108 seconds
[2024-12-18T10:05:41.650+0000] {processor.py:161} INFO - Started process (PID=797) to work on /home/airflow/.local/lib/python3.12/site-packages/airflow/example_dags/example_params_trigger_ui.py
[2024-12-18T10:05:41.652+0000] {processor.py:830} INFO - Processing file /home/airflow/.local/lib/python3.12/site-packages/airflow/example_dags/example_params_trigger_ui.py for tasks to queue
[2024-12-18T10:05:41.654+0000] {logging_mixin.py:188} INFO - [2024-12-18T10:05:41.653+0000] {dagbag.py:545} INFO - Filling up the DagBag from /home/airflow/.local/lib/python3.12/site-packages/airflow/example_dags/example_params_trigger_ui.py
[2024-12-18T10:05:41.666+0000] {processor.py:840} INFO - DAG(s) 'example_params_trigger_ui' retrieved from /home/airflow/.local/lib/python3.12/site-packages/airflow/example_dags/example_params_trigger_ui.py
[2024-12-18T10:05:41.715+0000] {logging_mixin.py:188} INFO - [2024-12-18T10:05:41.714+0000] {dag.py:3096} INFO - Sync 1 DAGs
[2024-12-18T10:05:41.728+0000] {logging_mixin.py:188} INFO - [2024-12-18T10:05:41.727+0000] {dag.py:3954} INFO - Setting next_dagrun for example_params_trigger_ui to None, run_after=None
[2024-12-18T10:05:41.752+0000] {processor.py:183} INFO - Processing /home/airflow/.local/lib/python3.12/site-packages/airflow/example_dags/example_params_trigger_ui.py took 0.106 seconds
[2024-12-18T10:06:12.031+0000] {processor.py:161} INFO - Started process (PID=855) to work on /home/airflow/.local/lib/python3.12/site-packages/airflow/example_dags/example_params_trigger_ui.py
[2024-12-18T10:06:12.032+0000] {processor.py:830} INFO - Processing file /home/airflow/.local/lib/python3.12/site-packages/airflow/example_dags/example_params_trigger_ui.py for tasks to queue
[2024-12-18T10:06:12.034+0000] {logging_mixin.py:188} INFO - [2024-12-18T10:06:12.033+0000] {dagbag.py:545} INFO - Filling up the DagBag from /home/airflow/.local/lib/python3.12/site-packages/airflow/example_dags/example_params_trigger_ui.py
[2024-12-18T10:06:12.048+0000] {processor.py:840} INFO - DAG(s) 'example_params_trigger_ui' retrieved from /home/airflow/.local/lib/python3.12/site-packages/airflow/example_dags/example_params_trigger_ui.py
[2024-12-18T10:06:12.094+0000] {logging_mixin.py:188} INFO - [2024-12-18T10:06:12.094+0000] {dag.py:3096} INFO - Sync 1 DAGs
[2024-12-18T10:06:12.108+0000] {logging_mixin.py:188} INFO - [2024-12-18T10:06:12.108+0000] {dag.py:3954} INFO - Setting next_dagrun for example_params_trigger_ui to None, run_after=None
[2024-12-18T10:06:12.135+0000] {processor.py:183} INFO - Processing /home/airflow/.local/lib/python3.12/site-packages/airflow/example_dags/example_params_trigger_ui.py took 0.109 seconds
[2024-12-18T10:06:42.467+0000] {processor.py:161} INFO - Started process (PID=913) to work on /home/airflow/.local/lib/python3.12/site-packages/airflow/example_dags/example_params_trigger_ui.py
[2024-12-18T10:06:42.468+0000] {processor.py:830} INFO - Processing file /home/airflow/.local/lib/python3.12/site-packages/airflow/example_dags/example_params_trigger_ui.py for tasks to queue
[2024-12-18T10:06:42.470+0000] {logging_mixin.py:188} INFO - [2024-12-18T10:06:42.469+0000] {dagbag.py:545} INFO - Filling up the DagBag from /home/airflow/.local/lib/python3.12/site-packages/airflow/example_dags/example_params_trigger_ui.py
[2024-12-18T10:06:42.483+0000] {processor.py:840} INFO - DAG(s) 'example_params_trigger_ui' retrieved from /home/airflow/.local/lib/python3.12/site-packages/airflow/example_dags/example_params_trigger_ui.py
[2024-12-18T10:06:42.533+0000] {logging_mixin.py:188} INFO - [2024-12-18T10:06:42.533+0000] {dag.py:3096} INFO - Sync 1 DAGs
[2024-12-18T10:06:42.547+0000] {logging_mixin.py:188} INFO - [2024-12-18T10:06:42.546+0000] {dag.py:3954} INFO - Setting next_dagrun for example_params_trigger_ui to None, run_after=None
[2024-12-18T10:06:42.573+0000] {processor.py:183} INFO - Processing /home/airflow/.local/lib/python3.12/site-packages/airflow/example_dags/example_params_trigger_ui.py took 0.112 seconds
[2024-12-18T10:07:12.997+0000] {processor.py:161} INFO - Started process (PID=971) to work on /home/airflow/.local/lib/python3.12/site-packages/airflow/example_dags/example_params_trigger_ui.py
[2024-12-18T10:07:12.998+0000] {processor.py:830} INFO - Processing file /home/airflow/.local/lib/python3.12/site-packages/airflow/example_dags/example_params_trigger_ui.py for tasks to queue
[2024-12-18T10:07:13.001+0000] {logging_mixin.py:188} INFO - [2024-12-18T10:07:13.001+0000] {dagbag.py:545} INFO - Filling up the DagBag from /home/airflow/.local/lib/python3.12/site-packages/airflow/example_dags/example_params_trigger_ui.py
[2024-12-18T10:07:13.014+0000] {processor.py:840} INFO - DAG(s) 'example_params_trigger_ui' retrieved from /home/airflow/.local/lib/python3.12/site-packages/airflow/example_dags/example_params_trigger_ui.py
[2024-12-18T10:07:13.073+0000] {logging_mixin.py:188} INFO - [2024-12-18T10:07:13.073+0000] {dag.py:3096} INFO - Sync 1 DAGs
[2024-12-18T10:07:13.088+0000] {logging_mixin.py:188} INFO - [2024-12-18T10:07:13.087+0000] {dag.py:3954} INFO - Setting next_dagrun for example_params_trigger_ui to None, run_after=None
[2024-12-18T10:07:13.115+0000] {processor.py:183} INFO - Processing /home/airflow/.local/lib/python3.12/site-packages/airflow/example_dags/example_params_trigger_ui.py took 0.124 seconds
[2024-12-18T10:07:43.443+0000] {processor.py:161} INFO - Started process (PID=1029) to work on /home/airflow/.local/lib/python3.12/site-packages/airflow/example_dags/example_params_trigger_ui.py
[2024-12-18T10:07:43.445+0000] {processor.py:830} INFO - Processing file /home/airflow/.local/lib/python3.12/site-packages/airflow/example_dags/example_params_trigger_ui.py for tasks to queue
[2024-12-18T10:07:43.447+0000] {logging_mixin.py:188} INFO - [2024-12-18T10:07:43.447+0000] {dagbag.py:545} INFO - Filling up the DagBag from /home/airflow/.local/lib/python3.12/site-packages/airflow/example_dags/example_params_trigger_ui.py
[2024-12-18T10:07:43.468+0000] {processor.py:840} INFO - DAG(s) 'example_params_trigger_ui' retrieved from /home/airflow/.local/lib/python3.12/site-packages/airflow/example_dags/example_params_trigger_ui.py
[2024-12-18T10:07:43.536+0000] {logging_mixin.py:188} INFO - [2024-12-18T10:07:43.536+0000] {dag.py:3096} INFO - Sync 1 DAGs
[2024-12-18T10:07:43.550+0000] {logging_mixin.py:188} INFO - [2024-12-18T10:07:43.550+0000] {dag.py:3954} INFO - Setting next_dagrun for example_params_trigger_ui to None, run_after=None
[2024-12-18T10:07:43.581+0000] {processor.py:183} INFO - Processing /home/airflow/.local/lib/python3.12/site-packages/airflow/example_dags/example_params_trigger_ui.py took 0.144 seconds
[2024-12-18T10:08:13.766+0000] {processor.py:161} INFO - Started process (PID=1087) to work on /home/airflow/.local/lib/python3.12/site-packages/airflow/example_dags/example_params_trigger_ui.py
[2024-12-18T10:08:13.767+0000] {processor.py:830} INFO - Processing file /home/airflow/.local/lib/python3.12/site-packages/airflow/example_dags/example_params_trigger_ui.py for tasks to queue
[2024-12-18T10:08:13.770+0000] {logging_mixin.py:188} INFO - [2024-12-18T10:08:13.769+0000] {dagbag.py:545} INFO - Filling up the DagBag from /home/airflow/.local/lib/python3.12/site-packages/airflow/example_dags/example_params_trigger_ui.py
[2024-12-18T10:08:13.783+0000] {processor.py:840} INFO - DAG(s) 'example_params_trigger_ui' retrieved from /home/airflow/.local/lib/python3.12/site-packages/airflow/example_dags/example_params_trigger_ui.py
[2024-12-18T10:08:13.831+0000] {logging_mixin.py:188} INFO - [2024-12-18T10:08:13.831+0000] {dag.py:3096} INFO - Sync 1 DAGs
[2024-12-18T10:08:13.845+0000] {logging_mixin.py:188} INFO - [2024-12-18T10:08:13.845+0000] {dag.py:3954} INFO - Setting next_dagrun for example_params_trigger_ui to None, run_after=None
[2024-12-18T10:08:13.869+0000] {processor.py:183} INFO - Processing /home/airflow/.local/lib/python3.12/site-packages/airflow/example_dags/example_params_trigger_ui.py took 0.109 seconds
[2024-12-18T10:08:43.965+0000] {processor.py:161} INFO - Started process (PID=1145) to work on /home/airflow/.local/lib/python3.12/site-packages/airflow/example_dags/example_params_trigger_ui.py
[2024-12-18T10:08:43.967+0000] {processor.py:830} INFO - Processing file /home/airflow/.local/lib/python3.12/site-packages/airflow/example_dags/example_params_trigger_ui.py for tasks to queue
[2024-12-18T10:08:43.970+0000] {logging_mixin.py:188} INFO - [2024-12-18T10:08:43.970+0000] {dagbag.py:545} INFO - Filling up the DagBag from /home/airflow/.local/lib/python3.12/site-packages/airflow/example_dags/example_params_trigger_ui.py
[2024-12-18T10:08:43.985+0000] {processor.py:840} INFO - DAG(s) 'example_params_trigger_ui' retrieved from /home/airflow/.local/lib/python3.12/site-packages/airflow/example_dags/example_params_trigger_ui.py
[2024-12-18T10:08:44.039+0000] {logging_mixin.py:188} INFO - [2024-12-18T10:08:44.039+0000] {dag.py:3096} INFO - Sync 1 DAGs
[2024-12-18T10:08:44.056+0000] {logging_mixin.py:188} INFO - [2024-12-18T10:08:44.056+0000] {dag.py:3954} INFO - Setting next_dagrun for example_params_trigger_ui to None, run_after=None
[2024-12-18T10:08:44.086+0000] {processor.py:183} INFO - Processing /home/airflow/.local/lib/python3.12/site-packages/airflow/example_dags/example_params_trigger_ui.py took 0.128 seconds
[2024-12-18T10:09:14.166+0000] {processor.py:161} INFO - Started process (PID=1202) to work on /home/airflow/.local/lib/python3.12/site-packages/airflow/example_dags/example_params_trigger_ui.py
[2024-12-18T10:09:14.167+0000] {processor.py:830} INFO - Processing file /home/airflow/.local/lib/python3.12/site-packages/airflow/example_dags/example_params_trigger_ui.py for tasks to queue
[2024-12-18T10:09:14.170+0000] {logging_mixin.py:188} INFO - [2024-12-18T10:09:14.169+0000] {dagbag.py:545} INFO - Filling up the DagBag from /home/airflow/.local/lib/python3.12/site-packages/airflow/example_dags/example_params_trigger_ui.py
[2024-12-18T10:09:14.183+0000] {processor.py:840} INFO - DAG(s) 'example_params_trigger_ui' retrieved from /home/airflow/.local/lib/python3.12/site-packages/airflow/example_dags/example_params_trigger_ui.py
[2024-12-18T10:09:14.238+0000] {logging_mixin.py:188} INFO - [2024-12-18T10:09:14.238+0000] {dag.py:3096} INFO - Sync 1 DAGs
[2024-12-18T10:09:14.253+0000] {logging_mixin.py:188} INFO - [2024-12-18T10:09:14.252+0000] {dag.py:3954} INFO - Setting next_dagrun for example_params_trigger_ui to None, run_after=None
[2024-12-18T10:09:14.282+0000] {processor.py:183} INFO - Processing /home/airflow/.local/lib/python3.12/site-packages/airflow/example_dags/example_params_trigger_ui.py took 0.121 seconds
[2024-12-18T10:09:44.370+0000] {processor.py:161} INFO - Started process (PID=1260) to work on /home/airflow/.local/lib/python3.12/site-packages/airflow/example_dags/example_params_trigger_ui.py
[2024-12-18T10:09:44.371+0000] {processor.py:830} INFO - Processing file /home/airflow/.local/lib/python3.12/site-packages/airflow/example_dags/example_params_trigger_ui.py for tasks to queue
[2024-12-18T10:09:44.373+0000] {logging_mixin.py:188} INFO - [2024-12-18T10:09:44.373+0000] {dagbag.py:545} INFO - Filling up the DagBag from /home/airflow/.local/lib/python3.12/site-packages/airflow/example_dags/example_params_trigger_ui.py
[2024-12-18T10:09:44.387+0000] {processor.py:840} INFO - DAG(s) 'example_params_trigger_ui' retrieved from /home/airflow/.local/lib/python3.12/site-packages/airflow/example_dags/example_params_trigger_ui.py
[2024-12-18T10:09:44.439+0000] {logging_mixin.py:188} INFO - [2024-12-18T10:09:44.438+0000] {dag.py:3096} INFO - Sync 1 DAGs
[2024-12-18T10:09:44.453+0000] {logging_mixin.py:188} INFO - [2024-12-18T10:09:44.453+0000] {dag.py:3954} INFO - Setting next_dagrun for example_params_trigger_ui to None, run_after=None
[2024-12-18T10:09:44.479+0000] {processor.py:183} INFO - Processing /home/airflow/.local/lib/python3.12/site-packages/airflow/example_dags/example_params_trigger_ui.py took 0.115 seconds
[2024-12-18T10:10:14.846+0000] {processor.py:161} INFO - Started process (PID=1318) to work on /home/airflow/.local/lib/python3.12/site-packages/airflow/example_dags/example_params_trigger_ui.py
[2024-12-18T10:10:14.847+0000] {processor.py:830} INFO - Processing file /home/airflow/.local/lib/python3.12/site-packages/airflow/example_dags/example_params_trigger_ui.py for tasks to queue
[2024-12-18T10:10:14.849+0000] {logging_mixin.py:188} INFO - [2024-12-18T10:10:14.849+0000] {dagbag.py:545} INFO - Filling up the DagBag from /home/airflow/.local/lib/python3.12/site-packages/airflow/example_dags/example_params_trigger_ui.py
[2024-12-18T10:10:14.862+0000] {processor.py:840} INFO - DAG(s) 'example_params_trigger_ui' retrieved from /home/airflow/.local/lib/python3.12/site-packages/airflow/example_dags/example_params_trigger_ui.py
[2024-12-18T10:10:14.908+0000] {logging_mixin.py:188} INFO - [2024-12-18T10:10:14.908+0000] {dag.py:3096} INFO - Sync 1 DAGs
[2024-12-18T10:10:14.922+0000] {logging_mixin.py:188} INFO - [2024-12-18T10:10:14.922+0000] {dag.py:3954} INFO - Setting next_dagrun for example_params_trigger_ui to None, run_after=None
[2024-12-18T10:10:14.949+0000] {processor.py:183} INFO - Processing /home/airflow/.local/lib/python3.12/site-packages/airflow/example_dags/example_params_trigger_ui.py took 0.109 seconds
[2024-12-18T10:10:45.955+0000] {processor.py:161} INFO - Started process (PID=1376) to work on /home/airflow/.local/lib/python3.12/site-packages/airflow/example_dags/example_params_trigger_ui.py
[2024-12-18T10:10:45.956+0000] {processor.py:830} INFO - Processing file /home/airflow/.local/lib/python3.12/site-packages/airflow/example_dags/example_params_trigger_ui.py for tasks to queue
[2024-12-18T10:10:45.959+0000] {logging_mixin.py:188} INFO - [2024-12-18T10:10:45.958+0000] {dagbag.py:545} INFO - Filling up the DagBag from /home/airflow/.local/lib/python3.12/site-packages/airflow/example_dags/example_params_trigger_ui.py
[2024-12-18T10:10:45.978+0000] {processor.py:840} INFO - DAG(s) 'example_params_trigger_ui' retrieved from /home/airflow/.local/lib/python3.12/site-packages/airflow/example_dags/example_params_trigger_ui.py
[2024-12-18T10:10:46.042+0000] {logging_mixin.py:188} INFO - [2024-12-18T10:10:46.042+0000] {dag.py:3096} INFO - Sync 1 DAGs
[2024-12-18T10:10:46.057+0000] {logging_mixin.py:188} INFO - [2024-12-18T10:10:46.056+0000] {dag.py:3954} INFO - Setting next_dagrun for example_params_trigger_ui to None, run_after=None
[2024-12-18T10:10:46.087+0000] {processor.py:183} INFO - Processing /home/airflow/.local/lib/python3.12/site-packages/airflow/example_dags/example_params_trigger_ui.py took 0.137 seconds
