[2024-12-18T09:59:37.756+0000] {processor.py:161} INFO - Started process (PID=106) to work on /home/airflow/.local/lib/python3.12/site-packages/airflow/example_dags/example_short_circuit_operator.py
[2024-12-18T09:59:37.759+0000] {processor.py:830} INFO - Processing file /home/airflow/.local/lib/python3.12/site-packages/airflow/example_dags/example_short_circuit_operator.py for tasks to queue
[2024-12-18T09:59:37.762+0000] {logging_mixin.py:188} INFO - [2024-12-18T09:59:37.761+0000] {dagbag.py:545} INFO - Filling up the DagBag from /home/airflow/.local/lib/python3.12/site-packages/airflow/example_dags/example_short_circuit_operator.py
[2024-12-18T09:59:37.779+0000] {processor.py:840} INFO - DAG(s) 'example_short_circuit_operator' retrieved from /home/airflow/.local/lib/python3.12/site-packages/airflow/example_dags/example_short_circuit_operator.py
[2024-12-18T09:59:37.949+0000] {logging_mixin.py:188} INFO - [2024-12-18T09:59:37.948+0000] {override.py:1829} INFO - Created Permission View: can delete on DAG:example_short_circuit_operator
[2024-12-18T09:59:37.969+0000] {logging_mixin.py:188} INFO - [2024-12-18T09:59:37.968+0000] {override.py:1829} INFO - Created Permission View: can read on DAG:example_short_circuit_operator
[2024-12-18T09:59:37.984+0000] {logging_mixin.py:188} INFO - [2024-12-18T09:59:37.983+0000] {override.py:1829} INFO - Created Permission View: can edit on DAG:example_short_circuit_operator
[2024-12-18T09:59:37.985+0000] {logging_mixin.py:188} INFO - [2024-12-18T09:59:37.985+0000] {dag.py:3096} INFO - Sync 1 DAGs
[2024-12-18T09:59:38.002+0000] {logging_mixin.py:188} INFO - [2024-12-18T09:59:38.002+0000] {dag.py:3118} INFO - Creating ORM DAG for example_short_circuit_operator
[2024-12-18T09:59:38.018+0000] {logging_mixin.py:188} INFO - [2024-12-18T09:59:38.018+0000] {dag.py:3954} INFO - Setting next_dagrun for example_short_circuit_operator to 2024-12-17 00:00:00+00:00, run_after=2024-12-18 00:00:00+00:00
[2024-12-18T09:59:38.049+0000] {processor.py:183} INFO - Processing /home/airflow/.local/lib/python3.12/site-packages/airflow/example_dags/example_short_circuit_operator.py took 0.299 seconds
[2024-12-18T10:00:08.350+0000] {processor.py:161} INFO - Started process (PID=164) to work on /home/airflow/.local/lib/python3.12/site-packages/airflow/example_dags/example_short_circuit_operator.py
[2024-12-18T10:00:08.352+0000] {processor.py:830} INFO - Processing file /home/airflow/.local/lib/python3.12/site-packages/airflow/example_dags/example_short_circuit_operator.py for tasks to queue
[2024-12-18T10:00:08.355+0000] {logging_mixin.py:188} INFO - [2024-12-18T10:00:08.355+0000] {dagbag.py:545} INFO - Filling up the DagBag from /home/airflow/.local/lib/python3.12/site-packages/airflow/example_dags/example_short_circuit_operator.py
[2024-12-18T10:00:08.365+0000] {processor.py:840} INFO - DAG(s) 'example_short_circuit_operator' retrieved from /home/airflow/.local/lib/python3.12/site-packages/airflow/example_dags/example_short_circuit_operator.py
[2024-12-18T10:00:08.395+0000] {logging_mixin.py:188} INFO - [2024-12-18T10:00:08.395+0000] {dag.py:3096} INFO - Sync 1 DAGs
[2024-12-18T10:00:08.422+0000] {logging_mixin.py:188} INFO - [2024-12-18T10:00:08.422+0000] {dag.py:3954} INFO - Setting next_dagrun for example_short_circuit_operator to 2024-12-17 00:00:00+00:00, run_after=2024-12-18 00:00:00+00:00
[2024-12-18T10:00:08.453+0000] {processor.py:183} INFO - Processing /home/airflow/.local/lib/python3.12/site-packages/airflow/example_dags/example_short_circuit_operator.py took 0.113 seconds
[2024-12-18T10:00:38.827+0000] {processor.py:161} INFO - Started process (PID=222) to work on /home/airflow/.local/lib/python3.12/site-packages/airflow/example_dags/example_short_circuit_operator.py
[2024-12-18T10:00:38.829+0000] {processor.py:830} INFO - Processing file /home/airflow/.local/lib/python3.12/site-packages/airflow/example_dags/example_short_circuit_operator.py for tasks to queue
[2024-12-18T10:00:38.832+0000] {logging_mixin.py:188} INFO - [2024-12-18T10:00:38.831+0000] {dagbag.py:545} INFO - Filling up the DagBag from /home/airflow/.local/lib/python3.12/site-packages/airflow/example_dags/example_short_circuit_operator.py
[2024-12-18T10:00:38.843+0000] {processor.py:840} INFO - DAG(s) 'example_short_circuit_operator' retrieved from /home/airflow/.local/lib/python3.12/site-packages/airflow/example_dags/example_short_circuit_operator.py
[2024-12-18T10:00:38.872+0000] {logging_mixin.py:188} INFO - [2024-12-18T10:00:38.871+0000] {dag.py:3096} INFO - Sync 1 DAGs
[2024-12-18T10:00:38.901+0000] {logging_mixin.py:188} INFO - [2024-12-18T10:00:38.900+0000] {dag.py:3954} INFO - Setting next_dagrun for example_short_circuit_operator to 2024-12-17 00:00:00+00:00, run_after=2024-12-18 00:00:00+00:00
[2024-12-18T10:00:38.938+0000] {processor.py:183} INFO - Processing /home/airflow/.local/lib/python3.12/site-packages/airflow/example_dags/example_short_circuit_operator.py took 0.118 seconds
[2024-12-18T10:01:09.024+0000] {processor.py:161} INFO - Started process (PID=279) to work on /home/airflow/.local/lib/python3.12/site-packages/airflow/example_dags/example_short_circuit_operator.py
[2024-12-18T10:01:09.025+0000] {processor.py:830} INFO - Processing file /home/airflow/.local/lib/python3.12/site-packages/airflow/example_dags/example_short_circuit_operator.py for tasks to queue
[2024-12-18T10:01:09.028+0000] {logging_mixin.py:188} INFO - [2024-12-18T10:01:09.027+0000] {dagbag.py:545} INFO - Filling up the DagBag from /home/airflow/.local/lib/python3.12/site-packages/airflow/example_dags/example_short_circuit_operator.py
[2024-12-18T10:01:09.036+0000] {processor.py:840} INFO - DAG(s) 'example_short_circuit_operator' retrieved from /home/airflow/.local/lib/python3.12/site-packages/airflow/example_dags/example_short_circuit_operator.py
[2024-12-18T10:01:09.063+0000] {logging_mixin.py:188} INFO - [2024-12-18T10:01:09.062+0000] {dag.py:3096} INFO - Sync 1 DAGs
[2024-12-18T10:01:09.090+0000] {logging_mixin.py:188} INFO - [2024-12-18T10:01:09.089+0000] {dag.py:3954} INFO - Setting next_dagrun for example_short_circuit_operator to 2024-12-17 00:00:00+00:00, run_after=2024-12-18 00:00:00+00:00
[2024-12-18T10:01:09.117+0000] {processor.py:183} INFO - Processing /home/airflow/.local/lib/python3.12/site-packages/airflow/example_dags/example_short_circuit_operator.py took 0.100 seconds
[2024-12-18T10:01:39.397+0000] {processor.py:161} INFO - Started process (PID=337) to work on /home/airflow/.local/lib/python3.12/site-packages/airflow/example_dags/example_short_circuit_operator.py
[2024-12-18T10:01:39.398+0000] {processor.py:830} INFO - Processing file /home/airflow/.local/lib/python3.12/site-packages/airflow/example_dags/example_short_circuit_operator.py for tasks to queue
[2024-12-18T10:01:39.402+0000] {logging_mixin.py:188} INFO - [2024-12-18T10:01:39.401+0000] {dagbag.py:545} INFO - Filling up the DagBag from /home/airflow/.local/lib/python3.12/site-packages/airflow/example_dags/example_short_circuit_operator.py
[2024-12-18T10:01:39.411+0000] {processor.py:840} INFO - DAG(s) 'example_short_circuit_operator' retrieved from /home/airflow/.local/lib/python3.12/site-packages/airflow/example_dags/example_short_circuit_operator.py
[2024-12-18T10:01:39.437+0000] {logging_mixin.py:188} INFO - [2024-12-18T10:01:39.437+0000] {dag.py:3096} INFO - Sync 1 DAGs
[2024-12-18T10:01:39.464+0000] {logging_mixin.py:188} INFO - [2024-12-18T10:01:39.464+0000] {dag.py:3954} INFO - Setting next_dagrun for example_short_circuit_operator to 2024-12-17 00:00:00+00:00, run_after=2024-12-18 00:00:00+00:00
[2024-12-18T10:01:39.491+0000] {processor.py:183} INFO - Processing /home/airflow/.local/lib/python3.12/site-packages/airflow/example_dags/example_short_circuit_operator.py took 0.100 seconds
[2024-12-18T10:02:09.612+0000] {processor.py:161} INFO - Started process (PID=395) to work on /home/airflow/.local/lib/python3.12/site-packages/airflow/example_dags/example_short_circuit_operator.py
[2024-12-18T10:02:09.613+0000] {processor.py:830} INFO - Processing file /home/airflow/.local/lib/python3.12/site-packages/airflow/example_dags/example_short_circuit_operator.py for tasks to queue
[2024-12-18T10:02:09.617+0000] {logging_mixin.py:188} INFO - [2024-12-18T10:02:09.617+0000] {dagbag.py:545} INFO - Filling up the DagBag from /home/airflow/.local/lib/python3.12/site-packages/airflow/example_dags/example_short_circuit_operator.py
[2024-12-18T10:02:09.625+0000] {processor.py:840} INFO - DAG(s) 'example_short_circuit_operator' retrieved from /home/airflow/.local/lib/python3.12/site-packages/airflow/example_dags/example_short_circuit_operator.py
[2024-12-18T10:02:09.657+0000] {logging_mixin.py:188} INFO - [2024-12-18T10:02:09.657+0000] {dag.py:3096} INFO - Sync 1 DAGs
[2024-12-18T10:02:09.688+0000] {logging_mixin.py:188} INFO - [2024-12-18T10:02:09.688+0000] {dag.py:3954} INFO - Setting next_dagrun for example_short_circuit_operator to 2024-12-17 00:00:00+00:00, run_after=2024-12-18 00:00:00+00:00
[2024-12-18T10:02:09.713+0000] {processor.py:183} INFO - Processing /home/airflow/.local/lib/python3.12/site-packages/airflow/example_dags/example_short_circuit_operator.py took 0.107 seconds
[2024-12-18T10:02:39.957+0000] {processor.py:161} INFO - Started process (PID=453) to work on /home/airflow/.local/lib/python3.12/site-packages/airflow/example_dags/example_short_circuit_operator.py
[2024-12-18T10:02:39.958+0000] {processor.py:830} INFO - Processing file /home/airflow/.local/lib/python3.12/site-packages/airflow/example_dags/example_short_circuit_operator.py for tasks to queue
[2024-12-18T10:02:39.960+0000] {logging_mixin.py:188} INFO - [2024-12-18T10:02:39.960+0000] {dagbag.py:545} INFO - Filling up the DagBag from /home/airflow/.local/lib/python3.12/site-packages/airflow/example_dags/example_short_circuit_operator.py
[2024-12-18T10:02:39.968+0000] {processor.py:840} INFO - DAG(s) 'example_short_circuit_operator' retrieved from /home/airflow/.local/lib/python3.12/site-packages/airflow/example_dags/example_short_circuit_operator.py
[2024-12-18T10:02:39.995+0000] {logging_mixin.py:188} INFO - [2024-12-18T10:02:39.995+0000] {dag.py:3096} INFO - Sync 1 DAGs
[2024-12-18T10:02:40.025+0000] {logging_mixin.py:188} INFO - [2024-12-18T10:02:40.024+0000] {dag.py:3954} INFO - Setting next_dagrun for example_short_circuit_operator to 2024-12-17 00:00:00+00:00, run_after=2024-12-18 00:00:00+00:00
[2024-12-18T10:02:40.053+0000] {processor.py:183} INFO - Processing /home/airflow/.local/lib/python3.12/site-packages/airflow/example_dags/example_short_circuit_operator.py took 0.102 seconds
[2024-12-18T10:03:10.400+0000] {processor.py:161} INFO - Started process (PID=511) to work on /home/airflow/.local/lib/python3.12/site-packages/airflow/example_dags/example_short_circuit_operator.py
[2024-12-18T10:03:10.401+0000] {processor.py:830} INFO - Processing file /home/airflow/.local/lib/python3.12/site-packages/airflow/example_dags/example_short_circuit_operator.py for tasks to queue
[2024-12-18T10:03:10.403+0000] {logging_mixin.py:188} INFO - [2024-12-18T10:03:10.403+0000] {dagbag.py:545} INFO - Filling up the DagBag from /home/airflow/.local/lib/python3.12/site-packages/airflow/example_dags/example_short_circuit_operator.py
[2024-12-18T10:03:10.413+0000] {processor.py:840} INFO - DAG(s) 'example_short_circuit_operator' retrieved from /home/airflow/.local/lib/python3.12/site-packages/airflow/example_dags/example_short_circuit_operator.py
[2024-12-18T10:03:10.446+0000] {logging_mixin.py:188} INFO - [2024-12-18T10:03:10.446+0000] {dag.py:3096} INFO - Sync 1 DAGs
[2024-12-18T10:03:10.472+0000] {logging_mixin.py:188} INFO - [2024-12-18T10:03:10.472+0000] {dag.py:3954} INFO - Setting next_dagrun for example_short_circuit_operator to 2024-12-17 00:00:00+00:00, run_after=2024-12-18 00:00:00+00:00
[2024-12-18T10:03:10.504+0000] {processor.py:183} INFO - Processing /home/airflow/.local/lib/python3.12/site-packages/airflow/example_dags/example_short_circuit_operator.py took 0.110 seconds
[2024-12-18T10:03:40.648+0000] {processor.py:161} INFO - Started process (PID=569) to work on /home/airflow/.local/lib/python3.12/site-packages/airflow/example_dags/example_short_circuit_operator.py
[2024-12-18T10:03:40.649+0000] {processor.py:830} INFO - Processing file /home/airflow/.local/lib/python3.12/site-packages/airflow/example_dags/example_short_circuit_operator.py for tasks to queue
[2024-12-18T10:03:40.651+0000] {logging_mixin.py:188} INFO - [2024-12-18T10:03:40.651+0000] {dagbag.py:545} INFO - Filling up the DagBag from /home/airflow/.local/lib/python3.12/site-packages/airflow/example_dags/example_short_circuit_operator.py
[2024-12-18T10:03:40.658+0000] {processor.py:840} INFO - DAG(s) 'example_short_circuit_operator' retrieved from /home/airflow/.local/lib/python3.12/site-packages/airflow/example_dags/example_short_circuit_operator.py
[2024-12-18T10:03:40.684+0000] {logging_mixin.py:188} INFO - [2024-12-18T10:03:40.684+0000] {dag.py:3096} INFO - Sync 1 DAGs
[2024-12-18T10:03:40.708+0000] {logging_mixin.py:188} INFO - [2024-12-18T10:03:40.707+0000] {dag.py:3954} INFO - Setting next_dagrun for example_short_circuit_operator to 2024-12-17 00:00:00+00:00, run_after=2024-12-18 00:00:00+00:00
[2024-12-18T10:03:40.734+0000] {processor.py:183} INFO - Processing /home/airflow/.local/lib/python3.12/site-packages/airflow/example_dags/example_short_circuit_operator.py took 0.092 seconds
[2024-12-18T10:04:11.336+0000] {processor.py:161} INFO - Started process (PID=627) to work on /home/airflow/.local/lib/python3.12/site-packages/airflow/example_dags/example_short_circuit_operator.py
[2024-12-18T10:04:11.338+0000] {processor.py:830} INFO - Processing file /home/airflow/.local/lib/python3.12/site-packages/airflow/example_dags/example_short_circuit_operator.py for tasks to queue
[2024-12-18T10:04:11.341+0000] {logging_mixin.py:188} INFO - [2024-12-18T10:04:11.340+0000] {dagbag.py:545} INFO - Filling up the DagBag from /home/airflow/.local/lib/python3.12/site-packages/airflow/example_dags/example_short_circuit_operator.py
[2024-12-18T10:04:11.349+0000] {processor.py:840} INFO - DAG(s) 'example_short_circuit_operator' retrieved from /home/airflow/.local/lib/python3.12/site-packages/airflow/example_dags/example_short_circuit_operator.py
[2024-12-18T10:04:11.386+0000] {logging_mixin.py:188} INFO - [2024-12-18T10:04:11.385+0000] {dag.py:3096} INFO - Sync 1 DAGs
[2024-12-18T10:04:11.441+0000] {logging_mixin.py:188} INFO - [2024-12-18T10:04:11.441+0000] {dag.py:3954} INFO - Setting next_dagrun for example_short_circuit_operator to 2024-12-17 00:00:00+00:00, run_after=2024-12-18 00:00:00+00:00
[2024-12-18T10:04:11.490+0000] {processor.py:183} INFO - Processing /home/airflow/.local/lib/python3.12/site-packages/airflow/example_dags/example_short_circuit_operator.py took 0.160 seconds
[2024-12-18T10:04:42.134+0000] {processor.py:161} INFO - Started process (PID=685) to work on /home/airflow/.local/lib/python3.12/site-packages/airflow/example_dags/example_short_circuit_operator.py
[2024-12-18T10:04:42.135+0000] {processor.py:830} INFO - Processing file /home/airflow/.local/lib/python3.12/site-packages/airflow/example_dags/example_short_circuit_operator.py for tasks to queue
[2024-12-18T10:04:42.137+0000] {logging_mixin.py:188} INFO - [2024-12-18T10:04:42.137+0000] {dagbag.py:545} INFO - Filling up the DagBag from /home/airflow/.local/lib/python3.12/site-packages/airflow/example_dags/example_short_circuit_operator.py
[2024-12-18T10:04:42.144+0000] {processor.py:840} INFO - DAG(s) 'example_short_circuit_operator' retrieved from /home/airflow/.local/lib/python3.12/site-packages/airflow/example_dags/example_short_circuit_operator.py
[2024-12-18T10:04:42.169+0000] {logging_mixin.py:188} INFO - [2024-12-18T10:04:42.169+0000] {dag.py:3096} INFO - Sync 1 DAGs
[2024-12-18T10:04:42.193+0000] {logging_mixin.py:188} INFO - [2024-12-18T10:04:42.193+0000] {dag.py:3954} INFO - Setting next_dagrun for example_short_circuit_operator to 2024-12-17 00:00:00+00:00, run_after=2024-12-18 00:00:00+00:00
[2024-12-18T10:04:42.220+0000] {processor.py:183} INFO - Processing /home/airflow/.local/lib/python3.12/site-packages/airflow/example_dags/example_short_circuit_operator.py took 0.093 seconds
[2024-12-18T10:05:12.575+0000] {processor.py:161} INFO - Started process (PID=743) to work on /home/airflow/.local/lib/python3.12/site-packages/airflow/example_dags/example_short_circuit_operator.py
[2024-12-18T10:05:12.576+0000] {processor.py:830} INFO - Processing file /home/airflow/.local/lib/python3.12/site-packages/airflow/example_dags/example_short_circuit_operator.py for tasks to queue
[2024-12-18T10:05:12.579+0000] {logging_mixin.py:188} INFO - [2024-12-18T10:05:12.578+0000] {dagbag.py:545} INFO - Filling up the DagBag from /home/airflow/.local/lib/python3.12/site-packages/airflow/example_dags/example_short_circuit_operator.py
[2024-12-18T10:05:12.585+0000] {processor.py:840} INFO - DAG(s) 'example_short_circuit_operator' retrieved from /home/airflow/.local/lib/python3.12/site-packages/airflow/example_dags/example_short_circuit_operator.py
[2024-12-18T10:05:12.612+0000] {logging_mixin.py:188} INFO - [2024-12-18T10:05:12.612+0000] {dag.py:3096} INFO - Sync 1 DAGs
[2024-12-18T10:05:12.637+0000] {logging_mixin.py:188} INFO - [2024-12-18T10:05:12.637+0000] {dag.py:3954} INFO - Setting next_dagrun for example_short_circuit_operator to 2024-12-17 00:00:00+00:00, run_after=2024-12-18 00:00:00+00:00
[2024-12-18T10:05:12.663+0000] {processor.py:183} INFO - Processing /home/airflow/.local/lib/python3.12/site-packages/airflow/example_dags/example_short_circuit_operator.py took 0.093 seconds
[2024-12-18T10:05:42.828+0000] {processor.py:161} INFO - Started process (PID=801) to work on /home/airflow/.local/lib/python3.12/site-packages/airflow/example_dags/example_short_circuit_operator.py
[2024-12-18T10:05:42.830+0000] {processor.py:830} INFO - Processing file /home/airflow/.local/lib/python3.12/site-packages/airflow/example_dags/example_short_circuit_operator.py for tasks to queue
[2024-12-18T10:05:42.833+0000] {logging_mixin.py:188} INFO - [2024-12-18T10:05:42.832+0000] {dagbag.py:545} INFO - Filling up the DagBag from /home/airflow/.local/lib/python3.12/site-packages/airflow/example_dags/example_short_circuit_operator.py
[2024-12-18T10:05:42.840+0000] {processor.py:840} INFO - DAG(s) 'example_short_circuit_operator' retrieved from /home/airflow/.local/lib/python3.12/site-packages/airflow/example_dags/example_short_circuit_operator.py
[2024-12-18T10:05:42.865+0000] {logging_mixin.py:188} INFO - [2024-12-18T10:05:42.865+0000] {dag.py:3096} INFO - Sync 1 DAGs
[2024-12-18T10:05:42.887+0000] {logging_mixin.py:188} INFO - [2024-12-18T10:05:42.887+0000] {dag.py:3954} INFO - Setting next_dagrun for example_short_circuit_operator to 2024-12-17 00:00:00+00:00, run_after=2024-12-18 00:00:00+00:00
[2024-12-18T10:05:42.913+0000] {processor.py:183} INFO - Processing /home/airflow/.local/lib/python3.12/site-packages/airflow/example_dags/example_short_circuit_operator.py took 0.089 seconds
[2024-12-18T10:06:13.195+0000] {processor.py:161} INFO - Started process (PID=859) to work on /home/airflow/.local/lib/python3.12/site-packages/airflow/example_dags/example_short_circuit_operator.py
[2024-12-18T10:06:13.196+0000] {processor.py:830} INFO - Processing file /home/airflow/.local/lib/python3.12/site-packages/airflow/example_dags/example_short_circuit_operator.py for tasks to queue
[2024-12-18T10:06:13.198+0000] {logging_mixin.py:188} INFO - [2024-12-18T10:06:13.197+0000] {dagbag.py:545} INFO - Filling up the DagBag from /home/airflow/.local/lib/python3.12/site-packages/airflow/example_dags/example_short_circuit_operator.py
[2024-12-18T10:06:13.207+0000] {processor.py:840} INFO - DAG(s) 'example_short_circuit_operator' retrieved from /home/airflow/.local/lib/python3.12/site-packages/airflow/example_dags/example_short_circuit_operator.py
[2024-12-18T10:06:13.234+0000] {logging_mixin.py:188} INFO - [2024-12-18T10:06:13.234+0000] {dag.py:3096} INFO - Sync 1 DAGs
[2024-12-18T10:06:13.258+0000] {logging_mixin.py:188} INFO - [2024-12-18T10:06:13.258+0000] {dag.py:3954} INFO - Setting next_dagrun for example_short_circuit_operator to 2024-12-17 00:00:00+00:00, run_after=2024-12-18 00:00:00+00:00
[2024-12-18T10:06:13.282+0000] {processor.py:183} INFO - Processing /home/airflow/.local/lib/python3.12/site-packages/airflow/example_dags/example_short_circuit_operator.py took 0.093 seconds
[2024-12-18T10:06:43.628+0000] {processor.py:161} INFO - Started process (PID=917) to work on /home/airflow/.local/lib/python3.12/site-packages/airflow/example_dags/example_short_circuit_operator.py
[2024-12-18T10:06:43.629+0000] {processor.py:830} INFO - Processing file /home/airflow/.local/lib/python3.12/site-packages/airflow/example_dags/example_short_circuit_operator.py for tasks to queue
[2024-12-18T10:06:43.631+0000] {logging_mixin.py:188} INFO - [2024-12-18T10:06:43.631+0000] {dagbag.py:545} INFO - Filling up the DagBag from /home/airflow/.local/lib/python3.12/site-packages/airflow/example_dags/example_short_circuit_operator.py
[2024-12-18T10:06:43.638+0000] {processor.py:840} INFO - DAG(s) 'example_short_circuit_operator' retrieved from /home/airflow/.local/lib/python3.12/site-packages/airflow/example_dags/example_short_circuit_operator.py
[2024-12-18T10:06:43.666+0000] {logging_mixin.py:188} INFO - [2024-12-18T10:06:43.666+0000] {dag.py:3096} INFO - Sync 1 DAGs
[2024-12-18T10:06:43.689+0000] {logging_mixin.py:188} INFO - [2024-12-18T10:06:43.688+0000] {dag.py:3954} INFO - Setting next_dagrun for example_short_circuit_operator to 2024-12-17 00:00:00+00:00, run_after=2024-12-18 00:00:00+00:00
[2024-12-18T10:06:43.716+0000] {processor.py:183} INFO - Processing /home/airflow/.local/lib/python3.12/site-packages/airflow/example_dags/example_short_circuit_operator.py took 0.094 seconds
[2024-12-18T10:07:14.223+0000] {processor.py:161} INFO - Started process (PID=975) to work on /home/airflow/.local/lib/python3.12/site-packages/airflow/example_dags/example_short_circuit_operator.py
[2024-12-18T10:07:14.224+0000] {processor.py:830} INFO - Processing file /home/airflow/.local/lib/python3.12/site-packages/airflow/example_dags/example_short_circuit_operator.py for tasks to queue
[2024-12-18T10:07:14.226+0000] {logging_mixin.py:188} INFO - [2024-12-18T10:07:14.226+0000] {dagbag.py:545} INFO - Filling up the DagBag from /home/airflow/.local/lib/python3.12/site-packages/airflow/example_dags/example_short_circuit_operator.py
[2024-12-18T10:07:14.233+0000] {processor.py:840} INFO - DAG(s) 'example_short_circuit_operator' retrieved from /home/airflow/.local/lib/python3.12/site-packages/airflow/example_dags/example_short_circuit_operator.py
[2024-12-18T10:07:14.258+0000] {logging_mixin.py:188} INFO - [2024-12-18T10:07:14.258+0000] {dag.py:3096} INFO - Sync 1 DAGs
[2024-12-18T10:07:14.283+0000] {logging_mixin.py:188} INFO - [2024-12-18T10:07:14.283+0000] {dag.py:3954} INFO - Setting next_dagrun for example_short_circuit_operator to 2024-12-17 00:00:00+00:00, run_after=2024-12-18 00:00:00+00:00
[2024-12-18T10:07:14.308+0000] {processor.py:183} INFO - Processing /home/airflow/.local/lib/python3.12/site-packages/airflow/example_dags/example_short_circuit_operator.py took 0.090 seconds
[2024-12-18T10:07:44.649+0000] {processor.py:161} INFO - Started process (PID=1033) to work on /home/airflow/.local/lib/python3.12/site-packages/airflow/example_dags/example_short_circuit_operator.py
[2024-12-18T10:07:44.651+0000] {processor.py:830} INFO - Processing file /home/airflow/.local/lib/python3.12/site-packages/airflow/example_dags/example_short_circuit_operator.py for tasks to queue
[2024-12-18T10:07:44.653+0000] {logging_mixin.py:188} INFO - [2024-12-18T10:07:44.653+0000] {dagbag.py:545} INFO - Filling up the DagBag from /home/airflow/.local/lib/python3.12/site-packages/airflow/example_dags/example_short_circuit_operator.py
[2024-12-18T10:07:44.660+0000] {processor.py:840} INFO - DAG(s) 'example_short_circuit_operator' retrieved from /home/airflow/.local/lib/python3.12/site-packages/airflow/example_dags/example_short_circuit_operator.py
[2024-12-18T10:07:44.685+0000] {logging_mixin.py:188} INFO - [2024-12-18T10:07:44.685+0000] {dag.py:3096} INFO - Sync 1 DAGs
[2024-12-18T10:07:44.709+0000] {logging_mixin.py:188} INFO - [2024-12-18T10:07:44.708+0000] {dag.py:3954} INFO - Setting next_dagrun for example_short_circuit_operator to 2024-12-17 00:00:00+00:00, run_after=2024-12-18 00:00:00+00:00
[2024-12-18T10:07:44.736+0000] {processor.py:183} INFO - Processing /home/airflow/.local/lib/python3.12/site-packages/airflow/example_dags/example_short_circuit_operator.py took 0.092 seconds
[2024-12-18T10:08:14.987+0000] {processor.py:161} INFO - Started process (PID=1091) to work on /home/airflow/.local/lib/python3.12/site-packages/airflow/example_dags/example_short_circuit_operator.py
[2024-12-18T10:08:14.988+0000] {processor.py:830} INFO - Processing file /home/airflow/.local/lib/python3.12/site-packages/airflow/example_dags/example_short_circuit_operator.py for tasks to queue
[2024-12-18T10:08:14.991+0000] {logging_mixin.py:188} INFO - [2024-12-18T10:08:14.990+0000] {dagbag.py:545} INFO - Filling up the DagBag from /home/airflow/.local/lib/python3.12/site-packages/airflow/example_dags/example_short_circuit_operator.py
[2024-12-18T10:08:14.999+0000] {processor.py:840} INFO - DAG(s) 'example_short_circuit_operator' retrieved from /home/airflow/.local/lib/python3.12/site-packages/airflow/example_dags/example_short_circuit_operator.py
[2024-12-18T10:08:15.026+0000] {logging_mixin.py:188} INFO - [2024-12-18T10:08:15.026+0000] {dag.py:3096} INFO - Sync 1 DAGs
[2024-12-18T10:08:15.049+0000] {logging_mixin.py:188} INFO - [2024-12-18T10:08:15.049+0000] {dag.py:3954} INFO - Setting next_dagrun for example_short_circuit_operator to 2024-12-17 00:00:00+00:00, run_after=2024-12-18 00:00:00+00:00
[2024-12-18T10:08:15.077+0000] {processor.py:183} INFO - Processing /home/airflow/.local/lib/python3.12/site-packages/airflow/example_dags/example_short_circuit_operator.py took 0.095 seconds
[2024-12-18T10:08:45.386+0000] {processor.py:161} INFO - Started process (PID=1149) to work on /home/airflow/.local/lib/python3.12/site-packages/airflow/example_dags/example_short_circuit_operator.py
[2024-12-18T10:08:45.387+0000] {processor.py:830} INFO - Processing file /home/airflow/.local/lib/python3.12/site-packages/airflow/example_dags/example_short_circuit_operator.py for tasks to queue
[2024-12-18T10:08:45.389+0000] {logging_mixin.py:188} INFO - [2024-12-18T10:08:45.389+0000] {dagbag.py:545} INFO - Filling up the DagBag from /home/airflow/.local/lib/python3.12/site-packages/airflow/example_dags/example_short_circuit_operator.py
[2024-12-18T10:08:45.397+0000] {processor.py:840} INFO - DAG(s) 'example_short_circuit_operator' retrieved from /home/airflow/.local/lib/python3.12/site-packages/airflow/example_dags/example_short_circuit_operator.py
[2024-12-18T10:08:45.425+0000] {logging_mixin.py:188} INFO - [2024-12-18T10:08:45.425+0000] {dag.py:3096} INFO - Sync 1 DAGs
[2024-12-18T10:08:45.449+0000] {logging_mixin.py:188} INFO - [2024-12-18T10:08:45.449+0000] {dag.py:3954} INFO - Setting next_dagrun for example_short_circuit_operator to 2024-12-17 00:00:00+00:00, run_after=2024-12-18 00:00:00+00:00
[2024-12-18T10:08:45.476+0000] {processor.py:183} INFO - Processing /home/airflow/.local/lib/python3.12/site-packages/airflow/example_dags/example_short_circuit_operator.py took 0.095 seconds
[2024-12-18T10:09:15.577+0000] {processor.py:161} INFO - Started process (PID=1207) to work on /home/airflow/.local/lib/python3.12/site-packages/airflow/example_dags/example_short_circuit_operator.py
[2024-12-18T10:09:15.578+0000] {processor.py:830} INFO - Processing file /home/airflow/.local/lib/python3.12/site-packages/airflow/example_dags/example_short_circuit_operator.py for tasks to queue
[2024-12-18T10:09:15.580+0000] {logging_mixin.py:188} INFO - [2024-12-18T10:09:15.580+0000] {dagbag.py:545} INFO - Filling up the DagBag from /home/airflow/.local/lib/python3.12/site-packages/airflow/example_dags/example_short_circuit_operator.py
[2024-12-18T10:09:15.587+0000] {processor.py:840} INFO - DAG(s) 'example_short_circuit_operator' retrieved from /home/airflow/.local/lib/python3.12/site-packages/airflow/example_dags/example_short_circuit_operator.py
[2024-12-18T10:09:15.615+0000] {logging_mixin.py:188} INFO - [2024-12-18T10:09:15.615+0000] {dag.py:3096} INFO - Sync 1 DAGs
[2024-12-18T10:09:15.642+0000] {logging_mixin.py:188} INFO - [2024-12-18T10:09:15.642+0000] {dag.py:3954} INFO - Setting next_dagrun for example_short_circuit_operator to 2024-12-17 00:00:00+00:00, run_after=2024-12-18 00:00:00+00:00
[2024-12-18T10:09:15.676+0000] {processor.py:183} INFO - Processing /home/airflow/.local/lib/python3.12/site-packages/airflow/example_dags/example_short_circuit_operator.py took 0.104 seconds
[2024-12-18T10:09:45.962+0000] {processor.py:161} INFO - Started process (PID=1265) to work on /home/airflow/.local/lib/python3.12/site-packages/airflow/example_dags/example_short_circuit_operator.py
[2024-12-18T10:09:45.964+0000] {processor.py:830} INFO - Processing file /home/airflow/.local/lib/python3.12/site-packages/airflow/example_dags/example_short_circuit_operator.py for tasks to queue
[2024-12-18T10:09:45.966+0000] {logging_mixin.py:188} INFO - [2024-12-18T10:09:45.965+0000] {dagbag.py:545} INFO - Filling up the DagBag from /home/airflow/.local/lib/python3.12/site-packages/airflow/example_dags/example_short_circuit_operator.py
[2024-12-18T10:09:45.972+0000] {processor.py:840} INFO - DAG(s) 'example_short_circuit_operator' retrieved from /home/airflow/.local/lib/python3.12/site-packages/airflow/example_dags/example_short_circuit_operator.py
[2024-12-18T10:09:45.998+0000] {logging_mixin.py:188} INFO - [2024-12-18T10:09:45.997+0000] {dag.py:3096} INFO - Sync 1 DAGs
[2024-12-18T10:09:46.021+0000] {logging_mixin.py:188} INFO - [2024-12-18T10:09:46.021+0000] {dag.py:3954} INFO - Setting next_dagrun for example_short_circuit_operator to 2024-12-17 00:00:00+00:00, run_after=2024-12-18 00:00:00+00:00
[2024-12-18T10:09:46.047+0000] {processor.py:183} INFO - Processing /home/airflow/.local/lib/python3.12/site-packages/airflow/example_dags/example_short_circuit_operator.py took 0.090 seconds
[2024-12-18T10:10:16.243+0000] {processor.py:161} INFO - Started process (PID=1323) to work on /home/airflow/.local/lib/python3.12/site-packages/airflow/example_dags/example_short_circuit_operator.py
[2024-12-18T10:10:16.245+0000] {processor.py:830} INFO - Processing file /home/airflow/.local/lib/python3.12/site-packages/airflow/example_dags/example_short_circuit_operator.py for tasks to queue
[2024-12-18T10:10:16.247+0000] {logging_mixin.py:188} INFO - [2024-12-18T10:10:16.247+0000] {dagbag.py:545} INFO - Filling up the DagBag from /home/airflow/.local/lib/python3.12/site-packages/airflow/example_dags/example_short_circuit_operator.py
[2024-12-18T10:10:16.257+0000] {processor.py:840} INFO - DAG(s) 'example_short_circuit_operator' retrieved from /home/airflow/.local/lib/python3.12/site-packages/airflow/example_dags/example_short_circuit_operator.py
[2024-12-18T10:10:16.286+0000] {logging_mixin.py:188} INFO - [2024-12-18T10:10:16.286+0000] {dag.py:3096} INFO - Sync 1 DAGs
[2024-12-18T10:10:16.309+0000] {logging_mixin.py:188} INFO - [2024-12-18T10:10:16.309+0000] {dag.py:3954} INFO - Setting next_dagrun for example_short_circuit_operator to 2024-12-17 00:00:00+00:00, run_after=2024-12-18 00:00:00+00:00
[2024-12-18T10:10:16.337+0000] {processor.py:183} INFO - Processing /home/airflow/.local/lib/python3.12/site-packages/airflow/example_dags/example_short_circuit_operator.py took 0.098 seconds
[2024-12-18T10:10:47.606+0000] {processor.py:161} INFO - Started process (PID=1381) to work on /home/airflow/.local/lib/python3.12/site-packages/airflow/example_dags/example_short_circuit_operator.py
[2024-12-18T10:10:47.633+0000] {processor.py:830} INFO - Processing file /home/airflow/.local/lib/python3.12/site-packages/airflow/example_dags/example_short_circuit_operator.py for tasks to queue
[2024-12-18T10:10:47.673+0000] {logging_mixin.py:188} INFO - [2024-12-18T10:10:47.669+0000] {dagbag.py:545} INFO - Filling up the DagBag from /home/airflow/.local/lib/python3.12/site-packages/airflow/example_dags/example_short_circuit_operator.py
[2024-12-18T10:10:47.765+0000] {processor.py:840} INFO - DAG(s) 'example_short_circuit_operator' retrieved from /home/airflow/.local/lib/python3.12/site-packages/airflow/example_dags/example_short_circuit_operator.py
[2024-12-18T10:10:48.049+0000] {logging_mixin.py:188} INFO - [2024-12-18T10:10:48.047+0000] {dag.py:3096} INFO - Sync 1 DAGs
[2024-12-18T10:10:48.500+0000] {logging_mixin.py:188} INFO - [2024-12-18T10:10:48.498+0000] {dag.py:3954} INFO - Setting next_dagrun for example_short_circuit_operator to 2024-12-17 00:00:00+00:00, run_after=2024-12-18 00:00:00+00:00
