[2024-12-18T09:59:35.487+0000] {processor.py:161} INFO - Started process (PID=94) to work on /home/airflow/.local/lib/python3.12/site-packages/airflow/example_dags/example_short_circuit_decorator.py
[2024-12-18T09:59:35.489+0000] {processor.py:830} INFO - Processing file /home/airflow/.local/lib/python3.12/site-packages/airflow/example_dags/example_short_circuit_decorator.py for tasks to queue
[2024-12-18T09:59:35.491+0000] {logging_mixin.py:188} INFO - [2024-12-18T09:59:35.491+0000] {dagbag.py:545} INFO - Filling up the DagBag from /home/airflow/.local/lib/python3.12/site-packages/airflow/example_dags/example_short_circuit_decorator.py
[2024-12-18T09:59:35.510+0000] {processor.py:840} INFO - DAG(s) 'example_short_circuit_decorator' retrieved from /home/airflow/.local/lib/python3.12/site-packages/airflow/example_dags/example_short_circuit_decorator.py
[2024-12-18T09:59:35.695+0000] {logging_mixin.py:188} INFO - [2024-12-18T09:59:35.694+0000] {override.py:1829} INFO - Created Permission View: can delete on DAG:example_short_circuit_decorator
[2024-12-18T09:59:35.718+0000] {logging_mixin.py:188} INFO - [2024-12-18T09:59:35.717+0000] {override.py:1829} INFO - Created Permission View: can read on DAG:example_short_circuit_decorator
[2024-12-18T09:59:35.732+0000] {logging_mixin.py:188} INFO - [2024-12-18T09:59:35.732+0000] {override.py:1829} INFO - Created Permission View: can edit on DAG:example_short_circuit_decorator
[2024-12-18T09:59:35.734+0000] {logging_mixin.py:188} INFO - [2024-12-18T09:59:35.733+0000] {dag.py:3096} INFO - Sync 1 DAGs
[2024-12-18T09:59:35.753+0000] {logging_mixin.py:188} INFO - [2024-12-18T09:59:35.753+0000] {dag.py:3118} INFO - Creating ORM DAG for example_short_circuit_decorator
[2024-12-18T09:59:35.768+0000] {logging_mixin.py:188} INFO - [2024-12-18T09:59:35.768+0000] {dag.py:3954} INFO - Setting next_dagrun for example_short_circuit_decorator to 2024-12-17 00:00:00+00:00, run_after=2024-12-18 00:00:00+00:00
[2024-12-18T09:59:35.806+0000] {processor.py:183} INFO - Processing /home/airflow/.local/lib/python3.12/site-packages/airflow/example_dags/example_short_circuit_decorator.py took 0.325 seconds
[2024-12-18T10:00:05.944+0000] {processor.py:161} INFO - Started process (PID=152) to work on /home/airflow/.local/lib/python3.12/site-packages/airflow/example_dags/example_short_circuit_decorator.py
[2024-12-18T10:00:05.946+0000] {processor.py:830} INFO - Processing file /home/airflow/.local/lib/python3.12/site-packages/airflow/example_dags/example_short_circuit_decorator.py for tasks to queue
[2024-12-18T10:00:05.949+0000] {logging_mixin.py:188} INFO - [2024-12-18T10:00:05.948+0000] {dagbag.py:545} INFO - Filling up the DagBag from /home/airflow/.local/lib/python3.12/site-packages/airflow/example_dags/example_short_circuit_decorator.py
[2024-12-18T10:00:05.964+0000] {processor.py:840} INFO - DAG(s) 'example_short_circuit_decorator' retrieved from /home/airflow/.local/lib/python3.12/site-packages/airflow/example_dags/example_short_circuit_decorator.py
[2024-12-18T10:00:05.999+0000] {logging_mixin.py:188} INFO - [2024-12-18T10:00:05.998+0000] {dag.py:3096} INFO - Sync 1 DAGs
[2024-12-18T10:00:06.026+0000] {logging_mixin.py:188} INFO - [2024-12-18T10:00:06.026+0000] {dag.py:3954} INFO - Setting next_dagrun for example_short_circuit_decorator to 2024-12-17 00:00:00+00:00, run_after=2024-12-18 00:00:00+00:00
[2024-12-18T10:00:06.055+0000] {processor.py:183} INFO - Processing /home/airflow/.local/lib/python3.12/site-packages/airflow/example_dags/example_short_circuit_decorator.py took 0.116 seconds
[2024-12-18T10:00:36.880+0000] {processor.py:161} INFO - Started process (PID=210) to work on /home/airflow/.local/lib/python3.12/site-packages/airflow/example_dags/example_short_circuit_decorator.py
[2024-12-18T10:00:36.881+0000] {processor.py:830} INFO - Processing file /home/airflow/.local/lib/python3.12/site-packages/airflow/example_dags/example_short_circuit_decorator.py for tasks to queue
[2024-12-18T10:00:36.884+0000] {logging_mixin.py:188} INFO - [2024-12-18T10:00:36.883+0000] {dagbag.py:545} INFO - Filling up the DagBag from /home/airflow/.local/lib/python3.12/site-packages/airflow/example_dags/example_short_circuit_decorator.py
[2024-12-18T10:00:36.893+0000] {processor.py:840} INFO - DAG(s) 'example_short_circuit_decorator' retrieved from /home/airflow/.local/lib/python3.12/site-packages/airflow/example_dags/example_short_circuit_decorator.py
[2024-12-18T10:00:36.923+0000] {logging_mixin.py:188} INFO - [2024-12-18T10:00:36.923+0000] {dag.py:3096} INFO - Sync 1 DAGs
[2024-12-18T10:00:36.948+0000] {logging_mixin.py:188} INFO - [2024-12-18T10:00:36.948+0000] {dag.py:3954} INFO - Setting next_dagrun for example_short_circuit_decorator to 2024-12-17 00:00:00+00:00, run_after=2024-12-18 00:00:00+00:00
[2024-12-18T10:00:36.982+0000] {processor.py:183} INFO - Processing /home/airflow/.local/lib/python3.12/site-packages/airflow/example_dags/example_short_circuit_decorator.py took 0.108 seconds
[2024-12-18T10:01:07.068+0000] {processor.py:161} INFO - Started process (PID=268) to work on /home/airflow/.local/lib/python3.12/site-packages/airflow/example_dags/example_short_circuit_decorator.py
[2024-12-18T10:01:07.069+0000] {processor.py:830} INFO - Processing file /home/airflow/.local/lib/python3.12/site-packages/airflow/example_dags/example_short_circuit_decorator.py for tasks to queue
[2024-12-18T10:01:07.072+0000] {logging_mixin.py:188} INFO - [2024-12-18T10:01:07.071+0000] {dagbag.py:545} INFO - Filling up the DagBag from /home/airflow/.local/lib/python3.12/site-packages/airflow/example_dags/example_short_circuit_decorator.py
[2024-12-18T10:01:07.085+0000] {processor.py:840} INFO - DAG(s) 'example_short_circuit_decorator' retrieved from /home/airflow/.local/lib/python3.12/site-packages/airflow/example_dags/example_short_circuit_decorator.py
[2024-12-18T10:01:07.115+0000] {logging_mixin.py:188} INFO - [2024-12-18T10:01:07.114+0000] {dag.py:3096} INFO - Sync 1 DAGs
[2024-12-18T10:01:07.153+0000] {logging_mixin.py:188} INFO - [2024-12-18T10:01:07.152+0000] {dag.py:3954} INFO - Setting next_dagrun for example_short_circuit_decorator to 2024-12-17 00:00:00+00:00, run_after=2024-12-18 00:00:00+00:00
[2024-12-18T10:01:07.181+0000] {processor.py:183} INFO - Processing /home/airflow/.local/lib/python3.12/site-packages/airflow/example_dags/example_short_circuit_decorator.py took 0.119 seconds
[2024-12-18T10:01:37.443+0000] {processor.py:161} INFO - Started process (PID=326) to work on /home/airflow/.local/lib/python3.12/site-packages/airflow/example_dags/example_short_circuit_decorator.py
[2024-12-18T10:01:37.444+0000] {processor.py:830} INFO - Processing file /home/airflow/.local/lib/python3.12/site-packages/airflow/example_dags/example_short_circuit_decorator.py for tasks to queue
[2024-12-18T10:01:37.447+0000] {logging_mixin.py:188} INFO - [2024-12-18T10:01:37.446+0000] {dagbag.py:545} INFO - Filling up the DagBag from /home/airflow/.local/lib/python3.12/site-packages/airflow/example_dags/example_short_circuit_decorator.py
[2024-12-18T10:01:37.455+0000] {processor.py:840} INFO - DAG(s) 'example_short_circuit_decorator' retrieved from /home/airflow/.local/lib/python3.12/site-packages/airflow/example_dags/example_short_circuit_decorator.py
[2024-12-18T10:01:37.483+0000] {logging_mixin.py:188} INFO - [2024-12-18T10:01:37.483+0000] {dag.py:3096} INFO - Sync 1 DAGs
[2024-12-18T10:01:37.510+0000] {logging_mixin.py:188} INFO - [2024-12-18T10:01:37.510+0000] {dag.py:3954} INFO - Setting next_dagrun for example_short_circuit_decorator to 2024-12-17 00:00:00+00:00, run_after=2024-12-18 00:00:00+00:00
[2024-12-18T10:01:37.539+0000] {processor.py:183} INFO - Processing /home/airflow/.local/lib/python3.12/site-packages/airflow/example_dags/example_short_circuit_decorator.py took 0.101 seconds
[2024-12-18T10:02:07.803+0000] {processor.py:161} INFO - Started process (PID=384) to work on /home/airflow/.local/lib/python3.12/site-packages/airflow/example_dags/example_short_circuit_decorator.py
[2024-12-18T10:02:07.804+0000] {processor.py:830} INFO - Processing file /home/airflow/.local/lib/python3.12/site-packages/airflow/example_dags/example_short_circuit_decorator.py for tasks to queue
[2024-12-18T10:02:07.806+0000] {logging_mixin.py:188} INFO - [2024-12-18T10:02:07.805+0000] {dagbag.py:545} INFO - Filling up the DagBag from /home/airflow/.local/lib/python3.12/site-packages/airflow/example_dags/example_short_circuit_decorator.py
[2024-12-18T10:02:07.816+0000] {processor.py:840} INFO - DAG(s) 'example_short_circuit_decorator' retrieved from /home/airflow/.local/lib/python3.12/site-packages/airflow/example_dags/example_short_circuit_decorator.py
[2024-12-18T10:02:07.841+0000] {logging_mixin.py:188} INFO - [2024-12-18T10:02:07.840+0000] {dag.py:3096} INFO - Sync 1 DAGs
[2024-12-18T10:02:07.865+0000] {logging_mixin.py:188} INFO - [2024-12-18T10:02:07.865+0000] {dag.py:3954} INFO - Setting next_dagrun for example_short_circuit_decorator to 2024-12-17 00:00:00+00:00, run_after=2024-12-18 00:00:00+00:00
[2024-12-18T10:02:07.894+0000] {processor.py:183} INFO - Processing /home/airflow/.local/lib/python3.12/site-packages/airflow/example_dags/example_short_circuit_decorator.py took 0.097 seconds
[2024-12-18T10:02:38.113+0000] {processor.py:161} INFO - Started process (PID=442) to work on /home/airflow/.local/lib/python3.12/site-packages/airflow/example_dags/example_short_circuit_decorator.py
[2024-12-18T10:02:38.114+0000] {processor.py:830} INFO - Processing file /home/airflow/.local/lib/python3.12/site-packages/airflow/example_dags/example_short_circuit_decorator.py for tasks to queue
[2024-12-18T10:02:38.117+0000] {logging_mixin.py:188} INFO - [2024-12-18T10:02:38.116+0000] {dagbag.py:545} INFO - Filling up the DagBag from /home/airflow/.local/lib/python3.12/site-packages/airflow/example_dags/example_short_circuit_decorator.py
[2024-12-18T10:02:38.127+0000] {processor.py:840} INFO - DAG(s) 'example_short_circuit_decorator' retrieved from /home/airflow/.local/lib/python3.12/site-packages/airflow/example_dags/example_short_circuit_decorator.py
[2024-12-18T10:02:38.158+0000] {logging_mixin.py:188} INFO - [2024-12-18T10:02:38.158+0000] {dag.py:3096} INFO - Sync 1 DAGs
[2024-12-18T10:02:38.189+0000] {logging_mixin.py:188} INFO - [2024-12-18T10:02:38.188+0000] {dag.py:3954} INFO - Setting next_dagrun for example_short_circuit_decorator to 2024-12-17 00:00:00+00:00, run_after=2024-12-18 00:00:00+00:00
[2024-12-18T10:02:38.215+0000] {processor.py:183} INFO - Processing /home/airflow/.local/lib/python3.12/site-packages/airflow/example_dags/example_short_circuit_decorator.py took 0.107 seconds
[2024-12-18T10:03:08.330+0000] {processor.py:161} INFO - Started process (PID=500) to work on /home/airflow/.local/lib/python3.12/site-packages/airflow/example_dags/example_short_circuit_decorator.py
[2024-12-18T10:03:08.332+0000] {processor.py:830} INFO - Processing file /home/airflow/.local/lib/python3.12/site-packages/airflow/example_dags/example_short_circuit_decorator.py for tasks to queue
[2024-12-18T10:03:08.334+0000] {logging_mixin.py:188} INFO - [2024-12-18T10:03:08.334+0000] {dagbag.py:545} INFO - Filling up the DagBag from /home/airflow/.local/lib/python3.12/site-packages/airflow/example_dags/example_short_circuit_decorator.py
[2024-12-18T10:03:08.345+0000] {processor.py:840} INFO - DAG(s) 'example_short_circuit_decorator' retrieved from /home/airflow/.local/lib/python3.12/site-packages/airflow/example_dags/example_short_circuit_decorator.py
[2024-12-18T10:03:08.370+0000] {logging_mixin.py:188} INFO - [2024-12-18T10:03:08.370+0000] {dag.py:3096} INFO - Sync 1 DAGs
[2024-12-18T10:03:08.392+0000] {logging_mixin.py:188} INFO - [2024-12-18T10:03:08.392+0000] {dag.py:3954} INFO - Setting next_dagrun for example_short_circuit_decorator to 2024-12-17 00:00:00+00:00, run_after=2024-12-18 00:00:00+00:00
[2024-12-18T10:03:08.421+0000] {processor.py:183} INFO - Processing /home/airflow/.local/lib/python3.12/site-packages/airflow/example_dags/example_short_circuit_decorator.py took 0.095 seconds
[2024-12-18T10:03:38.756+0000] {processor.py:161} INFO - Started process (PID=558) to work on /home/airflow/.local/lib/python3.12/site-packages/airflow/example_dags/example_short_circuit_decorator.py
[2024-12-18T10:03:38.758+0000] {processor.py:830} INFO - Processing file /home/airflow/.local/lib/python3.12/site-packages/airflow/example_dags/example_short_circuit_decorator.py for tasks to queue
[2024-12-18T10:03:38.760+0000] {logging_mixin.py:188} INFO - [2024-12-18T10:03:38.760+0000] {dagbag.py:545} INFO - Filling up the DagBag from /home/airflow/.local/lib/python3.12/site-packages/airflow/example_dags/example_short_circuit_decorator.py
[2024-12-18T10:03:38.769+0000] {processor.py:840} INFO - DAG(s) 'example_short_circuit_decorator' retrieved from /home/airflow/.local/lib/python3.12/site-packages/airflow/example_dags/example_short_circuit_decorator.py
[2024-12-18T10:03:38.797+0000] {logging_mixin.py:188} INFO - [2024-12-18T10:03:38.797+0000] {dag.py:3096} INFO - Sync 1 DAGs
[2024-12-18T10:03:38.822+0000] {logging_mixin.py:188} INFO - [2024-12-18T10:03:38.821+0000] {dag.py:3954} INFO - Setting next_dagrun for example_short_circuit_decorator to 2024-12-17 00:00:00+00:00, run_after=2024-12-18 00:00:00+00:00
[2024-12-18T10:03:38.846+0000] {processor.py:183} INFO - Processing /home/airflow/.local/lib/python3.12/site-packages/airflow/example_dags/example_short_circuit_decorator.py took 0.095 seconds
[2024-12-18T10:04:09.303+0000] {processor.py:161} INFO - Started process (PID=616) to work on /home/airflow/.local/lib/python3.12/site-packages/airflow/example_dags/example_short_circuit_decorator.py
[2024-12-18T10:04:09.304+0000] {processor.py:830} INFO - Processing file /home/airflow/.local/lib/python3.12/site-packages/airflow/example_dags/example_short_circuit_decorator.py for tasks to queue
[2024-12-18T10:04:09.306+0000] {logging_mixin.py:188} INFO - [2024-12-18T10:04:09.306+0000] {dagbag.py:545} INFO - Filling up the DagBag from /home/airflow/.local/lib/python3.12/site-packages/airflow/example_dags/example_short_circuit_decorator.py
[2024-12-18T10:04:09.314+0000] {processor.py:840} INFO - DAG(s) 'example_short_circuit_decorator' retrieved from /home/airflow/.local/lib/python3.12/site-packages/airflow/example_dags/example_short_circuit_decorator.py
[2024-12-18T10:04:09.342+0000] {logging_mixin.py:188} INFO - [2024-12-18T10:04:09.342+0000] {dag.py:3096} INFO - Sync 1 DAGs
[2024-12-18T10:04:09.372+0000] {logging_mixin.py:188} INFO - [2024-12-18T10:04:09.371+0000] {dag.py:3954} INFO - Setting next_dagrun for example_short_circuit_decorator to 2024-12-17 00:00:00+00:00, run_after=2024-12-18 00:00:00+00:00
[2024-12-18T10:04:09.398+0000] {processor.py:183} INFO - Processing /home/airflow/.local/lib/python3.12/site-packages/airflow/example_dags/example_short_circuit_decorator.py took 0.101 seconds
[2024-12-18T10:04:40.389+0000] {processor.py:161} INFO - Started process (PID=674) to work on /home/airflow/.local/lib/python3.12/site-packages/airflow/example_dags/example_short_circuit_decorator.py
[2024-12-18T10:04:40.391+0000] {processor.py:830} INFO - Processing file /home/airflow/.local/lib/python3.12/site-packages/airflow/example_dags/example_short_circuit_decorator.py for tasks to queue
[2024-12-18T10:04:40.393+0000] {logging_mixin.py:188} INFO - [2024-12-18T10:04:40.393+0000] {dagbag.py:545} INFO - Filling up the DagBag from /home/airflow/.local/lib/python3.12/site-packages/airflow/example_dags/example_short_circuit_decorator.py
[2024-12-18T10:04:40.405+0000] {processor.py:840} INFO - DAG(s) 'example_short_circuit_decorator' retrieved from /home/airflow/.local/lib/python3.12/site-packages/airflow/example_dags/example_short_circuit_decorator.py
[2024-12-18T10:04:40.440+0000] {logging_mixin.py:188} INFO - [2024-12-18T10:04:40.440+0000] {dag.py:3096} INFO - Sync 1 DAGs
[2024-12-18T10:04:40.471+0000] {logging_mixin.py:188} INFO - [2024-12-18T10:04:40.470+0000] {dag.py:3954} INFO - Setting next_dagrun for example_short_circuit_decorator to 2024-12-17 00:00:00+00:00, run_after=2024-12-18 00:00:00+00:00
[2024-12-18T10:04:40.505+0000] {processor.py:183} INFO - Processing /home/airflow/.local/lib/python3.12/site-packages/airflow/example_dags/example_short_circuit_decorator.py took 0.123 seconds
[2024-12-18T10:05:10.796+0000] {processor.py:161} INFO - Started process (PID=732) to work on /home/airflow/.local/lib/python3.12/site-packages/airflow/example_dags/example_short_circuit_decorator.py
[2024-12-18T10:05:10.797+0000] {processor.py:830} INFO - Processing file /home/airflow/.local/lib/python3.12/site-packages/airflow/example_dags/example_short_circuit_decorator.py for tasks to queue
[2024-12-18T10:05:10.800+0000] {logging_mixin.py:188} INFO - [2024-12-18T10:05:10.799+0000] {dagbag.py:545} INFO - Filling up the DagBag from /home/airflow/.local/lib/python3.12/site-packages/airflow/example_dags/example_short_circuit_decorator.py
[2024-12-18T10:05:10.810+0000] {processor.py:840} INFO - DAG(s) 'example_short_circuit_decorator' retrieved from /home/airflow/.local/lib/python3.12/site-packages/airflow/example_dags/example_short_circuit_decorator.py
[2024-12-18T10:05:10.837+0000] {logging_mixin.py:188} INFO - [2024-12-18T10:05:10.836+0000] {dag.py:3096} INFO - Sync 1 DAGs
[2024-12-18T10:05:10.862+0000] {logging_mixin.py:188} INFO - [2024-12-18T10:05:10.861+0000] {dag.py:3954} INFO - Setting next_dagrun for example_short_circuit_decorator to 2024-12-17 00:00:00+00:00, run_after=2024-12-18 00:00:00+00:00
[2024-12-18T10:05:10.890+0000] {processor.py:183} INFO - Processing /home/airflow/.local/lib/python3.12/site-packages/airflow/example_dags/example_short_circuit_decorator.py took 0.100 seconds
[2024-12-18T10:05:41.234+0000] {processor.py:161} INFO - Started process (PID=790) to work on /home/airflow/.local/lib/python3.12/site-packages/airflow/example_dags/example_short_circuit_decorator.py
[2024-12-18T10:05:41.235+0000] {processor.py:830} INFO - Processing file /home/airflow/.local/lib/python3.12/site-packages/airflow/example_dags/example_short_circuit_decorator.py for tasks to queue
[2024-12-18T10:05:41.237+0000] {logging_mixin.py:188} INFO - [2024-12-18T10:05:41.237+0000] {dagbag.py:545} INFO - Filling up the DagBag from /home/airflow/.local/lib/python3.12/site-packages/airflow/example_dags/example_short_circuit_decorator.py
[2024-12-18T10:05:41.247+0000] {processor.py:840} INFO - DAG(s) 'example_short_circuit_decorator' retrieved from /home/airflow/.local/lib/python3.12/site-packages/airflow/example_dags/example_short_circuit_decorator.py
[2024-12-18T10:05:41.272+0000] {logging_mixin.py:188} INFO - [2024-12-18T10:05:41.272+0000] {dag.py:3096} INFO - Sync 1 DAGs
[2024-12-18T10:05:41.295+0000] {logging_mixin.py:188} INFO - [2024-12-18T10:05:41.295+0000] {dag.py:3954} INFO - Setting next_dagrun for example_short_circuit_decorator to 2024-12-17 00:00:00+00:00, run_after=2024-12-18 00:00:00+00:00
[2024-12-18T10:05:41.322+0000] {processor.py:183} INFO - Processing /home/airflow/.local/lib/python3.12/site-packages/airflow/example_dags/example_short_circuit_decorator.py took 0.093 seconds
[2024-12-18T10:06:11.518+0000] {processor.py:161} INFO - Started process (PID=848) to work on /home/airflow/.local/lib/python3.12/site-packages/airflow/example_dags/example_short_circuit_decorator.py
[2024-12-18T10:06:11.520+0000] {processor.py:830} INFO - Processing file /home/airflow/.local/lib/python3.12/site-packages/airflow/example_dags/example_short_circuit_decorator.py for tasks to queue
[2024-12-18T10:06:11.522+0000] {logging_mixin.py:188} INFO - [2024-12-18T10:06:11.521+0000] {dagbag.py:545} INFO - Filling up the DagBag from /home/airflow/.local/lib/python3.12/site-packages/airflow/example_dags/example_short_circuit_decorator.py
[2024-12-18T10:06:11.531+0000] {processor.py:840} INFO - DAG(s) 'example_short_circuit_decorator' retrieved from /home/airflow/.local/lib/python3.12/site-packages/airflow/example_dags/example_short_circuit_decorator.py
[2024-12-18T10:06:11.563+0000] {logging_mixin.py:188} INFO - [2024-12-18T10:06:11.563+0000] {dag.py:3096} INFO - Sync 1 DAGs
[2024-12-18T10:06:11.588+0000] {logging_mixin.py:188} INFO - [2024-12-18T10:06:11.588+0000] {dag.py:3954} INFO - Setting next_dagrun for example_short_circuit_decorator to 2024-12-17 00:00:00+00:00, run_after=2024-12-18 00:00:00+00:00
[2024-12-18T10:06:11.616+0000] {processor.py:183} INFO - Processing /home/airflow/.local/lib/python3.12/site-packages/airflow/example_dags/example_short_circuit_decorator.py took 0.103 seconds
[2024-12-18T10:06:41.847+0000] {processor.py:161} INFO - Started process (PID=906) to work on /home/airflow/.local/lib/python3.12/site-packages/airflow/example_dags/example_short_circuit_decorator.py
[2024-12-18T10:06:41.848+0000] {processor.py:830} INFO - Processing file /home/airflow/.local/lib/python3.12/site-packages/airflow/example_dags/example_short_circuit_decorator.py for tasks to queue
[2024-12-18T10:06:41.851+0000] {logging_mixin.py:188} INFO - [2024-12-18T10:06:41.850+0000] {dagbag.py:545} INFO - Filling up the DagBag from /home/airflow/.local/lib/python3.12/site-packages/airflow/example_dags/example_short_circuit_decorator.py
[2024-12-18T10:06:41.860+0000] {processor.py:840} INFO - DAG(s) 'example_short_circuit_decorator' retrieved from /home/airflow/.local/lib/python3.12/site-packages/airflow/example_dags/example_short_circuit_decorator.py
[2024-12-18T10:06:41.888+0000] {logging_mixin.py:188} INFO - [2024-12-18T10:06:41.887+0000] {dag.py:3096} INFO - Sync 1 DAGs
[2024-12-18T10:06:41.909+0000] {logging_mixin.py:188} INFO - [2024-12-18T10:06:41.909+0000] {dag.py:3954} INFO - Setting next_dagrun for example_short_circuit_decorator to 2024-12-17 00:00:00+00:00, run_after=2024-12-18 00:00:00+00:00
[2024-12-18T10:06:41.935+0000] {processor.py:183} INFO - Processing /home/airflow/.local/lib/python3.12/site-packages/airflow/example_dags/example_short_circuit_decorator.py took 0.094 seconds
[2024-12-18T10:07:12.331+0000] {processor.py:161} INFO - Started process (PID=963) to work on /home/airflow/.local/lib/python3.12/site-packages/airflow/example_dags/example_short_circuit_decorator.py
[2024-12-18T10:07:12.332+0000] {processor.py:830} INFO - Processing file /home/airflow/.local/lib/python3.12/site-packages/airflow/example_dags/example_short_circuit_decorator.py for tasks to queue
[2024-12-18T10:07:12.334+0000] {logging_mixin.py:188} INFO - [2024-12-18T10:07:12.334+0000] {dagbag.py:545} INFO - Filling up the DagBag from /home/airflow/.local/lib/python3.12/site-packages/airflow/example_dags/example_short_circuit_decorator.py
[2024-12-18T10:07:12.344+0000] {processor.py:840} INFO - DAG(s) 'example_short_circuit_decorator' retrieved from /home/airflow/.local/lib/python3.12/site-packages/airflow/example_dags/example_short_circuit_decorator.py
[2024-12-18T10:07:12.369+0000] {logging_mixin.py:188} INFO - [2024-12-18T10:07:12.369+0000] {dag.py:3096} INFO - Sync 1 DAGs
[2024-12-18T10:07:12.392+0000] {logging_mixin.py:188} INFO - [2024-12-18T10:07:12.392+0000] {dag.py:3954} INFO - Setting next_dagrun for example_short_circuit_decorator to 2024-12-17 00:00:00+00:00, run_after=2024-12-18 00:00:00+00:00
[2024-12-18T10:07:12.419+0000] {processor.py:183} INFO - Processing /home/airflow/.local/lib/python3.12/site-packages/airflow/example_dags/example_short_circuit_decorator.py took 0.093 seconds
[2024-12-18T10:07:42.763+0000] {processor.py:161} INFO - Started process (PID=1021) to work on /home/airflow/.local/lib/python3.12/site-packages/airflow/example_dags/example_short_circuit_decorator.py
[2024-12-18T10:07:42.764+0000] {processor.py:830} INFO - Processing file /home/airflow/.local/lib/python3.12/site-packages/airflow/example_dags/example_short_circuit_decorator.py for tasks to queue
[2024-12-18T10:07:42.766+0000] {logging_mixin.py:188} INFO - [2024-12-18T10:07:42.766+0000] {dagbag.py:545} INFO - Filling up the DagBag from /home/airflow/.local/lib/python3.12/site-packages/airflow/example_dags/example_short_circuit_decorator.py
[2024-12-18T10:07:42.775+0000] {processor.py:840} INFO - DAG(s) 'example_short_circuit_decorator' retrieved from /home/airflow/.local/lib/python3.12/site-packages/airflow/example_dags/example_short_circuit_decorator.py
[2024-12-18T10:07:42.803+0000] {logging_mixin.py:188} INFO - [2024-12-18T10:07:42.802+0000] {dag.py:3096} INFO - Sync 1 DAGs
[2024-12-18T10:07:42.827+0000] {logging_mixin.py:188} INFO - [2024-12-18T10:07:42.827+0000] {dag.py:3954} INFO - Setting next_dagrun for example_short_circuit_decorator to 2024-12-17 00:00:00+00:00, run_after=2024-12-18 00:00:00+00:00
[2024-12-18T10:07:42.855+0000] {processor.py:183} INFO - Processing /home/airflow/.local/lib/python3.12/site-packages/airflow/example_dags/example_short_circuit_decorator.py took 0.098 seconds
[2024-12-18T10:08:13.096+0000] {processor.py:161} INFO - Started process (PID=1079) to work on /home/airflow/.local/lib/python3.12/site-packages/airflow/example_dags/example_short_circuit_decorator.py
[2024-12-18T10:08:13.097+0000] {processor.py:830} INFO - Processing file /home/airflow/.local/lib/python3.12/site-packages/airflow/example_dags/example_short_circuit_decorator.py for tasks to queue
[2024-12-18T10:08:13.099+0000] {logging_mixin.py:188} INFO - [2024-12-18T10:08:13.099+0000] {dagbag.py:545} INFO - Filling up the DagBag from /home/airflow/.local/lib/python3.12/site-packages/airflow/example_dags/example_short_circuit_decorator.py
[2024-12-18T10:08:13.108+0000] {processor.py:840} INFO - DAG(s) 'example_short_circuit_decorator' retrieved from /home/airflow/.local/lib/python3.12/site-packages/airflow/example_dags/example_short_circuit_decorator.py
[2024-12-18T10:08:13.135+0000] {logging_mixin.py:188} INFO - [2024-12-18T10:08:13.134+0000] {dag.py:3096} INFO - Sync 1 DAGs
[2024-12-18T10:08:13.159+0000] {logging_mixin.py:188} INFO - [2024-12-18T10:08:13.159+0000] {dag.py:3954} INFO - Setting next_dagrun for example_short_circuit_decorator to 2024-12-17 00:00:00+00:00, run_after=2024-12-18 00:00:00+00:00
[2024-12-18T10:08:13.189+0000] {processor.py:183} INFO - Processing /home/airflow/.local/lib/python3.12/site-packages/airflow/example_dags/example_short_circuit_decorator.py took 0.098 seconds
[2024-12-18T10:08:43.382+0000] {processor.py:161} INFO - Started process (PID=1137) to work on /home/airflow/.local/lib/python3.12/site-packages/airflow/example_dags/example_short_circuit_decorator.py
[2024-12-18T10:08:43.383+0000] {processor.py:830} INFO - Processing file /home/airflow/.local/lib/python3.12/site-packages/airflow/example_dags/example_short_circuit_decorator.py for tasks to queue
[2024-12-18T10:08:43.387+0000] {logging_mixin.py:188} INFO - [2024-12-18T10:08:43.386+0000] {dagbag.py:545} INFO - Filling up the DagBag from /home/airflow/.local/lib/python3.12/site-packages/airflow/example_dags/example_short_circuit_decorator.py
[2024-12-18T10:08:43.399+0000] {processor.py:840} INFO - DAG(s) 'example_short_circuit_decorator' retrieved from /home/airflow/.local/lib/python3.12/site-packages/airflow/example_dags/example_short_circuit_decorator.py
[2024-12-18T10:08:43.433+0000] {logging_mixin.py:188} INFO - [2024-12-18T10:08:43.432+0000] {dag.py:3096} INFO - Sync 1 DAGs
[2024-12-18T10:08:43.467+0000] {logging_mixin.py:188} INFO - [2024-12-18T10:08:43.467+0000] {dag.py:3954} INFO - Setting next_dagrun for example_short_circuit_decorator to 2024-12-17 00:00:00+00:00, run_after=2024-12-18 00:00:00+00:00
[2024-12-18T10:08:43.512+0000] {processor.py:183} INFO - Processing /home/airflow/.local/lib/python3.12/site-packages/airflow/example_dags/example_short_circuit_decorator.py took 0.138 seconds
[2024-12-18T10:09:13.644+0000] {processor.py:161} INFO - Started process (PID=1195) to work on /home/airflow/.local/lib/python3.12/site-packages/airflow/example_dags/example_short_circuit_decorator.py
[2024-12-18T10:09:13.645+0000] {processor.py:830} INFO - Processing file /home/airflow/.local/lib/python3.12/site-packages/airflow/example_dags/example_short_circuit_decorator.py for tasks to queue
[2024-12-18T10:09:13.647+0000] {logging_mixin.py:188} INFO - [2024-12-18T10:09:13.647+0000] {dagbag.py:545} INFO - Filling up the DagBag from /home/airflow/.local/lib/python3.12/site-packages/airflow/example_dags/example_short_circuit_decorator.py
[2024-12-18T10:09:13.658+0000] {processor.py:840} INFO - DAG(s) 'example_short_circuit_decorator' retrieved from /home/airflow/.local/lib/python3.12/site-packages/airflow/example_dags/example_short_circuit_decorator.py
[2024-12-18T10:09:13.684+0000] {logging_mixin.py:188} INFO - [2024-12-18T10:09:13.684+0000] {dag.py:3096} INFO - Sync 1 DAGs
[2024-12-18T10:09:13.709+0000] {logging_mixin.py:188} INFO - [2024-12-18T10:09:13.709+0000] {dag.py:3954} INFO - Setting next_dagrun for example_short_circuit_decorator to 2024-12-17 00:00:00+00:00, run_after=2024-12-18 00:00:00+00:00
[2024-12-18T10:09:13.736+0000] {processor.py:183} INFO - Processing /home/airflow/.local/lib/python3.12/site-packages/airflow/example_dags/example_short_circuit_decorator.py took 0.100 seconds
[2024-12-18T10:09:43.945+0000] {processor.py:161} INFO - Started process (PID=1253) to work on /home/airflow/.local/lib/python3.12/site-packages/airflow/example_dags/example_short_circuit_decorator.py
[2024-12-18T10:09:43.946+0000] {processor.py:830} INFO - Processing file /home/airflow/.local/lib/python3.12/site-packages/airflow/example_dags/example_short_circuit_decorator.py for tasks to queue
[2024-12-18T10:09:43.950+0000] {logging_mixin.py:188} INFO - [2024-12-18T10:09:43.949+0000] {dagbag.py:545} INFO - Filling up the DagBag from /home/airflow/.local/lib/python3.12/site-packages/airflow/example_dags/example_short_circuit_decorator.py
[2024-12-18T10:09:43.961+0000] {processor.py:840} INFO - DAG(s) 'example_short_circuit_decorator' retrieved from /home/airflow/.local/lib/python3.12/site-packages/airflow/example_dags/example_short_circuit_decorator.py
[2024-12-18T10:09:43.990+0000] {logging_mixin.py:188} INFO - [2024-12-18T10:09:43.990+0000] {dag.py:3096} INFO - Sync 1 DAGs
[2024-12-18T10:09:44.017+0000] {logging_mixin.py:188} INFO - [2024-12-18T10:09:44.016+0000] {dag.py:3954} INFO - Setting next_dagrun for example_short_circuit_decorator to 2024-12-17 00:00:00+00:00, run_after=2024-12-18 00:00:00+00:00
[2024-12-18T10:09:44.044+0000] {processor.py:183} INFO - Processing /home/airflow/.local/lib/python3.12/site-packages/airflow/example_dags/example_short_circuit_decorator.py took 0.105 seconds
[2024-12-18T10:10:14.281+0000] {processor.py:161} INFO - Started process (PID=1311) to work on /home/airflow/.local/lib/python3.12/site-packages/airflow/example_dags/example_short_circuit_decorator.py
[2024-12-18T10:10:14.282+0000] {processor.py:830} INFO - Processing file /home/airflow/.local/lib/python3.12/site-packages/airflow/example_dags/example_short_circuit_decorator.py for tasks to queue
[2024-12-18T10:10:14.285+0000] {logging_mixin.py:188} INFO - [2024-12-18T10:10:14.284+0000] {dagbag.py:545} INFO - Filling up the DagBag from /home/airflow/.local/lib/python3.12/site-packages/airflow/example_dags/example_short_circuit_decorator.py
[2024-12-18T10:10:14.293+0000] {processor.py:840} INFO - DAG(s) 'example_short_circuit_decorator' retrieved from /home/airflow/.local/lib/python3.12/site-packages/airflow/example_dags/example_short_circuit_decorator.py
[2024-12-18T10:10:14.322+0000] {logging_mixin.py:188} INFO - [2024-12-18T10:10:14.321+0000] {dag.py:3096} INFO - Sync 1 DAGs
[2024-12-18T10:10:14.351+0000] {logging_mixin.py:188} INFO - [2024-12-18T10:10:14.351+0000] {dag.py:3954} INFO - Setting next_dagrun for example_short_circuit_decorator to 2024-12-17 00:00:00+00:00, run_after=2024-12-18 00:00:00+00:00
[2024-12-18T10:10:14.377+0000] {processor.py:183} INFO - Processing /home/airflow/.local/lib/python3.12/site-packages/airflow/example_dags/example_short_circuit_decorator.py took 0.101 seconds
[2024-12-18T10:10:45.052+0000] {processor.py:161} INFO - Started process (PID=1369) to work on /home/airflow/.local/lib/python3.12/site-packages/airflow/example_dags/example_short_circuit_decorator.py
[2024-12-18T10:10:45.070+0000] {processor.py:830} INFO - Processing file /home/airflow/.local/lib/python3.12/site-packages/airflow/example_dags/example_short_circuit_decorator.py for tasks to queue
[2024-12-18T10:10:45.078+0000] {logging_mixin.py:188} INFO - [2024-12-18T10:10:45.074+0000] {dagbag.py:545} INFO - Filling up the DagBag from /home/airflow/.local/lib/python3.12/site-packages/airflow/example_dags/example_short_circuit_decorator.py
[2024-12-18T10:10:45.105+0000] {processor.py:840} INFO - DAG(s) 'example_short_circuit_decorator' retrieved from /home/airflow/.local/lib/python3.12/site-packages/airflow/example_dags/example_short_circuit_decorator.py
[2024-12-18T10:10:45.165+0000] {logging_mixin.py:188} INFO - [2024-12-18T10:10:45.164+0000] {dag.py:3096} INFO - Sync 1 DAGs
[2024-12-18T10:10:45.244+0000] {logging_mixin.py:188} INFO - [2024-12-18T10:10:45.243+0000] {dag.py:3954} INFO - Setting next_dagrun for example_short_circuit_decorator to 2024-12-17 00:00:00+00:00, run_after=2024-12-18 00:00:00+00:00
[2024-12-18T10:10:45.368+0000] {processor.py:183} INFO - Processing /home/airflow/.local/lib/python3.12/site-packages/airflow/example_dags/example_short_circuit_decorator.py took 0.334 seconds
