[2024-12-18T09:59:34.388+0000] {processor.py:161} INFO - Started process (PID=89) to work on /home/airflow/.local/lib/python3.12/site-packages/airflow/example_dags/example_sensors.py
[2024-12-18T09:59:34.390+0000] {processor.py:830} INFO - Processing file /home/airflow/.local/lib/python3.12/site-packages/airflow/example_dags/example_sensors.py for tasks to queue
[2024-12-18T09:59:34.406+0000] {logging_mixin.py:188} INFO - [2024-12-18T09:59:34.405+0000] {dagbag.py:545} INFO - Filling up the DagBag from /home/airflow/.local/lib/python3.12/site-packages/airflow/example_dags/example_sensors.py
[2024-12-18T09:59:34.452+0000] {processor.py:840} INFO - DAG(s) 'example_sensors' retrieved from /home/airflow/.local/lib/python3.12/site-packages/airflow/example_dags/example_sensors.py
[2024-12-18T09:59:34.733+0000] {logging_mixin.py:188} INFO - [2024-12-18T09:59:34.731+0000] {override.py:1829} INFO - Created Permission View: can delete on DAG:example_sensors
[2024-12-18T09:59:34.757+0000] {logging_mixin.py:188} INFO - [2024-12-18T09:59:34.756+0000] {override.py:1829} INFO - Created Permission View: can read on DAG:example_sensors
[2024-12-18T09:59:34.785+0000] {logging_mixin.py:188} INFO - [2024-12-18T09:59:34.784+0000] {override.py:1829} INFO - Created Permission View: can edit on DAG:example_sensors
[2024-12-18T09:59:34.787+0000] {logging_mixin.py:188} INFO - [2024-12-18T09:59:34.786+0000] {dag.py:3096} INFO - Sync 1 DAGs
[2024-12-18T09:59:34.836+0000] {logging_mixin.py:188} INFO - [2024-12-18T09:59:34.836+0000] {dag.py:3118} INFO - Creating ORM DAG for example_sensors
[2024-12-18T09:59:34.838+0000] {logging_mixin.py:188} INFO - [2024-12-18T09:59:34.837+0000] {dag.py:3954} INFO - Setting next_dagrun for example_sensors to None, run_after=None
[2024-12-18T09:59:34.883+0000] {processor.py:183} INFO - Processing /home/airflow/.local/lib/python3.12/site-packages/airflow/example_dags/example_sensors.py took 0.511 seconds
[2024-12-18T10:00:05.656+0000] {processor.py:161} INFO - Started process (PID=147) to work on /home/airflow/.local/lib/python3.12/site-packages/airflow/example_dags/example_sensors.py
[2024-12-18T10:00:05.657+0000] {processor.py:830} INFO - Processing file /home/airflow/.local/lib/python3.12/site-packages/airflow/example_dags/example_sensors.py for tasks to queue
[2024-12-18T10:00:05.660+0000] {logging_mixin.py:188} INFO - [2024-12-18T10:00:05.659+0000] {dagbag.py:545} INFO - Filling up the DagBag from /home/airflow/.local/lib/python3.12/site-packages/airflow/example_dags/example_sensors.py
[2024-12-18T10:00:05.669+0000] {processor.py:840} INFO - DAG(s) 'example_sensors' retrieved from /home/airflow/.local/lib/python3.12/site-packages/airflow/example_dags/example_sensors.py
[2024-12-18T10:00:05.698+0000] {logging_mixin.py:188} INFO - [2024-12-18T10:00:05.697+0000] {dag.py:3096} INFO - Sync 1 DAGs
[2024-12-18T10:00:05.711+0000] {logging_mixin.py:188} INFO - [2024-12-18T10:00:05.711+0000] {dag.py:3954} INFO - Setting next_dagrun for example_sensors to None, run_after=None
[2024-12-18T10:00:05.739+0000] {processor.py:183} INFO - Processing /home/airflow/.local/lib/python3.12/site-packages/airflow/example_dags/example_sensors.py took 0.088 seconds
[2024-12-18T10:00:36.577+0000] {processor.py:161} INFO - Started process (PID=205) to work on /home/airflow/.local/lib/python3.12/site-packages/airflow/example_dags/example_sensors.py
[2024-12-18T10:00:36.579+0000] {processor.py:830} INFO - Processing file /home/airflow/.local/lib/python3.12/site-packages/airflow/example_dags/example_sensors.py for tasks to queue
[2024-12-18T10:00:36.581+0000] {logging_mixin.py:188} INFO - [2024-12-18T10:00:36.581+0000] {dagbag.py:545} INFO - Filling up the DagBag from /home/airflow/.local/lib/python3.12/site-packages/airflow/example_dags/example_sensors.py
[2024-12-18T10:00:36.590+0000] {processor.py:840} INFO - DAG(s) 'example_sensors' retrieved from /home/airflow/.local/lib/python3.12/site-packages/airflow/example_dags/example_sensors.py
[2024-12-18T10:00:36.627+0000] {logging_mixin.py:188} INFO - [2024-12-18T10:00:36.627+0000] {dag.py:3096} INFO - Sync 1 DAGs
[2024-12-18T10:00:36.642+0000] {logging_mixin.py:188} INFO - [2024-12-18T10:00:36.641+0000] {dag.py:3954} INFO - Setting next_dagrun for example_sensors to None, run_after=None
[2024-12-18T10:00:36.671+0000] {processor.py:183} INFO - Processing /home/airflow/.local/lib/python3.12/site-packages/airflow/example_dags/example_sensors.py took 0.099 seconds
[2024-12-18T10:01:06.756+0000] {processor.py:161} INFO - Started process (PID=263) to work on /home/airflow/.local/lib/python3.12/site-packages/airflow/example_dags/example_sensors.py
[2024-12-18T10:01:06.758+0000] {processor.py:830} INFO - Processing file /home/airflow/.local/lib/python3.12/site-packages/airflow/example_dags/example_sensors.py for tasks to queue
[2024-12-18T10:01:06.760+0000] {logging_mixin.py:188} INFO - [2024-12-18T10:01:06.760+0000] {dagbag.py:545} INFO - Filling up the DagBag from /home/airflow/.local/lib/python3.12/site-packages/airflow/example_dags/example_sensors.py
[2024-12-18T10:01:06.769+0000] {processor.py:840} INFO - DAG(s) 'example_sensors' retrieved from /home/airflow/.local/lib/python3.12/site-packages/airflow/example_dags/example_sensors.py
[2024-12-18T10:01:06.798+0000] {logging_mixin.py:188} INFO - [2024-12-18T10:01:06.798+0000] {dag.py:3096} INFO - Sync 1 DAGs
[2024-12-18T10:01:06.812+0000] {logging_mixin.py:188} INFO - [2024-12-18T10:01:06.811+0000] {dag.py:3954} INFO - Setting next_dagrun for example_sensors to None, run_after=None
[2024-12-18T10:01:06.841+0000] {processor.py:183} INFO - Processing /home/airflow/.local/lib/python3.12/site-packages/airflow/example_dags/example_sensors.py took 0.090 seconds
[2024-12-18T10:01:36.966+0000] {processor.py:161} INFO - Started process (PID=321) to work on /home/airflow/.local/lib/python3.12/site-packages/airflow/example_dags/example_sensors.py
[2024-12-18T10:01:36.968+0000] {processor.py:830} INFO - Processing file /home/airflow/.local/lib/python3.12/site-packages/airflow/example_dags/example_sensors.py for tasks to queue
[2024-12-18T10:01:36.971+0000] {logging_mixin.py:188} INFO - [2024-12-18T10:01:36.970+0000] {dagbag.py:545} INFO - Filling up the DagBag from /home/airflow/.local/lib/python3.12/site-packages/airflow/example_dags/example_sensors.py
[2024-12-18T10:01:37.001+0000] {processor.py:840} INFO - DAG(s) 'example_sensors' retrieved from /home/airflow/.local/lib/python3.12/site-packages/airflow/example_dags/example_sensors.py
[2024-12-18T10:01:37.040+0000] {logging_mixin.py:188} INFO - [2024-12-18T10:01:37.040+0000] {dag.py:3096} INFO - Sync 1 DAGs
[2024-12-18T10:01:37.055+0000] {logging_mixin.py:188} INFO - [2024-12-18T10:01:37.055+0000] {dag.py:3954} INFO - Setting next_dagrun for example_sensors to None, run_after=None
[2024-12-18T10:01:37.082+0000] {processor.py:183} INFO - Processing /home/airflow/.local/lib/python3.12/site-packages/airflow/example_dags/example_sensors.py took 0.124 seconds
[2024-12-18T10:02:07.345+0000] {processor.py:161} INFO - Started process (PID=379) to work on /home/airflow/.local/lib/python3.12/site-packages/airflow/example_dags/example_sensors.py
[2024-12-18T10:02:07.346+0000] {processor.py:830} INFO - Processing file /home/airflow/.local/lib/python3.12/site-packages/airflow/example_dags/example_sensors.py for tasks to queue
[2024-12-18T10:02:07.348+0000] {logging_mixin.py:188} INFO - [2024-12-18T10:02:07.348+0000] {dagbag.py:545} INFO - Filling up the DagBag from /home/airflow/.local/lib/python3.12/site-packages/airflow/example_dags/example_sensors.py
[2024-12-18T10:02:07.358+0000] {processor.py:840} INFO - DAG(s) 'example_sensors' retrieved from /home/airflow/.local/lib/python3.12/site-packages/airflow/example_dags/example_sensors.py
[2024-12-18T10:02:07.393+0000] {logging_mixin.py:188} INFO - [2024-12-18T10:02:07.393+0000] {dag.py:3096} INFO - Sync 1 DAGs
[2024-12-18T10:02:07.409+0000] {logging_mixin.py:188} INFO - [2024-12-18T10:02:07.408+0000] {dag.py:3954} INFO - Setting next_dagrun for example_sensors to None, run_after=None
[2024-12-18T10:02:07.439+0000] {processor.py:183} INFO - Processing /home/airflow/.local/lib/python3.12/site-packages/airflow/example_dags/example_sensors.py took 0.100 seconds
[2024-12-18T10:02:37.646+0000] {processor.py:161} INFO - Started process (PID=436) to work on /home/airflow/.local/lib/python3.12/site-packages/airflow/example_dags/example_sensors.py
[2024-12-18T10:02:37.647+0000] {processor.py:830} INFO - Processing file /home/airflow/.local/lib/python3.12/site-packages/airflow/example_dags/example_sensors.py for tasks to queue
[2024-12-18T10:02:37.649+0000] {logging_mixin.py:188} INFO - [2024-12-18T10:02:37.649+0000] {dagbag.py:545} INFO - Filling up the DagBag from /home/airflow/.local/lib/python3.12/site-packages/airflow/example_dags/example_sensors.py
[2024-12-18T10:02:37.659+0000] {processor.py:840} INFO - DAG(s) 'example_sensors' retrieved from /home/airflow/.local/lib/python3.12/site-packages/airflow/example_dags/example_sensors.py
[2024-12-18T10:02:37.687+0000] {logging_mixin.py:188} INFO - [2024-12-18T10:02:37.687+0000] {dag.py:3096} INFO - Sync 1 DAGs
[2024-12-18T10:02:37.700+0000] {logging_mixin.py:188} INFO - [2024-12-18T10:02:37.700+0000] {dag.py:3954} INFO - Setting next_dagrun for example_sensors to None, run_after=None
[2024-12-18T10:02:37.727+0000] {processor.py:183} INFO - Processing /home/airflow/.local/lib/python3.12/site-packages/airflow/example_dags/example_sensors.py took 0.086 seconds
[2024-12-18T10:03:07.908+0000] {processor.py:161} INFO - Started process (PID=494) to work on /home/airflow/.local/lib/python3.12/site-packages/airflow/example_dags/example_sensors.py
[2024-12-18T10:03:07.909+0000] {processor.py:830} INFO - Processing file /home/airflow/.local/lib/python3.12/site-packages/airflow/example_dags/example_sensors.py for tasks to queue
[2024-12-18T10:03:07.911+0000] {logging_mixin.py:188} INFO - [2024-12-18T10:03:07.910+0000] {dagbag.py:545} INFO - Filling up the DagBag from /home/airflow/.local/lib/python3.12/site-packages/airflow/example_dags/example_sensors.py
[2024-12-18T10:03:07.918+0000] {processor.py:840} INFO - DAG(s) 'example_sensors' retrieved from /home/airflow/.local/lib/python3.12/site-packages/airflow/example_dags/example_sensors.py
[2024-12-18T10:03:07.946+0000] {logging_mixin.py:188} INFO - [2024-12-18T10:03:07.946+0000] {dag.py:3096} INFO - Sync 1 DAGs
[2024-12-18T10:03:07.958+0000] {logging_mixin.py:188} INFO - [2024-12-18T10:03:07.958+0000] {dag.py:3954} INFO - Setting next_dagrun for example_sensors to None, run_after=None
[2024-12-18T10:03:07.984+0000] {processor.py:183} INFO - Processing /home/airflow/.local/lib/python3.12/site-packages/airflow/example_dags/example_sensors.py took 0.081 seconds
[2024-12-18T10:03:38.304+0000] {processor.py:161} INFO - Started process (PID=552) to work on /home/airflow/.local/lib/python3.12/site-packages/airflow/example_dags/example_sensors.py
[2024-12-18T10:03:38.306+0000] {processor.py:830} INFO - Processing file /home/airflow/.local/lib/python3.12/site-packages/airflow/example_dags/example_sensors.py for tasks to queue
[2024-12-18T10:03:38.308+0000] {logging_mixin.py:188} INFO - [2024-12-18T10:03:38.307+0000] {dagbag.py:545} INFO - Filling up the DagBag from /home/airflow/.local/lib/python3.12/site-packages/airflow/example_dags/example_sensors.py
[2024-12-18T10:03:38.316+0000] {processor.py:840} INFO - DAG(s) 'example_sensors' retrieved from /home/airflow/.local/lib/python3.12/site-packages/airflow/example_dags/example_sensors.py
[2024-12-18T10:03:38.343+0000] {logging_mixin.py:188} INFO - [2024-12-18T10:03:38.342+0000] {dag.py:3096} INFO - Sync 1 DAGs
[2024-12-18T10:03:38.356+0000] {logging_mixin.py:188} INFO - [2024-12-18T10:03:38.356+0000] {dag.py:3954} INFO - Setting next_dagrun for example_sensors to None, run_after=None
[2024-12-18T10:03:38.382+0000] {processor.py:183} INFO - Processing /home/airflow/.local/lib/python3.12/site-packages/airflow/example_dags/example_sensors.py took 0.082 seconds
[2024-12-18T10:04:08.781+0000] {processor.py:161} INFO - Started process (PID=611) to work on /home/airflow/.local/lib/python3.12/site-packages/airflow/example_dags/example_sensors.py
[2024-12-18T10:04:08.782+0000] {processor.py:830} INFO - Processing file /home/airflow/.local/lib/python3.12/site-packages/airflow/example_dags/example_sensors.py for tasks to queue
[2024-12-18T10:04:08.785+0000] {logging_mixin.py:188} INFO - [2024-12-18T10:04:08.785+0000] {dagbag.py:545} INFO - Filling up the DagBag from /home/airflow/.local/lib/python3.12/site-packages/airflow/example_dags/example_sensors.py
[2024-12-18T10:04:08.795+0000] {processor.py:840} INFO - DAG(s) 'example_sensors' retrieved from /home/airflow/.local/lib/python3.12/site-packages/airflow/example_dags/example_sensors.py
[2024-12-18T10:04:08.827+0000] {logging_mixin.py:188} INFO - [2024-12-18T10:04:08.827+0000] {dag.py:3096} INFO - Sync 1 DAGs
[2024-12-18T10:04:08.842+0000] {logging_mixin.py:188} INFO - [2024-12-18T10:04:08.842+0000] {dag.py:3954} INFO - Setting next_dagrun for example_sensors to None, run_after=None
[2024-12-18T10:04:08.872+0000] {processor.py:183} INFO - Processing /home/airflow/.local/lib/python3.12/site-packages/airflow/example_dags/example_sensors.py took 0.097 seconds
[2024-12-18T10:04:38.939+0000] {processor.py:161} INFO - Started process (PID=668) to work on /home/airflow/.local/lib/python3.12/site-packages/airflow/example_dags/example_sensors.py
[2024-12-18T10:04:38.940+0000] {processor.py:830} INFO - Processing file /home/airflow/.local/lib/python3.12/site-packages/airflow/example_dags/example_sensors.py for tasks to queue
[2024-12-18T10:04:38.942+0000] {logging_mixin.py:188} INFO - [2024-12-18T10:04:38.942+0000] {dagbag.py:545} INFO - Filling up the DagBag from /home/airflow/.local/lib/python3.12/site-packages/airflow/example_dags/example_sensors.py
[2024-12-18T10:04:38.951+0000] {processor.py:840} INFO - DAG(s) 'example_sensors' retrieved from /home/airflow/.local/lib/python3.12/site-packages/airflow/example_dags/example_sensors.py
[2024-12-18T10:04:38.986+0000] {logging_mixin.py:188} INFO - [2024-12-18T10:04:38.986+0000] {dag.py:3096} INFO - Sync 1 DAGs
[2024-12-18T10:04:39.001+0000] {logging_mixin.py:188} INFO - [2024-12-18T10:04:39.000+0000] {dag.py:3954} INFO - Setting next_dagrun for example_sensors to None, run_after=None
[2024-12-18T10:04:39.029+0000] {processor.py:183} INFO - Processing /home/airflow/.local/lib/python3.12/site-packages/airflow/example_dags/example_sensors.py took 0.095 seconds
[2024-12-18T10:05:09.241+0000] {processor.py:161} INFO - Started process (PID=726) to work on /home/airflow/.local/lib/python3.12/site-packages/airflow/example_dags/example_sensors.py
[2024-12-18T10:05:09.242+0000] {processor.py:830} INFO - Processing file /home/airflow/.local/lib/python3.12/site-packages/airflow/example_dags/example_sensors.py for tasks to queue
[2024-12-18T10:05:09.245+0000] {logging_mixin.py:188} INFO - [2024-12-18T10:05:09.244+0000] {dagbag.py:545} INFO - Filling up the DagBag from /home/airflow/.local/lib/python3.12/site-packages/airflow/example_dags/example_sensors.py
[2024-12-18T10:05:09.253+0000] {processor.py:840} INFO - DAG(s) 'example_sensors' retrieved from /home/airflow/.local/lib/python3.12/site-packages/airflow/example_dags/example_sensors.py
[2024-12-18T10:05:09.282+0000] {logging_mixin.py:188} INFO - [2024-12-18T10:05:09.281+0000] {dag.py:3096} INFO - Sync 1 DAGs
[2024-12-18T10:05:09.295+0000] {logging_mixin.py:188} INFO - [2024-12-18T10:05:09.295+0000] {dag.py:3954} INFO - Setting next_dagrun for example_sensors to None, run_after=None
[2024-12-18T10:05:09.321+0000] {processor.py:183} INFO - Processing /home/airflow/.local/lib/python3.12/site-packages/airflow/example_dags/example_sensors.py took 0.085 seconds
[2024-12-18T10:05:39.794+0000] {processor.py:161} INFO - Started process (PID=784) to work on /home/airflow/.local/lib/python3.12/site-packages/airflow/example_dags/example_sensors.py
[2024-12-18T10:05:39.795+0000] {processor.py:830} INFO - Processing file /home/airflow/.local/lib/python3.12/site-packages/airflow/example_dags/example_sensors.py for tasks to queue
[2024-12-18T10:05:39.797+0000] {logging_mixin.py:188} INFO - [2024-12-18T10:05:39.797+0000] {dagbag.py:545} INFO - Filling up the DagBag from /home/airflow/.local/lib/python3.12/site-packages/airflow/example_dags/example_sensors.py
[2024-12-18T10:05:39.805+0000] {processor.py:840} INFO - DAG(s) 'example_sensors' retrieved from /home/airflow/.local/lib/python3.12/site-packages/airflow/example_dags/example_sensors.py
[2024-12-18T10:05:39.835+0000] {logging_mixin.py:188} INFO - [2024-12-18T10:05:39.835+0000] {dag.py:3096} INFO - Sync 1 DAGs
[2024-12-18T10:05:39.849+0000] {logging_mixin.py:188} INFO - [2024-12-18T10:05:39.849+0000] {dag.py:3954} INFO - Setting next_dagrun for example_sensors to None, run_after=None
[2024-12-18T10:05:39.873+0000] {processor.py:183} INFO - Processing /home/airflow/.local/lib/python3.12/site-packages/airflow/example_dags/example_sensors.py took 0.084 seconds
[2024-12-18T10:06:10.065+0000] {processor.py:161} INFO - Started process (PID=842) to work on /home/airflow/.local/lib/python3.12/site-packages/airflow/example_dags/example_sensors.py
[2024-12-18T10:06:10.067+0000] {processor.py:830} INFO - Processing file /home/airflow/.local/lib/python3.12/site-packages/airflow/example_dags/example_sensors.py for tasks to queue
[2024-12-18T10:06:10.069+0000] {logging_mixin.py:188} INFO - [2024-12-18T10:06:10.069+0000] {dagbag.py:545} INFO - Filling up the DagBag from /home/airflow/.local/lib/python3.12/site-packages/airflow/example_dags/example_sensors.py
[2024-12-18T10:06:10.077+0000] {processor.py:840} INFO - DAG(s) 'example_sensors' retrieved from /home/airflow/.local/lib/python3.12/site-packages/airflow/example_dags/example_sensors.py
[2024-12-18T10:06:10.107+0000] {logging_mixin.py:188} INFO - [2024-12-18T10:06:10.107+0000] {dag.py:3096} INFO - Sync 1 DAGs
[2024-12-18T10:06:10.121+0000] {logging_mixin.py:188} INFO - [2024-12-18T10:06:10.120+0000] {dag.py:3954} INFO - Setting next_dagrun for example_sensors to None, run_after=None
[2024-12-18T10:06:10.146+0000] {processor.py:183} INFO - Processing /home/airflow/.local/lib/python3.12/site-packages/airflow/example_dags/example_sensors.py took 0.086 seconds
[2024-12-18T10:06:40.534+0000] {processor.py:161} INFO - Started process (PID=900) to work on /home/airflow/.local/lib/python3.12/site-packages/airflow/example_dags/example_sensors.py
[2024-12-18T10:06:40.535+0000] {processor.py:830} INFO - Processing file /home/airflow/.local/lib/python3.12/site-packages/airflow/example_dags/example_sensors.py for tasks to queue
[2024-12-18T10:06:40.538+0000] {logging_mixin.py:188} INFO - [2024-12-18T10:06:40.538+0000] {dagbag.py:545} INFO - Filling up the DagBag from /home/airflow/.local/lib/python3.12/site-packages/airflow/example_dags/example_sensors.py
[2024-12-18T10:06:40.552+0000] {processor.py:840} INFO - DAG(s) 'example_sensors' retrieved from /home/airflow/.local/lib/python3.12/site-packages/airflow/example_dags/example_sensors.py
[2024-12-18T10:06:40.594+0000] {logging_mixin.py:188} INFO - [2024-12-18T10:06:40.594+0000] {dag.py:3096} INFO - Sync 1 DAGs
[2024-12-18T10:06:40.615+0000] {logging_mixin.py:188} INFO - [2024-12-18T10:06:40.614+0000] {dag.py:3954} INFO - Setting next_dagrun for example_sensors to None, run_after=None
[2024-12-18T10:06:40.640+0000] {processor.py:183} INFO - Processing /home/airflow/.local/lib/python3.12/site-packages/airflow/example_dags/example_sensors.py took 0.113 seconds
[2024-12-18T10:07:11.034+0000] {processor.py:161} INFO - Started process (PID=958) to work on /home/airflow/.local/lib/python3.12/site-packages/airflow/example_dags/example_sensors.py
[2024-12-18T10:07:11.035+0000] {processor.py:830} INFO - Processing file /home/airflow/.local/lib/python3.12/site-packages/airflow/example_dags/example_sensors.py for tasks to queue
[2024-12-18T10:07:11.038+0000] {logging_mixin.py:188} INFO - [2024-12-18T10:07:11.037+0000] {dagbag.py:545} INFO - Filling up the DagBag from /home/airflow/.local/lib/python3.12/site-packages/airflow/example_dags/example_sensors.py
[2024-12-18T10:07:11.047+0000] {processor.py:840} INFO - DAG(s) 'example_sensors' retrieved from /home/airflow/.local/lib/python3.12/site-packages/airflow/example_dags/example_sensors.py
[2024-12-18T10:07:11.076+0000] {logging_mixin.py:188} INFO - [2024-12-18T10:07:11.075+0000] {dag.py:3096} INFO - Sync 1 DAGs
[2024-12-18T10:07:11.092+0000] {logging_mixin.py:188} INFO - [2024-12-18T10:07:11.092+0000] {dag.py:3954} INFO - Setting next_dagrun for example_sensors to None, run_after=None
[2024-12-18T10:07:11.120+0000] {processor.py:183} INFO - Processing /home/airflow/.local/lib/python3.12/site-packages/airflow/example_dags/example_sensors.py took 0.092 seconds
[2024-12-18T10:07:41.459+0000] {processor.py:161} INFO - Started process (PID=1016) to work on /home/airflow/.local/lib/python3.12/site-packages/airflow/example_dags/example_sensors.py
[2024-12-18T10:07:41.460+0000] {processor.py:830} INFO - Processing file /home/airflow/.local/lib/python3.12/site-packages/airflow/example_dags/example_sensors.py for tasks to queue
[2024-12-18T10:07:41.463+0000] {logging_mixin.py:188} INFO - [2024-12-18T10:07:41.463+0000] {dagbag.py:545} INFO - Filling up the DagBag from /home/airflow/.local/lib/python3.12/site-packages/airflow/example_dags/example_sensors.py
[2024-12-18T10:07:41.471+0000] {processor.py:840} INFO - DAG(s) 'example_sensors' retrieved from /home/airflow/.local/lib/python3.12/site-packages/airflow/example_dags/example_sensors.py
[2024-12-18T10:07:41.499+0000] {logging_mixin.py:188} INFO - [2024-12-18T10:07:41.498+0000] {dag.py:3096} INFO - Sync 1 DAGs
[2024-12-18T10:07:41.512+0000] {logging_mixin.py:188} INFO - [2024-12-18T10:07:41.512+0000] {dag.py:3954} INFO - Setting next_dagrun for example_sensors to None, run_after=None
[2024-12-18T10:07:41.538+0000] {processor.py:183} INFO - Processing /home/airflow/.local/lib/python3.12/site-packages/airflow/example_dags/example_sensors.py took 0.084 seconds
[2024-12-18T10:08:11.784+0000] {processor.py:161} INFO - Started process (PID=1074) to work on /home/airflow/.local/lib/python3.12/site-packages/airflow/example_dags/example_sensors.py
[2024-12-18T10:08:11.785+0000] {processor.py:830} INFO - Processing file /home/airflow/.local/lib/python3.12/site-packages/airflow/example_dags/example_sensors.py for tasks to queue
[2024-12-18T10:08:11.788+0000] {logging_mixin.py:188} INFO - [2024-12-18T10:08:11.788+0000] {dagbag.py:545} INFO - Filling up the DagBag from /home/airflow/.local/lib/python3.12/site-packages/airflow/example_dags/example_sensors.py
[2024-12-18T10:08:11.798+0000] {processor.py:840} INFO - DAG(s) 'example_sensors' retrieved from /home/airflow/.local/lib/python3.12/site-packages/airflow/example_dags/example_sensors.py
[2024-12-18T10:08:11.825+0000] {logging_mixin.py:188} INFO - [2024-12-18T10:08:11.825+0000] {dag.py:3096} INFO - Sync 1 DAGs
[2024-12-18T10:08:11.840+0000] {logging_mixin.py:188} INFO - [2024-12-18T10:08:11.839+0000] {dag.py:3954} INFO - Setting next_dagrun for example_sensors to None, run_after=None
[2024-12-18T10:08:11.866+0000] {processor.py:183} INFO - Processing /home/airflow/.local/lib/python3.12/site-packages/airflow/example_dags/example_sensors.py took 0.087 seconds
[2024-12-18T10:08:41.931+0000] {processor.py:161} INFO - Started process (PID=1132) to work on /home/airflow/.local/lib/python3.12/site-packages/airflow/example_dags/example_sensors.py
[2024-12-18T10:08:41.932+0000] {processor.py:830} INFO - Processing file /home/airflow/.local/lib/python3.12/site-packages/airflow/example_dags/example_sensors.py for tasks to queue
[2024-12-18T10:08:41.935+0000] {logging_mixin.py:188} INFO - [2024-12-18T10:08:41.934+0000] {dagbag.py:545} INFO - Filling up the DagBag from /home/airflow/.local/lib/python3.12/site-packages/airflow/example_dags/example_sensors.py
[2024-12-18T10:08:41.943+0000] {processor.py:840} INFO - DAG(s) 'example_sensors' retrieved from /home/airflow/.local/lib/python3.12/site-packages/airflow/example_dags/example_sensors.py
[2024-12-18T10:08:41.971+0000] {logging_mixin.py:188} INFO - [2024-12-18T10:08:41.971+0000] {dag.py:3096} INFO - Sync 1 DAGs
[2024-12-18T10:08:41.984+0000] {logging_mixin.py:188} INFO - [2024-12-18T10:08:41.984+0000] {dag.py:3954} INFO - Setting next_dagrun for example_sensors to None, run_after=None
[2024-12-18T10:08:42.010+0000] {processor.py:183} INFO - Processing /home/airflow/.local/lib/python3.12/site-packages/airflow/example_dags/example_sensors.py took 0.085 seconds
[2024-12-18T10:09:12.180+0000] {processor.py:161} INFO - Started process (PID=1190) to work on /home/airflow/.local/lib/python3.12/site-packages/airflow/example_dags/example_sensors.py
[2024-12-18T10:09:12.181+0000] {processor.py:830} INFO - Processing file /home/airflow/.local/lib/python3.12/site-packages/airflow/example_dags/example_sensors.py for tasks to queue
[2024-12-18T10:09:12.183+0000] {logging_mixin.py:188} INFO - [2024-12-18T10:09:12.183+0000] {dagbag.py:545} INFO - Filling up the DagBag from /home/airflow/.local/lib/python3.12/site-packages/airflow/example_dags/example_sensors.py
[2024-12-18T10:09:12.194+0000] {processor.py:840} INFO - DAG(s) 'example_sensors' retrieved from /home/airflow/.local/lib/python3.12/site-packages/airflow/example_dags/example_sensors.py
[2024-12-18T10:09:12.230+0000] {logging_mixin.py:188} INFO - [2024-12-18T10:09:12.229+0000] {dag.py:3096} INFO - Sync 1 DAGs
[2024-12-18T10:09:12.244+0000] {logging_mixin.py:188} INFO - [2024-12-18T10:09:12.244+0000] {dag.py:3954} INFO - Setting next_dagrun for example_sensors to None, run_after=None
[2024-12-18T10:09:12.274+0000] {processor.py:183} INFO - Processing /home/airflow/.local/lib/python3.12/site-packages/airflow/example_dags/example_sensors.py took 0.100 seconds
[2024-12-18T10:09:42.653+0000] {processor.py:161} INFO - Started process (PID=1248) to work on /home/airflow/.local/lib/python3.12/site-packages/airflow/example_dags/example_sensors.py
[2024-12-18T10:09:42.654+0000] {processor.py:830} INFO - Processing file /home/airflow/.local/lib/python3.12/site-packages/airflow/example_dags/example_sensors.py for tasks to queue
[2024-12-18T10:09:42.656+0000] {logging_mixin.py:188} INFO - [2024-12-18T10:09:42.656+0000] {dagbag.py:545} INFO - Filling up the DagBag from /home/airflow/.local/lib/python3.12/site-packages/airflow/example_dags/example_sensors.py
[2024-12-18T10:09:42.665+0000] {processor.py:840} INFO - DAG(s) 'example_sensors' retrieved from /home/airflow/.local/lib/python3.12/site-packages/airflow/example_dags/example_sensors.py
[2024-12-18T10:09:42.695+0000] {logging_mixin.py:188} INFO - [2024-12-18T10:09:42.695+0000] {dag.py:3096} INFO - Sync 1 DAGs
[2024-12-18T10:09:42.708+0000] {logging_mixin.py:188} INFO - [2024-12-18T10:09:42.707+0000] {dag.py:3954} INFO - Setting next_dagrun for example_sensors to None, run_after=None
[2024-12-18T10:09:42.736+0000] {processor.py:183} INFO - Processing /home/airflow/.local/lib/python3.12/site-packages/airflow/example_dags/example_sensors.py took 0.088 seconds
[2024-12-18T10:10:12.976+0000] {processor.py:161} INFO - Started process (PID=1306) to work on /home/airflow/.local/lib/python3.12/site-packages/airflow/example_dags/example_sensors.py
[2024-12-18T10:10:12.977+0000] {processor.py:830} INFO - Processing file /home/airflow/.local/lib/python3.12/site-packages/airflow/example_dags/example_sensors.py for tasks to queue
[2024-12-18T10:10:12.980+0000] {logging_mixin.py:188} INFO - [2024-12-18T10:10:12.979+0000] {dagbag.py:545} INFO - Filling up the DagBag from /home/airflow/.local/lib/python3.12/site-packages/airflow/example_dags/example_sensors.py
[2024-12-18T10:10:12.989+0000] {processor.py:840} INFO - DAG(s) 'example_sensors' retrieved from /home/airflow/.local/lib/python3.12/site-packages/airflow/example_dags/example_sensors.py
[2024-12-18T10:10:13.016+0000] {logging_mixin.py:188} INFO - [2024-12-18T10:10:13.015+0000] {dag.py:3096} INFO - Sync 1 DAGs
[2024-12-18T10:10:13.029+0000] {logging_mixin.py:188} INFO - [2024-12-18T10:10:13.029+0000] {dag.py:3954} INFO - Setting next_dagrun for example_sensors to None, run_after=None
[2024-12-18T10:10:13.057+0000] {processor.py:183} INFO - Processing /home/airflow/.local/lib/python3.12/site-packages/airflow/example_dags/example_sensors.py took 0.086 seconds
[2024-12-18T10:10:43.486+0000] {processor.py:161} INFO - Started process (PID=1364) to work on /home/airflow/.local/lib/python3.12/site-packages/airflow/example_dags/example_sensors.py
[2024-12-18T10:10:43.488+0000] {processor.py:830} INFO - Processing file /home/airflow/.local/lib/python3.12/site-packages/airflow/example_dags/example_sensors.py for tasks to queue
[2024-12-18T10:10:43.490+0000] {logging_mixin.py:188} INFO - [2024-12-18T10:10:43.490+0000] {dagbag.py:545} INFO - Filling up the DagBag from /home/airflow/.local/lib/python3.12/site-packages/airflow/example_dags/example_sensors.py
[2024-12-18T10:10:43.499+0000] {processor.py:840} INFO - DAG(s) 'example_sensors' retrieved from /home/airflow/.local/lib/python3.12/site-packages/airflow/example_dags/example_sensors.py
[2024-12-18T10:10:43.526+0000] {logging_mixin.py:188} INFO - [2024-12-18T10:10:43.526+0000] {dag.py:3096} INFO - Sync 1 DAGs
[2024-12-18T10:10:43.540+0000] {logging_mixin.py:188} INFO - [2024-12-18T10:10:43.539+0000] {dag.py:3954} INFO - Setting next_dagrun for example_sensors to None, run_after=None
[2024-12-18T10:10:43.565+0000] {processor.py:183} INFO - Processing /home/airflow/.local/lib/python3.12/site-packages/airflow/example_dags/example_sensors.py took 0.084 seconds
