[2024-12-18T09:59:35.127+0000] {processor.py:161} INFO - Started process (PID=92) to work on /home/airflow/.local/lib/python3.12/site-packages/airflow/example_dags/example_complex.py
[2024-12-18T09:59:35.129+0000] {processor.py:830} INFO - Processing file /home/airflow/.local/lib/python3.12/site-packages/airflow/example_dags/example_complex.py for tasks to queue
[2024-12-18T09:59:35.132+0000] {logging_mixin.py:188} INFO - [2024-12-18T09:59:35.131+0000] {dagbag.py:545} INFO - Filling up the DagBag from /home/airflow/.local/lib/python3.12/site-packages/airflow/example_dags/example_complex.py
[2024-12-18T09:59:35.151+0000] {processor.py:840} INFO - DAG(s) 'example_complex' retrieved from /home/airflow/.local/lib/python3.12/site-packages/airflow/example_dags/example_complex.py
[2024-12-18T09:59:35.342+0000] {logging_mixin.py:188} INFO - [2024-12-18T09:59:35.341+0000] {override.py:1829} INFO - Created Permission View: can delete on DAG:example_complex
[2024-12-18T09:59:35.360+0000] {logging_mixin.py:188} INFO - [2024-12-18T09:59:35.359+0000] {override.py:1829} INFO - Created Permission View: can read on DAG:example_complex
[2024-12-18T09:59:35.373+0000] {logging_mixin.py:188} INFO - [2024-12-18T09:59:35.373+0000] {override.py:1829} INFO - Created Permission View: can edit on DAG:example_complex
[2024-12-18T09:59:35.374+0000] {logging_mixin.py:188} INFO - [2024-12-18T09:59:35.374+0000] {dag.py:3096} INFO - Sync 1 DAGs
[2024-12-18T09:59:35.396+0000] {logging_mixin.py:188} INFO - [2024-12-18T09:59:35.395+0000] {dag.py:3118} INFO - Creating ORM DAG for example_complex
[2024-12-18T09:59:35.398+0000] {logging_mixin.py:188} INFO - [2024-12-18T09:59:35.397+0000] {dag.py:3954} INFO - Setting next_dagrun for example_complex to None, run_after=None
[2024-12-18T09:59:35.434+0000] {processor.py:183} INFO - Processing /home/airflow/.local/lib/python3.12/site-packages/airflow/example_dags/example_complex.py took 0.317 seconds
[2024-12-18T10:00:05.803+0000] {processor.py:161} INFO - Started process (PID=150) to work on /home/airflow/.local/lib/python3.12/site-packages/airflow/example_dags/example_complex.py
[2024-12-18T10:00:05.804+0000] {processor.py:830} INFO - Processing file /home/airflow/.local/lib/python3.12/site-packages/airflow/example_dags/example_complex.py for tasks to queue
[2024-12-18T10:00:05.806+0000] {logging_mixin.py:188} INFO - [2024-12-18T10:00:05.806+0000] {dagbag.py:545} INFO - Filling up the DagBag from /home/airflow/.local/lib/python3.12/site-packages/airflow/example_dags/example_complex.py
[2024-12-18T10:00:05.817+0000] {processor.py:840} INFO - DAG(s) 'example_complex' retrieved from /home/airflow/.local/lib/python3.12/site-packages/airflow/example_dags/example_complex.py
[2024-12-18T10:00:05.859+0000] {logging_mixin.py:188} INFO - [2024-12-18T10:00:05.859+0000] {dag.py:3096} INFO - Sync 1 DAGs
[2024-12-18T10:00:05.874+0000] {logging_mixin.py:188} INFO - [2024-12-18T10:00:05.873+0000] {dag.py:3954} INFO - Setting next_dagrun for example_complex to None, run_after=None
[2024-12-18T10:00:05.904+0000] {processor.py:183} INFO - Processing /home/airflow/.local/lib/python3.12/site-packages/airflow/example_dags/example_complex.py took 0.107 seconds
[2024-12-18T10:00:36.737+0000] {processor.py:161} INFO - Started process (PID=208) to work on /home/airflow/.local/lib/python3.12/site-packages/airflow/example_dags/example_complex.py
[2024-12-18T10:00:36.739+0000] {processor.py:830} INFO - Processing file /home/airflow/.local/lib/python3.12/site-packages/airflow/example_dags/example_complex.py for tasks to queue
[2024-12-18T10:00:36.741+0000] {logging_mixin.py:188} INFO - [2024-12-18T10:00:36.741+0000] {dagbag.py:545} INFO - Filling up the DagBag from /home/airflow/.local/lib/python3.12/site-packages/airflow/example_dags/example_complex.py
[2024-12-18T10:00:36.756+0000] {processor.py:840} INFO - DAG(s) 'example_complex' retrieved from /home/airflow/.local/lib/python3.12/site-packages/airflow/example_dags/example_complex.py
[2024-12-18T10:00:36.797+0000] {logging_mixin.py:188} INFO - [2024-12-18T10:00:36.797+0000] {dag.py:3096} INFO - Sync 1 DAGs
[2024-12-18T10:00:36.812+0000] {logging_mixin.py:188} INFO - [2024-12-18T10:00:36.812+0000] {dag.py:3954} INFO - Setting next_dagrun for example_complex to None, run_after=None
[2024-12-18T10:00:36.840+0000] {processor.py:183} INFO - Processing /home/airflow/.local/lib/python3.12/site-packages/airflow/example_dags/example_complex.py took 0.109 seconds
[2024-12-18T10:01:06.905+0000] {processor.py:161} INFO - Started process (PID=266) to work on /home/airflow/.local/lib/python3.12/site-packages/airflow/example_dags/example_complex.py
[2024-12-18T10:01:06.906+0000] {processor.py:830} INFO - Processing file /home/airflow/.local/lib/python3.12/site-packages/airflow/example_dags/example_complex.py for tasks to queue
[2024-12-18T10:01:06.908+0000] {logging_mixin.py:188} INFO - [2024-12-18T10:01:06.908+0000] {dagbag.py:545} INFO - Filling up the DagBag from /home/airflow/.local/lib/python3.12/site-packages/airflow/example_dags/example_complex.py
[2024-12-18T10:01:06.920+0000] {processor.py:840} INFO - DAG(s) 'example_complex' retrieved from /home/airflow/.local/lib/python3.12/site-packages/airflow/example_dags/example_complex.py
[2024-12-18T10:01:06.966+0000] {logging_mixin.py:188} INFO - [2024-12-18T10:01:06.965+0000] {dag.py:3096} INFO - Sync 1 DAGs
[2024-12-18T10:01:06.983+0000] {logging_mixin.py:188} INFO - [2024-12-18T10:01:06.982+0000] {dag.py:3954} INFO - Setting next_dagrun for example_complex to None, run_after=None
[2024-12-18T10:01:07.015+0000] {processor.py:183} INFO - Processing /home/airflow/.local/lib/python3.12/site-packages/airflow/example_dags/example_complex.py took 0.117 seconds
[2024-12-18T10:01:37.315+0000] {processor.py:161} INFO - Started process (PID=324) to work on /home/airflow/.local/lib/python3.12/site-packages/airflow/example_dags/example_complex.py
[2024-12-18T10:01:37.316+0000] {processor.py:830} INFO - Processing file /home/airflow/.local/lib/python3.12/site-packages/airflow/example_dags/example_complex.py for tasks to queue
[2024-12-18T10:01:37.318+0000] {logging_mixin.py:188} INFO - [2024-12-18T10:01:37.318+0000] {dagbag.py:545} INFO - Filling up the DagBag from /home/airflow/.local/lib/python3.12/site-packages/airflow/example_dags/example_complex.py
[2024-12-18T10:01:37.330+0000] {processor.py:840} INFO - DAG(s) 'example_complex' retrieved from /home/airflow/.local/lib/python3.12/site-packages/airflow/example_dags/example_complex.py
[2024-12-18T10:01:37.366+0000] {logging_mixin.py:188} INFO - [2024-12-18T10:01:37.365+0000] {dag.py:3096} INFO - Sync 1 DAGs
[2024-12-18T10:01:37.380+0000] {logging_mixin.py:188} INFO - [2024-12-18T10:01:37.380+0000] {dag.py:3954} INFO - Setting next_dagrun for example_complex to None, run_after=None
[2024-12-18T10:01:37.407+0000] {processor.py:183} INFO - Processing /home/airflow/.local/lib/python3.12/site-packages/airflow/example_dags/example_complex.py took 0.098 seconds
[2024-12-18T10:02:07.670+0000] {processor.py:161} INFO - Started process (PID=382) to work on /home/airflow/.local/lib/python3.12/site-packages/airflow/example_dags/example_complex.py
[2024-12-18T10:02:07.671+0000] {processor.py:830} INFO - Processing file /home/airflow/.local/lib/python3.12/site-packages/airflow/example_dags/example_complex.py for tasks to queue
[2024-12-18T10:02:07.674+0000] {logging_mixin.py:188} INFO - [2024-12-18T10:02:07.673+0000] {dagbag.py:545} INFO - Filling up the DagBag from /home/airflow/.local/lib/python3.12/site-packages/airflow/example_dags/example_complex.py
[2024-12-18T10:02:07.684+0000] {processor.py:840} INFO - DAG(s) 'example_complex' retrieved from /home/airflow/.local/lib/python3.12/site-packages/airflow/example_dags/example_complex.py
[2024-12-18T10:02:07.720+0000] {logging_mixin.py:188} INFO - [2024-12-18T10:02:07.720+0000] {dag.py:3096} INFO - Sync 1 DAGs
[2024-12-18T10:02:07.734+0000] {logging_mixin.py:188} INFO - [2024-12-18T10:02:07.734+0000] {dag.py:3954} INFO - Setting next_dagrun for example_complex to None, run_after=None
[2024-12-18T10:02:07.762+0000] {processor.py:183} INFO - Processing /home/airflow/.local/lib/python3.12/site-packages/airflow/example_dags/example_complex.py took 0.098 seconds
[2024-12-18T10:02:37.973+0000] {processor.py:161} INFO - Started process (PID=440) to work on /home/airflow/.local/lib/python3.12/site-packages/airflow/example_dags/example_complex.py
[2024-12-18T10:02:37.975+0000] {processor.py:830} INFO - Processing file /home/airflow/.local/lib/python3.12/site-packages/airflow/example_dags/example_complex.py for tasks to queue
[2024-12-18T10:02:37.977+0000] {logging_mixin.py:188} INFO - [2024-12-18T10:02:37.976+0000] {dagbag.py:545} INFO - Filling up the DagBag from /home/airflow/.local/lib/python3.12/site-packages/airflow/example_dags/example_complex.py
[2024-12-18T10:02:37.987+0000] {processor.py:840} INFO - DAG(s) 'example_complex' retrieved from /home/airflow/.local/lib/python3.12/site-packages/airflow/example_dags/example_complex.py
[2024-12-18T10:02:38.027+0000] {logging_mixin.py:188} INFO - [2024-12-18T10:02:38.026+0000] {dag.py:3096} INFO - Sync 1 DAGs
[2024-12-18T10:02:38.046+0000] {logging_mixin.py:188} INFO - [2024-12-18T10:02:38.046+0000] {dag.py:3954} INFO - Setting next_dagrun for example_complex to None, run_after=None
[2024-12-18T10:02:38.075+0000] {processor.py:183} INFO - Processing /home/airflow/.local/lib/python3.12/site-packages/airflow/example_dags/example_complex.py took 0.107 seconds
[2024-12-18T10:03:08.188+0000] {processor.py:161} INFO - Started process (PID=498) to work on /home/airflow/.local/lib/python3.12/site-packages/airflow/example_dags/example_complex.py
[2024-12-18T10:03:08.189+0000] {processor.py:830} INFO - Processing file /home/airflow/.local/lib/python3.12/site-packages/airflow/example_dags/example_complex.py for tasks to queue
[2024-12-18T10:03:08.192+0000] {logging_mixin.py:188} INFO - [2024-12-18T10:03:08.191+0000] {dagbag.py:545} INFO - Filling up the DagBag from /home/airflow/.local/lib/python3.12/site-packages/airflow/example_dags/example_complex.py
[2024-12-18T10:03:08.201+0000] {processor.py:840} INFO - DAG(s) 'example_complex' retrieved from /home/airflow/.local/lib/python3.12/site-packages/airflow/example_dags/example_complex.py
[2024-12-18T10:03:08.237+0000] {logging_mixin.py:188} INFO - [2024-12-18T10:03:08.236+0000] {dag.py:3096} INFO - Sync 1 DAGs
[2024-12-18T10:03:08.250+0000] {logging_mixin.py:188} INFO - [2024-12-18T10:03:08.250+0000] {dag.py:3954} INFO - Setting next_dagrun for example_complex to None, run_after=None
[2024-12-18T10:03:08.277+0000] {processor.py:183} INFO - Processing /home/airflow/.local/lib/python3.12/site-packages/airflow/example_dags/example_complex.py took 0.094 seconds
[2024-12-18T10:03:38.542+0000] {processor.py:161} INFO - Started process (PID=556) to work on /home/airflow/.local/lib/python3.12/site-packages/airflow/example_dags/example_complex.py
[2024-12-18T10:03:38.543+0000] {processor.py:830} INFO - Processing file /home/airflow/.local/lib/python3.12/site-packages/airflow/example_dags/example_complex.py for tasks to queue
[2024-12-18T10:03:38.545+0000] {logging_mixin.py:188} INFO - [2024-12-18T10:03:38.545+0000] {dagbag.py:545} INFO - Filling up the DagBag from /home/airflow/.local/lib/python3.12/site-packages/airflow/example_dags/example_complex.py
[2024-12-18T10:03:38.556+0000] {processor.py:840} INFO - DAG(s) 'example_complex' retrieved from /home/airflow/.local/lib/python3.12/site-packages/airflow/example_dags/example_complex.py
[2024-12-18T10:03:38.590+0000] {logging_mixin.py:188} INFO - [2024-12-18T10:03:38.590+0000] {dag.py:3096} INFO - Sync 1 DAGs
[2024-12-18T10:03:38.602+0000] {logging_mixin.py:188} INFO - [2024-12-18T10:03:38.602+0000] {dag.py:3954} INFO - Setting next_dagrun for example_complex to None, run_after=None
[2024-12-18T10:03:38.628+0000] {processor.py:183} INFO - Processing /home/airflow/.local/lib/python3.12/site-packages/airflow/example_dags/example_complex.py took 0.092 seconds
[2024-12-18T10:04:09.171+0000] {processor.py:161} INFO - Started process (PID=614) to work on /home/airflow/.local/lib/python3.12/site-packages/airflow/example_dags/example_complex.py
[2024-12-18T10:04:09.172+0000] {processor.py:830} INFO - Processing file /home/airflow/.local/lib/python3.12/site-packages/airflow/example_dags/example_complex.py for tasks to queue
[2024-12-18T10:04:09.174+0000] {logging_mixin.py:188} INFO - [2024-12-18T10:04:09.174+0000] {dagbag.py:545} INFO - Filling up the DagBag from /home/airflow/.local/lib/python3.12/site-packages/airflow/example_dags/example_complex.py
[2024-12-18T10:04:09.184+0000] {processor.py:840} INFO - DAG(s) 'example_complex' retrieved from /home/airflow/.local/lib/python3.12/site-packages/airflow/example_dags/example_complex.py
[2024-12-18T10:04:09.221+0000] {logging_mixin.py:188} INFO - [2024-12-18T10:04:09.221+0000] {dag.py:3096} INFO - Sync 1 DAGs
[2024-12-18T10:04:09.239+0000] {logging_mixin.py:188} INFO - [2024-12-18T10:04:09.239+0000] {dag.py:3954} INFO - Setting next_dagrun for example_complex to None, run_after=None
[2024-12-18T10:04:09.266+0000] {processor.py:183} INFO - Processing /home/airflow/.local/lib/python3.12/site-packages/airflow/example_dags/example_complex.py took 0.101 seconds
[2024-12-18T10:04:40.230+0000] {processor.py:161} INFO - Started process (PID=672) to work on /home/airflow/.local/lib/python3.12/site-packages/airflow/example_dags/example_complex.py
[2024-12-18T10:04:40.231+0000] {processor.py:830} INFO - Processing file /home/airflow/.local/lib/python3.12/site-packages/airflow/example_dags/example_complex.py for tasks to queue
[2024-12-18T10:04:40.234+0000] {logging_mixin.py:188} INFO - [2024-12-18T10:04:40.234+0000] {dagbag.py:545} INFO - Filling up the DagBag from /home/airflow/.local/lib/python3.12/site-packages/airflow/example_dags/example_complex.py
[2024-12-18T10:04:40.247+0000] {processor.py:840} INFO - DAG(s) 'example_complex' retrieved from /home/airflow/.local/lib/python3.12/site-packages/airflow/example_dags/example_complex.py
[2024-12-18T10:04:40.291+0000] {logging_mixin.py:188} INFO - [2024-12-18T10:04:40.290+0000] {dag.py:3096} INFO - Sync 1 DAGs
[2024-12-18T10:04:40.312+0000] {logging_mixin.py:188} INFO - [2024-12-18T10:04:40.312+0000] {dag.py:3954} INFO - Setting next_dagrun for example_complex to None, run_after=None
[2024-12-18T10:04:40.344+0000] {processor.py:183} INFO - Processing /home/airflow/.local/lib/python3.12/site-packages/airflow/example_dags/example_complex.py took 0.119 seconds
[2024-12-18T10:05:10.502+0000] {processor.py:161} INFO - Started process (PID=730) to work on /home/airflow/.local/lib/python3.12/site-packages/airflow/example_dags/example_complex.py
[2024-12-18T10:05:10.504+0000] {processor.py:830} INFO - Processing file /home/airflow/.local/lib/python3.12/site-packages/airflow/example_dags/example_complex.py for tasks to queue
[2024-12-18T10:05:10.507+0000] {logging_mixin.py:188} INFO - [2024-12-18T10:05:10.506+0000] {dagbag.py:545} INFO - Filling up the DagBag from /home/airflow/.local/lib/python3.12/site-packages/airflow/example_dags/example_complex.py
[2024-12-18T10:05:10.529+0000] {processor.py:840} INFO - DAG(s) 'example_complex' retrieved from /home/airflow/.local/lib/python3.12/site-packages/airflow/example_dags/example_complex.py
[2024-12-18T10:05:10.578+0000] {logging_mixin.py:188} INFO - [2024-12-18T10:05:10.578+0000] {dag.py:3096} INFO - Sync 1 DAGs
[2024-12-18T10:05:10.595+0000] {logging_mixin.py:188} INFO - [2024-12-18T10:05:10.595+0000] {dag.py:3954} INFO - Setting next_dagrun for example_complex to None, run_after=None
[2024-12-18T10:05:10.625+0000] {processor.py:183} INFO - Processing /home/airflow/.local/lib/python3.12/site-packages/airflow/example_dags/example_complex.py took 0.129 seconds
[2024-12-18T10:05:41.098+0000] {processor.py:161} INFO - Started process (PID=788) to work on /home/airflow/.local/lib/python3.12/site-packages/airflow/example_dags/example_complex.py
[2024-12-18T10:05:41.100+0000] {processor.py:830} INFO - Processing file /home/airflow/.local/lib/python3.12/site-packages/airflow/example_dags/example_complex.py for tasks to queue
[2024-12-18T10:05:41.102+0000] {logging_mixin.py:188} INFO - [2024-12-18T10:05:41.101+0000] {dagbag.py:545} INFO - Filling up the DagBag from /home/airflow/.local/lib/python3.12/site-packages/airflow/example_dags/example_complex.py
[2024-12-18T10:05:41.113+0000] {processor.py:840} INFO - DAG(s) 'example_complex' retrieved from /home/airflow/.local/lib/python3.12/site-packages/airflow/example_dags/example_complex.py
[2024-12-18T10:05:41.152+0000] {logging_mixin.py:188} INFO - [2024-12-18T10:05:41.152+0000] {dag.py:3096} INFO - Sync 1 DAGs
[2024-12-18T10:05:41.170+0000] {logging_mixin.py:188} INFO - [2024-12-18T10:05:41.169+0000] {dag.py:3954} INFO - Setting next_dagrun for example_complex to None, run_after=None
[2024-12-18T10:05:41.196+0000] {processor.py:183} INFO - Processing /home/airflow/.local/lib/python3.12/site-packages/airflow/example_dags/example_complex.py took 0.103 seconds
[2024-12-18T10:06:11.269+0000] {processor.py:161} INFO - Started process (PID=846) to work on /home/airflow/.local/lib/python3.12/site-packages/airflow/example_dags/example_complex.py
[2024-12-18T10:06:11.270+0000] {processor.py:830} INFO - Processing file /home/airflow/.local/lib/python3.12/site-packages/airflow/example_dags/example_complex.py for tasks to queue
[2024-12-18T10:06:11.272+0000] {logging_mixin.py:188} INFO - [2024-12-18T10:06:11.271+0000] {dagbag.py:545} INFO - Filling up the DagBag from /home/airflow/.local/lib/python3.12/site-packages/airflow/example_dags/example_complex.py
[2024-12-18T10:06:11.281+0000] {processor.py:840} INFO - DAG(s) 'example_complex' retrieved from /home/airflow/.local/lib/python3.12/site-packages/airflow/example_dags/example_complex.py
[2024-12-18T10:06:11.315+0000] {logging_mixin.py:188} INFO - [2024-12-18T10:06:11.315+0000] {dag.py:3096} INFO - Sync 1 DAGs
[2024-12-18T10:06:11.328+0000] {logging_mixin.py:188} INFO - [2024-12-18T10:06:11.327+0000] {dag.py:3954} INFO - Setting next_dagrun for example_complex to None, run_after=None
[2024-12-18T10:06:11.352+0000] {processor.py:183} INFO - Processing /home/airflow/.local/lib/python3.12/site-packages/airflow/example_dags/example_complex.py took 0.089 seconds
[2024-12-18T10:06:41.696+0000] {processor.py:161} INFO - Started process (PID=903) to work on /home/airflow/.local/lib/python3.12/site-packages/airflow/example_dags/example_complex.py
[2024-12-18T10:06:41.697+0000] {processor.py:830} INFO - Processing file /home/airflow/.local/lib/python3.12/site-packages/airflow/example_dags/example_complex.py for tasks to queue
[2024-12-18T10:06:41.699+0000] {logging_mixin.py:188} INFO - [2024-12-18T10:06:41.699+0000] {dagbag.py:545} INFO - Filling up the DagBag from /home/airflow/.local/lib/python3.12/site-packages/airflow/example_dags/example_complex.py
[2024-12-18T10:06:41.711+0000] {processor.py:840} INFO - DAG(s) 'example_complex' retrieved from /home/airflow/.local/lib/python3.12/site-packages/airflow/example_dags/example_complex.py
[2024-12-18T10:06:41.746+0000] {logging_mixin.py:188} INFO - [2024-12-18T10:06:41.746+0000] {dag.py:3096} INFO - Sync 1 DAGs
[2024-12-18T10:06:41.759+0000] {logging_mixin.py:188} INFO - [2024-12-18T10:06:41.759+0000] {dag.py:3954} INFO - Setting next_dagrun for example_complex to None, run_after=None
[2024-12-18T10:06:41.786+0000] {processor.py:183} INFO - Processing /home/airflow/.local/lib/python3.12/site-packages/airflow/example_dags/example_complex.py took 0.095 seconds
[2024-12-18T10:07:12.191+0000] {processor.py:161} INFO - Started process (PID=961) to work on /home/airflow/.local/lib/python3.12/site-packages/airflow/example_dags/example_complex.py
[2024-12-18T10:07:12.192+0000] {processor.py:830} INFO - Processing file /home/airflow/.local/lib/python3.12/site-packages/airflow/example_dags/example_complex.py for tasks to queue
[2024-12-18T10:07:12.195+0000] {logging_mixin.py:188} INFO - [2024-12-18T10:07:12.194+0000] {dagbag.py:545} INFO - Filling up the DagBag from /home/airflow/.local/lib/python3.12/site-packages/airflow/example_dags/example_complex.py
[2024-12-18T10:07:12.207+0000] {processor.py:840} INFO - DAG(s) 'example_complex' retrieved from /home/airflow/.local/lib/python3.12/site-packages/airflow/example_dags/example_complex.py
[2024-12-18T10:07:12.252+0000] {logging_mixin.py:188} INFO - [2024-12-18T10:07:12.251+0000] {dag.py:3096} INFO - Sync 1 DAGs
[2024-12-18T10:07:12.269+0000] {logging_mixin.py:188} INFO - [2024-12-18T10:07:12.268+0000] {dag.py:3954} INFO - Setting next_dagrun for example_complex to None, run_after=None
[2024-12-18T10:07:12.295+0000] {processor.py:183} INFO - Processing /home/airflow/.local/lib/python3.12/site-packages/airflow/example_dags/example_complex.py took 0.110 seconds
[2024-12-18T10:07:42.628+0000] {processor.py:161} INFO - Started process (PID=1019) to work on /home/airflow/.local/lib/python3.12/site-packages/airflow/example_dags/example_complex.py
[2024-12-18T10:07:42.629+0000] {processor.py:830} INFO - Processing file /home/airflow/.local/lib/python3.12/site-packages/airflow/example_dags/example_complex.py for tasks to queue
[2024-12-18T10:07:42.631+0000] {logging_mixin.py:188} INFO - [2024-12-18T10:07:42.631+0000] {dagbag.py:545} INFO - Filling up the DagBag from /home/airflow/.local/lib/python3.12/site-packages/airflow/example_dags/example_complex.py
[2024-12-18T10:07:42.642+0000] {processor.py:840} INFO - DAG(s) 'example_complex' retrieved from /home/airflow/.local/lib/python3.12/site-packages/airflow/example_dags/example_complex.py
[2024-12-18T10:07:42.682+0000] {logging_mixin.py:188} INFO - [2024-12-18T10:07:42.681+0000] {dag.py:3096} INFO - Sync 1 DAGs
[2024-12-18T10:07:42.704+0000] {logging_mixin.py:188} INFO - [2024-12-18T10:07:42.703+0000] {dag.py:3954} INFO - Setting next_dagrun for example_complex to None, run_after=None
[2024-12-18T10:07:42.727+0000] {processor.py:183} INFO - Processing /home/airflow/.local/lib/python3.12/site-packages/airflow/example_dags/example_complex.py took 0.105 seconds
[2024-12-18T10:08:12.964+0000] {processor.py:161} INFO - Started process (PID=1077) to work on /home/airflow/.local/lib/python3.12/site-packages/airflow/example_dags/example_complex.py
[2024-12-18T10:08:12.966+0000] {processor.py:830} INFO - Processing file /home/airflow/.local/lib/python3.12/site-packages/airflow/example_dags/example_complex.py for tasks to queue
[2024-12-18T10:08:12.968+0000] {logging_mixin.py:188} INFO - [2024-12-18T10:08:12.967+0000] {dagbag.py:545} INFO - Filling up the DagBag from /home/airflow/.local/lib/python3.12/site-packages/airflow/example_dags/example_complex.py
[2024-12-18T10:08:12.978+0000] {processor.py:840} INFO - DAG(s) 'example_complex' retrieved from /home/airflow/.local/lib/python3.12/site-packages/airflow/example_dags/example_complex.py
[2024-12-18T10:08:13.013+0000] {logging_mixin.py:188} INFO - [2024-12-18T10:08:13.012+0000] {dag.py:3096} INFO - Sync 1 DAGs
[2024-12-18T10:08:13.026+0000] {logging_mixin.py:188} INFO - [2024-12-18T10:08:13.026+0000] {dag.py:3954} INFO - Setting next_dagrun for example_complex to None, run_after=None
[2024-12-18T10:08:13.055+0000] {processor.py:183} INFO - Processing /home/airflow/.local/lib/python3.12/site-packages/airflow/example_dags/example_complex.py took 0.097 seconds
[2024-12-18T10:08:43.215+0000] {processor.py:161} INFO - Started process (PID=1135) to work on /home/airflow/.local/lib/python3.12/site-packages/airflow/example_dags/example_complex.py
[2024-12-18T10:08:43.216+0000] {processor.py:830} INFO - Processing file /home/airflow/.local/lib/python3.12/site-packages/airflow/example_dags/example_complex.py for tasks to queue
[2024-12-18T10:08:43.218+0000] {logging_mixin.py:188} INFO - [2024-12-18T10:08:43.218+0000] {dagbag.py:545} INFO - Filling up the DagBag from /home/airflow/.local/lib/python3.12/site-packages/airflow/example_dags/example_complex.py
[2024-12-18T10:08:43.234+0000] {processor.py:840} INFO - DAG(s) 'example_complex' retrieved from /home/airflow/.local/lib/python3.12/site-packages/airflow/example_dags/example_complex.py
[2024-12-18T10:08:43.275+0000] {logging_mixin.py:188} INFO - [2024-12-18T10:08:43.274+0000] {dag.py:3096} INFO - Sync 1 DAGs
[2024-12-18T10:08:43.290+0000] {logging_mixin.py:188} INFO - [2024-12-18T10:08:43.290+0000] {dag.py:3954} INFO - Setting next_dagrun for example_complex to None, run_after=None
[2024-12-18T10:08:43.323+0000] {processor.py:183} INFO - Processing /home/airflow/.local/lib/python3.12/site-packages/airflow/example_dags/example_complex.py took 0.115 seconds
[2024-12-18T10:09:13.479+0000] {processor.py:161} INFO - Started process (PID=1193) to work on /home/airflow/.local/lib/python3.12/site-packages/airflow/example_dags/example_complex.py
[2024-12-18T10:09:13.480+0000] {processor.py:830} INFO - Processing file /home/airflow/.local/lib/python3.12/site-packages/airflow/example_dags/example_complex.py for tasks to queue
[2024-12-18T10:09:13.483+0000] {logging_mixin.py:188} INFO - [2024-12-18T10:09:13.482+0000] {dagbag.py:545} INFO - Filling up the DagBag from /home/airflow/.local/lib/python3.12/site-packages/airflow/example_dags/example_complex.py
[2024-12-18T10:09:13.494+0000] {processor.py:840} INFO - DAG(s) 'example_complex' retrieved from /home/airflow/.local/lib/python3.12/site-packages/airflow/example_dags/example_complex.py
[2024-12-18T10:09:13.556+0000] {logging_mixin.py:188} INFO - [2024-12-18T10:09:13.556+0000] {dag.py:3096} INFO - Sync 1 DAGs
[2024-12-18T10:09:13.576+0000] {logging_mixin.py:188} INFO - [2024-12-18T10:09:13.575+0000] {dag.py:3954} INFO - Setting next_dagrun for example_complex to None, run_after=None
[2024-12-18T10:09:13.605+0000] {processor.py:183} INFO - Processing /home/airflow/.local/lib/python3.12/site-packages/airflow/example_dags/example_complex.py took 0.132 seconds
[2024-12-18T10:09:43.811+0000] {processor.py:161} INFO - Started process (PID=1251) to work on /home/airflow/.local/lib/python3.12/site-packages/airflow/example_dags/example_complex.py
[2024-12-18T10:09:43.813+0000] {processor.py:830} INFO - Processing file /home/airflow/.local/lib/python3.12/site-packages/airflow/example_dags/example_complex.py for tasks to queue
[2024-12-18T10:09:43.815+0000] {logging_mixin.py:188} INFO - [2024-12-18T10:09:43.815+0000] {dagbag.py:545} INFO - Filling up the DagBag from /home/airflow/.local/lib/python3.12/site-packages/airflow/example_dags/example_complex.py
[2024-12-18T10:09:43.825+0000] {processor.py:840} INFO - DAG(s) 'example_complex' retrieved from /home/airflow/.local/lib/python3.12/site-packages/airflow/example_dags/example_complex.py
[2024-12-18T10:09:43.862+0000] {logging_mixin.py:188} INFO - [2024-12-18T10:09:43.862+0000] {dag.py:3096} INFO - Sync 1 DAGs
[2024-12-18T10:09:43.876+0000] {logging_mixin.py:188} INFO - [2024-12-18T10:09:43.875+0000] {dag.py:3954} INFO - Setting next_dagrun for example_complex to None, run_after=None
[2024-12-18T10:09:43.905+0000] {processor.py:183} INFO - Processing /home/airflow/.local/lib/python3.12/site-packages/airflow/example_dags/example_complex.py took 0.099 seconds
[2024-12-18T10:10:14.141+0000] {processor.py:161} INFO - Started process (PID=1309) to work on /home/airflow/.local/lib/python3.12/site-packages/airflow/example_dags/example_complex.py
[2024-12-18T10:10:14.142+0000] {processor.py:830} INFO - Processing file /home/airflow/.local/lib/python3.12/site-packages/airflow/example_dags/example_complex.py for tasks to queue
[2024-12-18T10:10:14.144+0000] {logging_mixin.py:188} INFO - [2024-12-18T10:10:14.144+0000] {dagbag.py:545} INFO - Filling up the DagBag from /home/airflow/.local/lib/python3.12/site-packages/airflow/example_dags/example_complex.py
[2024-12-18T10:10:14.154+0000] {processor.py:840} INFO - DAG(s) 'example_complex' retrieved from /home/airflow/.local/lib/python3.12/site-packages/airflow/example_dags/example_complex.py
[2024-12-18T10:10:14.191+0000] {logging_mixin.py:188} INFO - [2024-12-18T10:10:14.190+0000] {dag.py:3096} INFO - Sync 1 DAGs
[2024-12-18T10:10:14.207+0000] {logging_mixin.py:188} INFO - [2024-12-18T10:10:14.207+0000] {dag.py:3954} INFO - Setting next_dagrun for example_complex to None, run_after=None
[2024-12-18T10:10:14.234+0000] {processor.py:183} INFO - Processing /home/airflow/.local/lib/python3.12/site-packages/airflow/example_dags/example_complex.py took 0.099 seconds
[2024-12-18T10:10:44.689+0000] {processor.py:161} INFO - Started process (PID=1367) to work on /home/airflow/.local/lib/python3.12/site-packages/airflow/example_dags/example_complex.py
[2024-12-18T10:10:44.691+0000] {processor.py:830} INFO - Processing file /home/airflow/.local/lib/python3.12/site-packages/airflow/example_dags/example_complex.py for tasks to queue
[2024-12-18T10:10:44.694+0000] {logging_mixin.py:188} INFO - [2024-12-18T10:10:44.693+0000] {dagbag.py:545} INFO - Filling up the DagBag from /home/airflow/.local/lib/python3.12/site-packages/airflow/example_dags/example_complex.py
[2024-12-18T10:10:44.706+0000] {processor.py:840} INFO - DAG(s) 'example_complex' retrieved from /home/airflow/.local/lib/python3.12/site-packages/airflow/example_dags/example_complex.py
[2024-12-18T10:10:44.764+0000] {logging_mixin.py:188} INFO - [2024-12-18T10:10:44.763+0000] {dag.py:3096} INFO - Sync 1 DAGs
[2024-12-18T10:10:44.831+0000] {logging_mixin.py:188} INFO - [2024-12-18T10:10:44.830+0000] {dag.py:3954} INFO - Setting next_dagrun for example_complex to None, run_after=None
[2024-12-18T10:10:44.905+0000] {processor.py:183} INFO - Processing /home/airflow/.local/lib/python3.12/site-packages/airflow/example_dags/example_complex.py took 0.225 seconds
