[2024-12-18T09:59:36.430+0000] {processor.py:161} INFO - Started process (PID=100) to work on /home/airflow/.local/lib/python3.12/site-packages/airflow/example_dags/example_branch_day_of_week_operator.py
[2024-12-18T09:59:36.432+0000] {processor.py:830} INFO - Processing file /home/airflow/.local/lib/python3.12/site-packages/airflow/example_dags/example_branch_day_of_week_operator.py for tasks to queue
[2024-12-18T09:59:36.434+0000] {logging_mixin.py:188} INFO - [2024-12-18T09:59:36.434+0000] {dagbag.py:545} INFO - Filling up the DagBag from /home/airflow/.local/lib/python3.12/site-packages/airflow/example_dags/example_branch_day_of_week_operator.py
[2024-12-18T09:59:36.445+0000] {processor.py:840} INFO - DAG(s) 'example_weekday_branch_operator' retrieved from /home/airflow/.local/lib/python3.12/site-packages/airflow/example_dags/example_branch_day_of_week_operator.py
[2024-12-18T09:59:36.574+0000] {logging_mixin.py:188} INFO - [2024-12-18T09:59:36.573+0000] {override.py:1829} INFO - Created Permission View: can delete on DAG:example_weekday_branch_operator
[2024-12-18T09:59:36.591+0000] {logging_mixin.py:188} INFO - [2024-12-18T09:59:36.590+0000] {override.py:1829} INFO - Created Permission View: can read on DAG:example_weekday_branch_operator
[2024-12-18T09:59:36.604+0000] {logging_mixin.py:188} INFO - [2024-12-18T09:59:36.604+0000] {override.py:1829} INFO - Created Permission View: can edit on DAG:example_weekday_branch_operator
[2024-12-18T09:59:36.605+0000] {logging_mixin.py:188} INFO - [2024-12-18T09:59:36.605+0000] {dag.py:3096} INFO - Sync 1 DAGs
[2024-12-18T09:59:36.638+0000] {logging_mixin.py:188} INFO - [2024-12-18T09:59:36.638+0000] {dag.py:3118} INFO - Creating ORM DAG for example_weekday_branch_operator
[2024-12-18T09:59:36.655+0000] {logging_mixin.py:188} INFO - [2024-12-18T09:59:36.655+0000] {dag.py:3954} INFO - Setting next_dagrun for example_weekday_branch_operator to 2024-12-17 00:00:00+00:00, run_after=2024-12-18 00:00:00+00:00
[2024-12-18T09:59:36.680+0000] {processor.py:183} INFO - Processing /home/airflow/.local/lib/python3.12/site-packages/airflow/example_dags/example_branch_day_of_week_operator.py took 0.256 seconds
[2024-12-18T10:00:07.513+0000] {processor.py:161} INFO - Started process (PID=158) to work on /home/airflow/.local/lib/python3.12/site-packages/airflow/example_dags/example_branch_day_of_week_operator.py
[2024-12-18T10:00:07.515+0000] {processor.py:830} INFO - Processing file /home/airflow/.local/lib/python3.12/site-packages/airflow/example_dags/example_branch_day_of_week_operator.py for tasks to queue
[2024-12-18T10:00:07.518+0000] {logging_mixin.py:188} INFO - [2024-12-18T10:00:07.518+0000] {dagbag.py:545} INFO - Filling up the DagBag from /home/airflow/.local/lib/python3.12/site-packages/airflow/example_dags/example_branch_day_of_week_operator.py
[2024-12-18T10:00:07.525+0000] {processor.py:840} INFO - DAG(s) 'example_weekday_branch_operator' retrieved from /home/airflow/.local/lib/python3.12/site-packages/airflow/example_dags/example_branch_day_of_week_operator.py
[2024-12-18T10:00:07.552+0000] {logging_mixin.py:188} INFO - [2024-12-18T10:00:07.551+0000] {dag.py:3096} INFO - Sync 1 DAGs
[2024-12-18T10:00:07.576+0000] {logging_mixin.py:188} INFO - [2024-12-18T10:00:07.576+0000] {dag.py:3954} INFO - Setting next_dagrun for example_weekday_branch_operator to 2024-12-17 00:00:00+00:00, run_after=2024-12-18 00:00:00+00:00
[2024-12-18T10:00:07.606+0000] {processor.py:183} INFO - Processing /home/airflow/.local/lib/python3.12/site-packages/airflow/example_dags/example_branch_day_of_week_operator.py took 0.099 seconds
[2024-12-18T10:00:38.284+0000] {processor.py:161} INFO - Started process (PID=216) to work on /home/airflow/.local/lib/python3.12/site-packages/airflow/example_dags/example_branch_day_of_week_operator.py
[2024-12-18T10:00:38.286+0000] {processor.py:830} INFO - Processing file /home/airflow/.local/lib/python3.12/site-packages/airflow/example_dags/example_branch_day_of_week_operator.py for tasks to queue
[2024-12-18T10:00:38.289+0000] {logging_mixin.py:188} INFO - [2024-12-18T10:00:38.288+0000] {dagbag.py:545} INFO - Filling up the DagBag from /home/airflow/.local/lib/python3.12/site-packages/airflow/example_dags/example_branch_day_of_week_operator.py
[2024-12-18T10:00:38.296+0000] {processor.py:840} INFO - DAG(s) 'example_weekday_branch_operator' retrieved from /home/airflow/.local/lib/python3.12/site-packages/airflow/example_dags/example_branch_day_of_week_operator.py
[2024-12-18T10:00:38.319+0000] {logging_mixin.py:188} INFO - [2024-12-18T10:00:38.319+0000] {dag.py:3096} INFO - Sync 1 DAGs
[2024-12-18T10:00:38.345+0000] {logging_mixin.py:188} INFO - [2024-12-18T10:00:38.344+0000] {dag.py:3954} INFO - Setting next_dagrun for example_weekday_branch_operator to 2024-12-17 00:00:00+00:00, run_after=2024-12-18 00:00:00+00:00
[2024-12-18T10:00:38.371+0000] {processor.py:183} INFO - Processing /home/airflow/.local/lib/python3.12/site-packages/airflow/example_dags/example_branch_day_of_week_operator.py took 0.092 seconds
[2024-12-18T10:01:08.576+0000] {processor.py:161} INFO - Started process (PID=274) to work on /home/airflow/.local/lib/python3.12/site-packages/airflow/example_dags/example_branch_day_of_week_operator.py
[2024-12-18T10:01:08.577+0000] {processor.py:830} INFO - Processing file /home/airflow/.local/lib/python3.12/site-packages/airflow/example_dags/example_branch_day_of_week_operator.py for tasks to queue
[2024-12-18T10:01:08.580+0000] {logging_mixin.py:188} INFO - [2024-12-18T10:01:08.580+0000] {dagbag.py:545} INFO - Filling up the DagBag from /home/airflow/.local/lib/python3.12/site-packages/airflow/example_dags/example_branch_day_of_week_operator.py
[2024-12-18T10:01:08.587+0000] {processor.py:840} INFO - DAG(s) 'example_weekday_branch_operator' retrieved from /home/airflow/.local/lib/python3.12/site-packages/airflow/example_dags/example_branch_day_of_week_operator.py
[2024-12-18T10:01:08.611+0000] {logging_mixin.py:188} INFO - [2024-12-18T10:01:08.610+0000] {dag.py:3096} INFO - Sync 1 DAGs
[2024-12-18T10:01:08.636+0000] {logging_mixin.py:188} INFO - [2024-12-18T10:01:08.636+0000] {dag.py:3954} INFO - Setting next_dagrun for example_weekday_branch_operator to 2024-12-17 00:00:00+00:00, run_after=2024-12-18 00:00:00+00:00
[2024-12-18T10:01:08.664+0000] {processor.py:183} INFO - Processing /home/airflow/.local/lib/python3.12/site-packages/airflow/example_dags/example_branch_day_of_week_operator.py took 0.093 seconds
[2024-12-18T10:01:38.834+0000] {processor.py:161} INFO - Started process (PID=332) to work on /home/airflow/.local/lib/python3.12/site-packages/airflow/example_dags/example_branch_day_of_week_operator.py
[2024-12-18T10:01:38.835+0000] {processor.py:830} INFO - Processing file /home/airflow/.local/lib/python3.12/site-packages/airflow/example_dags/example_branch_day_of_week_operator.py for tasks to queue
[2024-12-18T10:01:38.839+0000] {logging_mixin.py:188} INFO - [2024-12-18T10:01:38.838+0000] {dagbag.py:545} INFO - Filling up the DagBag from /home/airflow/.local/lib/python3.12/site-packages/airflow/example_dags/example_branch_day_of_week_operator.py
[2024-12-18T10:01:38.848+0000] {processor.py:840} INFO - DAG(s) 'example_weekday_branch_operator' retrieved from /home/airflow/.local/lib/python3.12/site-packages/airflow/example_dags/example_branch_day_of_week_operator.py
[2024-12-18T10:01:38.877+0000] {logging_mixin.py:188} INFO - [2024-12-18T10:01:38.876+0000] {dag.py:3096} INFO - Sync 1 DAGs
[2024-12-18T10:01:38.902+0000] {logging_mixin.py:188} INFO - [2024-12-18T10:01:38.902+0000] {dag.py:3954} INFO - Setting next_dagrun for example_weekday_branch_operator to 2024-12-17 00:00:00+00:00, run_after=2024-12-18 00:00:00+00:00
[2024-12-18T10:01:38.929+0000] {processor.py:183} INFO - Processing /home/airflow/.local/lib/python3.12/site-packages/airflow/example_dags/example_branch_day_of_week_operator.py took 0.100 seconds
[2024-12-18T10:02:09.085+0000] {processor.py:161} INFO - Started process (PID=390) to work on /home/airflow/.local/lib/python3.12/site-packages/airflow/example_dags/example_branch_day_of_week_operator.py
[2024-12-18T10:02:09.086+0000] {processor.py:830} INFO - Processing file /home/airflow/.local/lib/python3.12/site-packages/airflow/example_dags/example_branch_day_of_week_operator.py for tasks to queue
[2024-12-18T10:02:09.089+0000] {logging_mixin.py:188} INFO - [2024-12-18T10:02:09.089+0000] {dagbag.py:545} INFO - Filling up the DagBag from /home/airflow/.local/lib/python3.12/site-packages/airflow/example_dags/example_branch_day_of_week_operator.py
[2024-12-18T10:02:09.098+0000] {processor.py:840} INFO - DAG(s) 'example_weekday_branch_operator' retrieved from /home/airflow/.local/lib/python3.12/site-packages/airflow/example_dags/example_branch_day_of_week_operator.py
[2024-12-18T10:02:09.124+0000] {logging_mixin.py:188} INFO - [2024-12-18T10:02:09.123+0000] {dag.py:3096} INFO - Sync 1 DAGs
[2024-12-18T10:02:09.149+0000] {logging_mixin.py:188} INFO - [2024-12-18T10:02:09.149+0000] {dag.py:3954} INFO - Setting next_dagrun for example_weekday_branch_operator to 2024-12-17 00:00:00+00:00, run_after=2024-12-18 00:00:00+00:00
[2024-12-18T10:02:09.175+0000] {processor.py:183} INFO - Processing /home/airflow/.local/lib/python3.12/site-packages/airflow/example_dags/example_branch_day_of_week_operator.py took 0.095 seconds
[2024-12-18T10:02:39.478+0000] {processor.py:161} INFO - Started process (PID=448) to work on /home/airflow/.local/lib/python3.12/site-packages/airflow/example_dags/example_branch_day_of_week_operator.py
[2024-12-18T10:02:39.479+0000] {processor.py:830} INFO - Processing file /home/airflow/.local/lib/python3.12/site-packages/airflow/example_dags/example_branch_day_of_week_operator.py for tasks to queue
[2024-12-18T10:02:39.481+0000] {logging_mixin.py:188} INFO - [2024-12-18T10:02:39.481+0000] {dagbag.py:545} INFO - Filling up the DagBag from /home/airflow/.local/lib/python3.12/site-packages/airflow/example_dags/example_branch_day_of_week_operator.py
[2024-12-18T10:02:39.489+0000] {processor.py:840} INFO - DAG(s) 'example_weekday_branch_operator' retrieved from /home/airflow/.local/lib/python3.12/site-packages/airflow/example_dags/example_branch_day_of_week_operator.py
[2024-12-18T10:02:39.516+0000] {logging_mixin.py:188} INFO - [2024-12-18T10:02:39.516+0000] {dag.py:3096} INFO - Sync 1 DAGs
[2024-12-18T10:02:39.548+0000] {logging_mixin.py:188} INFO - [2024-12-18T10:02:39.548+0000] {dag.py:3954} INFO - Setting next_dagrun for example_weekday_branch_operator to 2024-12-17 00:00:00+00:00, run_after=2024-12-18 00:00:00+00:00
[2024-12-18T10:02:39.578+0000] {processor.py:183} INFO - Processing /home/airflow/.local/lib/python3.12/site-packages/airflow/example_dags/example_branch_day_of_week_operator.py took 0.105 seconds
[2024-12-18T10:03:09.846+0000] {processor.py:161} INFO - Started process (PID=506) to work on /home/airflow/.local/lib/python3.12/site-packages/airflow/example_dags/example_branch_day_of_week_operator.py
[2024-12-18T10:03:09.847+0000] {processor.py:830} INFO - Processing file /home/airflow/.local/lib/python3.12/site-packages/airflow/example_dags/example_branch_day_of_week_operator.py for tasks to queue
[2024-12-18T10:03:09.849+0000] {logging_mixin.py:188} INFO - [2024-12-18T10:03:09.849+0000] {dagbag.py:545} INFO - Filling up the DagBag from /home/airflow/.local/lib/python3.12/site-packages/airflow/example_dags/example_branch_day_of_week_operator.py
[2024-12-18T10:03:09.856+0000] {processor.py:840} INFO - DAG(s) 'example_weekday_branch_operator' retrieved from /home/airflow/.local/lib/python3.12/site-packages/airflow/example_dags/example_branch_day_of_week_operator.py
[2024-12-18T10:03:09.880+0000] {logging_mixin.py:188} INFO - [2024-12-18T10:03:09.879+0000] {dag.py:3096} INFO - Sync 1 DAGs
[2024-12-18T10:03:09.903+0000] {logging_mixin.py:188} INFO - [2024-12-18T10:03:09.903+0000] {dag.py:3954} INFO - Setting next_dagrun for example_weekday_branch_operator to 2024-12-17 00:00:00+00:00, run_after=2024-12-18 00:00:00+00:00
[2024-12-18T10:03:09.928+0000] {processor.py:183} INFO - Processing /home/airflow/.local/lib/python3.12/site-packages/airflow/example_dags/example_branch_day_of_week_operator.py took 0.086 seconds
[2024-12-18T10:03:40.066+0000] {processor.py:161} INFO - Started process (PID=564) to work on /home/airflow/.local/lib/python3.12/site-packages/airflow/example_dags/example_branch_day_of_week_operator.py
[2024-12-18T10:03:40.067+0000] {processor.py:830} INFO - Processing file /home/airflow/.local/lib/python3.12/site-packages/airflow/example_dags/example_branch_day_of_week_operator.py for tasks to queue
[2024-12-18T10:03:40.070+0000] {logging_mixin.py:188} INFO - [2024-12-18T10:03:40.069+0000] {dagbag.py:545} INFO - Filling up the DagBag from /home/airflow/.local/lib/python3.12/site-packages/airflow/example_dags/example_branch_day_of_week_operator.py
[2024-12-18T10:03:40.077+0000] {processor.py:840} INFO - DAG(s) 'example_weekday_branch_operator' retrieved from /home/airflow/.local/lib/python3.12/site-packages/airflow/example_dags/example_branch_day_of_week_operator.py
[2024-12-18T10:03:40.101+0000] {logging_mixin.py:188} INFO - [2024-12-18T10:03:40.100+0000] {dag.py:3096} INFO - Sync 1 DAGs
[2024-12-18T10:03:40.124+0000] {logging_mixin.py:188} INFO - [2024-12-18T10:03:40.124+0000] {dag.py:3954} INFO - Setting next_dagrun for example_weekday_branch_operator to 2024-12-17 00:00:00+00:00, run_after=2024-12-18 00:00:00+00:00
[2024-12-18T10:03:40.152+0000] {processor.py:183} INFO - Processing /home/airflow/.local/lib/python3.12/site-packages/airflow/example_dags/example_branch_day_of_week_operator.py took 0.091 seconds
[2024-12-18T10:04:10.632+0000] {processor.py:161} INFO - Started process (PID=622) to work on /home/airflow/.local/lib/python3.12/site-packages/airflow/example_dags/example_branch_day_of_week_operator.py
[2024-12-18T10:04:10.633+0000] {processor.py:830} INFO - Processing file /home/airflow/.local/lib/python3.12/site-packages/airflow/example_dags/example_branch_day_of_week_operator.py for tasks to queue
[2024-12-18T10:04:10.635+0000] {logging_mixin.py:188} INFO - [2024-12-18T10:04:10.634+0000] {dagbag.py:545} INFO - Filling up the DagBag from /home/airflow/.local/lib/python3.12/site-packages/airflow/example_dags/example_branch_day_of_week_operator.py
[2024-12-18T10:04:10.642+0000] {processor.py:840} INFO - DAG(s) 'example_weekday_branch_operator' retrieved from /home/airflow/.local/lib/python3.12/site-packages/airflow/example_dags/example_branch_day_of_week_operator.py
[2024-12-18T10:04:10.666+0000] {logging_mixin.py:188} INFO - [2024-12-18T10:04:10.665+0000] {dag.py:3096} INFO - Sync 1 DAGs
[2024-12-18T10:04:10.694+0000] {logging_mixin.py:188} INFO - [2024-12-18T10:04:10.694+0000] {dag.py:3954} INFO - Setting next_dagrun for example_weekday_branch_operator to 2024-12-17 00:00:00+00:00, run_after=2024-12-18 00:00:00+00:00
[2024-12-18T10:04:10.719+0000] {processor.py:183} INFO - Processing /home/airflow/.local/lib/python3.12/site-packages/airflow/example_dags/example_branch_day_of_week_operator.py took 0.092 seconds
[2024-12-18T10:04:40.818+0000] {processor.py:161} INFO - Started process (PID=680) to work on /home/airflow/.local/lib/python3.12/site-packages/airflow/example_dags/example_branch_day_of_week_operator.py
[2024-12-18T10:04:40.820+0000] {processor.py:830} INFO - Processing file /home/airflow/.local/lib/python3.12/site-packages/airflow/example_dags/example_branch_day_of_week_operator.py for tasks to queue
[2024-12-18T10:04:40.822+0000] {logging_mixin.py:188} INFO - [2024-12-18T10:04:40.821+0000] {dagbag.py:545} INFO - Filling up the DagBag from /home/airflow/.local/lib/python3.12/site-packages/airflow/example_dags/example_branch_day_of_week_operator.py
[2024-12-18T10:04:40.829+0000] {processor.py:840} INFO - DAG(s) 'example_weekday_branch_operator' retrieved from /home/airflow/.local/lib/python3.12/site-packages/airflow/example_dags/example_branch_day_of_week_operator.py
[2024-12-18T10:04:40.854+0000] {logging_mixin.py:188} INFO - [2024-12-18T10:04:40.853+0000] {dag.py:3096} INFO - Sync 1 DAGs
[2024-12-18T10:04:40.878+0000] {logging_mixin.py:188} INFO - [2024-12-18T10:04:40.877+0000] {dag.py:3954} INFO - Setting next_dagrun for example_weekday_branch_operator to 2024-12-17 00:00:00+00:00, run_after=2024-12-18 00:00:00+00:00
[2024-12-18T10:04:40.904+0000] {processor.py:183} INFO - Processing /home/airflow/.local/lib/python3.12/site-packages/airflow/example_dags/example_branch_day_of_week_operator.py took 0.091 seconds
[2024-12-18T10:05:11.330+0000] {processor.py:161} INFO - Started process (PID=738) to work on /home/airflow/.local/lib/python3.12/site-packages/airflow/example_dags/example_branch_day_of_week_operator.py
[2024-12-18T10:05:11.331+0000] {processor.py:830} INFO - Processing file /home/airflow/.local/lib/python3.12/site-packages/airflow/example_dags/example_branch_day_of_week_operator.py for tasks to queue
[2024-12-18T10:05:11.334+0000] {logging_mixin.py:188} INFO - [2024-12-18T10:05:11.334+0000] {dagbag.py:545} INFO - Filling up the DagBag from /home/airflow/.local/lib/python3.12/site-packages/airflow/example_dags/example_branch_day_of_week_operator.py
[2024-12-18T10:05:11.341+0000] {processor.py:840} INFO - DAG(s) 'example_weekday_branch_operator' retrieved from /home/airflow/.local/lib/python3.12/site-packages/airflow/example_dags/example_branch_day_of_week_operator.py
[2024-12-18T10:05:11.365+0000] {logging_mixin.py:188} INFO - [2024-12-18T10:05:11.365+0000] {dag.py:3096} INFO - Sync 1 DAGs
[2024-12-18T10:05:11.389+0000] {logging_mixin.py:188} INFO - [2024-12-18T10:05:11.389+0000] {dag.py:3954} INFO - Setting next_dagrun for example_weekday_branch_operator to 2024-12-17 00:00:00+00:00, run_after=2024-12-18 00:00:00+00:00
[2024-12-18T10:05:11.414+0000] {processor.py:183} INFO - Processing /home/airflow/.local/lib/python3.12/site-packages/airflow/example_dags/example_branch_day_of_week_operator.py took 0.089 seconds
[2024-12-18T10:05:41.588+0000] {processor.py:161} INFO - Started process (PID=796) to work on /home/airflow/.local/lib/python3.12/site-packages/airflow/example_dags/example_branch_day_of_week_operator.py
[2024-12-18T10:05:41.589+0000] {processor.py:830} INFO - Processing file /home/airflow/.local/lib/python3.12/site-packages/airflow/example_dags/example_branch_day_of_week_operator.py for tasks to queue
[2024-12-18T10:05:41.592+0000] {logging_mixin.py:188} INFO - [2024-12-18T10:05:41.591+0000] {dagbag.py:545} INFO - Filling up the DagBag from /home/airflow/.local/lib/python3.12/site-packages/airflow/example_dags/example_branch_day_of_week_operator.py
[2024-12-18T10:05:41.599+0000] {processor.py:840} INFO - DAG(s) 'example_weekday_branch_operator' retrieved from /home/airflow/.local/lib/python3.12/site-packages/airflow/example_dags/example_branch_day_of_week_operator.py
[2024-12-18T10:05:41.623+0000] {logging_mixin.py:188} INFO - [2024-12-18T10:05:41.623+0000] {dag.py:3096} INFO - Sync 1 DAGs
[2024-12-18T10:05:41.650+0000] {logging_mixin.py:188} INFO - [2024-12-18T10:05:41.650+0000] {dag.py:3954} INFO - Setting next_dagrun for example_weekday_branch_operator to 2024-12-17 00:00:00+00:00, run_after=2024-12-18 00:00:00+00:00
[2024-12-18T10:05:41.676+0000] {processor.py:183} INFO - Processing /home/airflow/.local/lib/python3.12/site-packages/airflow/example_dags/example_branch_day_of_week_operator.py took 0.094 seconds
[2024-12-18T10:06:11.932+0000] {processor.py:161} INFO - Started process (PID=854) to work on /home/airflow/.local/lib/python3.12/site-packages/airflow/example_dags/example_branch_day_of_week_operator.py
[2024-12-18T10:06:11.934+0000] {processor.py:830} INFO - Processing file /home/airflow/.local/lib/python3.12/site-packages/airflow/example_dags/example_branch_day_of_week_operator.py for tasks to queue
[2024-12-18T10:06:11.937+0000] {logging_mixin.py:188} INFO - [2024-12-18T10:06:11.936+0000] {dagbag.py:545} INFO - Filling up the DagBag from /home/airflow/.local/lib/python3.12/site-packages/airflow/example_dags/example_branch_day_of_week_operator.py
[2024-12-18T10:06:11.945+0000] {processor.py:840} INFO - DAG(s) 'example_weekday_branch_operator' retrieved from /home/airflow/.local/lib/python3.12/site-packages/airflow/example_dags/example_branch_day_of_week_operator.py
[2024-12-18T10:06:11.970+0000] {logging_mixin.py:188} INFO - [2024-12-18T10:06:11.969+0000] {dag.py:3096} INFO - Sync 1 DAGs
[2024-12-18T10:06:11.993+0000] {logging_mixin.py:188} INFO - [2024-12-18T10:06:11.993+0000] {dag.py:3954} INFO - Setting next_dagrun for example_weekday_branch_operator to 2024-12-17 00:00:00+00:00, run_after=2024-12-18 00:00:00+00:00
[2024-12-18T10:06:12.021+0000] {processor.py:183} INFO - Processing /home/airflow/.local/lib/python3.12/site-packages/airflow/example_dags/example_branch_day_of_week_operator.py took 0.093 seconds
[2024-12-18T10:06:42.368+0000] {processor.py:161} INFO - Started process (PID=912) to work on /home/airflow/.local/lib/python3.12/site-packages/airflow/example_dags/example_branch_day_of_week_operator.py
[2024-12-18T10:06:42.369+0000] {processor.py:830} INFO - Processing file /home/airflow/.local/lib/python3.12/site-packages/airflow/example_dags/example_branch_day_of_week_operator.py for tasks to queue
[2024-12-18T10:06:42.372+0000] {logging_mixin.py:188} INFO - [2024-12-18T10:06:42.372+0000] {dagbag.py:545} INFO - Filling up the DagBag from /home/airflow/.local/lib/python3.12/site-packages/airflow/example_dags/example_branch_day_of_week_operator.py
[2024-12-18T10:06:42.379+0000] {processor.py:840} INFO - DAG(s) 'example_weekday_branch_operator' retrieved from /home/airflow/.local/lib/python3.12/site-packages/airflow/example_dags/example_branch_day_of_week_operator.py
[2024-12-18T10:06:42.403+0000] {logging_mixin.py:188} INFO - [2024-12-18T10:06:42.403+0000] {dag.py:3096} INFO - Sync 1 DAGs
[2024-12-18T10:06:42.427+0000] {logging_mixin.py:188} INFO - [2024-12-18T10:06:42.426+0000] {dag.py:3954} INFO - Setting next_dagrun for example_weekday_branch_operator to 2024-12-17 00:00:00+00:00, run_after=2024-12-18 00:00:00+00:00
[2024-12-18T10:06:42.451+0000] {processor.py:183} INFO - Processing /home/airflow/.local/lib/python3.12/site-packages/airflow/example_dags/example_branch_day_of_week_operator.py took 0.088 seconds
[2024-12-18T10:07:12.945+0000] {processor.py:161} INFO - Started process (PID=970) to work on /home/airflow/.local/lib/python3.12/site-packages/airflow/example_dags/example_branch_day_of_week_operator.py
[2024-12-18T10:07:12.946+0000] {processor.py:830} INFO - Processing file /home/airflow/.local/lib/python3.12/site-packages/airflow/example_dags/example_branch_day_of_week_operator.py for tasks to queue
[2024-12-18T10:07:12.949+0000] {logging_mixin.py:188} INFO - [2024-12-18T10:07:12.948+0000] {dagbag.py:545} INFO - Filling up the DagBag from /home/airflow/.local/lib/python3.12/site-packages/airflow/example_dags/example_branch_day_of_week_operator.py
[2024-12-18T10:07:12.959+0000] {processor.py:840} INFO - DAG(s) 'example_weekday_branch_operator' retrieved from /home/airflow/.local/lib/python3.12/site-packages/airflow/example_dags/example_branch_day_of_week_operator.py
[2024-12-18T10:07:12.985+0000] {logging_mixin.py:188} INFO - [2024-12-18T10:07:12.985+0000] {dag.py:3096} INFO - Sync 1 DAGs
[2024-12-18T10:07:13.013+0000] {logging_mixin.py:188} INFO - [2024-12-18T10:07:13.013+0000] {dag.py:3954} INFO - Setting next_dagrun for example_weekday_branch_operator to 2024-12-17 00:00:00+00:00, run_after=2024-12-18 00:00:00+00:00
[2024-12-18T10:07:13.042+0000] {processor.py:183} INFO - Processing /home/airflow/.local/lib/python3.12/site-packages/airflow/example_dags/example_branch_day_of_week_operator.py took 0.103 seconds
[2024-12-18T10:07:43.281+0000] {processor.py:161} INFO - Started process (PID=1028) to work on /home/airflow/.local/lib/python3.12/site-packages/airflow/example_dags/example_branch_day_of_week_operator.py
[2024-12-18T10:07:43.282+0000] {processor.py:830} INFO - Processing file /home/airflow/.local/lib/python3.12/site-packages/airflow/example_dags/example_branch_day_of_week_operator.py for tasks to queue
[2024-12-18T10:07:43.284+0000] {logging_mixin.py:188} INFO - [2024-12-18T10:07:43.284+0000] {dagbag.py:545} INFO - Filling up the DagBag from /home/airflow/.local/lib/python3.12/site-packages/airflow/example_dags/example_branch_day_of_week_operator.py
[2024-12-18T10:07:43.292+0000] {processor.py:840} INFO - DAG(s) 'example_weekday_branch_operator' retrieved from /home/airflow/.local/lib/python3.12/site-packages/airflow/example_dags/example_branch_day_of_week_operator.py
[2024-12-18T10:07:43.322+0000] {logging_mixin.py:188} INFO - [2024-12-18T10:07:43.321+0000] {dag.py:3096} INFO - Sync 1 DAGs
[2024-12-18T10:07:43.354+0000] {logging_mixin.py:188} INFO - [2024-12-18T10:07:43.354+0000] {dag.py:3954} INFO - Setting next_dagrun for example_weekday_branch_operator to 2024-12-17 00:00:00+00:00, run_after=2024-12-18 00:00:00+00:00
[2024-12-18T10:07:43.386+0000] {processor.py:183} INFO - Processing /home/airflow/.local/lib/python3.12/site-packages/airflow/example_dags/example_branch_day_of_week_operator.py took 0.113 seconds
[2024-12-18T10:08:13.641+0000] {processor.py:161} INFO - Started process (PID=1086) to work on /home/airflow/.local/lib/python3.12/site-packages/airflow/example_dags/example_branch_day_of_week_operator.py
[2024-12-18T10:08:13.642+0000] {processor.py:830} INFO - Processing file /home/airflow/.local/lib/python3.12/site-packages/airflow/example_dags/example_branch_day_of_week_operator.py for tasks to queue
[2024-12-18T10:08:13.645+0000] {logging_mixin.py:188} INFO - [2024-12-18T10:08:13.645+0000] {dagbag.py:545} INFO - Filling up the DagBag from /home/airflow/.local/lib/python3.12/site-packages/airflow/example_dags/example_branch_day_of_week_operator.py
[2024-12-18T10:08:13.652+0000] {processor.py:840} INFO - DAG(s) 'example_weekday_branch_operator' retrieved from /home/airflow/.local/lib/python3.12/site-packages/airflow/example_dags/example_branch_day_of_week_operator.py
[2024-12-18T10:08:13.676+0000] {logging_mixin.py:188} INFO - [2024-12-18T10:08:13.676+0000] {dag.py:3096} INFO - Sync 1 DAGs
[2024-12-18T10:08:13.702+0000] {logging_mixin.py:188} INFO - [2024-12-18T10:08:13.702+0000] {dag.py:3954} INFO - Setting next_dagrun for example_weekday_branch_operator to 2024-12-17 00:00:00+00:00, run_after=2024-12-18 00:00:00+00:00
[2024-12-18T10:08:13.729+0000] {processor.py:183} INFO - Processing /home/airflow/.local/lib/python3.12/site-packages/airflow/example_dags/example_branch_day_of_week_operator.py took 0.093 seconds
[2024-12-18T10:08:43.829+0000] {processor.py:161} INFO - Started process (PID=1143) to work on /home/airflow/.local/lib/python3.12/site-packages/airflow/example_dags/example_branch_day_of_week_operator.py
[2024-12-18T10:08:43.830+0000] {processor.py:830} INFO - Processing file /home/airflow/.local/lib/python3.12/site-packages/airflow/example_dags/example_branch_day_of_week_operator.py for tasks to queue
[2024-12-18T10:08:43.834+0000] {logging_mixin.py:188} INFO - [2024-12-18T10:08:43.833+0000] {dagbag.py:545} INFO - Filling up the DagBag from /home/airflow/.local/lib/python3.12/site-packages/airflow/example_dags/example_branch_day_of_week_operator.py
[2024-12-18T10:08:43.842+0000] {processor.py:840} INFO - DAG(s) 'example_weekday_branch_operator' retrieved from /home/airflow/.local/lib/python3.12/site-packages/airflow/example_dags/example_branch_day_of_week_operator.py
[2024-12-18T10:08:43.869+0000] {logging_mixin.py:188} INFO - [2024-12-18T10:08:43.868+0000] {dag.py:3096} INFO - Sync 1 DAGs
[2024-12-18T10:08:43.897+0000] {logging_mixin.py:188} INFO - [2024-12-18T10:08:43.896+0000] {dag.py:3954} INFO - Setting next_dagrun for example_weekday_branch_operator to 2024-12-17 00:00:00+00:00, run_after=2024-12-18 00:00:00+00:00
[2024-12-18T10:08:43.924+0000] {processor.py:183} INFO - Processing /home/airflow/.local/lib/python3.12/site-packages/airflow/example_dags/example_branch_day_of_week_operator.py took 0.101 seconds
[2024-12-18T10:09:14.024+0000] {processor.py:161} INFO - Started process (PID=1201) to work on /home/airflow/.local/lib/python3.12/site-packages/airflow/example_dags/example_branch_day_of_week_operator.py
[2024-12-18T10:09:14.025+0000] {processor.py:830} INFO - Processing file /home/airflow/.local/lib/python3.12/site-packages/airflow/example_dags/example_branch_day_of_week_operator.py for tasks to queue
[2024-12-18T10:09:14.029+0000] {logging_mixin.py:188} INFO - [2024-12-18T10:09:14.028+0000] {dagbag.py:545} INFO - Filling up the DagBag from /home/airflow/.local/lib/python3.12/site-packages/airflow/example_dags/example_branch_day_of_week_operator.py
[2024-12-18T10:09:14.039+0000] {processor.py:840} INFO - DAG(s) 'example_weekday_branch_operator' retrieved from /home/airflow/.local/lib/python3.12/site-packages/airflow/example_dags/example_branch_day_of_week_operator.py
[2024-12-18T10:09:14.063+0000] {logging_mixin.py:188} INFO - [2024-12-18T10:09:14.062+0000] {dag.py:3096} INFO - Sync 1 DAGs
[2024-12-18T10:09:14.091+0000] {logging_mixin.py:188} INFO - [2024-12-18T10:09:14.090+0000] {dag.py:3954} INFO - Setting next_dagrun for example_weekday_branch_operator to 2024-12-17 00:00:00+00:00, run_after=2024-12-18 00:00:00+00:00
[2024-12-18T10:09:14.116+0000] {processor.py:183} INFO - Processing /home/airflow/.local/lib/python3.12/site-packages/airflow/example_dags/example_branch_day_of_week_operator.py took 0.098 seconds
[2024-12-18T10:09:44.318+0000] {processor.py:161} INFO - Started process (PID=1259) to work on /home/airflow/.local/lib/python3.12/site-packages/airflow/example_dags/example_branch_day_of_week_operator.py
[2024-12-18T10:09:44.319+0000] {processor.py:830} INFO - Processing file /home/airflow/.local/lib/python3.12/site-packages/airflow/example_dags/example_branch_day_of_week_operator.py for tasks to queue
[2024-12-18T10:09:44.321+0000] {logging_mixin.py:188} INFO - [2024-12-18T10:09:44.321+0000] {dagbag.py:545} INFO - Filling up the DagBag from /home/airflow/.local/lib/python3.12/site-packages/airflow/example_dags/example_branch_day_of_week_operator.py
[2024-12-18T10:09:44.330+0000] {processor.py:840} INFO - DAG(s) 'example_weekday_branch_operator' retrieved from /home/airflow/.local/lib/python3.12/site-packages/airflow/example_dags/example_branch_day_of_week_operator.py
[2024-12-18T10:09:44.354+0000] {logging_mixin.py:188} INFO - [2024-12-18T10:09:44.354+0000] {dag.py:3096} INFO - Sync 1 DAGs
[2024-12-18T10:09:44.380+0000] {logging_mixin.py:188} INFO - [2024-12-18T10:09:44.380+0000] {dag.py:3954} INFO - Setting next_dagrun for example_weekday_branch_operator to 2024-12-17 00:00:00+00:00, run_after=2024-12-18 00:00:00+00:00
[2024-12-18T10:09:44.406+0000] {processor.py:183} INFO - Processing /home/airflow/.local/lib/python3.12/site-packages/airflow/example_dags/example_branch_day_of_week_operator.py took 0.093 seconds
[2024-12-18T10:10:14.822+0000] {processor.py:161} INFO - Started process (PID=1317) to work on /home/airflow/.local/lib/python3.12/site-packages/airflow/example_dags/example_branch_day_of_week_operator.py
[2024-12-18T10:10:14.823+0000] {processor.py:830} INFO - Processing file /home/airflow/.local/lib/python3.12/site-packages/airflow/example_dags/example_branch_day_of_week_operator.py for tasks to queue
[2024-12-18T10:10:14.825+0000] {logging_mixin.py:188} INFO - [2024-12-18T10:10:14.825+0000] {dagbag.py:545} INFO - Filling up the DagBag from /home/airflow/.local/lib/python3.12/site-packages/airflow/example_dags/example_branch_day_of_week_operator.py
[2024-12-18T10:10:14.833+0000] {processor.py:840} INFO - DAG(s) 'example_weekday_branch_operator' retrieved from /home/airflow/.local/lib/python3.12/site-packages/airflow/example_dags/example_branch_day_of_week_operator.py
[2024-12-18T10:10:14.855+0000] {logging_mixin.py:188} INFO - [2024-12-18T10:10:14.855+0000] {dag.py:3096} INFO - Sync 1 DAGs
[2024-12-18T10:10:14.881+0000] {logging_mixin.py:188} INFO - [2024-12-18T10:10:14.881+0000] {dag.py:3954} INFO - Setting next_dagrun for example_weekday_branch_operator to 2024-12-17 00:00:00+00:00, run_after=2024-12-18 00:00:00+00:00
[2024-12-18T10:10:14.908+0000] {processor.py:183} INFO - Processing /home/airflow/.local/lib/python3.12/site-packages/airflow/example_dags/example_branch_day_of_week_operator.py took 0.093 seconds
[2024-12-18T10:10:45.955+0000] {processor.py:161} INFO - Started process (PID=1375) to work on /home/airflow/.local/lib/python3.12/site-packages/airflow/example_dags/example_branch_day_of_week_operator.py
[2024-12-18T10:10:45.956+0000] {processor.py:830} INFO - Processing file /home/airflow/.local/lib/python3.12/site-packages/airflow/example_dags/example_branch_day_of_week_operator.py for tasks to queue
[2024-12-18T10:10:45.959+0000] {logging_mixin.py:188} INFO - [2024-12-18T10:10:45.958+0000] {dagbag.py:545} INFO - Filling up the DagBag from /home/airflow/.local/lib/python3.12/site-packages/airflow/example_dags/example_branch_day_of_week_operator.py
[2024-12-18T10:10:45.967+0000] {processor.py:840} INFO - DAG(s) 'example_weekday_branch_operator' retrieved from /home/airflow/.local/lib/python3.12/site-packages/airflow/example_dags/example_branch_day_of_week_operator.py
[2024-12-18T10:10:45.992+0000] {logging_mixin.py:188} INFO - [2024-12-18T10:10:45.991+0000] {dag.py:3096} INFO - Sync 1 DAGs
[2024-12-18T10:10:46.023+0000] {logging_mixin.py:188} INFO - [2024-12-18T10:10:46.022+0000] {dag.py:3954} INFO - Setting next_dagrun for example_weekday_branch_operator to 2024-12-17 00:00:00+00:00, run_after=2024-12-18 00:00:00+00:00
[2024-12-18T10:10:46.051+0000] {processor.py:183} INFO - Processing /home/airflow/.local/lib/python3.12/site-packages/airflow/example_dags/example_branch_day_of_week_operator.py took 0.101 seconds
