[2024-12-18T09:59:34.948+0000] {processor.py:161} INFO - Started process (PID=91) to work on /home/airflow/.local/lib/python3.12/site-packages/airflow/example_dags/example_local_kubernetes_executor.py
[2024-12-18T09:59:34.951+0000] {processor.py:830} INFO - Processing file /home/airflow/.local/lib/python3.12/site-packages/airflow/example_dags/example_local_kubernetes_executor.py for tasks to queue
[2024-12-18T09:59:34.956+0000] {logging_mixin.py:188} INFO - [2024-12-18T09:59:34.955+0000] {dagbag.py:545} INFO - Filling up the DagBag from /home/airflow/.local/lib/python3.12/site-packages/airflow/example_dags/example_local_kubernetes_executor.py
[2024-12-18T09:59:34.977+0000] {processor.py:840} INFO - DAG(s) 'example_local_kubernetes_executor' retrieved from /home/airflow/.local/lib/python3.12/site-packages/airflow/example_dags/example_local_kubernetes_executor.py
[2024-12-18T09:59:35.221+0000] {logging_mixin.py:188} INFO - [2024-12-18T09:59:35.220+0000] {override.py:1829} INFO - Created Permission View: can delete on DAG:example_local_kubernetes_executor
[2024-12-18T09:59:35.240+0000] {logging_mixin.py:188} INFO - [2024-12-18T09:59:35.239+0000] {override.py:1829} INFO - Created Permission View: can read on DAG:example_local_kubernetes_executor
[2024-12-18T09:59:35.255+0000] {logging_mixin.py:188} INFO - [2024-12-18T09:59:35.254+0000] {override.py:1829} INFO - Created Permission View: can edit on DAG:example_local_kubernetes_executor
[2024-12-18T09:59:35.256+0000] {logging_mixin.py:188} INFO - [2024-12-18T09:59:35.256+0000] {dag.py:3096} INFO - Sync 1 DAGs
[2024-12-18T09:59:35.279+0000] {logging_mixin.py:188} INFO - [2024-12-18T09:59:35.279+0000] {dag.py:3118} INFO - Creating ORM DAG for example_local_kubernetes_executor
[2024-12-18T09:59:35.281+0000] {logging_mixin.py:188} INFO - [2024-12-18T09:59:35.280+0000] {dag.py:3954} INFO - Setting next_dagrun for example_local_kubernetes_executor to None, run_after=None
[2024-12-18T09:59:35.314+0000] {processor.py:183} INFO - Processing /home/airflow/.local/lib/python3.12/site-packages/airflow/example_dags/example_local_kubernetes_executor.py took 0.377 seconds
[2024-12-18T10:00:05.777+0000] {processor.py:161} INFO - Started process (PID=149) to work on /home/airflow/.local/lib/python3.12/site-packages/airflow/example_dags/example_local_kubernetes_executor.py
[2024-12-18T10:00:05.778+0000] {processor.py:830} INFO - Processing file /home/airflow/.local/lib/python3.12/site-packages/airflow/example_dags/example_local_kubernetes_executor.py for tasks to queue
[2024-12-18T10:00:05.780+0000] {logging_mixin.py:188} INFO - [2024-12-18T10:00:05.780+0000] {dagbag.py:545} INFO - Filling up the DagBag from /home/airflow/.local/lib/python3.12/site-packages/airflow/example_dags/example_local_kubernetes_executor.py
[2024-12-18T10:00:05.790+0000] {processor.py:840} INFO - DAG(s) 'example_local_kubernetes_executor' retrieved from /home/airflow/.local/lib/python3.12/site-packages/airflow/example_dags/example_local_kubernetes_executor.py
[2024-12-18T10:00:05.828+0000] {logging_mixin.py:188} INFO - [2024-12-18T10:00:05.827+0000] {dag.py:3096} INFO - Sync 1 DAGs
[2024-12-18T10:00:05.846+0000] {logging_mixin.py:188} INFO - [2024-12-18T10:00:05.846+0000] {dag.py:3954} INFO - Setting next_dagrun for example_local_kubernetes_executor to None, run_after=None
[2024-12-18T10:00:05.875+0000] {processor.py:183} INFO - Processing /home/airflow/.local/lib/python3.12/site-packages/airflow/example_dags/example_local_kubernetes_executor.py took 0.103 seconds
[2024-12-18T10:00:36.709+0000] {processor.py:161} INFO - Started process (PID=207) to work on /home/airflow/.local/lib/python3.12/site-packages/airflow/example_dags/example_local_kubernetes_executor.py
[2024-12-18T10:00:36.710+0000] {processor.py:830} INFO - Processing file /home/airflow/.local/lib/python3.12/site-packages/airflow/example_dags/example_local_kubernetes_executor.py for tasks to queue
[2024-12-18T10:00:36.712+0000] {logging_mixin.py:188} INFO - [2024-12-18T10:00:36.712+0000] {dagbag.py:545} INFO - Filling up the DagBag from /home/airflow/.local/lib/python3.12/site-packages/airflow/example_dags/example_local_kubernetes_executor.py
[2024-12-18T10:00:36.721+0000] {processor.py:840} INFO - DAG(s) 'example_local_kubernetes_executor' retrieved from /home/airflow/.local/lib/python3.12/site-packages/airflow/example_dags/example_local_kubernetes_executor.py
[2024-12-18T10:00:36.767+0000] {logging_mixin.py:188} INFO - [2024-12-18T10:00:36.766+0000] {dag.py:3096} INFO - Sync 1 DAGs
[2024-12-18T10:00:36.784+0000] {logging_mixin.py:188} INFO - [2024-12-18T10:00:36.783+0000] {dag.py:3954} INFO - Setting next_dagrun for example_local_kubernetes_executor to None, run_after=None
[2024-12-18T10:00:36.810+0000] {processor.py:183} INFO - Processing /home/airflow/.local/lib/python3.12/site-packages/airflow/example_dags/example_local_kubernetes_executor.py took 0.108 seconds
[2024-12-18T10:01:06.883+0000] {processor.py:161} INFO - Started process (PID=265) to work on /home/airflow/.local/lib/python3.12/site-packages/airflow/example_dags/example_local_kubernetes_executor.py
[2024-12-18T10:01:06.885+0000] {processor.py:830} INFO - Processing file /home/airflow/.local/lib/python3.12/site-packages/airflow/example_dags/example_local_kubernetes_executor.py for tasks to queue
[2024-12-18T10:01:06.888+0000] {logging_mixin.py:188} INFO - [2024-12-18T10:01:06.887+0000] {dagbag.py:545} INFO - Filling up the DagBag from /home/airflow/.local/lib/python3.12/site-packages/airflow/example_dags/example_local_kubernetes_executor.py
[2024-12-18T10:01:06.897+0000] {processor.py:840} INFO - DAG(s) 'example_local_kubernetes_executor' retrieved from /home/airflow/.local/lib/python3.12/site-packages/airflow/example_dags/example_local_kubernetes_executor.py
[2024-12-18T10:01:06.944+0000] {logging_mixin.py:188} INFO - [2024-12-18T10:01:06.944+0000] {dag.py:3096} INFO - Sync 1 DAGs
[2024-12-18T10:01:06.963+0000] {logging_mixin.py:188} INFO - [2024-12-18T10:01:06.962+0000] {dag.py:3954} INFO - Setting next_dagrun for example_local_kubernetes_executor to None, run_after=None
[2024-12-18T10:01:06.993+0000] {processor.py:183} INFO - Processing /home/airflow/.local/lib/python3.12/site-packages/airflow/example_dags/example_local_kubernetes_executor.py took 0.116 seconds
[2024-12-18T10:01:37.265+0000] {processor.py:161} INFO - Started process (PID=323) to work on /home/airflow/.local/lib/python3.12/site-packages/airflow/example_dags/example_local_kubernetes_executor.py
[2024-12-18T10:01:37.266+0000] {processor.py:830} INFO - Processing file /home/airflow/.local/lib/python3.12/site-packages/airflow/example_dags/example_local_kubernetes_executor.py for tasks to queue
[2024-12-18T10:01:37.268+0000] {logging_mixin.py:188} INFO - [2024-12-18T10:01:37.267+0000] {dagbag.py:545} INFO - Filling up the DagBag from /home/airflow/.local/lib/python3.12/site-packages/airflow/example_dags/example_local_kubernetes_executor.py
[2024-12-18T10:01:37.274+0000] {processor.py:840} INFO - DAG(s) 'example_local_kubernetes_executor' retrieved from /home/airflow/.local/lib/python3.12/site-packages/airflow/example_dags/example_local_kubernetes_executor.py
[2024-12-18T10:01:37.313+0000] {logging_mixin.py:188} INFO - [2024-12-18T10:01:37.313+0000] {dag.py:3096} INFO - Sync 1 DAGs
[2024-12-18T10:01:37.328+0000] {logging_mixin.py:188} INFO - [2024-12-18T10:01:37.328+0000] {dag.py:3954} INFO - Setting next_dagrun for example_local_kubernetes_executor to None, run_after=None
[2024-12-18T10:01:37.352+0000] {processor.py:183} INFO - Processing /home/airflow/.local/lib/python3.12/site-packages/airflow/example_dags/example_local_kubernetes_executor.py took 0.093 seconds
[2024-12-18T10:02:07.646+0000] {processor.py:161} INFO - Started process (PID=381) to work on /home/airflow/.local/lib/python3.12/site-packages/airflow/example_dags/example_local_kubernetes_executor.py
[2024-12-18T10:02:07.648+0000] {processor.py:830} INFO - Processing file /home/airflow/.local/lib/python3.12/site-packages/airflow/example_dags/example_local_kubernetes_executor.py for tasks to queue
[2024-12-18T10:02:07.650+0000] {logging_mixin.py:188} INFO - [2024-12-18T10:02:07.649+0000] {dagbag.py:545} INFO - Filling up the DagBag from /home/airflow/.local/lib/python3.12/site-packages/airflow/example_dags/example_local_kubernetes_executor.py
[2024-12-18T10:02:07.658+0000] {processor.py:840} INFO - DAG(s) 'example_local_kubernetes_executor' retrieved from /home/airflow/.local/lib/python3.12/site-packages/airflow/example_dags/example_local_kubernetes_executor.py
[2024-12-18T10:02:07.698+0000] {logging_mixin.py:188} INFO - [2024-12-18T10:02:07.698+0000] {dag.py:3096} INFO - Sync 1 DAGs
[2024-12-18T10:02:07.713+0000] {logging_mixin.py:188} INFO - [2024-12-18T10:02:07.713+0000] {dag.py:3954} INFO - Setting next_dagrun for example_local_kubernetes_executor to None, run_after=None
[2024-12-18T10:02:07.739+0000] {processor.py:183} INFO - Processing /home/airflow/.local/lib/python3.12/site-packages/airflow/example_dags/example_local_kubernetes_executor.py took 0.098 seconds
[2024-12-18T10:02:37.911+0000] {processor.py:161} INFO - Started process (PID=439) to work on /home/airflow/.local/lib/python3.12/site-packages/airflow/example_dags/example_local_kubernetes_executor.py
[2024-12-18T10:02:37.912+0000] {processor.py:830} INFO - Processing file /home/airflow/.local/lib/python3.12/site-packages/airflow/example_dags/example_local_kubernetes_executor.py for tasks to queue
[2024-12-18T10:02:37.915+0000] {logging_mixin.py:188} INFO - [2024-12-18T10:02:37.914+0000] {dagbag.py:545} INFO - Filling up the DagBag from /home/airflow/.local/lib/python3.12/site-packages/airflow/example_dags/example_local_kubernetes_executor.py
[2024-12-18T10:02:37.924+0000] {processor.py:840} INFO - DAG(s) 'example_local_kubernetes_executor' retrieved from /home/airflow/.local/lib/python3.12/site-packages/airflow/example_dags/example_local_kubernetes_executor.py
[2024-12-18T10:02:37.965+0000] {logging_mixin.py:188} INFO - [2024-12-18T10:02:37.965+0000] {dag.py:3096} INFO - Sync 1 DAGs
[2024-12-18T10:02:37.981+0000] {logging_mixin.py:188} INFO - [2024-12-18T10:02:37.981+0000] {dag.py:3954} INFO - Setting next_dagrun for example_local_kubernetes_executor to None, run_after=None
[2024-12-18T10:02:38.008+0000] {processor.py:183} INFO - Processing /home/airflow/.local/lib/python3.12/site-packages/airflow/example_dags/example_local_kubernetes_executor.py took 0.103 seconds
[2024-12-18T10:03:08.056+0000] {processor.py:161} INFO - Started process (PID=497) to work on /home/airflow/.local/lib/python3.12/site-packages/airflow/example_dags/example_local_kubernetes_executor.py
[2024-12-18T10:03:08.057+0000] {processor.py:830} INFO - Processing file /home/airflow/.local/lib/python3.12/site-packages/airflow/example_dags/example_local_kubernetes_executor.py for tasks to queue
[2024-12-18T10:03:08.059+0000] {logging_mixin.py:188} INFO - [2024-12-18T10:03:08.059+0000] {dagbag.py:545} INFO - Filling up the DagBag from /home/airflow/.local/lib/python3.12/site-packages/airflow/example_dags/example_local_kubernetes_executor.py
[2024-12-18T10:03:08.065+0000] {processor.py:840} INFO - DAG(s) 'example_local_kubernetes_executor' retrieved from /home/airflow/.local/lib/python3.12/site-packages/airflow/example_dags/example_local_kubernetes_executor.py
[2024-12-18T10:03:08.105+0000] {logging_mixin.py:188} INFO - [2024-12-18T10:03:08.104+0000] {dag.py:3096} INFO - Sync 1 DAGs
[2024-12-18T10:03:08.120+0000] {logging_mixin.py:188} INFO - [2024-12-18T10:03:08.120+0000] {dag.py:3954} INFO - Setting next_dagrun for example_local_kubernetes_executor to None, run_after=None
[2024-12-18T10:03:08.148+0000] {processor.py:183} INFO - Processing /home/airflow/.local/lib/python3.12/site-packages/airflow/example_dags/example_local_kubernetes_executor.py took 0.097 seconds
[2024-12-18T10:03:38.417+0000] {processor.py:161} INFO - Started process (PID=554) to work on /home/airflow/.local/lib/python3.12/site-packages/airflow/example_dags/example_local_kubernetes_executor.py
[2024-12-18T10:03:38.418+0000] {processor.py:830} INFO - Processing file /home/airflow/.local/lib/python3.12/site-packages/airflow/example_dags/example_local_kubernetes_executor.py for tasks to queue
[2024-12-18T10:03:38.421+0000] {logging_mixin.py:188} INFO - [2024-12-18T10:03:38.420+0000] {dagbag.py:545} INFO - Filling up the DagBag from /home/airflow/.local/lib/python3.12/site-packages/airflow/example_dags/example_local_kubernetes_executor.py
[2024-12-18T10:03:38.427+0000] {processor.py:840} INFO - DAG(s) 'example_local_kubernetes_executor' retrieved from /home/airflow/.local/lib/python3.12/site-packages/airflow/example_dags/example_local_kubernetes_executor.py
[2024-12-18T10:03:38.463+0000] {logging_mixin.py:188} INFO - [2024-12-18T10:03:38.463+0000] {dag.py:3096} INFO - Sync 1 DAGs
[2024-12-18T10:03:38.476+0000] {logging_mixin.py:188} INFO - [2024-12-18T10:03:38.476+0000] {dag.py:3954} INFO - Setting next_dagrun for example_local_kubernetes_executor to None, run_after=None
[2024-12-18T10:03:38.502+0000] {processor.py:183} INFO - Processing /home/airflow/.local/lib/python3.12/site-packages/airflow/example_dags/example_local_kubernetes_executor.py took 0.090 seconds
[2024-12-18T10:04:09.101+0000] {processor.py:161} INFO - Started process (PID=613) to work on /home/airflow/.local/lib/python3.12/site-packages/airflow/example_dags/example_local_kubernetes_executor.py
[2024-12-18T10:04:09.102+0000] {processor.py:830} INFO - Processing file /home/airflow/.local/lib/python3.12/site-packages/airflow/example_dags/example_local_kubernetes_executor.py for tasks to queue
[2024-12-18T10:04:09.105+0000] {logging_mixin.py:188} INFO - [2024-12-18T10:04:09.104+0000] {dagbag.py:545} INFO - Filling up the DagBag from /home/airflow/.local/lib/python3.12/site-packages/airflow/example_dags/example_local_kubernetes_executor.py
[2024-12-18T10:04:09.113+0000] {processor.py:840} INFO - DAG(s) 'example_local_kubernetes_executor' retrieved from /home/airflow/.local/lib/python3.12/site-packages/airflow/example_dags/example_local_kubernetes_executor.py
[2024-12-18T10:04:09.162+0000] {logging_mixin.py:188} INFO - [2024-12-18T10:04:09.161+0000] {dag.py:3096} INFO - Sync 1 DAGs
[2024-12-18T10:04:09.174+0000] {logging_mixin.py:188} INFO - [2024-12-18T10:04:09.174+0000] {dag.py:3954} INFO - Setting next_dagrun for example_local_kubernetes_executor to None, run_after=None
[2024-12-18T10:04:09.200+0000] {processor.py:183} INFO - Processing /home/airflow/.local/lib/python3.12/site-packages/airflow/example_dags/example_local_kubernetes_executor.py took 0.105 seconds
[2024-12-18T10:04:40.104+0000] {processor.py:161} INFO - Started process (PID=671) to work on /home/airflow/.local/lib/python3.12/site-packages/airflow/example_dags/example_local_kubernetes_executor.py
[2024-12-18T10:04:40.106+0000] {processor.py:830} INFO - Processing file /home/airflow/.local/lib/python3.12/site-packages/airflow/example_dags/example_local_kubernetes_executor.py for tasks to queue
[2024-12-18T10:04:40.108+0000] {logging_mixin.py:188} INFO - [2024-12-18T10:04:40.107+0000] {dagbag.py:545} INFO - Filling up the DagBag from /home/airflow/.local/lib/python3.12/site-packages/airflow/example_dags/example_local_kubernetes_executor.py
[2024-12-18T10:04:40.114+0000] {processor.py:840} INFO - DAG(s) 'example_local_kubernetes_executor' retrieved from /home/airflow/.local/lib/python3.12/site-packages/airflow/example_dags/example_local_kubernetes_executor.py
[2024-12-18T10:04:40.153+0000] {logging_mixin.py:188} INFO - [2024-12-18T10:04:40.153+0000] {dag.py:3096} INFO - Sync 1 DAGs
[2024-12-18T10:04:40.167+0000] {logging_mixin.py:188} INFO - [2024-12-18T10:04:40.167+0000] {dag.py:3954} INFO - Setting next_dagrun for example_local_kubernetes_executor to None, run_after=None
[2024-12-18T10:04:40.192+0000] {processor.py:183} INFO - Processing /home/airflow/.local/lib/python3.12/site-packages/airflow/example_dags/example_local_kubernetes_executor.py took 0.092 seconds
[2024-12-18T10:05:10.284+0000] {processor.py:161} INFO - Started process (PID=728) to work on /home/airflow/.local/lib/python3.12/site-packages/airflow/example_dags/example_local_kubernetes_executor.py
[2024-12-18T10:05:10.285+0000] {processor.py:830} INFO - Processing file /home/airflow/.local/lib/python3.12/site-packages/airflow/example_dags/example_local_kubernetes_executor.py for tasks to queue
[2024-12-18T10:05:10.288+0000] {logging_mixin.py:188} INFO - [2024-12-18T10:05:10.288+0000] {dagbag.py:545} INFO - Filling up the DagBag from /home/airflow/.local/lib/python3.12/site-packages/airflow/example_dags/example_local_kubernetes_executor.py
[2024-12-18T10:05:10.298+0000] {processor.py:840} INFO - DAG(s) 'example_local_kubernetes_executor' retrieved from /home/airflow/.local/lib/python3.12/site-packages/airflow/example_dags/example_local_kubernetes_executor.py
[2024-12-18T10:05:10.360+0000] {logging_mixin.py:188} INFO - [2024-12-18T10:05:10.359+0000] {dag.py:3096} INFO - Sync 1 DAGs
[2024-12-18T10:05:10.378+0000] {logging_mixin.py:188} INFO - [2024-12-18T10:05:10.378+0000] {dag.py:3954} INFO - Setting next_dagrun for example_local_kubernetes_executor to None, run_after=None
[2024-12-18T10:05:10.414+0000] {processor.py:183} INFO - Processing /home/airflow/.local/lib/python3.12/site-packages/airflow/example_dags/example_local_kubernetes_executor.py took 0.139 seconds
[2024-12-18T10:05:40.964+0000] {processor.py:161} INFO - Started process (PID=787) to work on /home/airflow/.local/lib/python3.12/site-packages/airflow/example_dags/example_local_kubernetes_executor.py
[2024-12-18T10:05:40.965+0000] {processor.py:830} INFO - Processing file /home/airflow/.local/lib/python3.12/site-packages/airflow/example_dags/example_local_kubernetes_executor.py for tasks to queue
[2024-12-18T10:05:40.967+0000] {logging_mixin.py:188} INFO - [2024-12-18T10:05:40.967+0000] {dagbag.py:545} INFO - Filling up the DagBag from /home/airflow/.local/lib/python3.12/site-packages/airflow/example_dags/example_local_kubernetes_executor.py
[2024-12-18T10:05:40.975+0000] {processor.py:840} INFO - DAG(s) 'example_local_kubernetes_executor' retrieved from /home/airflow/.local/lib/python3.12/site-packages/airflow/example_dags/example_local_kubernetes_executor.py
[2024-12-18T10:05:41.015+0000] {logging_mixin.py:188} INFO - [2024-12-18T10:05:41.015+0000] {dag.py:3096} INFO - Sync 1 DAGs
[2024-12-18T10:05:41.032+0000] {logging_mixin.py:188} INFO - [2024-12-18T10:05:41.032+0000] {dag.py:3954} INFO - Setting next_dagrun for example_local_kubernetes_executor to None, run_after=None
[2024-12-18T10:05:41.059+0000] {processor.py:183} INFO - Processing /home/airflow/.local/lib/python3.12/site-packages/airflow/example_dags/example_local_kubernetes_executor.py took 0.101 seconds
[2024-12-18T10:06:11.102+0000] {processor.py:161} INFO - Started process (PID=844) to work on /home/airflow/.local/lib/python3.12/site-packages/airflow/example_dags/example_local_kubernetes_executor.py
[2024-12-18T10:06:11.103+0000] {processor.py:830} INFO - Processing file /home/airflow/.local/lib/python3.12/site-packages/airflow/example_dags/example_local_kubernetes_executor.py for tasks to queue
[2024-12-18T10:06:11.106+0000] {logging_mixin.py:188} INFO - [2024-12-18T10:06:11.106+0000] {dagbag.py:545} INFO - Filling up the DagBag from /home/airflow/.local/lib/python3.12/site-packages/airflow/example_dags/example_local_kubernetes_executor.py
[2024-12-18T10:06:11.116+0000] {processor.py:840} INFO - DAG(s) 'example_local_kubernetes_executor' retrieved from /home/airflow/.local/lib/python3.12/site-packages/airflow/example_dags/example_local_kubernetes_executor.py
[2024-12-18T10:06:11.160+0000] {logging_mixin.py:188} INFO - [2024-12-18T10:06:11.160+0000] {dag.py:3096} INFO - Sync 1 DAGs
[2024-12-18T10:06:11.178+0000] {logging_mixin.py:188} INFO - [2024-12-18T10:06:11.178+0000] {dag.py:3954} INFO - Setting next_dagrun for example_local_kubernetes_executor to None, run_after=None
[2024-12-18T10:06:11.208+0000] {processor.py:183} INFO - Processing /home/airflow/.local/lib/python3.12/site-packages/airflow/example_dags/example_local_kubernetes_executor.py took 0.111 seconds
[2024-12-18T10:06:41.563+0000] {processor.py:161} INFO - Started process (PID=902) to work on /home/airflow/.local/lib/python3.12/site-packages/airflow/example_dags/example_local_kubernetes_executor.py
[2024-12-18T10:06:41.565+0000] {processor.py:830} INFO - Processing file /home/airflow/.local/lib/python3.12/site-packages/airflow/example_dags/example_local_kubernetes_executor.py for tasks to queue
[2024-12-18T10:06:41.567+0000] {logging_mixin.py:188} INFO - [2024-12-18T10:06:41.567+0000] {dagbag.py:545} INFO - Filling up the DagBag from /home/airflow/.local/lib/python3.12/site-packages/airflow/example_dags/example_local_kubernetes_executor.py
[2024-12-18T10:06:41.578+0000] {processor.py:840} INFO - DAG(s) 'example_local_kubernetes_executor' retrieved from /home/airflow/.local/lib/python3.12/site-packages/airflow/example_dags/example_local_kubernetes_executor.py
[2024-12-18T10:06:41.621+0000] {logging_mixin.py:188} INFO - [2024-12-18T10:06:41.621+0000] {dag.py:3096} INFO - Sync 1 DAGs
[2024-12-18T10:06:41.635+0000] {logging_mixin.py:188} INFO - [2024-12-18T10:06:41.635+0000] {dag.py:3954} INFO - Setting next_dagrun for example_local_kubernetes_executor to None, run_after=None
[2024-12-18T10:06:41.660+0000] {processor.py:183} INFO - Processing /home/airflow/.local/lib/python3.12/site-packages/airflow/example_dags/example_local_kubernetes_executor.py took 0.104 seconds
[2024-12-18T10:07:12.064+0000] {processor.py:161} INFO - Started process (PID=960) to work on /home/airflow/.local/lib/python3.12/site-packages/airflow/example_dags/example_local_kubernetes_executor.py
[2024-12-18T10:07:12.066+0000] {processor.py:830} INFO - Processing file /home/airflow/.local/lib/python3.12/site-packages/airflow/example_dags/example_local_kubernetes_executor.py for tasks to queue
[2024-12-18T10:07:12.068+0000] {logging_mixin.py:188} INFO - [2024-12-18T10:07:12.067+0000] {dagbag.py:545} INFO - Filling up the DagBag from /home/airflow/.local/lib/python3.12/site-packages/airflow/example_dags/example_local_kubernetes_executor.py
[2024-12-18T10:07:12.076+0000] {processor.py:840} INFO - DAG(s) 'example_local_kubernetes_executor' retrieved from /home/airflow/.local/lib/python3.12/site-packages/airflow/example_dags/example_local_kubernetes_executor.py
[2024-12-18T10:07:12.113+0000] {logging_mixin.py:188} INFO - [2024-12-18T10:07:12.113+0000] {dag.py:3096} INFO - Sync 1 DAGs
[2024-12-18T10:07:12.127+0000] {logging_mixin.py:188} INFO - [2024-12-18T10:07:12.126+0000] {dag.py:3954} INFO - Setting next_dagrun for example_local_kubernetes_executor to None, run_after=None
[2024-12-18T10:07:12.154+0000] {processor.py:183} INFO - Processing /home/airflow/.local/lib/python3.12/site-packages/airflow/example_dags/example_local_kubernetes_executor.py took 0.094 seconds
[2024-12-18T10:07:42.502+0000] {processor.py:161} INFO - Started process (PID=1018) to work on /home/airflow/.local/lib/python3.12/site-packages/airflow/example_dags/example_local_kubernetes_executor.py
[2024-12-18T10:07:42.503+0000] {processor.py:830} INFO - Processing file /home/airflow/.local/lib/python3.12/site-packages/airflow/example_dags/example_local_kubernetes_executor.py for tasks to queue
[2024-12-18T10:07:42.505+0000] {logging_mixin.py:188} INFO - [2024-12-18T10:07:42.505+0000] {dagbag.py:545} INFO - Filling up the DagBag from /home/airflow/.local/lib/python3.12/site-packages/airflow/example_dags/example_local_kubernetes_executor.py
[2024-12-18T10:07:42.511+0000] {processor.py:840} INFO - DAG(s) 'example_local_kubernetes_executor' retrieved from /home/airflow/.local/lib/python3.12/site-packages/airflow/example_dags/example_local_kubernetes_executor.py
[2024-12-18T10:07:42.551+0000] {logging_mixin.py:188} INFO - [2024-12-18T10:07:42.551+0000] {dag.py:3096} INFO - Sync 1 DAGs
[2024-12-18T10:07:42.565+0000] {logging_mixin.py:188} INFO - [2024-12-18T10:07:42.564+0000] {dag.py:3954} INFO - Setting next_dagrun for example_local_kubernetes_executor to None, run_after=None
[2024-12-18T10:07:42.590+0000] {processor.py:183} INFO - Processing /home/airflow/.local/lib/python3.12/site-packages/airflow/example_dags/example_local_kubernetes_executor.py took 0.093 seconds
[2024-12-18T10:08:12.830+0000] {processor.py:161} INFO - Started process (PID=1076) to work on /home/airflow/.local/lib/python3.12/site-packages/airflow/example_dags/example_local_kubernetes_executor.py
[2024-12-18T10:08:12.831+0000] {processor.py:830} INFO - Processing file /home/airflow/.local/lib/python3.12/site-packages/airflow/example_dags/example_local_kubernetes_executor.py for tasks to queue
[2024-12-18T10:08:12.833+0000] {logging_mixin.py:188} INFO - [2024-12-18T10:08:12.833+0000] {dagbag.py:545} INFO - Filling up the DagBag from /home/airflow/.local/lib/python3.12/site-packages/airflow/example_dags/example_local_kubernetes_executor.py
[2024-12-18T10:08:12.840+0000] {processor.py:840} INFO - DAG(s) 'example_local_kubernetes_executor' retrieved from /home/airflow/.local/lib/python3.12/site-packages/airflow/example_dags/example_local_kubernetes_executor.py
[2024-12-18T10:08:12.881+0000] {logging_mixin.py:188} INFO - [2024-12-18T10:08:12.881+0000] {dag.py:3096} INFO - Sync 1 DAGs
[2024-12-18T10:08:12.896+0000] {logging_mixin.py:188} INFO - [2024-12-18T10:08:12.896+0000] {dag.py:3954} INFO - Setting next_dagrun for example_local_kubernetes_executor to None, run_after=None
[2024-12-18T10:08:12.922+0000] {processor.py:183} INFO - Processing /home/airflow/.local/lib/python3.12/site-packages/airflow/example_dags/example_local_kubernetes_executor.py took 0.097 seconds
[2024-12-18T10:08:43.069+0000] {processor.py:161} INFO - Started process (PID=1134) to work on /home/airflow/.local/lib/python3.12/site-packages/airflow/example_dags/example_local_kubernetes_executor.py
[2024-12-18T10:08:43.071+0000] {processor.py:830} INFO - Processing file /home/airflow/.local/lib/python3.12/site-packages/airflow/example_dags/example_local_kubernetes_executor.py for tasks to queue
[2024-12-18T10:08:43.073+0000] {logging_mixin.py:188} INFO - [2024-12-18T10:08:43.073+0000] {dagbag.py:545} INFO - Filling up the DagBag from /home/airflow/.local/lib/python3.12/site-packages/airflow/example_dags/example_local_kubernetes_executor.py
[2024-12-18T10:08:43.083+0000] {processor.py:840} INFO - DAG(s) 'example_local_kubernetes_executor' retrieved from /home/airflow/.local/lib/python3.12/site-packages/airflow/example_dags/example_local_kubernetes_executor.py
[2024-12-18T10:08:43.126+0000] {logging_mixin.py:188} INFO - [2024-12-18T10:08:43.126+0000] {dag.py:3096} INFO - Sync 1 DAGs
[2024-12-18T10:08:43.144+0000] {logging_mixin.py:188} INFO - [2024-12-18T10:08:43.144+0000] {dag.py:3954} INFO - Setting next_dagrun for example_local_kubernetes_executor to None, run_after=None
[2024-12-18T10:08:43.172+0000] {processor.py:183} INFO - Processing /home/airflow/.local/lib/python3.12/site-packages/airflow/example_dags/example_local_kubernetes_executor.py took 0.113 seconds
[2024-12-18T10:09:13.320+0000] {processor.py:161} INFO - Started process (PID=1192) to work on /home/airflow/.local/lib/python3.12/site-packages/airflow/example_dags/example_local_kubernetes_executor.py
[2024-12-18T10:09:13.322+0000] {processor.py:830} INFO - Processing file /home/airflow/.local/lib/python3.12/site-packages/airflow/example_dags/example_local_kubernetes_executor.py for tasks to queue
[2024-12-18T10:09:13.324+0000] {logging_mixin.py:188} INFO - [2024-12-18T10:09:13.323+0000] {dagbag.py:545} INFO - Filling up the DagBag from /home/airflow/.local/lib/python3.12/site-packages/airflow/example_dags/example_local_kubernetes_executor.py
[2024-12-18T10:09:13.332+0000] {processor.py:840} INFO - DAG(s) 'example_local_kubernetes_executor' retrieved from /home/airflow/.local/lib/python3.12/site-packages/airflow/example_dags/example_local_kubernetes_executor.py
[2024-12-18T10:09:13.380+0000] {logging_mixin.py:188} INFO - [2024-12-18T10:09:13.380+0000] {dag.py:3096} INFO - Sync 1 DAGs
[2024-12-18T10:09:13.401+0000] {logging_mixin.py:188} INFO - [2024-12-18T10:09:13.401+0000] {dag.py:3954} INFO - Setting next_dagrun for example_local_kubernetes_executor to None, run_after=None
[2024-12-18T10:09:13.435+0000] {processor.py:183} INFO - Processing /home/airflow/.local/lib/python3.12/site-packages/airflow/example_dags/example_local_kubernetes_executor.py took 0.120 seconds
[2024-12-18T10:09:43.687+0000] {processor.py:161} INFO - Started process (PID=1250) to work on /home/airflow/.local/lib/python3.12/site-packages/airflow/example_dags/example_local_kubernetes_executor.py
[2024-12-18T10:09:43.688+0000] {processor.py:830} INFO - Processing file /home/airflow/.local/lib/python3.12/site-packages/airflow/example_dags/example_local_kubernetes_executor.py for tasks to queue
[2024-12-18T10:09:43.691+0000] {logging_mixin.py:188} INFO - [2024-12-18T10:09:43.690+0000] {dagbag.py:545} INFO - Filling up the DagBag from /home/airflow/.local/lib/python3.12/site-packages/airflow/example_dags/example_local_kubernetes_executor.py
[2024-12-18T10:09:43.698+0000] {processor.py:840} INFO - DAG(s) 'example_local_kubernetes_executor' retrieved from /home/airflow/.local/lib/python3.12/site-packages/airflow/example_dags/example_local_kubernetes_executor.py
[2024-12-18T10:09:43.734+0000] {logging_mixin.py:188} INFO - [2024-12-18T10:09:43.734+0000] {dag.py:3096} INFO - Sync 1 DAGs
[2024-12-18T10:09:43.747+0000] {logging_mixin.py:188} INFO - [2024-12-18T10:09:43.747+0000] {dag.py:3954} INFO - Setting next_dagrun for example_local_kubernetes_executor to None, run_after=None
[2024-12-18T10:09:43.773+0000] {processor.py:183} INFO - Processing /home/airflow/.local/lib/python3.12/site-packages/airflow/example_dags/example_local_kubernetes_executor.py took 0.091 seconds
[2024-12-18T10:10:14.009+0000] {processor.py:161} INFO - Started process (PID=1308) to work on /home/airflow/.local/lib/python3.12/site-packages/airflow/example_dags/example_local_kubernetes_executor.py
[2024-12-18T10:10:14.010+0000] {processor.py:830} INFO - Processing file /home/airflow/.local/lib/python3.12/site-packages/airflow/example_dags/example_local_kubernetes_executor.py for tasks to queue
[2024-12-18T10:10:14.012+0000] {logging_mixin.py:188} INFO - [2024-12-18T10:10:14.012+0000] {dagbag.py:545} INFO - Filling up the DagBag from /home/airflow/.local/lib/python3.12/site-packages/airflow/example_dags/example_local_kubernetes_executor.py
[2024-12-18T10:10:14.019+0000] {processor.py:840} INFO - DAG(s) 'example_local_kubernetes_executor' retrieved from /home/airflow/.local/lib/python3.12/site-packages/airflow/example_dags/example_local_kubernetes_executor.py
[2024-12-18T10:10:14.057+0000] {logging_mixin.py:188} INFO - [2024-12-18T10:10:14.056+0000] {dag.py:3096} INFO - Sync 1 DAGs
[2024-12-18T10:10:14.070+0000] {logging_mixin.py:188} INFO - [2024-12-18T10:10:14.070+0000] {dag.py:3954} INFO - Setting next_dagrun for example_local_kubernetes_executor to None, run_after=None
[2024-12-18T10:10:14.095+0000] {processor.py:183} INFO - Processing /home/airflow/.local/lib/python3.12/site-packages/airflow/example_dags/example_local_kubernetes_executor.py took 0.092 seconds
[2024-12-18T10:10:44.520+0000] {processor.py:161} INFO - Started process (PID=1366) to work on /home/airflow/.local/lib/python3.12/site-packages/airflow/example_dags/example_local_kubernetes_executor.py
[2024-12-18T10:10:44.521+0000] {processor.py:830} INFO - Processing file /home/airflow/.local/lib/python3.12/site-packages/airflow/example_dags/example_local_kubernetes_executor.py for tasks to queue
[2024-12-18T10:10:44.523+0000] {logging_mixin.py:188} INFO - [2024-12-18T10:10:44.523+0000] {dagbag.py:545} INFO - Filling up the DagBag from /home/airflow/.local/lib/python3.12/site-packages/airflow/example_dags/example_local_kubernetes_executor.py
[2024-12-18T10:10:44.530+0000] {processor.py:840} INFO - DAG(s) 'example_local_kubernetes_executor' retrieved from /home/airflow/.local/lib/python3.12/site-packages/airflow/example_dags/example_local_kubernetes_executor.py
[2024-12-18T10:10:44.574+0000] {logging_mixin.py:188} INFO - [2024-12-18T10:10:44.574+0000] {dag.py:3096} INFO - Sync 1 DAGs
[2024-12-18T10:10:44.596+0000] {logging_mixin.py:188} INFO - [2024-12-18T10:10:44.596+0000] {dag.py:3954} INFO - Setting next_dagrun for example_local_kubernetes_executor to None, run_after=None
[2024-12-18T10:10:44.632+0000] {processor.py:183} INFO - Processing /home/airflow/.local/lib/python3.12/site-packages/airflow/example_dags/example_local_kubernetes_executor.py took 0.117 seconds
