[2024-12-18T09:59:32.008+0000] {processor.py:161} INFO - Started process (PID=80) to work on /home/airflow/.local/lib/python3.12/site-packages/airflow/example_dags/example_python_operator.py
[2024-12-18T09:59:32.011+0000] {processor.py:830} INFO - Processing file /home/airflow/.local/lib/python3.12/site-packages/airflow/example_dags/example_python_operator.py for tasks to queue
[2024-12-18T09:59:32.018+0000] {logging_mixin.py:188} INFO - [2024-12-18T09:59:32.017+0000] {dagbag.py:545} INFO - Filling up the DagBag from /home/airflow/.local/lib/python3.12/site-packages/airflow/example_dags/example_python_operator.py
[2024-12-18T09:59:32.053+0000] {processor.py:840} INFO - DAG(s) 'example_python_operator' retrieved from /home/airflow/.local/lib/python3.12/site-packages/airflow/example_dags/example_python_operator.py
[2024-12-18T09:59:32.328+0000] {logging_mixin.py:188} INFO - [2024-12-18T09:59:32.323+0000] {override.py:1829} INFO - Created Permission View: can delete on DAG:example_python_operator
[2024-12-18T09:59:32.365+0000] {logging_mixin.py:188} INFO - [2024-12-18T09:59:32.363+0000] {override.py:1829} INFO - Created Permission View: can read on DAG:example_python_operator
[2024-12-18T09:59:32.388+0000] {logging_mixin.py:188} INFO - [2024-12-18T09:59:32.387+0000] {override.py:1829} INFO - Created Permission View: can edit on DAG:example_python_operator
[2024-12-18T09:59:32.390+0000] {logging_mixin.py:188} INFO - [2024-12-18T09:59:32.389+0000] {dag.py:3096} INFO - Sync 1 DAGs
[2024-12-18T09:59:32.421+0000] {logging_mixin.py:188} INFO - [2024-12-18T09:59:32.421+0000] {dag.py:3118} INFO - Creating ORM DAG for example_python_operator
[2024-12-18T09:59:32.431+0000] {logging_mixin.py:188} INFO - [2024-12-18T09:59:32.431+0000] {dag.py:3954} INFO - Setting next_dagrun for example_python_operator to None, run_after=None
[2024-12-18T09:59:32.481+0000] {processor.py:183} INFO - Processing /home/airflow/.local/lib/python3.12/site-packages/airflow/example_dags/example_python_operator.py took 0.483 seconds
[2024-12-18T10:00:02.656+0000] {processor.py:161} INFO - Started process (PID=138) to work on /home/airflow/.local/lib/python3.12/site-packages/airflow/example_dags/example_python_operator.py
[2024-12-18T10:00:02.657+0000] {processor.py:830} INFO - Processing file /home/airflow/.local/lib/python3.12/site-packages/airflow/example_dags/example_python_operator.py for tasks to queue
[2024-12-18T10:00:02.659+0000] {logging_mixin.py:188} INFO - [2024-12-18T10:00:02.659+0000] {dagbag.py:545} INFO - Filling up the DagBag from /home/airflow/.local/lib/python3.12/site-packages/airflow/example_dags/example_python_operator.py
[2024-12-18T10:00:02.669+0000] {processor.py:840} INFO - DAG(s) 'example_python_operator' retrieved from /home/airflow/.local/lib/python3.12/site-packages/airflow/example_dags/example_python_operator.py
[2024-12-18T10:00:02.694+0000] {logging_mixin.py:188} INFO - [2024-12-18T10:00:02.694+0000] {dag.py:3096} INFO - Sync 1 DAGs
[2024-12-18T10:00:02.709+0000] {logging_mixin.py:188} INFO - [2024-12-18T10:00:02.708+0000] {dag.py:3954} INFO - Setting next_dagrun for example_python_operator to None, run_after=None
[2024-12-18T10:00:02.735+0000] {processor.py:183} INFO - Processing /home/airflow/.local/lib/python3.12/site-packages/airflow/example_dags/example_python_operator.py took 0.086 seconds
[2024-12-18T10:00:32.852+0000] {processor.py:161} INFO - Started process (PID=196) to work on /home/airflow/.local/lib/python3.12/site-packages/airflow/example_dags/example_python_operator.py
[2024-12-18T10:00:32.853+0000] {processor.py:830} INFO - Processing file /home/airflow/.local/lib/python3.12/site-packages/airflow/example_dags/example_python_operator.py for tasks to queue
[2024-12-18T10:00:32.856+0000] {logging_mixin.py:188} INFO - [2024-12-18T10:00:32.855+0000] {dagbag.py:545} INFO - Filling up the DagBag from /home/airflow/.local/lib/python3.12/site-packages/airflow/example_dags/example_python_operator.py
[2024-12-18T10:00:32.866+0000] {processor.py:840} INFO - DAG(s) 'example_python_operator' retrieved from /home/airflow/.local/lib/python3.12/site-packages/airflow/example_dags/example_python_operator.py
[2024-12-18T10:00:32.894+0000] {logging_mixin.py:188} INFO - [2024-12-18T10:00:32.894+0000] {dag.py:3096} INFO - Sync 1 DAGs
[2024-12-18T10:00:32.912+0000] {logging_mixin.py:188} INFO - [2024-12-18T10:00:32.912+0000] {dag.py:3954} INFO - Setting next_dagrun for example_python_operator to None, run_after=None
[2024-12-18T10:00:32.943+0000] {processor.py:183} INFO - Processing /home/airflow/.local/lib/python3.12/site-packages/airflow/example_dags/example_python_operator.py took 0.097 seconds
[2024-12-18T10:01:03.201+0000] {processor.py:161} INFO - Started process (PID=254) to work on /home/airflow/.local/lib/python3.12/site-packages/airflow/example_dags/example_python_operator.py
[2024-12-18T10:01:03.203+0000] {processor.py:830} INFO - Processing file /home/airflow/.local/lib/python3.12/site-packages/airflow/example_dags/example_python_operator.py for tasks to queue
[2024-12-18T10:01:03.205+0000] {logging_mixin.py:188} INFO - [2024-12-18T10:01:03.204+0000] {dagbag.py:545} INFO - Filling up the DagBag from /home/airflow/.local/lib/python3.12/site-packages/airflow/example_dags/example_python_operator.py
[2024-12-18T10:01:03.216+0000] {processor.py:840} INFO - DAG(s) 'example_python_operator' retrieved from /home/airflow/.local/lib/python3.12/site-packages/airflow/example_dags/example_python_operator.py
[2024-12-18T10:01:03.242+0000] {logging_mixin.py:188} INFO - [2024-12-18T10:01:03.242+0000] {dag.py:3096} INFO - Sync 1 DAGs
[2024-12-18T10:01:03.257+0000] {logging_mixin.py:188} INFO - [2024-12-18T10:01:03.257+0000] {dag.py:3954} INFO - Setting next_dagrun for example_python_operator to None, run_after=None
[2024-12-18T10:01:03.284+0000] {processor.py:183} INFO - Processing /home/airflow/.local/lib/python3.12/site-packages/airflow/example_dags/example_python_operator.py took 0.090 seconds
[2024-12-18T10:01:33.369+0000] {processor.py:161} INFO - Started process (PID=312) to work on /home/airflow/.local/lib/python3.12/site-packages/airflow/example_dags/example_python_operator.py
[2024-12-18T10:01:33.371+0000] {processor.py:830} INFO - Processing file /home/airflow/.local/lib/python3.12/site-packages/airflow/example_dags/example_python_operator.py for tasks to queue
[2024-12-18T10:01:33.373+0000] {logging_mixin.py:188} INFO - [2024-12-18T10:01:33.372+0000] {dagbag.py:545} INFO - Filling up the DagBag from /home/airflow/.local/lib/python3.12/site-packages/airflow/example_dags/example_python_operator.py
[2024-12-18T10:01:33.383+0000] {processor.py:840} INFO - DAG(s) 'example_python_operator' retrieved from /home/airflow/.local/lib/python3.12/site-packages/airflow/example_dags/example_python_operator.py
[2024-12-18T10:01:33.411+0000] {logging_mixin.py:188} INFO - [2024-12-18T10:01:33.411+0000] {dag.py:3096} INFO - Sync 1 DAGs
[2024-12-18T10:01:33.426+0000] {logging_mixin.py:188} INFO - [2024-12-18T10:01:33.426+0000] {dag.py:3954} INFO - Setting next_dagrun for example_python_operator to None, run_after=None
[2024-12-18T10:01:33.452+0000] {processor.py:183} INFO - Processing /home/airflow/.local/lib/python3.12/site-packages/airflow/example_dags/example_python_operator.py took 0.088 seconds
[2024-12-18T10:02:03.837+0000] {processor.py:161} INFO - Started process (PID=370) to work on /home/airflow/.local/lib/python3.12/site-packages/airflow/example_dags/example_python_operator.py
[2024-12-18T10:02:03.838+0000] {processor.py:830} INFO - Processing file /home/airflow/.local/lib/python3.12/site-packages/airflow/example_dags/example_python_operator.py for tasks to queue
[2024-12-18T10:02:03.840+0000] {logging_mixin.py:188} INFO - [2024-12-18T10:02:03.840+0000] {dagbag.py:545} INFO - Filling up the DagBag from /home/airflow/.local/lib/python3.12/site-packages/airflow/example_dags/example_python_operator.py
[2024-12-18T10:02:03.850+0000] {processor.py:840} INFO - DAG(s) 'example_python_operator' retrieved from /home/airflow/.local/lib/python3.12/site-packages/airflow/example_dags/example_python_operator.py
[2024-12-18T10:02:03.873+0000] {logging_mixin.py:188} INFO - [2024-12-18T10:02:03.873+0000] {dag.py:3096} INFO - Sync 1 DAGs
[2024-12-18T10:02:03.886+0000] {logging_mixin.py:188} INFO - [2024-12-18T10:02:03.886+0000] {dag.py:3954} INFO - Setting next_dagrun for example_python_operator to None, run_after=None
[2024-12-18T10:02:03.913+0000] {processor.py:183} INFO - Processing /home/airflow/.local/lib/python3.12/site-packages/airflow/example_dags/example_python_operator.py took 0.081 seconds
[2024-12-18T10:02:34.201+0000] {processor.py:161} INFO - Started process (PID=428) to work on /home/airflow/.local/lib/python3.12/site-packages/airflow/example_dags/example_python_operator.py
[2024-12-18T10:02:34.203+0000] {processor.py:830} INFO - Processing file /home/airflow/.local/lib/python3.12/site-packages/airflow/example_dags/example_python_operator.py for tasks to queue
[2024-12-18T10:02:34.206+0000] {logging_mixin.py:188} INFO - [2024-12-18T10:02:34.205+0000] {dagbag.py:545} INFO - Filling up the DagBag from /home/airflow/.local/lib/python3.12/site-packages/airflow/example_dags/example_python_operator.py
[2024-12-18T10:02:34.215+0000] {processor.py:840} INFO - DAG(s) 'example_python_operator' retrieved from /home/airflow/.local/lib/python3.12/site-packages/airflow/example_dags/example_python_operator.py
[2024-12-18T10:02:34.241+0000] {logging_mixin.py:188} INFO - [2024-12-18T10:02:34.240+0000] {dag.py:3096} INFO - Sync 1 DAGs
[2024-12-18T10:02:34.254+0000] {logging_mixin.py:188} INFO - [2024-12-18T10:02:34.254+0000] {dag.py:3954} INFO - Setting next_dagrun for example_python_operator to None, run_after=None
[2024-12-18T10:02:34.280+0000] {processor.py:183} INFO - Processing /home/airflow/.local/lib/python3.12/site-packages/airflow/example_dags/example_python_operator.py took 0.084 seconds
[2024-12-18T10:03:04.492+0000] {processor.py:161} INFO - Started process (PID=486) to work on /home/airflow/.local/lib/python3.12/site-packages/airflow/example_dags/example_python_operator.py
[2024-12-18T10:03:04.493+0000] {processor.py:830} INFO - Processing file /home/airflow/.local/lib/python3.12/site-packages/airflow/example_dags/example_python_operator.py for tasks to queue
[2024-12-18T10:03:04.495+0000] {logging_mixin.py:188} INFO - [2024-12-18T10:03:04.495+0000] {dagbag.py:545} INFO - Filling up the DagBag from /home/airflow/.local/lib/python3.12/site-packages/airflow/example_dags/example_python_operator.py
[2024-12-18T10:03:04.504+0000] {processor.py:840} INFO - DAG(s) 'example_python_operator' retrieved from /home/airflow/.local/lib/python3.12/site-packages/airflow/example_dags/example_python_operator.py
[2024-12-18T10:03:04.531+0000] {logging_mixin.py:188} INFO - [2024-12-18T10:03:04.531+0000] {dag.py:3096} INFO - Sync 1 DAGs
[2024-12-18T10:03:04.544+0000] {logging_mixin.py:188} INFO - [2024-12-18T10:03:04.544+0000] {dag.py:3954} INFO - Setting next_dagrun for example_python_operator to None, run_after=None
[2024-12-18T10:03:04.570+0000] {processor.py:183} INFO - Processing /home/airflow/.local/lib/python3.12/site-packages/airflow/example_dags/example_python_operator.py took 0.083 seconds
[2024-12-18T10:03:34.869+0000] {processor.py:161} INFO - Started process (PID=544) to work on /home/airflow/.local/lib/python3.12/site-packages/airflow/example_dags/example_python_operator.py
[2024-12-18T10:03:34.870+0000] {processor.py:830} INFO - Processing file /home/airflow/.local/lib/python3.12/site-packages/airflow/example_dags/example_python_operator.py for tasks to queue
[2024-12-18T10:03:34.872+0000] {logging_mixin.py:188} INFO - [2024-12-18T10:03:34.871+0000] {dagbag.py:545} INFO - Filling up the DagBag from /home/airflow/.local/lib/python3.12/site-packages/airflow/example_dags/example_python_operator.py
[2024-12-18T10:03:34.881+0000] {processor.py:840} INFO - DAG(s) 'example_python_operator' retrieved from /home/airflow/.local/lib/python3.12/site-packages/airflow/example_dags/example_python_operator.py
[2024-12-18T10:03:34.908+0000] {logging_mixin.py:188} INFO - [2024-12-18T10:03:34.908+0000] {dag.py:3096} INFO - Sync 1 DAGs
[2024-12-18T10:03:34.922+0000] {logging_mixin.py:188} INFO - [2024-12-18T10:03:34.922+0000] {dag.py:3954} INFO - Setting next_dagrun for example_python_operator to None, run_after=None
[2024-12-18T10:03:34.950+0000] {processor.py:183} INFO - Processing /home/airflow/.local/lib/python3.12/site-packages/airflow/example_dags/example_python_operator.py took 0.087 seconds
[2024-12-18T10:04:05.344+0000] {processor.py:161} INFO - Started process (PID=602) to work on /home/airflow/.local/lib/python3.12/site-packages/airflow/example_dags/example_python_operator.py
[2024-12-18T10:04:05.345+0000] {processor.py:830} INFO - Processing file /home/airflow/.local/lib/python3.12/site-packages/airflow/example_dags/example_python_operator.py for tasks to queue
[2024-12-18T10:04:05.347+0000] {logging_mixin.py:188} INFO - [2024-12-18T10:04:05.347+0000] {dagbag.py:545} INFO - Filling up the DagBag from /home/airflow/.local/lib/python3.12/site-packages/airflow/example_dags/example_python_operator.py
[2024-12-18T10:04:05.357+0000] {processor.py:840} INFO - DAG(s) 'example_python_operator' retrieved from /home/airflow/.local/lib/python3.12/site-packages/airflow/example_dags/example_python_operator.py
[2024-12-18T10:04:05.379+0000] {logging_mixin.py:188} INFO - [2024-12-18T10:04:05.379+0000] {dag.py:3096} INFO - Sync 1 DAGs
[2024-12-18T10:04:05.392+0000] {logging_mixin.py:188} INFO - [2024-12-18T10:04:05.392+0000] {dag.py:3954} INFO - Setting next_dagrun for example_python_operator to None, run_after=None
[2024-12-18T10:04:05.416+0000] {processor.py:183} INFO - Processing /home/airflow/.local/lib/python3.12/site-packages/airflow/example_dags/example_python_operator.py took 0.077 seconds
[2024-12-18T10:04:35.506+0000] {processor.py:161} INFO - Started process (PID=660) to work on /home/airflow/.local/lib/python3.12/site-packages/airflow/example_dags/example_python_operator.py
[2024-12-18T10:04:35.507+0000] {processor.py:830} INFO - Processing file /home/airflow/.local/lib/python3.12/site-packages/airflow/example_dags/example_python_operator.py for tasks to queue
[2024-12-18T10:04:35.510+0000] {logging_mixin.py:188} INFO - [2024-12-18T10:04:35.509+0000] {dagbag.py:545} INFO - Filling up the DagBag from /home/airflow/.local/lib/python3.12/site-packages/airflow/example_dags/example_python_operator.py
[2024-12-18T10:04:35.519+0000] {processor.py:840} INFO - DAG(s) 'example_python_operator' retrieved from /home/airflow/.local/lib/python3.12/site-packages/airflow/example_dags/example_python_operator.py
[2024-12-18T10:04:35.545+0000] {logging_mixin.py:188} INFO - [2024-12-18T10:04:35.544+0000] {dag.py:3096} INFO - Sync 1 DAGs
[2024-12-18T10:04:35.558+0000] {logging_mixin.py:188} INFO - [2024-12-18T10:04:35.558+0000] {dag.py:3954} INFO - Setting next_dagrun for example_python_operator to None, run_after=None
[2024-12-18T10:04:35.583+0000] {processor.py:183} INFO - Processing /home/airflow/.local/lib/python3.12/site-packages/airflow/example_dags/example_python_operator.py took 0.082 seconds
[2024-12-18T10:05:05.790+0000] {processor.py:161} INFO - Started process (PID=718) to work on /home/airflow/.local/lib/python3.12/site-packages/airflow/example_dags/example_python_operator.py
[2024-12-18T10:05:05.792+0000] {processor.py:830} INFO - Processing file /home/airflow/.local/lib/python3.12/site-packages/airflow/example_dags/example_python_operator.py for tasks to queue
[2024-12-18T10:05:05.794+0000] {logging_mixin.py:188} INFO - [2024-12-18T10:05:05.794+0000] {dagbag.py:545} INFO - Filling up the DagBag from /home/airflow/.local/lib/python3.12/site-packages/airflow/example_dags/example_python_operator.py
[2024-12-18T10:05:05.804+0000] {processor.py:840} INFO - DAG(s) 'example_python_operator' retrieved from /home/airflow/.local/lib/python3.12/site-packages/airflow/example_dags/example_python_operator.py
[2024-12-18T10:05:05.830+0000] {logging_mixin.py:188} INFO - [2024-12-18T10:05:05.830+0000] {dag.py:3096} INFO - Sync 1 DAGs
[2024-12-18T10:05:05.845+0000] {logging_mixin.py:188} INFO - [2024-12-18T10:05:05.845+0000] {dag.py:3954} INFO - Setting next_dagrun for example_python_operator to None, run_after=None
[2024-12-18T10:05:05.872+0000] {processor.py:183} INFO - Processing /home/airflow/.local/lib/python3.12/site-packages/airflow/example_dags/example_python_operator.py took 0.089 seconds
[2024-12-18T10:05:36.368+0000] {processor.py:161} INFO - Started process (PID=776) to work on /home/airflow/.local/lib/python3.12/site-packages/airflow/example_dags/example_python_operator.py
[2024-12-18T10:05:36.369+0000] {processor.py:830} INFO - Processing file /home/airflow/.local/lib/python3.12/site-packages/airflow/example_dags/example_python_operator.py for tasks to queue
[2024-12-18T10:05:36.372+0000] {logging_mixin.py:188} INFO - [2024-12-18T10:05:36.372+0000] {dagbag.py:545} INFO - Filling up the DagBag from /home/airflow/.local/lib/python3.12/site-packages/airflow/example_dags/example_python_operator.py
[2024-12-18T10:05:36.382+0000] {processor.py:840} INFO - DAG(s) 'example_python_operator' retrieved from /home/airflow/.local/lib/python3.12/site-packages/airflow/example_dags/example_python_operator.py
[2024-12-18T10:05:36.406+0000] {logging_mixin.py:188} INFO - [2024-12-18T10:05:36.406+0000] {dag.py:3096} INFO - Sync 1 DAGs
[2024-12-18T10:05:36.420+0000] {logging_mixin.py:188} INFO - [2024-12-18T10:05:36.419+0000] {dag.py:3954} INFO - Setting next_dagrun for example_python_operator to None, run_after=None
[2024-12-18T10:05:36.446+0000] {processor.py:183} INFO - Processing /home/airflow/.local/lib/python3.12/site-packages/airflow/example_dags/example_python_operator.py took 0.082 seconds
[2024-12-18T10:06:06.635+0000] {processor.py:161} INFO - Started process (PID=834) to work on /home/airflow/.local/lib/python3.12/site-packages/airflow/example_dags/example_python_operator.py
[2024-12-18T10:06:06.636+0000] {processor.py:830} INFO - Processing file /home/airflow/.local/lib/python3.12/site-packages/airflow/example_dags/example_python_operator.py for tasks to queue
[2024-12-18T10:06:06.638+0000] {logging_mixin.py:188} INFO - [2024-12-18T10:06:06.638+0000] {dagbag.py:545} INFO - Filling up the DagBag from /home/airflow/.local/lib/python3.12/site-packages/airflow/example_dags/example_python_operator.py
[2024-12-18T10:06:06.649+0000] {processor.py:840} INFO - DAG(s) 'example_python_operator' retrieved from /home/airflow/.local/lib/python3.12/site-packages/airflow/example_dags/example_python_operator.py
[2024-12-18T10:06:06.676+0000] {logging_mixin.py:188} INFO - [2024-12-18T10:06:06.675+0000] {dag.py:3096} INFO - Sync 1 DAGs
[2024-12-18T10:06:06.689+0000] {logging_mixin.py:188} INFO - [2024-12-18T10:06:06.689+0000] {dag.py:3954} INFO - Setting next_dagrun for example_python_operator to None, run_after=None
[2024-12-18T10:06:06.711+0000] {processor.py:183} INFO - Processing /home/airflow/.local/lib/python3.12/site-packages/airflow/example_dags/example_python_operator.py took 0.081 seconds
[2024-12-18T10:06:37.103+0000] {processor.py:161} INFO - Started process (PID=892) to work on /home/airflow/.local/lib/python3.12/site-packages/airflow/example_dags/example_python_operator.py
[2024-12-18T10:06:37.105+0000] {processor.py:830} INFO - Processing file /home/airflow/.local/lib/python3.12/site-packages/airflow/example_dags/example_python_operator.py for tasks to queue
[2024-12-18T10:06:37.107+0000] {logging_mixin.py:188} INFO - [2024-12-18T10:06:37.106+0000] {dagbag.py:545} INFO - Filling up the DagBag from /home/airflow/.local/lib/python3.12/site-packages/airflow/example_dags/example_python_operator.py
[2024-12-18T10:06:37.117+0000] {processor.py:840} INFO - DAG(s) 'example_python_operator' retrieved from /home/airflow/.local/lib/python3.12/site-packages/airflow/example_dags/example_python_operator.py
[2024-12-18T10:06:37.144+0000] {logging_mixin.py:188} INFO - [2024-12-18T10:06:37.144+0000] {dag.py:3096} INFO - Sync 1 DAGs
[2024-12-18T10:06:37.158+0000] {logging_mixin.py:188} INFO - [2024-12-18T10:06:37.158+0000] {dag.py:3954} INFO - Setting next_dagrun for example_python_operator to None, run_after=None
[2024-12-18T10:06:37.186+0000] {processor.py:183} INFO - Processing /home/airflow/.local/lib/python3.12/site-packages/airflow/example_dags/example_python_operator.py took 0.088 seconds
[2024-12-18T10:07:07.572+0000] {processor.py:161} INFO - Started process (PID=950) to work on /home/airflow/.local/lib/python3.12/site-packages/airflow/example_dags/example_python_operator.py
[2024-12-18T10:07:07.574+0000] {processor.py:830} INFO - Processing file /home/airflow/.local/lib/python3.12/site-packages/airflow/example_dags/example_python_operator.py for tasks to queue
[2024-12-18T10:07:07.577+0000] {logging_mixin.py:188} INFO - [2024-12-18T10:07:07.576+0000] {dagbag.py:545} INFO - Filling up the DagBag from /home/airflow/.local/lib/python3.12/site-packages/airflow/example_dags/example_python_operator.py
[2024-12-18T10:07:07.587+0000] {processor.py:840} INFO - DAG(s) 'example_python_operator' retrieved from /home/airflow/.local/lib/python3.12/site-packages/airflow/example_dags/example_python_operator.py
[2024-12-18T10:07:07.615+0000] {logging_mixin.py:188} INFO - [2024-12-18T10:07:07.614+0000] {dag.py:3096} INFO - Sync 1 DAGs
[2024-12-18T10:07:07.629+0000] {logging_mixin.py:188} INFO - [2024-12-18T10:07:07.629+0000] {dag.py:3954} INFO - Setting next_dagrun for example_python_operator to None, run_after=None
[2024-12-18T10:07:07.655+0000] {processor.py:183} INFO - Processing /home/airflow/.local/lib/python3.12/site-packages/airflow/example_dags/example_python_operator.py took 0.087 seconds
[2024-12-18T10:07:37.966+0000] {processor.py:161} INFO - Started process (PID=1008) to work on /home/airflow/.local/lib/python3.12/site-packages/airflow/example_dags/example_python_operator.py
[2024-12-18T10:07:37.967+0000] {processor.py:830} INFO - Processing file /home/airflow/.local/lib/python3.12/site-packages/airflow/example_dags/example_python_operator.py for tasks to queue
[2024-12-18T10:07:37.970+0000] {logging_mixin.py:188} INFO - [2024-12-18T10:07:37.969+0000] {dagbag.py:545} INFO - Filling up the DagBag from /home/airflow/.local/lib/python3.12/site-packages/airflow/example_dags/example_python_operator.py
[2024-12-18T10:07:37.979+0000] {processor.py:840} INFO - DAG(s) 'example_python_operator' retrieved from /home/airflow/.local/lib/python3.12/site-packages/airflow/example_dags/example_python_operator.py
[2024-12-18T10:07:38.004+0000] {logging_mixin.py:188} INFO - [2024-12-18T10:07:38.004+0000] {dag.py:3096} INFO - Sync 1 DAGs
[2024-12-18T10:07:38.018+0000] {logging_mixin.py:188} INFO - [2024-12-18T10:07:38.018+0000] {dag.py:3954} INFO - Setting next_dagrun for example_python_operator to None, run_after=None
[2024-12-18T10:07:38.046+0000] {processor.py:183} INFO - Processing /home/airflow/.local/lib/python3.12/site-packages/airflow/example_dags/example_python_operator.py took 0.085 seconds
[2024-12-18T10:08:08.268+0000] {processor.py:161} INFO - Started process (PID=1066) to work on /home/airflow/.local/lib/python3.12/site-packages/airflow/example_dags/example_python_operator.py
[2024-12-18T10:08:08.270+0000] {processor.py:830} INFO - Processing file /home/airflow/.local/lib/python3.12/site-packages/airflow/example_dags/example_python_operator.py for tasks to queue
[2024-12-18T10:08:08.272+0000] {logging_mixin.py:188} INFO - [2024-12-18T10:08:08.272+0000] {dagbag.py:545} INFO - Filling up the DagBag from /home/airflow/.local/lib/python3.12/site-packages/airflow/example_dags/example_python_operator.py
[2024-12-18T10:08:08.282+0000] {processor.py:840} INFO - DAG(s) 'example_python_operator' retrieved from /home/airflow/.local/lib/python3.12/site-packages/airflow/example_dags/example_python_operator.py
[2024-12-18T10:08:08.310+0000] {logging_mixin.py:188} INFO - [2024-12-18T10:08:08.310+0000] {dag.py:3096} INFO - Sync 1 DAGs
[2024-12-18T10:08:08.325+0000] {logging_mixin.py:188} INFO - [2024-12-18T10:08:08.325+0000] {dag.py:3954} INFO - Setting next_dagrun for example_python_operator to None, run_after=None
[2024-12-18T10:08:08.356+0000] {processor.py:183} INFO - Processing /home/airflow/.local/lib/python3.12/site-packages/airflow/example_dags/example_python_operator.py took 0.093 seconds
[2024-12-18T10:08:38.489+0000] {processor.py:161} INFO - Started process (PID=1124) to work on /home/airflow/.local/lib/python3.12/site-packages/airflow/example_dags/example_python_operator.py
[2024-12-18T10:08:38.490+0000] {processor.py:830} INFO - Processing file /home/airflow/.local/lib/python3.12/site-packages/airflow/example_dags/example_python_operator.py for tasks to queue
[2024-12-18T10:08:38.492+0000] {logging_mixin.py:188} INFO - [2024-12-18T10:08:38.492+0000] {dagbag.py:545} INFO - Filling up the DagBag from /home/airflow/.local/lib/python3.12/site-packages/airflow/example_dags/example_python_operator.py
[2024-12-18T10:08:38.502+0000] {processor.py:840} INFO - DAG(s) 'example_python_operator' retrieved from /home/airflow/.local/lib/python3.12/site-packages/airflow/example_dags/example_python_operator.py
[2024-12-18T10:08:38.526+0000] {logging_mixin.py:188} INFO - [2024-12-18T10:08:38.525+0000] {dag.py:3096} INFO - Sync 1 DAGs
[2024-12-18T10:08:38.540+0000] {logging_mixin.py:188} INFO - [2024-12-18T10:08:38.539+0000] {dag.py:3954} INFO - Setting next_dagrun for example_python_operator to None, run_after=None
[2024-12-18T10:08:38.568+0000] {processor.py:183} INFO - Processing /home/airflow/.local/lib/python3.12/site-packages/airflow/example_dags/example_python_operator.py took 0.084 seconds
[2024-12-18T10:09:08.712+0000] {processor.py:161} INFO - Started process (PID=1182) to work on /home/airflow/.local/lib/python3.12/site-packages/airflow/example_dags/example_python_operator.py
[2024-12-18T10:09:08.713+0000] {processor.py:830} INFO - Processing file /home/airflow/.local/lib/python3.12/site-packages/airflow/example_dags/example_python_operator.py for tasks to queue
[2024-12-18T10:09:08.716+0000] {logging_mixin.py:188} INFO - [2024-12-18T10:09:08.715+0000] {dagbag.py:545} INFO - Filling up the DagBag from /home/airflow/.local/lib/python3.12/site-packages/airflow/example_dags/example_python_operator.py
[2024-12-18T10:09:08.725+0000] {processor.py:840} INFO - DAG(s) 'example_python_operator' retrieved from /home/airflow/.local/lib/python3.12/site-packages/airflow/example_dags/example_python_operator.py
[2024-12-18T10:09:08.750+0000] {logging_mixin.py:188} INFO - [2024-12-18T10:09:08.749+0000] {dag.py:3096} INFO - Sync 1 DAGs
[2024-12-18T10:09:08.762+0000] {logging_mixin.py:188} INFO - [2024-12-18T10:09:08.762+0000] {dag.py:3954} INFO - Setting next_dagrun for example_python_operator to None, run_after=None
[2024-12-18T10:09:08.788+0000] {processor.py:183} INFO - Processing /home/airflow/.local/lib/python3.12/site-packages/airflow/example_dags/example_python_operator.py took 0.080 seconds
[2024-12-18T10:09:39.170+0000] {processor.py:161} INFO - Started process (PID=1240) to work on /home/airflow/.local/lib/python3.12/site-packages/airflow/example_dags/example_python_operator.py
[2024-12-18T10:09:39.171+0000] {processor.py:830} INFO - Processing file /home/airflow/.local/lib/python3.12/site-packages/airflow/example_dags/example_python_operator.py for tasks to queue
[2024-12-18T10:09:39.174+0000] {logging_mixin.py:188} INFO - [2024-12-18T10:09:39.174+0000] {dagbag.py:545} INFO - Filling up the DagBag from /home/airflow/.local/lib/python3.12/site-packages/airflow/example_dags/example_python_operator.py
[2024-12-18T10:09:39.188+0000] {processor.py:840} INFO - DAG(s) 'example_python_operator' retrieved from /home/airflow/.local/lib/python3.12/site-packages/airflow/example_dags/example_python_operator.py
[2024-12-18T10:09:39.215+0000] {logging_mixin.py:188} INFO - [2024-12-18T10:09:39.215+0000] {dag.py:3096} INFO - Sync 1 DAGs
[2024-12-18T10:09:39.232+0000] {logging_mixin.py:188} INFO - [2024-12-18T10:09:39.232+0000] {dag.py:3954} INFO - Setting next_dagrun for example_python_operator to None, run_after=None
[2024-12-18T10:09:39.258+0000] {processor.py:183} INFO - Processing /home/airflow/.local/lib/python3.12/site-packages/airflow/example_dags/example_python_operator.py took 0.093 seconds
[2024-12-18T10:10:09.350+0000] {processor.py:161} INFO - Started process (PID=1298) to work on /home/airflow/.local/lib/python3.12/site-packages/airflow/example_dags/example_python_operator.py
[2024-12-18T10:10:09.351+0000] {processor.py:830} INFO - Processing file /home/airflow/.local/lib/python3.12/site-packages/airflow/example_dags/example_python_operator.py for tasks to queue
[2024-12-18T10:10:09.353+0000] {logging_mixin.py:188} INFO - [2024-12-18T10:10:09.353+0000] {dagbag.py:545} INFO - Filling up the DagBag from /home/airflow/.local/lib/python3.12/site-packages/airflow/example_dags/example_python_operator.py
[2024-12-18T10:10:09.365+0000] {processor.py:840} INFO - DAG(s) 'example_python_operator' retrieved from /home/airflow/.local/lib/python3.12/site-packages/airflow/example_dags/example_python_operator.py
[2024-12-18T10:10:09.389+0000] {logging_mixin.py:188} INFO - [2024-12-18T10:10:09.389+0000] {dag.py:3096} INFO - Sync 1 DAGs
[2024-12-18T10:10:09.402+0000] {logging_mixin.py:188} INFO - [2024-12-18T10:10:09.402+0000] {dag.py:3954} INFO - Setting next_dagrun for example_python_operator to None, run_after=None
[2024-12-18T10:10:09.428+0000] {processor.py:183} INFO - Processing /home/airflow/.local/lib/python3.12/site-packages/airflow/example_dags/example_python_operator.py took 0.083 seconds
[2024-12-18T10:10:39.943+0000] {processor.py:161} INFO - Started process (PID=1356) to work on /home/airflow/.local/lib/python3.12/site-packages/airflow/example_dags/example_python_operator.py
[2024-12-18T10:10:39.944+0000] {processor.py:830} INFO - Processing file /home/airflow/.local/lib/python3.12/site-packages/airflow/example_dags/example_python_operator.py for tasks to queue
[2024-12-18T10:10:39.946+0000] {logging_mixin.py:188} INFO - [2024-12-18T10:10:39.946+0000] {dagbag.py:545} INFO - Filling up the DagBag from /home/airflow/.local/lib/python3.12/site-packages/airflow/example_dags/example_python_operator.py
[2024-12-18T10:10:39.956+0000] {processor.py:840} INFO - DAG(s) 'example_python_operator' retrieved from /home/airflow/.local/lib/python3.12/site-packages/airflow/example_dags/example_python_operator.py
[2024-12-18T10:10:39.980+0000] {logging_mixin.py:188} INFO - [2024-12-18T10:10:39.980+0000] {dag.py:3096} INFO - Sync 1 DAGs
[2024-12-18T10:10:39.994+0000] {logging_mixin.py:188} INFO - [2024-12-18T10:10:39.993+0000] {dag.py:3954} INFO - Setting next_dagrun for example_python_operator to None, run_after=None
[2024-12-18T10:10:40.020+0000] {processor.py:183} INFO - Processing /home/airflow/.local/lib/python3.12/site-packages/airflow/example_dags/example_python_operator.py took 0.082 seconds
