[2024-12-18T09:59:34.548+0000] {processor.py:161} INFO - Started process (PID=90) to work on /home/airflow/.local/lib/python3.12/site-packages/airflow/example_dags/example_branch_operator.py
[2024-12-18T09:59:34.551+0000] {processor.py:830} INFO - Processing file /home/airflow/.local/lib/python3.12/site-packages/airflow/example_dags/example_branch_operator.py for tasks to queue
[2024-12-18T09:59:34.557+0000] {logging_mixin.py:188} INFO - [2024-12-18T09:59:34.556+0000] {dagbag.py:545} INFO - Filling up the DagBag from /home/airflow/.local/lib/python3.12/site-packages/airflow/example_dags/example_branch_operator.py
[2024-12-18T09:59:34.613+0000] {processor.py:840} INFO - DAG(s) 'example_branch_operator' retrieved from /home/airflow/.local/lib/python3.12/site-packages/airflow/example_dags/example_branch_operator.py
[2024-12-18T09:59:34.881+0000] {logging_mixin.py:188} INFO - [2024-12-18T09:59:34.879+0000] {override.py:1829} INFO - Created Permission View: can delete on DAG:example_branch_operator
[2024-12-18T09:59:34.913+0000] {logging_mixin.py:188} INFO - [2024-12-18T09:59:34.912+0000] {override.py:1829} INFO - Created Permission View: can read on DAG:example_branch_operator
[2024-12-18T09:59:34.932+0000] {logging_mixin.py:188} INFO - [2024-12-18T09:59:34.931+0000] {override.py:1829} INFO - Created Permission View: can edit on DAG:example_branch_operator
[2024-12-18T09:59:34.933+0000] {logging_mixin.py:188} INFO - [2024-12-18T09:59:34.933+0000] {dag.py:3096} INFO - Sync 1 DAGs
[2024-12-18T09:59:34.970+0000] {logging_mixin.py:188} INFO - [2024-12-18T09:59:34.969+0000] {dag.py:3118} INFO - Creating ORM DAG for example_branch_operator
[2024-12-18T09:59:35.002+0000] {logging_mixin.py:188} INFO - [2024-12-18T09:59:35.001+0000] {dag.py:3954} INFO - Setting next_dagrun for example_branch_operator to 2024-12-17 00:00:00+00:00, run_after=2024-12-18 00:00:00+00:00
[2024-12-18T09:59:35.048+0000] {processor.py:183} INFO - Processing /home/airflow/.local/lib/python3.12/site-packages/airflow/example_dags/example_branch_operator.py took 0.514 seconds
[2024-12-18T10:00:05.656+0000] {processor.py:161} INFO - Started process (PID=148) to work on /home/airflow/.local/lib/python3.12/site-packages/airflow/example_dags/example_branch_operator.py
[2024-12-18T10:00:05.657+0000] {processor.py:830} INFO - Processing file /home/airflow/.local/lib/python3.12/site-packages/airflow/example_dags/example_branch_operator.py for tasks to queue
[2024-12-18T10:00:05.660+0000] {logging_mixin.py:188} INFO - [2024-12-18T10:00:05.660+0000] {dagbag.py:545} INFO - Filling up the DagBag from /home/airflow/.local/lib/python3.12/site-packages/airflow/example_dags/example_branch_operator.py
[2024-12-18T10:00:05.676+0000] {processor.py:840} INFO - DAG(s) 'example_branch_operator' retrieved from /home/airflow/.local/lib/python3.12/site-packages/airflow/example_dags/example_branch_operator.py
[2024-12-18T10:00:05.709+0000] {logging_mixin.py:188} INFO - [2024-12-18T10:00:05.709+0000] {dag.py:3096} INFO - Sync 1 DAGs
[2024-12-18T10:00:05.737+0000] {logging_mixin.py:188} INFO - [2024-12-18T10:00:05.737+0000] {dag.py:3954} INFO - Setting next_dagrun for example_branch_operator to 2024-12-17 00:00:00+00:00, run_after=2024-12-18 00:00:00+00:00
[2024-12-18T10:00:05.763+0000] {processor.py:183} INFO - Processing /home/airflow/.local/lib/python3.12/site-packages/airflow/example_dags/example_branch_operator.py took 0.112 seconds
[2024-12-18T10:00:36.579+0000] {processor.py:161} INFO - Started process (PID=206) to work on /home/airflow/.local/lib/python3.12/site-packages/airflow/example_dags/example_branch_operator.py
[2024-12-18T10:00:36.581+0000] {processor.py:830} INFO - Processing file /home/airflow/.local/lib/python3.12/site-packages/airflow/example_dags/example_branch_operator.py for tasks to queue
[2024-12-18T10:00:36.583+0000] {logging_mixin.py:188} INFO - [2024-12-18T10:00:36.583+0000] {dagbag.py:545} INFO - Filling up the DagBag from /home/airflow/.local/lib/python3.12/site-packages/airflow/example_dags/example_branch_operator.py
[2024-12-18T10:00:36.600+0000] {processor.py:840} INFO - DAG(s) 'example_branch_operator' retrieved from /home/airflow/.local/lib/python3.12/site-packages/airflow/example_dags/example_branch_operator.py
[2024-12-18T10:00:36.640+0000] {logging_mixin.py:188} INFO - [2024-12-18T10:00:36.640+0000] {dag.py:3096} INFO - Sync 1 DAGs
[2024-12-18T10:00:36.666+0000] {logging_mixin.py:188} INFO - [2024-12-18T10:00:36.666+0000] {dag.py:3954} INFO - Setting next_dagrun for example_branch_operator to 2024-12-17 00:00:00+00:00, run_after=2024-12-18 00:00:00+00:00
[2024-12-18T10:00:36.694+0000] {processor.py:183} INFO - Processing /home/airflow/.local/lib/python3.12/site-packages/airflow/example_dags/example_branch_operator.py took 0.120 seconds
[2024-12-18T10:01:06.756+0000] {processor.py:161} INFO - Started process (PID=264) to work on /home/airflow/.local/lib/python3.12/site-packages/airflow/example_dags/example_branch_operator.py
[2024-12-18T10:01:06.758+0000] {processor.py:830} INFO - Processing file /home/airflow/.local/lib/python3.12/site-packages/airflow/example_dags/example_branch_operator.py for tasks to queue
[2024-12-18T10:01:06.760+0000] {logging_mixin.py:188} INFO - [2024-12-18T10:01:06.760+0000] {dagbag.py:545} INFO - Filling up the DagBag from /home/airflow/.local/lib/python3.12/site-packages/airflow/example_dags/example_branch_operator.py
[2024-12-18T10:01:06.776+0000] {processor.py:840} INFO - DAG(s) 'example_branch_operator' retrieved from /home/airflow/.local/lib/python3.12/site-packages/airflow/example_dags/example_branch_operator.py
[2024-12-18T10:01:06.807+0000] {logging_mixin.py:188} INFO - [2024-12-18T10:01:06.807+0000] {dag.py:3096} INFO - Sync 1 DAGs
[2024-12-18T10:01:06.832+0000] {logging_mixin.py:188} INFO - [2024-12-18T10:01:06.832+0000] {dag.py:3954} INFO - Setting next_dagrun for example_branch_operator to 2024-12-17 00:00:00+00:00, run_after=2024-12-18 00:00:00+00:00
[2024-12-18T10:01:06.860+0000] {processor.py:183} INFO - Processing /home/airflow/.local/lib/python3.12/site-packages/airflow/example_dags/example_branch_operator.py took 0.108 seconds
[2024-12-18T10:01:37.121+0000] {processor.py:161} INFO - Started process (PID=322) to work on /home/airflow/.local/lib/python3.12/site-packages/airflow/example_dags/example_branch_operator.py
[2024-12-18T10:01:37.123+0000] {processor.py:830} INFO - Processing file /home/airflow/.local/lib/python3.12/site-packages/airflow/example_dags/example_branch_operator.py for tasks to queue
[2024-12-18T10:01:37.126+0000] {logging_mixin.py:188} INFO - [2024-12-18T10:01:37.125+0000] {dagbag.py:545} INFO - Filling up the DagBag from /home/airflow/.local/lib/python3.12/site-packages/airflow/example_dags/example_branch_operator.py
[2024-12-18T10:01:37.145+0000] {processor.py:840} INFO - DAG(s) 'example_branch_operator' retrieved from /home/airflow/.local/lib/python3.12/site-packages/airflow/example_dags/example_branch_operator.py
[2024-12-18T10:01:37.180+0000] {logging_mixin.py:188} INFO - [2024-12-18T10:01:37.180+0000] {dag.py:3096} INFO - Sync 1 DAGs
[2024-12-18T10:01:37.205+0000] {logging_mixin.py:188} INFO - [2024-12-18T10:01:37.205+0000] {dag.py:3954} INFO - Setting next_dagrun for example_branch_operator to 2024-12-17 00:00:00+00:00, run_after=2024-12-18 00:00:00+00:00
[2024-12-18T10:01:37.230+0000] {processor.py:183} INFO - Processing /home/airflow/.local/lib/python3.12/site-packages/airflow/example_dags/example_branch_operator.py took 0.115 seconds
[2024-12-18T10:02:07.487+0000] {processor.py:161} INFO - Started process (PID=380) to work on /home/airflow/.local/lib/python3.12/site-packages/airflow/example_dags/example_branch_operator.py
[2024-12-18T10:02:07.489+0000] {processor.py:830} INFO - Processing file /home/airflow/.local/lib/python3.12/site-packages/airflow/example_dags/example_branch_operator.py for tasks to queue
[2024-12-18T10:02:07.492+0000] {logging_mixin.py:188} INFO - [2024-12-18T10:02:07.492+0000] {dagbag.py:545} INFO - Filling up the DagBag from /home/airflow/.local/lib/python3.12/site-packages/airflow/example_dags/example_branch_operator.py
[2024-12-18T10:02:07.518+0000] {processor.py:840} INFO - DAG(s) 'example_branch_operator' retrieved from /home/airflow/.local/lib/python3.12/site-packages/airflow/example_dags/example_branch_operator.py
[2024-12-18T10:02:07.566+0000] {logging_mixin.py:188} INFO - [2024-12-18T10:02:07.566+0000] {dag.py:3096} INFO - Sync 1 DAGs
[2024-12-18T10:02:07.597+0000] {logging_mixin.py:188} INFO - [2024-12-18T10:02:07.596+0000] {dag.py:3954} INFO - Setting next_dagrun for example_branch_operator to 2024-12-17 00:00:00+00:00, run_after=2024-12-18 00:00:00+00:00
[2024-12-18T10:02:07.627+0000] {processor.py:183} INFO - Processing /home/airflow/.local/lib/python3.12/site-packages/airflow/example_dags/example_branch_operator.py took 0.150 seconds
[2024-12-18T10:02:37.765+0000] {processor.py:161} INFO - Started process (PID=438) to work on /home/airflow/.local/lib/python3.12/site-packages/airflow/example_dags/example_branch_operator.py
[2024-12-18T10:02:37.766+0000] {processor.py:830} INFO - Processing file /home/airflow/.local/lib/python3.12/site-packages/airflow/example_dags/example_branch_operator.py for tasks to queue
[2024-12-18T10:02:37.768+0000] {logging_mixin.py:188} INFO - [2024-12-18T10:02:37.768+0000] {dagbag.py:545} INFO - Filling up the DagBag from /home/airflow/.local/lib/python3.12/site-packages/airflow/example_dags/example_branch_operator.py
[2024-12-18T10:02:37.784+0000] {processor.py:840} INFO - DAG(s) 'example_branch_operator' retrieved from /home/airflow/.local/lib/python3.12/site-packages/airflow/example_dags/example_branch_operator.py
[2024-12-18T10:02:37.817+0000] {logging_mixin.py:188} INFO - [2024-12-18T10:02:37.816+0000] {dag.py:3096} INFO - Sync 1 DAGs
[2024-12-18T10:02:37.843+0000] {logging_mixin.py:188} INFO - [2024-12-18T10:02:37.843+0000] {dag.py:3954} INFO - Setting next_dagrun for example_branch_operator to 2024-12-17 00:00:00+00:00, run_after=2024-12-18 00:00:00+00:00
[2024-12-18T10:02:37.871+0000] {processor.py:183} INFO - Processing /home/airflow/.local/lib/python3.12/site-packages/airflow/example_dags/example_branch_operator.py took 0.113 seconds
[2024-12-18T10:03:07.919+0000] {processor.py:161} INFO - Started process (PID=495) to work on /home/airflow/.local/lib/python3.12/site-packages/airflow/example_dags/example_branch_operator.py
[2024-12-18T10:03:07.920+0000] {processor.py:830} INFO - Processing file /home/airflow/.local/lib/python3.12/site-packages/airflow/example_dags/example_branch_operator.py for tasks to queue
[2024-12-18T10:03:07.923+0000] {logging_mixin.py:188} INFO - [2024-12-18T10:03:07.922+0000] {dagbag.py:545} INFO - Filling up the DagBag from /home/airflow/.local/lib/python3.12/site-packages/airflow/example_dags/example_branch_operator.py
[2024-12-18T10:03:07.938+0000] {processor.py:840} INFO - DAG(s) 'example_branch_operator' retrieved from /home/airflow/.local/lib/python3.12/site-packages/airflow/example_dags/example_branch_operator.py
[2024-12-18T10:03:07.968+0000] {logging_mixin.py:188} INFO - [2024-12-18T10:03:07.968+0000] {dag.py:3096} INFO - Sync 1 DAGs
[2024-12-18T10:03:07.992+0000] {logging_mixin.py:188} INFO - [2024-12-18T10:03:07.991+0000] {dag.py:3954} INFO - Setting next_dagrun for example_branch_operator to 2024-12-17 00:00:00+00:00, run_after=2024-12-18 00:00:00+00:00
[2024-12-18T10:03:08.019+0000] {processor.py:183} INFO - Processing /home/airflow/.local/lib/python3.12/site-packages/airflow/example_dags/example_branch_operator.py took 0.105 seconds
[2024-12-18T10:03:38.304+0000] {processor.py:161} INFO - Started process (PID=553) to work on /home/airflow/.local/lib/python3.12/site-packages/airflow/example_dags/example_branch_operator.py
[2024-12-18T10:03:38.306+0000] {processor.py:830} INFO - Processing file /home/airflow/.local/lib/python3.12/site-packages/airflow/example_dags/example_branch_operator.py for tasks to queue
[2024-12-18T10:03:38.308+0000] {logging_mixin.py:188} INFO - [2024-12-18T10:03:38.307+0000] {dagbag.py:545} INFO - Filling up the DagBag from /home/airflow/.local/lib/python3.12/site-packages/airflow/example_dags/example_branch_operator.py
[2024-12-18T10:03:38.322+0000] {processor.py:840} INFO - DAG(s) 'example_branch_operator' retrieved from /home/airflow/.local/lib/python3.12/site-packages/airflow/example_dags/example_branch_operator.py
[2024-12-18T10:03:38.353+0000] {logging_mixin.py:188} INFO - [2024-12-18T10:03:38.352+0000] {dag.py:3096} INFO - Sync 1 DAGs
[2024-12-18T10:03:38.377+0000] {logging_mixin.py:188} INFO - [2024-12-18T10:03:38.377+0000] {dag.py:3954} INFO - Setting next_dagrun for example_branch_operator to 2024-12-17 00:00:00+00:00, run_after=2024-12-18 00:00:00+00:00
[2024-12-18T10:03:38.402+0000] {processor.py:183} INFO - Processing /home/airflow/.local/lib/python3.12/site-packages/airflow/example_dags/example_branch_operator.py took 0.103 seconds
[2024-12-18T10:04:08.922+0000] {processor.py:161} INFO - Started process (PID=612) to work on /home/airflow/.local/lib/python3.12/site-packages/airflow/example_dags/example_branch_operator.py
[2024-12-18T10:04:08.926+0000] {processor.py:830} INFO - Processing file /home/airflow/.local/lib/python3.12/site-packages/airflow/example_dags/example_branch_operator.py for tasks to queue
[2024-12-18T10:04:08.929+0000] {logging_mixin.py:188} INFO - [2024-12-18T10:04:08.928+0000] {dagbag.py:545} INFO - Filling up the DagBag from /home/airflow/.local/lib/python3.12/site-packages/airflow/example_dags/example_branch_operator.py
[2024-12-18T10:04:08.955+0000] {processor.py:840} INFO - DAG(s) 'example_branch_operator' retrieved from /home/airflow/.local/lib/python3.12/site-packages/airflow/example_dags/example_branch_operator.py
[2024-12-18T10:04:08.997+0000] {logging_mixin.py:188} INFO - [2024-12-18T10:04:08.997+0000] {dag.py:3096} INFO - Sync 1 DAGs
[2024-12-18T10:04:09.030+0000] {logging_mixin.py:188} INFO - [2024-12-18T10:04:09.029+0000] {dag.py:3954} INFO - Setting next_dagrun for example_branch_operator to 2024-12-17 00:00:00+00:00, run_after=2024-12-18 00:00:00+00:00
[2024-12-18T10:04:09.062+0000] {processor.py:183} INFO - Processing /home/airflow/.local/lib/python3.12/site-packages/airflow/example_dags/example_branch_operator.py took 0.149 seconds
[2024-12-18T10:04:39.971+0000] {processor.py:161} INFO - Started process (PID=670) to work on /home/airflow/.local/lib/python3.12/site-packages/airflow/example_dags/example_branch_operator.py
[2024-12-18T10:04:39.973+0000] {processor.py:830} INFO - Processing file /home/airflow/.local/lib/python3.12/site-packages/airflow/example_dags/example_branch_operator.py for tasks to queue
[2024-12-18T10:04:39.975+0000] {logging_mixin.py:188} INFO - [2024-12-18T10:04:39.974+0000] {dagbag.py:545} INFO - Filling up the DagBag from /home/airflow/.local/lib/python3.12/site-packages/airflow/example_dags/example_branch_operator.py
[2024-12-18T10:04:39.991+0000] {processor.py:840} INFO - DAG(s) 'example_branch_operator' retrieved from /home/airflow/.local/lib/python3.12/site-packages/airflow/example_dags/example_branch_operator.py
[2024-12-18T10:04:40.021+0000] {logging_mixin.py:188} INFO - [2024-12-18T10:04:40.021+0000] {dag.py:3096} INFO - Sync 1 DAGs
[2024-12-18T10:04:40.045+0000] {logging_mixin.py:188} INFO - [2024-12-18T10:04:40.045+0000] {dag.py:3954} INFO - Setting next_dagrun for example_branch_operator to 2024-12-17 00:00:00+00:00, run_after=2024-12-18 00:00:00+00:00
[2024-12-18T10:04:40.070+0000] {processor.py:183} INFO - Processing /home/airflow/.local/lib/python3.12/site-packages/airflow/example_dags/example_branch_operator.py took 0.104 seconds
[2024-12-18T10:05:10.283+0000] {processor.py:161} INFO - Started process (PID=727) to work on /home/airflow/.local/lib/python3.12/site-packages/airflow/example_dags/example_branch_operator.py
[2024-12-18T10:05:10.285+0000] {processor.py:830} INFO - Processing file /home/airflow/.local/lib/python3.12/site-packages/airflow/example_dags/example_branch_operator.py for tasks to queue
[2024-12-18T10:05:10.288+0000] {logging_mixin.py:188} INFO - [2024-12-18T10:05:10.288+0000] {dagbag.py:545} INFO - Filling up the DagBag from /home/airflow/.local/lib/python3.12/site-packages/airflow/example_dags/example_branch_operator.py
[2024-12-18T10:05:10.316+0000] {processor.py:840} INFO - DAG(s) 'example_branch_operator' retrieved from /home/airflow/.local/lib/python3.12/site-packages/airflow/example_dags/example_branch_operator.py
[2024-12-18T10:05:10.368+0000] {logging_mixin.py:188} INFO - [2024-12-18T10:05:10.367+0000] {dag.py:3096} INFO - Sync 1 DAGs
[2024-12-18T10:05:10.408+0000] {logging_mixin.py:188} INFO - [2024-12-18T10:05:10.407+0000] {dag.py:3954} INFO - Setting next_dagrun for example_branch_operator to 2024-12-17 00:00:00+00:00, run_after=2024-12-18 00:00:00+00:00
[2024-12-18T10:05:10.449+0000] {processor.py:183} INFO - Processing /home/airflow/.local/lib/python3.12/site-packages/airflow/example_dags/example_branch_operator.py took 0.175 seconds
[2024-12-18T10:05:40.824+0000] {processor.py:161} INFO - Started process (PID=786) to work on /home/airflow/.local/lib/python3.12/site-packages/airflow/example_dags/example_branch_operator.py
[2024-12-18T10:05:40.825+0000] {processor.py:830} INFO - Processing file /home/airflow/.local/lib/python3.12/site-packages/airflow/example_dags/example_branch_operator.py for tasks to queue
[2024-12-18T10:05:40.827+0000] {logging_mixin.py:188} INFO - [2024-12-18T10:05:40.827+0000] {dagbag.py:545} INFO - Filling up the DagBag from /home/airflow/.local/lib/python3.12/site-packages/airflow/example_dags/example_branch_operator.py
[2024-12-18T10:05:40.843+0000] {processor.py:840} INFO - DAG(s) 'example_branch_operator' retrieved from /home/airflow/.local/lib/python3.12/site-packages/airflow/example_dags/example_branch_operator.py
[2024-12-18T10:05:40.874+0000] {logging_mixin.py:188} INFO - [2024-12-18T10:05:40.874+0000] {dag.py:3096} INFO - Sync 1 DAGs
[2024-12-18T10:05:40.900+0000] {logging_mixin.py:188} INFO - [2024-12-18T10:05:40.900+0000] {dag.py:3954} INFO - Setting next_dagrun for example_branch_operator to 2024-12-17 00:00:00+00:00, run_after=2024-12-18 00:00:00+00:00
[2024-12-18T10:05:40.926+0000] {processor.py:183} INFO - Processing /home/airflow/.local/lib/python3.12/site-packages/airflow/example_dags/example_branch_operator.py took 0.107 seconds
[2024-12-18T10:06:11.102+0000] {processor.py:161} INFO - Started process (PID=843) to work on /home/airflow/.local/lib/python3.12/site-packages/airflow/example_dags/example_branch_operator.py
[2024-12-18T10:06:11.103+0000] {processor.py:830} INFO - Processing file /home/airflow/.local/lib/python3.12/site-packages/airflow/example_dags/example_branch_operator.py for tasks to queue
[2024-12-18T10:06:11.106+0000] {logging_mixin.py:188} INFO - [2024-12-18T10:06:11.105+0000] {dagbag.py:545} INFO - Filling up the DagBag from /home/airflow/.local/lib/python3.12/site-packages/airflow/example_dags/example_branch_operator.py
[2024-12-18T10:06:11.128+0000] {processor.py:840} INFO - DAG(s) 'example_branch_operator' retrieved from /home/airflow/.local/lib/python3.12/site-packages/airflow/example_dags/example_branch_operator.py
[2024-12-18T10:06:11.171+0000] {logging_mixin.py:188} INFO - [2024-12-18T10:06:11.170+0000] {dag.py:3096} INFO - Sync 1 DAGs
[2024-12-18T10:06:11.201+0000] {logging_mixin.py:188} INFO - [2024-12-18T10:06:11.201+0000] {dag.py:3954} INFO - Setting next_dagrun for example_branch_operator to 2024-12-17 00:00:00+00:00, run_after=2024-12-18 00:00:00+00:00
[2024-12-18T10:06:11.230+0000] {processor.py:183} INFO - Processing /home/airflow/.local/lib/python3.12/site-packages/airflow/example_dags/example_branch_operator.py took 0.133 seconds
[2024-12-18T10:06:41.563+0000] {processor.py:161} INFO - Started process (PID=901) to work on /home/airflow/.local/lib/python3.12/site-packages/airflow/example_dags/example_branch_operator.py
[2024-12-18T10:06:41.565+0000] {processor.py:830} INFO - Processing file /home/airflow/.local/lib/python3.12/site-packages/airflow/example_dags/example_branch_operator.py for tasks to queue
[2024-12-18T10:06:41.567+0000] {logging_mixin.py:188} INFO - [2024-12-18T10:06:41.567+0000] {dagbag.py:545} INFO - Filling up the DagBag from /home/airflow/.local/lib/python3.12/site-packages/airflow/example_dags/example_branch_operator.py
[2024-12-18T10:06:41.592+0000] {processor.py:840} INFO - DAG(s) 'example_branch_operator' retrieved from /home/airflow/.local/lib/python3.12/site-packages/airflow/example_dags/example_branch_operator.py
[2024-12-18T10:06:41.624+0000] {logging_mixin.py:188} INFO - [2024-12-18T10:06:41.624+0000] {dag.py:3096} INFO - Sync 1 DAGs
[2024-12-18T10:06:41.648+0000] {logging_mixin.py:188} INFO - [2024-12-18T10:06:41.648+0000] {dag.py:3954} INFO - Setting next_dagrun for example_branch_operator to 2024-12-17 00:00:00+00:00, run_after=2024-12-18 00:00:00+00:00
[2024-12-18T10:06:41.674+0000] {processor.py:183} INFO - Processing /home/airflow/.local/lib/python3.12/site-packages/airflow/example_dags/example_branch_operator.py took 0.118 seconds
[2024-12-18T10:07:12.064+0000] {processor.py:161} INFO - Started process (PID=959) to work on /home/airflow/.local/lib/python3.12/site-packages/airflow/example_dags/example_branch_operator.py
[2024-12-18T10:07:12.066+0000] {processor.py:830} INFO - Processing file /home/airflow/.local/lib/python3.12/site-packages/airflow/example_dags/example_branch_operator.py for tasks to queue
[2024-12-18T10:07:12.068+0000] {logging_mixin.py:188} INFO - [2024-12-18T10:07:12.067+0000] {dagbag.py:545} INFO - Filling up the DagBag from /home/airflow/.local/lib/python3.12/site-packages/airflow/example_dags/example_branch_operator.py
[2024-12-18T10:07:12.083+0000] {processor.py:840} INFO - DAG(s) 'example_branch_operator' retrieved from /home/airflow/.local/lib/python3.12/site-packages/airflow/example_dags/example_branch_operator.py
[2024-12-18T10:07:12.120+0000] {logging_mixin.py:188} INFO - [2024-12-18T10:07:12.120+0000] {dag.py:3096} INFO - Sync 1 DAGs
[2024-12-18T10:07:12.146+0000] {logging_mixin.py:188} INFO - [2024-12-18T10:07:12.145+0000] {dag.py:3954} INFO - Setting next_dagrun for example_branch_operator to 2024-12-17 00:00:00+00:00, run_after=2024-12-18 00:00:00+00:00
[2024-12-18T10:07:12.173+0000] {processor.py:183} INFO - Processing /home/airflow/.local/lib/python3.12/site-packages/airflow/example_dags/example_branch_operator.py took 0.113 seconds
[2024-12-18T10:07:42.502+0000] {processor.py:161} INFO - Started process (PID=1017) to work on /home/airflow/.local/lib/python3.12/site-packages/airflow/example_dags/example_branch_operator.py
[2024-12-18T10:07:42.503+0000] {processor.py:830} INFO - Processing file /home/airflow/.local/lib/python3.12/site-packages/airflow/example_dags/example_branch_operator.py for tasks to queue
[2024-12-18T10:07:42.505+0000] {logging_mixin.py:188} INFO - [2024-12-18T10:07:42.504+0000] {dagbag.py:545} INFO - Filling up the DagBag from /home/airflow/.local/lib/python3.12/site-packages/airflow/example_dags/example_branch_operator.py
[2024-12-18T10:07:42.520+0000] {processor.py:840} INFO - DAG(s) 'example_branch_operator' retrieved from /home/airflow/.local/lib/python3.12/site-packages/airflow/example_dags/example_branch_operator.py
[2024-12-18T10:07:42.555+0000] {logging_mixin.py:188} INFO - [2024-12-18T10:07:42.555+0000] {dag.py:3096} INFO - Sync 1 DAGs
[2024-12-18T10:07:42.581+0000] {logging_mixin.py:188} INFO - [2024-12-18T10:07:42.581+0000] {dag.py:3954} INFO - Setting next_dagrun for example_branch_operator to 2024-12-17 00:00:00+00:00, run_after=2024-12-18 00:00:00+00:00
[2024-12-18T10:07:42.606+0000] {processor.py:183} INFO - Processing /home/airflow/.local/lib/python3.12/site-packages/airflow/example_dags/example_branch_operator.py took 0.109 seconds
[2024-12-18T10:08:12.830+0000] {processor.py:161} INFO - Started process (PID=1075) to work on /home/airflow/.local/lib/python3.12/site-packages/airflow/example_dags/example_branch_operator.py
[2024-12-18T10:08:12.831+0000] {processor.py:830} INFO - Processing file /home/airflow/.local/lib/python3.12/site-packages/airflow/example_dags/example_branch_operator.py for tasks to queue
[2024-12-18T10:08:12.833+0000] {logging_mixin.py:188} INFO - [2024-12-18T10:08:12.833+0000] {dagbag.py:545} INFO - Filling up the DagBag from /home/airflow/.local/lib/python3.12/site-packages/airflow/example_dags/example_branch_operator.py
[2024-12-18T10:08:12.849+0000] {processor.py:840} INFO - DAG(s) 'example_branch_operator' retrieved from /home/airflow/.local/lib/python3.12/site-packages/airflow/example_dags/example_branch_operator.py
[2024-12-18T10:08:12.885+0000] {logging_mixin.py:188} INFO - [2024-12-18T10:08:12.885+0000] {dag.py:3096} INFO - Sync 1 DAGs
[2024-12-18T10:08:12.909+0000] {logging_mixin.py:188} INFO - [2024-12-18T10:08:12.909+0000] {dag.py:3954} INFO - Setting next_dagrun for example_branch_operator to 2024-12-17 00:00:00+00:00, run_after=2024-12-18 00:00:00+00:00
[2024-12-18T10:08:12.936+0000] {processor.py:183} INFO - Processing /home/airflow/.local/lib/python3.12/site-packages/airflow/example_dags/example_branch_operator.py took 0.111 seconds
[2024-12-18T10:08:43.069+0000] {processor.py:161} INFO - Started process (PID=1133) to work on /home/airflow/.local/lib/python3.12/site-packages/airflow/example_dags/example_branch_operator.py
[2024-12-18T10:08:43.070+0000] {processor.py:830} INFO - Processing file /home/airflow/.local/lib/python3.12/site-packages/airflow/example_dags/example_branch_operator.py for tasks to queue
[2024-12-18T10:08:43.073+0000] {logging_mixin.py:188} INFO - [2024-12-18T10:08:43.073+0000] {dagbag.py:545} INFO - Filling up the DagBag from /home/airflow/.local/lib/python3.12/site-packages/airflow/example_dags/example_branch_operator.py
[2024-12-18T10:08:43.102+0000] {processor.py:840} INFO - DAG(s) 'example_branch_operator' retrieved from /home/airflow/.local/lib/python3.12/site-packages/airflow/example_dags/example_branch_operator.py
[2024-12-18T10:08:43.137+0000] {logging_mixin.py:188} INFO - [2024-12-18T10:08:43.137+0000] {dag.py:3096} INFO - Sync 1 DAGs
[2024-12-18T10:08:43.170+0000] {logging_mixin.py:188} INFO - [2024-12-18T10:08:43.170+0000] {dag.py:3954} INFO - Setting next_dagrun for example_branch_operator to 2024-12-17 00:00:00+00:00, run_after=2024-12-18 00:00:00+00:00
[2024-12-18T10:08:43.204+0000] {processor.py:183} INFO - Processing /home/airflow/.local/lib/python3.12/site-packages/airflow/example_dags/example_branch_operator.py took 0.145 seconds
[2024-12-18T10:09:13.320+0000] {processor.py:161} INFO - Started process (PID=1191) to work on /home/airflow/.local/lib/python3.12/site-packages/airflow/example_dags/example_branch_operator.py
[2024-12-18T10:09:13.322+0000] {processor.py:830} INFO - Processing file /home/airflow/.local/lib/python3.12/site-packages/airflow/example_dags/example_branch_operator.py for tasks to queue
[2024-12-18T10:09:13.324+0000] {logging_mixin.py:188} INFO - [2024-12-18T10:09:13.323+0000] {dagbag.py:545} INFO - Filling up the DagBag from /home/airflow/.local/lib/python3.12/site-packages/airflow/example_dags/example_branch_operator.py
[2024-12-18T10:09:13.342+0000] {processor.py:840} INFO - DAG(s) 'example_branch_operator' retrieved from /home/airflow/.local/lib/python3.12/site-packages/airflow/example_dags/example_branch_operator.py
[2024-12-18T10:09:13.387+0000] {logging_mixin.py:188} INFO - [2024-12-18T10:09:13.387+0000] {dag.py:3096} INFO - Sync 1 DAGs
[2024-12-18T10:09:13.423+0000] {logging_mixin.py:188} INFO - [2024-12-18T10:09:13.423+0000] {dag.py:3954} INFO - Setting next_dagrun for example_branch_operator to 2024-12-17 00:00:00+00:00, run_after=2024-12-18 00:00:00+00:00
[2024-12-18T10:09:13.459+0000] {processor.py:183} INFO - Processing /home/airflow/.local/lib/python3.12/site-packages/airflow/example_dags/example_branch_operator.py took 0.144 seconds
[2024-12-18T10:09:43.687+0000] {processor.py:161} INFO - Started process (PID=1249) to work on /home/airflow/.local/lib/python3.12/site-packages/airflow/example_dags/example_branch_operator.py
[2024-12-18T10:09:43.688+0000] {processor.py:830} INFO - Processing file /home/airflow/.local/lib/python3.12/site-packages/airflow/example_dags/example_branch_operator.py for tasks to queue
[2024-12-18T10:09:43.691+0000] {logging_mixin.py:188} INFO - [2024-12-18T10:09:43.690+0000] {dagbag.py:545} INFO - Filling up the DagBag from /home/airflow/.local/lib/python3.12/site-packages/airflow/example_dags/example_branch_operator.py
[2024-12-18T10:09:43.708+0000] {processor.py:840} INFO - DAG(s) 'example_branch_operator' retrieved from /home/airflow/.local/lib/python3.12/site-packages/airflow/example_dags/example_branch_operator.py
[2024-12-18T10:09:43.741+0000] {logging_mixin.py:188} INFO - [2024-12-18T10:09:43.741+0000] {dag.py:3096} INFO - Sync 1 DAGs
[2024-12-18T10:09:43.767+0000] {logging_mixin.py:188} INFO - [2024-12-18T10:09:43.767+0000] {dag.py:3954} INFO - Setting next_dagrun for example_branch_operator to 2024-12-17 00:00:00+00:00, run_after=2024-12-18 00:00:00+00:00
[2024-12-18T10:09:43.794+0000] {processor.py:183} INFO - Processing /home/airflow/.local/lib/python3.12/site-packages/airflow/example_dags/example_branch_operator.py took 0.112 seconds
[2024-12-18T10:10:14.009+0000] {processor.py:161} INFO - Started process (PID=1307) to work on /home/airflow/.local/lib/python3.12/site-packages/airflow/example_dags/example_branch_operator.py
[2024-12-18T10:10:14.010+0000] {processor.py:830} INFO - Processing file /home/airflow/.local/lib/python3.12/site-packages/airflow/example_dags/example_branch_operator.py for tasks to queue
[2024-12-18T10:10:14.012+0000] {logging_mixin.py:188} INFO - [2024-12-18T10:10:14.012+0000] {dagbag.py:545} INFO - Filling up the DagBag from /home/airflow/.local/lib/python3.12/site-packages/airflow/example_dags/example_branch_operator.py
[2024-12-18T10:10:14.028+0000] {processor.py:840} INFO - DAG(s) 'example_branch_operator' retrieved from /home/airflow/.local/lib/python3.12/site-packages/airflow/example_dags/example_branch_operator.py
[2024-12-18T10:10:14.061+0000] {logging_mixin.py:188} INFO - [2024-12-18T10:10:14.060+0000] {dag.py:3096} INFO - Sync 1 DAGs
[2024-12-18T10:10:14.084+0000] {logging_mixin.py:188} INFO - [2024-12-18T10:10:14.084+0000] {dag.py:3954} INFO - Setting next_dagrun for example_branch_operator to 2024-12-17 00:00:00+00:00, run_after=2024-12-18 00:00:00+00:00
[2024-12-18T10:10:14.109+0000] {processor.py:183} INFO - Processing /home/airflow/.local/lib/python3.12/site-packages/airflow/example_dags/example_branch_operator.py took 0.105 seconds
[2024-12-18T10:10:44.520+0000] {processor.py:161} INFO - Started process (PID=1365) to work on /home/airflow/.local/lib/python3.12/site-packages/airflow/example_dags/example_branch_operator.py
[2024-12-18T10:10:44.521+0000] {processor.py:830} INFO - Processing file /home/airflow/.local/lib/python3.12/site-packages/airflow/example_dags/example_branch_operator.py for tasks to queue
[2024-12-18T10:10:44.523+0000] {logging_mixin.py:188} INFO - [2024-12-18T10:10:44.523+0000] {dagbag.py:545} INFO - Filling up the DagBag from /home/airflow/.local/lib/python3.12/site-packages/airflow/example_dags/example_branch_operator.py
[2024-12-18T10:10:44.541+0000] {processor.py:840} INFO - DAG(s) 'example_branch_operator' retrieved from /home/airflow/.local/lib/python3.12/site-packages/airflow/example_dags/example_branch_operator.py
[2024-12-18T10:10:44.586+0000] {logging_mixin.py:188} INFO - [2024-12-18T10:10:44.586+0000] {dag.py:3096} INFO - Sync 1 DAGs
[2024-12-18T10:10:44.622+0000] {logging_mixin.py:188} INFO - [2024-12-18T10:10:44.621+0000] {dag.py:3954} INFO - Setting next_dagrun for example_branch_operator to 2024-12-17 00:00:00+00:00, run_after=2024-12-18 00:00:00+00:00
[2024-12-18T10:10:44.662+0000] {processor.py:183} INFO - Processing /home/airflow/.local/lib/python3.12/site-packages/airflow/example_dags/example_branch_operator.py took 0.148 seconds
