[2024-12-18T09:59:36.072+0000] {processor.py:161} INFO - Started process (PID=97) to work on /home/airflow/.local/lib/python3.12/site-packages/airflow/example_dags/example_python_decorator.py
[2024-12-18T09:59:36.074+0000] {processor.py:830} INFO - Processing file /home/airflow/.local/lib/python3.12/site-packages/airflow/example_dags/example_python_decorator.py for tasks to queue
[2024-12-18T09:59:36.076+0000] {logging_mixin.py:188} INFO - [2024-12-18T09:59:36.076+0000] {dagbag.py:545} INFO - Filling up the DagBag from /home/airflow/.local/lib/python3.12/site-packages/airflow/example_dags/example_python_decorator.py
[2024-12-18T09:59:36.092+0000] {processor.py:840} INFO - DAG(s) 'example_python_decorator' retrieved from /home/airflow/.local/lib/python3.12/site-packages/airflow/example_dags/example_python_decorator.py
[2024-12-18T09:59:36.219+0000] {logging_mixin.py:188} INFO - [2024-12-18T09:59:36.218+0000] {override.py:1829} INFO - Created Permission View: can delete on DAG:example_python_decorator
[2024-12-18T09:59:36.236+0000] {logging_mixin.py:188} INFO - [2024-12-18T09:59:36.235+0000] {override.py:1829} INFO - Created Permission View: can read on DAG:example_python_decorator
[2024-12-18T09:59:36.249+0000] {logging_mixin.py:188} INFO - [2024-12-18T09:59:36.248+0000] {override.py:1829} INFO - Created Permission View: can edit on DAG:example_python_decorator
[2024-12-18T09:59:36.250+0000] {logging_mixin.py:188} INFO - [2024-12-18T09:59:36.249+0000] {dag.py:3096} INFO - Sync 1 DAGs
[2024-12-18T09:59:36.265+0000] {logging_mixin.py:188} INFO - [2024-12-18T09:59:36.264+0000] {dag.py:3118} INFO - Creating ORM DAG for example_python_decorator
[2024-12-18T09:59:36.266+0000] {logging_mixin.py:188} INFO - [2024-12-18T09:59:36.266+0000] {dag.py:3954} INFO - Setting next_dagrun for example_python_decorator to None, run_after=None
[2024-12-18T09:59:36.295+0000] {processor.py:183} INFO - Processing /home/airflow/.local/lib/python3.12/site-packages/airflow/example_dags/example_python_decorator.py took 0.228 seconds
[2024-12-18T10:00:06.367+0000] {processor.py:161} INFO - Started process (PID=155) to work on /home/airflow/.local/lib/python3.12/site-packages/airflow/example_dags/example_python_decorator.py
[2024-12-18T10:00:06.368+0000] {processor.py:830} INFO - Processing file /home/airflow/.local/lib/python3.12/site-packages/airflow/example_dags/example_python_decorator.py for tasks to queue
[2024-12-18T10:00:06.370+0000] {logging_mixin.py:188} INFO - [2024-12-18T10:00:06.370+0000] {dagbag.py:545} INFO - Filling up the DagBag from /home/airflow/.local/lib/python3.12/site-packages/airflow/example_dags/example_python_decorator.py
[2024-12-18T10:00:06.382+0000] {processor.py:840} INFO - DAG(s) 'example_python_decorator' retrieved from /home/airflow/.local/lib/python3.12/site-packages/airflow/example_dags/example_python_decorator.py
[2024-12-18T10:00:06.407+0000] {logging_mixin.py:188} INFO - [2024-12-18T10:00:06.407+0000] {dag.py:3096} INFO - Sync 1 DAGs
[2024-12-18T10:00:06.421+0000] {logging_mixin.py:188} INFO - [2024-12-18T10:00:06.420+0000] {dag.py:3954} INFO - Setting next_dagrun for example_python_decorator to None, run_after=None
[2024-12-18T10:00:06.457+0000] {processor.py:183} INFO - Processing /home/airflow/.local/lib/python3.12/site-packages/airflow/example_dags/example_python_decorator.py took 0.096 seconds
[2024-12-18T10:00:37.132+0000] {processor.py:161} INFO - Started process (PID=213) to work on /home/airflow/.local/lib/python3.12/site-packages/airflow/example_dags/example_python_decorator.py
[2024-12-18T10:00:37.133+0000] {processor.py:830} INFO - Processing file /home/airflow/.local/lib/python3.12/site-packages/airflow/example_dags/example_python_decorator.py for tasks to queue
[2024-12-18T10:00:37.136+0000] {logging_mixin.py:188} INFO - [2024-12-18T10:00:37.135+0000] {dagbag.py:545} INFO - Filling up the DagBag from /home/airflow/.local/lib/python3.12/site-packages/airflow/example_dags/example_python_decorator.py
[2024-12-18T10:00:37.159+0000] {processor.py:840} INFO - DAG(s) 'example_python_decorator' retrieved from /home/airflow/.local/lib/python3.12/site-packages/airflow/example_dags/example_python_decorator.py
[2024-12-18T10:00:37.184+0000] {logging_mixin.py:188} INFO - [2024-12-18T10:00:37.184+0000] {dag.py:3096} INFO - Sync 1 DAGs
[2024-12-18T10:00:37.200+0000] {logging_mixin.py:188} INFO - [2024-12-18T10:00:37.200+0000] {dag.py:3954} INFO - Setting next_dagrun for example_python_decorator to None, run_after=None
[2024-12-18T10:00:37.233+0000] {processor.py:183} INFO - Processing /home/airflow/.local/lib/python3.12/site-packages/airflow/example_dags/example_python_decorator.py took 0.108 seconds
[2024-12-18T10:01:07.559+0000] {processor.py:161} INFO - Started process (PID=271) to work on /home/airflow/.local/lib/python3.12/site-packages/airflow/example_dags/example_python_decorator.py
[2024-12-18T10:01:07.560+0000] {processor.py:830} INFO - Processing file /home/airflow/.local/lib/python3.12/site-packages/airflow/example_dags/example_python_decorator.py for tasks to queue
[2024-12-18T10:01:07.563+0000] {logging_mixin.py:188} INFO - [2024-12-18T10:01:07.563+0000] {dagbag.py:545} INFO - Filling up the DagBag from /home/airflow/.local/lib/python3.12/site-packages/airflow/example_dags/example_python_decorator.py
[2024-12-18T10:01:07.584+0000] {processor.py:840} INFO - DAG(s) 'example_python_decorator' retrieved from /home/airflow/.local/lib/python3.12/site-packages/airflow/example_dags/example_python_decorator.py
[2024-12-18T10:01:07.613+0000] {logging_mixin.py:188} INFO - [2024-12-18T10:01:07.613+0000] {dag.py:3096} INFO - Sync 1 DAGs
[2024-12-18T10:01:07.629+0000] {logging_mixin.py:188} INFO - [2024-12-18T10:01:07.629+0000] {dag.py:3954} INFO - Setting next_dagrun for example_python_decorator to None, run_after=None
[2024-12-18T10:01:07.664+0000] {processor.py:183} INFO - Processing /home/airflow/.local/lib/python3.12/site-packages/airflow/example_dags/example_python_decorator.py took 0.112 seconds
[2024-12-18T10:01:37.707+0000] {processor.py:161} INFO - Started process (PID=329) to work on /home/airflow/.local/lib/python3.12/site-packages/airflow/example_dags/example_python_decorator.py
[2024-12-18T10:01:37.709+0000] {processor.py:830} INFO - Processing file /home/airflow/.local/lib/python3.12/site-packages/airflow/example_dags/example_python_decorator.py for tasks to queue
[2024-12-18T10:01:37.711+0000] {logging_mixin.py:188} INFO - [2024-12-18T10:01:37.710+0000] {dagbag.py:545} INFO - Filling up the DagBag from /home/airflow/.local/lib/python3.12/site-packages/airflow/example_dags/example_python_decorator.py
[2024-12-18T10:01:37.724+0000] {processor.py:840} INFO - DAG(s) 'example_python_decorator' retrieved from /home/airflow/.local/lib/python3.12/site-packages/airflow/example_dags/example_python_decorator.py
[2024-12-18T10:01:37.749+0000] {logging_mixin.py:188} INFO - [2024-12-18T10:01:37.748+0000] {dag.py:3096} INFO - Sync 1 DAGs
[2024-12-18T10:01:37.762+0000] {logging_mixin.py:188} INFO - [2024-12-18T10:01:37.762+0000] {dag.py:3954} INFO - Setting next_dagrun for example_python_decorator to None, run_after=None
[2024-12-18T10:01:37.789+0000] {processor.py:183} INFO - Processing /home/airflow/.local/lib/python3.12/site-packages/airflow/example_dags/example_python_decorator.py took 0.087 seconds
[2024-12-18T10:02:08.046+0000] {processor.py:161} INFO - Started process (PID=387) to work on /home/airflow/.local/lib/python3.12/site-packages/airflow/example_dags/example_python_decorator.py
[2024-12-18T10:02:08.047+0000] {processor.py:830} INFO - Processing file /home/airflow/.local/lib/python3.12/site-packages/airflow/example_dags/example_python_decorator.py for tasks to queue
[2024-12-18T10:02:08.050+0000] {logging_mixin.py:188} INFO - [2024-12-18T10:02:08.050+0000] {dagbag.py:545} INFO - Filling up the DagBag from /home/airflow/.local/lib/python3.12/site-packages/airflow/example_dags/example_python_decorator.py
[2024-12-18T10:02:08.067+0000] {processor.py:840} INFO - DAG(s) 'example_python_decorator' retrieved from /home/airflow/.local/lib/python3.12/site-packages/airflow/example_dags/example_python_decorator.py
[2024-12-18T10:02:08.099+0000] {logging_mixin.py:188} INFO - [2024-12-18T10:02:08.098+0000] {dag.py:3096} INFO - Sync 1 DAGs
[2024-12-18T10:02:08.113+0000] {logging_mixin.py:188} INFO - [2024-12-18T10:02:08.113+0000] {dag.py:3954} INFO - Setting next_dagrun for example_python_decorator to None, run_after=None
[2024-12-18T10:02:08.141+0000] {processor.py:183} INFO - Processing /home/airflow/.local/lib/python3.12/site-packages/airflow/example_dags/example_python_decorator.py took 0.100 seconds
[2024-12-18T10:02:38.338+0000] {processor.py:161} INFO - Started process (PID=445) to work on /home/airflow/.local/lib/python3.12/site-packages/airflow/example_dags/example_python_decorator.py
[2024-12-18T10:02:38.339+0000] {processor.py:830} INFO - Processing file /home/airflow/.local/lib/python3.12/site-packages/airflow/example_dags/example_python_decorator.py for tasks to queue
[2024-12-18T10:02:38.342+0000] {logging_mixin.py:188} INFO - [2024-12-18T10:02:38.341+0000] {dagbag.py:545} INFO - Filling up the DagBag from /home/airflow/.local/lib/python3.12/site-packages/airflow/example_dags/example_python_decorator.py
[2024-12-18T10:02:38.357+0000] {processor.py:840} INFO - DAG(s) 'example_python_decorator' retrieved from /home/airflow/.local/lib/python3.12/site-packages/airflow/example_dags/example_python_decorator.py
[2024-12-18T10:02:38.387+0000] {logging_mixin.py:188} INFO - [2024-12-18T10:02:38.386+0000] {dag.py:3096} INFO - Sync 1 DAGs
[2024-12-18T10:02:38.401+0000] {logging_mixin.py:188} INFO - [2024-12-18T10:02:38.400+0000] {dag.py:3954} INFO - Setting next_dagrun for example_python_decorator to None, run_after=None
[2024-12-18T10:02:38.427+0000] {processor.py:183} INFO - Processing /home/airflow/.local/lib/python3.12/site-packages/airflow/example_dags/example_python_decorator.py took 0.096 seconds
[2024-12-18T10:03:08.729+0000] {processor.py:161} INFO - Started process (PID=503) to work on /home/airflow/.local/lib/python3.12/site-packages/airflow/example_dags/example_python_decorator.py
[2024-12-18T10:03:08.730+0000] {processor.py:830} INFO - Processing file /home/airflow/.local/lib/python3.12/site-packages/airflow/example_dags/example_python_decorator.py for tasks to queue
[2024-12-18T10:03:08.732+0000] {logging_mixin.py:188} INFO - [2024-12-18T10:03:08.732+0000] {dagbag.py:545} INFO - Filling up the DagBag from /home/airflow/.local/lib/python3.12/site-packages/airflow/example_dags/example_python_decorator.py
[2024-12-18T10:03:08.744+0000] {processor.py:840} INFO - DAG(s) 'example_python_decorator' retrieved from /home/airflow/.local/lib/python3.12/site-packages/airflow/example_dags/example_python_decorator.py
[2024-12-18T10:03:08.771+0000] {logging_mixin.py:188} INFO - [2024-12-18T10:03:08.771+0000] {dag.py:3096} INFO - Sync 1 DAGs
[2024-12-18T10:03:08.784+0000] {logging_mixin.py:188} INFO - [2024-12-18T10:03:08.783+0000] {dag.py:3954} INFO - Setting next_dagrun for example_python_decorator to None, run_after=None
[2024-12-18T10:03:08.809+0000] {processor.py:183} INFO - Processing /home/airflow/.local/lib/python3.12/site-packages/airflow/example_dags/example_python_decorator.py took 0.086 seconds
[2024-12-18T10:03:38.928+0000] {processor.py:161} INFO - Started process (PID=561) to work on /home/airflow/.local/lib/python3.12/site-packages/airflow/example_dags/example_python_decorator.py
[2024-12-18T10:03:38.930+0000] {processor.py:830} INFO - Processing file /home/airflow/.local/lib/python3.12/site-packages/airflow/example_dags/example_python_decorator.py for tasks to queue
[2024-12-18T10:03:38.932+0000] {logging_mixin.py:188} INFO - [2024-12-18T10:03:38.931+0000] {dagbag.py:545} INFO - Filling up the DagBag from /home/airflow/.local/lib/python3.12/site-packages/airflow/example_dags/example_python_decorator.py
[2024-12-18T10:03:38.945+0000] {processor.py:840} INFO - DAG(s) 'example_python_decorator' retrieved from /home/airflow/.local/lib/python3.12/site-packages/airflow/example_dags/example_python_decorator.py
[2024-12-18T10:03:38.973+0000] {logging_mixin.py:188} INFO - [2024-12-18T10:03:38.972+0000] {dag.py:3096} INFO - Sync 1 DAGs
[2024-12-18T10:03:38.988+0000] {logging_mixin.py:188} INFO - [2024-12-18T10:03:38.988+0000] {dag.py:3954} INFO - Setting next_dagrun for example_python_decorator to None, run_after=None
[2024-12-18T10:03:39.016+0000] {processor.py:183} INFO - Processing /home/airflow/.local/lib/python3.12/site-packages/airflow/example_dags/example_python_decorator.py took 0.093 seconds
[2024-12-18T10:04:09.501+0000] {processor.py:161} INFO - Started process (PID=619) to work on /home/airflow/.local/lib/python3.12/site-packages/airflow/example_dags/example_python_decorator.py
[2024-12-18T10:04:09.503+0000] {processor.py:830} INFO - Processing file /home/airflow/.local/lib/python3.12/site-packages/airflow/example_dags/example_python_decorator.py for tasks to queue
[2024-12-18T10:04:09.505+0000] {logging_mixin.py:188} INFO - [2024-12-18T10:04:09.504+0000] {dagbag.py:545} INFO - Filling up the DagBag from /home/airflow/.local/lib/python3.12/site-packages/airflow/example_dags/example_python_decorator.py
[2024-12-18T10:04:09.519+0000] {processor.py:840} INFO - DAG(s) 'example_python_decorator' retrieved from /home/airflow/.local/lib/python3.12/site-packages/airflow/example_dags/example_python_decorator.py
[2024-12-18T10:04:09.545+0000] {logging_mixin.py:188} INFO - [2024-12-18T10:04:09.544+0000] {dag.py:3096} INFO - Sync 1 DAGs
[2024-12-18T10:04:09.559+0000] {logging_mixin.py:188} INFO - [2024-12-18T10:04:09.559+0000] {dag.py:3954} INFO - Setting next_dagrun for example_python_decorator to None, run_after=None
[2024-12-18T10:04:09.584+0000] {processor.py:183} INFO - Processing /home/airflow/.local/lib/python3.12/site-packages/airflow/example_dags/example_python_decorator.py took 0.087 seconds
[2024-12-18T10:04:40.630+0000] {processor.py:161} INFO - Started process (PID=677) to work on /home/airflow/.local/lib/python3.12/site-packages/airflow/example_dags/example_python_decorator.py
[2024-12-18T10:04:40.631+0000] {processor.py:830} INFO - Processing file /home/airflow/.local/lib/python3.12/site-packages/airflow/example_dags/example_python_decorator.py for tasks to queue
[2024-12-18T10:04:40.633+0000] {logging_mixin.py:188} INFO - [2024-12-18T10:04:40.632+0000] {dagbag.py:545} INFO - Filling up the DagBag from /home/airflow/.local/lib/python3.12/site-packages/airflow/example_dags/example_python_decorator.py
[2024-12-18T10:04:40.647+0000] {processor.py:840} INFO - DAG(s) 'example_python_decorator' retrieved from /home/airflow/.local/lib/python3.12/site-packages/airflow/example_dags/example_python_decorator.py
[2024-12-18T10:04:40.671+0000] {logging_mixin.py:188} INFO - [2024-12-18T10:04:40.671+0000] {dag.py:3096} INFO - Sync 1 DAGs
[2024-12-18T10:04:40.686+0000] {logging_mixin.py:188} INFO - [2024-12-18T10:04:40.685+0000] {dag.py:3954} INFO - Setting next_dagrun for example_python_decorator to None, run_after=None
[2024-12-18T10:04:40.711+0000] {processor.py:183} INFO - Processing /home/airflow/.local/lib/python3.12/site-packages/airflow/example_dags/example_python_decorator.py took 0.087 seconds
[2024-12-18T10:05:11.076+0000] {processor.py:161} INFO - Started process (PID=735) to work on /home/airflow/.local/lib/python3.12/site-packages/airflow/example_dags/example_python_decorator.py
[2024-12-18T10:05:11.077+0000] {processor.py:830} INFO - Processing file /home/airflow/.local/lib/python3.12/site-packages/airflow/example_dags/example_python_decorator.py for tasks to queue
[2024-12-18T10:05:11.080+0000] {logging_mixin.py:188} INFO - [2024-12-18T10:05:11.079+0000] {dagbag.py:545} INFO - Filling up the DagBag from /home/airflow/.local/lib/python3.12/site-packages/airflow/example_dags/example_python_decorator.py
[2024-12-18T10:05:11.097+0000] {processor.py:840} INFO - DAG(s) 'example_python_decorator' retrieved from /home/airflow/.local/lib/python3.12/site-packages/airflow/example_dags/example_python_decorator.py
[2024-12-18T10:05:11.129+0000] {logging_mixin.py:188} INFO - [2024-12-18T10:05:11.129+0000] {dag.py:3096} INFO - Sync 1 DAGs
[2024-12-18T10:05:11.145+0000] {logging_mixin.py:188} INFO - [2024-12-18T10:05:11.144+0000] {dag.py:3954} INFO - Setting next_dagrun for example_python_decorator to None, run_after=None
[2024-12-18T10:05:11.173+0000] {processor.py:183} INFO - Processing /home/airflow/.local/lib/python3.12/site-packages/airflow/example_dags/example_python_decorator.py took 0.103 seconds
[2024-12-18T10:05:41.392+0000] {processor.py:161} INFO - Started process (PID=793) to work on /home/airflow/.local/lib/python3.12/site-packages/airflow/example_dags/example_python_decorator.py
[2024-12-18T10:05:41.393+0000] {processor.py:830} INFO - Processing file /home/airflow/.local/lib/python3.12/site-packages/airflow/example_dags/example_python_decorator.py for tasks to queue
[2024-12-18T10:05:41.396+0000] {logging_mixin.py:188} INFO - [2024-12-18T10:05:41.395+0000] {dagbag.py:545} INFO - Filling up the DagBag from /home/airflow/.local/lib/python3.12/site-packages/airflow/example_dags/example_python_decorator.py
[2024-12-18T10:05:41.408+0000] {processor.py:840} INFO - DAG(s) 'example_python_decorator' retrieved from /home/airflow/.local/lib/python3.12/site-packages/airflow/example_dags/example_python_decorator.py
[2024-12-18T10:05:41.434+0000] {logging_mixin.py:188} INFO - [2024-12-18T10:05:41.434+0000] {dag.py:3096} INFO - Sync 1 DAGs
[2024-12-18T10:05:41.447+0000] {logging_mixin.py:188} INFO - [2024-12-18T10:05:41.447+0000] {dag.py:3954} INFO - Setting next_dagrun for example_python_decorator to None, run_after=None
[2024-12-18T10:05:41.473+0000] {processor.py:183} INFO - Processing /home/airflow/.local/lib/python3.12/site-packages/airflow/example_dags/example_python_decorator.py took 0.086 seconds
[2024-12-18T10:06:11.782+0000] {processor.py:161} INFO - Started process (PID=851) to work on /home/airflow/.local/lib/python3.12/site-packages/airflow/example_dags/example_python_decorator.py
[2024-12-18T10:06:11.783+0000] {processor.py:830} INFO - Processing file /home/airflow/.local/lib/python3.12/site-packages/airflow/example_dags/example_python_decorator.py for tasks to queue
[2024-12-18T10:06:11.785+0000] {logging_mixin.py:188} INFO - [2024-12-18T10:06:11.785+0000] {dagbag.py:545} INFO - Filling up the DagBag from /home/airflow/.local/lib/python3.12/site-packages/airflow/example_dags/example_python_decorator.py
[2024-12-18T10:06:11.799+0000] {processor.py:840} INFO - DAG(s) 'example_python_decorator' retrieved from /home/airflow/.local/lib/python3.12/site-packages/airflow/example_dags/example_python_decorator.py
[2024-12-18T10:06:11.826+0000] {logging_mixin.py:188} INFO - [2024-12-18T10:06:11.826+0000] {dag.py:3096} INFO - Sync 1 DAGs
[2024-12-18T10:06:11.839+0000] {logging_mixin.py:188} INFO - [2024-12-18T10:06:11.838+0000] {dag.py:3954} INFO - Setting next_dagrun for example_python_decorator to None, run_after=None
[2024-12-18T10:06:11.863+0000] {processor.py:183} INFO - Processing /home/airflow/.local/lib/python3.12/site-packages/airflow/example_dags/example_python_decorator.py took 0.086 seconds
[2024-12-18T10:06:42.210+0000] {processor.py:161} INFO - Started process (PID=909) to work on /home/airflow/.local/lib/python3.12/site-packages/airflow/example_dags/example_python_decorator.py
[2024-12-18T10:06:42.212+0000] {processor.py:830} INFO - Processing file /home/airflow/.local/lib/python3.12/site-packages/airflow/example_dags/example_python_decorator.py for tasks to queue
[2024-12-18T10:06:42.215+0000] {logging_mixin.py:188} INFO - [2024-12-18T10:06:42.214+0000] {dagbag.py:545} INFO - Filling up the DagBag from /home/airflow/.local/lib/python3.12/site-packages/airflow/example_dags/example_python_decorator.py
[2024-12-18T10:06:42.227+0000] {processor.py:840} INFO - DAG(s) 'example_python_decorator' retrieved from /home/airflow/.local/lib/python3.12/site-packages/airflow/example_dags/example_python_decorator.py
[2024-12-18T10:06:42.254+0000] {logging_mixin.py:188} INFO - [2024-12-18T10:06:42.254+0000] {dag.py:3096} INFO - Sync 1 DAGs
[2024-12-18T10:06:42.269+0000] {logging_mixin.py:188} INFO - [2024-12-18T10:06:42.268+0000] {dag.py:3954} INFO - Setting next_dagrun for example_python_decorator to None, run_after=None
[2024-12-18T10:06:42.295+0000] {processor.py:183} INFO - Processing /home/airflow/.local/lib/python3.12/site-packages/airflow/example_dags/example_python_decorator.py took 0.090 seconds
[2024-12-18T10:07:12.721+0000] {processor.py:161} INFO - Started process (PID=967) to work on /home/airflow/.local/lib/python3.12/site-packages/airflow/example_dags/example_python_decorator.py
[2024-12-18T10:07:12.722+0000] {processor.py:830} INFO - Processing file /home/airflow/.local/lib/python3.12/site-packages/airflow/example_dags/example_python_decorator.py for tasks to queue
[2024-12-18T10:07:12.725+0000] {logging_mixin.py:188} INFO - [2024-12-18T10:07:12.724+0000] {dagbag.py:545} INFO - Filling up the DagBag from /home/airflow/.local/lib/python3.12/site-packages/airflow/example_dags/example_python_decorator.py
[2024-12-18T10:07:12.738+0000] {processor.py:840} INFO - DAG(s) 'example_python_decorator' retrieved from /home/airflow/.local/lib/python3.12/site-packages/airflow/example_dags/example_python_decorator.py
[2024-12-18T10:07:12.765+0000] {logging_mixin.py:188} INFO - [2024-12-18T10:07:12.764+0000] {dag.py:3096} INFO - Sync 1 DAGs
[2024-12-18T10:07:12.778+0000] {logging_mixin.py:188} INFO - [2024-12-18T10:07:12.778+0000] {dag.py:3954} INFO - Setting next_dagrun for example_python_decorator to None, run_after=None
[2024-12-18T10:07:12.805+0000] {processor.py:183} INFO - Processing /home/airflow/.local/lib/python3.12/site-packages/airflow/example_dags/example_python_decorator.py took 0.090 seconds
[2024-12-18T10:07:43.014+0000] {processor.py:161} INFO - Started process (PID=1025) to work on /home/airflow/.local/lib/python3.12/site-packages/airflow/example_dags/example_python_decorator.py
[2024-12-18T10:07:43.015+0000] {processor.py:830} INFO - Processing file /home/airflow/.local/lib/python3.12/site-packages/airflow/example_dags/example_python_decorator.py for tasks to queue
[2024-12-18T10:07:43.018+0000] {logging_mixin.py:188} INFO - [2024-12-18T10:07:43.017+0000] {dagbag.py:545} INFO - Filling up the DagBag from /home/airflow/.local/lib/python3.12/site-packages/airflow/example_dags/example_python_decorator.py
[2024-12-18T10:07:43.030+0000] {processor.py:840} INFO - DAG(s) 'example_python_decorator' retrieved from /home/airflow/.local/lib/python3.12/site-packages/airflow/example_dags/example_python_decorator.py
[2024-12-18T10:07:43.057+0000] {logging_mixin.py:188} INFO - [2024-12-18T10:07:43.057+0000] {dag.py:3096} INFO - Sync 1 DAGs
[2024-12-18T10:07:43.072+0000] {logging_mixin.py:188} INFO - [2024-12-18T10:07:43.072+0000] {dag.py:3954} INFO - Setting next_dagrun for example_python_decorator to None, run_after=None
[2024-12-18T10:07:43.100+0000] {processor.py:183} INFO - Processing /home/airflow/.local/lib/python3.12/site-packages/airflow/example_dags/example_python_decorator.py took 0.091 seconds
[2024-12-18T10:08:13.246+0000] {processor.py:161} INFO - Started process (PID=1082) to work on /home/airflow/.local/lib/python3.12/site-packages/airflow/example_dags/example_python_decorator.py
[2024-12-18T10:08:13.247+0000] {processor.py:830} INFO - Processing file /home/airflow/.local/lib/python3.12/site-packages/airflow/example_dags/example_python_decorator.py for tasks to queue
[2024-12-18T10:08:13.249+0000] {logging_mixin.py:188} INFO - [2024-12-18T10:08:13.249+0000] {dagbag.py:545} INFO - Filling up the DagBag from /home/airflow/.local/lib/python3.12/site-packages/airflow/example_dags/example_python_decorator.py
[2024-12-18T10:08:13.264+0000] {processor.py:840} INFO - DAG(s) 'example_python_decorator' retrieved from /home/airflow/.local/lib/python3.12/site-packages/airflow/example_dags/example_python_decorator.py
[2024-12-18T10:08:13.289+0000] {logging_mixin.py:188} INFO - [2024-12-18T10:08:13.289+0000] {dag.py:3096} INFO - Sync 1 DAGs
[2024-12-18T10:08:13.303+0000] {logging_mixin.py:188} INFO - [2024-12-18T10:08:13.303+0000] {dag.py:3954} INFO - Setting next_dagrun for example_python_decorator to None, run_after=None
[2024-12-18T10:08:13.333+0000] {processor.py:183} INFO - Processing /home/airflow/.local/lib/python3.12/site-packages/airflow/example_dags/example_python_decorator.py took 0.093 seconds
[2024-12-18T10:08:43.599+0000] {processor.py:161} INFO - Started process (PID=1140) to work on /home/airflow/.local/lib/python3.12/site-packages/airflow/example_dags/example_python_decorator.py
[2024-12-18T10:08:43.601+0000] {processor.py:830} INFO - Processing file /home/airflow/.local/lib/python3.12/site-packages/airflow/example_dags/example_python_decorator.py for tasks to queue
[2024-12-18T10:08:43.603+0000] {logging_mixin.py:188} INFO - [2024-12-18T10:08:43.603+0000] {dagbag.py:545} INFO - Filling up the DagBag from /home/airflow/.local/lib/python3.12/site-packages/airflow/example_dags/example_python_decorator.py
[2024-12-18T10:08:43.623+0000] {processor.py:840} INFO - DAG(s) 'example_python_decorator' retrieved from /home/airflow/.local/lib/python3.12/site-packages/airflow/example_dags/example_python_decorator.py
[2024-12-18T10:08:43.657+0000] {logging_mixin.py:188} INFO - [2024-12-18T10:08:43.657+0000] {dag.py:3096} INFO - Sync 1 DAGs
[2024-12-18T10:08:43.673+0000] {logging_mixin.py:188} INFO - [2024-12-18T10:08:43.673+0000] {dag.py:3954} INFO - Setting next_dagrun for example_python_decorator to None, run_after=None
[2024-12-18T10:08:43.702+0000] {processor.py:183} INFO - Processing /home/airflow/.local/lib/python3.12/site-packages/airflow/example_dags/example_python_decorator.py took 0.109 seconds
[2024-12-18T10:09:13.795+0000] {processor.py:161} INFO - Started process (PID=1198) to work on /home/airflow/.local/lib/python3.12/site-packages/airflow/example_dags/example_python_decorator.py
[2024-12-18T10:09:13.797+0000] {processor.py:830} INFO - Processing file /home/airflow/.local/lib/python3.12/site-packages/airflow/example_dags/example_python_decorator.py for tasks to queue
[2024-12-18T10:09:13.799+0000] {logging_mixin.py:188} INFO - [2024-12-18T10:09:13.798+0000] {dagbag.py:545} INFO - Filling up the DagBag from /home/airflow/.local/lib/python3.12/site-packages/airflow/example_dags/example_python_decorator.py
[2024-12-18T10:09:13.814+0000] {processor.py:840} INFO - DAG(s) 'example_python_decorator' retrieved from /home/airflow/.local/lib/python3.12/site-packages/airflow/example_dags/example_python_decorator.py
[2024-12-18T10:09:13.838+0000] {logging_mixin.py:188} INFO - [2024-12-18T10:09:13.838+0000] {dag.py:3096} INFO - Sync 1 DAGs
[2024-12-18T10:09:13.852+0000] {logging_mixin.py:188} INFO - [2024-12-18T10:09:13.851+0000] {dag.py:3954} INFO - Setting next_dagrun for example_python_decorator to None, run_after=None
[2024-12-18T10:09:13.878+0000] {processor.py:183} INFO - Processing /home/airflow/.local/lib/python3.12/site-packages/airflow/example_dags/example_python_decorator.py took 0.088 seconds
[2024-12-18T10:09:44.107+0000] {processor.py:161} INFO - Started process (PID=1256) to work on /home/airflow/.local/lib/python3.12/site-packages/airflow/example_dags/example_python_decorator.py
[2024-12-18T10:09:44.108+0000] {processor.py:830} INFO - Processing file /home/airflow/.local/lib/python3.12/site-packages/airflow/example_dags/example_python_decorator.py for tasks to queue
[2024-12-18T10:09:44.110+0000] {logging_mixin.py:188} INFO - [2024-12-18T10:09:44.110+0000] {dagbag.py:545} INFO - Filling up the DagBag from /home/airflow/.local/lib/python3.12/site-packages/airflow/example_dags/example_python_decorator.py
[2024-12-18T10:09:44.122+0000] {processor.py:840} INFO - DAG(s) 'example_python_decorator' retrieved from /home/airflow/.local/lib/python3.12/site-packages/airflow/example_dags/example_python_decorator.py
[2024-12-18T10:09:44.147+0000] {logging_mixin.py:188} INFO - [2024-12-18T10:09:44.147+0000] {dag.py:3096} INFO - Sync 1 DAGs
[2024-12-18T10:09:44.160+0000] {logging_mixin.py:188} INFO - [2024-12-18T10:09:44.160+0000] {dag.py:3954} INFO - Setting next_dagrun for example_python_decorator to None, run_after=None
[2024-12-18T10:09:44.188+0000] {processor.py:183} INFO - Processing /home/airflow/.local/lib/python3.12/site-packages/airflow/example_dags/example_python_decorator.py took 0.087 seconds
[2024-12-18T10:10:14.571+0000] {processor.py:161} INFO - Started process (PID=1314) to work on /home/airflow/.local/lib/python3.12/site-packages/airflow/example_dags/example_python_decorator.py
[2024-12-18T10:10:14.573+0000] {processor.py:830} INFO - Processing file /home/airflow/.local/lib/python3.12/site-packages/airflow/example_dags/example_python_decorator.py for tasks to queue
[2024-12-18T10:10:14.575+0000] {logging_mixin.py:188} INFO - [2024-12-18T10:10:14.575+0000] {dagbag.py:545} INFO - Filling up the DagBag from /home/airflow/.local/lib/python3.12/site-packages/airflow/example_dags/example_python_decorator.py
[2024-12-18T10:10:14.590+0000] {processor.py:840} INFO - DAG(s) 'example_python_decorator' retrieved from /home/airflow/.local/lib/python3.12/site-packages/airflow/example_dags/example_python_decorator.py
[2024-12-18T10:10:14.620+0000] {logging_mixin.py:188} INFO - [2024-12-18T10:10:14.619+0000] {dag.py:3096} INFO - Sync 1 DAGs
[2024-12-18T10:10:14.635+0000] {logging_mixin.py:188} INFO - [2024-12-18T10:10:14.634+0000] {dag.py:3954} INFO - Setting next_dagrun for example_python_decorator to None, run_after=None
[2024-12-18T10:10:14.663+0000] {processor.py:183} INFO - Processing /home/airflow/.local/lib/python3.12/site-packages/airflow/example_dags/example_python_decorator.py took 0.098 seconds
[2024-12-18T10:10:45.612+0000] {processor.py:161} INFO - Started process (PID=1372) to work on /home/airflow/.local/lib/python3.12/site-packages/airflow/example_dags/example_python_decorator.py
[2024-12-18T10:10:45.613+0000] {processor.py:830} INFO - Processing file /home/airflow/.local/lib/python3.12/site-packages/airflow/example_dags/example_python_decorator.py for tasks to queue
[2024-12-18T10:10:45.616+0000] {logging_mixin.py:188} INFO - [2024-12-18T10:10:45.615+0000] {dagbag.py:545} INFO - Filling up the DagBag from /home/airflow/.local/lib/python3.12/site-packages/airflow/example_dags/example_python_decorator.py
[2024-12-18T10:10:45.637+0000] {processor.py:840} INFO - DAG(s) 'example_python_decorator' retrieved from /home/airflow/.local/lib/python3.12/site-packages/airflow/example_dags/example_python_decorator.py
[2024-12-18T10:10:45.691+0000] {logging_mixin.py:188} INFO - [2024-12-18T10:10:45.691+0000] {dag.py:3096} INFO - Sync 1 DAGs
[2024-12-18T10:10:45.716+0000] {logging_mixin.py:188} INFO - [2024-12-18T10:10:45.716+0000] {dag.py:3954} INFO - Setting next_dagrun for example_python_decorator to None, run_after=None
[2024-12-18T10:10:45.752+0000] {processor.py:183} INFO - Processing /home/airflow/.local/lib/python3.12/site-packages/airflow/example_dags/example_python_decorator.py took 0.147 seconds
