[2024-12-18T09:59:32.054+0000] {processor.py:161} INFO - Started process (PID=81) to work on /home/airflow/.local/lib/python3.12/site-packages/airflow/example_dags/example_branch_datetime_operator.py
[2024-12-18T09:59:32.056+0000] {processor.py:830} INFO - Processing file /home/airflow/.local/lib/python3.12/site-packages/airflow/example_dags/example_branch_datetime_operator.py for tasks to queue
[2024-12-18T09:59:32.060+0000] {logging_mixin.py:188} INFO - [2024-12-18T09:59:32.059+0000] {dagbag.py:545} INFO - Filling up the DagBag from /home/airflow/.local/lib/python3.12/site-packages/airflow/example_dags/example_branch_datetime_operator.py
[2024-12-18T09:59:32.096+0000] {processor.py:840} INFO - DAG(s) 'example_branch_datetime_operator_2', 'example_branch_datetime_operator', 'example_branch_datetime_operator_3' retrieved from /home/airflow/.local/lib/python3.12/site-packages/airflow/example_dags/example_branch_datetime_operator.py
[2024-12-18T09:59:32.396+0000] {logging_mixin.py:188} INFO - [2024-12-18T09:59:32.394+0000] {override.py:1829} INFO - Created Permission View: can delete on DAG:example_branch_datetime_operator_2
[2024-12-18T09:59:32.435+0000] {logging_mixin.py:188} INFO - [2024-12-18T09:59:32.434+0000] {override.py:1829} INFO - Created Permission View: can read on DAG:example_branch_datetime_operator_2
[2024-12-18T09:59:32.458+0000] {logging_mixin.py:188} INFO - [2024-12-18T09:59:32.457+0000] {override.py:1829} INFO - Created Permission View: can edit on DAG:example_branch_datetime_operator_2
[2024-12-18T09:59:32.497+0000] {logging_mixin.py:188} INFO - [2024-12-18T09:59:32.496+0000] {override.py:1829} INFO - Created Permission View: can delete on DAG:example_branch_datetime_operator
[2024-12-18T09:59:32.531+0000] {logging_mixin.py:188} INFO - [2024-12-18T09:59:32.531+0000] {override.py:1829} INFO - Created Permission View: can read on DAG:example_branch_datetime_operator
[2024-12-18T09:59:32.558+0000] {logging_mixin.py:188} INFO - [2024-12-18T09:59:32.557+0000] {override.py:1829} INFO - Created Permission View: can edit on DAG:example_branch_datetime_operator
[2024-12-18T09:59:32.603+0000] {logging_mixin.py:188} INFO - [2024-12-18T09:59:32.602+0000] {override.py:1829} INFO - Created Permission View: can delete on DAG:example_branch_datetime_operator_3
[2024-12-18T09:59:32.632+0000] {logging_mixin.py:188} INFO - [2024-12-18T09:59:32.631+0000] {override.py:1829} INFO - Created Permission View: can read on DAG:example_branch_datetime_operator_3
[2024-12-18T09:59:32.650+0000] {logging_mixin.py:188} INFO - [2024-12-18T09:59:32.649+0000] {override.py:1829} INFO - Created Permission View: can edit on DAG:example_branch_datetime_operator_3
[2024-12-18T09:59:32.651+0000] {logging_mixin.py:188} INFO - [2024-12-18T09:59:32.650+0000] {dag.py:3096} INFO - Sync 3 DAGs
[2024-12-18T09:59:32.684+0000] {logging_mixin.py:188} INFO - [2024-12-18T09:59:32.678+0000] {dag.py:3118} INFO - Creating ORM DAG for example_branch_datetime_operator
[2024-12-18T09:59:32.690+0000] {logging_mixin.py:188} INFO - [2024-12-18T09:59:32.690+0000] {dag.py:3118} INFO - Creating ORM DAG for example_branch_datetime_operator_2
[2024-12-18T09:59:32.695+0000] {logging_mixin.py:188} INFO - [2024-12-18T09:59:32.694+0000] {dag.py:3118} INFO - Creating ORM DAG for example_branch_datetime_operator_3
[2024-12-18T09:59:32.781+0000] {logging_mixin.py:188} INFO - [2024-12-18T09:59:32.780+0000] {dag.py:3954} INFO - Setting next_dagrun for example_branch_datetime_operator to 2024-12-17 00:00:00+00:00, run_after=2024-12-18 00:00:00+00:00
[2024-12-18T09:59:32.793+0000] {logging_mixin.py:188} INFO - [2024-12-18T09:59:32.793+0000] {dag.py:3954} INFO - Setting next_dagrun for example_branch_datetime_operator_2 to 2024-12-17 00:00:00+00:00, run_after=2024-12-18 00:00:00+00:00
[2024-12-18T09:59:32.802+0000] {logging_mixin.py:188} INFO - [2024-12-18T09:59:32.801+0000] {dag.py:3954} INFO - Setting next_dagrun for example_branch_datetime_operator_3 to 2024-12-17 00:00:00+00:00, run_after=2024-12-18 00:00:00+00:00
[2024-12-18T09:59:32.876+0000] {processor.py:183} INFO - Processing /home/airflow/.local/lib/python3.12/site-packages/airflow/example_dags/example_branch_datetime_operator.py took 0.834 seconds
[2024-12-18T10:00:03.691+0000] {processor.py:161} INFO - Started process (PID=139) to work on /home/airflow/.local/lib/python3.12/site-packages/airflow/example_dags/example_branch_datetime_operator.py
[2024-12-18T10:00:03.693+0000] {processor.py:830} INFO - Processing file /home/airflow/.local/lib/python3.12/site-packages/airflow/example_dags/example_branch_datetime_operator.py for tasks to queue
[2024-12-18T10:00:03.696+0000] {logging_mixin.py:188} INFO - [2024-12-18T10:00:03.695+0000] {dagbag.py:545} INFO - Filling up the DagBag from /home/airflow/.local/lib/python3.12/site-packages/airflow/example_dags/example_branch_datetime_operator.py
[2024-12-18T10:00:03.711+0000] {processor.py:840} INFO - DAG(s) 'example_branch_datetime_operator_2', 'example_branch_datetime_operator_3', 'example_branch_datetime_operator' retrieved from /home/airflow/.local/lib/python3.12/site-packages/airflow/example_dags/example_branch_datetime_operator.py
[2024-12-18T10:00:03.764+0000] {logging_mixin.py:188} INFO - [2024-12-18T10:00:03.764+0000] {dag.py:3096} INFO - Sync 3 DAGs
[2024-12-18T10:00:03.801+0000] {logging_mixin.py:188} INFO - [2024-12-18T10:00:03.801+0000] {dag.py:3954} INFO - Setting next_dagrun for example_branch_datetime_operator to 2024-12-17 00:00:00+00:00, run_after=2024-12-18 00:00:00+00:00
[2024-12-18T10:00:03.807+0000] {logging_mixin.py:188} INFO - [2024-12-18T10:00:03.807+0000] {dag.py:3954} INFO - Setting next_dagrun for example_branch_datetime_operator_2 to 2024-12-17 00:00:00+00:00, run_after=2024-12-18 00:00:00+00:00
[2024-12-18T10:00:03.811+0000] {logging_mixin.py:188} INFO - [2024-12-18T10:00:03.810+0000] {dag.py:3954} INFO - Setting next_dagrun for example_branch_datetime_operator_3 to 2024-12-17 00:00:00+00:00, run_after=2024-12-18 00:00:00+00:00
[2024-12-18T10:00:03.841+0000] {processor.py:183} INFO - Processing /home/airflow/.local/lib/python3.12/site-packages/airflow/example_dags/example_branch_datetime_operator.py took 0.159 seconds
[2024-12-18T10:00:33.989+0000] {processor.py:161} INFO - Started process (PID=198) to work on /home/airflow/.local/lib/python3.12/site-packages/airflow/example_dags/example_branch_datetime_operator.py
[2024-12-18T10:00:33.991+0000] {processor.py:830} INFO - Processing file /home/airflow/.local/lib/python3.12/site-packages/airflow/example_dags/example_branch_datetime_operator.py for tasks to queue
[2024-12-18T10:00:33.994+0000] {logging_mixin.py:188} INFO - [2024-12-18T10:00:33.994+0000] {dagbag.py:545} INFO - Filling up the DagBag from /home/airflow/.local/lib/python3.12/site-packages/airflow/example_dags/example_branch_datetime_operator.py
[2024-12-18T10:00:34.006+0000] {processor.py:840} INFO - DAG(s) 'example_branch_datetime_operator', 'example_branch_datetime_operator_2', 'example_branch_datetime_operator_3' retrieved from /home/airflow/.local/lib/python3.12/site-packages/airflow/example_dags/example_branch_datetime_operator.py
[2024-12-18T10:00:34.040+0000] {logging_mixin.py:188} INFO - [2024-12-18T10:00:34.040+0000] {dag.py:3096} INFO - Sync 3 DAGs
[2024-12-18T10:00:34.066+0000] {logging_mixin.py:188} INFO - [2024-12-18T10:00:34.066+0000] {dag.py:3954} INFO - Setting next_dagrun for example_branch_datetime_operator to 2024-12-17 00:00:00+00:00, run_after=2024-12-18 00:00:00+00:00
[2024-12-18T10:00:34.073+0000] {logging_mixin.py:188} INFO - [2024-12-18T10:00:34.072+0000] {dag.py:3954} INFO - Setting next_dagrun for example_branch_datetime_operator_2 to 2024-12-17 00:00:00+00:00, run_after=2024-12-18 00:00:00+00:00
[2024-12-18T10:00:34.076+0000] {logging_mixin.py:188} INFO - [2024-12-18T10:00:34.076+0000] {dag.py:3954} INFO - Setting next_dagrun for example_branch_datetime_operator_3 to 2024-12-17 00:00:00+00:00, run_after=2024-12-18 00:00:00+00:00
[2024-12-18T10:00:34.099+0000] {processor.py:183} INFO - Processing /home/airflow/.local/lib/python3.12/site-packages/airflow/example_dags/example_branch_datetime_operator.py took 0.117 seconds
[2024-12-18T10:01:04.239+0000] {processor.py:161} INFO - Started process (PID=255) to work on /home/airflow/.local/lib/python3.12/site-packages/airflow/example_dags/example_branch_datetime_operator.py
[2024-12-18T10:01:04.241+0000] {processor.py:830} INFO - Processing file /home/airflow/.local/lib/python3.12/site-packages/airflow/example_dags/example_branch_datetime_operator.py for tasks to queue
[2024-12-18T10:01:04.245+0000] {logging_mixin.py:188} INFO - [2024-12-18T10:01:04.245+0000] {dagbag.py:545} INFO - Filling up the DagBag from /home/airflow/.local/lib/python3.12/site-packages/airflow/example_dags/example_branch_datetime_operator.py
[2024-12-18T10:01:04.275+0000] {processor.py:840} INFO - DAG(s) 'example_branch_datetime_operator', 'example_branch_datetime_operator_2', 'example_branch_datetime_operator_3' retrieved from /home/airflow/.local/lib/python3.12/site-packages/airflow/example_dags/example_branch_datetime_operator.py
[2024-12-18T10:01:04.336+0000] {logging_mixin.py:188} INFO - [2024-12-18T10:01:04.336+0000] {dag.py:3096} INFO - Sync 3 DAGs
[2024-12-18T10:01:04.398+0000] {logging_mixin.py:188} INFO - [2024-12-18T10:01:04.397+0000] {dag.py:3954} INFO - Setting next_dagrun for example_branch_datetime_operator to 2024-12-17 00:00:00+00:00, run_after=2024-12-18 00:00:00+00:00
[2024-12-18T10:01:04.410+0000] {logging_mixin.py:188} INFO - [2024-12-18T10:01:04.409+0000] {dag.py:3954} INFO - Setting next_dagrun for example_branch_datetime_operator_2 to 2024-12-17 00:00:00+00:00, run_after=2024-12-18 00:00:00+00:00
[2024-12-18T10:01:04.415+0000] {logging_mixin.py:188} INFO - [2024-12-18T10:01:04.415+0000] {dag.py:3954} INFO - Setting next_dagrun for example_branch_datetime_operator_3 to 2024-12-17 00:00:00+00:00, run_after=2024-12-18 00:00:00+00:00
[2024-12-18T10:01:04.442+0000] {processor.py:183} INFO - Processing /home/airflow/.local/lib/python3.12/site-packages/airflow/example_dags/example_branch_datetime_operator.py took 0.212 seconds
[2024-12-18T10:01:34.504+0000] {processor.py:161} INFO - Started process (PID=313) to work on /home/airflow/.local/lib/python3.12/site-packages/airflow/example_dags/example_branch_datetime_operator.py
[2024-12-18T10:01:34.505+0000] {processor.py:830} INFO - Processing file /home/airflow/.local/lib/python3.12/site-packages/airflow/example_dags/example_branch_datetime_operator.py for tasks to queue
[2024-12-18T10:01:34.508+0000] {logging_mixin.py:188} INFO - [2024-12-18T10:01:34.507+0000] {dagbag.py:545} INFO - Filling up the DagBag from /home/airflow/.local/lib/python3.12/site-packages/airflow/example_dags/example_branch_datetime_operator.py
[2024-12-18T10:01:34.520+0000] {processor.py:840} INFO - DAG(s) 'example_branch_datetime_operator_2', 'example_branch_datetime_operator', 'example_branch_datetime_operator_3' retrieved from /home/airflow/.local/lib/python3.12/site-packages/airflow/example_dags/example_branch_datetime_operator.py
[2024-12-18T10:01:34.559+0000] {logging_mixin.py:188} INFO - [2024-12-18T10:01:34.559+0000] {dag.py:3096} INFO - Sync 3 DAGs
[2024-12-18T10:01:34.588+0000] {logging_mixin.py:188} INFO - [2024-12-18T10:01:34.588+0000] {dag.py:3954} INFO - Setting next_dagrun for example_branch_datetime_operator to 2024-12-17 00:00:00+00:00, run_after=2024-12-18 00:00:00+00:00
[2024-12-18T10:01:34.596+0000] {logging_mixin.py:188} INFO - [2024-12-18T10:01:34.595+0000] {dag.py:3954} INFO - Setting next_dagrun for example_branch_datetime_operator_2 to 2024-12-17 00:00:00+00:00, run_after=2024-12-18 00:00:00+00:00
[2024-12-18T10:01:34.600+0000] {logging_mixin.py:188} INFO - [2024-12-18T10:01:34.599+0000] {dag.py:3954} INFO - Setting next_dagrun for example_branch_datetime_operator_3 to 2024-12-17 00:00:00+00:00, run_after=2024-12-18 00:00:00+00:00
[2024-12-18T10:01:34.627+0000] {processor.py:183} INFO - Processing /home/airflow/.local/lib/python3.12/site-packages/airflow/example_dags/example_branch_datetime_operator.py took 0.130 seconds
[2024-12-18T10:02:04.863+0000] {processor.py:161} INFO - Started process (PID=371) to work on /home/airflow/.local/lib/python3.12/site-packages/airflow/example_dags/example_branch_datetime_operator.py
[2024-12-18T10:02:04.865+0000] {processor.py:830} INFO - Processing file /home/airflow/.local/lib/python3.12/site-packages/airflow/example_dags/example_branch_datetime_operator.py for tasks to queue
[2024-12-18T10:02:04.867+0000] {logging_mixin.py:188} INFO - [2024-12-18T10:02:04.867+0000] {dagbag.py:545} INFO - Filling up the DagBag from /home/airflow/.local/lib/python3.12/site-packages/airflow/example_dags/example_branch_datetime_operator.py
[2024-12-18T10:02:04.879+0000] {processor.py:840} INFO - DAG(s) 'example_branch_datetime_operator', 'example_branch_datetime_operator_2', 'example_branch_datetime_operator_3' retrieved from /home/airflow/.local/lib/python3.12/site-packages/airflow/example_dags/example_branch_datetime_operator.py
[2024-12-18T10:02:04.916+0000] {logging_mixin.py:188} INFO - [2024-12-18T10:02:04.916+0000] {dag.py:3096} INFO - Sync 3 DAGs
[2024-12-18T10:02:04.948+0000] {logging_mixin.py:188} INFO - [2024-12-18T10:02:04.948+0000] {dag.py:3954} INFO - Setting next_dagrun for example_branch_datetime_operator to 2024-12-17 00:00:00+00:00, run_after=2024-12-18 00:00:00+00:00
[2024-12-18T10:02:04.955+0000] {logging_mixin.py:188} INFO - [2024-12-18T10:02:04.954+0000] {dag.py:3954} INFO - Setting next_dagrun for example_branch_datetime_operator_2 to 2024-12-17 00:00:00+00:00, run_after=2024-12-18 00:00:00+00:00
[2024-12-18T10:02:04.958+0000] {logging_mixin.py:188} INFO - [2024-12-18T10:02:04.958+0000] {dag.py:3954} INFO - Setting next_dagrun for example_branch_datetime_operator_3 to 2024-12-17 00:00:00+00:00, run_after=2024-12-18 00:00:00+00:00
[2024-12-18T10:02:04.985+0000] {processor.py:183} INFO - Processing /home/airflow/.local/lib/python3.12/site-packages/airflow/example_dags/example_branch_datetime_operator.py took 0.128 seconds
[2024-12-18T10:02:35.230+0000] {processor.py:161} INFO - Started process (PID=429) to work on /home/airflow/.local/lib/python3.12/site-packages/airflow/example_dags/example_branch_datetime_operator.py
[2024-12-18T10:02:35.231+0000] {processor.py:830} INFO - Processing file /home/airflow/.local/lib/python3.12/site-packages/airflow/example_dags/example_branch_datetime_operator.py for tasks to queue
[2024-12-18T10:02:35.233+0000] {logging_mixin.py:188} INFO - [2024-12-18T10:02:35.233+0000] {dagbag.py:545} INFO - Filling up the DagBag from /home/airflow/.local/lib/python3.12/site-packages/airflow/example_dags/example_branch_datetime_operator.py
[2024-12-18T10:02:35.244+0000] {processor.py:840} INFO - DAG(s) 'example_branch_datetime_operator_3', 'example_branch_datetime_operator', 'example_branch_datetime_operator_2' retrieved from /home/airflow/.local/lib/python3.12/site-packages/airflow/example_dags/example_branch_datetime_operator.py
[2024-12-18T10:02:35.277+0000] {logging_mixin.py:188} INFO - [2024-12-18T10:02:35.276+0000] {dag.py:3096} INFO - Sync 3 DAGs
[2024-12-18T10:02:35.303+0000] {logging_mixin.py:188} INFO - [2024-12-18T10:02:35.303+0000] {dag.py:3954} INFO - Setting next_dagrun for example_branch_datetime_operator to 2024-12-17 00:00:00+00:00, run_after=2024-12-18 00:00:00+00:00
[2024-12-18T10:02:35.310+0000] {logging_mixin.py:188} INFO - [2024-12-18T10:02:35.310+0000] {dag.py:3954} INFO - Setting next_dagrun for example_branch_datetime_operator_2 to 2024-12-17 00:00:00+00:00, run_after=2024-12-18 00:00:00+00:00
[2024-12-18T10:02:35.314+0000] {logging_mixin.py:188} INFO - [2024-12-18T10:02:35.313+0000] {dag.py:3954} INFO - Setting next_dagrun for example_branch_datetime_operator_3 to 2024-12-17 00:00:00+00:00, run_after=2024-12-18 00:00:00+00:00
[2024-12-18T10:02:35.339+0000] {processor.py:183} INFO - Processing /home/airflow/.local/lib/python3.12/site-packages/airflow/example_dags/example_branch_datetime_operator.py took 0.114 seconds
[2024-12-18T10:03:05.505+0000] {processor.py:161} INFO - Started process (PID=487) to work on /home/airflow/.local/lib/python3.12/site-packages/airflow/example_dags/example_branch_datetime_operator.py
[2024-12-18T10:03:05.507+0000] {processor.py:830} INFO - Processing file /home/airflow/.local/lib/python3.12/site-packages/airflow/example_dags/example_branch_datetime_operator.py for tasks to queue
[2024-12-18T10:03:05.509+0000] {logging_mixin.py:188} INFO - [2024-12-18T10:03:05.509+0000] {dagbag.py:545} INFO - Filling up the DagBag from /home/airflow/.local/lib/python3.12/site-packages/airflow/example_dags/example_branch_datetime_operator.py
[2024-12-18T10:03:05.519+0000] {processor.py:840} INFO - DAG(s) 'example_branch_datetime_operator_3', 'example_branch_datetime_operator', 'example_branch_datetime_operator_2' retrieved from /home/airflow/.local/lib/python3.12/site-packages/airflow/example_dags/example_branch_datetime_operator.py
[2024-12-18T10:03:05.552+0000] {logging_mixin.py:188} INFO - [2024-12-18T10:03:05.552+0000] {dag.py:3096} INFO - Sync 3 DAGs
[2024-12-18T10:03:05.577+0000] {logging_mixin.py:188} INFO - [2024-12-18T10:03:05.576+0000] {dag.py:3954} INFO - Setting next_dagrun for example_branch_datetime_operator to 2024-12-17 00:00:00+00:00, run_after=2024-12-18 00:00:00+00:00
[2024-12-18T10:03:05.583+0000] {logging_mixin.py:188} INFO - [2024-12-18T10:03:05.583+0000] {dag.py:3954} INFO - Setting next_dagrun for example_branch_datetime_operator_2 to 2024-12-17 00:00:00+00:00, run_after=2024-12-18 00:00:00+00:00
[2024-12-18T10:03:05.587+0000] {logging_mixin.py:188} INFO - [2024-12-18T10:03:05.586+0000] {dag.py:3954} INFO - Setting next_dagrun for example_branch_datetime_operator_3 to 2024-12-17 00:00:00+00:00, run_after=2024-12-18 00:00:00+00:00
[2024-12-18T10:03:05.612+0000] {processor.py:183} INFO - Processing /home/airflow/.local/lib/python3.12/site-packages/airflow/example_dags/example_branch_datetime_operator.py took 0.111 seconds
[2024-12-18T10:03:35.900+0000] {processor.py:161} INFO - Started process (PID=545) to work on /home/airflow/.local/lib/python3.12/site-packages/airflow/example_dags/example_branch_datetime_operator.py
[2024-12-18T10:03:35.901+0000] {processor.py:830} INFO - Processing file /home/airflow/.local/lib/python3.12/site-packages/airflow/example_dags/example_branch_datetime_operator.py for tasks to queue
[2024-12-18T10:03:35.903+0000] {logging_mixin.py:188} INFO - [2024-12-18T10:03:35.903+0000] {dagbag.py:545} INFO - Filling up the DagBag from /home/airflow/.local/lib/python3.12/site-packages/airflow/example_dags/example_branch_datetime_operator.py
[2024-12-18T10:03:35.913+0000] {processor.py:840} INFO - DAG(s) 'example_branch_datetime_operator_2', 'example_branch_datetime_operator_3', 'example_branch_datetime_operator' retrieved from /home/airflow/.local/lib/python3.12/site-packages/airflow/example_dags/example_branch_datetime_operator.py
[2024-12-18T10:03:35.945+0000] {logging_mixin.py:188} INFO - [2024-12-18T10:03:35.945+0000] {dag.py:3096} INFO - Sync 3 DAGs
[2024-12-18T10:03:35.970+0000] {logging_mixin.py:188} INFO - [2024-12-18T10:03:35.970+0000] {dag.py:3954} INFO - Setting next_dagrun for example_branch_datetime_operator to 2024-12-17 00:00:00+00:00, run_after=2024-12-18 00:00:00+00:00
[2024-12-18T10:03:35.976+0000] {logging_mixin.py:188} INFO - [2024-12-18T10:03:35.976+0000] {dag.py:3954} INFO - Setting next_dagrun for example_branch_datetime_operator_2 to 2024-12-17 00:00:00+00:00, run_after=2024-12-18 00:00:00+00:00
[2024-12-18T10:03:35.979+0000] {logging_mixin.py:188} INFO - [2024-12-18T10:03:35.979+0000] {dag.py:3954} INFO - Setting next_dagrun for example_branch_datetime_operator_3 to 2024-12-17 00:00:00+00:00, run_after=2024-12-18 00:00:00+00:00
[2024-12-18T10:03:36.005+0000] {processor.py:183} INFO - Processing /home/airflow/.local/lib/python3.12/site-packages/airflow/example_dags/example_branch_datetime_operator.py took 0.110 seconds
[2024-12-18T10:04:06.374+0000] {processor.py:161} INFO - Started process (PID=603) to work on /home/airflow/.local/lib/python3.12/site-packages/airflow/example_dags/example_branch_datetime_operator.py
[2024-12-18T10:04:06.375+0000] {processor.py:830} INFO - Processing file /home/airflow/.local/lib/python3.12/site-packages/airflow/example_dags/example_branch_datetime_operator.py for tasks to queue
[2024-12-18T10:04:06.377+0000] {logging_mixin.py:188} INFO - [2024-12-18T10:04:06.377+0000] {dagbag.py:545} INFO - Filling up the DagBag from /home/airflow/.local/lib/python3.12/site-packages/airflow/example_dags/example_branch_datetime_operator.py
[2024-12-18T10:04:06.386+0000] {processor.py:840} INFO - DAG(s) 'example_branch_datetime_operator', 'example_branch_datetime_operator_3', 'example_branch_datetime_operator_2' retrieved from /home/airflow/.local/lib/python3.12/site-packages/airflow/example_dags/example_branch_datetime_operator.py
[2024-12-18T10:04:06.416+0000] {logging_mixin.py:188} INFO - [2024-12-18T10:04:06.416+0000] {dag.py:3096} INFO - Sync 3 DAGs
[2024-12-18T10:04:06.440+0000] {logging_mixin.py:188} INFO - [2024-12-18T10:04:06.440+0000] {dag.py:3954} INFO - Setting next_dagrun for example_branch_datetime_operator to 2024-12-17 00:00:00+00:00, run_after=2024-12-18 00:00:00+00:00
[2024-12-18T10:04:06.446+0000] {logging_mixin.py:188} INFO - [2024-12-18T10:04:06.446+0000] {dag.py:3954} INFO - Setting next_dagrun for example_branch_datetime_operator_2 to 2024-12-17 00:00:00+00:00, run_after=2024-12-18 00:00:00+00:00
[2024-12-18T10:04:06.450+0000] {logging_mixin.py:188} INFO - [2024-12-18T10:04:06.449+0000] {dag.py:3954} INFO - Setting next_dagrun for example_branch_datetime_operator_3 to 2024-12-17 00:00:00+00:00, run_after=2024-12-18 00:00:00+00:00
[2024-12-18T10:04:06.474+0000] {processor.py:183} INFO - Processing /home/airflow/.local/lib/python3.12/site-packages/airflow/example_dags/example_branch_datetime_operator.py took 0.105 seconds
[2024-12-18T10:04:36.538+0000] {processor.py:161} INFO - Started process (PID=661) to work on /home/airflow/.local/lib/python3.12/site-packages/airflow/example_dags/example_branch_datetime_operator.py
[2024-12-18T10:04:36.539+0000] {processor.py:830} INFO - Processing file /home/airflow/.local/lib/python3.12/site-packages/airflow/example_dags/example_branch_datetime_operator.py for tasks to queue
[2024-12-18T10:04:36.542+0000] {logging_mixin.py:188} INFO - [2024-12-18T10:04:36.541+0000] {dagbag.py:545} INFO - Filling up the DagBag from /home/airflow/.local/lib/python3.12/site-packages/airflow/example_dags/example_branch_datetime_operator.py
[2024-12-18T10:04:36.551+0000] {processor.py:840} INFO - DAG(s) 'example_branch_datetime_operator', 'example_branch_datetime_operator_2', 'example_branch_datetime_operator_3' retrieved from /home/airflow/.local/lib/python3.12/site-packages/airflow/example_dags/example_branch_datetime_operator.py
[2024-12-18T10:04:36.584+0000] {logging_mixin.py:188} INFO - [2024-12-18T10:04:36.584+0000] {dag.py:3096} INFO - Sync 3 DAGs
[2024-12-18T10:04:36.609+0000] {logging_mixin.py:188} INFO - [2024-12-18T10:04:36.609+0000] {dag.py:3954} INFO - Setting next_dagrun for example_branch_datetime_operator to 2024-12-17 00:00:00+00:00, run_after=2024-12-18 00:00:00+00:00
[2024-12-18T10:04:36.615+0000] {logging_mixin.py:188} INFO - [2024-12-18T10:04:36.614+0000] {dag.py:3954} INFO - Setting next_dagrun for example_branch_datetime_operator_2 to 2024-12-17 00:00:00+00:00, run_after=2024-12-18 00:00:00+00:00
[2024-12-18T10:04:36.618+0000] {logging_mixin.py:188} INFO - [2024-12-18T10:04:36.618+0000] {dag.py:3954} INFO - Setting next_dagrun for example_branch_datetime_operator_3 to 2024-12-17 00:00:00+00:00, run_after=2024-12-18 00:00:00+00:00
[2024-12-18T10:04:36.641+0000] {processor.py:183} INFO - Processing /home/airflow/.local/lib/python3.12/site-packages/airflow/example_dags/example_branch_datetime_operator.py took 0.108 seconds
[2024-12-18T10:05:06.826+0000] {processor.py:161} INFO - Started process (PID=719) to work on /home/airflow/.local/lib/python3.12/site-packages/airflow/example_dags/example_branch_datetime_operator.py
[2024-12-18T10:05:06.827+0000] {processor.py:830} INFO - Processing file /home/airflow/.local/lib/python3.12/site-packages/airflow/example_dags/example_branch_datetime_operator.py for tasks to queue
[2024-12-18T10:05:06.830+0000] {logging_mixin.py:188} INFO - [2024-12-18T10:05:06.829+0000] {dagbag.py:545} INFO - Filling up the DagBag from /home/airflow/.local/lib/python3.12/site-packages/airflow/example_dags/example_branch_datetime_operator.py
[2024-12-18T10:05:06.840+0000] {processor.py:840} INFO - DAG(s) 'example_branch_datetime_operator_3', 'example_branch_datetime_operator', 'example_branch_datetime_operator_2' retrieved from /home/airflow/.local/lib/python3.12/site-packages/airflow/example_dags/example_branch_datetime_operator.py
[2024-12-18T10:05:06.873+0000] {logging_mixin.py:188} INFO - [2024-12-18T10:05:06.873+0000] {dag.py:3096} INFO - Sync 3 DAGs
[2024-12-18T10:05:06.899+0000] {logging_mixin.py:188} INFO - [2024-12-18T10:05:06.898+0000] {dag.py:3954} INFO - Setting next_dagrun for example_branch_datetime_operator to 2024-12-17 00:00:00+00:00, run_after=2024-12-18 00:00:00+00:00
[2024-12-18T10:05:06.905+0000] {logging_mixin.py:188} INFO - [2024-12-18T10:05:06.905+0000] {dag.py:3954} INFO - Setting next_dagrun for example_branch_datetime_operator_2 to 2024-12-17 00:00:00+00:00, run_after=2024-12-18 00:00:00+00:00
[2024-12-18T10:05:06.908+0000] {logging_mixin.py:188} INFO - [2024-12-18T10:05:06.908+0000] {dag.py:3954} INFO - Setting next_dagrun for example_branch_datetime_operator_3 to 2024-12-17 00:00:00+00:00, run_after=2024-12-18 00:00:00+00:00
[2024-12-18T10:05:06.934+0000] {processor.py:183} INFO - Processing /home/airflow/.local/lib/python3.12/site-packages/airflow/example_dags/example_branch_datetime_operator.py took 0.114 seconds
[2024-12-18T10:05:37.394+0000] {processor.py:161} INFO - Started process (PID=777) to work on /home/airflow/.local/lib/python3.12/site-packages/airflow/example_dags/example_branch_datetime_operator.py
[2024-12-18T10:05:37.395+0000] {processor.py:830} INFO - Processing file /home/airflow/.local/lib/python3.12/site-packages/airflow/example_dags/example_branch_datetime_operator.py for tasks to queue
[2024-12-18T10:05:37.398+0000] {logging_mixin.py:188} INFO - [2024-12-18T10:05:37.397+0000] {dagbag.py:545} INFO - Filling up the DagBag from /home/airflow/.local/lib/python3.12/site-packages/airflow/example_dags/example_branch_datetime_operator.py
[2024-12-18T10:05:37.407+0000] {processor.py:840} INFO - DAG(s) 'example_branch_datetime_operator_2', 'example_branch_datetime_operator', 'example_branch_datetime_operator_3' retrieved from /home/airflow/.local/lib/python3.12/site-packages/airflow/example_dags/example_branch_datetime_operator.py
[2024-12-18T10:05:37.439+0000] {logging_mixin.py:188} INFO - [2024-12-18T10:05:37.438+0000] {dag.py:3096} INFO - Sync 3 DAGs
[2024-12-18T10:05:37.463+0000] {logging_mixin.py:188} INFO - [2024-12-18T10:05:37.463+0000] {dag.py:3954} INFO - Setting next_dagrun for example_branch_datetime_operator to 2024-12-17 00:00:00+00:00, run_after=2024-12-18 00:00:00+00:00
[2024-12-18T10:05:37.469+0000] {logging_mixin.py:188} INFO - [2024-12-18T10:05:37.469+0000] {dag.py:3954} INFO - Setting next_dagrun for example_branch_datetime_operator_2 to 2024-12-17 00:00:00+00:00, run_after=2024-12-18 00:00:00+00:00
[2024-12-18T10:05:37.473+0000] {logging_mixin.py:188} INFO - [2024-12-18T10:05:37.472+0000] {dag.py:3954} INFO - Setting next_dagrun for example_branch_datetime_operator_3 to 2024-12-17 00:00:00+00:00, run_after=2024-12-18 00:00:00+00:00
[2024-12-18T10:05:37.498+0000] {processor.py:183} INFO - Processing /home/airflow/.local/lib/python3.12/site-packages/airflow/example_dags/example_branch_datetime_operator.py took 0.109 seconds
[2024-12-18T10:06:07.660+0000] {processor.py:161} INFO - Started process (PID=835) to work on /home/airflow/.local/lib/python3.12/site-packages/airflow/example_dags/example_branch_datetime_operator.py
[2024-12-18T10:06:07.662+0000] {processor.py:830} INFO - Processing file /home/airflow/.local/lib/python3.12/site-packages/airflow/example_dags/example_branch_datetime_operator.py for tasks to queue
[2024-12-18T10:06:07.664+0000] {logging_mixin.py:188} INFO - [2024-12-18T10:06:07.663+0000] {dagbag.py:545} INFO - Filling up the DagBag from /home/airflow/.local/lib/python3.12/site-packages/airflow/example_dags/example_branch_datetime_operator.py
[2024-12-18T10:06:07.674+0000] {processor.py:840} INFO - DAG(s) 'example_branch_datetime_operator_2', 'example_branch_datetime_operator_3', 'example_branch_datetime_operator' retrieved from /home/airflow/.local/lib/python3.12/site-packages/airflow/example_dags/example_branch_datetime_operator.py
[2024-12-18T10:06:07.705+0000] {logging_mixin.py:188} INFO - [2024-12-18T10:06:07.705+0000] {dag.py:3096} INFO - Sync 3 DAGs
[2024-12-18T10:06:07.729+0000] {logging_mixin.py:188} INFO - [2024-12-18T10:06:07.729+0000] {dag.py:3954} INFO - Setting next_dagrun for example_branch_datetime_operator to 2024-12-17 00:00:00+00:00, run_after=2024-12-18 00:00:00+00:00
[2024-12-18T10:06:07.735+0000] {logging_mixin.py:188} INFO - [2024-12-18T10:06:07.734+0000] {dag.py:3954} INFO - Setting next_dagrun for example_branch_datetime_operator_2 to 2024-12-17 00:00:00+00:00, run_after=2024-12-18 00:00:00+00:00
[2024-12-18T10:06:07.739+0000] {logging_mixin.py:188} INFO - [2024-12-18T10:06:07.738+0000] {dag.py:3954} INFO - Setting next_dagrun for example_branch_datetime_operator_3 to 2024-12-17 00:00:00+00:00, run_after=2024-12-18 00:00:00+00:00
[2024-12-18T10:06:07.764+0000] {processor.py:183} INFO - Processing /home/airflow/.local/lib/python3.12/site-packages/airflow/example_dags/example_branch_datetime_operator.py took 0.108 seconds
[2024-12-18T10:06:38.124+0000] {processor.py:161} INFO - Started process (PID=893) to work on /home/airflow/.local/lib/python3.12/site-packages/airflow/example_dags/example_branch_datetime_operator.py
[2024-12-18T10:06:38.125+0000] {processor.py:830} INFO - Processing file /home/airflow/.local/lib/python3.12/site-packages/airflow/example_dags/example_branch_datetime_operator.py for tasks to queue
[2024-12-18T10:06:38.128+0000] {logging_mixin.py:188} INFO - [2024-12-18T10:06:38.127+0000] {dagbag.py:545} INFO - Filling up the DagBag from /home/airflow/.local/lib/python3.12/site-packages/airflow/example_dags/example_branch_datetime_operator.py
[2024-12-18T10:06:38.140+0000] {processor.py:840} INFO - DAG(s) 'example_branch_datetime_operator', 'example_branch_datetime_operator_3', 'example_branch_datetime_operator_2' retrieved from /home/airflow/.local/lib/python3.12/site-packages/airflow/example_dags/example_branch_datetime_operator.py
[2024-12-18T10:06:38.172+0000] {logging_mixin.py:188} INFO - [2024-12-18T10:06:38.171+0000] {dag.py:3096} INFO - Sync 3 DAGs
[2024-12-18T10:06:38.194+0000] {logging_mixin.py:188} INFO - [2024-12-18T10:06:38.194+0000] {dag.py:3954} INFO - Setting next_dagrun for example_branch_datetime_operator to 2024-12-17 00:00:00+00:00, run_after=2024-12-18 00:00:00+00:00
[2024-12-18T10:06:38.201+0000] {logging_mixin.py:188} INFO - [2024-12-18T10:06:38.200+0000] {dag.py:3954} INFO - Setting next_dagrun for example_branch_datetime_operator_2 to 2024-12-17 00:00:00+00:00, run_after=2024-12-18 00:00:00+00:00
[2024-12-18T10:06:38.205+0000] {logging_mixin.py:188} INFO - [2024-12-18T10:06:38.205+0000] {dag.py:3954} INFO - Setting next_dagrun for example_branch_datetime_operator_3 to 2024-12-17 00:00:00+00:00, run_after=2024-12-18 00:00:00+00:00
[2024-12-18T10:06:38.230+0000] {processor.py:183} INFO - Processing /home/airflow/.local/lib/python3.12/site-packages/airflow/example_dags/example_branch_datetime_operator.py took 0.110 seconds
[2024-12-18T10:07:08.604+0000] {processor.py:161} INFO - Started process (PID=951) to work on /home/airflow/.local/lib/python3.12/site-packages/airflow/example_dags/example_branch_datetime_operator.py
[2024-12-18T10:07:08.605+0000] {processor.py:830} INFO - Processing file /home/airflow/.local/lib/python3.12/site-packages/airflow/example_dags/example_branch_datetime_operator.py for tasks to queue
[2024-12-18T10:07:08.607+0000] {logging_mixin.py:188} INFO - [2024-12-18T10:07:08.606+0000] {dagbag.py:545} INFO - Filling up the DagBag from /home/airflow/.local/lib/python3.12/site-packages/airflow/example_dags/example_branch_datetime_operator.py
[2024-12-18T10:07:08.618+0000] {processor.py:840} INFO - DAG(s) 'example_branch_datetime_operator', 'example_branch_datetime_operator_3', 'example_branch_datetime_operator_2' retrieved from /home/airflow/.local/lib/python3.12/site-packages/airflow/example_dags/example_branch_datetime_operator.py
[2024-12-18T10:07:08.651+0000] {logging_mixin.py:188} INFO - [2024-12-18T10:07:08.650+0000] {dag.py:3096} INFO - Sync 3 DAGs
[2024-12-18T10:07:08.677+0000] {logging_mixin.py:188} INFO - [2024-12-18T10:07:08.676+0000] {dag.py:3954} INFO - Setting next_dagrun for example_branch_datetime_operator to 2024-12-17 00:00:00+00:00, run_after=2024-12-18 00:00:00+00:00
[2024-12-18T10:07:08.684+0000] {logging_mixin.py:188} INFO - [2024-12-18T10:07:08.684+0000] {dag.py:3954} INFO - Setting next_dagrun for example_branch_datetime_operator_2 to 2024-12-17 00:00:00+00:00, run_after=2024-12-18 00:00:00+00:00
[2024-12-18T10:07:08.688+0000] {logging_mixin.py:188} INFO - [2024-12-18T10:07:08.688+0000] {dag.py:3954} INFO - Setting next_dagrun for example_branch_datetime_operator_3 to 2024-12-17 00:00:00+00:00, run_after=2024-12-18 00:00:00+00:00
[2024-12-18T10:07:08.714+0000] {processor.py:183} INFO - Processing /home/airflow/.local/lib/python3.12/site-packages/airflow/example_dags/example_branch_datetime_operator.py took 0.116 seconds
[2024-12-18T10:07:38.996+0000] {processor.py:161} INFO - Started process (PID=1009) to work on /home/airflow/.local/lib/python3.12/site-packages/airflow/example_dags/example_branch_datetime_operator.py
[2024-12-18T10:07:38.998+0000] {processor.py:830} INFO - Processing file /home/airflow/.local/lib/python3.12/site-packages/airflow/example_dags/example_branch_datetime_operator.py for tasks to queue
[2024-12-18T10:07:39.000+0000] {logging_mixin.py:188} INFO - [2024-12-18T10:07:39.000+0000] {dagbag.py:545} INFO - Filling up the DagBag from /home/airflow/.local/lib/python3.12/site-packages/airflow/example_dags/example_branch_datetime_operator.py
[2024-12-18T10:07:39.011+0000] {processor.py:840} INFO - DAG(s) 'example_branch_datetime_operator_2', 'example_branch_datetime_operator', 'example_branch_datetime_operator_3' retrieved from /home/airflow/.local/lib/python3.12/site-packages/airflow/example_dags/example_branch_datetime_operator.py
[2024-12-18T10:07:39.053+0000] {logging_mixin.py:188} INFO - [2024-12-18T10:07:39.053+0000] {dag.py:3096} INFO - Sync 3 DAGs
[2024-12-18T10:07:39.080+0000] {logging_mixin.py:188} INFO - [2024-12-18T10:07:39.080+0000] {dag.py:3954} INFO - Setting next_dagrun for example_branch_datetime_operator to 2024-12-17 00:00:00+00:00, run_after=2024-12-18 00:00:00+00:00
[2024-12-18T10:07:39.089+0000] {logging_mixin.py:188} INFO - [2024-12-18T10:07:39.089+0000] {dag.py:3954} INFO - Setting next_dagrun for example_branch_datetime_operator_2 to 2024-12-17 00:00:00+00:00, run_after=2024-12-18 00:00:00+00:00
[2024-12-18T10:07:39.093+0000] {logging_mixin.py:188} INFO - [2024-12-18T10:07:39.093+0000] {dag.py:3954} INFO - Setting next_dagrun for example_branch_datetime_operator_3 to 2024-12-17 00:00:00+00:00, run_after=2024-12-18 00:00:00+00:00
[2024-12-18T10:07:39.122+0000] {processor.py:183} INFO - Processing /home/airflow/.local/lib/python3.12/site-packages/airflow/example_dags/example_branch_datetime_operator.py took 0.130 seconds
[2024-12-18T10:08:09.278+0000] {processor.py:161} INFO - Started process (PID=1067) to work on /home/airflow/.local/lib/python3.12/site-packages/airflow/example_dags/example_branch_datetime_operator.py
[2024-12-18T10:08:09.280+0000] {processor.py:830} INFO - Processing file /home/airflow/.local/lib/python3.12/site-packages/airflow/example_dags/example_branch_datetime_operator.py for tasks to queue
[2024-12-18T10:08:09.283+0000] {logging_mixin.py:188} INFO - [2024-12-18T10:08:09.282+0000] {dagbag.py:545} INFO - Filling up the DagBag from /home/airflow/.local/lib/python3.12/site-packages/airflow/example_dags/example_branch_datetime_operator.py
[2024-12-18T10:08:09.297+0000] {processor.py:840} INFO - DAG(s) 'example_branch_datetime_operator', 'example_branch_datetime_operator_2', 'example_branch_datetime_operator_3' retrieved from /home/airflow/.local/lib/python3.12/site-packages/airflow/example_dags/example_branch_datetime_operator.py
[2024-12-18T10:08:09.339+0000] {logging_mixin.py:188} INFO - [2024-12-18T10:08:09.338+0000] {dag.py:3096} INFO - Sync 3 DAGs
[2024-12-18T10:08:09.370+0000] {logging_mixin.py:188} INFO - [2024-12-18T10:08:09.370+0000] {dag.py:3954} INFO - Setting next_dagrun for example_branch_datetime_operator to 2024-12-17 00:00:00+00:00, run_after=2024-12-18 00:00:00+00:00
[2024-12-18T10:08:09.378+0000] {logging_mixin.py:188} INFO - [2024-12-18T10:08:09.377+0000] {dag.py:3954} INFO - Setting next_dagrun for example_branch_datetime_operator_2 to 2024-12-17 00:00:00+00:00, run_after=2024-12-18 00:00:00+00:00
[2024-12-18T10:08:09.381+0000] {logging_mixin.py:188} INFO - [2024-12-18T10:08:09.381+0000] {dag.py:3954} INFO - Setting next_dagrun for example_branch_datetime_operator_3 to 2024-12-17 00:00:00+00:00, run_after=2024-12-18 00:00:00+00:00
[2024-12-18T10:08:09.405+0000] {processor.py:183} INFO - Processing /home/airflow/.local/lib/python3.12/site-packages/airflow/example_dags/example_branch_datetime_operator.py took 0.136 seconds
[2024-12-18T10:08:39.513+0000] {processor.py:161} INFO - Started process (PID=1125) to work on /home/airflow/.local/lib/python3.12/site-packages/airflow/example_dags/example_branch_datetime_operator.py
[2024-12-18T10:08:39.515+0000] {processor.py:830} INFO - Processing file /home/airflow/.local/lib/python3.12/site-packages/airflow/example_dags/example_branch_datetime_operator.py for tasks to queue
[2024-12-18T10:08:39.517+0000] {logging_mixin.py:188} INFO - [2024-12-18T10:08:39.517+0000] {dagbag.py:545} INFO - Filling up the DagBag from /home/airflow/.local/lib/python3.12/site-packages/airflow/example_dags/example_branch_datetime_operator.py
[2024-12-18T10:08:39.528+0000] {processor.py:840} INFO - DAG(s) 'example_branch_datetime_operator', 'example_branch_datetime_operator_2', 'example_branch_datetime_operator_3' retrieved from /home/airflow/.local/lib/python3.12/site-packages/airflow/example_dags/example_branch_datetime_operator.py
[2024-12-18T10:08:39.559+0000] {logging_mixin.py:188} INFO - [2024-12-18T10:08:39.558+0000] {dag.py:3096} INFO - Sync 3 DAGs
[2024-12-18T10:08:39.583+0000] {logging_mixin.py:188} INFO - [2024-12-18T10:08:39.583+0000] {dag.py:3954} INFO - Setting next_dagrun for example_branch_datetime_operator to 2024-12-17 00:00:00+00:00, run_after=2024-12-18 00:00:00+00:00
[2024-12-18T10:08:39.590+0000] {logging_mixin.py:188} INFO - [2024-12-18T10:08:39.589+0000] {dag.py:3954} INFO - Setting next_dagrun for example_branch_datetime_operator_2 to 2024-12-17 00:00:00+00:00, run_after=2024-12-18 00:00:00+00:00
[2024-12-18T10:08:39.594+0000] {logging_mixin.py:188} INFO - [2024-12-18T10:08:39.594+0000] {dag.py:3954} INFO - Setting next_dagrun for example_branch_datetime_operator_3 to 2024-12-17 00:00:00+00:00, run_after=2024-12-18 00:00:00+00:00
[2024-12-18T10:08:39.620+0000] {processor.py:183} INFO - Processing /home/airflow/.local/lib/python3.12/site-packages/airflow/example_dags/example_branch_datetime_operator.py took 0.112 seconds
[2024-12-18T10:09:09.743+0000] {processor.py:161} INFO - Started process (PID=1183) to work on /home/airflow/.local/lib/python3.12/site-packages/airflow/example_dags/example_branch_datetime_operator.py
[2024-12-18T10:09:09.744+0000] {processor.py:830} INFO - Processing file /home/airflow/.local/lib/python3.12/site-packages/airflow/example_dags/example_branch_datetime_operator.py for tasks to queue
[2024-12-18T10:09:09.747+0000] {logging_mixin.py:188} INFO - [2024-12-18T10:09:09.746+0000] {dagbag.py:545} INFO - Filling up the DagBag from /home/airflow/.local/lib/python3.12/site-packages/airflow/example_dags/example_branch_datetime_operator.py
[2024-12-18T10:09:09.758+0000] {processor.py:840} INFO - DAG(s) 'example_branch_datetime_operator_3', 'example_branch_datetime_operator', 'example_branch_datetime_operator_2' retrieved from /home/airflow/.local/lib/python3.12/site-packages/airflow/example_dags/example_branch_datetime_operator.py
[2024-12-18T10:09:09.791+0000] {logging_mixin.py:188} INFO - [2024-12-18T10:09:09.791+0000] {dag.py:3096} INFO - Sync 3 DAGs
[2024-12-18T10:09:09.816+0000] {logging_mixin.py:188} INFO - [2024-12-18T10:09:09.816+0000] {dag.py:3954} INFO - Setting next_dagrun for example_branch_datetime_operator to 2024-12-17 00:00:00+00:00, run_after=2024-12-18 00:00:00+00:00
[2024-12-18T10:09:09.822+0000] {logging_mixin.py:188} INFO - [2024-12-18T10:09:09.822+0000] {dag.py:3954} INFO - Setting next_dagrun for example_branch_datetime_operator_2 to 2024-12-17 00:00:00+00:00, run_after=2024-12-18 00:00:00+00:00
[2024-12-18T10:09:09.825+0000] {logging_mixin.py:188} INFO - [2024-12-18T10:09:09.825+0000] {dag.py:3954} INFO - Setting next_dagrun for example_branch_datetime_operator_3 to 2024-12-17 00:00:00+00:00, run_after=2024-12-18 00:00:00+00:00
[2024-12-18T10:09:09.850+0000] {processor.py:183} INFO - Processing /home/airflow/.local/lib/python3.12/site-packages/airflow/example_dags/example_branch_datetime_operator.py took 0.113 seconds
[2024-12-18T10:09:40.221+0000] {processor.py:161} INFO - Started process (PID=1241) to work on /home/airflow/.local/lib/python3.12/site-packages/airflow/example_dags/example_branch_datetime_operator.py
[2024-12-18T10:09:40.222+0000] {processor.py:830} INFO - Processing file /home/airflow/.local/lib/python3.12/site-packages/airflow/example_dags/example_branch_datetime_operator.py for tasks to queue
[2024-12-18T10:09:40.226+0000] {logging_mixin.py:188} INFO - [2024-12-18T10:09:40.225+0000] {dagbag.py:545} INFO - Filling up the DagBag from /home/airflow/.local/lib/python3.12/site-packages/airflow/example_dags/example_branch_datetime_operator.py
[2024-12-18T10:09:40.237+0000] {processor.py:840} INFO - DAG(s) 'example_branch_datetime_operator_2', 'example_branch_datetime_operator_3', 'example_branch_datetime_operator' retrieved from /home/airflow/.local/lib/python3.12/site-packages/airflow/example_dags/example_branch_datetime_operator.py
[2024-12-18T10:09:40.272+0000] {logging_mixin.py:188} INFO - [2024-12-18T10:09:40.272+0000] {dag.py:3096} INFO - Sync 3 DAGs
[2024-12-18T10:09:40.298+0000] {logging_mixin.py:188} INFO - [2024-12-18T10:09:40.297+0000] {dag.py:3954} INFO - Setting next_dagrun for example_branch_datetime_operator to 2024-12-17 00:00:00+00:00, run_after=2024-12-18 00:00:00+00:00
[2024-12-18T10:09:40.303+0000] {logging_mixin.py:188} INFO - [2024-12-18T10:09:40.303+0000] {dag.py:3954} INFO - Setting next_dagrun for example_branch_datetime_operator_2 to 2024-12-17 00:00:00+00:00, run_after=2024-12-18 00:00:00+00:00
[2024-12-18T10:09:40.307+0000] {logging_mixin.py:188} INFO - [2024-12-18T10:09:40.307+0000] {dag.py:3954} INFO - Setting next_dagrun for example_branch_datetime_operator_3 to 2024-12-17 00:00:00+00:00, run_after=2024-12-18 00:00:00+00:00
[2024-12-18T10:09:40.331+0000] {processor.py:183} INFO - Processing /home/airflow/.local/lib/python3.12/site-packages/airflow/example_dags/example_branch_datetime_operator.py took 0.117 seconds
[2024-12-18T10:10:10.474+0000] {processor.py:161} INFO - Started process (PID=1300) to work on /home/airflow/.local/lib/python3.12/site-packages/airflow/example_dags/example_branch_datetime_operator.py
[2024-12-18T10:10:10.475+0000] {processor.py:830} INFO - Processing file /home/airflow/.local/lib/python3.12/site-packages/airflow/example_dags/example_branch_datetime_operator.py for tasks to queue
[2024-12-18T10:10:10.478+0000] {logging_mixin.py:188} INFO - [2024-12-18T10:10:10.478+0000] {dagbag.py:545} INFO - Filling up the DagBag from /home/airflow/.local/lib/python3.12/site-packages/airflow/example_dags/example_branch_datetime_operator.py
[2024-12-18T10:10:10.494+0000] {processor.py:840} INFO - DAG(s) 'example_branch_datetime_operator_2', 'example_branch_datetime_operator', 'example_branch_datetime_operator_3' retrieved from /home/airflow/.local/lib/python3.12/site-packages/airflow/example_dags/example_branch_datetime_operator.py
[2024-12-18T10:10:10.530+0000] {logging_mixin.py:188} INFO - [2024-12-18T10:10:10.530+0000] {dag.py:3096} INFO - Sync 3 DAGs
[2024-12-18T10:10:10.575+0000] {logging_mixin.py:188} INFO - [2024-12-18T10:10:10.575+0000] {dag.py:3954} INFO - Setting next_dagrun for example_branch_datetime_operator to 2024-12-17 00:00:00+00:00, run_after=2024-12-18 00:00:00+00:00
[2024-12-18T10:10:10.586+0000] {logging_mixin.py:188} INFO - [2024-12-18T10:10:10.585+0000] {dag.py:3954} INFO - Setting next_dagrun for example_branch_datetime_operator_2 to 2024-12-17 00:00:00+00:00, run_after=2024-12-18 00:00:00+00:00
[2024-12-18T10:10:10.591+0000] {logging_mixin.py:188} INFO - [2024-12-18T10:10:10.591+0000] {dag.py:3954} INFO - Setting next_dagrun for example_branch_datetime_operator_3 to 2024-12-17 00:00:00+00:00, run_after=2024-12-18 00:00:00+00:00
[2024-12-18T10:10:10.623+0000] {processor.py:183} INFO - Processing /home/airflow/.local/lib/python3.12/site-packages/airflow/example_dags/example_branch_datetime_operator.py took 0.157 seconds
[2024-12-18T10:10:40.959+0000] {processor.py:161} INFO - Started process (PID=1357) to work on /home/airflow/.local/lib/python3.12/site-packages/airflow/example_dags/example_branch_datetime_operator.py
[2024-12-18T10:10:40.961+0000] {processor.py:830} INFO - Processing file /home/airflow/.local/lib/python3.12/site-packages/airflow/example_dags/example_branch_datetime_operator.py for tasks to queue
[2024-12-18T10:10:40.964+0000] {logging_mixin.py:188} INFO - [2024-12-18T10:10:40.963+0000] {dagbag.py:545} INFO - Filling up the DagBag from /home/airflow/.local/lib/python3.12/site-packages/airflow/example_dags/example_branch_datetime_operator.py
[2024-12-18T10:10:40.976+0000] {processor.py:840} INFO - DAG(s) 'example_branch_datetime_operator_3', 'example_branch_datetime_operator_2', 'example_branch_datetime_operator' retrieved from /home/airflow/.local/lib/python3.12/site-packages/airflow/example_dags/example_branch_datetime_operator.py
[2024-12-18T10:10:41.032+0000] {logging_mixin.py:188} INFO - [2024-12-18T10:10:41.032+0000] {dag.py:3096} INFO - Sync 3 DAGs
[2024-12-18T10:10:41.096+0000] {logging_mixin.py:188} INFO - [2024-12-18T10:10:41.095+0000] {dag.py:3954} INFO - Setting next_dagrun for example_branch_datetime_operator to 2024-12-17 00:00:00+00:00, run_after=2024-12-18 00:00:00+00:00
[2024-12-18T10:10:41.110+0000] {logging_mixin.py:188} INFO - [2024-12-18T10:10:41.110+0000] {dag.py:3954} INFO - Setting next_dagrun for example_branch_datetime_operator_2 to 2024-12-17 00:00:00+00:00, run_after=2024-12-18 00:00:00+00:00
[2024-12-18T10:10:41.117+0000] {logging_mixin.py:188} INFO - [2024-12-18T10:10:41.117+0000] {dag.py:3954} INFO - Setting next_dagrun for example_branch_datetime_operator_3 to 2024-12-17 00:00:00+00:00, run_after=2024-12-18 00:00:00+00:00
[2024-12-18T10:10:41.159+0000] {processor.py:183} INFO - Processing /home/airflow/.local/lib/python3.12/site-packages/airflow/example_dags/example_branch_datetime_operator.py took 0.207 seconds
