[2024-12-18T09:59:33.935+0000] {processor.py:161} INFO - Started process (PID=87) to work on /home/airflow/.local/lib/python3.12/site-packages/airflow/example_dags/tutorial.py
[2024-12-18T09:59:33.937+0000] {processor.py:830} INFO - Processing file /home/airflow/.local/lib/python3.12/site-packages/airflow/example_dags/tutorial.py for tasks to queue
[2024-12-18T09:59:33.939+0000] {logging_mixin.py:188} INFO - [2024-12-18T09:59:33.939+0000] {dagbag.py:545} INFO - Filling up the DagBag from /home/airflow/.local/lib/python3.12/site-packages/airflow/example_dags/tutorial.py
[2024-12-18T09:59:33.952+0000] {processor.py:840} INFO - DAG(s) 'tutorial' retrieved from /home/airflow/.local/lib/python3.12/site-packages/airflow/example_dags/tutorial.py
[2024-12-18T09:59:34.119+0000] {logging_mixin.py:188} INFO - [2024-12-18T09:59:34.118+0000] {override.py:1829} INFO - Created Permission View: can delete on DAG:tutorial
[2024-12-18T09:59:34.144+0000] {logging_mixin.py:188} INFO - [2024-12-18T09:59:34.143+0000] {override.py:1829} INFO - Created Permission View: can read on DAG:tutorial
[2024-12-18T09:59:34.167+0000] {logging_mixin.py:188} INFO - [2024-12-18T09:59:34.166+0000] {override.py:1829} INFO - Created Permission View: can edit on DAG:tutorial
[2024-12-18T09:59:34.168+0000] {logging_mixin.py:188} INFO - [2024-12-18T09:59:34.168+0000] {dag.py:3096} INFO - Sync 1 DAGs
[2024-12-18T09:59:34.195+0000] {logging_mixin.py:188} INFO - [2024-12-18T09:59:34.195+0000] {dag.py:3118} INFO - Creating ORM DAG for tutorial
[2024-12-18T09:59:34.217+0000] {logging_mixin.py:188} INFO - [2024-12-18T09:59:34.217+0000] {dag.py:3954} INFO - Setting next_dagrun for tutorial to 2024-12-17 00:00:00+00:00, run_after=2024-12-18 00:00:00+00:00
[2024-12-18T09:59:34.267+0000] {processor.py:183} INFO - Processing /home/airflow/.local/lib/python3.12/site-packages/airflow/example_dags/tutorial.py took 0.337 seconds
[2024-12-18T10:00:04.516+0000] {processor.py:161} INFO - Started process (PID=145) to work on /home/airflow/.local/lib/python3.12/site-packages/airflow/example_dags/tutorial.py
[2024-12-18T10:00:04.517+0000] {processor.py:830} INFO - Processing file /home/airflow/.local/lib/python3.12/site-packages/airflow/example_dags/tutorial.py for tasks to queue
[2024-12-18T10:00:04.520+0000] {logging_mixin.py:188} INFO - [2024-12-18T10:00:04.520+0000] {dagbag.py:545} INFO - Filling up the DagBag from /home/airflow/.local/lib/python3.12/site-packages/airflow/example_dags/tutorial.py
[2024-12-18T10:00:04.526+0000] {processor.py:840} INFO - DAG(s) 'tutorial' retrieved from /home/airflow/.local/lib/python3.12/site-packages/airflow/example_dags/tutorial.py
[2024-12-18T10:00:04.549+0000] {logging_mixin.py:188} INFO - [2024-12-18T10:00:04.549+0000] {dag.py:3096} INFO - Sync 1 DAGs
[2024-12-18T10:00:04.574+0000] {logging_mixin.py:188} INFO - [2024-12-18T10:00:04.573+0000] {dag.py:3954} INFO - Setting next_dagrun for tutorial to 2024-12-17 00:00:00+00:00, run_after=2024-12-18 00:00:00+00:00
[2024-12-18T10:00:04.603+0000] {processor.py:183} INFO - Processing /home/airflow/.local/lib/python3.12/site-packages/airflow/example_dags/tutorial.py took 0.092 seconds
[2024-12-18T10:00:35.284+0000] {processor.py:161} INFO - Started process (PID=203) to work on /home/airflow/.local/lib/python3.12/site-packages/airflow/example_dags/tutorial.py
[2024-12-18T10:00:35.286+0000] {processor.py:830} INFO - Processing file /home/airflow/.local/lib/python3.12/site-packages/airflow/example_dags/tutorial.py for tasks to queue
[2024-12-18T10:00:35.288+0000] {logging_mixin.py:188} INFO - [2024-12-18T10:00:35.287+0000] {dagbag.py:545} INFO - Filling up the DagBag from /home/airflow/.local/lib/python3.12/site-packages/airflow/example_dags/tutorial.py
[2024-12-18T10:00:35.295+0000] {processor.py:840} INFO - DAG(s) 'tutorial' retrieved from /home/airflow/.local/lib/python3.12/site-packages/airflow/example_dags/tutorial.py
[2024-12-18T10:00:35.317+0000] {logging_mixin.py:188} INFO - [2024-12-18T10:00:35.317+0000] {dag.py:3096} INFO - Sync 1 DAGs
[2024-12-18T10:00:35.341+0000] {logging_mixin.py:188} INFO - [2024-12-18T10:00:35.340+0000] {dag.py:3954} INFO - Setting next_dagrun for tutorial to 2024-12-17 00:00:00+00:00, run_after=2024-12-18 00:00:00+00:00
[2024-12-18T10:00:35.366+0000] {processor.py:183} INFO - Processing /home/airflow/.local/lib/python3.12/site-packages/airflow/example_dags/tutorial.py took 0.087 seconds
[2024-12-18T10:01:05.602+0000] {processor.py:161} INFO - Started process (PID=260) to work on /home/airflow/.local/lib/python3.12/site-packages/airflow/example_dags/tutorial.py
[2024-12-18T10:01:05.603+0000] {processor.py:830} INFO - Processing file /home/airflow/.local/lib/python3.12/site-packages/airflow/example_dags/tutorial.py for tasks to queue
[2024-12-18T10:01:05.605+0000] {logging_mixin.py:188} INFO - [2024-12-18T10:01:05.605+0000] {dagbag.py:545} INFO - Filling up the DagBag from /home/airflow/.local/lib/python3.12/site-packages/airflow/example_dags/tutorial.py
[2024-12-18T10:01:05.610+0000] {processor.py:840} INFO - DAG(s) 'tutorial' retrieved from /home/airflow/.local/lib/python3.12/site-packages/airflow/example_dags/tutorial.py
[2024-12-18T10:01:05.631+0000] {logging_mixin.py:188} INFO - [2024-12-18T10:01:05.631+0000] {dag.py:3096} INFO - Sync 1 DAGs
[2024-12-18T10:01:05.654+0000] {logging_mixin.py:188} INFO - [2024-12-18T10:01:05.654+0000] {dag.py:3954} INFO - Setting next_dagrun for tutorial to 2024-12-17 00:00:00+00:00, run_after=2024-12-18 00:00:00+00:00
[2024-12-18T10:01:05.677+0000] {processor.py:183} INFO - Processing /home/airflow/.local/lib/python3.12/site-packages/airflow/example_dags/tutorial.py took 0.081 seconds
[2024-12-18T10:01:35.822+0000] {processor.py:161} INFO - Started process (PID=318) to work on /home/airflow/.local/lib/python3.12/site-packages/airflow/example_dags/tutorial.py
[2024-12-18T10:01:35.823+0000] {processor.py:830} INFO - Processing file /home/airflow/.local/lib/python3.12/site-packages/airflow/example_dags/tutorial.py for tasks to queue
[2024-12-18T10:01:35.825+0000] {logging_mixin.py:188} INFO - [2024-12-18T10:01:35.825+0000] {dagbag.py:545} INFO - Filling up the DagBag from /home/airflow/.local/lib/python3.12/site-packages/airflow/example_dags/tutorial.py
[2024-12-18T10:01:35.831+0000] {processor.py:840} INFO - DAG(s) 'tutorial' retrieved from /home/airflow/.local/lib/python3.12/site-packages/airflow/example_dags/tutorial.py
[2024-12-18T10:01:35.859+0000] {logging_mixin.py:188} INFO - [2024-12-18T10:01:35.858+0000] {dag.py:3096} INFO - Sync 1 DAGs
[2024-12-18T10:01:35.881+0000] {logging_mixin.py:188} INFO - [2024-12-18T10:01:35.881+0000] {dag.py:3954} INFO - Setting next_dagrun for tutorial to 2024-12-17 00:00:00+00:00, run_after=2024-12-18 00:00:00+00:00
[2024-12-18T10:01:35.908+0000] {processor.py:183} INFO - Processing /home/airflow/.local/lib/python3.12/site-packages/airflow/example_dags/tutorial.py took 0.092 seconds
[2024-12-18T10:02:06.189+0000] {processor.py:161} INFO - Started process (PID=376) to work on /home/airflow/.local/lib/python3.12/site-packages/airflow/example_dags/tutorial.py
[2024-12-18T10:02:06.190+0000] {processor.py:830} INFO - Processing file /home/airflow/.local/lib/python3.12/site-packages/airflow/example_dags/tutorial.py for tasks to queue
[2024-12-18T10:02:06.193+0000] {logging_mixin.py:188} INFO - [2024-12-18T10:02:06.193+0000] {dagbag.py:545} INFO - Filling up the DagBag from /home/airflow/.local/lib/python3.12/site-packages/airflow/example_dags/tutorial.py
[2024-12-18T10:02:06.201+0000] {processor.py:840} INFO - DAG(s) 'tutorial' retrieved from /home/airflow/.local/lib/python3.12/site-packages/airflow/example_dags/tutorial.py
[2024-12-18T10:02:06.229+0000] {logging_mixin.py:188} INFO - [2024-12-18T10:02:06.229+0000] {dag.py:3096} INFO - Sync 1 DAGs
[2024-12-18T10:02:06.258+0000] {logging_mixin.py:188} INFO - [2024-12-18T10:02:06.258+0000] {dag.py:3954} INFO - Setting next_dagrun for tutorial to 2024-12-17 00:00:00+00:00, run_after=2024-12-18 00:00:00+00:00
[2024-12-18T10:02:06.286+0000] {processor.py:183} INFO - Processing /home/airflow/.local/lib/python3.12/site-packages/airflow/example_dags/tutorial.py took 0.104 seconds
[2024-12-18T10:02:36.504+0000] {processor.py:161} INFO - Started process (PID=434) to work on /home/airflow/.local/lib/python3.12/site-packages/airflow/example_dags/tutorial.py
[2024-12-18T10:02:36.506+0000] {processor.py:830} INFO - Processing file /home/airflow/.local/lib/python3.12/site-packages/airflow/example_dags/tutorial.py for tasks to queue
[2024-12-18T10:02:36.508+0000] {logging_mixin.py:188} INFO - [2024-12-18T10:02:36.507+0000] {dagbag.py:545} INFO - Filling up the DagBag from /home/airflow/.local/lib/python3.12/site-packages/airflow/example_dags/tutorial.py
[2024-12-18T10:02:36.514+0000] {processor.py:840} INFO - DAG(s) 'tutorial' retrieved from /home/airflow/.local/lib/python3.12/site-packages/airflow/example_dags/tutorial.py
[2024-12-18T10:02:36.542+0000] {logging_mixin.py:188} INFO - [2024-12-18T10:02:36.541+0000] {dag.py:3096} INFO - Sync 1 DAGs
[2024-12-18T10:02:36.566+0000] {logging_mixin.py:188} INFO - [2024-12-18T10:02:36.566+0000] {dag.py:3954} INFO - Setting next_dagrun for tutorial to 2024-12-17 00:00:00+00:00, run_after=2024-12-18 00:00:00+00:00
[2024-12-18T10:02:36.593+0000] {processor.py:183} INFO - Processing /home/airflow/.local/lib/python3.12/site-packages/airflow/example_dags/tutorial.py took 0.095 seconds
[2024-12-18T10:03:06.775+0000] {processor.py:161} INFO - Started process (PID=492) to work on /home/airflow/.local/lib/python3.12/site-packages/airflow/example_dags/tutorial.py
[2024-12-18T10:03:06.776+0000] {processor.py:830} INFO - Processing file /home/airflow/.local/lib/python3.12/site-packages/airflow/example_dags/tutorial.py for tasks to queue
[2024-12-18T10:03:06.779+0000] {logging_mixin.py:188} INFO - [2024-12-18T10:03:06.778+0000] {dagbag.py:545} INFO - Filling up the DagBag from /home/airflow/.local/lib/python3.12/site-packages/airflow/example_dags/tutorial.py
[2024-12-18T10:03:06.784+0000] {processor.py:840} INFO - DAG(s) 'tutorial' retrieved from /home/airflow/.local/lib/python3.12/site-packages/airflow/example_dags/tutorial.py
[2024-12-18T10:03:06.807+0000] {logging_mixin.py:188} INFO - [2024-12-18T10:03:06.806+0000] {dag.py:3096} INFO - Sync 1 DAGs
[2024-12-18T10:03:06.829+0000] {logging_mixin.py:188} INFO - [2024-12-18T10:03:06.829+0000] {dag.py:3954} INFO - Setting next_dagrun for tutorial to 2024-12-17 00:00:00+00:00, run_after=2024-12-18 00:00:00+00:00
[2024-12-18T10:03:06.855+0000] {processor.py:183} INFO - Processing /home/airflow/.local/lib/python3.12/site-packages/airflow/example_dags/tutorial.py took 0.086 seconds
[2024-12-18T10:03:37.173+0000] {processor.py:161} INFO - Started process (PID=550) to work on /home/airflow/.local/lib/python3.12/site-packages/airflow/example_dags/tutorial.py
[2024-12-18T10:03:37.174+0000] {processor.py:830} INFO - Processing file /home/airflow/.local/lib/python3.12/site-packages/airflow/example_dags/tutorial.py for tasks to queue
[2024-12-18T10:03:37.176+0000] {logging_mixin.py:188} INFO - [2024-12-18T10:03:37.176+0000] {dagbag.py:545} INFO - Filling up the DagBag from /home/airflow/.local/lib/python3.12/site-packages/airflow/example_dags/tutorial.py
[2024-12-18T10:03:37.182+0000] {processor.py:840} INFO - DAG(s) 'tutorial' retrieved from /home/airflow/.local/lib/python3.12/site-packages/airflow/example_dags/tutorial.py
[2024-12-18T10:03:37.205+0000] {logging_mixin.py:188} INFO - [2024-12-18T10:03:37.205+0000] {dag.py:3096} INFO - Sync 1 DAGs
[2024-12-18T10:03:37.228+0000] {logging_mixin.py:188} INFO - [2024-12-18T10:03:37.228+0000] {dag.py:3954} INFO - Setting next_dagrun for tutorial to 2024-12-17 00:00:00+00:00, run_after=2024-12-18 00:00:00+00:00
[2024-12-18T10:03:37.255+0000] {processor.py:183} INFO - Processing /home/airflow/.local/lib/python3.12/site-packages/airflow/example_dags/tutorial.py took 0.087 seconds
[2024-12-18T10:04:07.643+0000] {processor.py:161} INFO - Started process (PID=608) to work on /home/airflow/.local/lib/python3.12/site-packages/airflow/example_dags/tutorial.py
[2024-12-18T10:04:07.644+0000] {processor.py:830} INFO - Processing file /home/airflow/.local/lib/python3.12/site-packages/airflow/example_dags/tutorial.py for tasks to queue
[2024-12-18T10:04:07.647+0000] {logging_mixin.py:188} INFO - [2024-12-18T10:04:07.646+0000] {dagbag.py:545} INFO - Filling up the DagBag from /home/airflow/.local/lib/python3.12/site-packages/airflow/example_dags/tutorial.py
[2024-12-18T10:04:07.653+0000] {processor.py:840} INFO - DAG(s) 'tutorial' retrieved from /home/airflow/.local/lib/python3.12/site-packages/airflow/example_dags/tutorial.py
[2024-12-18T10:04:07.676+0000] {logging_mixin.py:188} INFO - [2024-12-18T10:04:07.676+0000] {dag.py:3096} INFO - Sync 1 DAGs
[2024-12-18T10:04:07.700+0000] {logging_mixin.py:188} INFO - [2024-12-18T10:04:07.700+0000] {dag.py:3954} INFO - Setting next_dagrun for tutorial to 2024-12-17 00:00:00+00:00, run_after=2024-12-18 00:00:00+00:00
[2024-12-18T10:04:07.728+0000] {processor.py:183} INFO - Processing /home/airflow/.local/lib/python3.12/site-packages/airflow/example_dags/tutorial.py took 0.091 seconds
[2024-12-18T10:04:37.804+0000] {processor.py:161} INFO - Started process (PID=666) to work on /home/airflow/.local/lib/python3.12/site-packages/airflow/example_dags/tutorial.py
[2024-12-18T10:04:37.806+0000] {processor.py:830} INFO - Processing file /home/airflow/.local/lib/python3.12/site-packages/airflow/example_dags/tutorial.py for tasks to queue
[2024-12-18T10:04:37.808+0000] {logging_mixin.py:188} INFO - [2024-12-18T10:04:37.808+0000] {dagbag.py:545} INFO - Filling up the DagBag from /home/airflow/.local/lib/python3.12/site-packages/airflow/example_dags/tutorial.py
[2024-12-18T10:04:37.814+0000] {processor.py:840} INFO - DAG(s) 'tutorial' retrieved from /home/airflow/.local/lib/python3.12/site-packages/airflow/example_dags/tutorial.py
[2024-12-18T10:04:37.839+0000] {logging_mixin.py:188} INFO - [2024-12-18T10:04:37.838+0000] {dag.py:3096} INFO - Sync 1 DAGs
[2024-12-18T10:04:37.862+0000] {logging_mixin.py:188} INFO - [2024-12-18T10:04:37.862+0000] {dag.py:3954} INFO - Setting next_dagrun for tutorial to 2024-12-17 00:00:00+00:00, run_after=2024-12-18 00:00:00+00:00
[2024-12-18T10:04:37.887+0000] {processor.py:183} INFO - Processing /home/airflow/.local/lib/python3.12/site-packages/airflow/example_dags/tutorial.py took 0.087 seconds
[2024-12-18T10:05:08.111+0000] {processor.py:161} INFO - Started process (PID=724) to work on /home/airflow/.local/lib/python3.12/site-packages/airflow/example_dags/tutorial.py
[2024-12-18T10:05:08.113+0000] {processor.py:830} INFO - Processing file /home/airflow/.local/lib/python3.12/site-packages/airflow/example_dags/tutorial.py for tasks to queue
[2024-12-18T10:05:08.114+0000] {logging_mixin.py:188} INFO - [2024-12-18T10:05:08.114+0000] {dagbag.py:545} INFO - Filling up the DagBag from /home/airflow/.local/lib/python3.12/site-packages/airflow/example_dags/tutorial.py
[2024-12-18T10:05:08.120+0000] {processor.py:840} INFO - DAG(s) 'tutorial' retrieved from /home/airflow/.local/lib/python3.12/site-packages/airflow/example_dags/tutorial.py
[2024-12-18T10:05:08.142+0000] {logging_mixin.py:188} INFO - [2024-12-18T10:05:08.142+0000] {dag.py:3096} INFO - Sync 1 DAGs
[2024-12-18T10:05:08.166+0000] {logging_mixin.py:188} INFO - [2024-12-18T10:05:08.166+0000] {dag.py:3954} INFO - Setting next_dagrun for tutorial to 2024-12-17 00:00:00+00:00, run_after=2024-12-18 00:00:00+00:00
[2024-12-18T10:05:08.190+0000] {processor.py:183} INFO - Processing /home/airflow/.local/lib/python3.12/site-packages/airflow/example_dags/tutorial.py took 0.084 seconds
[2024-12-18T10:05:38.666+0000] {processor.py:161} INFO - Started process (PID=782) to work on /home/airflow/.local/lib/python3.12/site-packages/airflow/example_dags/tutorial.py
[2024-12-18T10:05:38.667+0000] {processor.py:830} INFO - Processing file /home/airflow/.local/lib/python3.12/site-packages/airflow/example_dags/tutorial.py for tasks to queue
[2024-12-18T10:05:38.670+0000] {logging_mixin.py:188} INFO - [2024-12-18T10:05:38.669+0000] {dagbag.py:545} INFO - Filling up the DagBag from /home/airflow/.local/lib/python3.12/site-packages/airflow/example_dags/tutorial.py
[2024-12-18T10:05:38.675+0000] {processor.py:840} INFO - DAG(s) 'tutorial' retrieved from /home/airflow/.local/lib/python3.12/site-packages/airflow/example_dags/tutorial.py
[2024-12-18T10:05:38.697+0000] {logging_mixin.py:188} INFO - [2024-12-18T10:05:38.697+0000] {dag.py:3096} INFO - Sync 1 DAGs
[2024-12-18T10:05:38.720+0000] {logging_mixin.py:188} INFO - [2024-12-18T10:05:38.720+0000] {dag.py:3954} INFO - Setting next_dagrun for tutorial to 2024-12-17 00:00:00+00:00, run_after=2024-12-18 00:00:00+00:00
[2024-12-18T10:05:38.743+0000] {processor.py:183} INFO - Processing /home/airflow/.local/lib/python3.12/site-packages/airflow/example_dags/tutorial.py took 0.083 seconds
[2024-12-18T10:06:08.934+0000] {processor.py:161} INFO - Started process (PID=840) to work on /home/airflow/.local/lib/python3.12/site-packages/airflow/example_dags/tutorial.py
[2024-12-18T10:06:08.935+0000] {processor.py:830} INFO - Processing file /home/airflow/.local/lib/python3.12/site-packages/airflow/example_dags/tutorial.py for tasks to queue
[2024-12-18T10:06:08.937+0000] {logging_mixin.py:188} INFO - [2024-12-18T10:06:08.936+0000] {dagbag.py:545} INFO - Filling up the DagBag from /home/airflow/.local/lib/python3.12/site-packages/airflow/example_dags/tutorial.py
[2024-12-18T10:06:08.943+0000] {processor.py:840} INFO - DAG(s) 'tutorial' retrieved from /home/airflow/.local/lib/python3.12/site-packages/airflow/example_dags/tutorial.py
[2024-12-18T10:06:08.965+0000] {logging_mixin.py:188} INFO - [2024-12-18T10:06:08.965+0000] {dag.py:3096} INFO - Sync 1 DAGs
[2024-12-18T10:06:08.988+0000] {logging_mixin.py:188} INFO - [2024-12-18T10:06:08.988+0000] {dag.py:3954} INFO - Setting next_dagrun for tutorial to 2024-12-17 00:00:00+00:00, run_after=2024-12-18 00:00:00+00:00
[2024-12-18T10:06:09.014+0000] {processor.py:183} INFO - Processing /home/airflow/.local/lib/python3.12/site-packages/airflow/example_dags/tutorial.py took 0.085 seconds
[2024-12-18T10:06:39.395+0000] {processor.py:161} INFO - Started process (PID=898) to work on /home/airflow/.local/lib/python3.12/site-packages/airflow/example_dags/tutorial.py
[2024-12-18T10:06:39.396+0000] {processor.py:830} INFO - Processing file /home/airflow/.local/lib/python3.12/site-packages/airflow/example_dags/tutorial.py for tasks to queue
[2024-12-18T10:06:39.398+0000] {logging_mixin.py:188} INFO - [2024-12-18T10:06:39.398+0000] {dagbag.py:545} INFO - Filling up the DagBag from /home/airflow/.local/lib/python3.12/site-packages/airflow/example_dags/tutorial.py
[2024-12-18T10:06:39.404+0000] {processor.py:840} INFO - DAG(s) 'tutorial' retrieved from /home/airflow/.local/lib/python3.12/site-packages/airflow/example_dags/tutorial.py
[2024-12-18T10:06:39.427+0000] {logging_mixin.py:188} INFO - [2024-12-18T10:06:39.427+0000] {dag.py:3096} INFO - Sync 1 DAGs
[2024-12-18T10:06:39.451+0000] {logging_mixin.py:188} INFO - [2024-12-18T10:06:39.451+0000] {dag.py:3954} INFO - Setting next_dagrun for tutorial to 2024-12-17 00:00:00+00:00, run_after=2024-12-18 00:00:00+00:00
[2024-12-18T10:06:39.476+0000] {processor.py:183} INFO - Processing /home/airflow/.local/lib/python3.12/site-packages/airflow/example_dags/tutorial.py took 0.087 seconds
[2024-12-18T10:07:09.892+0000] {processor.py:161} INFO - Started process (PID=956) to work on /home/airflow/.local/lib/python3.12/site-packages/airflow/example_dags/tutorial.py
[2024-12-18T10:07:09.893+0000] {processor.py:830} INFO - Processing file /home/airflow/.local/lib/python3.12/site-packages/airflow/example_dags/tutorial.py for tasks to queue
[2024-12-18T10:07:09.896+0000] {logging_mixin.py:188} INFO - [2024-12-18T10:07:09.895+0000] {dagbag.py:545} INFO - Filling up the DagBag from /home/airflow/.local/lib/python3.12/site-packages/airflow/example_dags/tutorial.py
[2024-12-18T10:07:09.901+0000] {processor.py:840} INFO - DAG(s) 'tutorial' retrieved from /home/airflow/.local/lib/python3.12/site-packages/airflow/example_dags/tutorial.py
[2024-12-18T10:07:09.927+0000] {logging_mixin.py:188} INFO - [2024-12-18T10:07:09.926+0000] {dag.py:3096} INFO - Sync 1 DAGs
[2024-12-18T10:07:09.954+0000] {logging_mixin.py:188} INFO - [2024-12-18T10:07:09.954+0000] {dag.py:3954} INFO - Setting next_dagrun for tutorial to 2024-12-17 00:00:00+00:00, run_after=2024-12-18 00:00:00+00:00
[2024-12-18T10:07:09.980+0000] {processor.py:183} INFO - Processing /home/airflow/.local/lib/python3.12/site-packages/airflow/example_dags/tutorial.py took 0.094 seconds
[2024-12-18T10:07:40.311+0000] {processor.py:161} INFO - Started process (PID=1014) to work on /home/airflow/.local/lib/python3.12/site-packages/airflow/example_dags/tutorial.py
[2024-12-18T10:07:40.312+0000] {processor.py:830} INFO - Processing file /home/airflow/.local/lib/python3.12/site-packages/airflow/example_dags/tutorial.py for tasks to queue
[2024-12-18T10:07:40.315+0000] {logging_mixin.py:188} INFO - [2024-12-18T10:07:40.315+0000] {dagbag.py:545} INFO - Filling up the DagBag from /home/airflow/.local/lib/python3.12/site-packages/airflow/example_dags/tutorial.py
[2024-12-18T10:07:40.320+0000] {processor.py:840} INFO - DAG(s) 'tutorial' retrieved from /home/airflow/.local/lib/python3.12/site-packages/airflow/example_dags/tutorial.py
[2024-12-18T10:07:40.344+0000] {logging_mixin.py:188} INFO - [2024-12-18T10:07:40.343+0000] {dag.py:3096} INFO - Sync 1 DAGs
[2024-12-18T10:07:40.370+0000] {logging_mixin.py:188} INFO - [2024-12-18T10:07:40.370+0000] {dag.py:3954} INFO - Setting next_dagrun for tutorial to 2024-12-17 00:00:00+00:00, run_after=2024-12-18 00:00:00+00:00
[2024-12-18T10:07:40.403+0000] {processor.py:183} INFO - Processing /home/airflow/.local/lib/python3.12/site-packages/airflow/example_dags/tutorial.py took 0.097 seconds
[2024-12-18T10:08:10.609+0000] {processor.py:161} INFO - Started process (PID=1072) to work on /home/airflow/.local/lib/python3.12/site-packages/airflow/example_dags/tutorial.py
[2024-12-18T10:08:10.610+0000] {processor.py:830} INFO - Processing file /home/airflow/.local/lib/python3.12/site-packages/airflow/example_dags/tutorial.py for tasks to queue
[2024-12-18T10:08:10.613+0000] {logging_mixin.py:188} INFO - [2024-12-18T10:08:10.613+0000] {dagbag.py:545} INFO - Filling up the DagBag from /home/airflow/.local/lib/python3.12/site-packages/airflow/example_dags/tutorial.py
[2024-12-18T10:08:10.622+0000] {processor.py:840} INFO - DAG(s) 'tutorial' retrieved from /home/airflow/.local/lib/python3.12/site-packages/airflow/example_dags/tutorial.py
[2024-12-18T10:08:10.653+0000] {logging_mixin.py:188} INFO - [2024-12-18T10:08:10.653+0000] {dag.py:3096} INFO - Sync 1 DAGs
[2024-12-18T10:08:10.688+0000] {logging_mixin.py:188} INFO - [2024-12-18T10:08:10.688+0000] {dag.py:3954} INFO - Setting next_dagrun for tutorial to 2024-12-17 00:00:00+00:00, run_after=2024-12-18 00:00:00+00:00
[2024-12-18T10:08:10.725+0000] {processor.py:183} INFO - Processing /home/airflow/.local/lib/python3.12/site-packages/airflow/example_dags/tutorial.py took 0.127 seconds
[2024-12-18T10:08:40.791+0000] {processor.py:161} INFO - Started process (PID=1130) to work on /home/airflow/.local/lib/python3.12/site-packages/airflow/example_dags/tutorial.py
[2024-12-18T10:08:40.792+0000] {processor.py:830} INFO - Processing file /home/airflow/.local/lib/python3.12/site-packages/airflow/example_dags/tutorial.py for tasks to queue
[2024-12-18T10:08:40.794+0000] {logging_mixin.py:188} INFO - [2024-12-18T10:08:40.794+0000] {dagbag.py:545} INFO - Filling up the DagBag from /home/airflow/.local/lib/python3.12/site-packages/airflow/example_dags/tutorial.py
[2024-12-18T10:08:40.801+0000] {processor.py:840} INFO - DAG(s) 'tutorial' retrieved from /home/airflow/.local/lib/python3.12/site-packages/airflow/example_dags/tutorial.py
[2024-12-18T10:08:40.822+0000] {logging_mixin.py:188} INFO - [2024-12-18T10:08:40.822+0000] {dag.py:3096} INFO - Sync 1 DAGs
[2024-12-18T10:08:40.850+0000] {logging_mixin.py:188} INFO - [2024-12-18T10:08:40.850+0000] {dag.py:3954} INFO - Setting next_dagrun for tutorial to 2024-12-17 00:00:00+00:00, run_after=2024-12-18 00:00:00+00:00
[2024-12-18T10:08:40.879+0000] {processor.py:183} INFO - Processing /home/airflow/.local/lib/python3.12/site-packages/airflow/example_dags/tutorial.py took 0.094 seconds
[2024-12-18T10:09:11.031+0000] {processor.py:161} INFO - Started process (PID=1188) to work on /home/airflow/.local/lib/python3.12/site-packages/airflow/example_dags/tutorial.py
[2024-12-18T10:09:11.032+0000] {processor.py:830} INFO - Processing file /home/airflow/.local/lib/python3.12/site-packages/airflow/example_dags/tutorial.py for tasks to queue
[2024-12-18T10:09:11.035+0000] {logging_mixin.py:188} INFO - [2024-12-18T10:09:11.034+0000] {dagbag.py:545} INFO - Filling up the DagBag from /home/airflow/.local/lib/python3.12/site-packages/airflow/example_dags/tutorial.py
[2024-12-18T10:09:11.042+0000] {processor.py:840} INFO - DAG(s) 'tutorial' retrieved from /home/airflow/.local/lib/python3.12/site-packages/airflow/example_dags/tutorial.py
[2024-12-18T10:09:11.065+0000] {logging_mixin.py:188} INFO - [2024-12-18T10:09:11.065+0000] {dag.py:3096} INFO - Sync 1 DAGs
[2024-12-18T10:09:11.092+0000] {logging_mixin.py:188} INFO - [2024-12-18T10:09:11.091+0000] {dag.py:3954} INFO - Setting next_dagrun for tutorial to 2024-12-17 00:00:00+00:00, run_after=2024-12-18 00:00:00+00:00
[2024-12-18T10:09:11.122+0000] {processor.py:183} INFO - Processing /home/airflow/.local/lib/python3.12/site-packages/airflow/example_dags/tutorial.py took 0.096 seconds
[2024-12-18T10:09:41.519+0000] {processor.py:161} INFO - Started process (PID=1246) to work on /home/airflow/.local/lib/python3.12/site-packages/airflow/example_dags/tutorial.py
[2024-12-18T10:09:41.521+0000] {processor.py:830} INFO - Processing file /home/airflow/.local/lib/python3.12/site-packages/airflow/example_dags/tutorial.py for tasks to queue
[2024-12-18T10:09:41.523+0000] {logging_mixin.py:188} INFO - [2024-12-18T10:09:41.523+0000] {dagbag.py:545} INFO - Filling up the DagBag from /home/airflow/.local/lib/python3.12/site-packages/airflow/example_dags/tutorial.py
[2024-12-18T10:09:41.529+0000] {processor.py:840} INFO - DAG(s) 'tutorial' retrieved from /home/airflow/.local/lib/python3.12/site-packages/airflow/example_dags/tutorial.py
[2024-12-18T10:09:41.552+0000] {logging_mixin.py:188} INFO - [2024-12-18T10:09:41.551+0000] {dag.py:3096} INFO - Sync 1 DAGs
[2024-12-18T10:09:41.575+0000] {logging_mixin.py:188} INFO - [2024-12-18T10:09:41.575+0000] {dag.py:3954} INFO - Setting next_dagrun for tutorial to 2024-12-17 00:00:00+00:00, run_after=2024-12-18 00:00:00+00:00
[2024-12-18T10:09:41.602+0000] {processor.py:183} INFO - Processing /home/airflow/.local/lib/python3.12/site-packages/airflow/example_dags/tutorial.py took 0.088 seconds
[2024-12-18T10:10:11.834+0000] {processor.py:161} INFO - Started process (PID=1304) to work on /home/airflow/.local/lib/python3.12/site-packages/airflow/example_dags/tutorial.py
[2024-12-18T10:10:11.836+0000] {processor.py:830} INFO - Processing file /home/airflow/.local/lib/python3.12/site-packages/airflow/example_dags/tutorial.py for tasks to queue
[2024-12-18T10:10:11.838+0000] {logging_mixin.py:188} INFO - [2024-12-18T10:10:11.838+0000] {dagbag.py:545} INFO - Filling up the DagBag from /home/airflow/.local/lib/python3.12/site-packages/airflow/example_dags/tutorial.py
[2024-12-18T10:10:11.844+0000] {processor.py:840} INFO - DAG(s) 'tutorial' retrieved from /home/airflow/.local/lib/python3.12/site-packages/airflow/example_dags/tutorial.py
[2024-12-18T10:10:11.870+0000] {logging_mixin.py:188} INFO - [2024-12-18T10:10:11.870+0000] {dag.py:3096} INFO - Sync 1 DAGs
[2024-12-18T10:10:11.894+0000] {logging_mixin.py:188} INFO - [2024-12-18T10:10:11.894+0000] {dag.py:3954} INFO - Setting next_dagrun for tutorial to 2024-12-17 00:00:00+00:00, run_after=2024-12-18 00:00:00+00:00
[2024-12-18T10:10:11.921+0000] {processor.py:183} INFO - Processing /home/airflow/.local/lib/python3.12/site-packages/airflow/example_dags/tutorial.py took 0.092 seconds
[2024-12-18T10:10:42.351+0000] {processor.py:161} INFO - Started process (PID=1362) to work on /home/airflow/.local/lib/python3.12/site-packages/airflow/example_dags/tutorial.py
[2024-12-18T10:10:42.353+0000] {processor.py:830} INFO - Processing file /home/airflow/.local/lib/python3.12/site-packages/airflow/example_dags/tutorial.py for tasks to queue
[2024-12-18T10:10:42.355+0000] {logging_mixin.py:188} INFO - [2024-12-18T10:10:42.355+0000] {dagbag.py:545} INFO - Filling up the DagBag from /home/airflow/.local/lib/python3.12/site-packages/airflow/example_dags/tutorial.py
[2024-12-18T10:10:42.360+0000] {processor.py:840} INFO - DAG(s) 'tutorial' retrieved from /home/airflow/.local/lib/python3.12/site-packages/airflow/example_dags/tutorial.py
[2024-12-18T10:10:42.383+0000] {logging_mixin.py:188} INFO - [2024-12-18T10:10:42.382+0000] {dag.py:3096} INFO - Sync 1 DAGs
[2024-12-18T10:10:42.408+0000] {logging_mixin.py:188} INFO - [2024-12-18T10:10:42.408+0000] {dag.py:3954} INFO - Setting next_dagrun for tutorial to 2024-12-17 00:00:00+00:00, run_after=2024-12-18 00:00:00+00:00
[2024-12-18T10:10:42.435+0000] {processor.py:183} INFO - Processing /home/airflow/.local/lib/python3.12/site-packages/airflow/example_dags/tutorial.py took 0.089 seconds
