[2024-12-18T09:59:37.000+0000] {processor.py:161} INFO - Started process (PID=103) to work on /home/airflow/.local/lib/python3.12/site-packages/airflow/example_dags/tutorial_dag.py
[2024-12-18T09:59:37.002+0000] {processor.py:830} INFO - Processing file /home/airflow/.local/lib/python3.12/site-packages/airflow/example_dags/tutorial_dag.py for tasks to queue
[2024-12-18T09:59:37.004+0000] {logging_mixin.py:188} INFO - [2024-12-18T09:59:37.004+0000] {dagbag.py:545} INFO - Filling up the DagBag from /home/airflow/.local/lib/python3.12/site-packages/airflow/example_dags/tutorial_dag.py
[2024-12-18T09:59:37.020+0000] {processor.py:840} INFO - DAG(s) 'tutorial_dag' retrieved from /home/airflow/.local/lib/python3.12/site-packages/airflow/example_dags/tutorial_dag.py
[2024-12-18T09:59:37.172+0000] {logging_mixin.py:188} INFO - [2024-12-18T09:59:37.171+0000] {override.py:1829} INFO - Created Permission View: can delete on DAG:tutorial_dag
[2024-12-18T09:59:37.194+0000] {logging_mixin.py:188} INFO - [2024-12-18T09:59:37.193+0000] {override.py:1829} INFO - Created Permission View: can read on DAG:tutorial_dag
[2024-12-18T09:59:37.210+0000] {logging_mixin.py:188} INFO - [2024-12-18T09:59:37.209+0000] {override.py:1829} INFO - Created Permission View: can edit on DAG:tutorial_dag
[2024-12-18T09:59:37.211+0000] {logging_mixin.py:188} INFO - [2024-12-18T09:59:37.211+0000] {dag.py:3096} INFO - Sync 1 DAGs
[2024-12-18T09:59:37.236+0000] {logging_mixin.py:188} INFO - [2024-12-18T09:59:37.235+0000] {dag.py:3118} INFO - Creating ORM DAG for tutorial_dag
[2024-12-18T09:59:37.238+0000] {logging_mixin.py:188} INFO - [2024-12-18T09:59:37.237+0000] {dag.py:3954} INFO - Setting next_dagrun for tutorial_dag to None, run_after=None
[2024-12-18T09:59:37.268+0000] {processor.py:183} INFO - Processing /home/airflow/.local/lib/python3.12/site-packages/airflow/example_dags/tutorial_dag.py took 0.274 seconds
[2024-12-18T10:00:07.818+0000] {processor.py:161} INFO - Started process (PID=161) to work on /home/airflow/.local/lib/python3.12/site-packages/airflow/example_dags/tutorial_dag.py
[2024-12-18T10:00:07.819+0000] {processor.py:830} INFO - Processing file /home/airflow/.local/lib/python3.12/site-packages/airflow/example_dags/tutorial_dag.py for tasks to queue
[2024-12-18T10:00:07.822+0000] {logging_mixin.py:188} INFO - [2024-12-18T10:00:07.822+0000] {dagbag.py:545} INFO - Filling up the DagBag from /home/airflow/.local/lib/python3.12/site-packages/airflow/example_dags/tutorial_dag.py
[2024-12-18T10:00:07.827+0000] {processor.py:840} INFO - DAG(s) 'tutorial_dag' retrieved from /home/airflow/.local/lib/python3.12/site-packages/airflow/example_dags/tutorial_dag.py
[2024-12-18T10:00:07.850+0000] {logging_mixin.py:188} INFO - [2024-12-18T10:00:07.850+0000] {dag.py:3096} INFO - Sync 1 DAGs
[2024-12-18T10:00:07.864+0000] {logging_mixin.py:188} INFO - [2024-12-18T10:00:07.864+0000] {dag.py:3954} INFO - Setting next_dagrun for tutorial_dag to None, run_after=None
[2024-12-18T10:00:07.891+0000] {processor.py:183} INFO - Processing /home/airflow/.local/lib/python3.12/site-packages/airflow/example_dags/tutorial_dag.py took 0.079 seconds
[2024-12-18T10:00:38.570+0000] {processor.py:161} INFO - Started process (PID=219) to work on /home/airflow/.local/lib/python3.12/site-packages/airflow/example_dags/tutorial_dag.py
[2024-12-18T10:00:38.571+0000] {processor.py:830} INFO - Processing file /home/airflow/.local/lib/python3.12/site-packages/airflow/example_dags/tutorial_dag.py for tasks to queue
[2024-12-18T10:00:38.573+0000] {logging_mixin.py:188} INFO - [2024-12-18T10:00:38.573+0000] {dagbag.py:545} INFO - Filling up the DagBag from /home/airflow/.local/lib/python3.12/site-packages/airflow/example_dags/tutorial_dag.py
[2024-12-18T10:00:38.579+0000] {processor.py:840} INFO - DAG(s) 'tutorial_dag' retrieved from /home/airflow/.local/lib/python3.12/site-packages/airflow/example_dags/tutorial_dag.py
[2024-12-18T10:00:38.602+0000] {logging_mixin.py:188} INFO - [2024-12-18T10:00:38.602+0000] {dag.py:3096} INFO - Sync 1 DAGs
[2024-12-18T10:00:38.620+0000] {logging_mixin.py:188} INFO - [2024-12-18T10:00:38.620+0000] {dag.py:3954} INFO - Setting next_dagrun for tutorial_dag to None, run_after=None
[2024-12-18T10:00:38.648+0000] {processor.py:183} INFO - Processing /home/airflow/.local/lib/python3.12/site-packages/airflow/example_dags/tutorial_dag.py took 0.083 seconds
[2024-12-18T10:01:08.856+0000] {processor.py:161} INFO - Started process (PID=277) to work on /home/airflow/.local/lib/python3.12/site-packages/airflow/example_dags/tutorial_dag.py
[2024-12-18T10:01:08.858+0000] {processor.py:830} INFO - Processing file /home/airflow/.local/lib/python3.12/site-packages/airflow/example_dags/tutorial_dag.py for tasks to queue
[2024-12-18T10:01:08.861+0000] {logging_mixin.py:188} INFO - [2024-12-18T10:01:08.860+0000] {dagbag.py:545} INFO - Filling up the DagBag from /home/airflow/.local/lib/python3.12/site-packages/airflow/example_dags/tutorial_dag.py
[2024-12-18T10:01:08.867+0000] {processor.py:840} INFO - DAG(s) 'tutorial_dag' retrieved from /home/airflow/.local/lib/python3.12/site-packages/airflow/example_dags/tutorial_dag.py
[2024-12-18T10:01:08.891+0000] {logging_mixin.py:188} INFO - [2024-12-18T10:01:08.891+0000] {dag.py:3096} INFO - Sync 1 DAGs
[2024-12-18T10:01:08.909+0000] {logging_mixin.py:188} INFO - [2024-12-18T10:01:08.909+0000] {dag.py:3954} INFO - Setting next_dagrun for tutorial_dag to None, run_after=None
[2024-12-18T10:01:08.938+0000] {processor.py:183} INFO - Processing /home/airflow/.local/lib/python3.12/site-packages/airflow/example_dags/tutorial_dag.py took 0.089 seconds
[2024-12-18T10:01:39.276+0000] {processor.py:161} INFO - Started process (PID=335) to work on /home/airflow/.local/lib/python3.12/site-packages/airflow/example_dags/tutorial_dag.py
[2024-12-18T10:01:39.277+0000] {processor.py:830} INFO - Processing file /home/airflow/.local/lib/python3.12/site-packages/airflow/example_dags/tutorial_dag.py for tasks to queue
[2024-12-18T10:01:39.279+0000] {logging_mixin.py:188} INFO - [2024-12-18T10:01:39.279+0000] {dagbag.py:545} INFO - Filling up the DagBag from /home/airflow/.local/lib/python3.12/site-packages/airflow/example_dags/tutorial_dag.py
[2024-12-18T10:01:39.284+0000] {processor.py:840} INFO - DAG(s) 'tutorial_dag' retrieved from /home/airflow/.local/lib/python3.12/site-packages/airflow/example_dags/tutorial_dag.py
[2024-12-18T10:01:39.307+0000] {logging_mixin.py:188} INFO - [2024-12-18T10:01:39.307+0000] {dag.py:3096} INFO - Sync 1 DAGs
[2024-12-18T10:01:39.321+0000] {logging_mixin.py:188} INFO - [2024-12-18T10:01:39.321+0000] {dag.py:3954} INFO - Setting next_dagrun for tutorial_dag to None, run_after=None
[2024-12-18T10:01:39.347+0000] {processor.py:183} INFO - Processing /home/airflow/.local/lib/python3.12/site-packages/airflow/example_dags/tutorial_dag.py took 0.080 seconds
[2024-12-18T10:02:09.491+0000] {processor.py:161} INFO - Started process (PID=393) to work on /home/airflow/.local/lib/python3.12/site-packages/airflow/example_dags/tutorial_dag.py
[2024-12-18T10:02:09.492+0000] {processor.py:830} INFO - Processing file /home/airflow/.local/lib/python3.12/site-packages/airflow/example_dags/tutorial_dag.py for tasks to queue
[2024-12-18T10:02:09.495+0000] {logging_mixin.py:188} INFO - [2024-12-18T10:02:09.494+0000] {dagbag.py:545} INFO - Filling up the DagBag from /home/airflow/.local/lib/python3.12/site-packages/airflow/example_dags/tutorial_dag.py
[2024-12-18T10:02:09.500+0000] {processor.py:840} INFO - DAG(s) 'tutorial_dag' retrieved from /home/airflow/.local/lib/python3.12/site-packages/airflow/example_dags/tutorial_dag.py
[2024-12-18T10:02:09.523+0000] {logging_mixin.py:188} INFO - [2024-12-18T10:02:09.523+0000] {dag.py:3096} INFO - Sync 1 DAGs
[2024-12-18T10:02:09.537+0000] {logging_mixin.py:188} INFO - [2024-12-18T10:02:09.537+0000] {dag.py:3954} INFO - Setting next_dagrun for tutorial_dag to None, run_after=None
[2024-12-18T10:02:09.563+0000] {processor.py:183} INFO - Processing /home/airflow/.local/lib/python3.12/site-packages/airflow/example_dags/tutorial_dag.py took 0.077 seconds
[2024-12-18T10:02:39.823+0000] {processor.py:161} INFO - Started process (PID=451) to work on /home/airflow/.local/lib/python3.12/site-packages/airflow/example_dags/tutorial_dag.py
[2024-12-18T10:02:39.825+0000] {processor.py:830} INFO - Processing file /home/airflow/.local/lib/python3.12/site-packages/airflow/example_dags/tutorial_dag.py for tasks to queue
[2024-12-18T10:02:39.827+0000] {logging_mixin.py:188} INFO - [2024-12-18T10:02:39.827+0000] {dagbag.py:545} INFO - Filling up the DagBag from /home/airflow/.local/lib/python3.12/site-packages/airflow/example_dags/tutorial_dag.py
[2024-12-18T10:02:39.834+0000] {processor.py:840} INFO - DAG(s) 'tutorial_dag' retrieved from /home/airflow/.local/lib/python3.12/site-packages/airflow/example_dags/tutorial_dag.py
[2024-12-18T10:02:39.862+0000] {logging_mixin.py:188} INFO - [2024-12-18T10:02:39.862+0000] {dag.py:3096} INFO - Sync 1 DAGs
[2024-12-18T10:02:39.882+0000] {logging_mixin.py:188} INFO - [2024-12-18T10:02:39.882+0000] {dag.py:3954} INFO - Setting next_dagrun for tutorial_dag to None, run_after=None
[2024-12-18T10:02:39.911+0000] {processor.py:183} INFO - Processing /home/airflow/.local/lib/python3.12/site-packages/airflow/example_dags/tutorial_dag.py took 0.094 seconds
[2024-12-18T10:03:10.121+0000] {processor.py:161} INFO - Started process (PID=509) to work on /home/airflow/.local/lib/python3.12/site-packages/airflow/example_dags/tutorial_dag.py
[2024-12-18T10:03:10.122+0000] {processor.py:830} INFO - Processing file /home/airflow/.local/lib/python3.12/site-packages/airflow/example_dags/tutorial_dag.py for tasks to queue
[2024-12-18T10:03:10.125+0000] {logging_mixin.py:188} INFO - [2024-12-18T10:03:10.124+0000] {dagbag.py:545} INFO - Filling up the DagBag from /home/airflow/.local/lib/python3.12/site-packages/airflow/example_dags/tutorial_dag.py
[2024-12-18T10:03:10.130+0000] {processor.py:840} INFO - DAG(s) 'tutorial_dag' retrieved from /home/airflow/.local/lib/python3.12/site-packages/airflow/example_dags/tutorial_dag.py
[2024-12-18T10:03:10.156+0000] {logging_mixin.py:188} INFO - [2024-12-18T10:03:10.156+0000] {dag.py:3096} INFO - Sync 1 DAGs
[2024-12-18T10:03:10.173+0000] {logging_mixin.py:188} INFO - [2024-12-18T10:03:10.173+0000] {dag.py:3954} INFO - Setting next_dagrun for tutorial_dag to None, run_after=None
[2024-12-18T10:03:10.202+0000] {processor.py:183} INFO - Processing /home/airflow/.local/lib/python3.12/site-packages/airflow/example_dags/tutorial_dag.py took 0.086 seconds
[2024-12-18T10:03:40.385+0000] {processor.py:161} INFO - Started process (PID=567) to work on /home/airflow/.local/lib/python3.12/site-packages/airflow/example_dags/tutorial_dag.py
[2024-12-18T10:03:40.387+0000] {processor.py:830} INFO - Processing file /home/airflow/.local/lib/python3.12/site-packages/airflow/example_dags/tutorial_dag.py for tasks to queue
[2024-12-18T10:03:40.389+0000] {logging_mixin.py:188} INFO - [2024-12-18T10:03:40.389+0000] {dagbag.py:545} INFO - Filling up the DagBag from /home/airflow/.local/lib/python3.12/site-packages/airflow/example_dags/tutorial_dag.py
[2024-12-18T10:03:40.396+0000] {processor.py:840} INFO - DAG(s) 'tutorial_dag' retrieved from /home/airflow/.local/lib/python3.12/site-packages/airflow/example_dags/tutorial_dag.py
[2024-12-18T10:03:40.424+0000] {logging_mixin.py:188} INFO - [2024-12-18T10:03:40.424+0000] {dag.py:3096} INFO - Sync 1 DAGs
[2024-12-18T10:03:40.443+0000] {logging_mixin.py:188} INFO - [2024-12-18T10:03:40.443+0000] {dag.py:3954} INFO - Setting next_dagrun for tutorial_dag to None, run_after=None
[2024-12-18T10:03:40.479+0000] {processor.py:183} INFO - Processing /home/airflow/.local/lib/python3.12/site-packages/airflow/example_dags/tutorial_dag.py took 0.100 seconds
[2024-12-18T10:04:10.927+0000] {processor.py:161} INFO - Started process (PID=625) to work on /home/airflow/.local/lib/python3.12/site-packages/airflow/example_dags/tutorial_dag.py
[2024-12-18T10:04:10.929+0000] {processor.py:830} INFO - Processing file /home/airflow/.local/lib/python3.12/site-packages/airflow/example_dags/tutorial_dag.py for tasks to queue
[2024-12-18T10:04:10.931+0000] {logging_mixin.py:188} INFO - [2024-12-18T10:04:10.930+0000] {dagbag.py:545} INFO - Filling up the DagBag from /home/airflow/.local/lib/python3.12/site-packages/airflow/example_dags/tutorial_dag.py
[2024-12-18T10:04:10.936+0000] {processor.py:840} INFO - DAG(s) 'tutorial_dag' retrieved from /home/airflow/.local/lib/python3.12/site-packages/airflow/example_dags/tutorial_dag.py
[2024-12-18T10:04:10.961+0000] {logging_mixin.py:188} INFO - [2024-12-18T10:04:10.961+0000] {dag.py:3096} INFO - Sync 1 DAGs
[2024-12-18T10:04:10.977+0000] {logging_mixin.py:188} INFO - [2024-12-18T10:04:10.977+0000] {dag.py:3954} INFO - Setting next_dagrun for tutorial_dag to None, run_after=None
[2024-12-18T10:04:11.007+0000] {processor.py:183} INFO - Processing /home/airflow/.local/lib/python3.12/site-packages/airflow/example_dags/tutorial_dag.py took 0.088 seconds
[2024-12-18T10:04:41.113+0000] {processor.py:161} INFO - Started process (PID=683) to work on /home/airflow/.local/lib/python3.12/site-packages/airflow/example_dags/tutorial_dag.py
[2024-12-18T10:04:41.114+0000] {processor.py:830} INFO - Processing file /home/airflow/.local/lib/python3.12/site-packages/airflow/example_dags/tutorial_dag.py for tasks to queue
[2024-12-18T10:04:41.117+0000] {logging_mixin.py:188} INFO - [2024-12-18T10:04:41.116+0000] {dagbag.py:545} INFO - Filling up the DagBag from /home/airflow/.local/lib/python3.12/site-packages/airflow/example_dags/tutorial_dag.py
[2024-12-18T10:04:41.122+0000] {processor.py:840} INFO - DAG(s) 'tutorial_dag' retrieved from /home/airflow/.local/lib/python3.12/site-packages/airflow/example_dags/tutorial_dag.py
[2024-12-18T10:04:41.147+0000] {logging_mixin.py:188} INFO - [2024-12-18T10:04:41.147+0000] {dag.py:3096} INFO - Sync 1 DAGs
[2024-12-18T10:04:41.163+0000] {logging_mixin.py:188} INFO - [2024-12-18T10:04:41.162+0000] {dag.py:3954} INFO - Setting next_dagrun for tutorial_dag to None, run_after=None
[2024-12-18T10:04:41.190+0000] {processor.py:183} INFO - Processing /home/airflow/.local/lib/python3.12/site-packages/airflow/example_dags/tutorial_dag.py took 0.082 seconds
[2024-12-18T10:05:11.486+0000] {processor.py:161} INFO - Started process (PID=741) to work on /home/airflow/.local/lib/python3.12/site-packages/airflow/example_dags/tutorial_dag.py
[2024-12-18T10:05:11.487+0000] {processor.py:830} INFO - Processing file /home/airflow/.local/lib/python3.12/site-packages/airflow/example_dags/tutorial_dag.py for tasks to queue
[2024-12-18T10:05:11.489+0000] {logging_mixin.py:188} INFO - [2024-12-18T10:05:11.489+0000] {dagbag.py:545} INFO - Filling up the DagBag from /home/airflow/.local/lib/python3.12/site-packages/airflow/example_dags/tutorial_dag.py
[2024-12-18T10:05:11.494+0000] {processor.py:840} INFO - DAG(s) 'tutorial_dag' retrieved from /home/airflow/.local/lib/python3.12/site-packages/airflow/example_dags/tutorial_dag.py
[2024-12-18T10:05:11.516+0000] {logging_mixin.py:188} INFO - [2024-12-18T10:05:11.515+0000] {dag.py:3096} INFO - Sync 1 DAGs
[2024-12-18T10:05:11.533+0000] {logging_mixin.py:188} INFO - [2024-12-18T10:05:11.532+0000] {dag.py:3954} INFO - Setting next_dagrun for tutorial_dag to None, run_after=None
[2024-12-18T10:05:11.556+0000] {processor.py:183} INFO - Processing /home/airflow/.local/lib/python3.12/site-packages/airflow/example_dags/tutorial_dag.py took 0.076 seconds
[2024-12-18T10:05:41.789+0000] {processor.py:161} INFO - Started process (PID=799) to work on /home/airflow/.local/lib/python3.12/site-packages/airflow/example_dags/tutorial_dag.py
[2024-12-18T10:05:41.790+0000] {processor.py:830} INFO - Processing file /home/airflow/.local/lib/python3.12/site-packages/airflow/example_dags/tutorial_dag.py for tasks to queue
[2024-12-18T10:05:41.792+0000] {logging_mixin.py:188} INFO - [2024-12-18T10:05:41.792+0000] {dagbag.py:545} INFO - Filling up the DagBag from /home/airflow/.local/lib/python3.12/site-packages/airflow/example_dags/tutorial_dag.py
[2024-12-18T10:05:41.797+0000] {processor.py:840} INFO - DAG(s) 'tutorial_dag' retrieved from /home/airflow/.local/lib/python3.12/site-packages/airflow/example_dags/tutorial_dag.py
[2024-12-18T10:05:41.819+0000] {logging_mixin.py:188} INFO - [2024-12-18T10:05:41.819+0000] {dag.py:3096} INFO - Sync 1 DAGs
[2024-12-18T10:05:41.832+0000] {logging_mixin.py:188} INFO - [2024-12-18T10:05:41.832+0000] {dag.py:3954} INFO - Setting next_dagrun for tutorial_dag to None, run_after=None
[2024-12-18T10:05:41.859+0000] {processor.py:183} INFO - Processing /home/airflow/.local/lib/python3.12/site-packages/airflow/example_dags/tutorial_dag.py took 0.076 seconds
[2024-12-18T10:06:12.176+0000] {processor.py:161} INFO - Started process (PID=857) to work on /home/airflow/.local/lib/python3.12/site-packages/airflow/example_dags/tutorial_dag.py
[2024-12-18T10:06:12.177+0000] {processor.py:830} INFO - Processing file /home/airflow/.local/lib/python3.12/site-packages/airflow/example_dags/tutorial_dag.py for tasks to queue
[2024-12-18T10:06:12.179+0000] {logging_mixin.py:188} INFO - [2024-12-18T10:06:12.179+0000] {dagbag.py:545} INFO - Filling up the DagBag from /home/airflow/.local/lib/python3.12/site-packages/airflow/example_dags/tutorial_dag.py
[2024-12-18T10:06:12.184+0000] {processor.py:840} INFO - DAG(s) 'tutorial_dag' retrieved from /home/airflow/.local/lib/python3.12/site-packages/airflow/example_dags/tutorial_dag.py
[2024-12-18T10:06:12.206+0000] {logging_mixin.py:188} INFO - [2024-12-18T10:06:12.206+0000] {dag.py:3096} INFO - Sync 1 DAGs
[2024-12-18T10:06:12.221+0000] {logging_mixin.py:188} INFO - [2024-12-18T10:06:12.220+0000] {dag.py:3954} INFO - Setting next_dagrun for tutorial_dag to None, run_after=None
[2024-12-18T10:06:12.247+0000] {processor.py:183} INFO - Processing /home/airflow/.local/lib/python3.12/site-packages/airflow/example_dags/tutorial_dag.py took 0.076 seconds
[2024-12-18T10:06:42.594+0000] {processor.py:161} INFO - Started process (PID=915) to work on /home/airflow/.local/lib/python3.12/site-packages/airflow/example_dags/tutorial_dag.py
[2024-12-18T10:06:42.597+0000] {processor.py:830} INFO - Processing file /home/airflow/.local/lib/python3.12/site-packages/airflow/example_dags/tutorial_dag.py for tasks to queue
[2024-12-18T10:06:42.600+0000] {logging_mixin.py:188} INFO - [2024-12-18T10:06:42.600+0000] {dagbag.py:545} INFO - Filling up the DagBag from /home/airflow/.local/lib/python3.12/site-packages/airflow/example_dags/tutorial_dag.py
[2024-12-18T10:06:42.608+0000] {processor.py:840} INFO - DAG(s) 'tutorial_dag' retrieved from /home/airflow/.local/lib/python3.12/site-packages/airflow/example_dags/tutorial_dag.py
[2024-12-18T10:06:42.629+0000] {logging_mixin.py:188} INFO - [2024-12-18T10:06:42.629+0000] {dag.py:3096} INFO - Sync 1 DAGs
[2024-12-18T10:06:42.642+0000] {logging_mixin.py:188} INFO - [2024-12-18T10:06:42.642+0000] {dag.py:3954} INFO - Setting next_dagrun for tutorial_dag to None, run_after=None
[2024-12-18T10:06:42.666+0000] {processor.py:183} INFO - Processing /home/airflow/.local/lib/python3.12/site-packages/airflow/example_dags/tutorial_dag.py took 0.077 seconds
[2024-12-18T10:07:13.165+0000] {processor.py:161} INFO - Started process (PID=973) to work on /home/airflow/.local/lib/python3.12/site-packages/airflow/example_dags/tutorial_dag.py
[2024-12-18T10:07:13.167+0000] {processor.py:830} INFO - Processing file /home/airflow/.local/lib/python3.12/site-packages/airflow/example_dags/tutorial_dag.py for tasks to queue
[2024-12-18T10:07:13.170+0000] {logging_mixin.py:188} INFO - [2024-12-18T10:07:13.169+0000] {dagbag.py:545} INFO - Filling up the DagBag from /home/airflow/.local/lib/python3.12/site-packages/airflow/example_dags/tutorial_dag.py
[2024-12-18T10:07:13.178+0000] {processor.py:840} INFO - DAG(s) 'tutorial_dag' retrieved from /home/airflow/.local/lib/python3.12/site-packages/airflow/example_dags/tutorial_dag.py
[2024-12-18T10:07:13.203+0000] {logging_mixin.py:188} INFO - [2024-12-18T10:07:13.203+0000] {dag.py:3096} INFO - Sync 1 DAGs
[2024-12-18T10:07:13.218+0000] {logging_mixin.py:188} INFO - [2024-12-18T10:07:13.218+0000] {dag.py:3954} INFO - Setting next_dagrun for tutorial_dag to None, run_after=None
[2024-12-18T10:07:13.243+0000] {processor.py:183} INFO - Processing /home/airflow/.local/lib/python3.12/site-packages/airflow/example_dags/tutorial_dag.py took 0.085 seconds
[2024-12-18T10:07:43.628+0000] {processor.py:161} INFO - Started process (PID=1031) to work on /home/airflow/.local/lib/python3.12/site-packages/airflow/example_dags/tutorial_dag.py
[2024-12-18T10:07:43.630+0000] {processor.py:830} INFO - Processing file /home/airflow/.local/lib/python3.12/site-packages/airflow/example_dags/tutorial_dag.py for tasks to queue
[2024-12-18T10:07:43.632+0000] {logging_mixin.py:188} INFO - [2024-12-18T10:07:43.632+0000] {dagbag.py:545} INFO - Filling up the DagBag from /home/airflow/.local/lib/python3.12/site-packages/airflow/example_dags/tutorial_dag.py
[2024-12-18T10:07:43.637+0000] {processor.py:840} INFO - DAG(s) 'tutorial_dag' retrieved from /home/airflow/.local/lib/python3.12/site-packages/airflow/example_dags/tutorial_dag.py
[2024-12-18T10:07:43.662+0000] {logging_mixin.py:188} INFO - [2024-12-18T10:07:43.662+0000] {dag.py:3096} INFO - Sync 1 DAGs
[2024-12-18T10:07:43.677+0000] {logging_mixin.py:188} INFO - [2024-12-18T10:07:43.676+0000] {dag.py:3954} INFO - Setting next_dagrun for tutorial_dag to None, run_after=None
[2024-12-18T10:07:43.705+0000] {processor.py:183} INFO - Processing /home/airflow/.local/lib/python3.12/site-packages/airflow/example_dags/tutorial_dag.py took 0.083 seconds
[2024-12-18T10:08:13.907+0000] {processor.py:161} INFO - Started process (PID=1089) to work on /home/airflow/.local/lib/python3.12/site-packages/airflow/example_dags/tutorial_dag.py
[2024-12-18T10:08:13.908+0000] {processor.py:830} INFO - Processing file /home/airflow/.local/lib/python3.12/site-packages/airflow/example_dags/tutorial_dag.py for tasks to queue
[2024-12-18T10:08:13.911+0000] {logging_mixin.py:188} INFO - [2024-12-18T10:08:13.910+0000] {dagbag.py:545} INFO - Filling up the DagBag from /home/airflow/.local/lib/python3.12/site-packages/airflow/example_dags/tutorial_dag.py
[2024-12-18T10:08:13.916+0000] {processor.py:840} INFO - DAG(s) 'tutorial_dag' retrieved from /home/airflow/.local/lib/python3.12/site-packages/airflow/example_dags/tutorial_dag.py
[2024-12-18T10:08:13.938+0000] {logging_mixin.py:188} INFO - [2024-12-18T10:08:13.938+0000] {dag.py:3096} INFO - Sync 1 DAGs
[2024-12-18T10:08:13.952+0000] {logging_mixin.py:188} INFO - [2024-12-18T10:08:13.952+0000] {dag.py:3954} INFO - Setting next_dagrun for tutorial_dag to None, run_after=None
[2024-12-18T10:08:13.977+0000] {processor.py:183} INFO - Processing /home/airflow/.local/lib/python3.12/site-packages/airflow/example_dags/tutorial_dag.py took 0.076 seconds
[2024-12-18T10:08:44.252+0000] {processor.py:161} INFO - Started process (PID=1147) to work on /home/airflow/.local/lib/python3.12/site-packages/airflow/example_dags/tutorial_dag.py
[2024-12-18T10:08:44.254+0000] {processor.py:830} INFO - Processing file /home/airflow/.local/lib/python3.12/site-packages/airflow/example_dags/tutorial_dag.py for tasks to queue
[2024-12-18T10:08:44.257+0000] {logging_mixin.py:188} INFO - [2024-12-18T10:08:44.257+0000] {dagbag.py:545} INFO - Filling up the DagBag from /home/airflow/.local/lib/python3.12/site-packages/airflow/example_dags/tutorial_dag.py
[2024-12-18T10:08:44.264+0000] {processor.py:840} INFO - DAG(s) 'tutorial_dag' retrieved from /home/airflow/.local/lib/python3.12/site-packages/airflow/example_dags/tutorial_dag.py
[2024-12-18T10:08:44.292+0000] {logging_mixin.py:188} INFO - [2024-12-18T10:08:44.292+0000] {dag.py:3096} INFO - Sync 1 DAGs
[2024-12-18T10:08:44.307+0000] {logging_mixin.py:188} INFO - [2024-12-18T10:08:44.307+0000] {dag.py:3954} INFO - Setting next_dagrun for tutorial_dag to None, run_after=None
[2024-12-18T10:08:44.334+0000] {processor.py:183} INFO - Processing /home/airflow/.local/lib/python3.12/site-packages/airflow/example_dags/tutorial_dag.py took 0.087 seconds
[2024-12-18T10:09:14.455+0000] {processor.py:161} INFO - Started process (PID=1205) to work on /home/airflow/.local/lib/python3.12/site-packages/airflow/example_dags/tutorial_dag.py
[2024-12-18T10:09:14.456+0000] {processor.py:830} INFO - Processing file /home/airflow/.local/lib/python3.12/site-packages/airflow/example_dags/tutorial_dag.py for tasks to queue
[2024-12-18T10:09:14.459+0000] {logging_mixin.py:188} INFO - [2024-12-18T10:09:14.458+0000] {dagbag.py:545} INFO - Filling up the DagBag from /home/airflow/.local/lib/python3.12/site-packages/airflow/example_dags/tutorial_dag.py
[2024-12-18T10:09:14.463+0000] {processor.py:840} INFO - DAG(s) 'tutorial_dag' retrieved from /home/airflow/.local/lib/python3.12/site-packages/airflow/example_dags/tutorial_dag.py
[2024-12-18T10:09:14.487+0000] {logging_mixin.py:188} INFO - [2024-12-18T10:09:14.487+0000] {dag.py:3096} INFO - Sync 1 DAGs
[2024-12-18T10:09:14.503+0000] {logging_mixin.py:188} INFO - [2024-12-18T10:09:14.502+0000] {dag.py:3954} INFO - Setting next_dagrun for tutorial_dag to None, run_after=None
[2024-12-18T10:09:14.529+0000] {processor.py:183} INFO - Processing /home/airflow/.local/lib/python3.12/site-packages/airflow/example_dags/tutorial_dag.py took 0.079 seconds
[2024-12-18T10:09:45.533+0000] {processor.py:161} INFO - Started process (PID=1263) to work on /home/airflow/.local/lib/python3.12/site-packages/airflow/example_dags/tutorial_dag.py
[2024-12-18T10:09:45.534+0000] {processor.py:830} INFO - Processing file /home/airflow/.local/lib/python3.12/site-packages/airflow/example_dags/tutorial_dag.py for tasks to queue
[2024-12-18T10:09:45.537+0000] {logging_mixin.py:188} INFO - [2024-12-18T10:09:45.536+0000] {dagbag.py:545} INFO - Filling up the DagBag from /home/airflow/.local/lib/python3.12/site-packages/airflow/example_dags/tutorial_dag.py
[2024-12-18T10:09:45.541+0000] {processor.py:840} INFO - DAG(s) 'tutorial_dag' retrieved from /home/airflow/.local/lib/python3.12/site-packages/airflow/example_dags/tutorial_dag.py
[2024-12-18T10:09:45.566+0000] {logging_mixin.py:188} INFO - [2024-12-18T10:09:45.565+0000] {dag.py:3096} INFO - Sync 1 DAGs
[2024-12-18T10:09:45.579+0000] {logging_mixin.py:188} INFO - [2024-12-18T10:09:45.578+0000] {dag.py:3954} INFO - Setting next_dagrun for tutorial_dag to None, run_after=None
[2024-12-18T10:09:45.605+0000] {processor.py:183} INFO - Processing /home/airflow/.local/lib/python3.12/site-packages/airflow/example_dags/tutorial_dag.py took 0.076 seconds
[2024-12-18T10:10:16.002+0000] {processor.py:161} INFO - Started process (PID=1321) to work on /home/airflow/.local/lib/python3.12/site-packages/airflow/example_dags/tutorial_dag.py
[2024-12-18T10:10:16.004+0000] {processor.py:830} INFO - Processing file /home/airflow/.local/lib/python3.12/site-packages/airflow/example_dags/tutorial_dag.py for tasks to queue
[2024-12-18T10:10:16.006+0000] {logging_mixin.py:188} INFO - [2024-12-18T10:10:16.006+0000] {dagbag.py:545} INFO - Filling up the DagBag from /home/airflow/.local/lib/python3.12/site-packages/airflow/example_dags/tutorial_dag.py
[2024-12-18T10:10:16.011+0000] {processor.py:840} INFO - DAG(s) 'tutorial_dag' retrieved from /home/airflow/.local/lib/python3.12/site-packages/airflow/example_dags/tutorial_dag.py
[2024-12-18T10:10:16.035+0000] {logging_mixin.py:188} INFO - [2024-12-18T10:10:16.035+0000] {dag.py:3096} INFO - Sync 1 DAGs
[2024-12-18T10:10:16.051+0000] {logging_mixin.py:188} INFO - [2024-12-18T10:10:16.051+0000] {dag.py:3954} INFO - Setting next_dagrun for tutorial_dag to None, run_after=None
[2024-12-18T10:10:16.081+0000] {processor.py:183} INFO - Processing /home/airflow/.local/lib/python3.12/site-packages/airflow/example_dags/tutorial_dag.py took 0.085 seconds
[2024-12-18T10:10:46.127+0000] {processor.py:161} INFO - Started process (PID=1378) to work on /home/airflow/.local/lib/python3.12/site-packages/airflow/example_dags/tutorial_dag.py
[2024-12-18T10:10:46.128+0000] {processor.py:830} INFO - Processing file /home/airflow/.local/lib/python3.12/site-packages/airflow/example_dags/tutorial_dag.py for tasks to queue
[2024-12-18T10:10:46.130+0000] {logging_mixin.py:188} INFO - [2024-12-18T10:10:46.130+0000] {dagbag.py:545} INFO - Filling up the DagBag from /home/airflow/.local/lib/python3.12/site-packages/airflow/example_dags/tutorial_dag.py
[2024-12-18T10:10:46.134+0000] {processor.py:840} INFO - DAG(s) 'tutorial_dag' retrieved from /home/airflow/.local/lib/python3.12/site-packages/airflow/example_dags/tutorial_dag.py
[2024-12-18T10:10:46.156+0000] {logging_mixin.py:188} INFO - [2024-12-18T10:10:46.155+0000] {dag.py:3096} INFO - Sync 1 DAGs
[2024-12-18T10:10:46.169+0000] {logging_mixin.py:188} INFO - [2024-12-18T10:10:46.169+0000] {dag.py:3954} INFO - Setting next_dagrun for tutorial_dag to None, run_after=None
[2024-12-18T10:10:46.200+0000] {processor.py:183} INFO - Processing /home/airflow/.local/lib/python3.12/site-packages/airflow/example_dags/tutorial_dag.py took 0.078 seconds
