[2024-12-24T17:32:58.400+0000] {local_task_job_runner.py:120} INFO - ::group::Pre task execution logs
[2024-12-24T17:32:58.431+0000] {taskinstance.py:2076} INFO - Dependencies all met for dep_context=non-requeueable deps ti=<TaskInstance: streaming_pipeline_only_data.simulation_data_with_image_speech manual__2024-12-24T17:32:54.069971+00:00 [queued]>
[2024-12-24T17:32:58.444+0000] {taskinstance.py:2076} INFO - Dependencies all met for dep_context=requeueable deps ti=<TaskInstance: streaming_pipeline_only_data.simulation_data_with_image_speech manual__2024-12-24T17:32:54.069971+00:00 [queued]>
[2024-12-24T17:32:58.444+0000] {taskinstance.py:2306} INFO - Starting attempt 1 of 1
[2024-12-24T17:32:58.462+0000] {taskinstance.py:2330} INFO - Executing <Task(PythonOperator): simulation_data_with_image_speech> on 2024-12-24 17:32:54.069971+00:00
[2024-12-24T17:32:58.469+0000] {standard_task_runner.py:63} INFO - Started process 19499 to run task
[2024-12-24T17:32:58.471+0000] {standard_task_runner.py:90} INFO - Running: ['***', 'tasks', 'run', 'streaming_pipeline_only_data', 'simulation_data_with_image_speech', 'manual__2024-12-24T17:32:54.069971+00:00', '--job-id', '306', '--raw', '--subdir', 'DAGS_FOLDER/pipeline_stream.py', '--cfg-path', '/tmp/tmp8dba72g_']
[2024-12-24T17:32:58.473+0000] {standard_task_runner.py:91} INFO - Job 306: Subtask simulation_data_with_image_speech
[2024-12-24T17:32:58.527+0000] {task_command.py:426} INFO - Running <TaskInstance: streaming_pipeline_only_data.simulation_data_with_image_speech manual__2024-12-24T17:32:54.069971+00:00 [running]> on host 0b4a5bf62610
[2024-12-24T17:32:58.616+0000] {taskinstance.py:2648} INFO - Exporting env vars: AIRFLOW_CTX_DAG_OWNER='***' AIRFLOW_CTX_DAG_ID='streaming_pipeline_only_data' AIRFLOW_CTX_TASK_ID='simulation_data_with_image_speech' AIRFLOW_CTX_EXECUTION_DATE='2024-12-24T17:32:54.069971+00:00' AIRFLOW_CTX_TRY_NUMBER='1' AIRFLOW_CTX_DAG_RUN_ID='manual__2024-12-24T17:32:54.069971+00:00'
[2024-12-24T17:32:58.618+0000] {taskinstance.py:430} INFO - ::endgroup::
[2024-12-24T17:32:58.910+0000] {logging_mixin.py:188} INFO - Not exists table: green_trip_raw_2024_03_01
[2024-12-24T17:32:58.928+0000] {logging_mixin.py:188} INFO - Created table: green_trip_raw_2024_03_01
[2024-12-24T17:32:58.939+0000] {logging_mixin.py:188} INFO - Insert 1 rows to green_trip_raw_2024_03_01
[2024-12-24T17:32:58.940+0000] {logging_mixin.py:188} INFO - Waiting for 1 seconds...
[2024-12-24T17:32:59.941+0000] {python.py:237} INFO - Done. Returned value was: None
[2024-12-24T17:32:59.943+0000] {taskinstance.py:441} INFO - ::group::Post task execution logs
[2024-12-24T17:32:59.955+0000] {taskinstance.py:1206} INFO - Marking task as SUCCESS. dag_id=streaming_pipeline_only_data, task_id=simulation_data_with_image_speech, run_id=manual__2024-12-24T17:32:54.069971+00:00, execution_date=20241224T173254, start_date=20241224T173258, end_date=20241224T173259
[2024-12-24T17:33:00.011+0000] {local_task_job_runner.py:240} INFO - Task exited with return code 0
[2024-12-24T17:33:00.028+0000] {taskinstance.py:3503} INFO - 0 downstream tasks scheduled from follow-on schedule check
[2024-12-24T17:33:00.031+0000] {local_task_job_runner.py:222} INFO - ::endgroup::
